[2022-02-21 00:58:49,084] {processor.py:163} INFO - Started process (PID=285) to work on /home/airflow/.local/lib/python3.7/site-packages/airflow/example_dags/example_task_group_decorator.py
[2022-02-21 00:58:49,086] {processor.py:642} INFO - Processing file /home/airflow/.local/lib/python3.7/site-packages/airflow/example_dags/example_task_group_decorator.py for tasks to queue
[2022-02-21 00:58:49,086] {logging_mixin.py:109} INFO - [2022-02-21 00:58:49,086] {dagbag.py:500} INFO - Filling up the DagBag from /home/airflow/.local/lib/python3.7/site-packages/airflow/example_dags/example_task_group_decorator.py
[2022-02-21 00:58:49,143] {processor.py:654} INFO - DAG(s) dict_keys(['example_task_group_decorator']) retrieved from /home/airflow/.local/lib/python3.7/site-packages/airflow/example_dags/example_task_group_decorator.py
[2022-02-21 00:58:51,592] {logging_mixin.py:109} INFO - [2022-02-21 00:58:51,592] {manager.py:496} INFO - Created Permission View: can edit on DAG:example_task_group_decorator
[2022-02-21 00:58:51,608] {logging_mixin.py:109} INFO - [2022-02-21 00:58:51,607] {manager.py:496} INFO - Created Permission View: can read on DAG:example_task_group_decorator
[2022-02-21 00:58:51,608] {logging_mixin.py:109} INFO - [2022-02-21 00:58:51,608] {dag.py:2396} INFO - Sync 1 DAGs
[2022-02-21 00:58:51,621] {logging_mixin.py:109} INFO - [2022-02-21 00:58:51,620] {dag.py:2415} INFO - Creating ORM DAG for example_task_group_decorator
[2022-02-21 00:58:51,635] {logging_mixin.py:109} INFO - [2022-02-21 00:58:51,634] {dag.py:2935} INFO - Setting next_dagrun for example_task_group_decorator to 2022-02-20T00:58:51.634714+00:00
[2022-02-21 00:58:51,654] {processor.py:171} INFO - Processing /home/airflow/.local/lib/python3.7/site-packages/airflow/example_dags/example_task_group_decorator.py took 2.574 seconds
[2022-02-21 00:59:21,987] {processor.py:163} INFO - Started process (PID=401) to work on /home/airflow/.local/lib/python3.7/site-packages/airflow/example_dags/example_task_group_decorator.py
[2022-02-21 00:59:21,988] {processor.py:642} INFO - Processing file /home/airflow/.local/lib/python3.7/site-packages/airflow/example_dags/example_task_group_decorator.py for tasks to queue
[2022-02-21 00:59:21,989] {logging_mixin.py:109} INFO - [2022-02-21 00:59:21,989] {dagbag.py:500} INFO - Filling up the DagBag from /home/airflow/.local/lib/python3.7/site-packages/airflow/example_dags/example_task_group_decorator.py
[2022-02-21 00:59:22,028] {processor.py:654} INFO - DAG(s) dict_keys(['example_task_group_decorator']) retrieved from /home/airflow/.local/lib/python3.7/site-packages/airflow/example_dags/example_task_group_decorator.py
[2022-02-21 00:59:22,243] {logging_mixin.py:109} INFO - [2022-02-21 00:59:22,243] {dag.py:2396} INFO - Sync 1 DAGs
[2022-02-21 00:59:22,255] {logging_mixin.py:109} INFO - [2022-02-21 00:59:22,255] {dag.py:2935} INFO - Setting next_dagrun for example_task_group_decorator to 2022-02-20T00:59:22.255049+00:00
[2022-02-21 00:59:22,271] {processor.py:171} INFO - Processing /home/airflow/.local/lib/python3.7/site-packages/airflow/example_dags/example_task_group_decorator.py took 0.289 seconds
[2022-02-21 00:59:53,166] {processor.py:163} INFO - Started process (PID=453) to work on /home/airflow/.local/lib/python3.7/site-packages/airflow/example_dags/example_task_group_decorator.py
[2022-02-21 00:59:53,167] {processor.py:642} INFO - Processing file /home/airflow/.local/lib/python3.7/site-packages/airflow/example_dags/example_task_group_decorator.py for tasks to queue
[2022-02-21 00:59:53,168] {logging_mixin.py:109} INFO - [2022-02-21 00:59:53,168] {dagbag.py:500} INFO - Filling up the DagBag from /home/airflow/.local/lib/python3.7/site-packages/airflow/example_dags/example_task_group_decorator.py
[2022-02-21 00:59:53,218] {processor.py:654} INFO - DAG(s) dict_keys(['example_task_group_decorator']) retrieved from /home/airflow/.local/lib/python3.7/site-packages/airflow/example_dags/example_task_group_decorator.py
[2022-02-21 00:59:53,437] {logging_mixin.py:109} INFO - [2022-02-21 00:59:53,437] {dag.py:2396} INFO - Sync 1 DAGs
[2022-02-21 00:59:53,448] {logging_mixin.py:109} INFO - [2022-02-21 00:59:53,448] {dag.py:2935} INFO - Setting next_dagrun for example_task_group_decorator to 2022-02-20T00:59:53.448290+00:00
[2022-02-21 00:59:53,460] {processor.py:171} INFO - Processing /home/airflow/.local/lib/python3.7/site-packages/airflow/example_dags/example_task_group_decorator.py took 0.296 seconds
[2022-02-21 01:00:24,108] {processor.py:163} INFO - Started process (PID=513) to work on /home/airflow/.local/lib/python3.7/site-packages/airflow/example_dags/example_task_group_decorator.py
[2022-02-21 01:00:24,110] {processor.py:642} INFO - Processing file /home/airflow/.local/lib/python3.7/site-packages/airflow/example_dags/example_task_group_decorator.py for tasks to queue
[2022-02-21 01:00:24,111] {logging_mixin.py:109} INFO - [2022-02-21 01:00:24,111] {dagbag.py:500} INFO - Filling up the DagBag from /home/airflow/.local/lib/python3.7/site-packages/airflow/example_dags/example_task_group_decorator.py
[2022-02-21 01:00:24,180] {processor.py:654} INFO - DAG(s) dict_keys(['example_task_group_decorator']) retrieved from /home/airflow/.local/lib/python3.7/site-packages/airflow/example_dags/example_task_group_decorator.py
[2022-02-21 01:00:24,618] {logging_mixin.py:109} INFO - [2022-02-21 01:00:24,617] {dag.py:2396} INFO - Sync 1 DAGs
[2022-02-21 01:00:24,638] {logging_mixin.py:109} INFO - [2022-02-21 01:00:24,638] {dag.py:2935} INFO - Setting next_dagrun for example_task_group_decorator to 2022-02-20T01:00:24.637867+00:00
[2022-02-21 01:00:24,653] {processor.py:171} INFO - Processing /home/airflow/.local/lib/python3.7/site-packages/airflow/example_dags/example_task_group_decorator.py took 0.551 seconds
[2022-02-21 01:00:55,357] {processor.py:163} INFO - Started process (PID=566) to work on /home/airflow/.local/lib/python3.7/site-packages/airflow/example_dags/example_task_group_decorator.py
[2022-02-21 01:00:55,361] {processor.py:642} INFO - Processing file /home/airflow/.local/lib/python3.7/site-packages/airflow/example_dags/example_task_group_decorator.py for tasks to queue
[2022-02-21 01:00:55,362] {logging_mixin.py:109} INFO - [2022-02-21 01:00:55,362] {dagbag.py:500} INFO - Filling up the DagBag from /home/airflow/.local/lib/python3.7/site-packages/airflow/example_dags/example_task_group_decorator.py
[2022-02-21 01:00:55,396] {processor.py:654} INFO - DAG(s) dict_keys(['example_task_group_decorator']) retrieved from /home/airflow/.local/lib/python3.7/site-packages/airflow/example_dags/example_task_group_decorator.py
[2022-02-21 01:00:55,608] {logging_mixin.py:109} INFO - [2022-02-21 01:00:55,608] {dag.py:2396} INFO - Sync 1 DAGs
[2022-02-21 01:00:55,620] {logging_mixin.py:109} INFO - [2022-02-21 01:00:55,619] {dag.py:2935} INFO - Setting next_dagrun for example_task_group_decorator to 2022-02-20T01:00:55.619751+00:00
[2022-02-21 01:00:55,631] {processor.py:171} INFO - Processing /home/airflow/.local/lib/python3.7/site-packages/airflow/example_dags/example_task_group_decorator.py took 0.277 seconds
[2022-02-21 01:01:26,468] {processor.py:163} INFO - Started process (PID=617) to work on /home/airflow/.local/lib/python3.7/site-packages/airflow/example_dags/example_task_group_decorator.py
[2022-02-21 01:01:26,469] {processor.py:642} INFO - Processing file /home/airflow/.local/lib/python3.7/site-packages/airflow/example_dags/example_task_group_decorator.py for tasks to queue
[2022-02-21 01:01:26,469] {logging_mixin.py:109} INFO - [2022-02-21 01:01:26,469] {dagbag.py:500} INFO - Filling up the DagBag from /home/airflow/.local/lib/python3.7/site-packages/airflow/example_dags/example_task_group_decorator.py
[2022-02-21 01:01:26,510] {processor.py:654} INFO - DAG(s) dict_keys(['example_task_group_decorator']) retrieved from /home/airflow/.local/lib/python3.7/site-packages/airflow/example_dags/example_task_group_decorator.py
[2022-02-21 01:01:26,784] {logging_mixin.py:109} INFO - [2022-02-21 01:01:26,784] {dag.py:2396} INFO - Sync 1 DAGs
[2022-02-21 01:01:26,798] {logging_mixin.py:109} INFO - [2022-02-21 01:01:26,798] {dag.py:2935} INFO - Setting next_dagrun for example_task_group_decorator to 2022-02-20T01:01:26.798329+00:00
[2022-02-21 01:01:26,816] {processor.py:171} INFO - Processing /home/airflow/.local/lib/python3.7/site-packages/airflow/example_dags/example_task_group_decorator.py took 0.351 seconds
[2022-02-21 01:01:57,635] {processor.py:163} INFO - Started process (PID=677) to work on /home/airflow/.local/lib/python3.7/site-packages/airflow/example_dags/example_task_group_decorator.py
[2022-02-21 01:01:57,636] {processor.py:642} INFO - Processing file /home/airflow/.local/lib/python3.7/site-packages/airflow/example_dags/example_task_group_decorator.py for tasks to queue
[2022-02-21 01:01:57,637] {logging_mixin.py:109} INFO - [2022-02-21 01:01:57,637] {dagbag.py:500} INFO - Filling up the DagBag from /home/airflow/.local/lib/python3.7/site-packages/airflow/example_dags/example_task_group_decorator.py
[2022-02-21 01:01:57,675] {processor.py:654} INFO - DAG(s) dict_keys(['example_task_group_decorator']) retrieved from /home/airflow/.local/lib/python3.7/site-packages/airflow/example_dags/example_task_group_decorator.py
[2022-02-21 01:01:57,919] {logging_mixin.py:109} INFO - [2022-02-21 01:01:57,919] {dag.py:2396} INFO - Sync 1 DAGs
[2022-02-21 01:01:57,932] {logging_mixin.py:109} INFO - [2022-02-21 01:01:57,931] {dag.py:2935} INFO - Setting next_dagrun for example_task_group_decorator to 2022-02-20T01:01:57.931717+00:00
[2022-02-21 01:01:57,948] {processor.py:171} INFO - Processing /home/airflow/.local/lib/python3.7/site-packages/airflow/example_dags/example_task_group_decorator.py took 0.316 seconds
[2022-02-21 01:02:28,030] {processor.py:163} INFO - Started process (PID=727) to work on /home/airflow/.local/lib/python3.7/site-packages/airflow/example_dags/example_task_group_decorator.py
[2022-02-21 01:02:28,032] {processor.py:642} INFO - Processing file /home/airflow/.local/lib/python3.7/site-packages/airflow/example_dags/example_task_group_decorator.py for tasks to queue
[2022-02-21 01:02:28,032] {logging_mixin.py:109} INFO - [2022-02-21 01:02:28,032] {dagbag.py:500} INFO - Filling up the DagBag from /home/airflow/.local/lib/python3.7/site-packages/airflow/example_dags/example_task_group_decorator.py
[2022-02-21 01:02:28,077] {processor.py:654} INFO - DAG(s) dict_keys(['example_task_group_decorator']) retrieved from /home/airflow/.local/lib/python3.7/site-packages/airflow/example_dags/example_task_group_decorator.py
[2022-02-21 01:02:28,385] {logging_mixin.py:109} INFO - [2022-02-21 01:02:28,385] {dag.py:2396} INFO - Sync 1 DAGs
[2022-02-21 01:02:28,400] {logging_mixin.py:109} INFO - [2022-02-21 01:02:28,400] {dag.py:2935} INFO - Setting next_dagrun for example_task_group_decorator to 2022-02-20T01:02:28.400192+00:00
[2022-02-21 01:02:28,414] {processor.py:171} INFO - Processing /home/airflow/.local/lib/python3.7/site-packages/airflow/example_dags/example_task_group_decorator.py took 0.387 seconds
[2022-02-21 01:02:59,202] {processor.py:163} INFO - Started process (PID=778) to work on /home/airflow/.local/lib/python3.7/site-packages/airflow/example_dags/example_task_group_decorator.py
[2022-02-21 01:02:59,204] {processor.py:642} INFO - Processing file /home/airflow/.local/lib/python3.7/site-packages/airflow/example_dags/example_task_group_decorator.py for tasks to queue
[2022-02-21 01:02:59,204] {logging_mixin.py:109} INFO - [2022-02-21 01:02:59,204] {dagbag.py:500} INFO - Filling up the DagBag from /home/airflow/.local/lib/python3.7/site-packages/airflow/example_dags/example_task_group_decorator.py
[2022-02-21 01:02:59,238] {processor.py:654} INFO - DAG(s) dict_keys(['example_task_group_decorator']) retrieved from /home/airflow/.local/lib/python3.7/site-packages/airflow/example_dags/example_task_group_decorator.py
[2022-02-21 01:02:59,494] {logging_mixin.py:109} INFO - [2022-02-21 01:02:59,494] {dag.py:2396} INFO - Sync 1 DAGs
[2022-02-21 01:02:59,508] {logging_mixin.py:109} INFO - [2022-02-21 01:02:59,508] {dag.py:2935} INFO - Setting next_dagrun for example_task_group_decorator to 2022-02-20T01:02:59.507941+00:00
[2022-02-21 01:02:59,524] {processor.py:171} INFO - Processing /home/airflow/.local/lib/python3.7/site-packages/airflow/example_dags/example_task_group_decorator.py took 0.325 seconds
[2022-02-21 01:03:29,603] {processor.py:163} INFO - Started process (PID=839) to work on /home/airflow/.local/lib/python3.7/site-packages/airflow/example_dags/example_task_group_decorator.py
[2022-02-21 01:03:29,604] {processor.py:642} INFO - Processing file /home/airflow/.local/lib/python3.7/site-packages/airflow/example_dags/example_task_group_decorator.py for tasks to queue
[2022-02-21 01:03:29,604] {logging_mixin.py:109} INFO - [2022-02-21 01:03:29,604] {dagbag.py:500} INFO - Filling up the DagBag from /home/airflow/.local/lib/python3.7/site-packages/airflow/example_dags/example_task_group_decorator.py
[2022-02-21 01:03:29,637] {processor.py:654} INFO - DAG(s) dict_keys(['example_task_group_decorator']) retrieved from /home/airflow/.local/lib/python3.7/site-packages/airflow/example_dags/example_task_group_decorator.py
[2022-02-21 01:03:29,847] {logging_mixin.py:109} INFO - [2022-02-21 01:03:29,847] {dag.py:2396} INFO - Sync 1 DAGs
[2022-02-21 01:03:29,857] {logging_mixin.py:109} INFO - [2022-02-21 01:03:29,857] {dag.py:2935} INFO - Setting next_dagrun for example_task_group_decorator to 2022-02-20T01:03:29.857365+00:00
[2022-02-21 01:03:29,872] {processor.py:171} INFO - Processing /home/airflow/.local/lib/python3.7/site-packages/airflow/example_dags/example_task_group_decorator.py took 0.272 seconds
[2022-02-21 01:04:00,806] {processor.py:163} INFO - Started process (PID=890) to work on /home/airflow/.local/lib/python3.7/site-packages/airflow/example_dags/example_task_group_decorator.py
[2022-02-21 01:04:00,811] {processor.py:642} INFO - Processing file /home/airflow/.local/lib/python3.7/site-packages/airflow/example_dags/example_task_group_decorator.py for tasks to queue
[2022-02-21 01:04:00,812] {logging_mixin.py:109} INFO - [2022-02-21 01:04:00,812] {dagbag.py:500} INFO - Filling up the DagBag from /home/airflow/.local/lib/python3.7/site-packages/airflow/example_dags/example_task_group_decorator.py
[2022-02-21 01:04:00,861] {processor.py:654} INFO - DAG(s) dict_keys(['example_task_group_decorator']) retrieved from /home/airflow/.local/lib/python3.7/site-packages/airflow/example_dags/example_task_group_decorator.py
[2022-02-21 01:04:01,178] {logging_mixin.py:109} INFO - [2022-02-21 01:04:01,178] {dag.py:2396} INFO - Sync 1 DAGs
[2022-02-21 01:04:01,193] {logging_mixin.py:109} INFO - [2022-02-21 01:04:01,193] {dag.py:2935} INFO - Setting next_dagrun for example_task_group_decorator to 2022-02-20T01:04:01.193106+00:00
[2022-02-21 01:04:01,211] {processor.py:171} INFO - Processing /home/airflow/.local/lib/python3.7/site-packages/airflow/example_dags/example_task_group_decorator.py took 0.409 seconds
[2022-02-21 01:04:31,424] {processor.py:163} INFO - Started process (PID=941) to work on /home/airflow/.local/lib/python3.7/site-packages/airflow/example_dags/example_task_group_decorator.py
[2022-02-21 01:04:31,426] {processor.py:642} INFO - Processing file /home/airflow/.local/lib/python3.7/site-packages/airflow/example_dags/example_task_group_decorator.py for tasks to queue
[2022-02-21 01:04:31,428] {logging_mixin.py:109} INFO - [2022-02-21 01:04:31,428] {dagbag.py:500} INFO - Filling up the DagBag from /home/airflow/.local/lib/python3.7/site-packages/airflow/example_dags/example_task_group_decorator.py
[2022-02-21 01:04:31,509] {processor.py:654} INFO - DAG(s) dict_keys(['example_task_group_decorator']) retrieved from /home/airflow/.local/lib/python3.7/site-packages/airflow/example_dags/example_task_group_decorator.py
[2022-02-21 01:04:31,997] {logging_mixin.py:109} INFO - [2022-02-21 01:04:31,996] {dag.py:2396} INFO - Sync 1 DAGs
[2022-02-21 01:04:32,016] {logging_mixin.py:109} INFO - [2022-02-21 01:04:32,016] {dag.py:2935} INFO - Setting next_dagrun for example_task_group_decorator to 2022-02-20T01:04:32.016388+00:00
[2022-02-21 01:04:32,032] {processor.py:171} INFO - Processing /home/airflow/.local/lib/python3.7/site-packages/airflow/example_dags/example_task_group_decorator.py took 0.613 seconds
[2022-02-21 01:05:03,018] {processor.py:163} INFO - Started process (PID=993) to work on /home/airflow/.local/lib/python3.7/site-packages/airflow/example_dags/example_task_group_decorator.py
[2022-02-21 01:05:03,020] {processor.py:642} INFO - Processing file /home/airflow/.local/lib/python3.7/site-packages/airflow/example_dags/example_task_group_decorator.py for tasks to queue
[2022-02-21 01:05:03,020] {logging_mixin.py:109} INFO - [2022-02-21 01:05:03,020] {dagbag.py:500} INFO - Filling up the DagBag from /home/airflow/.local/lib/python3.7/site-packages/airflow/example_dags/example_task_group_decorator.py
[2022-02-21 01:05:03,060] {processor.py:654} INFO - DAG(s) dict_keys(['example_task_group_decorator']) retrieved from /home/airflow/.local/lib/python3.7/site-packages/airflow/example_dags/example_task_group_decorator.py
[2022-02-21 01:05:03,303] {logging_mixin.py:109} INFO - [2022-02-21 01:05:03,303] {dag.py:2396} INFO - Sync 1 DAGs
[2022-02-21 01:05:03,316] {logging_mixin.py:109} INFO - [2022-02-21 01:05:03,316] {dag.py:2935} INFO - Setting next_dagrun for example_task_group_decorator to 2022-02-20T01:05:03.316322+00:00
[2022-02-21 01:05:03,328] {processor.py:171} INFO - Processing /home/airflow/.local/lib/python3.7/site-packages/airflow/example_dags/example_task_group_decorator.py took 0.313 seconds
[2022-02-21 01:05:34,174] {processor.py:163} INFO - Started process (PID=1054) to work on /home/airflow/.local/lib/python3.7/site-packages/airflow/example_dags/example_task_group_decorator.py
[2022-02-21 01:05:34,176] {processor.py:642} INFO - Processing file /home/airflow/.local/lib/python3.7/site-packages/airflow/example_dags/example_task_group_decorator.py for tasks to queue
[2022-02-21 01:05:34,177] {logging_mixin.py:109} INFO - [2022-02-21 01:05:34,177] {dagbag.py:500} INFO - Filling up the DagBag from /home/airflow/.local/lib/python3.7/site-packages/airflow/example_dags/example_task_group_decorator.py
[2022-02-21 01:05:34,223] {processor.py:654} INFO - DAG(s) dict_keys(['example_task_group_decorator']) retrieved from /home/airflow/.local/lib/python3.7/site-packages/airflow/example_dags/example_task_group_decorator.py
[2022-02-21 01:05:34,592] {logging_mixin.py:109} INFO - [2022-02-21 01:05:34,591] {dag.py:2396} INFO - Sync 1 DAGs
[2022-02-21 01:05:34,616] {logging_mixin.py:109} INFO - [2022-02-21 01:05:34,615] {dag.py:2935} INFO - Setting next_dagrun for example_task_group_decorator to 2022-02-20T01:05:34.615616+00:00
[2022-02-21 01:05:34,633] {processor.py:171} INFO - Processing /home/airflow/.local/lib/python3.7/site-packages/airflow/example_dags/example_task_group_decorator.py took 0.463 seconds
[2022-02-21 01:06:05,599] {processor.py:163} INFO - Started process (PID=1104) to work on /home/airflow/.local/lib/python3.7/site-packages/airflow/example_dags/example_task_group_decorator.py
[2022-02-21 01:06:05,601] {processor.py:642} INFO - Processing file /home/airflow/.local/lib/python3.7/site-packages/airflow/example_dags/example_task_group_decorator.py for tasks to queue
[2022-02-21 01:06:05,601] {logging_mixin.py:109} INFO - [2022-02-21 01:06:05,601] {dagbag.py:500} INFO - Filling up the DagBag from /home/airflow/.local/lib/python3.7/site-packages/airflow/example_dags/example_task_group_decorator.py
[2022-02-21 01:06:05,642] {processor.py:654} INFO - DAG(s) dict_keys(['example_task_group_decorator']) retrieved from /home/airflow/.local/lib/python3.7/site-packages/airflow/example_dags/example_task_group_decorator.py
[2022-02-21 01:06:05,872] {logging_mixin.py:109} INFO - [2022-02-21 01:06:05,872] {dag.py:2396} INFO - Sync 1 DAGs
[2022-02-21 01:06:05,886] {logging_mixin.py:109} INFO - [2022-02-21 01:06:05,886] {dag.py:2935} INFO - Setting next_dagrun for example_task_group_decorator to 2022-02-20T01:06:05.886486+00:00
[2022-02-21 01:06:05,900] {processor.py:171} INFO - Processing /home/airflow/.local/lib/python3.7/site-packages/airflow/example_dags/example_task_group_decorator.py took 0.303 seconds
[2022-02-21 01:06:36,039] {processor.py:163} INFO - Started process (PID=1155) to work on /home/airflow/.local/lib/python3.7/site-packages/airflow/example_dags/example_task_group_decorator.py
[2022-02-21 01:06:36,042] {processor.py:642} INFO - Processing file /home/airflow/.local/lib/python3.7/site-packages/airflow/example_dags/example_task_group_decorator.py for tasks to queue
[2022-02-21 01:06:36,044] {logging_mixin.py:109} INFO - [2022-02-21 01:06:36,043] {dagbag.py:500} INFO - Filling up the DagBag from /home/airflow/.local/lib/python3.7/site-packages/airflow/example_dags/example_task_group_decorator.py
[2022-02-21 01:06:36,093] {processor.py:654} INFO - DAG(s) dict_keys(['example_task_group_decorator']) retrieved from /home/airflow/.local/lib/python3.7/site-packages/airflow/example_dags/example_task_group_decorator.py
[2022-02-21 01:06:36,364] {logging_mixin.py:109} INFO - [2022-02-21 01:06:36,364] {dag.py:2396} INFO - Sync 1 DAGs
[2022-02-21 01:06:36,378] {logging_mixin.py:109} INFO - [2022-02-21 01:06:36,378] {dag.py:2935} INFO - Setting next_dagrun for example_task_group_decorator to 2022-02-20T01:06:36.378031+00:00
[2022-02-21 01:06:36,394] {processor.py:171} INFO - Processing /home/airflow/.local/lib/python3.7/site-packages/airflow/example_dags/example_task_group_decorator.py took 0.367 seconds
[2022-02-21 01:07:07,217] {processor.py:163} INFO - Started process (PID=1205) to work on /home/airflow/.local/lib/python3.7/site-packages/airflow/example_dags/example_task_group_decorator.py
[2022-02-21 01:07:07,223] {processor.py:642} INFO - Processing file /home/airflow/.local/lib/python3.7/site-packages/airflow/example_dags/example_task_group_decorator.py for tasks to queue
[2022-02-21 01:07:07,223] {logging_mixin.py:109} INFO - [2022-02-21 01:07:07,223] {dagbag.py:500} INFO - Filling up the DagBag from /home/airflow/.local/lib/python3.7/site-packages/airflow/example_dags/example_task_group_decorator.py
[2022-02-21 01:07:07,263] {processor.py:654} INFO - DAG(s) dict_keys(['example_task_group_decorator']) retrieved from /home/airflow/.local/lib/python3.7/site-packages/airflow/example_dags/example_task_group_decorator.py
[2022-02-21 01:07:07,523] {logging_mixin.py:109} INFO - [2022-02-21 01:07:07,523] {dag.py:2396} INFO - Sync 1 DAGs
[2022-02-21 01:07:07,537] {logging_mixin.py:109} INFO - [2022-02-21 01:07:07,537] {dag.py:2935} INFO - Setting next_dagrun for example_task_group_decorator to 2022-02-20T01:07:07.537477+00:00
[2022-02-21 01:07:07,557] {processor.py:171} INFO - Processing /home/airflow/.local/lib/python3.7/site-packages/airflow/example_dags/example_task_group_decorator.py took 0.344 seconds
[2022-02-21 01:07:37,960] {processor.py:163} INFO - Started process (PID=1265) to work on /home/airflow/.local/lib/python3.7/site-packages/airflow/example_dags/example_task_group_decorator.py
[2022-02-21 01:07:37,961] {processor.py:642} INFO - Processing file /home/airflow/.local/lib/python3.7/site-packages/airflow/example_dags/example_task_group_decorator.py for tasks to queue
[2022-02-21 01:07:37,962] {logging_mixin.py:109} INFO - [2022-02-21 01:07:37,962] {dagbag.py:500} INFO - Filling up the DagBag from /home/airflow/.local/lib/python3.7/site-packages/airflow/example_dags/example_task_group_decorator.py
[2022-02-21 01:07:37,997] {processor.py:654} INFO - DAG(s) dict_keys(['example_task_group_decorator']) retrieved from /home/airflow/.local/lib/python3.7/site-packages/airflow/example_dags/example_task_group_decorator.py
[2022-02-21 01:07:38,220] {logging_mixin.py:109} INFO - [2022-02-21 01:07:38,220] {dag.py:2396} INFO - Sync 1 DAGs
[2022-02-21 01:07:38,235] {logging_mixin.py:109} INFO - [2022-02-21 01:07:38,235] {dag.py:2935} INFO - Setting next_dagrun for example_task_group_decorator to 2022-02-20T01:07:38.235392+00:00
[2022-02-21 01:07:38,251] {processor.py:171} INFO - Processing /home/airflow/.local/lib/python3.7/site-packages/airflow/example_dags/example_task_group_decorator.py took 0.293 seconds
[2022-02-21 01:08:09,138] {processor.py:163} INFO - Started process (PID=1318) to work on /home/airflow/.local/lib/python3.7/site-packages/airflow/example_dags/example_task_group_decorator.py
[2022-02-21 01:08:09,140] {processor.py:642} INFO - Processing file /home/airflow/.local/lib/python3.7/site-packages/airflow/example_dags/example_task_group_decorator.py for tasks to queue
[2022-02-21 01:08:09,140] {logging_mixin.py:109} INFO - [2022-02-21 01:08:09,140] {dagbag.py:500} INFO - Filling up the DagBag from /home/airflow/.local/lib/python3.7/site-packages/airflow/example_dags/example_task_group_decorator.py
[2022-02-21 01:08:09,186] {processor.py:654} INFO - DAG(s) dict_keys(['example_task_group_decorator']) retrieved from /home/airflow/.local/lib/python3.7/site-packages/airflow/example_dags/example_task_group_decorator.py
[2022-02-21 01:08:09,510] {logging_mixin.py:109} INFO - [2022-02-21 01:08:09,510] {dag.py:2396} INFO - Sync 1 DAGs
[2022-02-21 01:08:09,527] {logging_mixin.py:109} INFO - [2022-02-21 01:08:09,526] {dag.py:2935} INFO - Setting next_dagrun for example_task_group_decorator to 2022-02-20T01:08:09.526628+00:00
[2022-02-21 01:08:09,545] {processor.py:171} INFO - Processing /home/airflow/.local/lib/python3.7/site-packages/airflow/example_dags/example_task_group_decorator.py took 0.410 seconds
[2022-02-21 01:08:40,402] {processor.py:163} INFO - Started process (PID=1376) to work on /home/airflow/.local/lib/python3.7/site-packages/airflow/example_dags/example_task_group_decorator.py
[2022-02-21 01:08:40,404] {processor.py:642} INFO - Processing file /home/airflow/.local/lib/python3.7/site-packages/airflow/example_dags/example_task_group_decorator.py for tasks to queue
[2022-02-21 01:08:40,406] {logging_mixin.py:109} INFO - [2022-02-21 01:08:40,405] {dagbag.py:500} INFO - Filling up the DagBag from /home/airflow/.local/lib/python3.7/site-packages/airflow/example_dags/example_task_group_decorator.py
[2022-02-21 01:08:40,503] {processor.py:654} INFO - DAG(s) dict_keys(['example_task_group_decorator']) retrieved from /home/airflow/.local/lib/python3.7/site-packages/airflow/example_dags/example_task_group_decorator.py
[2022-02-21 01:08:41,151] {logging_mixin.py:109} INFO - [2022-02-21 01:08:41,151] {dag.py:2396} INFO - Sync 1 DAGs
[2022-02-21 01:08:41,179] {logging_mixin.py:109} INFO - [2022-02-21 01:08:41,179] {dag.py:2935} INFO - Setting next_dagrun for example_task_group_decorator to 2022-02-20T01:08:41.178642+00:00
[2022-02-21 01:08:41,202] {processor.py:171} INFO - Processing /home/airflow/.local/lib/python3.7/site-packages/airflow/example_dags/example_task_group_decorator.py took 0.806 seconds
[2022-02-21 01:09:11,777] {processor.py:163} INFO - Started process (PID=1429) to work on /home/airflow/.local/lib/python3.7/site-packages/airflow/example_dags/example_task_group_decorator.py
[2022-02-21 01:09:11,779] {processor.py:642} INFO - Processing file /home/airflow/.local/lib/python3.7/site-packages/airflow/example_dags/example_task_group_decorator.py for tasks to queue
[2022-02-21 01:09:11,779] {logging_mixin.py:109} INFO - [2022-02-21 01:09:11,779] {dagbag.py:500} INFO - Filling up the DagBag from /home/airflow/.local/lib/python3.7/site-packages/airflow/example_dags/example_task_group_decorator.py
[2022-02-21 01:09:11,817] {processor.py:654} INFO - DAG(s) dict_keys(['example_task_group_decorator']) retrieved from /home/airflow/.local/lib/python3.7/site-packages/airflow/example_dags/example_task_group_decorator.py
[2022-02-21 01:09:12,076] {logging_mixin.py:109} INFO - [2022-02-21 01:09:12,076] {dag.py:2396} INFO - Sync 1 DAGs
[2022-02-21 01:09:12,090] {logging_mixin.py:109} INFO - [2022-02-21 01:09:12,090] {dag.py:2935} INFO - Setting next_dagrun for example_task_group_decorator to 2022-02-20T01:09:12.090217+00:00
[2022-02-21 01:09:12,102] {processor.py:171} INFO - Processing /home/airflow/.local/lib/python3.7/site-packages/airflow/example_dags/example_task_group_decorator.py took 0.327 seconds
[2022-02-21 01:09:43,075] {processor.py:163} INFO - Started process (PID=1484) to work on /home/airflow/.local/lib/python3.7/site-packages/airflow/example_dags/example_task_group_decorator.py
[2022-02-21 01:09:43,080] {processor.py:642} INFO - Processing file /home/airflow/.local/lib/python3.7/site-packages/airflow/example_dags/example_task_group_decorator.py for tasks to queue
[2022-02-21 01:09:43,081] {logging_mixin.py:109} INFO - [2022-02-21 01:09:43,081] {dagbag.py:500} INFO - Filling up the DagBag from /home/airflow/.local/lib/python3.7/site-packages/airflow/example_dags/example_task_group_decorator.py
[2022-02-21 01:09:43,127] {processor.py:654} INFO - DAG(s) dict_keys(['example_task_group_decorator']) retrieved from /home/airflow/.local/lib/python3.7/site-packages/airflow/example_dags/example_task_group_decorator.py
[2022-02-21 01:09:43,432] {logging_mixin.py:109} INFO - [2022-02-21 01:09:43,432] {dag.py:2396} INFO - Sync 1 DAGs
[2022-02-21 01:09:43,449] {logging_mixin.py:109} INFO - [2022-02-21 01:09:43,448] {dag.py:2935} INFO - Setting next_dagrun for example_task_group_decorator to 2022-02-20T01:09:43.448625+00:00
[2022-02-21 01:09:43,462] {processor.py:171} INFO - Processing /home/airflow/.local/lib/python3.7/site-packages/airflow/example_dags/example_task_group_decorator.py took 0.390 seconds
[2022-02-21 01:10:13,796] {processor.py:163} INFO - Started process (PID=1535) to work on /home/airflow/.local/lib/python3.7/site-packages/airflow/example_dags/example_task_group_decorator.py
[2022-02-21 01:10:13,798] {processor.py:642} INFO - Processing file /home/airflow/.local/lib/python3.7/site-packages/airflow/example_dags/example_task_group_decorator.py for tasks to queue
[2022-02-21 01:10:13,798] {logging_mixin.py:109} INFO - [2022-02-21 01:10:13,798] {dagbag.py:500} INFO - Filling up the DagBag from /home/airflow/.local/lib/python3.7/site-packages/airflow/example_dags/example_task_group_decorator.py
[2022-02-21 01:10:13,868] {processor.py:654} INFO - DAG(s) dict_keys(['example_task_group_decorator']) retrieved from /home/airflow/.local/lib/python3.7/site-packages/airflow/example_dags/example_task_group_decorator.py
[2022-02-21 01:10:14,476] {logging_mixin.py:109} INFO - [2022-02-21 01:10:14,476] {dag.py:2396} INFO - Sync 1 DAGs
[2022-02-21 01:10:14,516] {logging_mixin.py:109} INFO - [2022-02-21 01:10:14,516] {dag.py:2935} INFO - Setting next_dagrun for example_task_group_decorator to 2022-02-20T01:10:14.515941+00:00
[2022-02-21 01:10:14,545] {processor.py:171} INFO - Processing /home/airflow/.local/lib/python3.7/site-packages/airflow/example_dags/example_task_group_decorator.py took 0.755 seconds
[2022-02-21 01:10:45,047] {processor.py:163} INFO - Started process (PID=1585) to work on /home/airflow/.local/lib/python3.7/site-packages/airflow/example_dags/example_task_group_decorator.py
[2022-02-21 01:10:45,052] {processor.py:642} INFO - Processing file /home/airflow/.local/lib/python3.7/site-packages/airflow/example_dags/example_task_group_decorator.py for tasks to queue
[2022-02-21 01:10:45,053] {logging_mixin.py:109} INFO - [2022-02-21 01:10:45,053] {dagbag.py:500} INFO - Filling up the DagBag from /home/airflow/.local/lib/python3.7/site-packages/airflow/example_dags/example_task_group_decorator.py
[2022-02-21 01:10:45,108] {processor.py:654} INFO - DAG(s) dict_keys(['example_task_group_decorator']) retrieved from /home/airflow/.local/lib/python3.7/site-packages/airflow/example_dags/example_task_group_decorator.py
[2022-02-21 01:10:45,619] {logging_mixin.py:109} INFO - [2022-02-21 01:10:45,618] {dag.py:2396} INFO - Sync 1 DAGs
[2022-02-21 01:10:45,649] {logging_mixin.py:109} INFO - [2022-02-21 01:10:45,648] {dag.py:2935} INFO - Setting next_dagrun for example_task_group_decorator to 2022-02-20T01:10:45.648467+00:00
[2022-02-21 01:10:45,668] {processor.py:171} INFO - Processing /home/airflow/.local/lib/python3.7/site-packages/airflow/example_dags/example_task_group_decorator.py took 0.625 seconds
[2022-02-21 01:11:15,935] {processor.py:163} INFO - Started process (PID=1646) to work on /home/airflow/.local/lib/python3.7/site-packages/airflow/example_dags/example_task_group_decorator.py
[2022-02-21 01:11:15,936] {processor.py:642} INFO - Processing file /home/airflow/.local/lib/python3.7/site-packages/airflow/example_dags/example_task_group_decorator.py for tasks to queue
[2022-02-21 01:11:15,937] {logging_mixin.py:109} INFO - [2022-02-21 01:11:15,937] {dagbag.py:500} INFO - Filling up the DagBag from /home/airflow/.local/lib/python3.7/site-packages/airflow/example_dags/example_task_group_decorator.py
[2022-02-21 01:11:16,086] {processor.py:654} INFO - DAG(s) dict_keys(['example_task_group_decorator']) retrieved from /home/airflow/.local/lib/python3.7/site-packages/airflow/example_dags/example_task_group_decorator.py
[2022-02-21 01:11:16,334] {logging_mixin.py:109} INFO - [2022-02-21 01:11:16,334] {dag.py:2396} INFO - Sync 1 DAGs
[2022-02-21 01:11:16,350] {logging_mixin.py:109} INFO - [2022-02-21 01:11:16,350] {dag.py:2935} INFO - Setting next_dagrun for example_task_group_decorator to 2022-02-20T01:11:16.350238+00:00
[2022-02-21 01:11:16,369] {processor.py:171} INFO - Processing /home/airflow/.local/lib/python3.7/site-packages/airflow/example_dags/example_task_group_decorator.py took 0.439 seconds
[2022-02-21 01:11:46,557] {processor.py:163} INFO - Started process (PID=1696) to work on /home/airflow/.local/lib/python3.7/site-packages/airflow/example_dags/example_task_group_decorator.py
[2022-02-21 01:11:46,566] {processor.py:642} INFO - Processing file /home/airflow/.local/lib/python3.7/site-packages/airflow/example_dags/example_task_group_decorator.py for tasks to queue
[2022-02-21 01:11:46,567] {logging_mixin.py:109} INFO - [2022-02-21 01:11:46,567] {dagbag.py:500} INFO - Filling up the DagBag from /home/airflow/.local/lib/python3.7/site-packages/airflow/example_dags/example_task_group_decorator.py
[2022-02-21 01:11:46,695] {processor.py:654} INFO - DAG(s) dict_keys(['example_task_group_decorator']) retrieved from /home/airflow/.local/lib/python3.7/site-packages/airflow/example_dags/example_task_group_decorator.py
[2022-02-21 01:11:46,905] {logging_mixin.py:109} INFO - [2022-02-21 01:11:46,904] {dag.py:2396} INFO - Sync 1 DAGs
[2022-02-21 01:11:46,921] {logging_mixin.py:109} INFO - [2022-02-21 01:11:46,921] {dag.py:2935} INFO - Setting next_dagrun for example_task_group_decorator to 2022-02-20T01:11:46.920818+00:00
[2022-02-21 01:11:47,002] {processor.py:171} INFO - Processing /home/airflow/.local/lib/python3.7/site-packages/airflow/example_dags/example_task_group_decorator.py took 0.450 seconds
[2022-02-21 01:12:17,852] {processor.py:163} INFO - Started process (PID=1748) to work on /home/airflow/.local/lib/python3.7/site-packages/airflow/example_dags/example_task_group_decorator.py
[2022-02-21 01:12:17,853] {processor.py:642} INFO - Processing file /home/airflow/.local/lib/python3.7/site-packages/airflow/example_dags/example_task_group_decorator.py for tasks to queue
[2022-02-21 01:12:17,854] {logging_mixin.py:109} INFO - [2022-02-21 01:12:17,854] {dagbag.py:500} INFO - Filling up the DagBag from /home/airflow/.local/lib/python3.7/site-packages/airflow/example_dags/example_task_group_decorator.py
[2022-02-21 01:12:17,956] {processor.py:654} INFO - DAG(s) dict_keys(['example_task_group_decorator']) retrieved from /home/airflow/.local/lib/python3.7/site-packages/airflow/example_dags/example_task_group_decorator.py
[2022-02-21 01:12:18,097] {logging_mixin.py:109} INFO - [2022-02-21 01:12:18,097] {dag.py:2396} INFO - Sync 1 DAGs
[2022-02-21 01:12:18,109] {logging_mixin.py:109} INFO - [2022-02-21 01:12:18,109] {dag.py:2935} INFO - Setting next_dagrun for example_task_group_decorator to 2022-02-20T01:12:18.109201+00:00
[2022-02-21 01:12:18,120] {processor.py:171} INFO - Processing /home/airflow/.local/lib/python3.7/site-packages/airflow/example_dags/example_task_group_decorator.py took 0.271 seconds
[2022-02-21 01:12:48,741] {processor.py:163} INFO - Started process (PID=1801) to work on /home/airflow/.local/lib/python3.7/site-packages/airflow/example_dags/example_task_group_decorator.py
[2022-02-21 01:12:48,744] {processor.py:642} INFO - Processing file /home/airflow/.local/lib/python3.7/site-packages/airflow/example_dags/example_task_group_decorator.py for tasks to queue
[2022-02-21 01:12:48,744] {logging_mixin.py:109} INFO - [2022-02-21 01:12:48,744] {dagbag.py:500} INFO - Filling up the DagBag from /home/airflow/.local/lib/python3.7/site-packages/airflow/example_dags/example_task_group_decorator.py
[2022-02-21 01:12:48,903] {processor.py:654} INFO - DAG(s) dict_keys(['example_task_group_decorator']) retrieved from /home/airflow/.local/lib/python3.7/site-packages/airflow/example_dags/example_task_group_decorator.py
[2022-02-21 01:12:49,223] {logging_mixin.py:109} INFO - [2022-02-21 01:12:49,222] {dag.py:2396} INFO - Sync 1 DAGs
[2022-02-21 01:12:49,243] {logging_mixin.py:109} INFO - [2022-02-21 01:12:49,243] {dag.py:2935} INFO - Setting next_dagrun for example_task_group_decorator to 2022-02-20T01:12:49.243149+00:00
[2022-02-21 01:12:49,264] {processor.py:171} INFO - Processing /home/airflow/.local/lib/python3.7/site-packages/airflow/example_dags/example_task_group_decorator.py took 0.528 seconds
[2022-02-21 01:13:19,382] {processor.py:163} INFO - Started process (PID=1862) to work on /home/airflow/.local/lib/python3.7/site-packages/airflow/example_dags/example_task_group_decorator.py
[2022-02-21 01:13:19,383] {processor.py:642} INFO - Processing file /home/airflow/.local/lib/python3.7/site-packages/airflow/example_dags/example_task_group_decorator.py for tasks to queue
[2022-02-21 01:13:19,384] {logging_mixin.py:109} INFO - [2022-02-21 01:13:19,384] {dagbag.py:500} INFO - Filling up the DagBag from /home/airflow/.local/lib/python3.7/site-packages/airflow/example_dags/example_task_group_decorator.py
[2022-02-21 01:13:19,568] {processor.py:654} INFO - DAG(s) dict_keys(['example_task_group_decorator']) retrieved from /home/airflow/.local/lib/python3.7/site-packages/airflow/example_dags/example_task_group_decorator.py
[2022-02-21 01:13:19,854] {logging_mixin.py:109} INFO - [2022-02-21 01:13:19,854] {dag.py:2396} INFO - Sync 1 DAGs
[2022-02-21 01:13:19,873] {logging_mixin.py:109} INFO - [2022-02-21 01:13:19,873] {dag.py:2935} INFO - Setting next_dagrun for example_task_group_decorator to 2022-02-20T01:13:19.873261+00:00
[2022-02-21 01:13:19,893] {processor.py:171} INFO - Processing /home/airflow/.local/lib/python3.7/site-packages/airflow/example_dags/example_task_group_decorator.py took 0.515 seconds
[2022-02-21 01:13:50,585] {processor.py:163} INFO - Started process (PID=1913) to work on /home/airflow/.local/lib/python3.7/site-packages/airflow/example_dags/example_task_group_decorator.py
[2022-02-21 01:13:50,590] {processor.py:642} INFO - Processing file /home/airflow/.local/lib/python3.7/site-packages/airflow/example_dags/example_task_group_decorator.py for tasks to queue
[2022-02-21 01:13:50,591] {logging_mixin.py:109} INFO - [2022-02-21 01:13:50,590] {dagbag.py:500} INFO - Filling up the DagBag from /home/airflow/.local/lib/python3.7/site-packages/airflow/example_dags/example_task_group_decorator.py
[2022-02-21 01:13:50,692] {processor.py:654} INFO - DAG(s) dict_keys(['example_task_group_decorator']) retrieved from /home/airflow/.local/lib/python3.7/site-packages/airflow/example_dags/example_task_group_decorator.py
[2022-02-21 01:13:50,940] {logging_mixin.py:109} INFO - [2022-02-21 01:13:50,940] {dag.py:2396} INFO - Sync 1 DAGs
[2022-02-21 01:13:50,962] {logging_mixin.py:109} INFO - [2022-02-21 01:13:50,962] {dag.py:2935} INFO - Setting next_dagrun for example_task_group_decorator to 2022-02-20T01:13:50.961971+00:00
[2022-02-21 01:13:50,979] {processor.py:171} INFO - Processing /home/airflow/.local/lib/python3.7/site-packages/airflow/example_dags/example_task_group_decorator.py took 0.397 seconds
[2022-02-21 01:14:21,213] {processor.py:163} INFO - Started process (PID=1965) to work on /home/airflow/.local/lib/python3.7/site-packages/airflow/example_dags/example_task_group_decorator.py
[2022-02-21 01:14:21,214] {processor.py:642} INFO - Processing file /home/airflow/.local/lib/python3.7/site-packages/airflow/example_dags/example_task_group_decorator.py for tasks to queue
[2022-02-21 01:14:21,214] {logging_mixin.py:109} INFO - [2022-02-21 01:14:21,214] {dagbag.py:500} INFO - Filling up the DagBag from /home/airflow/.local/lib/python3.7/site-packages/airflow/example_dags/example_task_group_decorator.py
[2022-02-21 01:14:21,411] {processor.py:654} INFO - DAG(s) dict_keys(['example_task_group_decorator']) retrieved from /home/airflow/.local/lib/python3.7/site-packages/airflow/example_dags/example_task_group_decorator.py
[2022-02-21 01:14:21,764] {logging_mixin.py:109} INFO - [2022-02-21 01:14:21,764] {dag.py:2396} INFO - Sync 1 DAGs
[2022-02-21 01:14:21,792] {logging_mixin.py:109} INFO - [2022-02-21 01:14:21,791] {dag.py:2935} INFO - Setting next_dagrun for example_task_group_decorator to 2022-02-20T01:14:21.791551+00:00
[2022-02-21 01:14:21,811] {processor.py:171} INFO - Processing /home/airflow/.local/lib/python3.7/site-packages/airflow/example_dags/example_task_group_decorator.py took 0.602 seconds
[2022-02-21 01:14:51,898] {processor.py:163} INFO - Started process (PID=2017) to work on /home/airflow/.local/lib/python3.7/site-packages/airflow/example_dags/example_task_group_decorator.py
[2022-02-21 01:14:51,901] {processor.py:642} INFO - Processing file /home/airflow/.local/lib/python3.7/site-packages/airflow/example_dags/example_task_group_decorator.py for tasks to queue
[2022-02-21 01:14:51,902] {logging_mixin.py:109} INFO - [2022-02-21 01:14:51,901] {dagbag.py:500} INFO - Filling up the DagBag from /home/airflow/.local/lib/python3.7/site-packages/airflow/example_dags/example_task_group_decorator.py
[2022-02-21 01:14:51,973] {processor.py:654} INFO - DAG(s) dict_keys(['example_task_group_decorator']) retrieved from /home/airflow/.local/lib/python3.7/site-packages/airflow/example_dags/example_task_group_decorator.py
[2022-02-21 01:14:52,272] {logging_mixin.py:109} INFO - [2022-02-21 01:14:52,272] {dag.py:2396} INFO - Sync 1 DAGs
[2022-02-21 01:14:52,293] {logging_mixin.py:109} INFO - [2022-02-21 01:14:52,293] {dag.py:2935} INFO - Setting next_dagrun for example_task_group_decorator to 2022-02-20T01:14:52.292907+00:00
[2022-02-21 01:14:52,316] {processor.py:171} INFO - Processing /home/airflow/.local/lib/python3.7/site-packages/airflow/example_dags/example_task_group_decorator.py took 0.422 seconds
[2022-02-21 01:15:22,483] {processor.py:163} INFO - Started process (PID=2067) to work on /home/airflow/.local/lib/python3.7/site-packages/airflow/example_dags/example_task_group_decorator.py
[2022-02-21 01:15:22,487] {processor.py:642} INFO - Processing file /home/airflow/.local/lib/python3.7/site-packages/airflow/example_dags/example_task_group_decorator.py for tasks to queue
[2022-02-21 01:15:22,490] {logging_mixin.py:109} INFO - [2022-02-21 01:15:22,489] {dagbag.py:500} INFO - Filling up the DagBag from /home/airflow/.local/lib/python3.7/site-packages/airflow/example_dags/example_task_group_decorator.py
[2022-02-21 01:15:22,630] {processor.py:654} INFO - DAG(s) dict_keys(['example_task_group_decorator']) retrieved from /home/airflow/.local/lib/python3.7/site-packages/airflow/example_dags/example_task_group_decorator.py
[2022-02-21 01:15:23,326] {logging_mixin.py:109} INFO - [2022-02-21 01:15:23,325] {dag.py:2396} INFO - Sync 1 DAGs
[2022-02-21 01:15:23,385] {logging_mixin.py:109} INFO - [2022-02-21 01:15:23,385] {dag.py:2935} INFO - Setting next_dagrun for example_task_group_decorator to 2022-02-20T01:15:23.384352+00:00
[2022-02-21 01:15:23,428] {processor.py:171} INFO - Processing /home/airflow/.local/lib/python3.7/site-packages/airflow/example_dags/example_task_group_decorator.py took 0.956 seconds
[2022-02-21 01:15:53,499] {processor.py:163} INFO - Started process (PID=2118) to work on /home/airflow/.local/lib/python3.7/site-packages/airflow/example_dags/example_task_group_decorator.py
[2022-02-21 01:15:53,502] {processor.py:642} INFO - Processing file /home/airflow/.local/lib/python3.7/site-packages/airflow/example_dags/example_task_group_decorator.py for tasks to queue
[2022-02-21 01:15:53,503] {logging_mixin.py:109} INFO - [2022-02-21 01:15:53,503] {dagbag.py:500} INFO - Filling up the DagBag from /home/airflow/.local/lib/python3.7/site-packages/airflow/example_dags/example_task_group_decorator.py
[2022-02-21 01:15:53,606] {processor.py:654} INFO - DAG(s) dict_keys(['example_task_group_decorator']) retrieved from /home/airflow/.local/lib/python3.7/site-packages/airflow/example_dags/example_task_group_decorator.py
[2022-02-21 01:15:54,067] {logging_mixin.py:109} INFO - [2022-02-21 01:15:54,066] {dag.py:2396} INFO - Sync 1 DAGs
[2022-02-21 01:15:54,099] {logging_mixin.py:109} INFO - [2022-02-21 01:15:54,099] {dag.py:2935} INFO - Setting next_dagrun for example_task_group_decorator to 2022-02-20T01:15:54.098860+00:00
[2022-02-21 01:15:54,127] {processor.py:171} INFO - Processing /home/airflow/.local/lib/python3.7/site-packages/airflow/example_dags/example_task_group_decorator.py took 0.634 seconds
[2022-02-21 01:16:24,410] {processor.py:163} INFO - Started process (PID=2170) to work on /home/airflow/.local/lib/python3.7/site-packages/airflow/example_dags/example_task_group_decorator.py
[2022-02-21 01:16:24,413] {processor.py:642} INFO - Processing file /home/airflow/.local/lib/python3.7/site-packages/airflow/example_dags/example_task_group_decorator.py for tasks to queue
[2022-02-21 01:16:24,414] {logging_mixin.py:109} INFO - [2022-02-21 01:16:24,414] {dagbag.py:500} INFO - Filling up the DagBag from /home/airflow/.local/lib/python3.7/site-packages/airflow/example_dags/example_task_group_decorator.py
[2022-02-21 01:16:24,521] {processor.py:654} INFO - DAG(s) dict_keys(['example_task_group_decorator']) retrieved from /home/airflow/.local/lib/python3.7/site-packages/airflow/example_dags/example_task_group_decorator.py
[2022-02-21 01:16:24,970] {logging_mixin.py:109} INFO - [2022-02-21 01:16:24,970] {dag.py:2396} INFO - Sync 1 DAGs
[2022-02-21 01:16:25,007] {logging_mixin.py:109} INFO - [2022-02-21 01:16:25,007] {dag.py:2935} INFO - Setting next_dagrun for example_task_group_decorator to 2022-02-20T01:16:25.006342+00:00
[2022-02-21 01:16:25,036] {processor.py:171} INFO - Processing /home/airflow/.local/lib/python3.7/site-packages/airflow/example_dags/example_task_group_decorator.py took 0.632 seconds
[2022-02-21 01:16:55,135] {processor.py:163} INFO - Started process (PID=2221) to work on /home/airflow/.local/lib/python3.7/site-packages/airflow/example_dags/example_task_group_decorator.py
[2022-02-21 01:16:55,137] {processor.py:642} INFO - Processing file /home/airflow/.local/lib/python3.7/site-packages/airflow/example_dags/example_task_group_decorator.py for tasks to queue
[2022-02-21 01:16:55,137] {logging_mixin.py:109} INFO - [2022-02-21 01:16:55,137] {dagbag.py:500} INFO - Filling up the DagBag from /home/airflow/.local/lib/python3.7/site-packages/airflow/example_dags/example_task_group_decorator.py
[2022-02-21 01:16:55,203] {processor.py:654} INFO - DAG(s) dict_keys(['example_task_group_decorator']) retrieved from /home/airflow/.local/lib/python3.7/site-packages/airflow/example_dags/example_task_group_decorator.py
[2022-02-21 01:16:55,504] {logging_mixin.py:109} INFO - [2022-02-21 01:16:55,504] {dag.py:2396} INFO - Sync 1 DAGs
[2022-02-21 01:16:55,527] {logging_mixin.py:109} INFO - [2022-02-21 01:16:55,526] {dag.py:2935} INFO - Setting next_dagrun for example_task_group_decorator to 2022-02-20T01:16:55.526473+00:00
[2022-02-21 01:16:55,548] {processor.py:171} INFO - Processing /home/airflow/.local/lib/python3.7/site-packages/airflow/example_dags/example_task_group_decorator.py took 0.418 seconds
[2022-02-21 01:17:26,769] {processor.py:163} INFO - Started process (PID=2274) to work on /home/airflow/.local/lib/python3.7/site-packages/airflow/example_dags/example_task_group_decorator.py
[2022-02-21 01:17:26,772] {processor.py:642} INFO - Processing file /home/airflow/.local/lib/python3.7/site-packages/airflow/example_dags/example_task_group_decorator.py for tasks to queue
[2022-02-21 01:17:26,774] {logging_mixin.py:109} INFO - [2022-02-21 01:17:26,774] {dagbag.py:500} INFO - Filling up the DagBag from /home/airflow/.local/lib/python3.7/site-packages/airflow/example_dags/example_task_group_decorator.py
[2022-02-21 01:17:26,854] {processor.py:654} INFO - DAG(s) dict_keys(['example_task_group_decorator']) retrieved from /home/airflow/.local/lib/python3.7/site-packages/airflow/example_dags/example_task_group_decorator.py
[2022-02-21 01:17:27,181] {logging_mixin.py:109} INFO - [2022-02-21 01:17:27,181] {dag.py:2396} INFO - Sync 1 DAGs
[2022-02-21 01:17:27,204] {logging_mixin.py:109} INFO - [2022-02-21 01:17:27,204] {dag.py:2935} INFO - Setting next_dagrun for example_task_group_decorator to 2022-02-20T01:17:27.203703+00:00
[2022-02-21 01:17:27,227] {processor.py:171} INFO - Processing /home/airflow/.local/lib/python3.7/site-packages/airflow/example_dags/example_task_group_decorator.py took 0.468 seconds
[2022-02-21 01:17:57,877] {processor.py:163} INFO - Started process (PID=2333) to work on /home/airflow/.local/lib/python3.7/site-packages/airflow/example_dags/example_task_group_decorator.py
[2022-02-21 01:17:57,878] {processor.py:642} INFO - Processing file /home/airflow/.local/lib/python3.7/site-packages/airflow/example_dags/example_task_group_decorator.py for tasks to queue
[2022-02-21 01:17:57,879] {logging_mixin.py:109} INFO - [2022-02-21 01:17:57,879] {dagbag.py:500} INFO - Filling up the DagBag from /home/airflow/.local/lib/python3.7/site-packages/airflow/example_dags/example_task_group_decorator.py
[2022-02-21 01:17:57,940] {processor.py:654} INFO - DAG(s) dict_keys(['example_task_group_decorator']) retrieved from /home/airflow/.local/lib/python3.7/site-packages/airflow/example_dags/example_task_group_decorator.py
[2022-02-21 01:17:58,208] {logging_mixin.py:109} INFO - [2022-02-21 01:17:58,208] {dag.py:2396} INFO - Sync 1 DAGs
[2022-02-21 01:17:58,228] {logging_mixin.py:109} INFO - [2022-02-21 01:17:58,228] {dag.py:2935} INFO - Setting next_dagrun for example_task_group_decorator to 2022-02-20T01:17:58.228276+00:00
[2022-02-21 01:17:58,244] {processor.py:171} INFO - Processing /home/airflow/.local/lib/python3.7/site-packages/airflow/example_dags/example_task_group_decorator.py took 0.373 seconds
[2022-02-21 01:18:28,390] {processor.py:163} INFO - Started process (PID=2384) to work on /home/airflow/.local/lib/python3.7/site-packages/airflow/example_dags/example_task_group_decorator.py
[2022-02-21 01:18:28,391] {processor.py:642} INFO - Processing file /home/airflow/.local/lib/python3.7/site-packages/airflow/example_dags/example_task_group_decorator.py for tasks to queue
[2022-02-21 01:18:28,392] {logging_mixin.py:109} INFO - [2022-02-21 01:18:28,392] {dagbag.py:500} INFO - Filling up the DagBag from /home/airflow/.local/lib/python3.7/site-packages/airflow/example_dags/example_task_group_decorator.py
[2022-02-21 01:18:28,425] {processor.py:654} INFO - DAG(s) dict_keys(['example_task_group_decorator']) retrieved from /home/airflow/.local/lib/python3.7/site-packages/airflow/example_dags/example_task_group_decorator.py
[2022-02-21 01:18:28,592] {logging_mixin.py:109} INFO - [2022-02-21 01:18:28,592] {dag.py:2396} INFO - Sync 1 DAGs
[2022-02-21 01:18:28,605] {logging_mixin.py:109} INFO - [2022-02-21 01:18:28,605] {dag.py:2935} INFO - Setting next_dagrun for example_task_group_decorator to 2022-02-20T01:18:28.604882+00:00
[2022-02-21 01:18:28,615] {processor.py:171} INFO - Processing /home/airflow/.local/lib/python3.7/site-packages/airflow/example_dags/example_task_group_decorator.py took 0.228 seconds
[2022-02-21 01:18:58,667] {processor.py:163} INFO - Started process (PID=2437) to work on /home/airflow/.local/lib/python3.7/site-packages/airflow/example_dags/example_task_group_decorator.py
[2022-02-21 01:18:58,668] {processor.py:642} INFO - Processing file /home/airflow/.local/lib/python3.7/site-packages/airflow/example_dags/example_task_group_decorator.py for tasks to queue
[2022-02-21 01:18:58,669] {logging_mixin.py:109} INFO - [2022-02-21 01:18:58,669] {dagbag.py:500} INFO - Filling up the DagBag from /home/airflow/.local/lib/python3.7/site-packages/airflow/example_dags/example_task_group_decorator.py
[2022-02-21 01:18:58,717] {processor.py:654} INFO - DAG(s) dict_keys(['example_task_group_decorator']) retrieved from /home/airflow/.local/lib/python3.7/site-packages/airflow/example_dags/example_task_group_decorator.py
[2022-02-21 01:18:58,967] {logging_mixin.py:109} INFO - [2022-02-21 01:18:58,967] {dag.py:2396} INFO - Sync 1 DAGs
[2022-02-21 01:18:58,986] {logging_mixin.py:109} INFO - [2022-02-21 01:18:58,985] {dag.py:2935} INFO - Setting next_dagrun for example_task_group_decorator to 2022-02-20T01:18:58.985618+00:00
[2022-02-21 01:18:59,005] {processor.py:171} INFO - Processing /home/airflow/.local/lib/python3.7/site-packages/airflow/example_dags/example_task_group_decorator.py took 0.341 seconds
[2022-02-21 01:19:29,813] {processor.py:163} INFO - Started process (PID=2497) to work on /home/airflow/.local/lib/python3.7/site-packages/airflow/example_dags/example_task_group_decorator.py
[2022-02-21 01:19:29,818] {processor.py:642} INFO - Processing file /home/airflow/.local/lib/python3.7/site-packages/airflow/example_dags/example_task_group_decorator.py for tasks to queue
[2022-02-21 01:19:29,819] {logging_mixin.py:109} INFO - [2022-02-21 01:19:29,819] {dagbag.py:500} INFO - Filling up the DagBag from /home/airflow/.local/lib/python3.7/site-packages/airflow/example_dags/example_task_group_decorator.py
[2022-02-21 01:19:29,869] {processor.py:654} INFO - DAG(s) dict_keys(['example_task_group_decorator']) retrieved from /home/airflow/.local/lib/python3.7/site-packages/airflow/example_dags/example_task_group_decorator.py
[2022-02-21 01:19:30,125] {logging_mixin.py:109} INFO - [2022-02-21 01:19:30,124] {dag.py:2396} INFO - Sync 1 DAGs
[2022-02-21 01:19:30,145] {logging_mixin.py:109} INFO - [2022-02-21 01:19:30,145] {dag.py:2935} INFO - Setting next_dagrun for example_task_group_decorator to 2022-02-20T01:19:30.145103+00:00
[2022-02-21 01:19:30,161] {processor.py:171} INFO - Processing /home/airflow/.local/lib/python3.7/site-packages/airflow/example_dags/example_task_group_decorator.py took 0.352 seconds
[2022-02-21 01:20:01,053] {processor.py:163} INFO - Started process (PID=2549) to work on /home/airflow/.local/lib/python3.7/site-packages/airflow/example_dags/example_task_group_decorator.py
[2022-02-21 01:20:01,054] {processor.py:642} INFO - Processing file /home/airflow/.local/lib/python3.7/site-packages/airflow/example_dags/example_task_group_decorator.py for tasks to queue
[2022-02-21 01:20:01,054] {logging_mixin.py:109} INFO - [2022-02-21 01:20:01,054] {dagbag.py:500} INFO - Filling up the DagBag from /home/airflow/.local/lib/python3.7/site-packages/airflow/example_dags/example_task_group_decorator.py
[2022-02-21 01:20:01,095] {processor.py:654} INFO - DAG(s) dict_keys(['example_task_group_decorator']) retrieved from /home/airflow/.local/lib/python3.7/site-packages/airflow/example_dags/example_task_group_decorator.py
[2022-02-21 01:20:01,281] {logging_mixin.py:109} INFO - [2022-02-21 01:20:01,281] {dag.py:2396} INFO - Sync 1 DAGs
[2022-02-21 01:20:01,295] {logging_mixin.py:109} INFO - [2022-02-21 01:20:01,295] {dag.py:2935} INFO - Setting next_dagrun for example_task_group_decorator to 2022-02-20T01:20:01.295470+00:00
[2022-02-21 01:20:01,308] {processor.py:171} INFO - Processing /home/airflow/.local/lib/python3.7/site-packages/airflow/example_dags/example_task_group_decorator.py took 0.258 seconds
[2022-02-21 01:20:31,661] {processor.py:163} INFO - Started process (PID=2600) to work on /home/airflow/.local/lib/python3.7/site-packages/airflow/example_dags/example_task_group_decorator.py
[2022-02-21 01:20:31,663] {processor.py:642} INFO - Processing file /home/airflow/.local/lib/python3.7/site-packages/airflow/example_dags/example_task_group_decorator.py for tasks to queue
[2022-02-21 01:20:31,665] {logging_mixin.py:109} INFO - [2022-02-21 01:20:31,664] {dagbag.py:500} INFO - Filling up the DagBag from /home/airflow/.local/lib/python3.7/site-packages/airflow/example_dags/example_task_group_decorator.py
[2022-02-21 01:20:31,755] {processor.py:654} INFO - DAG(s) dict_keys(['example_task_group_decorator']) retrieved from /home/airflow/.local/lib/python3.7/site-packages/airflow/example_dags/example_task_group_decorator.py
[2022-02-21 01:20:32,135] {logging_mixin.py:109} INFO - [2022-02-21 01:20:32,135] {dag.py:2396} INFO - Sync 1 DAGs
[2022-02-21 01:20:32,159] {logging_mixin.py:109} INFO - [2022-02-21 01:20:32,159] {dag.py:2935} INFO - Setting next_dagrun for example_task_group_decorator to 2022-02-20T01:20:32.158660+00:00
[2022-02-21 01:20:32,182] {processor.py:171} INFO - Processing /home/airflow/.local/lib/python3.7/site-packages/airflow/example_dags/example_task_group_decorator.py took 0.526 seconds
[2022-02-21 01:21:02,272] {processor.py:163} INFO - Started process (PID=2650) to work on /home/airflow/.local/lib/python3.7/site-packages/airflow/example_dags/example_task_group_decorator.py
[2022-02-21 01:21:02,272] {processor.py:642} INFO - Processing file /home/airflow/.local/lib/python3.7/site-packages/airflow/example_dags/example_task_group_decorator.py for tasks to queue
[2022-02-21 01:21:02,273] {logging_mixin.py:109} INFO - [2022-02-21 01:21:02,273] {dagbag.py:500} INFO - Filling up the DagBag from /home/airflow/.local/lib/python3.7/site-packages/airflow/example_dags/example_task_group_decorator.py
[2022-02-21 01:21:02,310] {processor.py:654} INFO - DAG(s) dict_keys(['example_task_group_decorator']) retrieved from /home/airflow/.local/lib/python3.7/site-packages/airflow/example_dags/example_task_group_decorator.py
[2022-02-21 01:21:02,485] {logging_mixin.py:109} INFO - [2022-02-21 01:21:02,485] {dag.py:2396} INFO - Sync 1 DAGs
[2022-02-21 01:21:02,499] {logging_mixin.py:109} INFO - [2022-02-21 01:21:02,498] {dag.py:2935} INFO - Setting next_dagrun for example_task_group_decorator to 2022-02-20T01:21:02.498690+00:00
[2022-02-21 01:21:02,516] {processor.py:171} INFO - Processing /home/airflow/.local/lib/python3.7/site-packages/airflow/example_dags/example_task_group_decorator.py took 0.248 seconds
[2022-02-21 01:21:32,674] {processor.py:163} INFO - Started process (PID=2700) to work on /home/airflow/.local/lib/python3.7/site-packages/airflow/example_dags/example_task_group_decorator.py
[2022-02-21 01:21:32,677] {processor.py:642} INFO - Processing file /home/airflow/.local/lib/python3.7/site-packages/airflow/example_dags/example_task_group_decorator.py for tasks to queue
[2022-02-21 01:21:32,679] {logging_mixin.py:109} INFO - [2022-02-21 01:21:32,679] {dagbag.py:500} INFO - Filling up the DagBag from /home/airflow/.local/lib/python3.7/site-packages/airflow/example_dags/example_task_group_decorator.py
[2022-02-21 01:21:32,786] {processor.py:654} INFO - DAG(s) dict_keys(['example_task_group_decorator']) retrieved from /home/airflow/.local/lib/python3.7/site-packages/airflow/example_dags/example_task_group_decorator.py
[2022-02-21 01:21:33,386] {logging_mixin.py:109} INFO - [2022-02-21 01:21:33,385] {dag.py:2396} INFO - Sync 1 DAGs
[2022-02-21 01:21:33,440] {logging_mixin.py:109} INFO - [2022-02-21 01:21:33,440] {dag.py:2935} INFO - Setting next_dagrun for example_task_group_decorator to 2022-02-20T01:21:33.439548+00:00
[2022-02-21 01:21:33,498] {processor.py:171} INFO - Processing /home/airflow/.local/lib/python3.7/site-packages/airflow/example_dags/example_task_group_decorator.py took 0.833 seconds
