[2022-02-21 00:58:46,576] {processor.py:163} INFO - Started process (PID=267) to work on /home/airflow/.local/lib/python3.7/site-packages/airflow/example_dags/example_bash_operator.py
[2022-02-21 00:58:46,577] {processor.py:642} INFO - Processing file /home/airflow/.local/lib/python3.7/site-packages/airflow/example_dags/example_bash_operator.py for tasks to queue
[2022-02-21 00:58:46,578] {logging_mixin.py:109} INFO - [2022-02-21 00:58:46,578] {dagbag.py:500} INFO - Filling up the DagBag from /home/airflow/.local/lib/python3.7/site-packages/airflow/example_dags/example_bash_operator.py
[2022-02-21 00:58:46,641] {processor.py:654} INFO - DAG(s) dict_keys(['example_bash_operator']) retrieved from /home/airflow/.local/lib/python3.7/site-packages/airflow/example_dags/example_bash_operator.py
[2022-02-21 00:58:49,007] {logging_mixin.py:109} INFO - [2022-02-21 00:58:49,007] {manager.py:496} INFO - Created Permission View: can edit on DAG:example_bash_operator
[2022-02-21 00:58:49,019] {logging_mixin.py:109} INFO - [2022-02-21 00:58:49,019] {manager.py:496} INFO - Created Permission View: can read on DAG:example_bash_operator
[2022-02-21 00:58:49,020] {logging_mixin.py:109} INFO - [2022-02-21 00:58:49,019] {dag.py:2396} INFO - Sync 1 DAGs
[2022-02-21 00:58:49,028] {logging_mixin.py:109} INFO - [2022-02-21 00:58:49,028] {dag.py:2415} INFO - Creating ORM DAG for example_bash_operator
[2022-02-21 00:58:49,039] {logging_mixin.py:109} INFO - [2022-02-21 00:58:49,039] {dag.py:2935} INFO - Setting next_dagrun for example_bash_operator to 2022-02-20 00:00:00+00:00
[2022-02-21 00:58:49,055] {processor.py:171} INFO - Processing /home/airflow/.local/lib/python3.7/site-packages/airflow/example_dags/example_bash_operator.py took 2.484 seconds
[2022-02-21 00:59:19,872] {processor.py:163} INFO - Started process (PID=399) to work on /home/airflow/.local/lib/python3.7/site-packages/airflow/example_dags/example_bash_operator.py
[2022-02-21 00:59:19,874] {processor.py:642} INFO - Processing file /home/airflow/.local/lib/python3.7/site-packages/airflow/example_dags/example_bash_operator.py for tasks to queue
[2022-02-21 00:59:19,875] {logging_mixin.py:109} INFO - [2022-02-21 00:59:19,874] {dagbag.py:500} INFO - Filling up the DagBag from /home/airflow/.local/lib/python3.7/site-packages/airflow/example_dags/example_bash_operator.py
[2022-02-21 00:59:19,909] {processor.py:654} INFO - DAG(s) dict_keys(['example_bash_operator']) retrieved from /home/airflow/.local/lib/python3.7/site-packages/airflow/example_dags/example_bash_operator.py
[2022-02-21 00:59:19,921] {logging_mixin.py:109} INFO - [2022-02-21 00:59:19,921] {dag.py:2396} INFO - Sync 1 DAGs
[2022-02-21 00:59:19,941] {logging_mixin.py:109} INFO - [2022-02-21 00:59:19,941] {dag.py:2935} INFO - Setting next_dagrun for example_bash_operator to 2022-02-20 00:00:00+00:00
[2022-02-21 00:59:19,952] {processor.py:171} INFO - Processing /home/airflow/.local/lib/python3.7/site-packages/airflow/example_dags/example_bash_operator.py took 0.083 seconds
[2022-02-21 00:59:50,133] {processor.py:163} INFO - Started process (PID=451) to work on /home/airflow/.local/lib/python3.7/site-packages/airflow/example_dags/example_bash_operator.py
[2022-02-21 00:59:50,134] {processor.py:642} INFO - Processing file /home/airflow/.local/lib/python3.7/site-packages/airflow/example_dags/example_bash_operator.py for tasks to queue
[2022-02-21 00:59:50,135] {logging_mixin.py:109} INFO - [2022-02-21 00:59:50,135] {dagbag.py:500} INFO - Filling up the DagBag from /home/airflow/.local/lib/python3.7/site-packages/airflow/example_dags/example_bash_operator.py
[2022-02-21 00:59:50,164] {processor.py:654} INFO - DAG(s) dict_keys(['example_bash_operator']) retrieved from /home/airflow/.local/lib/python3.7/site-packages/airflow/example_dags/example_bash_operator.py
[2022-02-21 00:59:50,174] {logging_mixin.py:109} INFO - [2022-02-21 00:59:50,173] {dag.py:2396} INFO - Sync 1 DAGs
[2022-02-21 00:59:50,187] {logging_mixin.py:109} INFO - [2022-02-21 00:59:50,187] {dag.py:2935} INFO - Setting next_dagrun for example_bash_operator to 2022-02-20 00:00:00+00:00
[2022-02-21 00:59:50,199] {processor.py:171} INFO - Processing /home/airflow/.local/lib/python3.7/site-packages/airflow/example_dags/example_bash_operator.py took 0.069 seconds
[2022-02-21 01:00:21,026] {processor.py:163} INFO - Started process (PID=502) to work on /home/airflow/.local/lib/python3.7/site-packages/airflow/example_dags/example_bash_operator.py
[2022-02-21 01:00:21,028] {processor.py:642} INFO - Processing file /home/airflow/.local/lib/python3.7/site-packages/airflow/example_dags/example_bash_operator.py for tasks to queue
[2022-02-21 01:00:21,029] {logging_mixin.py:109} INFO - [2022-02-21 01:00:21,029] {dagbag.py:500} INFO - Filling up the DagBag from /home/airflow/.local/lib/python3.7/site-packages/airflow/example_dags/example_bash_operator.py
[2022-02-21 01:00:21,074] {processor.py:654} INFO - DAG(s) dict_keys(['example_bash_operator']) retrieved from /home/airflow/.local/lib/python3.7/site-packages/airflow/example_dags/example_bash_operator.py
[2022-02-21 01:00:21,088] {logging_mixin.py:109} INFO - [2022-02-21 01:00:21,087] {dag.py:2396} INFO - Sync 1 DAGs
[2022-02-21 01:00:21,109] {logging_mixin.py:109} INFO - [2022-02-21 01:00:21,108] {dag.py:2935} INFO - Setting next_dagrun for example_bash_operator to 2022-02-20 00:00:00+00:00
[2022-02-21 01:00:21,121] {processor.py:171} INFO - Processing /home/airflow/.local/lib/python3.7/site-packages/airflow/example_dags/example_bash_operator.py took 0.099 seconds
[2022-02-21 01:00:51,252] {processor.py:163} INFO - Started process (PID=563) to work on /home/airflow/.local/lib/python3.7/site-packages/airflow/example_dags/example_bash_operator.py
[2022-02-21 01:00:51,253] {processor.py:642} INFO - Processing file /home/airflow/.local/lib/python3.7/site-packages/airflow/example_dags/example_bash_operator.py for tasks to queue
[2022-02-21 01:00:51,254] {logging_mixin.py:109} INFO - [2022-02-21 01:00:51,254] {dagbag.py:500} INFO - Filling up the DagBag from /home/airflow/.local/lib/python3.7/site-packages/airflow/example_dags/example_bash_operator.py
[2022-02-21 01:00:51,289] {processor.py:654} INFO - DAG(s) dict_keys(['example_bash_operator']) retrieved from /home/airflow/.local/lib/python3.7/site-packages/airflow/example_dags/example_bash_operator.py
[2022-02-21 01:00:51,300] {logging_mixin.py:109} INFO - [2022-02-21 01:00:51,300] {dag.py:2396} INFO - Sync 1 DAGs
[2022-02-21 01:00:51,317] {logging_mixin.py:109} INFO - [2022-02-21 01:00:51,317] {dag.py:2935} INFO - Setting next_dagrun for example_bash_operator to 2022-02-20 00:00:00+00:00
[2022-02-21 01:00:51,328] {processor.py:171} INFO - Processing /home/airflow/.local/lib/python3.7/site-packages/airflow/example_dags/example_bash_operator.py took 0.081 seconds
[2022-02-21 01:01:21,354] {processor.py:163} INFO - Started process (PID=614) to work on /home/airflow/.local/lib/python3.7/site-packages/airflow/example_dags/example_bash_operator.py
[2022-02-21 01:01:21,355] {processor.py:642} INFO - Processing file /home/airflow/.local/lib/python3.7/site-packages/airflow/example_dags/example_bash_operator.py for tasks to queue
[2022-02-21 01:01:21,356] {logging_mixin.py:109} INFO - [2022-02-21 01:01:21,356] {dagbag.py:500} INFO - Filling up the DagBag from /home/airflow/.local/lib/python3.7/site-packages/airflow/example_dags/example_bash_operator.py
[2022-02-21 01:01:21,395] {processor.py:654} INFO - DAG(s) dict_keys(['example_bash_operator']) retrieved from /home/airflow/.local/lib/python3.7/site-packages/airflow/example_dags/example_bash_operator.py
[2022-02-21 01:01:21,407] {logging_mixin.py:109} INFO - [2022-02-21 01:01:21,407] {dag.py:2396} INFO - Sync 1 DAGs
[2022-02-21 01:01:21,428] {logging_mixin.py:109} INFO - [2022-02-21 01:01:21,428] {dag.py:2935} INFO - Setting next_dagrun for example_bash_operator to 2022-02-20 00:00:00+00:00
[2022-02-21 01:01:21,441] {processor.py:171} INFO - Processing /home/airflow/.local/lib/python3.7/site-packages/airflow/example_dags/example_bash_operator.py took 0.089 seconds
[2022-02-21 01:01:51,536] {processor.py:163} INFO - Started process (PID=665) to work on /home/airflow/.local/lib/python3.7/site-packages/airflow/example_dags/example_bash_operator.py
[2022-02-21 01:01:51,537] {processor.py:642} INFO - Processing file /home/airflow/.local/lib/python3.7/site-packages/airflow/example_dags/example_bash_operator.py for tasks to queue
[2022-02-21 01:01:51,537] {logging_mixin.py:109} INFO - [2022-02-21 01:01:51,537] {dagbag.py:500} INFO - Filling up the DagBag from /home/airflow/.local/lib/python3.7/site-packages/airflow/example_dags/example_bash_operator.py
[2022-02-21 01:01:51,566] {processor.py:654} INFO - DAG(s) dict_keys(['example_bash_operator']) retrieved from /home/airflow/.local/lib/python3.7/site-packages/airflow/example_dags/example_bash_operator.py
[2022-02-21 01:01:51,576] {logging_mixin.py:109} INFO - [2022-02-21 01:01:51,575] {dag.py:2396} INFO - Sync 1 DAGs
[2022-02-21 01:01:51,589] {logging_mixin.py:109} INFO - [2022-02-21 01:01:51,589] {dag.py:2935} INFO - Setting next_dagrun for example_bash_operator to 2022-02-20 00:00:00+00:00
[2022-02-21 01:01:51,599] {processor.py:171} INFO - Processing /home/airflow/.local/lib/python3.7/site-packages/airflow/example_dags/example_bash_operator.py took 0.067 seconds
[2022-02-21 01:02:21,740] {processor.py:163} INFO - Started process (PID=724) to work on /home/airflow/.local/lib/python3.7/site-packages/airflow/example_dags/example_bash_operator.py
[2022-02-21 01:02:21,742] {processor.py:642} INFO - Processing file /home/airflow/.local/lib/python3.7/site-packages/airflow/example_dags/example_bash_operator.py for tasks to queue
[2022-02-21 01:02:21,742] {logging_mixin.py:109} INFO - [2022-02-21 01:02:21,742] {dagbag.py:500} INFO - Filling up the DagBag from /home/airflow/.local/lib/python3.7/site-packages/airflow/example_dags/example_bash_operator.py
[2022-02-21 01:02:21,782] {processor.py:654} INFO - DAG(s) dict_keys(['example_bash_operator']) retrieved from /home/airflow/.local/lib/python3.7/site-packages/airflow/example_dags/example_bash_operator.py
[2022-02-21 01:02:21,795] {logging_mixin.py:109} INFO - [2022-02-21 01:02:21,795] {dag.py:2396} INFO - Sync 1 DAGs
[2022-02-21 01:02:21,819] {logging_mixin.py:109} INFO - [2022-02-21 01:02:21,819] {dag.py:2935} INFO - Setting next_dagrun for example_bash_operator to 2022-02-20 00:00:00+00:00
[2022-02-21 01:02:21,834] {processor.py:171} INFO - Processing /home/airflow/.local/lib/python3.7/site-packages/airflow/example_dags/example_bash_operator.py took 0.097 seconds
[2022-02-21 01:02:52,098] {processor.py:163} INFO - Started process (PID=775) to work on /home/airflow/.local/lib/python3.7/site-packages/airflow/example_dags/example_bash_operator.py
[2022-02-21 01:02:52,099] {processor.py:642} INFO - Processing file /home/airflow/.local/lib/python3.7/site-packages/airflow/example_dags/example_bash_operator.py for tasks to queue
[2022-02-21 01:02:52,100] {logging_mixin.py:109} INFO - [2022-02-21 01:02:52,100] {dagbag.py:500} INFO - Filling up the DagBag from /home/airflow/.local/lib/python3.7/site-packages/airflow/example_dags/example_bash_operator.py
[2022-02-21 01:02:52,129] {processor.py:654} INFO - DAG(s) dict_keys(['example_bash_operator']) retrieved from /home/airflow/.local/lib/python3.7/site-packages/airflow/example_dags/example_bash_operator.py
[2022-02-21 01:02:52,139] {logging_mixin.py:109} INFO - [2022-02-21 01:02:52,139] {dag.py:2396} INFO - Sync 1 DAGs
[2022-02-21 01:02:52,154] {logging_mixin.py:109} INFO - [2022-02-21 01:02:52,154] {dag.py:2935} INFO - Setting next_dagrun for example_bash_operator to 2022-02-20 00:00:00+00:00
[2022-02-21 01:02:52,164] {processor.py:171} INFO - Processing /home/airflow/.local/lib/python3.7/site-packages/airflow/example_dags/example_bash_operator.py took 0.069 seconds
[2022-02-21 01:03:22,257] {processor.py:163} INFO - Started process (PID=826) to work on /home/airflow/.local/lib/python3.7/site-packages/airflow/example_dags/example_bash_operator.py
[2022-02-21 01:03:22,259] {processor.py:642} INFO - Processing file /home/airflow/.local/lib/python3.7/site-packages/airflow/example_dags/example_bash_operator.py for tasks to queue
[2022-02-21 01:03:22,259] {logging_mixin.py:109} INFO - [2022-02-21 01:03:22,259] {dagbag.py:500} INFO - Filling up the DagBag from /home/airflow/.local/lib/python3.7/site-packages/airflow/example_dags/example_bash_operator.py
[2022-02-21 01:03:22,312] {processor.py:654} INFO - DAG(s) dict_keys(['example_bash_operator']) retrieved from /home/airflow/.local/lib/python3.7/site-packages/airflow/example_dags/example_bash_operator.py
[2022-02-21 01:03:22,331] {logging_mixin.py:109} INFO - [2022-02-21 01:03:22,331] {dag.py:2396} INFO - Sync 1 DAGs
[2022-02-21 01:03:22,357] {logging_mixin.py:109} INFO - [2022-02-21 01:03:22,357] {dag.py:2935} INFO - Setting next_dagrun for example_bash_operator to 2022-02-20 00:00:00+00:00
[2022-02-21 01:03:22,372] {processor.py:171} INFO - Processing /home/airflow/.local/lib/python3.7/site-packages/airflow/example_dags/example_bash_operator.py took 0.120 seconds
[2022-02-21 01:03:52,495] {processor.py:163} INFO - Started process (PID=885) to work on /home/airflow/.local/lib/python3.7/site-packages/airflow/example_dags/example_bash_operator.py
[2022-02-21 01:03:52,496] {processor.py:642} INFO - Processing file /home/airflow/.local/lib/python3.7/site-packages/airflow/example_dags/example_bash_operator.py for tasks to queue
[2022-02-21 01:03:52,497] {logging_mixin.py:109} INFO - [2022-02-21 01:03:52,497] {dagbag.py:500} INFO - Filling up the DagBag from /home/airflow/.local/lib/python3.7/site-packages/airflow/example_dags/example_bash_operator.py
[2022-02-21 01:03:52,535] {processor.py:654} INFO - DAG(s) dict_keys(['example_bash_operator']) retrieved from /home/airflow/.local/lib/python3.7/site-packages/airflow/example_dags/example_bash_operator.py
[2022-02-21 01:03:52,548] {logging_mixin.py:109} INFO - [2022-02-21 01:03:52,548] {dag.py:2396} INFO - Sync 1 DAGs
[2022-02-21 01:03:52,568] {logging_mixin.py:109} INFO - [2022-02-21 01:03:52,568] {dag.py:2935} INFO - Setting next_dagrun for example_bash_operator to 2022-02-20 00:00:00+00:00
[2022-02-21 01:03:52,580] {processor.py:171} INFO - Processing /home/airflow/.local/lib/python3.7/site-packages/airflow/example_dags/example_bash_operator.py took 0.089 seconds
[2022-02-21 01:04:23,069] {processor.py:163} INFO - Started process (PID=937) to work on /home/airflow/.local/lib/python3.7/site-packages/airflow/example_dags/example_bash_operator.py
[2022-02-21 01:04:23,071] {processor.py:642} INFO - Processing file /home/airflow/.local/lib/python3.7/site-packages/airflow/example_dags/example_bash_operator.py for tasks to queue
[2022-02-21 01:04:23,072] {logging_mixin.py:109} INFO - [2022-02-21 01:04:23,072] {dagbag.py:500} INFO - Filling up the DagBag from /home/airflow/.local/lib/python3.7/site-packages/airflow/example_dags/example_bash_operator.py
[2022-02-21 01:04:23,129] {processor.py:654} INFO - DAG(s) dict_keys(['example_bash_operator']) retrieved from /home/airflow/.local/lib/python3.7/site-packages/airflow/example_dags/example_bash_operator.py
[2022-02-21 01:04:23,147] {logging_mixin.py:109} INFO - [2022-02-21 01:04:23,146] {dag.py:2396} INFO - Sync 1 DAGs
[2022-02-21 01:04:23,179] {logging_mixin.py:109} INFO - [2022-02-21 01:04:23,178] {dag.py:2935} INFO - Setting next_dagrun for example_bash_operator to 2022-02-20 00:00:00+00:00
[2022-02-21 01:04:23,199] {processor.py:171} INFO - Processing /home/airflow/.local/lib/python3.7/site-packages/airflow/example_dags/example_bash_operator.py took 0.136 seconds
[2022-02-21 01:04:53,380] {processor.py:163} INFO - Started process (PID=987) to work on /home/airflow/.local/lib/python3.7/site-packages/airflow/example_dags/example_bash_operator.py
[2022-02-21 01:04:53,381] {processor.py:642} INFO - Processing file /home/airflow/.local/lib/python3.7/site-packages/airflow/example_dags/example_bash_operator.py for tasks to queue
[2022-02-21 01:04:53,382] {logging_mixin.py:109} INFO - [2022-02-21 01:04:53,382] {dagbag.py:500} INFO - Filling up the DagBag from /home/airflow/.local/lib/python3.7/site-packages/airflow/example_dags/example_bash_operator.py
[2022-02-21 01:04:53,418] {processor.py:654} INFO - DAG(s) dict_keys(['example_bash_operator']) retrieved from /home/airflow/.local/lib/python3.7/site-packages/airflow/example_dags/example_bash_operator.py
[2022-02-21 01:04:53,428] {logging_mixin.py:109} INFO - [2022-02-21 01:04:53,428] {dag.py:2396} INFO - Sync 1 DAGs
[2022-02-21 01:04:53,445] {logging_mixin.py:109} INFO - [2022-02-21 01:04:53,445] {dag.py:2935} INFO - Setting next_dagrun for example_bash_operator to 2022-02-20 00:00:00+00:00
[2022-02-21 01:04:53,457] {processor.py:171} INFO - Processing /home/airflow/.local/lib/python3.7/site-packages/airflow/example_dags/example_bash_operator.py took 0.080 seconds
[2022-02-21 01:05:23,989] {processor.py:163} INFO - Started process (PID=1039) to work on /home/airflow/.local/lib/python3.7/site-packages/airflow/example_dags/example_bash_operator.py
[2022-02-21 01:05:23,991] {processor.py:642} INFO - Processing file /home/airflow/.local/lib/python3.7/site-packages/airflow/example_dags/example_bash_operator.py for tasks to queue
[2022-02-21 01:05:23,992] {logging_mixin.py:109} INFO - [2022-02-21 01:05:23,992] {dagbag.py:500} INFO - Filling up the DagBag from /home/airflow/.local/lib/python3.7/site-packages/airflow/example_dags/example_bash_operator.py
[2022-02-21 01:05:24,039] {processor.py:654} INFO - DAG(s) dict_keys(['example_bash_operator']) retrieved from /home/airflow/.local/lib/python3.7/site-packages/airflow/example_dags/example_bash_operator.py
[2022-02-21 01:05:24,055] {logging_mixin.py:109} INFO - [2022-02-21 01:05:24,055] {dag.py:2396} INFO - Sync 1 DAGs
[2022-02-21 01:05:24,077] {logging_mixin.py:109} INFO - [2022-02-21 01:05:24,077] {dag.py:2935} INFO - Setting next_dagrun for example_bash_operator to 2022-02-20 00:00:00+00:00
[2022-02-21 01:05:24,091] {processor.py:171} INFO - Processing /home/airflow/.local/lib/python3.7/site-packages/airflow/example_dags/example_bash_operator.py took 0.106 seconds
[2022-02-21 01:05:54,545] {processor.py:163} INFO - Started process (PID=1089) to work on /home/airflow/.local/lib/python3.7/site-packages/airflow/example_dags/example_bash_operator.py
[2022-02-21 01:05:54,548] {processor.py:642} INFO - Processing file /home/airflow/.local/lib/python3.7/site-packages/airflow/example_dags/example_bash_operator.py for tasks to queue
[2022-02-21 01:05:54,550] {logging_mixin.py:109} INFO - [2022-02-21 01:05:54,550] {dagbag.py:500} INFO - Filling up the DagBag from /home/airflow/.local/lib/python3.7/site-packages/airflow/example_dags/example_bash_operator.py
[2022-02-21 01:05:54,663] {processor.py:654} INFO - DAG(s) dict_keys(['example_bash_operator']) retrieved from /home/airflow/.local/lib/python3.7/site-packages/airflow/example_dags/example_bash_operator.py
[2022-02-21 01:05:54,691] {logging_mixin.py:109} INFO - [2022-02-21 01:05:54,691] {dag.py:2396} INFO - Sync 1 DAGs
[2022-02-21 01:05:54,748] {logging_mixin.py:109} INFO - [2022-02-21 01:05:54,748] {dag.py:2935} INFO - Setting next_dagrun for example_bash_operator to 2022-02-20 00:00:00+00:00
[2022-02-21 01:05:54,777] {processor.py:171} INFO - Processing /home/airflow/.local/lib/python3.7/site-packages/airflow/example_dags/example_bash_operator.py took 0.243 seconds
[2022-02-21 01:06:24,872] {processor.py:163} INFO - Started process (PID=1148) to work on /home/airflow/.local/lib/python3.7/site-packages/airflow/example_dags/example_bash_operator.py
[2022-02-21 01:06:24,875] {processor.py:642} INFO - Processing file /home/airflow/.local/lib/python3.7/site-packages/airflow/example_dags/example_bash_operator.py for tasks to queue
[2022-02-21 01:06:24,876] {logging_mixin.py:109} INFO - [2022-02-21 01:06:24,876] {dagbag.py:500} INFO - Filling up the DagBag from /home/airflow/.local/lib/python3.7/site-packages/airflow/example_dags/example_bash_operator.py
[2022-02-21 01:06:24,937] {processor.py:654} INFO - DAG(s) dict_keys(['example_bash_operator']) retrieved from /home/airflow/.local/lib/python3.7/site-packages/airflow/example_dags/example_bash_operator.py
[2022-02-21 01:06:24,962] {logging_mixin.py:109} INFO - [2022-02-21 01:06:24,961] {dag.py:2396} INFO - Sync 1 DAGs
[2022-02-21 01:06:24,992] {logging_mixin.py:109} INFO - [2022-02-21 01:06:24,992] {dag.py:2935} INFO - Setting next_dagrun for example_bash_operator to 2022-02-20 00:00:00+00:00
[2022-02-21 01:06:25,007] {processor.py:171} INFO - Processing /home/airflow/.local/lib/python3.7/site-packages/airflow/example_dags/example_bash_operator.py took 0.144 seconds
[2022-02-21 01:06:55,533] {processor.py:163} INFO - Started process (PID=1197) to work on /home/airflow/.local/lib/python3.7/site-packages/airflow/example_dags/example_bash_operator.py
[2022-02-21 01:06:55,534] {processor.py:642} INFO - Processing file /home/airflow/.local/lib/python3.7/site-packages/airflow/example_dags/example_bash_operator.py for tasks to queue
[2022-02-21 01:06:55,535] {logging_mixin.py:109} INFO - [2022-02-21 01:06:55,535] {dagbag.py:500} INFO - Filling up the DagBag from /home/airflow/.local/lib/python3.7/site-packages/airflow/example_dags/example_bash_operator.py
[2022-02-21 01:06:55,581] {processor.py:654} INFO - DAG(s) dict_keys(['example_bash_operator']) retrieved from /home/airflow/.local/lib/python3.7/site-packages/airflow/example_dags/example_bash_operator.py
[2022-02-21 01:06:55,596] {logging_mixin.py:109} INFO - [2022-02-21 01:06:55,596] {dag.py:2396} INFO - Sync 1 DAGs
[2022-02-21 01:06:55,618] {logging_mixin.py:109} INFO - [2022-02-21 01:06:55,618] {dag.py:2935} INFO - Setting next_dagrun for example_bash_operator to 2022-02-20 00:00:00+00:00
[2022-02-21 01:06:55,631] {processor.py:171} INFO - Processing /home/airflow/.local/lib/python3.7/site-packages/airflow/example_dags/example_bash_operator.py took 0.103 seconds
[2022-02-21 01:07:25,992] {processor.py:163} INFO - Started process (PID=1248) to work on /home/airflow/.local/lib/python3.7/site-packages/airflow/example_dags/example_bash_operator.py
[2022-02-21 01:07:25,994] {processor.py:642} INFO - Processing file /home/airflow/.local/lib/python3.7/site-packages/airflow/example_dags/example_bash_operator.py for tasks to queue
[2022-02-21 01:07:25,995] {logging_mixin.py:109} INFO - [2022-02-21 01:07:25,995] {dagbag.py:500} INFO - Filling up the DagBag from /home/airflow/.local/lib/python3.7/site-packages/airflow/example_dags/example_bash_operator.py
[2022-02-21 01:07:26,059] {processor.py:654} INFO - DAG(s) dict_keys(['example_bash_operator']) retrieved from /home/airflow/.local/lib/python3.7/site-packages/airflow/example_dags/example_bash_operator.py
[2022-02-21 01:07:26,079] {logging_mixin.py:109} INFO - [2022-02-21 01:07:26,079] {dag.py:2396} INFO - Sync 1 DAGs
[2022-02-21 01:07:26,116] {logging_mixin.py:109} INFO - [2022-02-21 01:07:26,116] {dag.py:2935} INFO - Setting next_dagrun for example_bash_operator to 2022-02-20 00:00:00+00:00
[2022-02-21 01:07:26,139] {processor.py:171} INFO - Processing /home/airflow/.local/lib/python3.7/site-packages/airflow/example_dags/example_bash_operator.py took 0.153 seconds
[2022-02-21 01:07:56,279] {processor.py:163} INFO - Started process (PID=1299) to work on /home/airflow/.local/lib/python3.7/site-packages/airflow/example_dags/example_bash_operator.py
[2022-02-21 01:07:56,280] {processor.py:642} INFO - Processing file /home/airflow/.local/lib/python3.7/site-packages/airflow/example_dags/example_bash_operator.py for tasks to queue
[2022-02-21 01:07:56,280] {logging_mixin.py:109} INFO - [2022-02-21 01:07:56,280] {dagbag.py:500} INFO - Filling up the DagBag from /home/airflow/.local/lib/python3.7/site-packages/airflow/example_dags/example_bash_operator.py
[2022-02-21 01:07:56,317] {processor.py:654} INFO - DAG(s) dict_keys(['example_bash_operator']) retrieved from /home/airflow/.local/lib/python3.7/site-packages/airflow/example_dags/example_bash_operator.py
[2022-02-21 01:07:56,330] {logging_mixin.py:109} INFO - [2022-02-21 01:07:56,330] {dag.py:2396} INFO - Sync 1 DAGs
[2022-02-21 01:07:56,350] {logging_mixin.py:109} INFO - [2022-02-21 01:07:56,350] {dag.py:2935} INFO - Setting next_dagrun for example_bash_operator to 2022-02-20 00:00:00+00:00
[2022-02-21 01:07:56,363] {processor.py:171} INFO - Processing /home/airflow/.local/lib/python3.7/site-packages/airflow/example_dags/example_bash_operator.py took 0.087 seconds
[2022-02-21 01:08:26,434] {processor.py:163} INFO - Started process (PID=1349) to work on /home/airflow/.local/lib/python3.7/site-packages/airflow/example_dags/example_bash_operator.py
[2022-02-21 01:08:26,435] {processor.py:642} INFO - Processing file /home/airflow/.local/lib/python3.7/site-packages/airflow/example_dags/example_bash_operator.py for tasks to queue
[2022-02-21 01:08:26,436] {logging_mixin.py:109} INFO - [2022-02-21 01:08:26,435] {dagbag.py:500} INFO - Filling up the DagBag from /home/airflow/.local/lib/python3.7/site-packages/airflow/example_dags/example_bash_operator.py
[2022-02-21 01:08:26,470] {processor.py:654} INFO - DAG(s) dict_keys(['example_bash_operator']) retrieved from /home/airflow/.local/lib/python3.7/site-packages/airflow/example_dags/example_bash_operator.py
[2022-02-21 01:08:26,482] {logging_mixin.py:109} INFO - [2022-02-21 01:08:26,482] {dag.py:2396} INFO - Sync 1 DAGs
[2022-02-21 01:08:26,500] {logging_mixin.py:109} INFO - [2022-02-21 01:08:26,500] {dag.py:2935} INFO - Setting next_dagrun for example_bash_operator to 2022-02-20 00:00:00+00:00
[2022-02-21 01:08:26,512] {processor.py:171} INFO - Processing /home/airflow/.local/lib/python3.7/site-packages/airflow/example_dags/example_bash_operator.py took 0.081 seconds
[2022-02-21 01:08:56,781] {processor.py:163} INFO - Started process (PID=1409) to work on /home/airflow/.local/lib/python3.7/site-packages/airflow/example_dags/example_bash_operator.py
[2022-02-21 01:08:56,787] {processor.py:642} INFO - Processing file /home/airflow/.local/lib/python3.7/site-packages/airflow/example_dags/example_bash_operator.py for tasks to queue
[2022-02-21 01:08:56,787] {logging_mixin.py:109} INFO - [2022-02-21 01:08:56,787] {dagbag.py:500} INFO - Filling up the DagBag from /home/airflow/.local/lib/python3.7/site-packages/airflow/example_dags/example_bash_operator.py
[2022-02-21 01:08:56,830] {processor.py:654} INFO - DAG(s) dict_keys(['example_bash_operator']) retrieved from /home/airflow/.local/lib/python3.7/site-packages/airflow/example_dags/example_bash_operator.py
[2022-02-21 01:08:56,844] {logging_mixin.py:109} INFO - [2022-02-21 01:08:56,844] {dag.py:2396} INFO - Sync 1 DAGs
[2022-02-21 01:08:56,866] {logging_mixin.py:109} INFO - [2022-02-21 01:08:56,866] {dag.py:2935} INFO - Setting next_dagrun for example_bash_operator to 2022-02-20 00:00:00+00:00
[2022-02-21 01:08:56,881] {processor.py:171} INFO - Processing /home/airflow/.local/lib/python3.7/site-packages/airflow/example_dags/example_bash_operator.py took 0.105 seconds
[2022-02-21 01:09:27,299] {processor.py:163} INFO - Started process (PID=1460) to work on /home/airflow/.local/lib/python3.7/site-packages/airflow/example_dags/example_bash_operator.py
[2022-02-21 01:09:27,302] {processor.py:642} INFO - Processing file /home/airflow/.local/lib/python3.7/site-packages/airflow/example_dags/example_bash_operator.py for tasks to queue
[2022-02-21 01:09:27,303] {logging_mixin.py:109} INFO - [2022-02-21 01:09:27,303] {dagbag.py:500} INFO - Filling up the DagBag from /home/airflow/.local/lib/python3.7/site-packages/airflow/example_dags/example_bash_operator.py
[2022-02-21 01:09:27,333] {processor.py:654} INFO - DAG(s) dict_keys(['example_bash_operator']) retrieved from /home/airflow/.local/lib/python3.7/site-packages/airflow/example_dags/example_bash_operator.py
[2022-02-21 01:09:27,342] {logging_mixin.py:109} INFO - [2022-02-21 01:09:27,342] {dag.py:2396} INFO - Sync 1 DAGs
[2022-02-21 01:09:27,357] {logging_mixin.py:109} INFO - [2022-02-21 01:09:27,357] {dag.py:2935} INFO - Setting next_dagrun for example_bash_operator to 2022-02-20 00:00:00+00:00
[2022-02-21 01:09:27,368] {processor.py:171} INFO - Processing /home/airflow/.local/lib/python3.7/site-packages/airflow/example_dags/example_bash_operator.py took 0.073 seconds
[2022-02-21 01:09:57,557] {processor.py:163} INFO - Started process (PID=1511) to work on /home/airflow/.local/lib/python3.7/site-packages/airflow/example_dags/example_bash_operator.py
[2022-02-21 01:09:57,571] {processor.py:642} INFO - Processing file /home/airflow/.local/lib/python3.7/site-packages/airflow/example_dags/example_bash_operator.py for tasks to queue
[2022-02-21 01:09:57,573] {logging_mixin.py:109} INFO - [2022-02-21 01:09:57,573] {dagbag.py:500} INFO - Filling up the DagBag from /home/airflow/.local/lib/python3.7/site-packages/airflow/example_dags/example_bash_operator.py
[2022-02-21 01:09:57,702] {processor.py:654} INFO - DAG(s) dict_keys(['example_bash_operator']) retrieved from /home/airflow/.local/lib/python3.7/site-packages/airflow/example_dags/example_bash_operator.py
[2022-02-21 01:09:57,752] {logging_mixin.py:109} INFO - [2022-02-21 01:09:57,752] {dag.py:2396} INFO - Sync 1 DAGs
[2022-02-21 01:09:57,985] {logging_mixin.py:109} INFO - [2022-02-21 01:09:57,984] {dag.py:2935} INFO - Setting next_dagrun for example_bash_operator to 2022-02-20 00:00:00+00:00
[2022-02-21 01:09:58,022] {processor.py:171} INFO - Processing /home/airflow/.local/lib/python3.7/site-packages/airflow/example_dags/example_bash_operator.py took 0.478 seconds
[2022-02-21 01:10:28,831] {processor.py:163} INFO - Started process (PID=1562) to work on /home/airflow/.local/lib/python3.7/site-packages/airflow/example_dags/example_bash_operator.py
[2022-02-21 01:10:28,834] {processor.py:642} INFO - Processing file /home/airflow/.local/lib/python3.7/site-packages/airflow/example_dags/example_bash_operator.py for tasks to queue
[2022-02-21 01:10:28,836] {logging_mixin.py:109} INFO - [2022-02-21 01:10:28,835] {dagbag.py:500} INFO - Filling up the DagBag from /home/airflow/.local/lib/python3.7/site-packages/airflow/example_dags/example_bash_operator.py
[2022-02-21 01:10:28,924] {processor.py:654} INFO - DAG(s) dict_keys(['example_bash_operator']) retrieved from /home/airflow/.local/lib/python3.7/site-packages/airflow/example_dags/example_bash_operator.py
[2022-02-21 01:10:28,952] {logging_mixin.py:109} INFO - [2022-02-21 01:10:28,952] {dag.py:2396} INFO - Sync 1 DAGs
[2022-02-21 01:10:29,198] {logging_mixin.py:109} INFO - [2022-02-21 01:10:29,198] {dag.py:2935} INFO - Setting next_dagrun for example_bash_operator to 2022-02-20 00:00:00+00:00
[2022-02-21 01:10:29,223] {processor.py:171} INFO - Processing /home/airflow/.local/lib/python3.7/site-packages/airflow/example_dags/example_bash_operator.py took 0.398 seconds
[2022-02-21 01:10:59,985] {processor.py:163} INFO - Started process (PID=1612) to work on /home/airflow/.local/lib/python3.7/site-packages/airflow/example_dags/example_bash_operator.py
[2022-02-21 01:10:59,987] {processor.py:642} INFO - Processing file /home/airflow/.local/lib/python3.7/site-packages/airflow/example_dags/example_bash_operator.py for tasks to queue
[2022-02-21 01:10:59,987] {logging_mixin.py:109} INFO - [2022-02-21 01:10:59,987] {dagbag.py:500} INFO - Filling up the DagBag from /home/airflow/.local/lib/python3.7/site-packages/airflow/example_dags/example_bash_operator.py
[2022-02-21 01:11:00,028] {processor.py:654} INFO - DAG(s) dict_keys(['example_bash_operator']) retrieved from /home/airflow/.local/lib/python3.7/site-packages/airflow/example_dags/example_bash_operator.py
[2022-02-21 01:11:00,046] {logging_mixin.py:109} INFO - [2022-02-21 01:11:00,046] {dag.py:2396} INFO - Sync 1 DAGs
[2022-02-21 01:11:00,208] {logging_mixin.py:109} INFO - [2022-02-21 01:11:00,208] {dag.py:2935} INFO - Setting next_dagrun for example_bash_operator to 2022-02-20 00:00:00+00:00
[2022-02-21 01:11:00,221] {processor.py:171} INFO - Processing /home/airflow/.local/lib/python3.7/site-packages/airflow/example_dags/example_bash_operator.py took 0.240 seconds
[2022-02-21 01:11:30,515] {processor.py:163} INFO - Started process (PID=1671) to work on /home/airflow/.local/lib/python3.7/site-packages/airflow/example_dags/example_bash_operator.py
[2022-02-21 01:11:30,520] {processor.py:642} INFO - Processing file /home/airflow/.local/lib/python3.7/site-packages/airflow/example_dags/example_bash_operator.py for tasks to queue
[2022-02-21 01:11:30,521] {logging_mixin.py:109} INFO - [2022-02-21 01:11:30,521] {dagbag.py:500} INFO - Filling up the DagBag from /home/airflow/.local/lib/python3.7/site-packages/airflow/example_dags/example_bash_operator.py
[2022-02-21 01:11:30,560] {processor.py:654} INFO - DAG(s) dict_keys(['example_bash_operator']) retrieved from /home/airflow/.local/lib/python3.7/site-packages/airflow/example_dags/example_bash_operator.py
[2022-02-21 01:11:30,572] {logging_mixin.py:109} INFO - [2022-02-21 01:11:30,572] {dag.py:2396} INFO - Sync 1 DAGs
[2022-02-21 01:11:30,699] {logging_mixin.py:109} INFO - [2022-02-21 01:11:30,699] {dag.py:2935} INFO - Setting next_dagrun for example_bash_operator to 2022-02-20 00:00:00+00:00
[2022-02-21 01:11:30,728] {processor.py:171} INFO - Processing /home/airflow/.local/lib/python3.7/site-packages/airflow/example_dags/example_bash_operator.py took 0.217 seconds
[2022-02-21 01:12:00,978] {processor.py:163} INFO - Started process (PID=1722) to work on /home/airflow/.local/lib/python3.7/site-packages/airflow/example_dags/example_bash_operator.py
[2022-02-21 01:12:00,980] {processor.py:642} INFO - Processing file /home/airflow/.local/lib/python3.7/site-packages/airflow/example_dags/example_bash_operator.py for tasks to queue
[2022-02-21 01:12:00,980] {logging_mixin.py:109} INFO - [2022-02-21 01:12:00,980] {dagbag.py:500} INFO - Filling up the DagBag from /home/airflow/.local/lib/python3.7/site-packages/airflow/example_dags/example_bash_operator.py
[2022-02-21 01:12:01,016] {processor.py:654} INFO - DAG(s) dict_keys(['example_bash_operator']) retrieved from /home/airflow/.local/lib/python3.7/site-packages/airflow/example_dags/example_bash_operator.py
[2022-02-21 01:12:01,027] {logging_mixin.py:109} INFO - [2022-02-21 01:12:01,027] {dag.py:2396} INFO - Sync 1 DAGs
[2022-02-21 01:12:01,143] {logging_mixin.py:109} INFO - [2022-02-21 01:12:01,143] {dag.py:2935} INFO - Setting next_dagrun for example_bash_operator to 2022-02-20 00:00:00+00:00
[2022-02-21 01:12:01,184] {processor.py:171} INFO - Processing /home/airflow/.local/lib/python3.7/site-packages/airflow/example_dags/example_bash_operator.py took 0.211 seconds
[2022-02-21 01:12:31,311] {processor.py:163} INFO - Started process (PID=1773) to work on /home/airflow/.local/lib/python3.7/site-packages/airflow/example_dags/example_bash_operator.py
[2022-02-21 01:12:31,313] {processor.py:642} INFO - Processing file /home/airflow/.local/lib/python3.7/site-packages/airflow/example_dags/example_bash_operator.py for tasks to queue
[2022-02-21 01:12:31,313] {logging_mixin.py:109} INFO - [2022-02-21 01:12:31,313] {dagbag.py:500} INFO - Filling up the DagBag from /home/airflow/.local/lib/python3.7/site-packages/airflow/example_dags/example_bash_operator.py
[2022-02-21 01:12:31,419] {processor.py:654} INFO - DAG(s) dict_keys(['example_bash_operator']) retrieved from /home/airflow/.local/lib/python3.7/site-packages/airflow/example_dags/example_bash_operator.py
[2022-02-21 01:12:31,428] {logging_mixin.py:109} INFO - [2022-02-21 01:12:31,428] {dag.py:2396} INFO - Sync 1 DAGs
[2022-02-21 01:12:31,443] {logging_mixin.py:109} INFO - [2022-02-21 01:12:31,442] {dag.py:2935} INFO - Setting next_dagrun for example_bash_operator to 2022-02-20 00:00:00+00:00
[2022-02-21 01:12:31,451] {processor.py:171} INFO - Processing /home/airflow/.local/lib/python3.7/site-packages/airflow/example_dags/example_bash_operator.py took 0.143 seconds
[2022-02-21 01:13:02,126] {processor.py:163} INFO - Started process (PID=1825) to work on /home/airflow/.local/lib/python3.7/site-packages/airflow/example_dags/example_bash_operator.py
[2022-02-21 01:13:02,127] {processor.py:642} INFO - Processing file /home/airflow/.local/lib/python3.7/site-packages/airflow/example_dags/example_bash_operator.py for tasks to queue
[2022-02-21 01:13:02,128] {logging_mixin.py:109} INFO - [2022-02-21 01:13:02,127] {dagbag.py:500} INFO - Filling up the DagBag from /home/airflow/.local/lib/python3.7/site-packages/airflow/example_dags/example_bash_operator.py
[2022-02-21 01:13:02,256] {processor.py:654} INFO - DAG(s) dict_keys(['example_bash_operator']) retrieved from /home/airflow/.local/lib/python3.7/site-packages/airflow/example_dags/example_bash_operator.py
[2022-02-21 01:13:02,266] {logging_mixin.py:109} INFO - [2022-02-21 01:13:02,266] {dag.py:2396} INFO - Sync 1 DAGs
[2022-02-21 01:13:02,283] {logging_mixin.py:109} INFO - [2022-02-21 01:13:02,283] {dag.py:2935} INFO - Setting next_dagrun for example_bash_operator to 2022-02-20 00:00:00+00:00
[2022-02-21 01:13:02,298] {processor.py:171} INFO - Processing /home/airflow/.local/lib/python3.7/site-packages/airflow/example_dags/example_bash_operator.py took 0.175 seconds
[2022-02-21 01:13:32,943] {processor.py:163} INFO - Started process (PID=1886) to work on /home/airflow/.local/lib/python3.7/site-packages/airflow/example_dags/example_bash_operator.py
[2022-02-21 01:13:32,945] {processor.py:642} INFO - Processing file /home/airflow/.local/lib/python3.7/site-packages/airflow/example_dags/example_bash_operator.py for tasks to queue
[2022-02-21 01:13:32,946] {logging_mixin.py:109} INFO - [2022-02-21 01:13:32,946] {dagbag.py:500} INFO - Filling up the DagBag from /home/airflow/.local/lib/python3.7/site-packages/airflow/example_dags/example_bash_operator.py
[2022-02-21 01:13:33,086] {processor.py:654} INFO - DAG(s) dict_keys(['example_bash_operator']) retrieved from /home/airflow/.local/lib/python3.7/site-packages/airflow/example_dags/example_bash_operator.py
[2022-02-21 01:13:33,099] {logging_mixin.py:109} INFO - [2022-02-21 01:13:33,099] {dag.py:2396} INFO - Sync 1 DAGs
[2022-02-21 01:13:33,120] {logging_mixin.py:109} INFO - [2022-02-21 01:13:33,119] {dag.py:2935} INFO - Setting next_dagrun for example_bash_operator to 2022-02-20 00:00:00+00:00
[2022-02-21 01:13:33,136] {processor.py:171} INFO - Processing /home/airflow/.local/lib/python3.7/site-packages/airflow/example_dags/example_bash_operator.py took 0.197 seconds
[2022-02-21 01:14:03,323] {processor.py:163} INFO - Started process (PID=1936) to work on /home/airflow/.local/lib/python3.7/site-packages/airflow/example_dags/example_bash_operator.py
[2022-02-21 01:14:03,325] {processor.py:642} INFO - Processing file /home/airflow/.local/lib/python3.7/site-packages/airflow/example_dags/example_bash_operator.py for tasks to queue
[2022-02-21 01:14:03,327] {logging_mixin.py:109} INFO - [2022-02-21 01:14:03,326] {dagbag.py:500} INFO - Filling up the DagBag from /home/airflow/.local/lib/python3.7/site-packages/airflow/example_dags/example_bash_operator.py
[2022-02-21 01:14:03,497] {processor.py:654} INFO - DAG(s) dict_keys(['example_bash_operator']) retrieved from /home/airflow/.local/lib/python3.7/site-packages/airflow/example_dags/example_bash_operator.py
[2022-02-21 01:14:03,513] {logging_mixin.py:109} INFO - [2022-02-21 01:14:03,513] {dag.py:2396} INFO - Sync 1 DAGs
[2022-02-21 01:14:03,539] {logging_mixin.py:109} INFO - [2022-02-21 01:14:03,539] {dag.py:2935} INFO - Setting next_dagrun for example_bash_operator to 2022-02-20 00:00:00+00:00
[2022-02-21 01:14:03,553] {processor.py:171} INFO - Processing /home/airflow/.local/lib/python3.7/site-packages/airflow/example_dags/example_bash_operator.py took 0.238 seconds
[2022-02-21 01:14:33,723] {processor.py:163} INFO - Started process (PID=1987) to work on /home/airflow/.local/lib/python3.7/site-packages/airflow/example_dags/example_bash_operator.py
[2022-02-21 01:14:33,729] {processor.py:642} INFO - Processing file /home/airflow/.local/lib/python3.7/site-packages/airflow/example_dags/example_bash_operator.py for tasks to queue
[2022-02-21 01:14:33,730] {logging_mixin.py:109} INFO - [2022-02-21 01:14:33,730] {dagbag.py:500} INFO - Filling up the DagBag from /home/airflow/.local/lib/python3.7/site-packages/airflow/example_dags/example_bash_operator.py
[2022-02-21 01:14:33,851] {processor.py:654} INFO - DAG(s) dict_keys(['example_bash_operator']) retrieved from /home/airflow/.local/lib/python3.7/site-packages/airflow/example_dags/example_bash_operator.py
[2022-02-21 01:14:33,862] {logging_mixin.py:109} INFO - [2022-02-21 01:14:33,861] {dag.py:2396} INFO - Sync 1 DAGs
[2022-02-21 01:14:33,888] {logging_mixin.py:109} INFO - [2022-02-21 01:14:33,887] {dag.py:2935} INFO - Setting next_dagrun for example_bash_operator to 2022-02-20 00:00:00+00:00
[2022-02-21 01:14:33,902] {processor.py:171} INFO - Processing /home/airflow/.local/lib/python3.7/site-packages/airflow/example_dags/example_bash_operator.py took 0.185 seconds
[2022-02-21 01:15:04,055] {processor.py:163} INFO - Started process (PID=2038) to work on /home/airflow/.local/lib/python3.7/site-packages/airflow/example_dags/example_bash_operator.py
[2022-02-21 01:15:04,056] {processor.py:642} INFO - Processing file /home/airflow/.local/lib/python3.7/site-packages/airflow/example_dags/example_bash_operator.py for tasks to queue
[2022-02-21 01:15:04,056] {logging_mixin.py:109} INFO - [2022-02-21 01:15:04,056] {dagbag.py:500} INFO - Filling up the DagBag from /home/airflow/.local/lib/python3.7/site-packages/airflow/example_dags/example_bash_operator.py
[2022-02-21 01:15:04,090] {processor.py:654} INFO - DAG(s) dict_keys(['example_bash_operator']) retrieved from /home/airflow/.local/lib/python3.7/site-packages/airflow/example_dags/example_bash_operator.py
[2022-02-21 01:15:04,101] {logging_mixin.py:109} INFO - [2022-02-21 01:15:04,101] {dag.py:2396} INFO - Sync 1 DAGs
[2022-02-21 01:15:04,120] {logging_mixin.py:109} INFO - [2022-02-21 01:15:04,120] {dag.py:2935} INFO - Setting next_dagrun for example_bash_operator to 2022-02-20 00:00:00+00:00
[2022-02-21 01:15:04,131] {processor.py:171} INFO - Processing /home/airflow/.local/lib/python3.7/site-packages/airflow/example_dags/example_bash_operator.py took 0.080 seconds
[2022-02-21 01:15:34,300] {processor.py:163} INFO - Started process (PID=2088) to work on /home/airflow/.local/lib/python3.7/site-packages/airflow/example_dags/example_bash_operator.py
[2022-02-21 01:15:34,304] {processor.py:642} INFO - Processing file /home/airflow/.local/lib/python3.7/site-packages/airflow/example_dags/example_bash_operator.py for tasks to queue
[2022-02-21 01:15:34,305] {logging_mixin.py:109} INFO - [2022-02-21 01:15:34,305] {dagbag.py:500} INFO - Filling up the DagBag from /home/airflow/.local/lib/python3.7/site-packages/airflow/example_dags/example_bash_operator.py
[2022-02-21 01:15:34,386] {processor.py:654} INFO - DAG(s) dict_keys(['example_bash_operator']) retrieved from /home/airflow/.local/lib/python3.7/site-packages/airflow/example_dags/example_bash_operator.py
[2022-02-21 01:15:34,424] {logging_mixin.py:109} INFO - [2022-02-21 01:15:34,424] {dag.py:2396} INFO - Sync 1 DAGs
[2022-02-21 01:15:34,479] {logging_mixin.py:109} INFO - [2022-02-21 01:15:34,479] {dag.py:2935} INFO - Setting next_dagrun for example_bash_operator to 2022-02-20 00:00:00+00:00
[2022-02-21 01:15:34,502] {processor.py:171} INFO - Processing /home/airflow/.local/lib/python3.7/site-packages/airflow/example_dags/example_bash_operator.py took 0.210 seconds
[2022-02-21 01:16:05,224] {processor.py:163} INFO - Started process (PID=2140) to work on /home/airflow/.local/lib/python3.7/site-packages/airflow/example_dags/example_bash_operator.py
[2022-02-21 01:16:05,230] {processor.py:642} INFO - Processing file /home/airflow/.local/lib/python3.7/site-packages/airflow/example_dags/example_bash_operator.py for tasks to queue
[2022-02-21 01:16:05,233] {logging_mixin.py:109} INFO - [2022-02-21 01:16:05,232] {dagbag.py:500} INFO - Filling up the DagBag from /home/airflow/.local/lib/python3.7/site-packages/airflow/example_dags/example_bash_operator.py
[2022-02-21 01:16:05,315] {processor.py:654} INFO - DAG(s) dict_keys(['example_bash_operator']) retrieved from /home/airflow/.local/lib/python3.7/site-packages/airflow/example_dags/example_bash_operator.py
[2022-02-21 01:16:05,339] {logging_mixin.py:109} INFO - [2022-02-21 01:16:05,338] {dag.py:2396} INFO - Sync 1 DAGs
[2022-02-21 01:16:05,403] {logging_mixin.py:109} INFO - [2022-02-21 01:16:05,402] {dag.py:2935} INFO - Setting next_dagrun for example_bash_operator to 2022-02-20 00:00:00+00:00
[2022-02-21 01:16:05,427] {processor.py:171} INFO - Processing /home/airflow/.local/lib/python3.7/site-packages/airflow/example_dags/example_bash_operator.py took 0.213 seconds
[2022-02-21 01:16:36,427] {processor.py:163} INFO - Started process (PID=2192) to work on /home/airflow/.local/lib/python3.7/site-packages/airflow/example_dags/example_bash_operator.py
[2022-02-21 01:16:36,429] {processor.py:642} INFO - Processing file /home/airflow/.local/lib/python3.7/site-packages/airflow/example_dags/example_bash_operator.py for tasks to queue
[2022-02-21 01:16:36,430] {logging_mixin.py:109} INFO - [2022-02-21 01:16:36,430] {dagbag.py:500} INFO - Filling up the DagBag from /home/airflow/.local/lib/python3.7/site-packages/airflow/example_dags/example_bash_operator.py
[2022-02-21 01:16:36,476] {processor.py:654} INFO - DAG(s) dict_keys(['example_bash_operator']) retrieved from /home/airflow/.local/lib/python3.7/site-packages/airflow/example_dags/example_bash_operator.py
[2022-02-21 01:16:36,491] {logging_mixin.py:109} INFO - [2022-02-21 01:16:36,491] {dag.py:2396} INFO - Sync 1 DAGs
[2022-02-21 01:16:36,515] {logging_mixin.py:109} INFO - [2022-02-21 01:16:36,514] {dag.py:2935} INFO - Setting next_dagrun for example_bash_operator to 2022-02-20 00:00:00+00:00
[2022-02-21 01:16:36,530] {processor.py:171} INFO - Processing /home/airflow/.local/lib/python3.7/site-packages/airflow/example_dags/example_bash_operator.py took 0.107 seconds
[2022-02-21 01:17:06,860] {processor.py:163} INFO - Started process (PID=2243) to work on /home/airflow/.local/lib/python3.7/site-packages/airflow/example_dags/example_bash_operator.py
[2022-02-21 01:17:06,861] {processor.py:642} INFO - Processing file /home/airflow/.local/lib/python3.7/site-packages/airflow/example_dags/example_bash_operator.py for tasks to queue
[2022-02-21 01:17:06,861] {logging_mixin.py:109} INFO - [2022-02-21 01:17:06,861] {dagbag.py:500} INFO - Filling up the DagBag from /home/airflow/.local/lib/python3.7/site-packages/airflow/example_dags/example_bash_operator.py
[2022-02-21 01:17:06,887] {processor.py:654} INFO - DAG(s) dict_keys(['example_bash_operator']) retrieved from /home/airflow/.local/lib/python3.7/site-packages/airflow/example_dags/example_bash_operator.py
[2022-02-21 01:17:06,897] {logging_mixin.py:109} INFO - [2022-02-21 01:17:06,897] {dag.py:2396} INFO - Sync 1 DAGs
[2022-02-21 01:17:06,913] {logging_mixin.py:109} INFO - [2022-02-21 01:17:06,913] {dag.py:2935} INFO - Setting next_dagrun for example_bash_operator to 2022-02-20 00:00:00+00:00
[2022-02-21 01:17:06,922] {processor.py:171} INFO - Processing /home/airflow/.local/lib/python3.7/site-packages/airflow/example_dags/example_bash_operator.py took 0.065 seconds
[2022-02-21 01:17:37,177] {processor.py:163} INFO - Started process (PID=2293) to work on /home/airflow/.local/lib/python3.7/site-packages/airflow/example_dags/example_bash_operator.py
[2022-02-21 01:17:37,178] {processor.py:642} INFO - Processing file /home/airflow/.local/lib/python3.7/site-packages/airflow/example_dags/example_bash_operator.py for tasks to queue
[2022-02-21 01:17:37,179] {logging_mixin.py:109} INFO - [2022-02-21 01:17:37,179] {dagbag.py:500} INFO - Filling up the DagBag from /home/airflow/.local/lib/python3.7/site-packages/airflow/example_dags/example_bash_operator.py
[2022-02-21 01:17:37,217] {processor.py:654} INFO - DAG(s) dict_keys(['example_bash_operator']) retrieved from /home/airflow/.local/lib/python3.7/site-packages/airflow/example_dags/example_bash_operator.py
[2022-02-21 01:17:37,228] {logging_mixin.py:109} INFO - [2022-02-21 01:17:37,228] {dag.py:2396} INFO - Sync 1 DAGs
[2022-02-21 01:17:37,254] {logging_mixin.py:109} INFO - [2022-02-21 01:17:37,253] {dag.py:2935} INFO - Setting next_dagrun for example_bash_operator to 2022-02-20 00:00:00+00:00
[2022-02-21 01:17:37,266] {processor.py:171} INFO - Processing /home/airflow/.local/lib/python3.7/site-packages/airflow/example_dags/example_bash_operator.py took 0.092 seconds
[2022-02-21 01:18:07,642] {processor.py:163} INFO - Started process (PID=2343) to work on /home/airflow/.local/lib/python3.7/site-packages/airflow/example_dags/example_bash_operator.py
[2022-02-21 01:18:07,644] {processor.py:642} INFO - Processing file /home/airflow/.local/lib/python3.7/site-packages/airflow/example_dags/example_bash_operator.py for tasks to queue
[2022-02-21 01:18:07,645] {logging_mixin.py:109} INFO - [2022-02-21 01:18:07,645] {dagbag.py:500} INFO - Filling up the DagBag from /home/airflow/.local/lib/python3.7/site-packages/airflow/example_dags/example_bash_operator.py
[2022-02-21 01:18:07,709] {processor.py:654} INFO - DAG(s) dict_keys(['example_bash_operator']) retrieved from /home/airflow/.local/lib/python3.7/site-packages/airflow/example_dags/example_bash_operator.py
[2022-02-21 01:18:07,723] {logging_mixin.py:109} INFO - [2022-02-21 01:18:07,723] {dag.py:2396} INFO - Sync 1 DAGs
[2022-02-21 01:18:07,745] {logging_mixin.py:109} INFO - [2022-02-21 01:18:07,745] {dag.py:2935} INFO - Setting next_dagrun for example_bash_operator to 2022-02-20 00:00:00+00:00
[2022-02-21 01:18:07,759] {processor.py:171} INFO - Processing /home/airflow/.local/lib/python3.7/site-packages/airflow/example_dags/example_bash_operator.py took 0.120 seconds
[2022-02-21 01:18:37,871] {processor.py:163} INFO - Started process (PID=2402) to work on /home/airflow/.local/lib/python3.7/site-packages/airflow/example_dags/example_bash_operator.py
[2022-02-21 01:18:37,875] {processor.py:642} INFO - Processing file /home/airflow/.local/lib/python3.7/site-packages/airflow/example_dags/example_bash_operator.py for tasks to queue
[2022-02-21 01:18:37,876] {logging_mixin.py:109} INFO - [2022-02-21 01:18:37,876] {dagbag.py:500} INFO - Filling up the DagBag from /home/airflow/.local/lib/python3.7/site-packages/airflow/example_dags/example_bash_operator.py
[2022-02-21 01:18:37,911] {processor.py:654} INFO - DAG(s) dict_keys(['example_bash_operator']) retrieved from /home/airflow/.local/lib/python3.7/site-packages/airflow/example_dags/example_bash_operator.py
[2022-02-21 01:18:37,923] {logging_mixin.py:109} INFO - [2022-02-21 01:18:37,923] {dag.py:2396} INFO - Sync 1 DAGs
[2022-02-21 01:18:37,942] {logging_mixin.py:109} INFO - [2022-02-21 01:18:37,942] {dag.py:2935} INFO - Setting next_dagrun for example_bash_operator to 2022-02-20 00:00:00+00:00
[2022-02-21 01:18:37,954] {processor.py:171} INFO - Processing /home/airflow/.local/lib/python3.7/site-packages/airflow/example_dags/example_bash_operator.py took 0.087 seconds
[2022-02-21 01:19:08,027] {processor.py:163} INFO - Started process (PID=2452) to work on /home/airflow/.local/lib/python3.7/site-packages/airflow/example_dags/example_bash_operator.py
[2022-02-21 01:19:08,027] {processor.py:642} INFO - Processing file /home/airflow/.local/lib/python3.7/site-packages/airflow/example_dags/example_bash_operator.py for tasks to queue
[2022-02-21 01:19:08,028] {logging_mixin.py:109} INFO - [2022-02-21 01:19:08,028] {dagbag.py:500} INFO - Filling up the DagBag from /home/airflow/.local/lib/python3.7/site-packages/airflow/example_dags/example_bash_operator.py
[2022-02-21 01:19:08,056] {processor.py:654} INFO - DAG(s) dict_keys(['example_bash_operator']) retrieved from /home/airflow/.local/lib/python3.7/site-packages/airflow/example_dags/example_bash_operator.py
[2022-02-21 01:19:08,064] {logging_mixin.py:109} INFO - [2022-02-21 01:19:08,064] {dag.py:2396} INFO - Sync 1 DAGs
[2022-02-21 01:19:08,079] {logging_mixin.py:109} INFO - [2022-02-21 01:19:08,078] {dag.py:2935} INFO - Setting next_dagrun for example_bash_operator to 2022-02-20 00:00:00+00:00
[2022-02-21 01:19:08,088] {processor.py:171} INFO - Processing /home/airflow/.local/lib/python3.7/site-packages/airflow/example_dags/example_bash_operator.py took 0.064 seconds
[2022-02-21 01:19:38,288] {processor.py:163} INFO - Started process (PID=2503) to work on /home/airflow/.local/lib/python3.7/site-packages/airflow/example_dags/example_bash_operator.py
[2022-02-21 01:19:38,292] {processor.py:642} INFO - Processing file /home/airflow/.local/lib/python3.7/site-packages/airflow/example_dags/example_bash_operator.py for tasks to queue
[2022-02-21 01:19:38,293] {logging_mixin.py:109} INFO - [2022-02-21 01:19:38,293] {dagbag.py:500} INFO - Filling up the DagBag from /home/airflow/.local/lib/python3.7/site-packages/airflow/example_dags/example_bash_operator.py
[2022-02-21 01:19:38,327] {processor.py:654} INFO - DAG(s) dict_keys(['example_bash_operator']) retrieved from /home/airflow/.local/lib/python3.7/site-packages/airflow/example_dags/example_bash_operator.py
[2022-02-21 01:19:38,341] {logging_mixin.py:109} INFO - [2022-02-21 01:19:38,341] {dag.py:2396} INFO - Sync 1 DAGs
[2022-02-21 01:19:38,360] {logging_mixin.py:109} INFO - [2022-02-21 01:19:38,360] {dag.py:2935} INFO - Setting next_dagrun for example_bash_operator to 2022-02-20 00:00:00+00:00
[2022-02-21 01:19:38,372] {processor.py:171} INFO - Processing /home/airflow/.local/lib/python3.7/site-packages/airflow/example_dags/example_bash_operator.py took 0.088 seconds
[2022-02-21 01:20:08,452] {processor.py:163} INFO - Started process (PID=2562) to work on /home/airflow/.local/lib/python3.7/site-packages/airflow/example_dags/example_bash_operator.py
[2022-02-21 01:20:08,454] {processor.py:642} INFO - Processing file /home/airflow/.local/lib/python3.7/site-packages/airflow/example_dags/example_bash_operator.py for tasks to queue
[2022-02-21 01:20:08,455] {logging_mixin.py:109} INFO - [2022-02-21 01:20:08,454] {dagbag.py:500} INFO - Filling up the DagBag from /home/airflow/.local/lib/python3.7/site-packages/airflow/example_dags/example_bash_operator.py
[2022-02-21 01:20:08,499] {processor.py:654} INFO - DAG(s) dict_keys(['example_bash_operator']) retrieved from /home/airflow/.local/lib/python3.7/site-packages/airflow/example_dags/example_bash_operator.py
[2022-02-21 01:20:08,510] {logging_mixin.py:109} INFO - [2022-02-21 01:20:08,510] {dag.py:2396} INFO - Sync 1 DAGs
[2022-02-21 01:20:08,530] {logging_mixin.py:109} INFO - [2022-02-21 01:20:08,530] {dag.py:2935} INFO - Setting next_dagrun for example_bash_operator to 2022-02-20 00:00:00+00:00
[2022-02-21 01:20:08,542] {processor.py:171} INFO - Processing /home/airflow/.local/lib/python3.7/site-packages/airflow/example_dags/example_bash_operator.py took 0.095 seconds
[2022-02-21 01:20:38,973] {processor.py:163} INFO - Started process (PID=2604) to work on /home/airflow/.local/lib/python3.7/site-packages/airflow/example_dags/example_bash_operator.py
[2022-02-21 01:20:38,976] {processor.py:642} INFO - Processing file /home/airflow/.local/lib/python3.7/site-packages/airflow/example_dags/example_bash_operator.py for tasks to queue
[2022-02-21 01:20:38,977] {logging_mixin.py:109} INFO - [2022-02-21 01:20:38,977] {dagbag.py:500} INFO - Filling up the DagBag from /home/airflow/.local/lib/python3.7/site-packages/airflow/example_dags/example_bash_operator.py
[2022-02-21 01:20:39,023] {processor.py:654} INFO - DAG(s) dict_keys(['example_bash_operator']) retrieved from /home/airflow/.local/lib/python3.7/site-packages/airflow/example_dags/example_bash_operator.py
[2022-02-21 01:20:39,037] {logging_mixin.py:109} INFO - [2022-02-21 01:20:39,037] {dag.py:2396} INFO - Sync 1 DAGs
[2022-02-21 01:20:39,064] {logging_mixin.py:109} INFO - [2022-02-21 01:20:39,064] {dag.py:2935} INFO - Setting next_dagrun for example_bash_operator to 2022-02-20 00:00:00+00:00
[2022-02-21 01:20:39,078] {processor.py:171} INFO - Processing /home/airflow/.local/lib/python3.7/site-packages/airflow/example_dags/example_bash_operator.py took 0.110 seconds
[2022-02-21 01:21:09,403] {processor.py:163} INFO - Started process (PID=2663) to work on /home/airflow/.local/lib/python3.7/site-packages/airflow/example_dags/example_bash_operator.py
[2022-02-21 01:21:09,405] {processor.py:642} INFO - Processing file /home/airflow/.local/lib/python3.7/site-packages/airflow/example_dags/example_bash_operator.py for tasks to queue
[2022-02-21 01:21:09,408] {logging_mixin.py:109} INFO - [2022-02-21 01:21:09,408] {dagbag.py:500} INFO - Filling up the DagBag from /home/airflow/.local/lib/python3.7/site-packages/airflow/example_dags/example_bash_operator.py
[2022-02-21 01:21:09,467] {processor.py:654} INFO - DAG(s) dict_keys(['example_bash_operator']) retrieved from /home/airflow/.local/lib/python3.7/site-packages/airflow/example_dags/example_bash_operator.py
[2022-02-21 01:21:09,484] {logging_mixin.py:109} INFO - [2022-02-21 01:21:09,484] {dag.py:2396} INFO - Sync 1 DAGs
[2022-02-21 01:21:09,509] {logging_mixin.py:109} INFO - [2022-02-21 01:21:09,509] {dag.py:2935} INFO - Setting next_dagrun for example_bash_operator to 2022-02-20 00:00:00+00:00
[2022-02-21 01:21:09,527] {processor.py:171} INFO - Processing /home/airflow/.local/lib/python3.7/site-packages/airflow/example_dags/example_bash_operator.py took 0.130 seconds
