[2022-02-21 00:58:10,914] {processor.py:163} INFO - Started process (PID=121) to work on /home/airflow/.local/lib/python3.7/site-packages/airflow/example_dags/example_task_group.py
[2022-02-21 00:58:10,917] {processor.py:642} INFO - Processing file /home/airflow/.local/lib/python3.7/site-packages/airflow/example_dags/example_task_group.py for tasks to queue
[2022-02-21 00:58:10,919] {logging_mixin.py:109} INFO - [2022-02-21 00:58:10,918] {dagbag.py:500} INFO - Filling up the DagBag from /home/airflow/.local/lib/python3.7/site-packages/airflow/example_dags/example_task_group.py
[2022-02-21 00:58:10,988] {processor.py:654} INFO - DAG(s) dict_keys(['example_task_group']) retrieved from /home/airflow/.local/lib/python3.7/site-packages/airflow/example_dags/example_task_group.py
[2022-02-21 00:58:16,575] {logging_mixin.py:109} INFO - [2022-02-21 00:58:16,575] {manager.py:496} INFO - Created Permission View: can edit on DAG:example_task_group
[2022-02-21 00:58:16,618] {logging_mixin.py:109} INFO - [2022-02-21 00:58:16,618] {manager.py:496} INFO - Created Permission View: can read on DAG:example_task_group
[2022-02-21 00:58:16,620] {logging_mixin.py:109} INFO - [2022-02-21 00:58:16,618] {dag.py:2396} INFO - Sync 1 DAGs
[2022-02-21 00:58:16,655] {logging_mixin.py:109} INFO - [2022-02-21 00:58:16,654] {dag.py:2415} INFO - Creating ORM DAG for example_task_group
[2022-02-21 00:58:16,690] {logging_mixin.py:109} INFO - [2022-02-21 00:58:16,690] {dag.py:2935} INFO - Setting next_dagrun for example_task_group to 2022-02-20T00:58:16.689512+00:00
[2022-02-21 00:58:16,778] {processor.py:171} INFO - Processing /home/airflow/.local/lib/python3.7/site-packages/airflow/example_dags/example_task_group.py took 5.871 seconds
[2022-02-21 00:59:06,219] {processor.py:163} INFO - Started process (PID=375) to work on /home/airflow/.local/lib/python3.7/site-packages/airflow/example_dags/example_task_group.py
[2022-02-21 00:59:06,221] {processor.py:642} INFO - Processing file /home/airflow/.local/lib/python3.7/site-packages/airflow/example_dags/example_task_group.py for tasks to queue
[2022-02-21 00:59:06,222] {logging_mixin.py:109} INFO - [2022-02-21 00:59:06,221] {dagbag.py:500} INFO - Filling up the DagBag from /home/airflow/.local/lib/python3.7/site-packages/airflow/example_dags/example_task_group.py
[2022-02-21 00:59:06,263] {processor.py:654} INFO - DAG(s) dict_keys(['example_task_group']) retrieved from /home/airflow/.local/lib/python3.7/site-packages/airflow/example_dags/example_task_group.py
[2022-02-21 00:59:06,278] {logging_mixin.py:109} INFO - [2022-02-21 00:59:06,277] {dag.py:2396} INFO - Sync 1 DAGs
[2022-02-21 00:59:06,298] {logging_mixin.py:109} INFO - [2022-02-21 00:59:06,297] {dag.py:2935} INFO - Setting next_dagrun for example_task_group to 2022-02-20T00:59:06.297570+00:00
[2022-02-21 00:59:06,313] {processor.py:171} INFO - Processing /home/airflow/.local/lib/python3.7/site-packages/airflow/example_dags/example_task_group.py took 0.098 seconds
[2022-02-21 00:59:38,045] {processor.py:163} INFO - Started process (PID=433) to work on /home/airflow/.local/lib/python3.7/site-packages/airflow/example_dags/example_task_group.py
[2022-02-21 00:59:38,049] {processor.py:642} INFO - Processing file /home/airflow/.local/lib/python3.7/site-packages/airflow/example_dags/example_task_group.py for tasks to queue
[2022-02-21 00:59:38,052] {logging_mixin.py:109} INFO - [2022-02-21 00:59:38,051] {dagbag.py:500} INFO - Filling up the DagBag from /home/airflow/.local/lib/python3.7/site-packages/airflow/example_dags/example_task_group.py
[2022-02-21 00:59:38,174] {processor.py:654} INFO - DAG(s) dict_keys(['example_task_group']) retrieved from /home/airflow/.local/lib/python3.7/site-packages/airflow/example_dags/example_task_group.py
[2022-02-21 00:59:38,226] {logging_mixin.py:109} INFO - [2022-02-21 00:59:38,226] {dag.py:2396} INFO - Sync 1 DAGs
[2022-02-21 00:59:38,346] {logging_mixin.py:109} INFO - [2022-02-21 00:59:38,342] {dag.py:2935} INFO - Setting next_dagrun for example_task_group to 2022-02-20T00:59:38.332841+00:00
[2022-02-21 00:59:38,420] {processor.py:171} INFO - Processing /home/airflow/.local/lib/python3.7/site-packages/airflow/example_dags/example_task_group.py took 0.383 seconds
[2022-02-21 01:00:09,422] {processor.py:163} INFO - Started process (PID=486) to work on /home/airflow/.local/lib/python3.7/site-packages/airflow/example_dags/example_task_group.py
[2022-02-21 01:00:09,423] {processor.py:642} INFO - Processing file /home/airflow/.local/lib/python3.7/site-packages/airflow/example_dags/example_task_group.py for tasks to queue
[2022-02-21 01:00:09,424] {logging_mixin.py:109} INFO - [2022-02-21 01:00:09,424] {dagbag.py:500} INFO - Filling up the DagBag from /home/airflow/.local/lib/python3.7/site-packages/airflow/example_dags/example_task_group.py
[2022-02-21 01:00:09,459] {processor.py:654} INFO - DAG(s) dict_keys(['example_task_group']) retrieved from /home/airflow/.local/lib/python3.7/site-packages/airflow/example_dags/example_task_group.py
[2022-02-21 01:00:09,472] {logging_mixin.py:109} INFO - [2022-02-21 01:00:09,472] {dag.py:2396} INFO - Sync 1 DAGs
[2022-02-21 01:00:09,494] {logging_mixin.py:109} INFO - [2022-02-21 01:00:09,494] {dag.py:2935} INFO - Setting next_dagrun for example_task_group to 2022-02-20T01:00:09.494031+00:00
[2022-02-21 01:00:09,509] {processor.py:171} INFO - Processing /home/airflow/.local/lib/python3.7/site-packages/airflow/example_dags/example_task_group.py took 0.091 seconds
[2022-02-21 01:00:39,874] {processor.py:163} INFO - Started process (PID=537) to work on /home/airflow/.local/lib/python3.7/site-packages/airflow/example_dags/example_task_group.py
[2022-02-21 01:00:39,899] {processor.py:642} INFO - Processing file /home/airflow/.local/lib/python3.7/site-packages/airflow/example_dags/example_task_group.py for tasks to queue
[2022-02-21 01:00:39,900] {logging_mixin.py:109} INFO - [2022-02-21 01:00:39,900] {dagbag.py:500} INFO - Filling up the DagBag from /home/airflow/.local/lib/python3.7/site-packages/airflow/example_dags/example_task_group.py
[2022-02-21 01:00:39,979] {processor.py:654} INFO - DAG(s) dict_keys(['example_task_group']) retrieved from /home/airflow/.local/lib/python3.7/site-packages/airflow/example_dags/example_task_group.py
[2022-02-21 01:00:39,989] {logging_mixin.py:109} INFO - [2022-02-21 01:00:39,989] {dag.py:2396} INFO - Sync 1 DAGs
[2022-02-21 01:00:40,004] {logging_mixin.py:109} INFO - [2022-02-21 01:00:40,004] {dag.py:2935} INFO - Setting next_dagrun for example_task_group to 2022-02-20T01:00:40.004333+00:00
[2022-02-21 01:00:40,153] {processor.py:171} INFO - Processing /home/airflow/.local/lib/python3.7/site-packages/airflow/example_dags/example_task_group.py took 0.282 seconds
[2022-02-21 01:01:11,143] {processor.py:163} INFO - Started process (PID=588) to work on /home/airflow/.local/lib/python3.7/site-packages/airflow/example_dags/example_task_group.py
[2022-02-21 01:01:11,144] {processor.py:642} INFO - Processing file /home/airflow/.local/lib/python3.7/site-packages/airflow/example_dags/example_task_group.py for tasks to queue
[2022-02-21 01:01:11,145] {logging_mixin.py:109} INFO - [2022-02-21 01:01:11,145] {dagbag.py:500} INFO - Filling up the DagBag from /home/airflow/.local/lib/python3.7/site-packages/airflow/example_dags/example_task_group.py
[2022-02-21 01:01:11,176] {processor.py:654} INFO - DAG(s) dict_keys(['example_task_group']) retrieved from /home/airflow/.local/lib/python3.7/site-packages/airflow/example_dags/example_task_group.py
[2022-02-21 01:01:11,190] {logging_mixin.py:109} INFO - [2022-02-21 01:01:11,190] {dag.py:2396} INFO - Sync 1 DAGs
[2022-02-21 01:01:11,210] {logging_mixin.py:109} INFO - [2022-02-21 01:01:11,209] {dag.py:2935} INFO - Setting next_dagrun for example_task_group to 2022-02-20T01:01:11.208668+00:00
[2022-02-21 01:01:11,222] {processor.py:171} INFO - Processing /home/airflow/.local/lib/python3.7/site-packages/airflow/example_dags/example_task_group.py took 0.082 seconds
[2022-02-21 01:01:41,321] {processor.py:163} INFO - Started process (PID=647) to work on /home/airflow/.local/lib/python3.7/site-packages/airflow/example_dags/example_task_group.py
[2022-02-21 01:01:41,323] {processor.py:642} INFO - Processing file /home/airflow/.local/lib/python3.7/site-packages/airflow/example_dags/example_task_group.py for tasks to queue
[2022-02-21 01:01:41,324] {logging_mixin.py:109} INFO - [2022-02-21 01:01:41,324] {dagbag.py:500} INFO - Filling up the DagBag from /home/airflow/.local/lib/python3.7/site-packages/airflow/example_dags/example_task_group.py
[2022-02-21 01:01:41,369] {processor.py:654} INFO - DAG(s) dict_keys(['example_task_group']) retrieved from /home/airflow/.local/lib/python3.7/site-packages/airflow/example_dags/example_task_group.py
[2022-02-21 01:01:41,384] {logging_mixin.py:109} INFO - [2022-02-21 01:01:41,384] {dag.py:2396} INFO - Sync 1 DAGs
[2022-02-21 01:01:41,409] {logging_mixin.py:109} INFO - [2022-02-21 01:01:41,409] {dag.py:2935} INFO - Setting next_dagrun for example_task_group to 2022-02-20T01:01:41.409022+00:00
[2022-02-21 01:01:41,422] {processor.py:171} INFO - Processing /home/airflow/.local/lib/python3.7/site-packages/airflow/example_dags/example_task_group.py took 0.105 seconds
[2022-02-21 01:02:11,511] {processor.py:163} INFO - Started process (PID=699) to work on /home/airflow/.local/lib/python3.7/site-packages/airflow/example_dags/example_task_group.py
[2022-02-21 01:02:11,512] {processor.py:642} INFO - Processing file /home/airflow/.local/lib/python3.7/site-packages/airflow/example_dags/example_task_group.py for tasks to queue
[2022-02-21 01:02:11,512] {logging_mixin.py:109} INFO - [2022-02-21 01:02:11,512] {dagbag.py:500} INFO - Filling up the DagBag from /home/airflow/.local/lib/python3.7/site-packages/airflow/example_dags/example_task_group.py
[2022-02-21 01:02:11,538] {processor.py:654} INFO - DAG(s) dict_keys(['example_task_group']) retrieved from /home/airflow/.local/lib/python3.7/site-packages/airflow/example_dags/example_task_group.py
[2022-02-21 01:02:11,548] {logging_mixin.py:109} INFO - [2022-02-21 01:02:11,548] {dag.py:2396} INFO - Sync 1 DAGs
[2022-02-21 01:02:11,562] {logging_mixin.py:109} INFO - [2022-02-21 01:02:11,562] {dag.py:2935} INFO - Setting next_dagrun for example_task_group to 2022-02-20T01:02:11.561943+00:00
[2022-02-21 01:02:11,572] {processor.py:171} INFO - Processing /home/airflow/.local/lib/python3.7/site-packages/airflow/example_dags/example_task_group.py took 0.064 seconds
[2022-02-21 01:02:41,975] {processor.py:163} INFO - Started process (PID=750) to work on /home/airflow/.local/lib/python3.7/site-packages/airflow/example_dags/example_task_group.py
[2022-02-21 01:02:41,980] {processor.py:642} INFO - Processing file /home/airflow/.local/lib/python3.7/site-packages/airflow/example_dags/example_task_group.py for tasks to queue
[2022-02-21 01:02:41,981] {logging_mixin.py:109} INFO - [2022-02-21 01:02:41,981] {dagbag.py:500} INFO - Filling up the DagBag from /home/airflow/.local/lib/python3.7/site-packages/airflow/example_dags/example_task_group.py
[2022-02-21 01:02:42,020] {processor.py:654} INFO - DAG(s) dict_keys(['example_task_group']) retrieved from /home/airflow/.local/lib/python3.7/site-packages/airflow/example_dags/example_task_group.py
[2022-02-21 01:02:42,034] {logging_mixin.py:109} INFO - [2022-02-21 01:02:42,034] {dag.py:2396} INFO - Sync 1 DAGs
[2022-02-21 01:02:42,054] {logging_mixin.py:109} INFO - [2022-02-21 01:02:42,054] {dag.py:2935} INFO - Setting next_dagrun for example_task_group to 2022-02-20T01:02:42.053974+00:00
[2022-02-21 01:02:42,068] {processor.py:171} INFO - Processing /home/airflow/.local/lib/python3.7/site-packages/airflow/example_dags/example_task_group.py took 0.097 seconds
[2022-02-21 01:03:12,089] {processor.py:163} INFO - Started process (PID=801) to work on /home/airflow/.local/lib/python3.7/site-packages/airflow/example_dags/example_task_group.py
[2022-02-21 01:03:12,090] {processor.py:642} INFO - Processing file /home/airflow/.local/lib/python3.7/site-packages/airflow/example_dags/example_task_group.py for tasks to queue
[2022-02-21 01:03:12,090] {logging_mixin.py:109} INFO - [2022-02-21 01:03:12,090] {dagbag.py:500} INFO - Filling up the DagBag from /home/airflow/.local/lib/python3.7/site-packages/airflow/example_dags/example_task_group.py
[2022-02-21 01:03:12,119] {processor.py:654} INFO - DAG(s) dict_keys(['example_task_group']) retrieved from /home/airflow/.local/lib/python3.7/site-packages/airflow/example_dags/example_task_group.py
[2022-02-21 01:03:12,130] {logging_mixin.py:109} INFO - [2022-02-21 01:03:12,130] {dag.py:2396} INFO - Sync 1 DAGs
[2022-02-21 01:03:12,147] {logging_mixin.py:109} INFO - [2022-02-21 01:03:12,147] {dag.py:2935} INFO - Setting next_dagrun for example_task_group to 2022-02-20T01:03:12.146956+00:00
[2022-02-21 01:03:12,157] {processor.py:171} INFO - Processing /home/airflow/.local/lib/python3.7/site-packages/airflow/example_dags/example_task_group.py took 0.071 seconds
[2022-02-21 01:03:42,319] {processor.py:163} INFO - Started process (PID=860) to work on /home/airflow/.local/lib/python3.7/site-packages/airflow/example_dags/example_task_group.py
[2022-02-21 01:03:42,320] {processor.py:642} INFO - Processing file /home/airflow/.local/lib/python3.7/site-packages/airflow/example_dags/example_task_group.py for tasks to queue
[2022-02-21 01:03:42,321] {logging_mixin.py:109} INFO - [2022-02-21 01:03:42,321] {dagbag.py:500} INFO - Filling up the DagBag from /home/airflow/.local/lib/python3.7/site-packages/airflow/example_dags/example_task_group.py
[2022-02-21 01:03:42,350] {processor.py:654} INFO - DAG(s) dict_keys(['example_task_group']) retrieved from /home/airflow/.local/lib/python3.7/site-packages/airflow/example_dags/example_task_group.py
[2022-02-21 01:03:42,360] {logging_mixin.py:109} INFO - [2022-02-21 01:03:42,360] {dag.py:2396} INFO - Sync 1 DAGs
[2022-02-21 01:03:42,374] {logging_mixin.py:109} INFO - [2022-02-21 01:03:42,373] {dag.py:2935} INFO - Setting next_dagrun for example_task_group to 2022-02-20T01:03:42.373689+00:00
[2022-02-21 01:03:42,383] {processor.py:171} INFO - Processing /home/airflow/.local/lib/python3.7/site-packages/airflow/example_dags/example_task_group.py took 0.067 seconds
[2022-02-21 01:04:12,574] {processor.py:163} INFO - Started process (PID=911) to work on /home/airflow/.local/lib/python3.7/site-packages/airflow/example_dags/example_task_group.py
[2022-02-21 01:04:12,575] {processor.py:642} INFO - Processing file /home/airflow/.local/lib/python3.7/site-packages/airflow/example_dags/example_task_group.py for tasks to queue
[2022-02-21 01:04:12,575] {logging_mixin.py:109} INFO - [2022-02-21 01:04:12,575] {dagbag.py:500} INFO - Filling up the DagBag from /home/airflow/.local/lib/python3.7/site-packages/airflow/example_dags/example_task_group.py
[2022-02-21 01:04:12,610] {processor.py:654} INFO - DAG(s) dict_keys(['example_task_group']) retrieved from /home/airflow/.local/lib/python3.7/site-packages/airflow/example_dags/example_task_group.py
[2022-02-21 01:04:12,622] {logging_mixin.py:109} INFO - [2022-02-21 01:04:12,622] {dag.py:2396} INFO - Sync 1 DAGs
[2022-02-21 01:04:12,640] {logging_mixin.py:109} INFO - [2022-02-21 01:04:12,640] {dag.py:2935} INFO - Setting next_dagrun for example_task_group to 2022-02-20T01:04:12.640119+00:00
[2022-02-21 01:04:12,652] {processor.py:171} INFO - Processing /home/airflow/.local/lib/python3.7/site-packages/airflow/example_dags/example_task_group.py took 0.082 seconds
[2022-02-21 01:04:42,974] {processor.py:163} INFO - Started process (PID=962) to work on /home/airflow/.local/lib/python3.7/site-packages/airflow/example_dags/example_task_group.py
[2022-02-21 01:04:42,979] {processor.py:642} INFO - Processing file /home/airflow/.local/lib/python3.7/site-packages/airflow/example_dags/example_task_group.py for tasks to queue
[2022-02-21 01:04:42,980] {logging_mixin.py:109} INFO - [2022-02-21 01:04:42,980] {dagbag.py:500} INFO - Filling up the DagBag from /home/airflow/.local/lib/python3.7/site-packages/airflow/example_dags/example_task_group.py
[2022-02-21 01:04:43,015] {processor.py:654} INFO - DAG(s) dict_keys(['example_task_group']) retrieved from /home/airflow/.local/lib/python3.7/site-packages/airflow/example_dags/example_task_group.py
[2022-02-21 01:04:43,029] {logging_mixin.py:109} INFO - [2022-02-21 01:04:43,029] {dag.py:2396} INFO - Sync 1 DAGs
[2022-02-21 01:04:43,049] {logging_mixin.py:109} INFO - [2022-02-21 01:04:43,049] {dag.py:2935} INFO - Setting next_dagrun for example_task_group to 2022-02-20T01:04:43.049243+00:00
[2022-02-21 01:04:43,063] {processor.py:171} INFO - Processing /home/airflow/.local/lib/python3.7/site-packages/airflow/example_dags/example_task_group.py took 0.093 seconds
[2022-02-21 01:05:13,426] {processor.py:163} INFO - Started process (PID=1013) to work on /home/airflow/.local/lib/python3.7/site-packages/airflow/example_dags/example_task_group.py
[2022-02-21 01:05:13,428] {processor.py:642} INFO - Processing file /home/airflow/.local/lib/python3.7/site-packages/airflow/example_dags/example_task_group.py for tasks to queue
[2022-02-21 01:05:13,428] {logging_mixin.py:109} INFO - [2022-02-21 01:05:13,428] {dagbag.py:500} INFO - Filling up the DagBag from /home/airflow/.local/lib/python3.7/site-packages/airflow/example_dags/example_task_group.py
[2022-02-21 01:05:13,464] {processor.py:654} INFO - DAG(s) dict_keys(['example_task_group']) retrieved from /home/airflow/.local/lib/python3.7/site-packages/airflow/example_dags/example_task_group.py
[2022-02-21 01:05:13,479] {logging_mixin.py:109} INFO - [2022-02-21 01:05:13,479] {dag.py:2396} INFO - Sync 1 DAGs
[2022-02-21 01:05:13,499] {logging_mixin.py:109} INFO - [2022-02-21 01:05:13,499] {dag.py:2935} INFO - Setting next_dagrun for example_task_group to 2022-02-20T01:05:13.499289+00:00
[2022-02-21 01:05:13,512] {processor.py:171} INFO - Processing /home/airflow/.local/lib/python3.7/site-packages/airflow/example_dags/example_task_group.py took 0.090 seconds
[2022-02-21 01:05:43,761] {processor.py:163} INFO - Started process (PID=1073) to work on /home/airflow/.local/lib/python3.7/site-packages/airflow/example_dags/example_task_group.py
[2022-02-21 01:05:43,767] {processor.py:642} INFO - Processing file /home/airflow/.local/lib/python3.7/site-packages/airflow/example_dags/example_task_group.py for tasks to queue
[2022-02-21 01:05:43,768] {logging_mixin.py:109} INFO - [2022-02-21 01:05:43,768] {dagbag.py:500} INFO - Filling up the DagBag from /home/airflow/.local/lib/python3.7/site-packages/airflow/example_dags/example_task_group.py
[2022-02-21 01:05:43,814] {processor.py:654} INFO - DAG(s) dict_keys(['example_task_group']) retrieved from /home/airflow/.local/lib/python3.7/site-packages/airflow/example_dags/example_task_group.py
[2022-02-21 01:05:43,831] {logging_mixin.py:109} INFO - [2022-02-21 01:05:43,831] {dag.py:2396} INFO - Sync 1 DAGs
[2022-02-21 01:05:43,857] {logging_mixin.py:109} INFO - [2022-02-21 01:05:43,857] {dag.py:2935} INFO - Setting next_dagrun for example_task_group to 2022-02-20T01:05:43.856987+00:00
[2022-02-21 01:05:43,874] {processor.py:171} INFO - Processing /home/airflow/.local/lib/python3.7/site-packages/airflow/example_dags/example_task_group.py took 0.117 seconds
[2022-02-21 01:06:14,169] {processor.py:163} INFO - Started process (PID=1123) to work on /home/airflow/.local/lib/python3.7/site-packages/airflow/example_dags/example_task_group.py
[2022-02-21 01:06:14,170] {processor.py:642} INFO - Processing file /home/airflow/.local/lib/python3.7/site-packages/airflow/example_dags/example_task_group.py for tasks to queue
[2022-02-21 01:06:14,171] {logging_mixin.py:109} INFO - [2022-02-21 01:06:14,171] {dagbag.py:500} INFO - Filling up the DagBag from /home/airflow/.local/lib/python3.7/site-packages/airflow/example_dags/example_task_group.py
[2022-02-21 01:06:14,205] {processor.py:654} INFO - DAG(s) dict_keys(['example_task_group']) retrieved from /home/airflow/.local/lib/python3.7/site-packages/airflow/example_dags/example_task_group.py
[2022-02-21 01:06:14,221] {logging_mixin.py:109} INFO - [2022-02-21 01:06:14,221] {dag.py:2396} INFO - Sync 1 DAGs
[2022-02-21 01:06:14,242] {logging_mixin.py:109} INFO - [2022-02-21 01:06:14,242] {dag.py:2935} INFO - Setting next_dagrun for example_task_group to 2022-02-20T01:06:14.241812+00:00
[2022-02-21 01:06:14,255] {processor.py:171} INFO - Processing /home/airflow/.local/lib/python3.7/site-packages/airflow/example_dags/example_task_group.py took 0.090 seconds
[2022-02-21 01:06:44,737] {processor.py:163} INFO - Started process (PID=1174) to work on /home/airflow/.local/lib/python3.7/site-packages/airflow/example_dags/example_task_group.py
[2022-02-21 01:06:44,739] {processor.py:642} INFO - Processing file /home/airflow/.local/lib/python3.7/site-packages/airflow/example_dags/example_task_group.py for tasks to queue
[2022-02-21 01:06:44,740] {logging_mixin.py:109} INFO - [2022-02-21 01:06:44,740] {dagbag.py:500} INFO - Filling up the DagBag from /home/airflow/.local/lib/python3.7/site-packages/airflow/example_dags/example_task_group.py
[2022-02-21 01:06:44,771] {processor.py:654} INFO - DAG(s) dict_keys(['example_task_group']) retrieved from /home/airflow/.local/lib/python3.7/site-packages/airflow/example_dags/example_task_group.py
[2022-02-21 01:06:44,782] {logging_mixin.py:109} INFO - [2022-02-21 01:06:44,782] {dag.py:2396} INFO - Sync 1 DAGs
[2022-02-21 01:06:44,799] {logging_mixin.py:109} INFO - [2022-02-21 01:06:44,799] {dag.py:2935} INFO - Setting next_dagrun for example_task_group to 2022-02-20T01:06:44.798752+00:00
[2022-02-21 01:06:44,809] {processor.py:171} INFO - Processing /home/airflow/.local/lib/python3.7/site-packages/airflow/example_dags/example_task_group.py took 0.075 seconds
[2022-02-21 01:07:14,885] {processor.py:163} INFO - Started process (PID=1225) to work on /home/airflow/.local/lib/python3.7/site-packages/airflow/example_dags/example_task_group.py
[2022-02-21 01:07:14,886] {processor.py:642} INFO - Processing file /home/airflow/.local/lib/python3.7/site-packages/airflow/example_dags/example_task_group.py for tasks to queue
[2022-02-21 01:07:14,887] {logging_mixin.py:109} INFO - [2022-02-21 01:07:14,887] {dagbag.py:500} INFO - Filling up the DagBag from /home/airflow/.local/lib/python3.7/site-packages/airflow/example_dags/example_task_group.py
[2022-02-21 01:07:14,920] {processor.py:654} INFO - DAG(s) dict_keys(['example_task_group']) retrieved from /home/airflow/.local/lib/python3.7/site-packages/airflow/example_dags/example_task_group.py
[2022-02-21 01:07:14,934] {logging_mixin.py:109} INFO - [2022-02-21 01:07:14,933] {dag.py:2396} INFO - Sync 1 DAGs
[2022-02-21 01:07:14,953] {logging_mixin.py:109} INFO - [2022-02-21 01:07:14,953] {dag.py:2935} INFO - Setting next_dagrun for example_task_group to 2022-02-20T01:07:14.952806+00:00
[2022-02-21 01:07:14,969] {processor.py:171} INFO - Processing /home/airflow/.local/lib/python3.7/site-packages/airflow/example_dags/example_task_group.py took 0.087 seconds
[2022-02-21 01:07:45,386] {processor.py:163} INFO - Started process (PID=1275) to work on /home/airflow/.local/lib/python3.7/site-packages/airflow/example_dags/example_task_group.py
[2022-02-21 01:07:45,391] {processor.py:642} INFO - Processing file /home/airflow/.local/lib/python3.7/site-packages/airflow/example_dags/example_task_group.py for tasks to queue
[2022-02-21 01:07:45,392] {logging_mixin.py:109} INFO - [2022-02-21 01:07:45,392] {dagbag.py:500} INFO - Filling up the DagBag from /home/airflow/.local/lib/python3.7/site-packages/airflow/example_dags/example_task_group.py
[2022-02-21 01:07:45,429] {processor.py:654} INFO - DAG(s) dict_keys(['example_task_group']) retrieved from /home/airflow/.local/lib/python3.7/site-packages/airflow/example_dags/example_task_group.py
[2022-02-21 01:07:45,444] {logging_mixin.py:109} INFO - [2022-02-21 01:07:45,444] {dag.py:2396} INFO - Sync 1 DAGs
[2022-02-21 01:07:45,469] {logging_mixin.py:109} INFO - [2022-02-21 01:07:45,469] {dag.py:2935} INFO - Setting next_dagrun for example_task_group to 2022-02-20T01:07:45.468785+00:00
[2022-02-21 01:07:45,484] {processor.py:171} INFO - Processing /home/airflow/.local/lib/python3.7/site-packages/airflow/example_dags/example_task_group.py took 0.101 seconds
[2022-02-21 01:08:15,504] {processor.py:163} INFO - Started process (PID=1336) to work on /home/airflow/.local/lib/python3.7/site-packages/airflow/example_dags/example_task_group.py
[2022-02-21 01:08:15,505] {processor.py:642} INFO - Processing file /home/airflow/.local/lib/python3.7/site-packages/airflow/example_dags/example_task_group.py for tasks to queue
[2022-02-21 01:08:15,505] {logging_mixin.py:109} INFO - [2022-02-21 01:08:15,505] {dagbag.py:500} INFO - Filling up the DagBag from /home/airflow/.local/lib/python3.7/site-packages/airflow/example_dags/example_task_group.py
[2022-02-21 01:08:15,540] {processor.py:654} INFO - DAG(s) dict_keys(['example_task_group']) retrieved from /home/airflow/.local/lib/python3.7/site-packages/airflow/example_dags/example_task_group.py
[2022-02-21 01:08:15,554] {logging_mixin.py:109} INFO - [2022-02-21 01:08:15,554] {dag.py:2396} INFO - Sync 1 DAGs
[2022-02-21 01:08:15,573] {logging_mixin.py:109} INFO - [2022-02-21 01:08:15,573] {dag.py:2935} INFO - Setting next_dagrun for example_task_group to 2022-02-20T01:08:15.573340+00:00
[2022-02-21 01:08:15,586] {processor.py:171} INFO - Processing /home/airflow/.local/lib/python3.7/site-packages/airflow/example_dags/example_task_group.py took 0.086 seconds
[2022-02-21 01:08:45,657] {processor.py:163} INFO - Started process (PID=1387) to work on /home/airflow/.local/lib/python3.7/site-packages/airflow/example_dags/example_task_group.py
[2022-02-21 01:08:45,666] {processor.py:642} INFO - Processing file /home/airflow/.local/lib/python3.7/site-packages/airflow/example_dags/example_task_group.py for tasks to queue
[2022-02-21 01:08:45,668] {logging_mixin.py:109} INFO - [2022-02-21 01:08:45,668] {dagbag.py:500} INFO - Filling up the DagBag from /home/airflow/.local/lib/python3.7/site-packages/airflow/example_dags/example_task_group.py
[2022-02-21 01:08:45,802] {processor.py:654} INFO - DAG(s) dict_keys(['example_task_group']) retrieved from /home/airflow/.local/lib/python3.7/site-packages/airflow/example_dags/example_task_group.py
[2022-02-21 01:08:45,820] {logging_mixin.py:109} INFO - [2022-02-21 01:08:45,820] {dag.py:2396} INFO - Sync 1 DAGs
[2022-02-21 01:08:45,857] {logging_mixin.py:109} INFO - [2022-02-21 01:08:45,857] {dag.py:2935} INFO - Setting next_dagrun for example_task_group to 2022-02-20T01:08:45.857294+00:00
[2022-02-21 01:08:45,871] {processor.py:171} INFO - Processing /home/airflow/.local/lib/python3.7/site-packages/airflow/example_dags/example_task_group.py took 0.227 seconds
[2022-02-21 01:09:16,132] {processor.py:163} INFO - Started process (PID=1437) to work on /home/airflow/.local/lib/python3.7/site-packages/airflow/example_dags/example_task_group.py
[2022-02-21 01:09:16,133] {processor.py:642} INFO - Processing file /home/airflow/.local/lib/python3.7/site-packages/airflow/example_dags/example_task_group.py for tasks to queue
[2022-02-21 01:09:16,133] {logging_mixin.py:109} INFO - [2022-02-21 01:09:16,133] {dagbag.py:500} INFO - Filling up the DagBag from /home/airflow/.local/lib/python3.7/site-packages/airflow/example_dags/example_task_group.py
[2022-02-21 01:09:16,166] {processor.py:654} INFO - DAG(s) dict_keys(['example_task_group']) retrieved from /home/airflow/.local/lib/python3.7/site-packages/airflow/example_dags/example_task_group.py
[2022-02-21 01:09:16,179] {logging_mixin.py:109} INFO - [2022-02-21 01:09:16,179] {dag.py:2396} INFO - Sync 1 DAGs
[2022-02-21 01:09:16,197] {logging_mixin.py:109} INFO - [2022-02-21 01:09:16,197] {dag.py:2935} INFO - Setting next_dagrun for example_task_group to 2022-02-20T01:09:16.196959+00:00
[2022-02-21 01:09:16,209] {processor.py:171} INFO - Processing /home/airflow/.local/lib/python3.7/site-packages/airflow/example_dags/example_task_group.py took 0.081 seconds
[2022-02-21 01:09:46,352] {processor.py:163} INFO - Started process (PID=1489) to work on /home/airflow/.local/lib/python3.7/site-packages/airflow/example_dags/example_task_group.py
[2022-02-21 01:09:46,357] {processor.py:642} INFO - Processing file /home/airflow/.local/lib/python3.7/site-packages/airflow/example_dags/example_task_group.py for tasks to queue
[2022-02-21 01:09:46,358] {logging_mixin.py:109} INFO - [2022-02-21 01:09:46,358] {dagbag.py:500} INFO - Filling up the DagBag from /home/airflow/.local/lib/python3.7/site-packages/airflow/example_dags/example_task_group.py
[2022-02-21 01:09:46,396] {processor.py:654} INFO - DAG(s) dict_keys(['example_task_group']) retrieved from /home/airflow/.local/lib/python3.7/site-packages/airflow/example_dags/example_task_group.py
[2022-02-21 01:09:46,414] {logging_mixin.py:109} INFO - [2022-02-21 01:09:46,414] {dag.py:2396} INFO - Sync 1 DAGs
[2022-02-21 01:09:46,443] {logging_mixin.py:109} INFO - [2022-02-21 01:09:46,442] {dag.py:2935} INFO - Setting next_dagrun for example_task_group to 2022-02-20T01:09:46.442488+00:00
[2022-02-21 01:09:46,456] {processor.py:171} INFO - Processing /home/airflow/.local/lib/python3.7/site-packages/airflow/example_dags/example_task_group.py took 0.108 seconds
[2022-02-21 01:10:17,328] {processor.py:163} INFO - Started process (PID=1549) to work on /home/airflow/.local/lib/python3.7/site-packages/airflow/example_dags/example_task_group.py
[2022-02-21 01:10:17,334] {processor.py:642} INFO - Processing file /home/airflow/.local/lib/python3.7/site-packages/airflow/example_dags/example_task_group.py for tasks to queue
[2022-02-21 01:10:17,335] {logging_mixin.py:109} INFO - [2022-02-21 01:10:17,335] {dagbag.py:500} INFO - Filling up the DagBag from /home/airflow/.local/lib/python3.7/site-packages/airflow/example_dags/example_task_group.py
[2022-02-21 01:10:17,386] {processor.py:654} INFO - DAG(s) dict_keys(['example_task_group']) retrieved from /home/airflow/.local/lib/python3.7/site-packages/airflow/example_dags/example_task_group.py
[2022-02-21 01:10:17,404] {logging_mixin.py:109} INFO - [2022-02-21 01:10:17,404] {dag.py:2396} INFO - Sync 1 DAGs
[2022-02-21 01:10:17,555] {logging_mixin.py:109} INFO - [2022-02-21 01:10:17,555] {dag.py:2935} INFO - Setting next_dagrun for example_task_group to 2022-02-20T01:10:17.555254+00:00
[2022-02-21 01:10:17,578] {processor.py:171} INFO - Processing /home/airflow/.local/lib/python3.7/site-packages/airflow/example_dags/example_task_group.py took 0.255 seconds
[2022-02-21 01:10:47,849] {processor.py:163} INFO - Started process (PID=1599) to work on /home/airflow/.local/lib/python3.7/site-packages/airflow/example_dags/example_task_group.py
[2022-02-21 01:10:47,852] {processor.py:642} INFO - Processing file /home/airflow/.local/lib/python3.7/site-packages/airflow/example_dags/example_task_group.py for tasks to queue
[2022-02-21 01:10:47,853] {logging_mixin.py:109} INFO - [2022-02-21 01:10:47,853] {dagbag.py:500} INFO - Filling up the DagBag from /home/airflow/.local/lib/python3.7/site-packages/airflow/example_dags/example_task_group.py
[2022-02-21 01:10:47,895] {processor.py:654} INFO - DAG(s) dict_keys(['example_task_group']) retrieved from /home/airflow/.local/lib/python3.7/site-packages/airflow/example_dags/example_task_group.py
[2022-02-21 01:10:47,911] {logging_mixin.py:109} INFO - [2022-02-21 01:10:47,911] {dag.py:2396} INFO - Sync 1 DAGs
[2022-02-21 01:10:48,053] {logging_mixin.py:109} INFO - [2022-02-21 01:10:48,053] {dag.py:2935} INFO - Setting next_dagrun for example_task_group to 2022-02-20T01:10:48.053434+00:00
[2022-02-21 01:10:48,067] {processor.py:171} INFO - Processing /home/airflow/.local/lib/python3.7/site-packages/airflow/example_dags/example_task_group.py took 0.223 seconds
[2022-02-21 01:11:18,175] {processor.py:163} INFO - Started process (PID=1649) to work on /home/airflow/.local/lib/python3.7/site-packages/airflow/example_dags/example_task_group.py
[2022-02-21 01:11:18,177] {processor.py:642} INFO - Processing file /home/airflow/.local/lib/python3.7/site-packages/airflow/example_dags/example_task_group.py for tasks to queue
[2022-02-21 01:11:18,178] {logging_mixin.py:109} INFO - [2022-02-21 01:11:18,178] {dagbag.py:500} INFO - Filling up the DagBag from /home/airflow/.local/lib/python3.7/site-packages/airflow/example_dags/example_task_group.py
[2022-02-21 01:11:18,213] {processor.py:654} INFO - DAG(s) dict_keys(['example_task_group']) retrieved from /home/airflow/.local/lib/python3.7/site-packages/airflow/example_dags/example_task_group.py
[2022-02-21 01:11:18,226] {logging_mixin.py:109} INFO - [2022-02-21 01:11:18,226] {dag.py:2396} INFO - Sync 1 DAGs
[2022-02-21 01:11:18,339] {logging_mixin.py:109} INFO - [2022-02-21 01:11:18,339] {dag.py:2935} INFO - Setting next_dagrun for example_task_group to 2022-02-20T01:11:18.339413+00:00
[2022-02-21 01:11:18,354] {processor.py:171} INFO - Processing /home/airflow/.local/lib/python3.7/site-packages/airflow/example_dags/example_task_group.py took 0.185 seconds
[2022-02-21 01:11:48,750] {processor.py:163} INFO - Started process (PID=1699) to work on /home/airflow/.local/lib/python3.7/site-packages/airflow/example_dags/example_task_group.py
[2022-02-21 01:11:48,756] {processor.py:642} INFO - Processing file /home/airflow/.local/lib/python3.7/site-packages/airflow/example_dags/example_task_group.py for tasks to queue
[2022-02-21 01:11:48,757] {logging_mixin.py:109} INFO - [2022-02-21 01:11:48,757] {dagbag.py:500} INFO - Filling up the DagBag from /home/airflow/.local/lib/python3.7/site-packages/airflow/example_dags/example_task_group.py
[2022-02-21 01:11:48,807] {processor.py:654} INFO - DAG(s) dict_keys(['example_task_group']) retrieved from /home/airflow/.local/lib/python3.7/site-packages/airflow/example_dags/example_task_group.py
[2022-02-21 01:11:48,826] {logging_mixin.py:109} INFO - [2022-02-21 01:11:48,826] {dag.py:2396} INFO - Sync 1 DAGs
[2022-02-21 01:11:48,978] {logging_mixin.py:109} INFO - [2022-02-21 01:11:48,978] {dag.py:2935} INFO - Setting next_dagrun for example_task_group to 2022-02-20T01:11:48.978460+00:00
[2022-02-21 01:11:48,996] {processor.py:171} INFO - Processing /home/airflow/.local/lib/python3.7/site-packages/airflow/example_dags/example_task_group.py took 0.250 seconds
[2022-02-21 01:12:19,298] {processor.py:163} INFO - Started process (PID=1751) to work on /home/airflow/.local/lib/python3.7/site-packages/airflow/example_dags/example_task_group.py
[2022-02-21 01:12:19,299] {processor.py:642} INFO - Processing file /home/airflow/.local/lib/python3.7/site-packages/airflow/example_dags/example_task_group.py for tasks to queue
[2022-02-21 01:12:19,299] {logging_mixin.py:109} INFO - [2022-02-21 01:12:19,299] {dagbag.py:500} INFO - Filling up the DagBag from /home/airflow/.local/lib/python3.7/site-packages/airflow/example_dags/example_task_group.py
[2022-02-21 01:12:19,329] {processor.py:654} INFO - DAG(s) dict_keys(['example_task_group']) retrieved from /home/airflow/.local/lib/python3.7/site-packages/airflow/example_dags/example_task_group.py
[2022-02-21 01:12:19,341] {logging_mixin.py:109} INFO - [2022-02-21 01:12:19,340] {dag.py:2396} INFO - Sync 1 DAGs
[2022-02-21 01:12:19,444] {logging_mixin.py:109} INFO - [2022-02-21 01:12:19,444] {dag.py:2935} INFO - Setting next_dagrun for example_task_group to 2022-02-20T01:12:19.443918+00:00
[2022-02-21 01:12:19,455] {processor.py:171} INFO - Processing /home/airflow/.local/lib/python3.7/site-packages/airflow/example_dags/example_task_group.py took 0.160 seconds
[2022-02-21 01:12:49,749] {processor.py:163} INFO - Started process (PID=1802) to work on /home/airflow/.local/lib/python3.7/site-packages/airflow/example_dags/example_task_group.py
[2022-02-21 01:12:49,751] {processor.py:642} INFO - Processing file /home/airflow/.local/lib/python3.7/site-packages/airflow/example_dags/example_task_group.py for tasks to queue
[2022-02-21 01:12:49,752] {logging_mixin.py:109} INFO - [2022-02-21 01:12:49,752] {dagbag.py:500} INFO - Filling up the DagBag from /home/airflow/.local/lib/python3.7/site-packages/airflow/example_dags/example_task_group.py
[2022-02-21 01:12:49,915] {processor.py:654} INFO - DAG(s) dict_keys(['example_task_group']) retrieved from /home/airflow/.local/lib/python3.7/site-packages/airflow/example_dags/example_task_group.py
[2022-02-21 01:12:49,933] {logging_mixin.py:109} INFO - [2022-02-21 01:12:49,933] {dag.py:2396} INFO - Sync 1 DAGs
[2022-02-21 01:12:49,956] {logging_mixin.py:109} INFO - [2022-02-21 01:12:49,956] {dag.py:2935} INFO - Setting next_dagrun for example_task_group to 2022-02-20T01:12:49.956215+00:00
[2022-02-21 01:12:49,971] {processor.py:171} INFO - Processing /home/airflow/.local/lib/python3.7/site-packages/airflow/example_dags/example_task_group.py took 0.227 seconds
[2022-02-21 01:13:20,389] {processor.py:163} INFO - Started process (PID=1863) to work on /home/airflow/.local/lib/python3.7/site-packages/airflow/example_dags/example_task_group.py
[2022-02-21 01:13:20,390] {processor.py:642} INFO - Processing file /home/airflow/.local/lib/python3.7/site-packages/airflow/example_dags/example_task_group.py for tasks to queue
[2022-02-21 01:13:20,391] {logging_mixin.py:109} INFO - [2022-02-21 01:13:20,391] {dagbag.py:500} INFO - Filling up the DagBag from /home/airflow/.local/lib/python3.7/site-packages/airflow/example_dags/example_task_group.py
[2022-02-21 01:13:20,541] {processor.py:654} INFO - DAG(s) dict_keys(['example_task_group']) retrieved from /home/airflow/.local/lib/python3.7/site-packages/airflow/example_dags/example_task_group.py
[2022-02-21 01:13:20,559] {logging_mixin.py:109} INFO - [2022-02-21 01:13:20,559] {dag.py:2396} INFO - Sync 1 DAGs
[2022-02-21 01:13:20,593] {logging_mixin.py:109} INFO - [2022-02-21 01:13:20,593] {dag.py:2935} INFO - Setting next_dagrun for example_task_group to 2022-02-20T01:13:20.592938+00:00
[2022-02-21 01:13:20,619] {processor.py:171} INFO - Processing /home/airflow/.local/lib/python3.7/site-packages/airflow/example_dags/example_task_group.py took 0.234 seconds
[2022-02-21 01:13:50,754] {processor.py:163} INFO - Started process (PID=1914) to work on /home/airflow/.local/lib/python3.7/site-packages/airflow/example_dags/example_task_group.py
[2022-02-21 01:13:50,756] {processor.py:642} INFO - Processing file /home/airflow/.local/lib/python3.7/site-packages/airflow/example_dags/example_task_group.py for tasks to queue
[2022-02-21 01:13:50,756] {logging_mixin.py:109} INFO - [2022-02-21 01:13:50,756] {dagbag.py:500} INFO - Filling up the DagBag from /home/airflow/.local/lib/python3.7/site-packages/airflow/example_dags/example_task_group.py
[2022-02-21 01:13:50,911] {processor.py:654} INFO - DAG(s) dict_keys(['example_task_group']) retrieved from /home/airflow/.local/lib/python3.7/site-packages/airflow/example_dags/example_task_group.py
[2022-02-21 01:13:50,933] {logging_mixin.py:109} INFO - [2022-02-21 01:13:50,932] {dag.py:2396} INFO - Sync 1 DAGs
[2022-02-21 01:13:50,959] {logging_mixin.py:109} INFO - [2022-02-21 01:13:50,959] {dag.py:2935} INFO - Setting next_dagrun for example_task_group to 2022-02-20T01:13:50.959053+00:00
[2022-02-21 01:13:50,973] {processor.py:171} INFO - Processing /home/airflow/.local/lib/python3.7/site-packages/airflow/example_dags/example_task_group.py took 0.222 seconds
[2022-02-21 01:14:21,209] {processor.py:163} INFO - Started process (PID=1964) to work on /home/airflow/.local/lib/python3.7/site-packages/airflow/example_dags/example_task_group.py
[2022-02-21 01:14:21,211] {processor.py:642} INFO - Processing file /home/airflow/.local/lib/python3.7/site-packages/airflow/example_dags/example_task_group.py for tasks to queue
[2022-02-21 01:14:21,212] {logging_mixin.py:109} INFO - [2022-02-21 01:14:21,211] {dagbag.py:500} INFO - Filling up the DagBag from /home/airflow/.local/lib/python3.7/site-packages/airflow/example_dags/example_task_group.py
[2022-02-21 01:14:21,388] {processor.py:654} INFO - DAG(s) dict_keys(['example_task_group']) retrieved from /home/airflow/.local/lib/python3.7/site-packages/airflow/example_dags/example_task_group.py
[2022-02-21 01:14:21,405] {logging_mixin.py:109} INFO - [2022-02-21 01:14:21,404] {dag.py:2396} INFO - Sync 1 DAGs
[2022-02-21 01:14:21,431] {logging_mixin.py:109} INFO - [2022-02-21 01:14:21,431] {dag.py:2935} INFO - Setting next_dagrun for example_task_group to 2022-02-20T01:14:21.430738+00:00
[2022-02-21 01:14:21,444] {processor.py:171} INFO - Processing /home/airflow/.local/lib/python3.7/site-packages/airflow/example_dags/example_task_group.py took 0.239 seconds
[2022-02-21 01:14:51,662] {processor.py:163} INFO - Started process (PID=2015) to work on /home/airflow/.local/lib/python3.7/site-packages/airflow/example_dags/example_task_group.py
[2022-02-21 01:14:51,663] {processor.py:642} INFO - Processing file /home/airflow/.local/lib/python3.7/site-packages/airflow/example_dags/example_task_group.py for tasks to queue
[2022-02-21 01:14:51,664] {logging_mixin.py:109} INFO - [2022-02-21 01:14:51,664] {dagbag.py:500} INFO - Filling up the DagBag from /home/airflow/.local/lib/python3.7/site-packages/airflow/example_dags/example_task_group.py
[2022-02-21 01:14:51,706] {processor.py:654} INFO - DAG(s) dict_keys(['example_task_group']) retrieved from /home/airflow/.local/lib/python3.7/site-packages/airflow/example_dags/example_task_group.py
[2022-02-21 01:14:51,725] {logging_mixin.py:109} INFO - [2022-02-21 01:14:51,725] {dag.py:2396} INFO - Sync 1 DAGs
[2022-02-21 01:14:51,752] {logging_mixin.py:109} INFO - [2022-02-21 01:14:51,752] {dag.py:2935} INFO - Setting next_dagrun for example_task_group to 2022-02-20T01:14:51.751737+00:00
[2022-02-21 01:14:51,764] {processor.py:171} INFO - Processing /home/airflow/.local/lib/python3.7/site-packages/airflow/example_dags/example_task_group.py took 0.107 seconds
[2022-02-21 01:15:22,190] {processor.py:163} INFO - Started process (PID=2065) to work on /home/airflow/.local/lib/python3.7/site-packages/airflow/example_dags/example_task_group.py
[2022-02-21 01:15:22,193] {processor.py:642} INFO - Processing file /home/airflow/.local/lib/python3.7/site-packages/airflow/example_dags/example_task_group.py for tasks to queue
[2022-02-21 01:15:22,194] {logging_mixin.py:109} INFO - [2022-02-21 01:15:22,194] {dagbag.py:500} INFO - Filling up the DagBag from /home/airflow/.local/lib/python3.7/site-packages/airflow/example_dags/example_task_group.py
[2022-02-21 01:15:22,302] {processor.py:654} INFO - DAG(s) dict_keys(['example_task_group']) retrieved from /home/airflow/.local/lib/python3.7/site-packages/airflow/example_dags/example_task_group.py
[2022-02-21 01:15:22,344] {logging_mixin.py:109} INFO - [2022-02-21 01:15:22,344] {dag.py:2396} INFO - Sync 1 DAGs
[2022-02-21 01:15:22,400] {logging_mixin.py:109} INFO - [2022-02-21 01:15:22,400] {dag.py:2935} INFO - Setting next_dagrun for example_task_group to 2022-02-20T01:15:22.399512+00:00
[2022-02-21 01:15:22,433] {processor.py:171} INFO - Processing /home/airflow/.local/lib/python3.7/site-packages/airflow/example_dags/example_task_group.py took 0.252 seconds
[2022-02-21 01:15:52,492] {processor.py:163} INFO - Started process (PID=2117) to work on /home/airflow/.local/lib/python3.7/site-packages/airflow/example_dags/example_task_group.py
[2022-02-21 01:15:52,495] {processor.py:642} INFO - Processing file /home/airflow/.local/lib/python3.7/site-packages/airflow/example_dags/example_task_group.py for tasks to queue
[2022-02-21 01:15:52,497] {logging_mixin.py:109} INFO - [2022-02-21 01:15:52,496] {dagbag.py:500} INFO - Filling up the DagBag from /home/airflow/.local/lib/python3.7/site-packages/airflow/example_dags/example_task_group.py
[2022-02-21 01:15:52,556] {processor.py:654} INFO - DAG(s) dict_keys(['example_task_group']) retrieved from /home/airflow/.local/lib/python3.7/site-packages/airflow/example_dags/example_task_group.py
[2022-02-21 01:15:52,576] {logging_mixin.py:109} INFO - [2022-02-21 01:15:52,576] {dag.py:2396} INFO - Sync 1 DAGs
[2022-02-21 01:15:52,617] {logging_mixin.py:109} INFO - [2022-02-21 01:15:52,617] {dag.py:2935} INFO - Setting next_dagrun for example_task_group to 2022-02-20T01:15:52.616345+00:00
[2022-02-21 01:15:52,645] {processor.py:171} INFO - Processing /home/airflow/.local/lib/python3.7/site-packages/airflow/example_dags/example_task_group.py took 0.158 seconds
[2022-02-21 01:16:23,006] {processor.py:163} INFO - Started process (PID=2168) to work on /home/airflow/.local/lib/python3.7/site-packages/airflow/example_dags/example_task_group.py
[2022-02-21 01:16:23,012] {processor.py:642} INFO - Processing file /home/airflow/.local/lib/python3.7/site-packages/airflow/example_dags/example_task_group.py for tasks to queue
[2022-02-21 01:16:23,021] {logging_mixin.py:109} INFO - [2022-02-21 01:16:23,020] {dagbag.py:500} INFO - Filling up the DagBag from /home/airflow/.local/lib/python3.7/site-packages/airflow/example_dags/example_task_group.py
[2022-02-21 01:16:23,182] {processor.py:654} INFO - DAG(s) dict_keys(['example_task_group']) retrieved from /home/airflow/.local/lib/python3.7/site-packages/airflow/example_dags/example_task_group.py
[2022-02-21 01:16:23,231] {logging_mixin.py:109} INFO - [2022-02-21 01:16:23,231] {dag.py:2396} INFO - Sync 1 DAGs
[2022-02-21 01:16:23,294] {logging_mixin.py:109} INFO - [2022-02-21 01:16:23,293] {dag.py:2935} INFO - Setting next_dagrun for example_task_group to 2022-02-20T01:16:23.292813+00:00
[2022-02-21 01:16:23,347] {processor.py:171} INFO - Processing /home/airflow/.local/lib/python3.7/site-packages/airflow/example_dags/example_task_group.py took 0.355 seconds
[2022-02-21 01:16:54,125] {processor.py:163} INFO - Started process (PID=2219) to work on /home/airflow/.local/lib/python3.7/site-packages/airflow/example_dags/example_task_group.py
[2022-02-21 01:16:54,127] {processor.py:642} INFO - Processing file /home/airflow/.local/lib/python3.7/site-packages/airflow/example_dags/example_task_group.py for tasks to queue
[2022-02-21 01:16:54,128] {logging_mixin.py:109} INFO - [2022-02-21 01:16:54,127] {dagbag.py:500} INFO - Filling up the DagBag from /home/airflow/.local/lib/python3.7/site-packages/airflow/example_dags/example_task_group.py
[2022-02-21 01:16:54,191] {processor.py:654} INFO - DAG(s) dict_keys(['example_task_group']) retrieved from /home/airflow/.local/lib/python3.7/site-packages/airflow/example_dags/example_task_group.py
[2022-02-21 01:16:54,211] {logging_mixin.py:109} INFO - [2022-02-21 01:16:54,211] {dag.py:2396} INFO - Sync 1 DAGs
[2022-02-21 01:16:54,242] {logging_mixin.py:109} INFO - [2022-02-21 01:16:54,242] {dag.py:2935} INFO - Setting next_dagrun for example_task_group to 2022-02-20T01:16:54.241628+00:00
[2022-02-21 01:16:54,265] {processor.py:171} INFO - Processing /home/airflow/.local/lib/python3.7/site-packages/airflow/example_dags/example_task_group.py took 0.145 seconds
[2022-02-21 01:17:24,429] {processor.py:163} INFO - Started process (PID=2270) to work on /home/airflow/.local/lib/python3.7/site-packages/airflow/example_dags/example_task_group.py
[2022-02-21 01:17:24,430] {processor.py:642} INFO - Processing file /home/airflow/.local/lib/python3.7/site-packages/airflow/example_dags/example_task_group.py for tasks to queue
[2022-02-21 01:17:24,431] {logging_mixin.py:109} INFO - [2022-02-21 01:17:24,431] {dagbag.py:500} INFO - Filling up the DagBag from /home/airflow/.local/lib/python3.7/site-packages/airflow/example_dags/example_task_group.py
[2022-02-21 01:17:24,467] {processor.py:654} INFO - DAG(s) dict_keys(['example_task_group']) retrieved from /home/airflow/.local/lib/python3.7/site-packages/airflow/example_dags/example_task_group.py
[2022-02-21 01:17:24,480] {logging_mixin.py:109} INFO - [2022-02-21 01:17:24,480] {dag.py:2396} INFO - Sync 1 DAGs
[2022-02-21 01:17:24,500] {logging_mixin.py:109} INFO - [2022-02-21 01:17:24,500] {dag.py:2935} INFO - Setting next_dagrun for example_task_group to 2022-02-20T01:17:24.500221+00:00
[2022-02-21 01:17:24,513] {processor.py:171} INFO - Processing /home/airflow/.local/lib/python3.7/site-packages/airflow/example_dags/example_task_group.py took 0.088 seconds
[2022-02-21 01:17:54,621] {processor.py:163} INFO - Started process (PID=2320) to work on /home/airflow/.local/lib/python3.7/site-packages/airflow/example_dags/example_task_group.py
[2022-02-21 01:17:54,622] {processor.py:642} INFO - Processing file /home/airflow/.local/lib/python3.7/site-packages/airflow/example_dags/example_task_group.py for tasks to queue
[2022-02-21 01:17:54,623] {logging_mixin.py:109} INFO - [2022-02-21 01:17:54,623] {dagbag.py:500} INFO - Filling up the DagBag from /home/airflow/.local/lib/python3.7/site-packages/airflow/example_dags/example_task_group.py
[2022-02-21 01:17:54,674] {processor.py:654} INFO - DAG(s) dict_keys(['example_task_group']) retrieved from /home/airflow/.local/lib/python3.7/site-packages/airflow/example_dags/example_task_group.py
[2022-02-21 01:17:54,691] {logging_mixin.py:109} INFO - [2022-02-21 01:17:54,690] {dag.py:2396} INFO - Sync 1 DAGs
[2022-02-21 01:17:54,721] {logging_mixin.py:109} INFO - [2022-02-21 01:17:54,721] {dag.py:2935} INFO - Setting next_dagrun for example_task_group to 2022-02-20T01:17:54.720661+00:00
[2022-02-21 01:17:54,736] {processor.py:171} INFO - Processing /home/airflow/.local/lib/python3.7/site-packages/airflow/example_dags/example_task_group.py took 0.119 seconds
[2022-02-21 01:18:25,179] {processor.py:163} INFO - Started process (PID=2380) to work on /home/airflow/.local/lib/python3.7/site-packages/airflow/example_dags/example_task_group.py
[2022-02-21 01:18:25,184] {processor.py:642} INFO - Processing file /home/airflow/.local/lib/python3.7/site-packages/airflow/example_dags/example_task_group.py for tasks to queue
[2022-02-21 01:18:25,185] {logging_mixin.py:109} INFO - [2022-02-21 01:18:25,185] {dagbag.py:500} INFO - Filling up the DagBag from /home/airflow/.local/lib/python3.7/site-packages/airflow/example_dags/example_task_group.py
[2022-02-21 01:18:25,226] {processor.py:654} INFO - DAG(s) dict_keys(['example_task_group']) retrieved from /home/airflow/.local/lib/python3.7/site-packages/airflow/example_dags/example_task_group.py
[2022-02-21 01:18:25,246] {logging_mixin.py:109} INFO - [2022-02-21 01:18:25,246] {dag.py:2396} INFO - Sync 1 DAGs
[2022-02-21 01:18:25,270] {logging_mixin.py:109} INFO - [2022-02-21 01:18:25,270] {dag.py:2935} INFO - Setting next_dagrun for example_task_group to 2022-02-20T01:18:25.269841+00:00
[2022-02-21 01:18:25,284] {processor.py:171} INFO - Processing /home/airflow/.local/lib/python3.7/site-packages/airflow/example_dags/example_task_group.py took 0.109 seconds
[2022-02-21 01:18:55,326] {processor.py:163} INFO - Started process (PID=2430) to work on /home/airflow/.local/lib/python3.7/site-packages/airflow/example_dags/example_task_group.py
[2022-02-21 01:18:55,327] {processor.py:642} INFO - Processing file /home/airflow/.local/lib/python3.7/site-packages/airflow/example_dags/example_task_group.py for tasks to queue
[2022-02-21 01:18:55,327] {logging_mixin.py:109} INFO - [2022-02-21 01:18:55,327] {dagbag.py:500} INFO - Filling up the DagBag from /home/airflow/.local/lib/python3.7/site-packages/airflow/example_dags/example_task_group.py
[2022-02-21 01:18:55,365] {processor.py:654} INFO - DAG(s) dict_keys(['example_task_group']) retrieved from /home/airflow/.local/lib/python3.7/site-packages/airflow/example_dags/example_task_group.py
[2022-02-21 01:18:55,375] {logging_mixin.py:109} INFO - [2022-02-21 01:18:55,375] {dag.py:2396} INFO - Sync 1 DAGs
[2022-02-21 01:18:55,391] {logging_mixin.py:109} INFO - [2022-02-21 01:18:55,391] {dag.py:2935} INFO - Setting next_dagrun for example_task_group to 2022-02-20T01:18:55.390698+00:00
[2022-02-21 01:18:55,401] {processor.py:171} INFO - Processing /home/airflow/.local/lib/python3.7/site-packages/airflow/example_dags/example_task_group.py took 0.078 seconds
[2022-02-21 01:19:25,486] {processor.py:163} INFO - Started process (PID=2481) to work on /home/airflow/.local/lib/python3.7/site-packages/airflow/example_dags/example_task_group.py
[2022-02-21 01:19:25,487] {processor.py:642} INFO - Processing file /home/airflow/.local/lib/python3.7/site-packages/airflow/example_dags/example_task_group.py for tasks to queue
[2022-02-21 01:19:25,488] {logging_mixin.py:109} INFO - [2022-02-21 01:19:25,488] {dagbag.py:500} INFO - Filling up the DagBag from /home/airflow/.local/lib/python3.7/site-packages/airflow/example_dags/example_task_group.py
[2022-02-21 01:19:25,525] {processor.py:654} INFO - DAG(s) dict_keys(['example_task_group']) retrieved from /home/airflow/.local/lib/python3.7/site-packages/airflow/example_dags/example_task_group.py
[2022-02-21 01:19:25,543] {logging_mixin.py:109} INFO - [2022-02-21 01:19:25,543] {dag.py:2396} INFO - Sync 1 DAGs
[2022-02-21 01:19:25,566] {logging_mixin.py:109} INFO - [2022-02-21 01:19:25,566] {dag.py:2935} INFO - Setting next_dagrun for example_task_group to 2022-02-20T01:19:25.566234+00:00
[2022-02-21 01:19:25,580] {processor.py:171} INFO - Processing /home/airflow/.local/lib/python3.7/site-packages/airflow/example_dags/example_task_group.py took 0.097 seconds
[2022-02-21 01:19:55,698] {processor.py:163} INFO - Started process (PID=2540) to work on /home/airflow/.local/lib/python3.7/site-packages/airflow/example_dags/example_task_group.py
[2022-02-21 01:19:55,700] {processor.py:642} INFO - Processing file /home/airflow/.local/lib/python3.7/site-packages/airflow/example_dags/example_task_group.py for tasks to queue
[2022-02-21 01:19:55,700] {logging_mixin.py:109} INFO - [2022-02-21 01:19:55,700] {dagbag.py:500} INFO - Filling up the DagBag from /home/airflow/.local/lib/python3.7/site-packages/airflow/example_dags/example_task_group.py
[2022-02-21 01:19:55,744] {processor.py:654} INFO - DAG(s) dict_keys(['example_task_group']) retrieved from /home/airflow/.local/lib/python3.7/site-packages/airflow/example_dags/example_task_group.py
[2022-02-21 01:19:55,761] {logging_mixin.py:109} INFO - [2022-02-21 01:19:55,761] {dag.py:2396} INFO - Sync 1 DAGs
[2022-02-21 01:19:55,783] {logging_mixin.py:109} INFO - [2022-02-21 01:19:55,783] {dag.py:2935} INFO - Setting next_dagrun for example_task_group to 2022-02-20T01:19:55.782714+00:00
[2022-02-21 01:19:55,795] {processor.py:171} INFO - Processing /home/airflow/.local/lib/python3.7/site-packages/airflow/example_dags/example_task_group.py took 0.102 seconds
[2022-02-21 01:20:26,712] {processor.py:163} INFO - Started process (PID=2591) to work on /home/airflow/.local/lib/python3.7/site-packages/airflow/example_dags/example_task_group.py
[2022-02-21 01:20:26,714] {processor.py:642} INFO - Processing file /home/airflow/.local/lib/python3.7/site-packages/airflow/example_dags/example_task_group.py for tasks to queue
[2022-02-21 01:20:26,716] {logging_mixin.py:109} INFO - [2022-02-21 01:20:26,716] {dagbag.py:500} INFO - Filling up the DagBag from /home/airflow/.local/lib/python3.7/site-packages/airflow/example_dags/example_task_group.py
[2022-02-21 01:20:26,801] {processor.py:654} INFO - DAG(s) dict_keys(['example_task_group']) retrieved from /home/airflow/.local/lib/python3.7/site-packages/airflow/example_dags/example_task_group.py
[2022-02-21 01:20:26,828] {logging_mixin.py:109} INFO - [2022-02-21 01:20:26,828] {dag.py:2396} INFO - Sync 1 DAGs
[2022-02-21 01:20:26,869] {logging_mixin.py:109} INFO - [2022-02-21 01:20:26,869] {dag.py:2935} INFO - Setting next_dagrun for example_task_group to 2022-02-20T01:20:26.868753+00:00
[2022-02-21 01:20:26,890] {processor.py:171} INFO - Processing /home/airflow/.local/lib/python3.7/site-packages/airflow/example_dags/example_task_group.py took 0.187 seconds
[2022-02-21 01:20:56,950] {processor.py:163} INFO - Started process (PID=2641) to work on /home/airflow/.local/lib/python3.7/site-packages/airflow/example_dags/example_task_group.py
[2022-02-21 01:20:56,951] {processor.py:642} INFO - Processing file /home/airflow/.local/lib/python3.7/site-packages/airflow/example_dags/example_task_group.py for tasks to queue
[2022-02-21 01:20:56,952] {logging_mixin.py:109} INFO - [2022-02-21 01:20:56,952] {dagbag.py:500} INFO - Filling up the DagBag from /home/airflow/.local/lib/python3.7/site-packages/airflow/example_dags/example_task_group.py
[2022-02-21 01:20:56,987] {processor.py:654} INFO - DAG(s) dict_keys(['example_task_group']) retrieved from /home/airflow/.local/lib/python3.7/site-packages/airflow/example_dags/example_task_group.py
[2022-02-21 01:20:57,000] {logging_mixin.py:109} INFO - [2022-02-21 01:20:57,000] {dag.py:2396} INFO - Sync 1 DAGs
[2022-02-21 01:20:57,018] {logging_mixin.py:109} INFO - [2022-02-21 01:20:57,018] {dag.py:2935} INFO - Setting next_dagrun for example_task_group to 2022-02-20T01:20:57.018252+00:00
[2022-02-21 01:20:57,030] {processor.py:171} INFO - Processing /home/airflow/.local/lib/python3.7/site-packages/airflow/example_dags/example_task_group.py took 0.086 seconds
[2022-02-21 01:21:27,175] {processor.py:163} INFO - Started process (PID=2691) to work on /home/airflow/.local/lib/python3.7/site-packages/airflow/example_dags/example_task_group.py
[2022-02-21 01:21:27,180] {processor.py:642} INFO - Processing file /home/airflow/.local/lib/python3.7/site-packages/airflow/example_dags/example_task_group.py for tasks to queue
[2022-02-21 01:21:27,181] {logging_mixin.py:109} INFO - [2022-02-21 01:21:27,181] {dagbag.py:500} INFO - Filling up the DagBag from /home/airflow/.local/lib/python3.7/site-packages/airflow/example_dags/example_task_group.py
[2022-02-21 01:21:27,218] {processor.py:654} INFO - DAG(s) dict_keys(['example_task_group']) retrieved from /home/airflow/.local/lib/python3.7/site-packages/airflow/example_dags/example_task_group.py
[2022-02-21 01:21:27,235] {logging_mixin.py:109} INFO - [2022-02-21 01:21:27,235] {dag.py:2396} INFO - Sync 1 DAGs
[2022-02-21 01:21:27,258] {logging_mixin.py:109} INFO - [2022-02-21 01:21:27,258] {dag.py:2935} INFO - Setting next_dagrun for example_task_group to 2022-02-20T01:21:27.257730+00:00
[2022-02-21 01:21:27,274] {processor.py:171} INFO - Processing /home/airflow/.local/lib/python3.7/site-packages/airflow/example_dags/example_task_group.py took 0.102 seconds
