[2022-02-21 00:58:16,899] {processor.py:163} INFO - Started process (PID=151) to work on /home/airflow/.local/lib/python3.7/site-packages/airflow/example_dags/example_skip_dag.py
[2022-02-21 00:58:16,905] {processor.py:642} INFO - Processing file /home/airflow/.local/lib/python3.7/site-packages/airflow/example_dags/example_skip_dag.py for tasks to queue
[2022-02-21 00:58:16,906] {logging_mixin.py:109} INFO - [2022-02-21 00:58:16,906] {dagbag.py:500} INFO - Filling up the DagBag from /home/airflow/.local/lib/python3.7/site-packages/airflow/example_dags/example_skip_dag.py
[2022-02-21 00:58:17,040] {processor.py:654} INFO - DAG(s) dict_keys(['example_skip_dag']) retrieved from /home/airflow/.local/lib/python3.7/site-packages/airflow/example_dags/example_skip_dag.py
[2022-02-21 00:58:23,954] {logging_mixin.py:109} INFO - [2022-02-21 00:58:23,953] {manager.py:496} INFO - Created Permission View: can edit on DAG:example_skip_dag
[2022-02-21 00:58:23,989] {logging_mixin.py:109} INFO - [2022-02-21 00:58:23,988] {manager.py:496} INFO - Created Permission View: can read on DAG:example_skip_dag
[2022-02-21 00:58:23,990] {logging_mixin.py:109} INFO - [2022-02-21 00:58:23,989] {dag.py:2396} INFO - Sync 1 DAGs
[2022-02-21 00:58:24,017] {logging_mixin.py:109} INFO - [2022-02-21 00:58:24,017] {dag.py:2415} INFO - Creating ORM DAG for example_skip_dag
[2022-02-21 00:58:24,041] {logging_mixin.py:109} INFO - [2022-02-21 00:58:24,041] {dag.py:2935} INFO - Setting next_dagrun for example_skip_dag to 2022-02-20T00:58:24.040759+00:00
[2022-02-21 00:58:24,117] {processor.py:171} INFO - Processing /home/airflow/.local/lib/python3.7/site-packages/airflow/example_dags/example_skip_dag.py took 7.232 seconds
[2022-02-21 00:59:06,587] {processor.py:163} INFO - Started process (PID=378) to work on /home/airflow/.local/lib/python3.7/site-packages/airflow/example_dags/example_skip_dag.py
[2022-02-21 00:59:06,589] {processor.py:642} INFO - Processing file /home/airflow/.local/lib/python3.7/site-packages/airflow/example_dags/example_skip_dag.py for tasks to queue
[2022-02-21 00:59:06,590] {logging_mixin.py:109} INFO - [2022-02-21 00:59:06,590] {dagbag.py:500} INFO - Filling up the DagBag from /home/airflow/.local/lib/python3.7/site-packages/airflow/example_dags/example_skip_dag.py
[2022-02-21 00:59:06,631] {processor.py:654} INFO - DAG(s) dict_keys(['example_skip_dag']) retrieved from /home/airflow/.local/lib/python3.7/site-packages/airflow/example_dags/example_skip_dag.py
[2022-02-21 00:59:06,646] {logging_mixin.py:109} INFO - [2022-02-21 00:59:06,646] {dag.py:2396} INFO - Sync 1 DAGs
[2022-02-21 00:59:06,676] {logging_mixin.py:109} INFO - [2022-02-21 00:59:06,676] {dag.py:2935} INFO - Setting next_dagrun for example_skip_dag to 2022-02-20T00:59:06.675633+00:00
[2022-02-21 00:59:06,691] {processor.py:171} INFO - Processing /home/airflow/.local/lib/python3.7/site-packages/airflow/example_dags/example_skip_dag.py took 0.109 seconds
[2022-02-21 00:59:40,073] {processor.py:163} INFO - Started process (PID=440) to work on /home/airflow/.local/lib/python3.7/site-packages/airflow/example_dags/example_skip_dag.py
[2022-02-21 00:59:40,078] {processor.py:642} INFO - Processing file /home/airflow/.local/lib/python3.7/site-packages/airflow/example_dags/example_skip_dag.py for tasks to queue
[2022-02-21 00:59:40,081] {logging_mixin.py:109} INFO - [2022-02-21 00:59:40,080] {dagbag.py:500} INFO - Filling up the DagBag from /home/airflow/.local/lib/python3.7/site-packages/airflow/example_dags/example_skip_dag.py
[2022-02-21 00:59:40,177] {processor.py:654} INFO - DAG(s) dict_keys(['example_skip_dag']) retrieved from /home/airflow/.local/lib/python3.7/site-packages/airflow/example_dags/example_skip_dag.py
[2022-02-21 00:59:40,217] {logging_mixin.py:109} INFO - [2022-02-21 00:59:40,216] {dag.py:2396} INFO - Sync 1 DAGs
[2022-02-21 00:59:40,281] {logging_mixin.py:109} INFO - [2022-02-21 00:59:40,280] {dag.py:2935} INFO - Setting next_dagrun for example_skip_dag to 2022-02-20T00:59:40.278267+00:00
[2022-02-21 00:59:40,311] {processor.py:171} INFO - Processing /home/airflow/.local/lib/python3.7/site-packages/airflow/example_dags/example_skip_dag.py took 0.252 seconds
[2022-02-21 01:00:10,552] {processor.py:163} INFO - Started process (PID=490) to work on /home/airflow/.local/lib/python3.7/site-packages/airflow/example_dags/example_skip_dag.py
[2022-02-21 01:00:10,553] {processor.py:642} INFO - Processing file /home/airflow/.local/lib/python3.7/site-packages/airflow/example_dags/example_skip_dag.py for tasks to queue
[2022-02-21 01:00:10,554] {logging_mixin.py:109} INFO - [2022-02-21 01:00:10,554] {dagbag.py:500} INFO - Filling up the DagBag from /home/airflow/.local/lib/python3.7/site-packages/airflow/example_dags/example_skip_dag.py
[2022-02-21 01:00:10,591] {processor.py:654} INFO - DAG(s) dict_keys(['example_skip_dag']) retrieved from /home/airflow/.local/lib/python3.7/site-packages/airflow/example_dags/example_skip_dag.py
[2022-02-21 01:00:10,608] {logging_mixin.py:109} INFO - [2022-02-21 01:00:10,607] {dag.py:2396} INFO - Sync 1 DAGs
[2022-02-21 01:00:10,631] {logging_mixin.py:109} INFO - [2022-02-21 01:00:10,631] {dag.py:2935} INFO - Setting next_dagrun for example_skip_dag to 2022-02-20T01:00:10.631100+00:00
[2022-02-21 01:00:10,646] {processor.py:171} INFO - Processing /home/airflow/.local/lib/python3.7/site-packages/airflow/example_dags/example_skip_dag.py took 0.098 seconds
[2022-02-21 01:00:41,288] {processor.py:163} INFO - Started process (PID=541) to work on /home/airflow/.local/lib/python3.7/site-packages/airflow/example_dags/example_skip_dag.py
[2022-02-21 01:00:41,321] {processor.py:642} INFO - Processing file /home/airflow/.local/lib/python3.7/site-packages/airflow/example_dags/example_skip_dag.py for tasks to queue
[2022-02-21 01:00:41,322] {logging_mixin.py:109} INFO - [2022-02-21 01:00:41,322] {dagbag.py:500} INFO - Filling up the DagBag from /home/airflow/.local/lib/python3.7/site-packages/airflow/example_dags/example_skip_dag.py
[2022-02-21 01:00:41,346] {processor.py:654} INFO - DAG(s) dict_keys(['example_skip_dag']) retrieved from /home/airflow/.local/lib/python3.7/site-packages/airflow/example_dags/example_skip_dag.py
[2022-02-21 01:00:41,357] {logging_mixin.py:109} INFO - [2022-02-21 01:00:41,357] {dag.py:2396} INFO - Sync 1 DAGs
[2022-02-21 01:00:41,370] {logging_mixin.py:109} INFO - [2022-02-21 01:00:41,370] {dag.py:2935} INFO - Setting next_dagrun for example_skip_dag to 2022-02-20T01:00:41.369995+00:00
[2022-02-21 01:00:41,720] {processor.py:171} INFO - Processing /home/airflow/.local/lib/python3.7/site-packages/airflow/example_dags/example_skip_dag.py took 0.435 seconds
[2022-02-21 01:01:12,249] {processor.py:163} INFO - Started process (PID=592) to work on /home/airflow/.local/lib/python3.7/site-packages/airflow/example_dags/example_skip_dag.py
[2022-02-21 01:01:12,250] {processor.py:642} INFO - Processing file /home/airflow/.local/lib/python3.7/site-packages/airflow/example_dags/example_skip_dag.py for tasks to queue
[2022-02-21 01:01:12,251] {logging_mixin.py:109} INFO - [2022-02-21 01:01:12,251] {dagbag.py:500} INFO - Filling up the DagBag from /home/airflow/.local/lib/python3.7/site-packages/airflow/example_dags/example_skip_dag.py
[2022-02-21 01:01:12,276] {processor.py:654} INFO - DAG(s) dict_keys(['example_skip_dag']) retrieved from /home/airflow/.local/lib/python3.7/site-packages/airflow/example_dags/example_skip_dag.py
[2022-02-21 01:01:12,287] {logging_mixin.py:109} INFO - [2022-02-21 01:01:12,287] {dag.py:2396} INFO - Sync 1 DAGs
[2022-02-21 01:01:12,302] {logging_mixin.py:109} INFO - [2022-02-21 01:01:12,302] {dag.py:2935} INFO - Setting next_dagrun for example_skip_dag to 2022-02-20T01:01:12.302048+00:00
[2022-02-21 01:01:12,312] {processor.py:171} INFO - Processing /home/airflow/.local/lib/python3.7/site-packages/airflow/example_dags/example_skip_dag.py took 0.065 seconds
[2022-02-21 01:01:42,465] {processor.py:163} INFO - Started process (PID=652) to work on /home/airflow/.local/lib/python3.7/site-packages/airflow/example_dags/example_skip_dag.py
[2022-02-21 01:01:42,467] {processor.py:642} INFO - Processing file /home/airflow/.local/lib/python3.7/site-packages/airflow/example_dags/example_skip_dag.py for tasks to queue
[2022-02-21 01:01:42,468] {logging_mixin.py:109} INFO - [2022-02-21 01:01:42,467] {dagbag.py:500} INFO - Filling up the DagBag from /home/airflow/.local/lib/python3.7/site-packages/airflow/example_dags/example_skip_dag.py
[2022-02-21 01:01:42,504] {processor.py:654} INFO - DAG(s) dict_keys(['example_skip_dag']) retrieved from /home/airflow/.local/lib/python3.7/site-packages/airflow/example_dags/example_skip_dag.py
[2022-02-21 01:01:42,519] {logging_mixin.py:109} INFO - [2022-02-21 01:01:42,519] {dag.py:2396} INFO - Sync 1 DAGs
[2022-02-21 01:01:42,542] {logging_mixin.py:109} INFO - [2022-02-21 01:01:42,542] {dag.py:2935} INFO - Setting next_dagrun for example_skip_dag to 2022-02-20T01:01:42.541802+00:00
[2022-02-21 01:01:42,555] {processor.py:171} INFO - Processing /home/airflow/.local/lib/python3.7/site-packages/airflow/example_dags/example_skip_dag.py took 0.095 seconds
[2022-02-21 01:02:12,604] {processor.py:163} INFO - Started process (PID=702) to work on /home/airflow/.local/lib/python3.7/site-packages/airflow/example_dags/example_skip_dag.py
[2022-02-21 01:02:12,605] {processor.py:642} INFO - Processing file /home/airflow/.local/lib/python3.7/site-packages/airflow/example_dags/example_skip_dag.py for tasks to queue
[2022-02-21 01:02:12,606] {logging_mixin.py:109} INFO - [2022-02-21 01:02:12,606] {dagbag.py:500} INFO - Filling up the DagBag from /home/airflow/.local/lib/python3.7/site-packages/airflow/example_dags/example_skip_dag.py
[2022-02-21 01:02:12,631] {processor.py:654} INFO - DAG(s) dict_keys(['example_skip_dag']) retrieved from /home/airflow/.local/lib/python3.7/site-packages/airflow/example_dags/example_skip_dag.py
[2022-02-21 01:02:12,641] {logging_mixin.py:109} INFO - [2022-02-21 01:02:12,641] {dag.py:2396} INFO - Sync 1 DAGs
[2022-02-21 01:02:12,654] {logging_mixin.py:109} INFO - [2022-02-21 01:02:12,654] {dag.py:2935} INFO - Setting next_dagrun for example_skip_dag to 2022-02-20T01:02:12.654036+00:00
[2022-02-21 01:02:12,664] {processor.py:171} INFO - Processing /home/airflow/.local/lib/python3.7/site-packages/airflow/example_dags/example_skip_dag.py took 0.064 seconds
[2022-02-21 01:02:43,107] {processor.py:163} INFO - Started process (PID=753) to work on /home/airflow/.local/lib/python3.7/site-packages/airflow/example_dags/example_skip_dag.py
[2022-02-21 01:02:43,109] {processor.py:642} INFO - Processing file /home/airflow/.local/lib/python3.7/site-packages/airflow/example_dags/example_skip_dag.py for tasks to queue
[2022-02-21 01:02:43,110] {logging_mixin.py:109} INFO - [2022-02-21 01:02:43,109] {dagbag.py:500} INFO - Filling up the DagBag from /home/airflow/.local/lib/python3.7/site-packages/airflow/example_dags/example_skip_dag.py
[2022-02-21 01:02:43,148] {processor.py:654} INFO - DAG(s) dict_keys(['example_skip_dag']) retrieved from /home/airflow/.local/lib/python3.7/site-packages/airflow/example_dags/example_skip_dag.py
[2022-02-21 01:02:43,171] {logging_mixin.py:109} INFO - [2022-02-21 01:02:43,171] {dag.py:2396} INFO - Sync 1 DAGs
[2022-02-21 01:02:43,197] {logging_mixin.py:109} INFO - [2022-02-21 01:02:43,196] {dag.py:2935} INFO - Setting next_dagrun for example_skip_dag to 2022-02-20T01:02:43.196527+00:00
[2022-02-21 01:02:43,210] {processor.py:171} INFO - Processing /home/airflow/.local/lib/python3.7/site-packages/airflow/example_dags/example_skip_dag.py took 0.108 seconds
[2022-02-21 01:03:13,381] {processor.py:163} INFO - Started process (PID=813) to work on /home/airflow/.local/lib/python3.7/site-packages/airflow/example_dags/example_skip_dag.py
[2022-02-21 01:03:13,382] {processor.py:642} INFO - Processing file /home/airflow/.local/lib/python3.7/site-packages/airflow/example_dags/example_skip_dag.py for tasks to queue
[2022-02-21 01:03:13,383] {logging_mixin.py:109} INFO - [2022-02-21 01:03:13,383] {dagbag.py:500} INFO - Filling up the DagBag from /home/airflow/.local/lib/python3.7/site-packages/airflow/example_dags/example_skip_dag.py
[2022-02-21 01:03:13,412] {processor.py:654} INFO - DAG(s) dict_keys(['example_skip_dag']) retrieved from /home/airflow/.local/lib/python3.7/site-packages/airflow/example_dags/example_skip_dag.py
[2022-02-21 01:03:13,425] {logging_mixin.py:109} INFO - [2022-02-21 01:03:13,425] {dag.py:2396} INFO - Sync 1 DAGs
[2022-02-21 01:03:13,444] {logging_mixin.py:109} INFO - [2022-02-21 01:03:13,444] {dag.py:2935} INFO - Setting next_dagrun for example_skip_dag to 2022-02-20T01:03:13.443841+00:00
[2022-02-21 01:03:13,456] {processor.py:171} INFO - Processing /home/airflow/.local/lib/python3.7/site-packages/airflow/example_dags/example_skip_dag.py took 0.078 seconds
[2022-02-21 01:03:43,476] {processor.py:163} INFO - Started process (PID=864) to work on /home/airflow/.local/lib/python3.7/site-packages/airflow/example_dags/example_skip_dag.py
[2022-02-21 01:03:43,480] {processor.py:642} INFO - Processing file /home/airflow/.local/lib/python3.7/site-packages/airflow/example_dags/example_skip_dag.py for tasks to queue
[2022-02-21 01:03:43,481] {logging_mixin.py:109} INFO - [2022-02-21 01:03:43,481] {dagbag.py:500} INFO - Filling up the DagBag from /home/airflow/.local/lib/python3.7/site-packages/airflow/example_dags/example_skip_dag.py
[2022-02-21 01:03:43,505] {processor.py:654} INFO - DAG(s) dict_keys(['example_skip_dag']) retrieved from /home/airflow/.local/lib/python3.7/site-packages/airflow/example_dags/example_skip_dag.py
[2022-02-21 01:03:43,514] {logging_mixin.py:109} INFO - [2022-02-21 01:03:43,514] {dag.py:2396} INFO - Sync 1 DAGs
[2022-02-21 01:03:43,527] {logging_mixin.py:109} INFO - [2022-02-21 01:03:43,526] {dag.py:2935} INFO - Setting next_dagrun for example_skip_dag to 2022-02-20T01:03:43.526737+00:00
[2022-02-21 01:03:43,538] {processor.py:171} INFO - Processing /home/airflow/.local/lib/python3.7/site-packages/airflow/example_dags/example_skip_dag.py took 0.065 seconds
[2022-02-21 01:04:13,766] {processor.py:163} INFO - Started process (PID=915) to work on /home/airflow/.local/lib/python3.7/site-packages/airflow/example_dags/example_skip_dag.py
[2022-02-21 01:04:13,767] {processor.py:642} INFO - Processing file /home/airflow/.local/lib/python3.7/site-packages/airflow/example_dags/example_skip_dag.py for tasks to queue
[2022-02-21 01:04:13,768] {logging_mixin.py:109} INFO - [2022-02-21 01:04:13,768] {dagbag.py:500} INFO - Filling up the DagBag from /home/airflow/.local/lib/python3.7/site-packages/airflow/example_dags/example_skip_dag.py
[2022-02-21 01:04:13,802] {processor.py:654} INFO - DAG(s) dict_keys(['example_skip_dag']) retrieved from /home/airflow/.local/lib/python3.7/site-packages/airflow/example_dags/example_skip_dag.py
[2022-02-21 01:04:13,816] {logging_mixin.py:109} INFO - [2022-02-21 01:04:13,815] {dag.py:2396} INFO - Sync 1 DAGs
[2022-02-21 01:04:13,836] {logging_mixin.py:109} INFO - [2022-02-21 01:04:13,836] {dag.py:2935} INFO - Setting next_dagrun for example_skip_dag to 2022-02-20T01:04:13.835966+00:00
[2022-02-21 01:04:13,849] {processor.py:171} INFO - Processing /home/airflow/.local/lib/python3.7/site-packages/airflow/example_dags/example_skip_dag.py took 0.087 seconds
[2022-02-21 01:04:44,100] {processor.py:163} INFO - Started process (PID=966) to work on /home/airflow/.local/lib/python3.7/site-packages/airflow/example_dags/example_skip_dag.py
[2022-02-21 01:04:44,101] {processor.py:642} INFO - Processing file /home/airflow/.local/lib/python3.7/site-packages/airflow/example_dags/example_skip_dag.py for tasks to queue
[2022-02-21 01:04:44,102] {logging_mixin.py:109} INFO - [2022-02-21 01:04:44,102] {dagbag.py:500} INFO - Filling up the DagBag from /home/airflow/.local/lib/python3.7/site-packages/airflow/example_dags/example_skip_dag.py
[2022-02-21 01:04:44,125] {processor.py:654} INFO - DAG(s) dict_keys(['example_skip_dag']) retrieved from /home/airflow/.local/lib/python3.7/site-packages/airflow/example_dags/example_skip_dag.py
[2022-02-21 01:04:44,135] {logging_mixin.py:109} INFO - [2022-02-21 01:04:44,135] {dag.py:2396} INFO - Sync 1 DAGs
[2022-02-21 01:04:44,149] {logging_mixin.py:109} INFO - [2022-02-21 01:04:44,148] {dag.py:2935} INFO - Setting next_dagrun for example_skip_dag to 2022-02-20T01:04:44.148664+00:00
[2022-02-21 01:04:44,157] {processor.py:171} INFO - Processing /home/airflow/.local/lib/python3.7/site-packages/airflow/example_dags/example_skip_dag.py took 0.061 seconds
[2022-02-21 01:05:14,571] {processor.py:163} INFO - Started process (PID=1017) to work on /home/airflow/.local/lib/python3.7/site-packages/airflow/example_dags/example_skip_dag.py
[2022-02-21 01:05:14,572] {processor.py:642} INFO - Processing file /home/airflow/.local/lib/python3.7/site-packages/airflow/example_dags/example_skip_dag.py for tasks to queue
[2022-02-21 01:05:14,573] {logging_mixin.py:109} INFO - [2022-02-21 01:05:14,573] {dagbag.py:500} INFO - Filling up the DagBag from /home/airflow/.local/lib/python3.7/site-packages/airflow/example_dags/example_skip_dag.py
[2022-02-21 01:05:14,603] {processor.py:654} INFO - DAG(s) dict_keys(['example_skip_dag']) retrieved from /home/airflow/.local/lib/python3.7/site-packages/airflow/example_dags/example_skip_dag.py
[2022-02-21 01:05:14,614] {logging_mixin.py:109} INFO - [2022-02-21 01:05:14,614] {dag.py:2396} INFO - Sync 1 DAGs
[2022-02-21 01:05:14,630] {logging_mixin.py:109} INFO - [2022-02-21 01:05:14,630] {dag.py:2935} INFO - Setting next_dagrun for example_skip_dag to 2022-02-20T01:05:14.630412+00:00
[2022-02-21 01:05:14,641] {processor.py:171} INFO - Processing /home/airflow/.local/lib/python3.7/site-packages/airflow/example_dags/example_skip_dag.py took 0.075 seconds
[2022-02-21 01:05:44,924] {processor.py:163} INFO - Started process (PID=1076) to work on /home/airflow/.local/lib/python3.7/site-packages/airflow/example_dags/example_skip_dag.py
[2022-02-21 01:05:44,929] {processor.py:642} INFO - Processing file /home/airflow/.local/lib/python3.7/site-packages/airflow/example_dags/example_skip_dag.py for tasks to queue
[2022-02-21 01:05:44,930] {logging_mixin.py:109} INFO - [2022-02-21 01:05:44,930] {dagbag.py:500} INFO - Filling up the DagBag from /home/airflow/.local/lib/python3.7/site-packages/airflow/example_dags/example_skip_dag.py
[2022-02-21 01:05:44,974] {processor.py:654} INFO - DAG(s) dict_keys(['example_skip_dag']) retrieved from /home/airflow/.local/lib/python3.7/site-packages/airflow/example_dags/example_skip_dag.py
[2022-02-21 01:05:44,989] {logging_mixin.py:109} INFO - [2022-02-21 01:05:44,988] {dag.py:2396} INFO - Sync 1 DAGs
[2022-02-21 01:05:45,013] {logging_mixin.py:109} INFO - [2022-02-21 01:05:45,013] {dag.py:2935} INFO - Setting next_dagrun for example_skip_dag to 2022-02-20T01:05:45.012788+00:00
[2022-02-21 01:05:45,027] {processor.py:171} INFO - Processing /home/airflow/.local/lib/python3.7/site-packages/airflow/example_dags/example_skip_dag.py took 0.107 seconds
[2022-02-21 01:06:15,300] {processor.py:163} INFO - Started process (PID=1126) to work on /home/airflow/.local/lib/python3.7/site-packages/airflow/example_dags/example_skip_dag.py
[2022-02-21 01:06:15,302] {processor.py:642} INFO - Processing file /home/airflow/.local/lib/python3.7/site-packages/airflow/example_dags/example_skip_dag.py for tasks to queue
[2022-02-21 01:06:15,302] {logging_mixin.py:109} INFO - [2022-02-21 01:06:15,302] {dagbag.py:500} INFO - Filling up the DagBag from /home/airflow/.local/lib/python3.7/site-packages/airflow/example_dags/example_skip_dag.py
[2022-02-21 01:06:15,326] {processor.py:654} INFO - DAG(s) dict_keys(['example_skip_dag']) retrieved from /home/airflow/.local/lib/python3.7/site-packages/airflow/example_dags/example_skip_dag.py
[2022-02-21 01:06:15,335] {logging_mixin.py:109} INFO - [2022-02-21 01:06:15,335] {dag.py:2396} INFO - Sync 1 DAGs
[2022-02-21 01:06:15,349] {logging_mixin.py:109} INFO - [2022-02-21 01:06:15,349] {dag.py:2935} INFO - Setting next_dagrun for example_skip_dag to 2022-02-20T01:06:15.349158+00:00
[2022-02-21 01:06:15,358] {processor.py:171} INFO - Processing /home/airflow/.local/lib/python3.7/site-packages/airflow/example_dags/example_skip_dag.py took 0.062 seconds
[2022-02-21 01:06:45,843] {processor.py:163} INFO - Started process (PID=1177) to work on /home/airflow/.local/lib/python3.7/site-packages/airflow/example_dags/example_skip_dag.py
[2022-02-21 01:06:45,849] {processor.py:642} INFO - Processing file /home/airflow/.local/lib/python3.7/site-packages/airflow/example_dags/example_skip_dag.py for tasks to queue
[2022-02-21 01:06:45,850] {logging_mixin.py:109} INFO - [2022-02-21 01:06:45,849] {dagbag.py:500} INFO - Filling up the DagBag from /home/airflow/.local/lib/python3.7/site-packages/airflow/example_dags/example_skip_dag.py
[2022-02-21 01:06:45,888] {processor.py:654} INFO - DAG(s) dict_keys(['example_skip_dag']) retrieved from /home/airflow/.local/lib/python3.7/site-packages/airflow/example_dags/example_skip_dag.py
[2022-02-21 01:06:45,909] {logging_mixin.py:109} INFO - [2022-02-21 01:06:45,909] {dag.py:2396} INFO - Sync 1 DAGs
[2022-02-21 01:06:45,939] {logging_mixin.py:109} INFO - [2022-02-21 01:06:45,939] {dag.py:2935} INFO - Setting next_dagrun for example_skip_dag to 2022-02-20T01:06:45.938981+00:00
[2022-02-21 01:06:45,955] {processor.py:171} INFO - Processing /home/airflow/.local/lib/python3.7/site-packages/airflow/example_dags/example_skip_dag.py took 0.118 seconds
[2022-02-21 01:07:16,021] {processor.py:163} INFO - Started process (PID=1228) to work on /home/airflow/.local/lib/python3.7/site-packages/airflow/example_dags/example_skip_dag.py
[2022-02-21 01:07:16,022] {processor.py:642} INFO - Processing file /home/airflow/.local/lib/python3.7/site-packages/airflow/example_dags/example_skip_dag.py for tasks to queue
[2022-02-21 01:07:16,023] {logging_mixin.py:109} INFO - [2022-02-21 01:07:16,023] {dagbag.py:500} INFO - Filling up the DagBag from /home/airflow/.local/lib/python3.7/site-packages/airflow/example_dags/example_skip_dag.py
[2022-02-21 01:07:16,052] {processor.py:654} INFO - DAG(s) dict_keys(['example_skip_dag']) retrieved from /home/airflow/.local/lib/python3.7/site-packages/airflow/example_dags/example_skip_dag.py
[2022-02-21 01:07:16,066] {logging_mixin.py:109} INFO - [2022-02-21 01:07:16,065] {dag.py:2396} INFO - Sync 1 DAGs
[2022-02-21 01:07:16,084] {logging_mixin.py:109} INFO - [2022-02-21 01:07:16,083] {dag.py:2935} INFO - Setting next_dagrun for example_skip_dag to 2022-02-20T01:07:16.083593+00:00
[2022-02-21 01:07:16,095] {processor.py:171} INFO - Processing /home/airflow/.local/lib/python3.7/site-packages/airflow/example_dags/example_skip_dag.py took 0.078 seconds
[2022-02-21 01:07:46,526] {processor.py:163} INFO - Started process (PID=1278) to work on /home/airflow/.local/lib/python3.7/site-packages/airflow/example_dags/example_skip_dag.py
[2022-02-21 01:07:46,528] {processor.py:642} INFO - Processing file /home/airflow/.local/lib/python3.7/site-packages/airflow/example_dags/example_skip_dag.py for tasks to queue
[2022-02-21 01:07:46,529] {logging_mixin.py:109} INFO - [2022-02-21 01:07:46,529] {dagbag.py:500} INFO - Filling up the DagBag from /home/airflow/.local/lib/python3.7/site-packages/airflow/example_dags/example_skip_dag.py
[2022-02-21 01:07:46,569] {processor.py:654} INFO - DAG(s) dict_keys(['example_skip_dag']) retrieved from /home/airflow/.local/lib/python3.7/site-packages/airflow/example_dags/example_skip_dag.py
[2022-02-21 01:07:46,591] {logging_mixin.py:109} INFO - [2022-02-21 01:07:46,591] {dag.py:2396} INFO - Sync 1 DAGs
[2022-02-21 01:07:46,620] {logging_mixin.py:109} INFO - [2022-02-21 01:07:46,620] {dag.py:2935} INFO - Setting next_dagrun for example_skip_dag to 2022-02-20T01:07:46.619845+00:00
[2022-02-21 01:07:46,636] {processor.py:171} INFO - Processing /home/airflow/.local/lib/python3.7/site-packages/airflow/example_dags/example_skip_dag.py took 0.114 seconds
[2022-02-21 01:08:16,741] {processor.py:163} INFO - Started process (PID=1339) to work on /home/airflow/.local/lib/python3.7/site-packages/airflow/example_dags/example_skip_dag.py
[2022-02-21 01:08:16,743] {processor.py:642} INFO - Processing file /home/airflow/.local/lib/python3.7/site-packages/airflow/example_dags/example_skip_dag.py for tasks to queue
[2022-02-21 01:08:16,744] {logging_mixin.py:109} INFO - [2022-02-21 01:08:16,744] {dagbag.py:500} INFO - Filling up the DagBag from /home/airflow/.local/lib/python3.7/site-packages/airflow/example_dags/example_skip_dag.py
[2022-02-21 01:08:16,774] {processor.py:654} INFO - DAG(s) dict_keys(['example_skip_dag']) retrieved from /home/airflow/.local/lib/python3.7/site-packages/airflow/example_dags/example_skip_dag.py
[2022-02-21 01:08:16,785] {logging_mixin.py:109} INFO - [2022-02-21 01:08:16,785] {dag.py:2396} INFO - Sync 1 DAGs
[2022-02-21 01:08:16,802] {logging_mixin.py:109} INFO - [2022-02-21 01:08:16,802] {dag.py:2935} INFO - Setting next_dagrun for example_skip_dag to 2022-02-20T01:08:16.801554+00:00
[2022-02-21 01:08:16,813] {processor.py:171} INFO - Processing /home/airflow/.local/lib/python3.7/site-packages/airflow/example_dags/example_skip_dag.py took 0.079 seconds
[2022-02-21 01:08:47,014] {processor.py:163} INFO - Started process (PID=1390) to work on /home/airflow/.local/lib/python3.7/site-packages/airflow/example_dags/example_skip_dag.py
[2022-02-21 01:08:47,019] {processor.py:642} INFO - Processing file /home/airflow/.local/lib/python3.7/site-packages/airflow/example_dags/example_skip_dag.py for tasks to queue
[2022-02-21 01:08:47,020] {logging_mixin.py:109} INFO - [2022-02-21 01:08:47,020] {dagbag.py:500} INFO - Filling up the DagBag from /home/airflow/.local/lib/python3.7/site-packages/airflow/example_dags/example_skip_dag.py
[2022-02-21 01:08:47,052] {processor.py:654} INFO - DAG(s) dict_keys(['example_skip_dag']) retrieved from /home/airflow/.local/lib/python3.7/site-packages/airflow/example_dags/example_skip_dag.py
[2022-02-21 01:08:47,068] {logging_mixin.py:109} INFO - [2022-02-21 01:08:47,068] {dag.py:2396} INFO - Sync 1 DAGs
[2022-02-21 01:08:47,104] {logging_mixin.py:109} INFO - [2022-02-21 01:08:47,104] {dag.py:2935} INFO - Setting next_dagrun for example_skip_dag to 2022-02-20T01:08:47.104413+00:00
[2022-02-21 01:08:47,118] {processor.py:171} INFO - Processing /home/airflow/.local/lib/python3.7/site-packages/airflow/example_dags/example_skip_dag.py took 0.108 seconds
[2022-02-21 01:09:17,234] {processor.py:163} INFO - Started process (PID=1440) to work on /home/airflow/.local/lib/python3.7/site-packages/airflow/example_dags/example_skip_dag.py
[2022-02-21 01:09:17,235] {processor.py:642} INFO - Processing file /home/airflow/.local/lib/python3.7/site-packages/airflow/example_dags/example_skip_dag.py for tasks to queue
[2022-02-21 01:09:17,236] {logging_mixin.py:109} INFO - [2022-02-21 01:09:17,236] {dagbag.py:500} INFO - Filling up the DagBag from /home/airflow/.local/lib/python3.7/site-packages/airflow/example_dags/example_skip_dag.py
[2022-02-21 01:09:17,272] {processor.py:654} INFO - DAG(s) dict_keys(['example_skip_dag']) retrieved from /home/airflow/.local/lib/python3.7/site-packages/airflow/example_dags/example_skip_dag.py
[2022-02-21 01:09:17,288] {logging_mixin.py:109} INFO - [2022-02-21 01:09:17,288] {dag.py:2396} INFO - Sync 1 DAGs
[2022-02-21 01:09:17,311] {logging_mixin.py:109} INFO - [2022-02-21 01:09:17,311] {dag.py:2935} INFO - Setting next_dagrun for example_skip_dag to 2022-02-20T01:09:17.310855+00:00
[2022-02-21 01:09:17,326] {processor.py:171} INFO - Processing /home/airflow/.local/lib/python3.7/site-packages/airflow/example_dags/example_skip_dag.py took 0.095 seconds
[2022-02-21 01:09:47,483] {processor.py:163} INFO - Started process (PID=1501) to work on /home/airflow/.local/lib/python3.7/site-packages/airflow/example_dags/example_skip_dag.py
[2022-02-21 01:09:47,485] {processor.py:642} INFO - Processing file /home/airflow/.local/lib/python3.7/site-packages/airflow/example_dags/example_skip_dag.py for tasks to queue
[2022-02-21 01:09:47,486] {logging_mixin.py:109} INFO - [2022-02-21 01:09:47,486] {dagbag.py:500} INFO - Filling up the DagBag from /home/airflow/.local/lib/python3.7/site-packages/airflow/example_dags/example_skip_dag.py
[2022-02-21 01:09:47,543] {processor.py:654} INFO - DAG(s) dict_keys(['example_skip_dag']) retrieved from /home/airflow/.local/lib/python3.7/site-packages/airflow/example_dags/example_skip_dag.py
[2022-02-21 01:09:47,560] {logging_mixin.py:109} INFO - [2022-02-21 01:09:47,560] {dag.py:2396} INFO - Sync 1 DAGs
[2022-02-21 01:09:47,590] {logging_mixin.py:109} INFO - [2022-02-21 01:09:47,590] {dag.py:2935} INFO - Setting next_dagrun for example_skip_dag to 2022-02-20T01:09:47.589774+00:00
[2022-02-21 01:09:47,608] {processor.py:171} INFO - Processing /home/airflow/.local/lib/python3.7/site-packages/airflow/example_dags/example_skip_dag.py took 0.130 seconds
[2022-02-21 01:10:18,452] {processor.py:163} INFO - Started process (PID=1552) to work on /home/airflow/.local/lib/python3.7/site-packages/airflow/example_dags/example_skip_dag.py
[2022-02-21 01:10:18,455] {processor.py:642} INFO - Processing file /home/airflow/.local/lib/python3.7/site-packages/airflow/example_dags/example_skip_dag.py for tasks to queue
[2022-02-21 01:10:18,457] {logging_mixin.py:109} INFO - [2022-02-21 01:10:18,457] {dagbag.py:500} INFO - Filling up the DagBag from /home/airflow/.local/lib/python3.7/site-packages/airflow/example_dags/example_skip_dag.py
[2022-02-21 01:10:18,538] {processor.py:654} INFO - DAG(s) dict_keys(['example_skip_dag']) retrieved from /home/airflow/.local/lib/python3.7/site-packages/airflow/example_dags/example_skip_dag.py
[2022-02-21 01:10:18,576] {logging_mixin.py:109} INFO - [2022-02-21 01:10:18,576] {dag.py:2396} INFO - Sync 1 DAGs
[2022-02-21 01:10:18,651] {logging_mixin.py:109} INFO - [2022-02-21 01:10:18,650] {dag.py:2935} INFO - Setting next_dagrun for example_skip_dag to 2022-02-20T01:10:18.649506+00:00
[2022-02-21 01:10:18,696] {processor.py:171} INFO - Processing /home/airflow/.local/lib/python3.7/site-packages/airflow/example_dags/example_skip_dag.py took 0.256 seconds
[2022-02-21 01:10:49,100] {processor.py:163} INFO - Started process (PID=1602) to work on /home/airflow/.local/lib/python3.7/site-packages/airflow/example_dags/example_skip_dag.py
[2022-02-21 01:10:49,107] {processor.py:642} INFO - Processing file /home/airflow/.local/lib/python3.7/site-packages/airflow/example_dags/example_skip_dag.py for tasks to queue
[2022-02-21 01:10:49,108] {logging_mixin.py:109} INFO - [2022-02-21 01:10:49,108] {dagbag.py:500} INFO - Filling up the DagBag from /home/airflow/.local/lib/python3.7/site-packages/airflow/example_dags/example_skip_dag.py
[2022-02-21 01:10:49,183] {processor.py:654} INFO - DAG(s) dict_keys(['example_skip_dag']) retrieved from /home/airflow/.local/lib/python3.7/site-packages/airflow/example_dags/example_skip_dag.py
[2022-02-21 01:10:49,203] {logging_mixin.py:109} INFO - [2022-02-21 01:10:49,203] {dag.py:2396} INFO - Sync 1 DAGs
[2022-02-21 01:10:49,239] {logging_mixin.py:109} INFO - [2022-02-21 01:10:49,239] {dag.py:2935} INFO - Setting next_dagrun for example_skip_dag to 2022-02-20T01:10:49.238890+00:00
[2022-02-21 01:10:49,404] {processor.py:171} INFO - Processing /home/airflow/.local/lib/python3.7/site-packages/airflow/example_dags/example_skip_dag.py took 0.311 seconds
[2022-02-21 01:11:20,186] {processor.py:163} INFO - Started process (PID=1652) to work on /home/airflow/.local/lib/python3.7/site-packages/airflow/example_dags/example_skip_dag.py
[2022-02-21 01:11:20,187] {processor.py:642} INFO - Processing file /home/airflow/.local/lib/python3.7/site-packages/airflow/example_dags/example_skip_dag.py for tasks to queue
[2022-02-21 01:11:20,188] {logging_mixin.py:109} INFO - [2022-02-21 01:11:20,187] {dagbag.py:500} INFO - Filling up the DagBag from /home/airflow/.local/lib/python3.7/site-packages/airflow/example_dags/example_skip_dag.py
[2022-02-21 01:11:20,215] {processor.py:654} INFO - DAG(s) dict_keys(['example_skip_dag']) retrieved from /home/airflow/.local/lib/python3.7/site-packages/airflow/example_dags/example_skip_dag.py
[2022-02-21 01:11:20,227] {logging_mixin.py:109} INFO - [2022-02-21 01:11:20,227] {dag.py:2396} INFO - Sync 1 DAGs
[2022-02-21 01:11:20,322] {logging_mixin.py:109} INFO - [2022-02-21 01:11:20,322] {dag.py:2935} INFO - Setting next_dagrun for example_skip_dag to 2022-02-20T01:11:20.322526+00:00
[2022-02-21 01:11:20,336] {processor.py:171} INFO - Processing /home/airflow/.local/lib/python3.7/site-packages/airflow/example_dags/example_skip_dag.py took 0.153 seconds
[2022-02-21 01:11:51,034] {processor.py:163} INFO - Started process (PID=1702) to work on /home/airflow/.local/lib/python3.7/site-packages/airflow/example_dags/example_skip_dag.py
[2022-02-21 01:11:51,036] {processor.py:642} INFO - Processing file /home/airflow/.local/lib/python3.7/site-packages/airflow/example_dags/example_skip_dag.py for tasks to queue
[2022-02-21 01:11:51,037] {logging_mixin.py:109} INFO - [2022-02-21 01:11:51,037] {dagbag.py:500} INFO - Filling up the DagBag from /home/airflow/.local/lib/python3.7/site-packages/airflow/example_dags/example_skip_dag.py
[2022-02-21 01:11:51,080] {processor.py:654} INFO - DAG(s) dict_keys(['example_skip_dag']) retrieved from /home/airflow/.local/lib/python3.7/site-packages/airflow/example_dags/example_skip_dag.py
[2022-02-21 01:11:51,100] {logging_mixin.py:109} INFO - [2022-02-21 01:11:51,100] {dag.py:2396} INFO - Sync 1 DAGs
[2022-02-21 01:11:51,291] {logging_mixin.py:109} INFO - [2022-02-21 01:11:51,290] {dag.py:2935} INFO - Setting next_dagrun for example_skip_dag to 2022-02-20T01:11:51.290298+00:00
[2022-02-21 01:11:51,311] {processor.py:171} INFO - Processing /home/airflow/.local/lib/python3.7/site-packages/airflow/example_dags/example_skip_dag.py took 0.284 seconds
[2022-02-21 01:12:21,484] {processor.py:163} INFO - Started process (PID=1754) to work on /home/airflow/.local/lib/python3.7/site-packages/airflow/example_dags/example_skip_dag.py
[2022-02-21 01:12:21,485] {processor.py:642} INFO - Processing file /home/airflow/.local/lib/python3.7/site-packages/airflow/example_dags/example_skip_dag.py for tasks to queue
[2022-02-21 01:12:21,486] {logging_mixin.py:109} INFO - [2022-02-21 01:12:21,486] {dagbag.py:500} INFO - Filling up the DagBag from /home/airflow/.local/lib/python3.7/site-packages/airflow/example_dags/example_skip_dag.py
[2022-02-21 01:12:21,535] {processor.py:654} INFO - DAG(s) dict_keys(['example_skip_dag']) retrieved from /home/airflow/.local/lib/python3.7/site-packages/airflow/example_dags/example_skip_dag.py
[2022-02-21 01:12:21,551] {logging_mixin.py:109} INFO - [2022-02-21 01:12:21,551] {dag.py:2396} INFO - Sync 1 DAGs
[2022-02-21 01:12:21,712] {logging_mixin.py:109} INFO - [2022-02-21 01:12:21,712] {dag.py:2935} INFO - Setting next_dagrun for example_skip_dag to 2022-02-20T01:12:21.712283+00:00
[2022-02-21 01:12:21,730] {processor.py:171} INFO - Processing /home/airflow/.local/lib/python3.7/site-packages/airflow/example_dags/example_skip_dag.py took 0.252 seconds
[2022-02-21 01:12:52,008] {processor.py:163} INFO - Started process (PID=1815) to work on /home/airflow/.local/lib/python3.7/site-packages/airflow/example_dags/example_skip_dag.py
[2022-02-21 01:12:52,010] {processor.py:642} INFO - Processing file /home/airflow/.local/lib/python3.7/site-packages/airflow/example_dags/example_skip_dag.py for tasks to queue
[2022-02-21 01:12:52,011] {logging_mixin.py:109} INFO - [2022-02-21 01:12:52,011] {dagbag.py:500} INFO - Filling up the DagBag from /home/airflow/.local/lib/python3.7/site-packages/airflow/example_dags/example_skip_dag.py
[2022-02-21 01:12:52,167] {processor.py:654} INFO - DAG(s) dict_keys(['example_skip_dag']) retrieved from /home/airflow/.local/lib/python3.7/site-packages/airflow/example_dags/example_skip_dag.py
[2022-02-21 01:12:52,181] {logging_mixin.py:109} INFO - [2022-02-21 01:12:52,181] {dag.py:2396} INFO - Sync 1 DAGs
[2022-02-21 01:12:52,203] {logging_mixin.py:109} INFO - [2022-02-21 01:12:52,203] {dag.py:2935} INFO - Setting next_dagrun for example_skip_dag to 2022-02-20T01:12:52.203421+00:00
[2022-02-21 01:12:52,217] {processor.py:171} INFO - Processing /home/airflow/.local/lib/python3.7/site-packages/airflow/example_dags/example_skip_dag.py took 0.214 seconds
[2022-02-21 01:13:22,647] {processor.py:163} INFO - Started process (PID=1866) to work on /home/airflow/.local/lib/python3.7/site-packages/airflow/example_dags/example_skip_dag.py
[2022-02-21 01:13:22,648] {processor.py:642} INFO - Processing file /home/airflow/.local/lib/python3.7/site-packages/airflow/example_dags/example_skip_dag.py for tasks to queue
[2022-02-21 01:13:22,649] {logging_mixin.py:109} INFO - [2022-02-21 01:13:22,648] {dagbag.py:500} INFO - Filling up the DagBag from /home/airflow/.local/lib/python3.7/site-packages/airflow/example_dags/example_skip_dag.py
[2022-02-21 01:13:22,759] {processor.py:654} INFO - DAG(s) dict_keys(['example_skip_dag']) retrieved from /home/airflow/.local/lib/python3.7/site-packages/airflow/example_dags/example_skip_dag.py
[2022-02-21 01:13:22,770] {logging_mixin.py:109} INFO - [2022-02-21 01:13:22,769] {dag.py:2396} INFO - Sync 1 DAGs
[2022-02-21 01:13:22,783] {logging_mixin.py:109} INFO - [2022-02-21 01:13:22,783] {dag.py:2935} INFO - Setting next_dagrun for example_skip_dag to 2022-02-20T01:13:22.783186+00:00
[2022-02-21 01:13:22,793] {processor.py:171} INFO - Processing /home/airflow/.local/lib/python3.7/site-packages/airflow/example_dags/example_skip_dag.py took 0.148 seconds
[2022-02-21 01:13:53,013] {processor.py:163} INFO - Started process (PID=1917) to work on /home/airflow/.local/lib/python3.7/site-packages/airflow/example_dags/example_skip_dag.py
[2022-02-21 01:13:53,016] {processor.py:642} INFO - Processing file /home/airflow/.local/lib/python3.7/site-packages/airflow/example_dags/example_skip_dag.py for tasks to queue
[2022-02-21 01:13:53,016] {logging_mixin.py:109} INFO - [2022-02-21 01:13:53,016] {dagbag.py:500} INFO - Filling up the DagBag from /home/airflow/.local/lib/python3.7/site-packages/airflow/example_dags/example_skip_dag.py
[2022-02-21 01:13:53,140] {processor.py:654} INFO - DAG(s) dict_keys(['example_skip_dag']) retrieved from /home/airflow/.local/lib/python3.7/site-packages/airflow/example_dags/example_skip_dag.py
[2022-02-21 01:13:53,150] {logging_mixin.py:109} INFO - [2022-02-21 01:13:53,150] {dag.py:2396} INFO - Sync 1 DAGs
[2022-02-21 01:13:53,166] {logging_mixin.py:109} INFO - [2022-02-21 01:13:53,166] {dag.py:2935} INFO - Setting next_dagrun for example_skip_dag to 2022-02-20T01:13:53.166515+00:00
[2022-02-21 01:13:53,182] {processor.py:171} INFO - Processing /home/airflow/.local/lib/python3.7/site-packages/airflow/example_dags/example_skip_dag.py took 0.173 seconds
[2022-02-21 01:14:23,724] {processor.py:163} INFO - Started process (PID=1968) to work on /home/airflow/.local/lib/python3.7/site-packages/airflow/example_dags/example_skip_dag.py
[2022-02-21 01:14:23,725] {processor.py:642} INFO - Processing file /home/airflow/.local/lib/python3.7/site-packages/airflow/example_dags/example_skip_dag.py for tasks to queue
[2022-02-21 01:14:23,726] {logging_mixin.py:109} INFO - [2022-02-21 01:14:23,725] {dagbag.py:500} INFO - Filling up the DagBag from /home/airflow/.local/lib/python3.7/site-packages/airflow/example_dags/example_skip_dag.py
[2022-02-21 01:14:23,896] {processor.py:654} INFO - DAG(s) dict_keys(['example_skip_dag']) retrieved from /home/airflow/.local/lib/python3.7/site-packages/airflow/example_dags/example_skip_dag.py
[2022-02-21 01:14:23,909] {logging_mixin.py:109} INFO - [2022-02-21 01:14:23,909] {dag.py:2396} INFO - Sync 1 DAGs
[2022-02-21 01:14:23,930] {logging_mixin.py:109} INFO - [2022-02-21 01:14:23,929] {dag.py:2935} INFO - Setting next_dagrun for example_skip_dag to 2022-02-20T01:14:23.929473+00:00
[2022-02-21 01:14:23,943] {processor.py:171} INFO - Processing /home/airflow/.local/lib/python3.7/site-packages/airflow/example_dags/example_skip_dag.py took 0.224 seconds
[2022-02-21 01:14:54,342] {processor.py:163} INFO - Started process (PID=2019) to work on /home/airflow/.local/lib/python3.7/site-packages/airflow/example_dags/example_skip_dag.py
[2022-02-21 01:14:54,345] {processor.py:642} INFO - Processing file /home/airflow/.local/lib/python3.7/site-packages/airflow/example_dags/example_skip_dag.py for tasks to queue
[2022-02-21 01:14:54,345] {logging_mixin.py:109} INFO - [2022-02-21 01:14:54,345] {dagbag.py:500} INFO - Filling up the DagBag from /home/airflow/.local/lib/python3.7/site-packages/airflow/example_dags/example_skip_dag.py
[2022-02-21 01:14:54,377] {processor.py:654} INFO - DAG(s) dict_keys(['example_skip_dag']) retrieved from /home/airflow/.local/lib/python3.7/site-packages/airflow/example_dags/example_skip_dag.py
[2022-02-21 01:14:54,389] {logging_mixin.py:109} INFO - [2022-02-21 01:14:54,389] {dag.py:2396} INFO - Sync 1 DAGs
[2022-02-21 01:14:54,409] {logging_mixin.py:109} INFO - [2022-02-21 01:14:54,409] {dag.py:2935} INFO - Setting next_dagrun for example_skip_dag to 2022-02-20T01:14:54.409358+00:00
[2022-02-21 01:14:54,421] {processor.py:171} INFO - Processing /home/airflow/.local/lib/python3.7/site-packages/airflow/example_dags/example_skip_dag.py took 0.083 seconds
[2022-02-21 01:15:24,478] {processor.py:163} INFO - Started process (PID=2078) to work on /home/airflow/.local/lib/python3.7/site-packages/airflow/example_dags/example_skip_dag.py
[2022-02-21 01:15:24,482] {processor.py:642} INFO - Processing file /home/airflow/.local/lib/python3.7/site-packages/airflow/example_dags/example_skip_dag.py for tasks to queue
[2022-02-21 01:15:24,484] {logging_mixin.py:109} INFO - [2022-02-21 01:15:24,483] {dagbag.py:500} INFO - Filling up the DagBag from /home/airflow/.local/lib/python3.7/site-packages/airflow/example_dags/example_skip_dag.py
[2022-02-21 01:15:24,570] {processor.py:654} INFO - DAG(s) dict_keys(['example_skip_dag']) retrieved from /home/airflow/.local/lib/python3.7/site-packages/airflow/example_dags/example_skip_dag.py
[2022-02-21 01:15:24,601] {logging_mixin.py:109} INFO - [2022-02-21 01:15:24,600] {dag.py:2396} INFO - Sync 1 DAGs
[2022-02-21 01:15:24,667] {logging_mixin.py:109} INFO - [2022-02-21 01:15:24,667] {dag.py:2935} INFO - Setting next_dagrun for example_skip_dag to 2022-02-20T01:15:24.666552+00:00
[2022-02-21 01:15:24,707] {processor.py:171} INFO - Processing /home/airflow/.local/lib/python3.7/site-packages/airflow/example_dags/example_skip_dag.py took 0.239 seconds
[2022-02-21 01:15:55,173] {processor.py:163} INFO - Started process (PID=2120) to work on /home/airflow/.local/lib/python3.7/site-packages/airflow/example_dags/example_skip_dag.py
[2022-02-21 01:15:55,180] {processor.py:642} INFO - Processing file /home/airflow/.local/lib/python3.7/site-packages/airflow/example_dags/example_skip_dag.py for tasks to queue
[2022-02-21 01:15:55,182] {logging_mixin.py:109} INFO - [2022-02-21 01:15:55,182] {dagbag.py:500} INFO - Filling up the DagBag from /home/airflow/.local/lib/python3.7/site-packages/airflow/example_dags/example_skip_dag.py
[2022-02-21 01:15:55,257] {processor.py:654} INFO - DAG(s) dict_keys(['example_skip_dag']) retrieved from /home/airflow/.local/lib/python3.7/site-packages/airflow/example_dags/example_skip_dag.py
[2022-02-21 01:15:55,280] {logging_mixin.py:109} INFO - [2022-02-21 01:15:55,280] {dag.py:2396} INFO - Sync 1 DAGs
[2022-02-21 01:15:55,334] {logging_mixin.py:109} INFO - [2022-02-21 01:15:55,334] {dag.py:2935} INFO - Setting next_dagrun for example_skip_dag to 2022-02-20T01:15:55.333706+00:00
[2022-02-21 01:15:55,362] {processor.py:171} INFO - Processing /home/airflow/.local/lib/python3.7/site-packages/airflow/example_dags/example_skip_dag.py took 0.198 seconds
[2022-02-21 01:16:25,429] {processor.py:163} INFO - Started process (PID=2172) to work on /home/airflow/.local/lib/python3.7/site-packages/airflow/example_dags/example_skip_dag.py
[2022-02-21 01:16:25,431] {processor.py:642} INFO - Processing file /home/airflow/.local/lib/python3.7/site-packages/airflow/example_dags/example_skip_dag.py for tasks to queue
[2022-02-21 01:16:25,432] {logging_mixin.py:109} INFO - [2022-02-21 01:16:25,432] {dagbag.py:500} INFO - Filling up the DagBag from /home/airflow/.local/lib/python3.7/site-packages/airflow/example_dags/example_skip_dag.py
[2022-02-21 01:16:25,481] {processor.py:654} INFO - DAG(s) dict_keys(['example_skip_dag']) retrieved from /home/airflow/.local/lib/python3.7/site-packages/airflow/example_dags/example_skip_dag.py
[2022-02-21 01:16:25,505] {logging_mixin.py:109} INFO - [2022-02-21 01:16:25,505] {dag.py:2396} INFO - Sync 1 DAGs
[2022-02-21 01:16:25,535] {logging_mixin.py:109} INFO - [2022-02-21 01:16:25,534] {dag.py:2935} INFO - Setting next_dagrun for example_skip_dag to 2022-02-20T01:16:25.534373+00:00
[2022-02-21 01:16:25,552] {processor.py:171} INFO - Processing /home/airflow/.local/lib/python3.7/site-packages/airflow/example_dags/example_skip_dag.py took 0.129 seconds
[2022-02-21 01:16:56,331] {processor.py:163} INFO - Started process (PID=2223) to work on /home/airflow/.local/lib/python3.7/site-packages/airflow/example_dags/example_skip_dag.py
[2022-02-21 01:16:56,335] {processor.py:642} INFO - Processing file /home/airflow/.local/lib/python3.7/site-packages/airflow/example_dags/example_skip_dag.py for tasks to queue
[2022-02-21 01:16:56,336] {logging_mixin.py:109} INFO - [2022-02-21 01:16:56,336] {dagbag.py:500} INFO - Filling up the DagBag from /home/airflow/.local/lib/python3.7/site-packages/airflow/example_dags/example_skip_dag.py
[2022-02-21 01:16:56,392] {processor.py:654} INFO - DAG(s) dict_keys(['example_skip_dag']) retrieved from /home/airflow/.local/lib/python3.7/site-packages/airflow/example_dags/example_skip_dag.py
[2022-02-21 01:16:56,417] {logging_mixin.py:109} INFO - [2022-02-21 01:16:56,417] {dag.py:2396} INFO - Sync 1 DAGs
[2022-02-21 01:16:56,457] {logging_mixin.py:109} INFO - [2022-02-21 01:16:56,456] {dag.py:2935} INFO - Setting next_dagrun for example_skip_dag to 2022-02-20T01:16:56.456233+00:00
[2022-02-21 01:16:56,488] {processor.py:171} INFO - Processing /home/airflow/.local/lib/python3.7/site-packages/airflow/example_dags/example_skip_dag.py took 0.167 seconds
[2022-02-21 01:17:26,594] {processor.py:163} INFO - Started process (PID=2273) to work on /home/airflow/.local/lib/python3.7/site-packages/airflow/example_dags/example_skip_dag.py
[2022-02-21 01:17:26,597] {processor.py:642} INFO - Processing file /home/airflow/.local/lib/python3.7/site-packages/airflow/example_dags/example_skip_dag.py for tasks to queue
[2022-02-21 01:17:26,598] {logging_mixin.py:109} INFO - [2022-02-21 01:17:26,598] {dagbag.py:500} INFO - Filling up the DagBag from /home/airflow/.local/lib/python3.7/site-packages/airflow/example_dags/example_skip_dag.py
[2022-02-21 01:17:26,650] {processor.py:654} INFO - DAG(s) dict_keys(['example_skip_dag']) retrieved from /home/airflow/.local/lib/python3.7/site-packages/airflow/example_dags/example_skip_dag.py
[2022-02-21 01:17:26,672] {logging_mixin.py:109} INFO - [2022-02-21 01:17:26,672] {dag.py:2396} INFO - Sync 1 DAGs
[2022-02-21 01:17:26,708] {logging_mixin.py:109} INFO - [2022-02-21 01:17:26,708] {dag.py:2935} INFO - Setting next_dagrun for example_skip_dag to 2022-02-20T01:17:26.707526+00:00
[2022-02-21 01:17:26,736] {processor.py:171} INFO - Processing /home/airflow/.local/lib/python3.7/site-packages/airflow/example_dags/example_skip_dag.py took 0.148 seconds
[2022-02-21 01:17:57,769] {processor.py:163} INFO - Started process (PID=2332) to work on /home/airflow/.local/lib/python3.7/site-packages/airflow/example_dags/example_skip_dag.py
[2022-02-21 01:17:57,771] {processor.py:642} INFO - Processing file /home/airflow/.local/lib/python3.7/site-packages/airflow/example_dags/example_skip_dag.py for tasks to queue
[2022-02-21 01:17:57,771] {logging_mixin.py:109} INFO - [2022-02-21 01:17:57,771] {dagbag.py:500} INFO - Filling up the DagBag from /home/airflow/.local/lib/python3.7/site-packages/airflow/example_dags/example_skip_dag.py
[2022-02-21 01:17:57,803] {processor.py:654} INFO - DAG(s) dict_keys(['example_skip_dag']) retrieved from /home/airflow/.local/lib/python3.7/site-packages/airflow/example_dags/example_skip_dag.py
[2022-02-21 01:17:57,816] {logging_mixin.py:109} INFO - [2022-02-21 01:17:57,816] {dag.py:2396} INFO - Sync 1 DAGs
[2022-02-21 01:17:57,837] {logging_mixin.py:109} INFO - [2022-02-21 01:17:57,837] {dag.py:2935} INFO - Setting next_dagrun for example_skip_dag to 2022-02-20T01:17:57.836913+00:00
[2022-02-21 01:17:57,854] {processor.py:171} INFO - Processing /home/airflow/.local/lib/python3.7/site-packages/airflow/example_dags/example_skip_dag.py took 0.088 seconds
[2022-02-21 01:18:28,312] {processor.py:163} INFO - Started process (PID=2383) to work on /home/airflow/.local/lib/python3.7/site-packages/airflow/example_dags/example_skip_dag.py
[2022-02-21 01:18:28,313] {processor.py:642} INFO - Processing file /home/airflow/.local/lib/python3.7/site-packages/airflow/example_dags/example_skip_dag.py for tasks to queue
[2022-02-21 01:18:28,313] {logging_mixin.py:109} INFO - [2022-02-21 01:18:28,313] {dagbag.py:500} INFO - Filling up the DagBag from /home/airflow/.local/lib/python3.7/site-packages/airflow/example_dags/example_skip_dag.py
[2022-02-21 01:18:28,342] {processor.py:654} INFO - DAG(s) dict_keys(['example_skip_dag']) retrieved from /home/airflow/.local/lib/python3.7/site-packages/airflow/example_dags/example_skip_dag.py
[2022-02-21 01:18:28,355] {logging_mixin.py:109} INFO - [2022-02-21 01:18:28,355] {dag.py:2396} INFO - Sync 1 DAGs
[2022-02-21 01:18:28,368] {logging_mixin.py:109} INFO - [2022-02-21 01:18:28,368] {dag.py:2935} INFO - Setting next_dagrun for example_skip_dag to 2022-02-20T01:18:28.368521+00:00
[2022-02-21 01:18:28,378] {processor.py:171} INFO - Processing /home/airflow/.local/lib/python3.7/site-packages/airflow/example_dags/example_skip_dag.py took 0.068 seconds
[2022-02-21 01:18:58,420] {processor.py:163} INFO - Started process (PID=2433) to work on /home/airflow/.local/lib/python3.7/site-packages/airflow/example_dags/example_skip_dag.py
[2022-02-21 01:18:58,421] {processor.py:642} INFO - Processing file /home/airflow/.local/lib/python3.7/site-packages/airflow/example_dags/example_skip_dag.py for tasks to queue
[2022-02-21 01:18:58,422] {logging_mixin.py:109} INFO - [2022-02-21 01:18:58,422] {dagbag.py:500} INFO - Filling up the DagBag from /home/airflow/.local/lib/python3.7/site-packages/airflow/example_dags/example_skip_dag.py
[2022-02-21 01:18:58,447] {processor.py:654} INFO - DAG(s) dict_keys(['example_skip_dag']) retrieved from /home/airflow/.local/lib/python3.7/site-packages/airflow/example_dags/example_skip_dag.py
[2022-02-21 01:18:58,457] {logging_mixin.py:109} INFO - [2022-02-21 01:18:58,456] {dag.py:2396} INFO - Sync 1 DAGs
[2022-02-21 01:18:58,472] {logging_mixin.py:109} INFO - [2022-02-21 01:18:58,472] {dag.py:2935} INFO - Setting next_dagrun for example_skip_dag to 2022-02-20T01:18:58.472156+00:00
[2022-02-21 01:18:58,482] {processor.py:171} INFO - Processing /home/airflow/.local/lib/python3.7/site-packages/airflow/example_dags/example_skip_dag.py took 0.065 seconds
[2022-02-21 01:19:28,599] {processor.py:163} INFO - Started process (PID=2493) to work on /home/airflow/.local/lib/python3.7/site-packages/airflow/example_dags/example_skip_dag.py
[2022-02-21 01:19:28,600] {processor.py:642} INFO - Processing file /home/airflow/.local/lib/python3.7/site-packages/airflow/example_dags/example_skip_dag.py for tasks to queue
[2022-02-21 01:19:28,600] {logging_mixin.py:109} INFO - [2022-02-21 01:19:28,600] {dagbag.py:500} INFO - Filling up the DagBag from /home/airflow/.local/lib/python3.7/site-packages/airflow/example_dags/example_skip_dag.py
[2022-02-21 01:19:28,630] {processor.py:654} INFO - DAG(s) dict_keys(['example_skip_dag']) retrieved from /home/airflow/.local/lib/python3.7/site-packages/airflow/example_dags/example_skip_dag.py
[2022-02-21 01:19:28,642] {logging_mixin.py:109} INFO - [2022-02-21 01:19:28,642] {dag.py:2396} INFO - Sync 1 DAGs
[2022-02-21 01:19:28,662] {logging_mixin.py:109} INFO - [2022-02-21 01:19:28,662] {dag.py:2935} INFO - Setting next_dagrun for example_skip_dag to 2022-02-20T01:19:28.661901+00:00
[2022-02-21 01:19:28,675] {processor.py:171} INFO - Processing /home/airflow/.local/lib/python3.7/site-packages/airflow/example_dags/example_skip_dag.py took 0.079 seconds
[2022-02-21 01:19:58,827] {processor.py:163} INFO - Started process (PID=2543) to work on /home/airflow/.local/lib/python3.7/site-packages/airflow/example_dags/example_skip_dag.py
[2022-02-21 01:19:58,828] {processor.py:642} INFO - Processing file /home/airflow/.local/lib/python3.7/site-packages/airflow/example_dags/example_skip_dag.py for tasks to queue
[2022-02-21 01:19:58,829] {logging_mixin.py:109} INFO - [2022-02-21 01:19:58,829] {dagbag.py:500} INFO - Filling up the DagBag from /home/airflow/.local/lib/python3.7/site-packages/airflow/example_dags/example_skip_dag.py
[2022-02-21 01:19:58,857] {processor.py:654} INFO - DAG(s) dict_keys(['example_skip_dag']) retrieved from /home/airflow/.local/lib/python3.7/site-packages/airflow/example_dags/example_skip_dag.py
[2022-02-21 01:19:58,866] {logging_mixin.py:109} INFO - [2022-02-21 01:19:58,866] {dag.py:2396} INFO - Sync 1 DAGs
[2022-02-21 01:19:58,879] {logging_mixin.py:109} INFO - [2022-02-21 01:19:58,879] {dag.py:2935} INFO - Setting next_dagrun for example_skip_dag to 2022-02-20T01:19:58.879454+00:00
[2022-02-21 01:19:58,889] {processor.py:171} INFO - Processing /home/airflow/.local/lib/python3.7/site-packages/airflow/example_dags/example_skip_dag.py took 0.065 seconds
[2022-02-21 01:20:28,928] {processor.py:163} INFO - Started process (PID=2593) to work on /home/airflow/.local/lib/python3.7/site-packages/airflow/example_dags/example_skip_dag.py
[2022-02-21 01:20:28,930] {processor.py:642} INFO - Processing file /home/airflow/.local/lib/python3.7/site-packages/airflow/example_dags/example_skip_dag.py for tasks to queue
[2022-02-21 01:20:28,931] {logging_mixin.py:109} INFO - [2022-02-21 01:20:28,931] {dagbag.py:500} INFO - Filling up the DagBag from /home/airflow/.local/lib/python3.7/site-packages/airflow/example_dags/example_skip_dag.py
[2022-02-21 01:20:29,006] {processor.py:654} INFO - DAG(s) dict_keys(['example_skip_dag']) retrieved from /home/airflow/.local/lib/python3.7/site-packages/airflow/example_dags/example_skip_dag.py
[2022-02-21 01:20:29,043] {logging_mixin.py:109} INFO - [2022-02-21 01:20:29,043] {dag.py:2396} INFO - Sync 1 DAGs
[2022-02-21 01:20:29,109] {logging_mixin.py:109} INFO - [2022-02-21 01:20:29,108] {dag.py:2935} INFO - Setting next_dagrun for example_skip_dag to 2022-02-20T01:20:29.101168+00:00
[2022-02-21 01:20:29,160] {processor.py:171} INFO - Processing /home/airflow/.local/lib/python3.7/site-packages/airflow/example_dags/example_skip_dag.py took 0.242 seconds
[2022-02-21 01:20:59,973] {processor.py:163} INFO - Started process (PID=2644) to work on /home/airflow/.local/lib/python3.7/site-packages/airflow/example_dags/example_skip_dag.py
[2022-02-21 01:20:59,975] {processor.py:642} INFO - Processing file /home/airflow/.local/lib/python3.7/site-packages/airflow/example_dags/example_skip_dag.py for tasks to queue
[2022-02-21 01:20:59,976] {logging_mixin.py:109} INFO - [2022-02-21 01:20:59,976] {dagbag.py:500} INFO - Filling up the DagBag from /home/airflow/.local/lib/python3.7/site-packages/airflow/example_dags/example_skip_dag.py
[2022-02-21 01:21:00,013] {processor.py:654} INFO - DAG(s) dict_keys(['example_skip_dag']) retrieved from /home/airflow/.local/lib/python3.7/site-packages/airflow/example_dags/example_skip_dag.py
[2022-02-21 01:21:00,025] {logging_mixin.py:109} INFO - [2022-02-21 01:21:00,025] {dag.py:2396} INFO - Sync 1 DAGs
[2022-02-21 01:21:00,048] {logging_mixin.py:109} INFO - [2022-02-21 01:21:00,048] {dag.py:2935} INFO - Setting next_dagrun for example_skip_dag to 2022-02-20T01:21:00.048511+00:00
[2022-02-21 01:21:00,061] {processor.py:171} INFO - Processing /home/airflow/.local/lib/python3.7/site-packages/airflow/example_dags/example_skip_dag.py took 0.093 seconds
[2022-02-21 01:21:30,303] {processor.py:163} INFO - Started process (PID=2694) to work on /home/airflow/.local/lib/python3.7/site-packages/airflow/example_dags/example_skip_dag.py
[2022-02-21 01:21:30,304] {processor.py:642} INFO - Processing file /home/airflow/.local/lib/python3.7/site-packages/airflow/example_dags/example_skip_dag.py for tasks to queue
[2022-02-21 01:21:30,305] {logging_mixin.py:109} INFO - [2022-02-21 01:21:30,305] {dagbag.py:500} INFO - Filling up the DagBag from /home/airflow/.local/lib/python3.7/site-packages/airflow/example_dags/example_skip_dag.py
[2022-02-21 01:21:30,344] {processor.py:654} INFO - DAG(s) dict_keys(['example_skip_dag']) retrieved from /home/airflow/.local/lib/python3.7/site-packages/airflow/example_dags/example_skip_dag.py
[2022-02-21 01:21:30,359] {logging_mixin.py:109} INFO - [2022-02-21 01:21:30,359] {dag.py:2396} INFO - Sync 1 DAGs
[2022-02-21 01:21:30,381] {logging_mixin.py:109} INFO - [2022-02-21 01:21:30,381] {dag.py:2935} INFO - Setting next_dagrun for example_skip_dag to 2022-02-20T01:21:30.381330+00:00
[2022-02-21 01:21:30,397] {processor.py:171} INFO - Processing /home/airflow/.local/lib/python3.7/site-packages/airflow/example_dags/example_skip_dag.py took 0.098 seconds
