[2022-02-21 00:57:49,531] {processor.py:163} INFO - Started process (PID=76) to work on /home/airflow/.local/lib/python3.7/site-packages/airflow/example_dags/example_xcom.py
[2022-02-21 00:57:49,534] {processor.py:642} INFO - Processing file /home/airflow/.local/lib/python3.7/site-packages/airflow/example_dags/example_xcom.py for tasks to queue
[2022-02-21 00:57:49,536] {logging_mixin.py:109} INFO - [2022-02-21 00:57:49,536] {dagbag.py:500} INFO - Filling up the DagBag from /home/airflow/.local/lib/python3.7/site-packages/airflow/example_dags/example_xcom.py
[2022-02-21 00:57:49,662] {processor.py:654} INFO - DAG(s) dict_keys(['example_xcom']) retrieved from /home/airflow/.local/lib/python3.7/site-packages/airflow/example_dags/example_xcom.py
[2022-02-21 00:58:02,010] {logging_mixin.py:109} INFO - [2022-02-21 00:58:02,004] {manager.py:496} INFO - Created Permission View: can edit on DAG:example_xcom
[2022-02-21 00:58:02,102] {logging_mixin.py:109} INFO - [2022-02-21 00:58:02,102] {manager.py:496} INFO - Created Permission View: can read on DAG:example_xcom
[2022-02-21 00:58:02,132] {logging_mixin.py:109} INFO - [2022-02-21 00:58:02,103] {dag.py:2396} INFO - Sync 1 DAGs
[2022-02-21 00:58:02,184] {logging_mixin.py:109} INFO - [2022-02-21 00:58:02,183] {dag.py:2415} INFO - Creating ORM DAG for example_xcom
[2022-02-21 00:58:02,249] {logging_mixin.py:109} INFO - [2022-02-21 00:58:02,246] {dag.py:2935} INFO - Setting next_dagrun for example_xcom to 2021-01-01T00:00:00+00:00
[2022-02-21 00:58:02,332] {processor.py:171} INFO - Processing /home/airflow/.local/lib/python3.7/site-packages/airflow/example_dags/example_xcom.py took 12.809 seconds
[2022-02-21 00:59:05,777] {processor.py:163} INFO - Started process (PID=371) to work on /home/airflow/.local/lib/python3.7/site-packages/airflow/example_dags/example_xcom.py
[2022-02-21 00:59:05,779] {processor.py:642} INFO - Processing file /home/airflow/.local/lib/python3.7/site-packages/airflow/example_dags/example_xcom.py for tasks to queue
[2022-02-21 00:59:05,780] {logging_mixin.py:109} INFO - [2022-02-21 00:59:05,780] {dagbag.py:500} INFO - Filling up the DagBag from /home/airflow/.local/lib/python3.7/site-packages/airflow/example_dags/example_xcom.py
[2022-02-21 00:59:05,823] {processor.py:654} INFO - DAG(s) dict_keys(['example_xcom']) retrieved from /home/airflow/.local/lib/python3.7/site-packages/airflow/example_dags/example_xcom.py
[2022-02-21 00:59:06,143] {logging_mixin.py:109} INFO - [2022-02-21 00:59:06,143] {dag.py:2396} INFO - Sync 1 DAGs
[2022-02-21 00:59:06,161] {logging_mixin.py:109} INFO - [2022-02-21 00:59:06,161] {dag.py:2935} INFO - Setting next_dagrun for example_xcom to 2021-01-01T00:00:00+00:00
[2022-02-21 00:59:06,174] {processor.py:171} INFO - Processing /home/airflow/.local/lib/python3.7/site-packages/airflow/example_dags/example_xcom.py took 0.400 seconds
[2022-02-21 00:59:36,810] {processor.py:163} INFO - Started process (PID=422) to work on /home/airflow/.local/lib/python3.7/site-packages/airflow/example_dags/example_xcom.py
[2022-02-21 00:59:36,812] {processor.py:642} INFO - Processing file /home/airflow/.local/lib/python3.7/site-packages/airflow/example_dags/example_xcom.py for tasks to queue
[2022-02-21 00:59:36,813] {logging_mixin.py:109} INFO - [2022-02-21 00:59:36,813] {dagbag.py:500} INFO - Filling up the DagBag from /home/airflow/.local/lib/python3.7/site-packages/airflow/example_dags/example_xcom.py
[2022-02-21 00:59:36,872] {processor.py:654} INFO - DAG(s) dict_keys(['example_xcom']) retrieved from /home/airflow/.local/lib/python3.7/site-packages/airflow/example_dags/example_xcom.py
[2022-02-21 00:59:37,716] {logging_mixin.py:109} INFO - [2022-02-21 00:59:37,716] {dag.py:2396} INFO - Sync 1 DAGs
[2022-02-21 00:59:37,775] {logging_mixin.py:109} INFO - [2022-02-21 00:59:37,775] {dag.py:2935} INFO - Setting next_dagrun for example_xcom to 2021-01-01T00:00:00+00:00
[2022-02-21 00:59:37,808] {processor.py:171} INFO - Processing /home/airflow/.local/lib/python3.7/site-packages/airflow/example_dags/example_xcom.py took 1.003 seconds
[2022-02-21 01:00:07,862] {processor.py:163} INFO - Started process (PID=474) to work on /home/airflow/.local/lib/python3.7/site-packages/airflow/example_dags/example_xcom.py
[2022-02-21 01:00:07,863] {processor.py:642} INFO - Processing file /home/airflow/.local/lib/python3.7/site-packages/airflow/example_dags/example_xcom.py for tasks to queue
[2022-02-21 01:00:07,864] {logging_mixin.py:109} INFO - [2022-02-21 01:00:07,864] {dagbag.py:500} INFO - Filling up the DagBag from /home/airflow/.local/lib/python3.7/site-packages/airflow/example_dags/example_xcom.py
[2022-02-21 01:00:07,894] {processor.py:654} INFO - DAG(s) dict_keys(['example_xcom']) retrieved from /home/airflow/.local/lib/python3.7/site-packages/airflow/example_dags/example_xcom.py
[2022-02-21 01:00:08,230] {logging_mixin.py:109} INFO - [2022-02-21 01:00:08,229] {dag.py:2396} INFO - Sync 1 DAGs
[2022-02-21 01:00:08,250] {logging_mixin.py:109} INFO - [2022-02-21 01:00:08,249] {dag.py:2935} INFO - Setting next_dagrun for example_xcom to 2021-01-01T00:00:00+00:00
[2022-02-21 01:00:08,266] {processor.py:171} INFO - Processing /home/airflow/.local/lib/python3.7/site-packages/airflow/example_dags/example_xcom.py took 0.406 seconds
[2022-02-21 01:00:38,352] {processor.py:163} INFO - Started process (PID=534) to work on /home/airflow/.local/lib/python3.7/site-packages/airflow/example_dags/example_xcom.py
[2022-02-21 01:00:38,354] {processor.py:642} INFO - Processing file /home/airflow/.local/lib/python3.7/site-packages/airflow/example_dags/example_xcom.py for tasks to queue
[2022-02-21 01:00:38,354] {logging_mixin.py:109} INFO - [2022-02-21 01:00:38,354] {dagbag.py:500} INFO - Filling up the DagBag from /home/airflow/.local/lib/python3.7/site-packages/airflow/example_dags/example_xcom.py
[2022-02-21 01:00:38,392] {processor.py:654} INFO - DAG(s) dict_keys(['example_xcom']) retrieved from /home/airflow/.local/lib/python3.7/site-packages/airflow/example_dags/example_xcom.py
[2022-02-21 01:00:38,684] {logging_mixin.py:109} INFO - [2022-02-21 01:00:38,684] {dag.py:2396} INFO - Sync 1 DAGs
[2022-02-21 01:00:38,698] {logging_mixin.py:109} INFO - [2022-02-21 01:00:38,698] {dag.py:2935} INFO - Setting next_dagrun for example_xcom to 2021-01-01T00:00:00+00:00
[2022-02-21 01:00:38,709] {processor.py:171} INFO - Processing /home/airflow/.local/lib/python3.7/site-packages/airflow/example_dags/example_xcom.py took 0.360 seconds
[2022-02-21 01:01:08,760] {processor.py:163} INFO - Started process (PID=585) to work on /home/airflow/.local/lib/python3.7/site-packages/airflow/example_dags/example_xcom.py
[2022-02-21 01:01:08,761] {processor.py:642} INFO - Processing file /home/airflow/.local/lib/python3.7/site-packages/airflow/example_dags/example_xcom.py for tasks to queue
[2022-02-21 01:01:08,761] {logging_mixin.py:109} INFO - [2022-02-21 01:01:08,761] {dagbag.py:500} INFO - Filling up the DagBag from /home/airflow/.local/lib/python3.7/site-packages/airflow/example_dags/example_xcom.py
[2022-02-21 01:01:08,791] {processor.py:654} INFO - DAG(s) dict_keys(['example_xcom']) retrieved from /home/airflow/.local/lib/python3.7/site-packages/airflow/example_dags/example_xcom.py
[2022-02-21 01:01:09,006] {logging_mixin.py:109} INFO - [2022-02-21 01:01:09,006] {dag.py:2396} INFO - Sync 1 DAGs
[2022-02-21 01:01:09,016] {logging_mixin.py:109} INFO - [2022-02-21 01:01:09,016] {dag.py:2935} INFO - Setting next_dagrun for example_xcom to 2021-01-01T00:00:00+00:00
[2022-02-21 01:01:09,033] {processor.py:171} INFO - Processing /home/airflow/.local/lib/python3.7/site-packages/airflow/example_dags/example_xcom.py took 0.276 seconds
[2022-02-21 01:01:39,914] {processor.py:163} INFO - Started process (PID=637) to work on /home/airflow/.local/lib/python3.7/site-packages/airflow/example_dags/example_xcom.py
[2022-02-21 01:01:39,915] {processor.py:642} INFO - Processing file /home/airflow/.local/lib/python3.7/site-packages/airflow/example_dags/example_xcom.py for tasks to queue
[2022-02-21 01:01:39,916] {logging_mixin.py:109} INFO - [2022-02-21 01:01:39,916] {dagbag.py:500} INFO - Filling up the DagBag from /home/airflow/.local/lib/python3.7/site-packages/airflow/example_dags/example_xcom.py
[2022-02-21 01:01:39,950] {processor.py:654} INFO - DAG(s) dict_keys(['example_xcom']) retrieved from /home/airflow/.local/lib/python3.7/site-packages/airflow/example_dags/example_xcom.py
[2022-02-21 01:01:40,261] {logging_mixin.py:109} INFO - [2022-02-21 01:01:40,261] {dag.py:2396} INFO - Sync 1 DAGs
[2022-02-21 01:01:40,281] {logging_mixin.py:109} INFO - [2022-02-21 01:01:40,281] {dag.py:2935} INFO - Setting next_dagrun for example_xcom to 2021-01-01T00:00:00+00:00
[2022-02-21 01:01:40,300] {processor.py:171} INFO - Processing /home/airflow/.local/lib/python3.7/site-packages/airflow/example_dags/example_xcom.py took 0.389 seconds
[2022-02-21 01:02:10,343] {processor.py:163} INFO - Started process (PID=696) to work on /home/airflow/.local/lib/python3.7/site-packages/airflow/example_dags/example_xcom.py
[2022-02-21 01:02:10,343] {processor.py:642} INFO - Processing file /home/airflow/.local/lib/python3.7/site-packages/airflow/example_dags/example_xcom.py for tasks to queue
[2022-02-21 01:02:10,344] {logging_mixin.py:109} INFO - [2022-02-21 01:02:10,344] {dagbag.py:500} INFO - Filling up the DagBag from /home/airflow/.local/lib/python3.7/site-packages/airflow/example_dags/example_xcom.py
[2022-02-21 01:02:10,373] {processor.py:654} INFO - DAG(s) dict_keys(['example_xcom']) retrieved from /home/airflow/.local/lib/python3.7/site-packages/airflow/example_dags/example_xcom.py
[2022-02-21 01:02:10,621] {logging_mixin.py:109} INFO - [2022-02-21 01:02:10,621] {dag.py:2396} INFO - Sync 1 DAGs
[2022-02-21 01:02:10,633] {logging_mixin.py:109} INFO - [2022-02-21 01:02:10,633] {dag.py:2935} INFO - Setting next_dagrun for example_xcom to 2021-01-01T00:00:00+00:00
[2022-02-21 01:02:10,646] {processor.py:171} INFO - Processing /home/airflow/.local/lib/python3.7/site-packages/airflow/example_dags/example_xcom.py took 0.306 seconds
[2022-02-21 01:02:40,748] {processor.py:163} INFO - Started process (PID=747) to work on /home/airflow/.local/lib/python3.7/site-packages/airflow/example_dags/example_xcom.py
[2022-02-21 01:02:40,753] {processor.py:642} INFO - Processing file /home/airflow/.local/lib/python3.7/site-packages/airflow/example_dags/example_xcom.py for tasks to queue
[2022-02-21 01:02:40,754] {logging_mixin.py:109} INFO - [2022-02-21 01:02:40,753] {dagbag.py:500} INFO - Filling up the DagBag from /home/airflow/.local/lib/python3.7/site-packages/airflow/example_dags/example_xcom.py
[2022-02-21 01:02:40,813] {processor.py:654} INFO - DAG(s) dict_keys(['example_xcom']) retrieved from /home/airflow/.local/lib/python3.7/site-packages/airflow/example_dags/example_xcom.py
[2022-02-21 01:02:41,146] {logging_mixin.py:109} INFO - [2022-02-21 01:02:41,146] {dag.py:2396} INFO - Sync 1 DAGs
[2022-02-21 01:02:41,161] {logging_mixin.py:109} INFO - [2022-02-21 01:02:41,161] {dag.py:2935} INFO - Setting next_dagrun for example_xcom to 2021-01-01T00:00:00+00:00
[2022-02-21 01:02:41,178] {processor.py:171} INFO - Processing /home/airflow/.local/lib/python3.7/site-packages/airflow/example_dags/example_xcom.py took 0.433 seconds
[2022-02-21 01:03:11,994] {processor.py:163} INFO - Started process (PID=800) to work on /home/airflow/.local/lib/python3.7/site-packages/airflow/example_dags/example_xcom.py
[2022-02-21 01:03:11,995] {processor.py:642} INFO - Processing file /home/airflow/.local/lib/python3.7/site-packages/airflow/example_dags/example_xcom.py for tasks to queue
[2022-02-21 01:03:11,998] {logging_mixin.py:109} INFO - [2022-02-21 01:03:11,998] {dagbag.py:500} INFO - Filling up the DagBag from /home/airflow/.local/lib/python3.7/site-packages/airflow/example_dags/example_xcom.py
[2022-02-21 01:03:12,031] {processor.py:654} INFO - DAG(s) dict_keys(['example_xcom']) retrieved from /home/airflow/.local/lib/python3.7/site-packages/airflow/example_dags/example_xcom.py
[2022-02-21 01:03:12,340] {logging_mixin.py:109} INFO - [2022-02-21 01:03:12,339] {dag.py:2396} INFO - Sync 1 DAGs
[2022-02-21 01:03:12,356] {logging_mixin.py:109} INFO - [2022-02-21 01:03:12,355] {dag.py:2935} INFO - Setting next_dagrun for example_xcom to 2021-01-01T00:00:00+00:00
[2022-02-21 01:03:12,369] {processor.py:171} INFO - Processing /home/airflow/.local/lib/python3.7/site-packages/airflow/example_dags/example_xcom.py took 0.380 seconds
[2022-02-21 01:03:42,396] {processor.py:163} INFO - Started process (PID=862) to work on /home/airflow/.local/lib/python3.7/site-packages/airflow/example_dags/example_xcom.py
[2022-02-21 01:03:42,397] {processor.py:642} INFO - Processing file /home/airflow/.local/lib/python3.7/site-packages/airflow/example_dags/example_xcom.py for tasks to queue
[2022-02-21 01:03:42,397] {logging_mixin.py:109} INFO - [2022-02-21 01:03:42,397] {dagbag.py:500} INFO - Filling up the DagBag from /home/airflow/.local/lib/python3.7/site-packages/airflow/example_dags/example_xcom.py
[2022-02-21 01:03:42,427] {processor.py:654} INFO - DAG(s) dict_keys(['example_xcom']) retrieved from /home/airflow/.local/lib/python3.7/site-packages/airflow/example_dags/example_xcom.py
[2022-02-21 01:03:42,656] {logging_mixin.py:109} INFO - [2022-02-21 01:03:42,656] {dag.py:2396} INFO - Sync 1 DAGs
[2022-02-21 01:03:42,671] {logging_mixin.py:109} INFO - [2022-02-21 01:03:42,671] {dag.py:2935} INFO - Setting next_dagrun for example_xcom to 2021-01-01T00:00:00+00:00
[2022-02-21 01:03:42,681] {processor.py:171} INFO - Processing /home/airflow/.local/lib/python3.7/site-packages/airflow/example_dags/example_xcom.py took 0.288 seconds
[2022-02-21 01:04:12,759] {processor.py:163} INFO - Started process (PID=914) to work on /home/airflow/.local/lib/python3.7/site-packages/airflow/example_dags/example_xcom.py
[2022-02-21 01:04:12,760] {processor.py:642} INFO - Processing file /home/airflow/.local/lib/python3.7/site-packages/airflow/example_dags/example_xcom.py for tasks to queue
[2022-02-21 01:04:12,761] {logging_mixin.py:109} INFO - [2022-02-21 01:04:12,761] {dagbag.py:500} INFO - Filling up the DagBag from /home/airflow/.local/lib/python3.7/site-packages/airflow/example_dags/example_xcom.py
[2022-02-21 01:04:12,801] {processor.py:654} INFO - DAG(s) dict_keys(['example_xcom']) retrieved from /home/airflow/.local/lib/python3.7/site-packages/airflow/example_dags/example_xcom.py
[2022-02-21 01:04:13,148] {logging_mixin.py:109} INFO - [2022-02-21 01:04:13,148] {dag.py:2396} INFO - Sync 1 DAGs
[2022-02-21 01:04:13,167] {logging_mixin.py:109} INFO - [2022-02-21 01:04:13,167] {dag.py:2935} INFO - Setting next_dagrun for example_xcom to 2021-01-01T00:00:00+00:00
[2022-02-21 01:04:13,185] {processor.py:171} INFO - Processing /home/airflow/.local/lib/python3.7/site-packages/airflow/example_dags/example_xcom.py took 0.430 seconds
[2022-02-21 01:04:44,096] {processor.py:163} INFO - Started process (PID=965) to work on /home/airflow/.local/lib/python3.7/site-packages/airflow/example_dags/example_xcom.py
[2022-02-21 01:04:44,098] {processor.py:642} INFO - Processing file /home/airflow/.local/lib/python3.7/site-packages/airflow/example_dags/example_xcom.py for tasks to queue
[2022-02-21 01:04:44,098] {logging_mixin.py:109} INFO - [2022-02-21 01:04:44,098] {dagbag.py:500} INFO - Filling up the DagBag from /home/airflow/.local/lib/python3.7/site-packages/airflow/example_dags/example_xcom.py
[2022-02-21 01:04:44,128] {processor.py:654} INFO - DAG(s) dict_keys(['example_xcom']) retrieved from /home/airflow/.local/lib/python3.7/site-packages/airflow/example_dags/example_xcom.py
[2022-02-21 01:04:44,382] {logging_mixin.py:109} INFO - [2022-02-21 01:04:44,382] {dag.py:2396} INFO - Sync 1 DAGs
[2022-02-21 01:04:44,396] {logging_mixin.py:109} INFO - [2022-02-21 01:04:44,396] {dag.py:2935} INFO - Setting next_dagrun for example_xcom to 2021-01-01T00:00:00+00:00
[2022-02-21 01:04:44,415] {processor.py:171} INFO - Processing /home/airflow/.local/lib/python3.7/site-packages/airflow/example_dags/example_xcom.py took 0.322 seconds
[2022-02-21 01:05:14,567] {processor.py:163} INFO - Started process (PID=1016) to work on /home/airflow/.local/lib/python3.7/site-packages/airflow/example_dags/example_xcom.py
[2022-02-21 01:05:14,568] {processor.py:642} INFO - Processing file /home/airflow/.local/lib/python3.7/site-packages/airflow/example_dags/example_xcom.py for tasks to queue
[2022-02-21 01:05:14,569] {logging_mixin.py:109} INFO - [2022-02-21 01:05:14,569] {dagbag.py:500} INFO - Filling up the DagBag from /home/airflow/.local/lib/python3.7/site-packages/airflow/example_dags/example_xcom.py
[2022-02-21 01:05:14,608] {processor.py:654} INFO - DAG(s) dict_keys(['example_xcom']) retrieved from /home/airflow/.local/lib/python3.7/site-packages/airflow/example_dags/example_xcom.py
[2022-02-21 01:05:14,889] {logging_mixin.py:109} INFO - [2022-02-21 01:05:14,889] {dag.py:2396} INFO - Sync 1 DAGs
[2022-02-21 01:05:14,906] {logging_mixin.py:109} INFO - [2022-02-21 01:05:14,906] {dag.py:2935} INFO - Setting next_dagrun for example_xcom to 2021-01-01T00:00:00+00:00
[2022-02-21 01:05:14,924] {processor.py:171} INFO - Processing /home/airflow/.local/lib/python3.7/site-packages/airflow/example_dags/example_xcom.py took 0.365 seconds
[2022-02-21 01:05:45,045] {processor.py:163} INFO - Started process (PID=1078) to work on /home/airflow/.local/lib/python3.7/site-packages/airflow/example_dags/example_xcom.py
[2022-02-21 01:05:45,047] {processor.py:642} INFO - Processing file /home/airflow/.local/lib/python3.7/site-packages/airflow/example_dags/example_xcom.py for tasks to queue
[2022-02-21 01:05:45,048] {logging_mixin.py:109} INFO - [2022-02-21 01:05:45,048] {dagbag.py:500} INFO - Filling up the DagBag from /home/airflow/.local/lib/python3.7/site-packages/airflow/example_dags/example_xcom.py
[2022-02-21 01:05:45,106] {processor.py:654} INFO - DAG(s) dict_keys(['example_xcom']) retrieved from /home/airflow/.local/lib/python3.7/site-packages/airflow/example_dags/example_xcom.py
[2022-02-21 01:05:45,497] {logging_mixin.py:109} INFO - [2022-02-21 01:05:45,497] {dag.py:2396} INFO - Sync 1 DAGs
[2022-02-21 01:05:45,515] {logging_mixin.py:109} INFO - [2022-02-21 01:05:45,515] {dag.py:2935} INFO - Setting next_dagrun for example_xcom to 2021-01-01T00:00:00+00:00
[2022-02-21 01:05:45,534] {processor.py:171} INFO - Processing /home/airflow/.local/lib/python3.7/site-packages/airflow/example_dags/example_xcom.py took 0.492 seconds
[2022-02-21 01:06:16,385] {processor.py:163} INFO - Started process (PID=1128) to work on /home/airflow/.local/lib/python3.7/site-packages/airflow/example_dags/example_xcom.py
[2022-02-21 01:06:16,390] {processor.py:642} INFO - Processing file /home/airflow/.local/lib/python3.7/site-packages/airflow/example_dags/example_xcom.py for tasks to queue
[2022-02-21 01:06:16,391] {logging_mixin.py:109} INFO - [2022-02-21 01:06:16,391] {dagbag.py:500} INFO - Filling up the DagBag from /home/airflow/.local/lib/python3.7/site-packages/airflow/example_dags/example_xcom.py
[2022-02-21 01:06:16,422] {processor.py:654} INFO - DAG(s) dict_keys(['example_xcom']) retrieved from /home/airflow/.local/lib/python3.7/site-packages/airflow/example_dags/example_xcom.py
[2022-02-21 01:06:16,656] {logging_mixin.py:109} INFO - [2022-02-21 01:06:16,656] {dag.py:2396} INFO - Sync 1 DAGs
[2022-02-21 01:06:16,670] {logging_mixin.py:109} INFO - [2022-02-21 01:06:16,670] {dag.py:2935} INFO - Setting next_dagrun for example_xcom to 2021-01-01T00:00:00+00:00
[2022-02-21 01:06:16,680] {processor.py:171} INFO - Processing /home/airflow/.local/lib/python3.7/site-packages/airflow/example_dags/example_xcom.py took 0.299 seconds
[2022-02-21 01:06:46,983] {processor.py:163} INFO - Started process (PID=1179) to work on /home/airflow/.local/lib/python3.7/site-packages/airflow/example_dags/example_xcom.py
[2022-02-21 01:06:46,984] {processor.py:642} INFO - Processing file /home/airflow/.local/lib/python3.7/site-packages/airflow/example_dags/example_xcom.py for tasks to queue
[2022-02-21 01:06:46,985] {logging_mixin.py:109} INFO - [2022-02-21 01:06:46,985] {dagbag.py:500} INFO - Filling up the DagBag from /home/airflow/.local/lib/python3.7/site-packages/airflow/example_dags/example_xcom.py
[2022-02-21 01:06:47,032] {processor.py:654} INFO - DAG(s) dict_keys(['example_xcom']) retrieved from /home/airflow/.local/lib/python3.7/site-packages/airflow/example_dags/example_xcom.py
[2022-02-21 01:06:47,412] {logging_mixin.py:109} INFO - [2022-02-21 01:06:47,412] {dag.py:2396} INFO - Sync 1 DAGs
[2022-02-21 01:06:47,429] {logging_mixin.py:109} INFO - [2022-02-21 01:06:47,429] {dag.py:2935} INFO - Setting next_dagrun for example_xcom to 2021-01-01T00:00:00+00:00
[2022-02-21 01:06:47,447] {processor.py:171} INFO - Processing /home/airflow/.local/lib/python3.7/site-packages/airflow/example_dags/example_xcom.py took 0.471 seconds
[2022-02-21 01:07:18,122] {processor.py:163} INFO - Started process (PID=1231) to work on /home/airflow/.local/lib/python3.7/site-packages/airflow/example_dags/example_xcom.py
[2022-02-21 01:07:18,127] {processor.py:642} INFO - Processing file /home/airflow/.local/lib/python3.7/site-packages/airflow/example_dags/example_xcom.py for tasks to queue
[2022-02-21 01:07:18,128] {logging_mixin.py:109} INFO - [2022-02-21 01:07:18,127] {dagbag.py:500} INFO - Filling up the DagBag from /home/airflow/.local/lib/python3.7/site-packages/airflow/example_dags/example_xcom.py
[2022-02-21 01:07:18,168] {processor.py:654} INFO - DAG(s) dict_keys(['example_xcom']) retrieved from /home/airflow/.local/lib/python3.7/site-packages/airflow/example_dags/example_xcom.py
[2022-02-21 01:07:18,541] {logging_mixin.py:109} INFO - [2022-02-21 01:07:18,540] {dag.py:2396} INFO - Sync 1 DAGs
[2022-02-21 01:07:18,558] {logging_mixin.py:109} INFO - [2022-02-21 01:07:18,558] {dag.py:2935} INFO - Setting next_dagrun for example_xcom to 2021-01-01T00:00:00+00:00
[2022-02-21 01:07:18,577] {processor.py:171} INFO - Processing /home/airflow/.local/lib/python3.7/site-packages/airflow/example_dags/example_xcom.py took 0.459 seconds
[2022-02-21 01:07:48,669] {processor.py:163} INFO - Started process (PID=1291) to work on /home/airflow/.local/lib/python3.7/site-packages/airflow/example_dags/example_xcom.py
[2022-02-21 01:07:48,670] {processor.py:642} INFO - Processing file /home/airflow/.local/lib/python3.7/site-packages/airflow/example_dags/example_xcom.py for tasks to queue
[2022-02-21 01:07:48,671] {logging_mixin.py:109} INFO - [2022-02-21 01:07:48,671] {dagbag.py:500} INFO - Filling up the DagBag from /home/airflow/.local/lib/python3.7/site-packages/airflow/example_dags/example_xcom.py
[2022-02-21 01:07:48,713] {processor.py:654} INFO - DAG(s) dict_keys(['example_xcom']) retrieved from /home/airflow/.local/lib/python3.7/site-packages/airflow/example_dags/example_xcom.py
[2022-02-21 01:07:49,110] {logging_mixin.py:109} INFO - [2022-02-21 01:07:49,109] {dag.py:2396} INFO - Sync 1 DAGs
[2022-02-21 01:07:49,131] {logging_mixin.py:109} INFO - [2022-02-21 01:07:49,130] {dag.py:2935} INFO - Setting next_dagrun for example_xcom to 2021-01-01T00:00:00+00:00
[2022-02-21 01:07:49,147] {processor.py:171} INFO - Processing /home/airflow/.local/lib/python3.7/site-packages/airflow/example_dags/example_xcom.py took 0.483 seconds
[2022-02-21 01:08:19,933] {processor.py:163} INFO - Started process (PID=1343) to work on /home/airflow/.local/lib/python3.7/site-packages/airflow/example_dags/example_xcom.py
[2022-02-21 01:08:19,938] {processor.py:642} INFO - Processing file /home/airflow/.local/lib/python3.7/site-packages/airflow/example_dags/example_xcom.py for tasks to queue
[2022-02-21 01:08:19,938] {logging_mixin.py:109} INFO - [2022-02-21 01:08:19,938] {dagbag.py:500} INFO - Filling up the DagBag from /home/airflow/.local/lib/python3.7/site-packages/airflow/example_dags/example_xcom.py
[2022-02-21 01:08:19,981] {processor.py:654} INFO - DAG(s) dict_keys(['example_xcom']) retrieved from /home/airflow/.local/lib/python3.7/site-packages/airflow/example_dags/example_xcom.py
[2022-02-21 01:08:20,253] {logging_mixin.py:109} INFO - [2022-02-21 01:08:20,253] {dag.py:2396} INFO - Sync 1 DAGs
[2022-02-21 01:08:20,267] {logging_mixin.py:109} INFO - [2022-02-21 01:08:20,266] {dag.py:2935} INFO - Setting next_dagrun for example_xcom to 2021-01-01T00:00:00+00:00
[2022-02-21 01:08:20,278] {processor.py:171} INFO - Processing /home/airflow/.local/lib/python3.7/site-packages/airflow/example_dags/example_xcom.py took 0.348 seconds
[2022-02-21 01:08:51,165] {processor.py:163} INFO - Started process (PID=1396) to work on /home/airflow/.local/lib/python3.7/site-packages/airflow/example_dags/example_xcom.py
[2022-02-21 01:08:51,166] {processor.py:642} INFO - Processing file /home/airflow/.local/lib/python3.7/site-packages/airflow/example_dags/example_xcom.py for tasks to queue
[2022-02-21 01:08:51,167] {logging_mixin.py:109} INFO - [2022-02-21 01:08:51,167] {dagbag.py:500} INFO - Filling up the DagBag from /home/airflow/.local/lib/python3.7/site-packages/airflow/example_dags/example_xcom.py
[2022-02-21 01:08:51,212] {processor.py:654} INFO - DAG(s) dict_keys(['example_xcom']) retrieved from /home/airflow/.local/lib/python3.7/site-packages/airflow/example_dags/example_xcom.py
[2022-02-21 01:08:51,618] {logging_mixin.py:109} INFO - [2022-02-21 01:08:51,618] {dag.py:2396} INFO - Sync 1 DAGs
[2022-02-21 01:08:51,636] {logging_mixin.py:109} INFO - [2022-02-21 01:08:51,636] {dag.py:2935} INFO - Setting next_dagrun for example_xcom to 2021-01-01T00:00:00+00:00
[2022-02-21 01:08:51,652] {processor.py:171} INFO - Processing /home/airflow/.local/lib/python3.7/site-packages/airflow/example_dags/example_xcom.py took 0.492 seconds
[2022-02-21 01:09:21,725] {processor.py:163} INFO - Started process (PID=1457) to work on /home/airflow/.local/lib/python3.7/site-packages/airflow/example_dags/example_xcom.py
[2022-02-21 01:09:21,727] {processor.py:642} INFO - Processing file /home/airflow/.local/lib/python3.7/site-packages/airflow/example_dags/example_xcom.py for tasks to queue
[2022-02-21 01:09:21,728] {logging_mixin.py:109} INFO - [2022-02-21 01:09:21,727] {dagbag.py:500} INFO - Filling up the DagBag from /home/airflow/.local/lib/python3.7/site-packages/airflow/example_dags/example_xcom.py
[2022-02-21 01:09:21,772] {processor.py:654} INFO - DAG(s) dict_keys(['example_xcom']) retrieved from /home/airflow/.local/lib/python3.7/site-packages/airflow/example_dags/example_xcom.py
[2022-02-21 01:09:22,148] {logging_mixin.py:109} INFO - [2022-02-21 01:09:22,148] {dag.py:2396} INFO - Sync 1 DAGs
[2022-02-21 01:09:22,167] {logging_mixin.py:109} INFO - [2022-02-21 01:09:22,167] {dag.py:2935} INFO - Setting next_dagrun for example_xcom to 2021-01-01T00:00:00+00:00
[2022-02-21 01:09:22,182] {processor.py:171} INFO - Processing /home/airflow/.local/lib/python3.7/site-packages/airflow/example_dags/example_xcom.py took 0.463 seconds
[2022-02-21 01:09:52,323] {processor.py:163} INFO - Started process (PID=1508) to work on /home/airflow/.local/lib/python3.7/site-packages/airflow/example_dags/example_xcom.py
[2022-02-21 01:09:52,325] {processor.py:642} INFO - Processing file /home/airflow/.local/lib/python3.7/site-packages/airflow/example_dags/example_xcom.py for tasks to queue
[2022-02-21 01:09:52,325] {logging_mixin.py:109} INFO - [2022-02-21 01:09:52,325] {dagbag.py:500} INFO - Filling up the DagBag from /home/airflow/.local/lib/python3.7/site-packages/airflow/example_dags/example_xcom.py
[2022-02-21 01:09:52,366] {processor.py:654} INFO - DAG(s) dict_keys(['example_xcom']) retrieved from /home/airflow/.local/lib/python3.7/site-packages/airflow/example_dags/example_xcom.py
[2022-02-21 01:09:52,684] {logging_mixin.py:109} INFO - [2022-02-21 01:09:52,684] {dag.py:2396} INFO - Sync 1 DAGs
[2022-02-21 01:09:52,698] {logging_mixin.py:109} INFO - [2022-02-21 01:09:52,698] {dag.py:2935} INFO - Setting next_dagrun for example_xcom to 2021-01-01T00:00:00+00:00
[2022-02-21 01:09:52,714] {processor.py:171} INFO - Processing /home/airflow/.local/lib/python3.7/site-packages/airflow/example_dags/example_xcom.py took 0.395 seconds
[2022-02-21 01:10:23,601] {processor.py:163} INFO - Started process (PID=1559) to work on /home/airflow/.local/lib/python3.7/site-packages/airflow/example_dags/example_xcom.py
[2022-02-21 01:10:23,603] {processor.py:642} INFO - Processing file /home/airflow/.local/lib/python3.7/site-packages/airflow/example_dags/example_xcom.py for tasks to queue
[2022-02-21 01:10:23,603] {logging_mixin.py:109} INFO - [2022-02-21 01:10:23,603] {dagbag.py:500} INFO - Filling up the DagBag from /home/airflow/.local/lib/python3.7/site-packages/airflow/example_dags/example_xcom.py
[2022-02-21 01:10:23,644] {processor.py:654} INFO - DAG(s) dict_keys(['example_xcom']) retrieved from /home/airflow/.local/lib/python3.7/site-packages/airflow/example_dags/example_xcom.py
[2022-02-21 01:10:24,036] {logging_mixin.py:109} INFO - [2022-02-21 01:10:24,036] {dag.py:2396} INFO - Sync 1 DAGs
[2022-02-21 01:10:24,056] {logging_mixin.py:109} INFO - [2022-02-21 01:10:24,056] {dag.py:2935} INFO - Setting next_dagrun for example_xcom to 2021-01-01T00:00:00+00:00
[2022-02-21 01:10:24,075] {processor.py:171} INFO - Processing /home/airflow/.local/lib/python3.7/site-packages/airflow/example_dags/example_xcom.py took 0.478 seconds
[2022-02-21 01:10:54,788] {processor.py:163} INFO - Started process (PID=1609) to work on /home/airflow/.local/lib/python3.7/site-packages/airflow/example_dags/example_xcom.py
[2022-02-21 01:10:54,793] {processor.py:642} INFO - Processing file /home/airflow/.local/lib/python3.7/site-packages/airflow/example_dags/example_xcom.py for tasks to queue
[2022-02-21 01:10:54,794] {logging_mixin.py:109} INFO - [2022-02-21 01:10:54,794] {dagbag.py:500} INFO - Filling up the DagBag from /home/airflow/.local/lib/python3.7/site-packages/airflow/example_dags/example_xcom.py
[2022-02-21 01:10:54,835] {processor.py:654} INFO - DAG(s) dict_keys(['example_xcom']) retrieved from /home/airflow/.local/lib/python3.7/site-packages/airflow/example_dags/example_xcom.py
[2022-02-21 01:10:55,242] {logging_mixin.py:109} INFO - [2022-02-21 01:10:55,242] {dag.py:2396} INFO - Sync 1 DAGs
[2022-02-21 01:10:55,264] {logging_mixin.py:109} INFO - [2022-02-21 01:10:55,264] {dag.py:2935} INFO - Setting next_dagrun for example_xcom to 2021-01-01T00:00:00+00:00
[2022-02-21 01:10:55,285] {processor.py:171} INFO - Processing /home/airflow/.local/lib/python3.7/site-packages/airflow/example_dags/example_xcom.py took 0.500 seconds
[2022-02-21 01:11:25,803] {processor.py:163} INFO - Started process (PID=1659) to work on /home/airflow/.local/lib/python3.7/site-packages/airflow/example_dags/example_xcom.py
[2022-02-21 01:11:25,805] {processor.py:642} INFO - Processing file /home/airflow/.local/lib/python3.7/site-packages/airflow/example_dags/example_xcom.py for tasks to queue
[2022-02-21 01:11:25,805] {logging_mixin.py:109} INFO - [2022-02-21 01:11:25,805] {dagbag.py:500} INFO - Filling up the DagBag from /home/airflow/.local/lib/python3.7/site-packages/airflow/example_dags/example_xcom.py
[2022-02-21 01:11:25,859] {processor.py:654} INFO - DAG(s) dict_keys(['example_xcom']) retrieved from /home/airflow/.local/lib/python3.7/site-packages/airflow/example_dags/example_xcom.py
[2022-02-21 01:11:26,241] {logging_mixin.py:109} INFO - [2022-02-21 01:11:26,241] {dag.py:2396} INFO - Sync 1 DAGs
[2022-02-21 01:11:26,261] {logging_mixin.py:109} INFO - [2022-02-21 01:11:26,261] {dag.py:2935} INFO - Setting next_dagrun for example_xcom to 2021-01-01T00:00:00+00:00
[2022-02-21 01:11:26,277] {processor.py:171} INFO - Processing /home/airflow/.local/lib/python3.7/site-packages/airflow/example_dags/example_xcom.py took 0.479 seconds
[2022-02-21 01:11:56,417] {processor.py:163} INFO - Started process (PID=1719) to work on /home/airflow/.local/lib/python3.7/site-packages/airflow/example_dags/example_xcom.py
[2022-02-21 01:11:56,419] {processor.py:642} INFO - Processing file /home/airflow/.local/lib/python3.7/site-packages/airflow/example_dags/example_xcom.py for tasks to queue
[2022-02-21 01:11:56,420] {logging_mixin.py:109} INFO - [2022-02-21 01:11:56,420] {dagbag.py:500} INFO - Filling up the DagBag from /home/airflow/.local/lib/python3.7/site-packages/airflow/example_dags/example_xcom.py
[2022-02-21 01:11:56,500] {processor.py:654} INFO - DAG(s) dict_keys(['example_xcom']) retrieved from /home/airflow/.local/lib/python3.7/site-packages/airflow/example_dags/example_xcom.py
[2022-02-21 01:11:56,933] {logging_mixin.py:109} INFO - [2022-02-21 01:11:56,933] {dag.py:2396} INFO - Sync 1 DAGs
[2022-02-21 01:11:56,959] {logging_mixin.py:109} INFO - [2022-02-21 01:11:56,958] {dag.py:2935} INFO - Setting next_dagrun for example_xcom to 2021-01-01T00:00:00+00:00
[2022-02-21 01:11:56,980] {processor.py:171} INFO - Processing /home/airflow/.local/lib/python3.7/site-packages/airflow/example_dags/example_xcom.py took 0.568 seconds
[2022-02-21 01:12:27,451] {processor.py:163} INFO - Started process (PID=1770) to work on /home/airflow/.local/lib/python3.7/site-packages/airflow/example_dags/example_xcom.py
[2022-02-21 01:12:27,452] {processor.py:642} INFO - Processing file /home/airflow/.local/lib/python3.7/site-packages/airflow/example_dags/example_xcom.py for tasks to queue
[2022-02-21 01:12:27,453] {logging_mixin.py:109} INFO - [2022-02-21 01:12:27,453] {dagbag.py:500} INFO - Filling up the DagBag from /home/airflow/.local/lib/python3.7/site-packages/airflow/example_dags/example_xcom.py
[2022-02-21 01:12:27,607] {processor.py:654} INFO - DAG(s) dict_keys(['example_xcom']) retrieved from /home/airflow/.local/lib/python3.7/site-packages/airflow/example_dags/example_xcom.py
[2022-02-21 01:12:27,940] {logging_mixin.py:109} INFO - [2022-02-21 01:12:27,940] {dag.py:2396} INFO - Sync 1 DAGs
[2022-02-21 01:12:27,961] {logging_mixin.py:109} INFO - [2022-02-21 01:12:27,961] {dag.py:2935} INFO - Setting next_dagrun for example_xcom to 2021-01-01T00:00:00+00:00
[2022-02-21 01:12:27,978] {processor.py:171} INFO - Processing /home/airflow/.local/lib/python3.7/site-packages/airflow/example_dags/example_xcom.py took 0.533 seconds
[2022-02-21 01:12:58,777] {processor.py:163} INFO - Started process (PID=1822) to work on /home/airflow/.local/lib/python3.7/site-packages/airflow/example_dags/example_xcom.py
[2022-02-21 01:12:58,782] {processor.py:642} INFO - Processing file /home/airflow/.local/lib/python3.7/site-packages/airflow/example_dags/example_xcom.py for tasks to queue
[2022-02-21 01:12:58,783] {logging_mixin.py:109} INFO - [2022-02-21 01:12:58,782] {dagbag.py:500} INFO - Filling up the DagBag from /home/airflow/.local/lib/python3.7/site-packages/airflow/example_dags/example_xcom.py
[2022-02-21 01:12:58,910] {processor.py:654} INFO - DAG(s) dict_keys(['example_xcom']) retrieved from /home/airflow/.local/lib/python3.7/site-packages/airflow/example_dags/example_xcom.py
[2022-02-21 01:12:59,125] {logging_mixin.py:109} INFO - [2022-02-21 01:12:59,125] {dag.py:2396} INFO - Sync 1 DAGs
[2022-02-21 01:12:59,138] {logging_mixin.py:109} INFO - [2022-02-21 01:12:59,138] {dag.py:2935} INFO - Setting next_dagrun for example_xcom to 2021-01-01T00:00:00+00:00
[2022-02-21 01:12:59,153] {processor.py:171} INFO - Processing /home/airflow/.local/lib/python3.7/site-packages/airflow/example_dags/example_xcom.py took 0.379 seconds
[2022-02-21 01:13:29,225] {processor.py:163} INFO - Started process (PID=1873) to work on /home/airflow/.local/lib/python3.7/site-packages/airflow/example_dags/example_xcom.py
[2022-02-21 01:13:29,228] {processor.py:642} INFO - Processing file /home/airflow/.local/lib/python3.7/site-packages/airflow/example_dags/example_xcom.py for tasks to queue
[2022-02-21 01:13:29,229] {logging_mixin.py:109} INFO - [2022-02-21 01:13:29,229] {dagbag.py:500} INFO - Filling up the DagBag from /home/airflow/.local/lib/python3.7/site-packages/airflow/example_dags/example_xcom.py
[2022-02-21 01:13:29,486] {processor.py:654} INFO - DAG(s) dict_keys(['example_xcom']) retrieved from /home/airflow/.local/lib/python3.7/site-packages/airflow/example_dags/example_xcom.py
[2022-02-21 01:13:29,952] {logging_mixin.py:109} INFO - [2022-02-21 01:13:29,952] {dag.py:2396} INFO - Sync 1 DAGs
[2022-02-21 01:13:29,978] {logging_mixin.py:109} INFO - [2022-02-21 01:13:29,978] {dag.py:2935} INFO - Setting next_dagrun for example_xcom to 2021-01-01T00:00:00+00:00
[2022-02-21 01:13:29,995] {processor.py:171} INFO - Processing /home/airflow/.local/lib/python3.7/site-packages/airflow/example_dags/example_xcom.py took 0.780 seconds
[2022-02-21 01:14:00,307] {processor.py:163} INFO - Started process (PID=1935) to work on /home/airflow/.local/lib/python3.7/site-packages/airflow/example_dags/example_xcom.py
[2022-02-21 01:14:00,310] {processor.py:642} INFO - Processing file /home/airflow/.local/lib/python3.7/site-packages/airflow/example_dags/example_xcom.py for tasks to queue
[2022-02-21 01:14:00,311] {logging_mixin.py:109} INFO - [2022-02-21 01:14:00,311] {dagbag.py:500} INFO - Filling up the DagBag from /home/airflow/.local/lib/python3.7/site-packages/airflow/example_dags/example_xcom.py
[2022-02-21 01:14:00,535] {processor.py:654} INFO - DAG(s) dict_keys(['example_xcom']) retrieved from /home/airflow/.local/lib/python3.7/site-packages/airflow/example_dags/example_xcom.py
[2022-02-21 01:14:00,910] {logging_mixin.py:109} INFO - [2022-02-21 01:14:00,910] {dag.py:2396} INFO - Sync 1 DAGs
[2022-02-21 01:14:00,932] {logging_mixin.py:109} INFO - [2022-02-21 01:14:00,932] {dag.py:2935} INFO - Setting next_dagrun for example_xcom to 2021-01-01T00:00:00+00:00
[2022-02-21 01:14:00,953] {processor.py:171} INFO - Processing /home/airflow/.local/lib/python3.7/site-packages/airflow/example_dags/example_xcom.py took 0.652 seconds
[2022-02-21 01:14:31,700] {processor.py:163} INFO - Started process (PID=1986) to work on /home/airflow/.local/lib/python3.7/site-packages/airflow/example_dags/example_xcom.py
[2022-02-21 01:14:31,702] {processor.py:642} INFO - Processing file /home/airflow/.local/lib/python3.7/site-packages/airflow/example_dags/example_xcom.py for tasks to queue
[2022-02-21 01:14:31,703] {logging_mixin.py:109} INFO - [2022-02-21 01:14:31,702] {dagbag.py:500} INFO - Filling up the DagBag from /home/airflow/.local/lib/python3.7/site-packages/airflow/example_dags/example_xcom.py
[2022-02-21 01:14:31,823] {processor.py:654} INFO - DAG(s) dict_keys(['example_xcom']) retrieved from /home/airflow/.local/lib/python3.7/site-packages/airflow/example_dags/example_xcom.py
[2022-02-21 01:14:32,069] {logging_mixin.py:109} INFO - [2022-02-21 01:14:32,069] {dag.py:2396} INFO - Sync 1 DAGs
[2022-02-21 01:14:32,088] {logging_mixin.py:109} INFO - [2022-02-21 01:14:32,088] {dag.py:2935} INFO - Setting next_dagrun for example_xcom to 2021-01-01T00:00:00+00:00
[2022-02-21 01:14:32,102] {processor.py:171} INFO - Processing /home/airflow/.local/lib/python3.7/site-packages/airflow/example_dags/example_xcom.py took 0.408 seconds
[2022-02-21 01:15:02,803] {processor.py:163} INFO - Started process (PID=2037) to work on /home/airflow/.local/lib/python3.7/site-packages/airflow/example_dags/example_xcom.py
[2022-02-21 01:15:02,804] {processor.py:642} INFO - Processing file /home/airflow/.local/lib/python3.7/site-packages/airflow/example_dags/example_xcom.py for tasks to queue
[2022-02-21 01:15:02,805] {logging_mixin.py:109} INFO - [2022-02-21 01:15:02,805] {dagbag.py:500} INFO - Filling up the DagBag from /home/airflow/.local/lib/python3.7/site-packages/airflow/example_dags/example_xcom.py
[2022-02-21 01:15:02,832] {processor.py:654} INFO - DAG(s) dict_keys(['example_xcom']) retrieved from /home/airflow/.local/lib/python3.7/site-packages/airflow/example_dags/example_xcom.py
[2022-02-21 01:15:03,013] {logging_mixin.py:109} INFO - [2022-02-21 01:15:03,013] {dag.py:2396} INFO - Sync 1 DAGs
[2022-02-21 01:15:03,028] {logging_mixin.py:109} INFO - [2022-02-21 01:15:03,027] {dag.py:2935} INFO - Setting next_dagrun for example_xcom to 2021-01-01T00:00:00+00:00
[2022-02-21 01:15:03,039] {processor.py:171} INFO - Processing /home/airflow/.local/lib/python3.7/site-packages/airflow/example_dags/example_xcom.py took 0.238 seconds
[2022-02-21 01:15:33,556] {processor.py:163} INFO - Started process (PID=2087) to work on /home/airflow/.local/lib/python3.7/site-packages/airflow/example_dags/example_xcom.py
[2022-02-21 01:15:33,558] {processor.py:642} INFO - Processing file /home/airflow/.local/lib/python3.7/site-packages/airflow/example_dags/example_xcom.py for tasks to queue
[2022-02-21 01:15:33,560] {logging_mixin.py:109} INFO - [2022-02-21 01:15:33,560] {dagbag.py:500} INFO - Filling up the DagBag from /home/airflow/.local/lib/python3.7/site-packages/airflow/example_dags/example_xcom.py
[2022-02-21 01:15:33,625] {processor.py:654} INFO - DAG(s) dict_keys(['example_xcom']) retrieved from /home/airflow/.local/lib/python3.7/site-packages/airflow/example_dags/example_xcom.py
[2022-02-21 01:15:34,195] {logging_mixin.py:109} INFO - [2022-02-21 01:15:34,194] {dag.py:2396} INFO - Sync 1 DAGs
[2022-02-21 01:15:34,237] {logging_mixin.py:109} INFO - [2022-02-21 01:15:34,237] {dag.py:2935} INFO - Setting next_dagrun for example_xcom to 2021-01-01T00:00:00+00:00
[2022-02-21 01:15:34,270] {processor.py:171} INFO - Processing /home/airflow/.local/lib/python3.7/site-packages/airflow/example_dags/example_xcom.py took 0.721 seconds
[2022-02-21 01:16:05,215] {processor.py:163} INFO - Started process (PID=2139) to work on /home/airflow/.local/lib/python3.7/site-packages/airflow/example_dags/example_xcom.py
[2022-02-21 01:16:05,222] {processor.py:642} INFO - Processing file /home/airflow/.local/lib/python3.7/site-packages/airflow/example_dags/example_xcom.py for tasks to queue
[2022-02-21 01:16:05,224] {logging_mixin.py:109} INFO - [2022-02-21 01:16:05,223] {dagbag.py:500} INFO - Filling up the DagBag from /home/airflow/.local/lib/python3.7/site-packages/airflow/example_dags/example_xcom.py
[2022-02-21 01:16:05,316] {processor.py:654} INFO - DAG(s) dict_keys(['example_xcom']) retrieved from /home/airflow/.local/lib/python3.7/site-packages/airflow/example_dags/example_xcom.py
[2022-02-21 01:16:05,934] {logging_mixin.py:109} INFO - [2022-02-21 01:16:05,933] {dag.py:2396} INFO - Sync 1 DAGs
[2022-02-21 01:16:05,991] {logging_mixin.py:109} INFO - [2022-02-21 01:16:05,991] {dag.py:2935} INFO - Setting next_dagrun for example_xcom to 2021-01-01T00:00:00+00:00
[2022-02-21 01:16:06,024] {processor.py:171} INFO - Processing /home/airflow/.local/lib/python3.7/site-packages/airflow/example_dags/example_xcom.py took 0.823 seconds
[2022-02-21 01:16:36,418] {processor.py:163} INFO - Started process (PID=2191) to work on /home/airflow/.local/lib/python3.7/site-packages/airflow/example_dags/example_xcom.py
[2022-02-21 01:16:36,421] {processor.py:642} INFO - Processing file /home/airflow/.local/lib/python3.7/site-packages/airflow/example_dags/example_xcom.py for tasks to queue
[2022-02-21 01:16:36,422] {logging_mixin.py:109} INFO - [2022-02-21 01:16:36,422] {dagbag.py:500} INFO - Filling up the DagBag from /home/airflow/.local/lib/python3.7/site-packages/airflow/example_dags/example_xcom.py
[2022-02-21 01:16:36,472] {processor.py:654} INFO - DAG(s) dict_keys(['example_xcom']) retrieved from /home/airflow/.local/lib/python3.7/site-packages/airflow/example_dags/example_xcom.py
[2022-02-21 01:16:36,793] {logging_mixin.py:109} INFO - [2022-02-21 01:16:36,793] {dag.py:2396} INFO - Sync 1 DAGs
[2022-02-21 01:16:36,815] {logging_mixin.py:109} INFO - [2022-02-21 01:16:36,814] {dag.py:2935} INFO - Setting next_dagrun for example_xcom to 2021-01-01T00:00:00+00:00
[2022-02-21 01:16:36,833] {processor.py:171} INFO - Processing /home/airflow/.local/lib/python3.7/site-packages/airflow/example_dags/example_xcom.py took 0.420 seconds
[2022-02-21 01:17:06,857] {processor.py:163} INFO - Started process (PID=2242) to work on /home/airflow/.local/lib/python3.7/site-packages/airflow/example_dags/example_xcom.py
[2022-02-21 01:17:06,858] {processor.py:642} INFO - Processing file /home/airflow/.local/lib/python3.7/site-packages/airflow/example_dags/example_xcom.py for tasks to queue
[2022-02-21 01:17:06,858] {logging_mixin.py:109} INFO - [2022-02-21 01:17:06,858] {dagbag.py:500} INFO - Filling up the DagBag from /home/airflow/.local/lib/python3.7/site-packages/airflow/example_dags/example_xcom.py
[2022-02-21 01:17:06,887] {processor.py:654} INFO - DAG(s) dict_keys(['example_xcom']) retrieved from /home/airflow/.local/lib/python3.7/site-packages/airflow/example_dags/example_xcom.py
[2022-02-21 01:17:07,063] {logging_mixin.py:109} INFO - [2022-02-21 01:17:07,063] {dag.py:2396} INFO - Sync 1 DAGs
[2022-02-21 01:17:07,076] {logging_mixin.py:109} INFO - [2022-02-21 01:17:07,076] {dag.py:2935} INFO - Setting next_dagrun for example_xcom to 2021-01-01T00:00:00+00:00
[2022-02-21 01:17:07,087] {processor.py:171} INFO - Processing /home/airflow/.local/lib/python3.7/site-packages/airflow/example_dags/example_xcom.py took 0.234 seconds
[2022-02-21 01:17:37,173] {processor.py:163} INFO - Started process (PID=2292) to work on /home/airflow/.local/lib/python3.7/site-packages/airflow/example_dags/example_xcom.py
[2022-02-21 01:17:37,175] {processor.py:642} INFO - Processing file /home/airflow/.local/lib/python3.7/site-packages/airflow/example_dags/example_xcom.py for tasks to queue
[2022-02-21 01:17:37,175] {logging_mixin.py:109} INFO - [2022-02-21 01:17:37,175] {dagbag.py:500} INFO - Filling up the DagBag from /home/airflow/.local/lib/python3.7/site-packages/airflow/example_dags/example_xcom.py
[2022-02-21 01:17:37,216] {processor.py:654} INFO - DAG(s) dict_keys(['example_xcom']) retrieved from /home/airflow/.local/lib/python3.7/site-packages/airflow/example_dags/example_xcom.py
[2022-02-21 01:17:37,497] {logging_mixin.py:109} INFO - [2022-02-21 01:17:37,497] {dag.py:2396} INFO - Sync 1 DAGs
[2022-02-21 01:17:37,515] {logging_mixin.py:109} INFO - [2022-02-21 01:17:37,515] {dag.py:2935} INFO - Setting next_dagrun for example_xcom to 2021-01-01T00:00:00+00:00
[2022-02-21 01:17:37,533] {processor.py:171} INFO - Processing /home/airflow/.local/lib/python3.7/site-packages/airflow/example_dags/example_xcom.py took 0.363 seconds
[2022-02-21 01:18:07,638] {processor.py:163} INFO - Started process (PID=2342) to work on /home/airflow/.local/lib/python3.7/site-packages/airflow/example_dags/example_xcom.py
[2022-02-21 01:18:07,639] {processor.py:642} INFO - Processing file /home/airflow/.local/lib/python3.7/site-packages/airflow/example_dags/example_xcom.py for tasks to queue
[2022-02-21 01:18:07,640] {logging_mixin.py:109} INFO - [2022-02-21 01:18:07,640] {dagbag.py:500} INFO - Filling up the DagBag from /home/airflow/.local/lib/python3.7/site-packages/airflow/example_dags/example_xcom.py
[2022-02-21 01:18:07,703] {processor.py:654} INFO - DAG(s) dict_keys(['example_xcom']) retrieved from /home/airflow/.local/lib/python3.7/site-packages/airflow/example_dags/example_xcom.py
[2022-02-21 01:18:07,968] {logging_mixin.py:109} INFO - [2022-02-21 01:18:07,967] {dag.py:2396} INFO - Sync 1 DAGs
[2022-02-21 01:18:07,990] {logging_mixin.py:109} INFO - [2022-02-21 01:18:07,990] {dag.py:2935} INFO - Setting next_dagrun for example_xcom to 2021-01-01T00:00:00+00:00
[2022-02-21 01:18:08,014] {processor.py:171} INFO - Processing /home/airflow/.local/lib/python3.7/site-packages/airflow/example_dags/example_xcom.py took 0.379 seconds
[2022-02-21 01:18:38,070] {processor.py:163} INFO - Started process (PID=2404) to work on /home/airflow/.local/lib/python3.7/site-packages/airflow/example_dags/example_xcom.py
[2022-02-21 01:18:38,071] {processor.py:642} INFO - Processing file /home/airflow/.local/lib/python3.7/site-packages/airflow/example_dags/example_xcom.py for tasks to queue
[2022-02-21 01:18:38,072] {logging_mixin.py:109} INFO - [2022-02-21 01:18:38,072] {dagbag.py:500} INFO - Filling up the DagBag from /home/airflow/.local/lib/python3.7/site-packages/airflow/example_dags/example_xcom.py
[2022-02-21 01:18:38,114] {processor.py:654} INFO - DAG(s) dict_keys(['example_xcom']) retrieved from /home/airflow/.local/lib/python3.7/site-packages/airflow/example_dags/example_xcom.py
[2022-02-21 01:18:38,368] {logging_mixin.py:109} INFO - [2022-02-21 01:18:38,367] {dag.py:2396} INFO - Sync 1 DAGs
[2022-02-21 01:18:38,387] {logging_mixin.py:109} INFO - [2022-02-21 01:18:38,386] {dag.py:2935} INFO - Setting next_dagrun for example_xcom to 2021-01-01T00:00:00+00:00
[2022-02-21 01:18:38,402] {processor.py:171} INFO - Processing /home/airflow/.local/lib/python3.7/site-packages/airflow/example_dags/example_xcom.py took 0.336 seconds
[2022-02-21 01:19:09,108] {processor.py:163} INFO - Started process (PID=2454) to work on /home/airflow/.local/lib/python3.7/site-packages/airflow/example_dags/example_xcom.py
[2022-02-21 01:19:09,109] {processor.py:642} INFO - Processing file /home/airflow/.local/lib/python3.7/site-packages/airflow/example_dags/example_xcom.py for tasks to queue
[2022-02-21 01:19:09,109] {logging_mixin.py:109} INFO - [2022-02-21 01:19:09,109] {dagbag.py:500} INFO - Filling up the DagBag from /home/airflow/.local/lib/python3.7/site-packages/airflow/example_dags/example_xcom.py
[2022-02-21 01:19:09,147] {processor.py:654} INFO - DAG(s) dict_keys(['example_xcom']) retrieved from /home/airflow/.local/lib/python3.7/site-packages/airflow/example_dags/example_xcom.py
[2022-02-21 01:19:09,356] {logging_mixin.py:109} INFO - [2022-02-21 01:19:09,356] {dag.py:2396} INFO - Sync 1 DAGs
[2022-02-21 01:19:09,372] {logging_mixin.py:109} INFO - [2022-02-21 01:19:09,372] {dag.py:2935} INFO - Setting next_dagrun for example_xcom to 2021-01-01T00:00:00+00:00
[2022-02-21 01:19:09,385] {processor.py:171} INFO - Processing /home/airflow/.local/lib/python3.7/site-packages/airflow/example_dags/example_xcom.py took 0.281 seconds
[2022-02-21 01:19:40,391] {processor.py:163} INFO - Started process (PID=2505) to work on /home/airflow/.local/lib/python3.7/site-packages/airflow/example_dags/example_xcom.py
[2022-02-21 01:19:40,395] {processor.py:642} INFO - Processing file /home/airflow/.local/lib/python3.7/site-packages/airflow/example_dags/example_xcom.py for tasks to queue
[2022-02-21 01:19:40,396] {logging_mixin.py:109} INFO - [2022-02-21 01:19:40,396] {dagbag.py:500} INFO - Filling up the DagBag from /home/airflow/.local/lib/python3.7/site-packages/airflow/example_dags/example_xcom.py
[2022-02-21 01:19:40,436] {processor.py:654} INFO - DAG(s) dict_keys(['example_xcom']) retrieved from /home/airflow/.local/lib/python3.7/site-packages/airflow/example_dags/example_xcom.py
[2022-02-21 01:19:40,650] {logging_mixin.py:109} INFO - [2022-02-21 01:19:40,650] {dag.py:2396} INFO - Sync 1 DAGs
[2022-02-21 01:19:40,665] {logging_mixin.py:109} INFO - [2022-02-21 01:19:40,665] {dag.py:2935} INFO - Setting next_dagrun for example_xcom to 2021-01-01T00:00:00+00:00
[2022-02-21 01:19:40,682] {processor.py:171} INFO - Processing /home/airflow/.local/lib/python3.7/site-packages/airflow/example_dags/example_xcom.py took 0.295 seconds
[2022-02-21 01:20:11,567] {processor.py:163} INFO - Started process (PID=2564) to work on /home/airflow/.local/lib/python3.7/site-packages/airflow/example_dags/example_xcom.py
[2022-02-21 01:20:11,568] {processor.py:642} INFO - Processing file /home/airflow/.local/lib/python3.7/site-packages/airflow/example_dags/example_xcom.py for tasks to queue
[2022-02-21 01:20:11,569] {logging_mixin.py:109} INFO - [2022-02-21 01:20:11,568] {dagbag.py:500} INFO - Filling up the DagBag from /home/airflow/.local/lib/python3.7/site-packages/airflow/example_dags/example_xcom.py
[2022-02-21 01:20:11,597] {processor.py:654} INFO - DAG(s) dict_keys(['example_xcom']) retrieved from /home/airflow/.local/lib/python3.7/site-packages/airflow/example_dags/example_xcom.py
[2022-02-21 01:20:11,745] {logging_mixin.py:109} INFO - [2022-02-21 01:20:11,745] {dag.py:2396} INFO - Sync 1 DAGs
[2022-02-21 01:20:11,756] {logging_mixin.py:109} INFO - [2022-02-21 01:20:11,756] {dag.py:2935} INFO - Setting next_dagrun for example_xcom to 2021-01-01T00:00:00+00:00
[2022-02-21 01:20:11,771] {processor.py:171} INFO - Processing /home/airflow/.local/lib/python3.7/site-packages/airflow/example_dags/example_xcom.py took 0.207 seconds
[2022-02-21 01:20:42,000] {processor.py:163} INFO - Started process (PID=2615) to work on /home/airflow/.local/lib/python3.7/site-packages/airflow/example_dags/example_xcom.py
[2022-02-21 01:20:42,002] {processor.py:642} INFO - Processing file /home/airflow/.local/lib/python3.7/site-packages/airflow/example_dags/example_xcom.py for tasks to queue
[2022-02-21 01:20:42,003] {logging_mixin.py:109} INFO - [2022-02-21 01:20:42,003] {dagbag.py:500} INFO - Filling up the DagBag from /home/airflow/.local/lib/python3.7/site-packages/airflow/example_dags/example_xcom.py
[2022-02-21 01:20:42,053] {processor.py:654} INFO - DAG(s) dict_keys(['example_xcom']) retrieved from /home/airflow/.local/lib/python3.7/site-packages/airflow/example_dags/example_xcom.py
[2022-02-21 01:20:42,293] {logging_mixin.py:109} INFO - [2022-02-21 01:20:42,293] {dag.py:2396} INFO - Sync 1 DAGs
[2022-02-21 01:20:42,312] {logging_mixin.py:109} INFO - [2022-02-21 01:20:42,312] {dag.py:2935} INFO - Setting next_dagrun for example_xcom to 2021-01-01T00:00:00+00:00
[2022-02-21 01:20:42,331] {processor.py:171} INFO - Processing /home/airflow/.local/lib/python3.7/site-packages/airflow/example_dags/example_xcom.py took 0.336 seconds
[2022-02-21 01:21:12,429] {processor.py:163} INFO - Started process (PID=2665) to work on /home/airflow/.local/lib/python3.7/site-packages/airflow/example_dags/example_xcom.py
[2022-02-21 01:21:12,430] {processor.py:642} INFO - Processing file /home/airflow/.local/lib/python3.7/site-packages/airflow/example_dags/example_xcom.py for tasks to queue
[2022-02-21 01:21:12,430] {logging_mixin.py:109} INFO - [2022-02-21 01:21:12,430] {dagbag.py:500} INFO - Filling up the DagBag from /home/airflow/.local/lib/python3.7/site-packages/airflow/example_dags/example_xcom.py
[2022-02-21 01:21:12,467] {processor.py:654} INFO - DAG(s) dict_keys(['example_xcom']) retrieved from /home/airflow/.local/lib/python3.7/site-packages/airflow/example_dags/example_xcom.py
[2022-02-21 01:21:12,701] {logging_mixin.py:109} INFO - [2022-02-21 01:21:12,701] {dag.py:2396} INFO - Sync 1 DAGs
[2022-02-21 01:21:12,719] {logging_mixin.py:109} INFO - [2022-02-21 01:21:12,719] {dag.py:2935} INFO - Setting next_dagrun for example_xcom to 2021-01-01T00:00:00+00:00
[2022-02-21 01:21:12,737] {processor.py:171} INFO - Processing /home/airflow/.local/lib/python3.7/site-packages/airflow/example_dags/example_xcom.py took 0.312 seconds
