[2022-02-21 00:58:32,842] {processor.py:163} INFO - Started process (PID=204) to work on /home/airflow/.local/lib/python3.7/site-packages/airflow/example_dags/example_python_operator.py
[2022-02-21 00:58:32,844] {processor.py:642} INFO - Processing file /home/airflow/.local/lib/python3.7/site-packages/airflow/example_dags/example_python_operator.py for tasks to queue
[2022-02-21 00:58:32,845] {logging_mixin.py:109} INFO - [2022-02-21 00:58:32,845] {dagbag.py:500} INFO - Filling up the DagBag from /home/airflow/.local/lib/python3.7/site-packages/airflow/example_dags/example_python_operator.py
[2022-02-21 00:58:32,901] {processor.py:654} INFO - DAG(s) dict_keys(['example_python_operator']) retrieved from /home/airflow/.local/lib/python3.7/site-packages/airflow/example_dags/example_python_operator.py
[2022-02-21 00:58:36,816] {logging_mixin.py:109} INFO - [2022-02-21 00:58:36,816] {manager.py:496} INFO - Created Permission View: can edit on DAG:example_python_operator
[2022-02-21 00:58:36,850] {logging_mixin.py:109} INFO - [2022-02-21 00:58:36,850] {manager.py:496} INFO - Created Permission View: can read on DAG:example_python_operator
[2022-02-21 00:58:36,852] {logging_mixin.py:109} INFO - [2022-02-21 00:58:36,851] {dag.py:2396} INFO - Sync 1 DAGs
[2022-02-21 00:58:36,907] {logging_mixin.py:109} INFO - [2022-02-21 00:58:36,892] {dag.py:2415} INFO - Creating ORM DAG for example_python_operator
[2022-02-21 00:58:36,937] {logging_mixin.py:109} INFO - [2022-02-21 00:58:36,937] {dag.py:2935} INFO - Setting next_dagrun for example_python_operator to None
[2022-02-21 00:58:36,999] {processor.py:171} INFO - Processing /home/airflow/.local/lib/python3.7/site-packages/airflow/example_dags/example_python_operator.py took 4.161 seconds
[2022-02-21 00:59:07,149] {processor.py:163} INFO - Started process (PID=383) to work on /home/airflow/.local/lib/python3.7/site-packages/airflow/example_dags/example_python_operator.py
[2022-02-21 00:59:07,151] {processor.py:642} INFO - Processing file /home/airflow/.local/lib/python3.7/site-packages/airflow/example_dags/example_python_operator.py for tasks to queue
[2022-02-21 00:59:07,152] {logging_mixin.py:109} INFO - [2022-02-21 00:59:07,152] {dagbag.py:500} INFO - Filling up the DagBag from /home/airflow/.local/lib/python3.7/site-packages/airflow/example_dags/example_python_operator.py
[2022-02-21 00:59:07,201] {processor.py:654} INFO - DAG(s) dict_keys(['example_python_operator']) retrieved from /home/airflow/.local/lib/python3.7/site-packages/airflow/example_dags/example_python_operator.py
[2022-02-21 00:59:07,214] {logging_mixin.py:109} INFO - [2022-02-21 00:59:07,214] {dag.py:2396} INFO - Sync 1 DAGs
[2022-02-21 00:59:07,244] {logging_mixin.py:109} INFO - [2022-02-21 00:59:07,244] {dag.py:2935} INFO - Setting next_dagrun for example_python_operator to None
[2022-02-21 00:59:07,261] {processor.py:171} INFO - Processing /home/airflow/.local/lib/python3.7/site-packages/airflow/example_dags/example_python_operator.py took 0.116 seconds
[2022-02-21 00:59:41,238] {processor.py:163} INFO - Started process (PID=445) to work on /home/airflow/.local/lib/python3.7/site-packages/airflow/example_dags/example_python_operator.py
[2022-02-21 00:59:41,241] {processor.py:642} INFO - Processing file /home/airflow/.local/lib/python3.7/site-packages/airflow/example_dags/example_python_operator.py for tasks to queue
[2022-02-21 00:59:41,243] {logging_mixin.py:109} INFO - [2022-02-21 00:59:41,242] {dagbag.py:500} INFO - Filling up the DagBag from /home/airflow/.local/lib/python3.7/site-packages/airflow/example_dags/example_python_operator.py
[2022-02-21 00:59:41,354] {processor.py:654} INFO - DAG(s) dict_keys(['example_python_operator']) retrieved from /home/airflow/.local/lib/python3.7/site-packages/airflow/example_dags/example_python_operator.py
[2022-02-21 00:59:41,386] {logging_mixin.py:109} INFO - [2022-02-21 00:59:41,386] {dag.py:2396} INFO - Sync 1 DAGs
[2022-02-21 00:59:41,436] {logging_mixin.py:109} INFO - [2022-02-21 00:59:41,436] {dag.py:2935} INFO - Setting next_dagrun for example_python_operator to None
[2022-02-21 00:59:41,461] {processor.py:171} INFO - Processing /home/airflow/.local/lib/python3.7/site-packages/airflow/example_dags/example_python_operator.py took 0.237 seconds
[2022-02-21 01:00:11,573] {processor.py:163} INFO - Started process (PID=496) to work on /home/airflow/.local/lib/python3.7/site-packages/airflow/example_dags/example_python_operator.py
[2022-02-21 01:00:11,575] {processor.py:642} INFO - Processing file /home/airflow/.local/lib/python3.7/site-packages/airflow/example_dags/example_python_operator.py for tasks to queue
[2022-02-21 01:00:11,576] {logging_mixin.py:109} INFO - [2022-02-21 01:00:11,576] {dagbag.py:500} INFO - Filling up the DagBag from /home/airflow/.local/lib/python3.7/site-packages/airflow/example_dags/example_python_operator.py
[2022-02-21 01:00:11,633] {processor.py:654} INFO - DAG(s) dict_keys(['example_python_operator']) retrieved from /home/airflow/.local/lib/python3.7/site-packages/airflow/example_dags/example_python_operator.py
[2022-02-21 01:00:11,654] {logging_mixin.py:109} INFO - [2022-02-21 01:00:11,654] {dag.py:2396} INFO - Sync 1 DAGs
[2022-02-21 01:00:11,686] {logging_mixin.py:109} INFO - [2022-02-21 01:00:11,686] {dag.py:2935} INFO - Setting next_dagrun for example_python_operator to None
[2022-02-21 01:00:11,706] {processor.py:171} INFO - Processing /home/airflow/.local/lib/python3.7/site-packages/airflow/example_dags/example_python_operator.py took 0.139 seconds
[2022-02-21 01:00:42,847] {processor.py:163} INFO - Started process (PID=547) to work on /home/airflow/.local/lib/python3.7/site-packages/airflow/example_dags/example_python_operator.py
[2022-02-21 01:00:42,849] {processor.py:642} INFO - Processing file /home/airflow/.local/lib/python3.7/site-packages/airflow/example_dags/example_python_operator.py for tasks to queue
[2022-02-21 01:00:42,849] {logging_mixin.py:109} INFO - [2022-02-21 01:00:42,849] {dagbag.py:500} INFO - Filling up the DagBag from /home/airflow/.local/lib/python3.7/site-packages/airflow/example_dags/example_python_operator.py
[2022-02-21 01:00:42,878] {processor.py:654} INFO - DAG(s) dict_keys(['example_python_operator']) retrieved from /home/airflow/.local/lib/python3.7/site-packages/airflow/example_dags/example_python_operator.py
[2022-02-21 01:00:42,888] {logging_mixin.py:109} INFO - [2022-02-21 01:00:42,888] {dag.py:2396} INFO - Sync 1 DAGs
[2022-02-21 01:00:42,902] {logging_mixin.py:109} INFO - [2022-02-21 01:00:42,902] {dag.py:2935} INFO - Setting next_dagrun for example_python_operator to None
[2022-02-21 01:00:42,911] {processor.py:171} INFO - Processing /home/airflow/.local/lib/python3.7/site-packages/airflow/example_dags/example_python_operator.py took 0.066 seconds
[2022-02-21 01:01:13,670] {processor.py:163} INFO - Started process (PID=597) to work on /home/airflow/.local/lib/python3.7/site-packages/airflow/example_dags/example_python_operator.py
[2022-02-21 01:01:13,671] {processor.py:642} INFO - Processing file /home/airflow/.local/lib/python3.7/site-packages/airflow/example_dags/example_python_operator.py for tasks to queue
[2022-02-21 01:01:13,672] {logging_mixin.py:109} INFO - [2022-02-21 01:01:13,672] {dagbag.py:500} INFO - Filling up the DagBag from /home/airflow/.local/lib/python3.7/site-packages/airflow/example_dags/example_python_operator.py
[2022-02-21 01:01:13,707] {processor.py:654} INFO - DAG(s) dict_keys(['example_python_operator']) retrieved from /home/airflow/.local/lib/python3.7/site-packages/airflow/example_dags/example_python_operator.py
[2022-02-21 01:01:13,721] {logging_mixin.py:109} INFO - [2022-02-21 01:01:13,720] {dag.py:2396} INFO - Sync 1 DAGs
[2022-02-21 01:01:13,739] {logging_mixin.py:109} INFO - [2022-02-21 01:01:13,739] {dag.py:2935} INFO - Setting next_dagrun for example_python_operator to None
[2022-02-21 01:01:13,754] {processor.py:171} INFO - Processing /home/airflow/.local/lib/python3.7/site-packages/airflow/example_dags/example_python_operator.py took 0.087 seconds
[2022-02-21 01:01:43,780] {processor.py:163} INFO - Started process (PID=657) to work on /home/airflow/.local/lib/python3.7/site-packages/airflow/example_dags/example_python_operator.py
[2022-02-21 01:01:43,781] {processor.py:642} INFO - Processing file /home/airflow/.local/lib/python3.7/site-packages/airflow/example_dags/example_python_operator.py for tasks to queue
[2022-02-21 01:01:43,782] {logging_mixin.py:109} INFO - [2022-02-21 01:01:43,782] {dagbag.py:500} INFO - Filling up the DagBag from /home/airflow/.local/lib/python3.7/site-packages/airflow/example_dags/example_python_operator.py
[2022-02-21 01:01:43,824] {processor.py:654} INFO - DAG(s) dict_keys(['example_python_operator']) retrieved from /home/airflow/.local/lib/python3.7/site-packages/airflow/example_dags/example_python_operator.py
[2022-02-21 01:01:43,841] {logging_mixin.py:109} INFO - [2022-02-21 01:01:43,841] {dag.py:2396} INFO - Sync 1 DAGs
[2022-02-21 01:01:43,865] {logging_mixin.py:109} INFO - [2022-02-21 01:01:43,865] {dag.py:2935} INFO - Setting next_dagrun for example_python_operator to None
[2022-02-21 01:01:43,878] {processor.py:171} INFO - Processing /home/airflow/.local/lib/python3.7/site-packages/airflow/example_dags/example_python_operator.py took 0.102 seconds
[2022-02-21 01:02:14,795] {processor.py:163} INFO - Started process (PID=707) to work on /home/airflow/.local/lib/python3.7/site-packages/airflow/example_dags/example_python_operator.py
[2022-02-21 01:02:14,796] {processor.py:642} INFO - Processing file /home/airflow/.local/lib/python3.7/site-packages/airflow/example_dags/example_python_operator.py for tasks to queue
[2022-02-21 01:02:14,797] {logging_mixin.py:109} INFO - [2022-02-21 01:02:14,797] {dagbag.py:500} INFO - Filling up the DagBag from /home/airflow/.local/lib/python3.7/site-packages/airflow/example_dags/example_python_operator.py
[2022-02-21 01:02:14,841] {processor.py:654} INFO - DAG(s) dict_keys(['example_python_operator']) retrieved from /home/airflow/.local/lib/python3.7/site-packages/airflow/example_dags/example_python_operator.py
[2022-02-21 01:02:14,857] {logging_mixin.py:109} INFO - [2022-02-21 01:02:14,857] {dag.py:2396} INFO - Sync 1 DAGs
[2022-02-21 01:02:14,879] {logging_mixin.py:109} INFO - [2022-02-21 01:02:14,878] {dag.py:2935} INFO - Setting next_dagrun for example_python_operator to None
[2022-02-21 01:02:14,891] {processor.py:171} INFO - Processing /home/airflow/.local/lib/python3.7/site-packages/airflow/example_dags/example_python_operator.py took 0.101 seconds
[2022-02-21 01:02:45,340] {processor.py:163} INFO - Started process (PID=758) to work on /home/airflow/.local/lib/python3.7/site-packages/airflow/example_dags/example_python_operator.py
[2022-02-21 01:02:45,341] {processor.py:642} INFO - Processing file /home/airflow/.local/lib/python3.7/site-packages/airflow/example_dags/example_python_operator.py for tasks to queue
[2022-02-21 01:02:45,342] {logging_mixin.py:109} INFO - [2022-02-21 01:02:45,342] {dagbag.py:500} INFO - Filling up the DagBag from /home/airflow/.local/lib/python3.7/site-packages/airflow/example_dags/example_python_operator.py
[2022-02-21 01:02:45,383] {processor.py:654} INFO - DAG(s) dict_keys(['example_python_operator']) retrieved from /home/airflow/.local/lib/python3.7/site-packages/airflow/example_dags/example_python_operator.py
[2022-02-21 01:02:45,398] {logging_mixin.py:109} INFO - [2022-02-21 01:02:45,398] {dag.py:2396} INFO - Sync 1 DAGs
[2022-02-21 01:02:45,420] {logging_mixin.py:109} INFO - [2022-02-21 01:02:45,420] {dag.py:2935} INFO - Setting next_dagrun for example_python_operator to None
[2022-02-21 01:02:45,434] {processor.py:171} INFO - Processing /home/airflow/.local/lib/python3.7/site-packages/airflow/example_dags/example_python_operator.py took 0.099 seconds
[2022-02-21 01:03:15,491] {processor.py:163} INFO - Started process (PID=817) to work on /home/airflow/.local/lib/python3.7/site-packages/airflow/example_dags/example_python_operator.py
[2022-02-21 01:03:15,493] {processor.py:642} INFO - Processing file /home/airflow/.local/lib/python3.7/site-packages/airflow/example_dags/example_python_operator.py for tasks to queue
[2022-02-21 01:03:15,493] {logging_mixin.py:109} INFO - [2022-02-21 01:03:15,493] {dagbag.py:500} INFO - Filling up the DagBag from /home/airflow/.local/lib/python3.7/site-packages/airflow/example_dags/example_python_operator.py
[2022-02-21 01:03:15,529] {processor.py:654} INFO - DAG(s) dict_keys(['example_python_operator']) retrieved from /home/airflow/.local/lib/python3.7/site-packages/airflow/example_dags/example_python_operator.py
[2022-02-21 01:03:15,540] {logging_mixin.py:109} INFO - [2022-02-21 01:03:15,540] {dag.py:2396} INFO - Sync 1 DAGs
[2022-02-21 01:03:15,556] {logging_mixin.py:109} INFO - [2022-02-21 01:03:15,556] {dag.py:2935} INFO - Setting next_dagrun for example_python_operator to None
[2022-02-21 01:03:15,571] {processor.py:171} INFO - Processing /home/airflow/.local/lib/python3.7/site-packages/airflow/example_dags/example_python_operator.py took 0.083 seconds
[2022-02-21 01:03:45,632] {processor.py:163} INFO - Started process (PID=868) to work on /home/airflow/.local/lib/python3.7/site-packages/airflow/example_dags/example_python_operator.py
[2022-02-21 01:03:45,633] {processor.py:642} INFO - Processing file /home/airflow/.local/lib/python3.7/site-packages/airflow/example_dags/example_python_operator.py for tasks to queue
[2022-02-21 01:03:45,634] {logging_mixin.py:109} INFO - [2022-02-21 01:03:45,633] {dagbag.py:500} INFO - Filling up the DagBag from /home/airflow/.local/lib/python3.7/site-packages/airflow/example_dags/example_python_operator.py
[2022-02-21 01:03:45,668] {processor.py:654} INFO - DAG(s) dict_keys(['example_python_operator']) retrieved from /home/airflow/.local/lib/python3.7/site-packages/airflow/example_dags/example_python_operator.py
[2022-02-21 01:03:45,678] {logging_mixin.py:109} INFO - [2022-02-21 01:03:45,678] {dag.py:2396} INFO - Sync 1 DAGs
[2022-02-21 01:03:45,697] {logging_mixin.py:109} INFO - [2022-02-21 01:03:45,697] {dag.py:2935} INFO - Setting next_dagrun for example_python_operator to None
[2022-02-21 01:03:45,709] {processor.py:171} INFO - Processing /home/airflow/.local/lib/python3.7/site-packages/airflow/example_dags/example_python_operator.py took 0.080 seconds
[2022-02-21 01:04:15,892] {processor.py:163} INFO - Started process (PID=919) to work on /home/airflow/.local/lib/python3.7/site-packages/airflow/example_dags/example_python_operator.py
[2022-02-21 01:04:15,895] {processor.py:642} INFO - Processing file /home/airflow/.local/lib/python3.7/site-packages/airflow/example_dags/example_python_operator.py for tasks to queue
[2022-02-21 01:04:15,896] {logging_mixin.py:109} INFO - [2022-02-21 01:04:15,896] {dagbag.py:500} INFO - Filling up the DagBag from /home/airflow/.local/lib/python3.7/site-packages/airflow/example_dags/example_python_operator.py
[2022-02-21 01:04:15,969] {processor.py:654} INFO - DAG(s) dict_keys(['example_python_operator']) retrieved from /home/airflow/.local/lib/python3.7/site-packages/airflow/example_dags/example_python_operator.py
[2022-02-21 01:04:15,993] {logging_mixin.py:109} INFO - [2022-02-21 01:04:15,993] {dag.py:2396} INFO - Sync 1 DAGs
[2022-02-21 01:04:16,031] {logging_mixin.py:109} INFO - [2022-02-21 01:04:16,031] {dag.py:2935} INFO - Setting next_dagrun for example_python_operator to None
[2022-02-21 01:04:16,050] {processor.py:171} INFO - Processing /home/airflow/.local/lib/python3.7/site-packages/airflow/example_dags/example_python_operator.py took 0.164 seconds
[2022-02-21 01:04:46,261] {processor.py:163} INFO - Started process (PID=970) to work on /home/airflow/.local/lib/python3.7/site-packages/airflow/example_dags/example_python_operator.py
[2022-02-21 01:04:46,262] {processor.py:642} INFO - Processing file /home/airflow/.local/lib/python3.7/site-packages/airflow/example_dags/example_python_operator.py for tasks to queue
[2022-02-21 01:04:46,262] {logging_mixin.py:109} INFO - [2022-02-21 01:04:46,262] {dagbag.py:500} INFO - Filling up the DagBag from /home/airflow/.local/lib/python3.7/site-packages/airflow/example_dags/example_python_operator.py
[2022-02-21 01:04:46,291] {processor.py:654} INFO - DAG(s) dict_keys(['example_python_operator']) retrieved from /home/airflow/.local/lib/python3.7/site-packages/airflow/example_dags/example_python_operator.py
[2022-02-21 01:04:46,300] {logging_mixin.py:109} INFO - [2022-02-21 01:04:46,299] {dag.py:2396} INFO - Sync 1 DAGs
[2022-02-21 01:04:46,317] {logging_mixin.py:109} INFO - [2022-02-21 01:04:46,317] {dag.py:2935} INFO - Setting next_dagrun for example_python_operator to None
[2022-02-21 01:04:46,330] {processor.py:171} INFO - Processing /home/airflow/.local/lib/python3.7/site-packages/airflow/example_dags/example_python_operator.py took 0.072 seconds
[2022-02-21 01:05:16,765] {processor.py:163} INFO - Started process (PID=1031) to work on /home/airflow/.local/lib/python3.7/site-packages/airflow/example_dags/example_python_operator.py
[2022-02-21 01:05:16,767] {processor.py:642} INFO - Processing file /home/airflow/.local/lib/python3.7/site-packages/airflow/example_dags/example_python_operator.py for tasks to queue
[2022-02-21 01:05:16,768] {logging_mixin.py:109} INFO - [2022-02-21 01:05:16,768] {dagbag.py:500} INFO - Filling up the DagBag from /home/airflow/.local/lib/python3.7/site-packages/airflow/example_dags/example_python_operator.py
[2022-02-21 01:05:16,811] {processor.py:654} INFO - DAG(s) dict_keys(['example_python_operator']) retrieved from /home/airflow/.local/lib/python3.7/site-packages/airflow/example_dags/example_python_operator.py
[2022-02-21 01:05:16,823] {logging_mixin.py:109} INFO - [2022-02-21 01:05:16,823] {dag.py:2396} INFO - Sync 1 DAGs
[2022-02-21 01:05:16,845] {logging_mixin.py:109} INFO - [2022-02-21 01:05:16,845] {dag.py:2935} INFO - Setting next_dagrun for example_python_operator to None
[2022-02-21 01:05:16,858] {processor.py:171} INFO - Processing /home/airflow/.local/lib/python3.7/site-packages/airflow/example_dags/example_python_operator.py took 0.097 seconds
[2022-02-21 01:05:47,067] {processor.py:163} INFO - Started process (PID=1081) to work on /home/airflow/.local/lib/python3.7/site-packages/airflow/example_dags/example_python_operator.py
[2022-02-21 01:05:47,068] {processor.py:642} INFO - Processing file /home/airflow/.local/lib/python3.7/site-packages/airflow/example_dags/example_python_operator.py for tasks to queue
[2022-02-21 01:05:47,069] {logging_mixin.py:109} INFO - [2022-02-21 01:05:47,069] {dagbag.py:500} INFO - Filling up the DagBag from /home/airflow/.local/lib/python3.7/site-packages/airflow/example_dags/example_python_operator.py
[2022-02-21 01:05:47,124] {processor.py:654} INFO - DAG(s) dict_keys(['example_python_operator']) retrieved from /home/airflow/.local/lib/python3.7/site-packages/airflow/example_dags/example_python_operator.py
[2022-02-21 01:05:47,140] {logging_mixin.py:109} INFO - [2022-02-21 01:05:47,140] {dag.py:2396} INFO - Sync 1 DAGs
[2022-02-21 01:05:47,167] {logging_mixin.py:109} INFO - [2022-02-21 01:05:47,167] {dag.py:2935} INFO - Setting next_dagrun for example_python_operator to None
[2022-02-21 01:05:47,182] {processor.py:171} INFO - Processing /home/airflow/.local/lib/python3.7/site-packages/airflow/example_dags/example_python_operator.py took 0.120 seconds
[2022-02-21 01:06:17,467] {processor.py:163} INFO - Started process (PID=1131) to work on /home/airflow/.local/lib/python3.7/site-packages/airflow/example_dags/example_python_operator.py
[2022-02-21 01:06:17,469] {processor.py:642} INFO - Processing file /home/airflow/.local/lib/python3.7/site-packages/airflow/example_dags/example_python_operator.py for tasks to queue
[2022-02-21 01:06:17,469] {logging_mixin.py:109} INFO - [2022-02-21 01:06:17,469] {dagbag.py:500} INFO - Filling up the DagBag from /home/airflow/.local/lib/python3.7/site-packages/airflow/example_dags/example_python_operator.py
[2022-02-21 01:06:17,499] {processor.py:654} INFO - DAG(s) dict_keys(['example_python_operator']) retrieved from /home/airflow/.local/lib/python3.7/site-packages/airflow/example_dags/example_python_operator.py
[2022-02-21 01:06:17,508] {logging_mixin.py:109} INFO - [2022-02-21 01:06:17,508] {dag.py:2396} INFO - Sync 1 DAGs
[2022-02-21 01:06:17,523] {logging_mixin.py:109} INFO - [2022-02-21 01:06:17,523] {dag.py:2935} INFO - Setting next_dagrun for example_python_operator to None
[2022-02-21 01:06:17,533] {processor.py:171} INFO - Processing /home/airflow/.local/lib/python3.7/site-packages/airflow/example_dags/example_python_operator.py took 0.068 seconds
[2022-02-21 01:06:48,127] {processor.py:163} INFO - Started process (PID=1182) to work on /home/airflow/.local/lib/python3.7/site-packages/airflow/example_dags/example_python_operator.py
[2022-02-21 01:06:48,128] {processor.py:642} INFO - Processing file /home/airflow/.local/lib/python3.7/site-packages/airflow/example_dags/example_python_operator.py for tasks to queue
[2022-02-21 01:06:48,129] {logging_mixin.py:109} INFO - [2022-02-21 01:06:48,129] {dagbag.py:500} INFO - Filling up the DagBag from /home/airflow/.local/lib/python3.7/site-packages/airflow/example_dags/example_python_operator.py
[2022-02-21 01:06:48,177] {processor.py:654} INFO - DAG(s) dict_keys(['example_python_operator']) retrieved from /home/airflow/.local/lib/python3.7/site-packages/airflow/example_dags/example_python_operator.py
[2022-02-21 01:06:48,196] {logging_mixin.py:109} INFO - [2022-02-21 01:06:48,196] {dag.py:2396} INFO - Sync 1 DAGs
[2022-02-21 01:06:48,221] {logging_mixin.py:109} INFO - [2022-02-21 01:06:48,221] {dag.py:2935} INFO - Setting next_dagrun for example_python_operator to None
[2022-02-21 01:06:48,237] {processor.py:171} INFO - Processing /home/airflow/.local/lib/python3.7/site-packages/airflow/example_dags/example_python_operator.py took 0.115 seconds
[2022-02-21 01:07:18,613] {processor.py:163} INFO - Started process (PID=1233) to work on /home/airflow/.local/lib/python3.7/site-packages/airflow/example_dags/example_python_operator.py
[2022-02-21 01:07:18,616] {processor.py:642} INFO - Processing file /home/airflow/.local/lib/python3.7/site-packages/airflow/example_dags/example_python_operator.py for tasks to queue
[2022-02-21 01:07:18,616] {logging_mixin.py:109} INFO - [2022-02-21 01:07:18,616] {dagbag.py:500} INFO - Filling up the DagBag from /home/airflow/.local/lib/python3.7/site-packages/airflow/example_dags/example_python_operator.py
[2022-02-21 01:07:18,666] {processor.py:654} INFO - DAG(s) dict_keys(['example_python_operator']) retrieved from /home/airflow/.local/lib/python3.7/site-packages/airflow/example_dags/example_python_operator.py
[2022-02-21 01:07:18,680] {logging_mixin.py:109} INFO - [2022-02-21 01:07:18,680] {dag.py:2396} INFO - Sync 1 DAGs
[2022-02-21 01:07:18,705] {logging_mixin.py:109} INFO - [2022-02-21 01:07:18,704] {dag.py:2935} INFO - Setting next_dagrun for example_python_operator to None
[2022-02-21 01:07:18,719] {processor.py:171} INFO - Processing /home/airflow/.local/lib/python3.7/site-packages/airflow/example_dags/example_python_operator.py took 0.110 seconds
[2022-02-21 01:07:48,881] {processor.py:163} INFO - Started process (PID=1293) to work on /home/airflow/.local/lib/python3.7/site-packages/airflow/example_dags/example_python_operator.py
[2022-02-21 01:07:48,883] {processor.py:642} INFO - Processing file /home/airflow/.local/lib/python3.7/site-packages/airflow/example_dags/example_python_operator.py for tasks to queue
[2022-02-21 01:07:48,884] {logging_mixin.py:109} INFO - [2022-02-21 01:07:48,884] {dagbag.py:500} INFO - Filling up the DagBag from /home/airflow/.local/lib/python3.7/site-packages/airflow/example_dags/example_python_operator.py
[2022-02-21 01:07:48,930] {processor.py:654} INFO - DAG(s) dict_keys(['example_python_operator']) retrieved from /home/airflow/.local/lib/python3.7/site-packages/airflow/example_dags/example_python_operator.py
[2022-02-21 01:07:48,946] {logging_mixin.py:109} INFO - [2022-02-21 01:07:48,946] {dag.py:2396} INFO - Sync 1 DAGs
[2022-02-21 01:07:48,969] {logging_mixin.py:109} INFO - [2022-02-21 01:07:48,969] {dag.py:2935} INFO - Setting next_dagrun for example_python_operator to None
[2022-02-21 01:07:48,985] {processor.py:171} INFO - Processing /home/airflow/.local/lib/python3.7/site-packages/airflow/example_dags/example_python_operator.py took 0.111 seconds
[2022-02-21 01:08:19,935] {processor.py:163} INFO - Started process (PID=1344) to work on /home/airflow/.local/lib/python3.7/site-packages/airflow/example_dags/example_python_operator.py
[2022-02-21 01:08:19,938] {processor.py:642} INFO - Processing file /home/airflow/.local/lib/python3.7/site-packages/airflow/example_dags/example_python_operator.py for tasks to queue
[2022-02-21 01:08:19,938] {logging_mixin.py:109} INFO - [2022-02-21 01:08:19,938] {dagbag.py:500} INFO - Filling up the DagBag from /home/airflow/.local/lib/python3.7/site-packages/airflow/example_dags/example_python_operator.py
[2022-02-21 01:08:19,978] {processor.py:654} INFO - DAG(s) dict_keys(['example_python_operator']) retrieved from /home/airflow/.local/lib/python3.7/site-packages/airflow/example_dags/example_python_operator.py
[2022-02-21 01:08:19,994] {logging_mixin.py:109} INFO - [2022-02-21 01:08:19,994] {dag.py:2396} INFO - Sync 1 DAGs
[2022-02-21 01:08:20,011] {logging_mixin.py:109} INFO - [2022-02-21 01:08:20,010] {dag.py:2935} INFO - Setting next_dagrun for example_python_operator to None
[2022-02-21 01:08:20,020] {processor.py:171} INFO - Processing /home/airflow/.local/lib/python3.7/site-packages/airflow/example_dags/example_python_operator.py took 0.088 seconds
[2022-02-21 01:08:50,043] {processor.py:163} INFO - Started process (PID=1394) to work on /home/airflow/.local/lib/python3.7/site-packages/airflow/example_dags/example_python_operator.py
[2022-02-21 01:08:50,044] {processor.py:642} INFO - Processing file /home/airflow/.local/lib/python3.7/site-packages/airflow/example_dags/example_python_operator.py for tasks to queue
[2022-02-21 01:08:50,045] {logging_mixin.py:109} INFO - [2022-02-21 01:08:50,044] {dagbag.py:500} INFO - Filling up the DagBag from /home/airflow/.local/lib/python3.7/site-packages/airflow/example_dags/example_python_operator.py
[2022-02-21 01:08:50,093] {processor.py:654} INFO - DAG(s) dict_keys(['example_python_operator']) retrieved from /home/airflow/.local/lib/python3.7/site-packages/airflow/example_dags/example_python_operator.py
[2022-02-21 01:08:50,107] {logging_mixin.py:109} INFO - [2022-02-21 01:08:50,107] {dag.py:2396} INFO - Sync 1 DAGs
[2022-02-21 01:08:50,129] {logging_mixin.py:109} INFO - [2022-02-21 01:08:50,128] {dag.py:2935} INFO - Setting next_dagrun for example_python_operator to None
[2022-02-21 01:08:50,144] {processor.py:171} INFO - Processing /home/airflow/.local/lib/python3.7/site-packages/airflow/example_dags/example_python_operator.py took 0.105 seconds
[2022-02-21 01:09:20,481] {processor.py:163} INFO - Started process (PID=1452) to work on /home/airflow/.local/lib/python3.7/site-packages/airflow/example_dags/example_python_operator.py
[2022-02-21 01:09:20,484] {processor.py:642} INFO - Processing file /home/airflow/.local/lib/python3.7/site-packages/airflow/example_dags/example_python_operator.py for tasks to queue
[2022-02-21 01:09:20,484] {logging_mixin.py:109} INFO - [2022-02-21 01:09:20,484] {dagbag.py:500} INFO - Filling up the DagBag from /home/airflow/.local/lib/python3.7/site-packages/airflow/example_dags/example_python_operator.py
[2022-02-21 01:09:20,532] {processor.py:654} INFO - DAG(s) dict_keys(['example_python_operator']) retrieved from /home/airflow/.local/lib/python3.7/site-packages/airflow/example_dags/example_python_operator.py
[2022-02-21 01:09:20,555] {logging_mixin.py:109} INFO - [2022-02-21 01:09:20,554] {dag.py:2396} INFO - Sync 1 DAGs
[2022-02-21 01:09:20,582] {logging_mixin.py:109} INFO - [2022-02-21 01:09:20,582] {dag.py:2935} INFO - Setting next_dagrun for example_python_operator to None
[2022-02-21 01:09:20,597] {processor.py:171} INFO - Processing /home/airflow/.local/lib/python3.7/site-packages/airflow/example_dags/example_python_operator.py took 0.120 seconds
[2022-02-21 01:09:50,899] {processor.py:163} INFO - Started process (PID=1505) to work on /home/airflow/.local/lib/python3.7/site-packages/airflow/example_dags/example_python_operator.py
[2022-02-21 01:09:50,900] {processor.py:642} INFO - Processing file /home/airflow/.local/lib/python3.7/site-packages/airflow/example_dags/example_python_operator.py for tasks to queue
[2022-02-21 01:09:50,901] {logging_mixin.py:109} INFO - [2022-02-21 01:09:50,901] {dagbag.py:500} INFO - Filling up the DagBag from /home/airflow/.local/lib/python3.7/site-packages/airflow/example_dags/example_python_operator.py
[2022-02-21 01:09:50,947] {processor.py:654} INFO - DAG(s) dict_keys(['example_python_operator']) retrieved from /home/airflow/.local/lib/python3.7/site-packages/airflow/example_dags/example_python_operator.py
[2022-02-21 01:09:50,961] {logging_mixin.py:109} INFO - [2022-02-21 01:09:50,961] {dag.py:2396} INFO - Sync 1 DAGs
[2022-02-21 01:09:50,983] {logging_mixin.py:109} INFO - [2022-02-21 01:09:50,983] {dag.py:2935} INFO - Setting next_dagrun for example_python_operator to None
[2022-02-21 01:09:51,099] {processor.py:171} INFO - Processing /home/airflow/.local/lib/python3.7/site-packages/airflow/example_dags/example_python_operator.py took 0.205 seconds
[2022-02-21 01:10:21,354] {processor.py:163} INFO - Started process (PID=1556) to work on /home/airflow/.local/lib/python3.7/site-packages/airflow/example_dags/example_python_operator.py
[2022-02-21 01:10:21,357] {processor.py:642} INFO - Processing file /home/airflow/.local/lib/python3.7/site-packages/airflow/example_dags/example_python_operator.py for tasks to queue
[2022-02-21 01:10:21,359] {logging_mixin.py:109} INFO - [2022-02-21 01:10:21,358] {dagbag.py:500} INFO - Filling up the DagBag from /home/airflow/.local/lib/python3.7/site-packages/airflow/example_dags/example_python_operator.py
[2022-02-21 01:10:21,412] {processor.py:654} INFO - DAG(s) dict_keys(['example_python_operator']) retrieved from /home/airflow/.local/lib/python3.7/site-packages/airflow/example_dags/example_python_operator.py
[2022-02-21 01:10:21,433] {logging_mixin.py:109} INFO - [2022-02-21 01:10:21,433] {dag.py:2396} INFO - Sync 1 DAGs
[2022-02-21 01:10:21,546] {logging_mixin.py:109} INFO - [2022-02-21 01:10:21,546] {dag.py:2935} INFO - Setting next_dagrun for example_python_operator to None
[2022-02-21 01:10:21,577] {processor.py:171} INFO - Processing /home/airflow/.local/lib/python3.7/site-packages/airflow/example_dags/example_python_operator.py took 0.229 seconds
[2022-02-21 01:10:51,768] {processor.py:163} INFO - Started process (PID=1606) to work on /home/airflow/.local/lib/python3.7/site-packages/airflow/example_dags/example_python_operator.py
[2022-02-21 01:10:51,769] {processor.py:642} INFO - Processing file /home/airflow/.local/lib/python3.7/site-packages/airflow/example_dags/example_python_operator.py for tasks to queue
[2022-02-21 01:10:51,770] {logging_mixin.py:109} INFO - [2022-02-21 01:10:51,770] {dagbag.py:500} INFO - Filling up the DagBag from /home/airflow/.local/lib/python3.7/site-packages/airflow/example_dags/example_python_operator.py
[2022-02-21 01:10:51,815] {processor.py:654} INFO - DAG(s) dict_keys(['example_python_operator']) retrieved from /home/airflow/.local/lib/python3.7/site-packages/airflow/example_dags/example_python_operator.py
[2022-02-21 01:10:51,831] {logging_mixin.py:109} INFO - [2022-02-21 01:10:51,831] {dag.py:2396} INFO - Sync 1 DAGs
[2022-02-21 01:10:51,931] {logging_mixin.py:109} INFO - [2022-02-21 01:10:51,931] {dag.py:2935} INFO - Setting next_dagrun for example_python_operator to None
[2022-02-21 01:10:51,945] {processor.py:171} INFO - Processing /home/airflow/.local/lib/python3.7/site-packages/airflow/example_dags/example_python_operator.py took 0.182 seconds
[2022-02-21 01:11:22,560] {processor.py:163} INFO - Started process (PID=1656) to work on /home/airflow/.local/lib/python3.7/site-packages/airflow/example_dags/example_python_operator.py
[2022-02-21 01:11:22,565] {processor.py:642} INFO - Processing file /home/airflow/.local/lib/python3.7/site-packages/airflow/example_dags/example_python_operator.py for tasks to queue
[2022-02-21 01:11:22,566] {logging_mixin.py:109} INFO - [2022-02-21 01:11:22,565] {dagbag.py:500} INFO - Filling up the DagBag from /home/airflow/.local/lib/python3.7/site-packages/airflow/example_dags/example_python_operator.py
[2022-02-21 01:11:22,606] {processor.py:654} INFO - DAG(s) dict_keys(['example_python_operator']) retrieved from /home/airflow/.local/lib/python3.7/site-packages/airflow/example_dags/example_python_operator.py
[2022-02-21 01:11:22,725] {logging_mixin.py:109} INFO - [2022-02-21 01:11:22,725] {dag.py:2396} INFO - Sync 1 DAGs
[2022-02-21 01:11:22,743] {logging_mixin.py:109} INFO - [2022-02-21 01:11:22,742] {dag.py:2935} INFO - Setting next_dagrun for example_python_operator to None
[2022-02-21 01:11:22,756] {processor.py:171} INFO - Processing /home/airflow/.local/lib/python3.7/site-packages/airflow/example_dags/example_python_operator.py took 0.201 seconds
[2022-02-21 01:11:53,002] {processor.py:163} INFO - Started process (PID=1706) to work on /home/airflow/.local/lib/python3.7/site-packages/airflow/example_dags/example_python_operator.py
[2022-02-21 01:11:53,004] {processor.py:642} INFO - Processing file /home/airflow/.local/lib/python3.7/site-packages/airflow/example_dags/example_python_operator.py for tasks to queue
[2022-02-21 01:11:53,006] {logging_mixin.py:109} INFO - [2022-02-21 01:11:53,006] {dagbag.py:500} INFO - Filling up the DagBag from /home/airflow/.local/lib/python3.7/site-packages/airflow/example_dags/example_python_operator.py
[2022-02-21 01:11:53,081] {processor.py:654} INFO - DAG(s) dict_keys(['example_python_operator']) retrieved from /home/airflow/.local/lib/python3.7/site-packages/airflow/example_dags/example_python_operator.py
[2022-02-21 01:11:53,270] {logging_mixin.py:109} INFO - [2022-02-21 01:11:53,270] {dag.py:2396} INFO - Sync 1 DAGs
[2022-02-21 01:11:53,312] {logging_mixin.py:109} INFO - [2022-02-21 01:11:53,311] {dag.py:2935} INFO - Setting next_dagrun for example_python_operator to None
[2022-02-21 01:11:53,342] {processor.py:171} INFO - Processing /home/airflow/.local/lib/python3.7/site-packages/airflow/example_dags/example_python_operator.py took 0.348 seconds
[2022-02-21 01:12:24,054] {processor.py:163} INFO - Started process (PID=1767) to work on /home/airflow/.local/lib/python3.7/site-packages/airflow/example_dags/example_python_operator.py
[2022-02-21 01:12:24,056] {processor.py:642} INFO - Processing file /home/airflow/.local/lib/python3.7/site-packages/airflow/example_dags/example_python_operator.py for tasks to queue
[2022-02-21 01:12:24,057] {logging_mixin.py:109} INFO - [2022-02-21 01:12:24,057] {dagbag.py:500} INFO - Filling up the DagBag from /home/airflow/.local/lib/python3.7/site-packages/airflow/example_dags/example_python_operator.py
[2022-02-21 01:12:24,124] {processor.py:654} INFO - DAG(s) dict_keys(['example_python_operator']) retrieved from /home/airflow/.local/lib/python3.7/site-packages/airflow/example_dags/example_python_operator.py
[2022-02-21 01:12:24,297] {logging_mixin.py:109} INFO - [2022-02-21 01:12:24,297] {dag.py:2396} INFO - Sync 1 DAGs
[2022-02-21 01:12:24,328] {logging_mixin.py:109} INFO - [2022-02-21 01:12:24,328] {dag.py:2935} INFO - Setting next_dagrun for example_python_operator to None
[2022-02-21 01:12:24,349] {processor.py:171} INFO - Processing /home/airflow/.local/lib/python3.7/site-packages/airflow/example_dags/example_python_operator.py took 0.301 seconds
[2022-02-21 01:12:54,494] {processor.py:163} INFO - Started process (PID=1819) to work on /home/airflow/.local/lib/python3.7/site-packages/airflow/example_dags/example_python_operator.py
[2022-02-21 01:12:54,495] {processor.py:642} INFO - Processing file /home/airflow/.local/lib/python3.7/site-packages/airflow/example_dags/example_python_operator.py for tasks to queue
[2022-02-21 01:12:54,496] {logging_mixin.py:109} INFO - [2022-02-21 01:12:54,495] {dagbag.py:500} INFO - Filling up the DagBag from /home/airflow/.local/lib/python3.7/site-packages/airflow/example_dags/example_python_operator.py
[2022-02-21 01:12:54,676] {processor.py:654} INFO - DAG(s) dict_keys(['example_python_operator']) retrieved from /home/airflow/.local/lib/python3.7/site-packages/airflow/example_dags/example_python_operator.py
[2022-02-21 01:12:54,690] {logging_mixin.py:109} INFO - [2022-02-21 01:12:54,690] {dag.py:2396} INFO - Sync 1 DAGs
[2022-02-21 01:12:54,710] {logging_mixin.py:109} INFO - [2022-02-21 01:12:54,710] {dag.py:2935} INFO - Setting next_dagrun for example_python_operator to None
[2022-02-21 01:12:54,723] {processor.py:171} INFO - Processing /home/airflow/.local/lib/python3.7/site-packages/airflow/example_dags/example_python_operator.py took 0.233 seconds
[2022-02-21 01:13:24,990] {processor.py:163} INFO - Started process (PID=1870) to work on /home/airflow/.local/lib/python3.7/site-packages/airflow/example_dags/example_python_operator.py
[2022-02-21 01:13:24,995] {processor.py:642} INFO - Processing file /home/airflow/.local/lib/python3.7/site-packages/airflow/example_dags/example_python_operator.py for tasks to queue
[2022-02-21 01:13:24,995] {logging_mixin.py:109} INFO - [2022-02-21 01:13:24,995] {dagbag.py:500} INFO - Filling up the DagBag from /home/airflow/.local/lib/python3.7/site-packages/airflow/example_dags/example_python_operator.py
[2022-02-21 01:13:25,108] {processor.py:654} INFO - DAG(s) dict_keys(['example_python_operator']) retrieved from /home/airflow/.local/lib/python3.7/site-packages/airflow/example_dags/example_python_operator.py
[2022-02-21 01:13:25,117] {logging_mixin.py:109} INFO - [2022-02-21 01:13:25,117] {dag.py:2396} INFO - Sync 1 DAGs
[2022-02-21 01:13:25,132] {logging_mixin.py:109} INFO - [2022-02-21 01:13:25,132] {dag.py:2935} INFO - Setting next_dagrun for example_python_operator to None
[2022-02-21 01:13:25,147] {processor.py:171} INFO - Processing /home/airflow/.local/lib/python3.7/site-packages/airflow/example_dags/example_python_operator.py took 0.159 seconds
[2022-02-21 01:13:55,413] {processor.py:163} INFO - Started process (PID=1921) to work on /home/airflow/.local/lib/python3.7/site-packages/airflow/example_dags/example_python_operator.py
[2022-02-21 01:13:55,415] {processor.py:642} INFO - Processing file /home/airflow/.local/lib/python3.7/site-packages/airflow/example_dags/example_python_operator.py for tasks to queue
[2022-02-21 01:13:55,416] {logging_mixin.py:109} INFO - [2022-02-21 01:13:55,416] {dagbag.py:500} INFO - Filling up the DagBag from /home/airflow/.local/lib/python3.7/site-packages/airflow/example_dags/example_python_operator.py
[2022-02-21 01:13:55,595] {processor.py:654} INFO - DAG(s) dict_keys(['example_python_operator']) retrieved from /home/airflow/.local/lib/python3.7/site-packages/airflow/example_dags/example_python_operator.py
[2022-02-21 01:13:55,612] {logging_mixin.py:109} INFO - [2022-02-21 01:13:55,612] {dag.py:2396} INFO - Sync 1 DAGs
[2022-02-21 01:13:55,633] {logging_mixin.py:109} INFO - [2022-02-21 01:13:55,633] {dag.py:2935} INFO - Setting next_dagrun for example_python_operator to None
[2022-02-21 01:13:55,653] {processor.py:171} INFO - Processing /home/airflow/.local/lib/python3.7/site-packages/airflow/example_dags/example_python_operator.py took 0.245 seconds
[2022-02-21 01:14:26,219] {processor.py:163} INFO - Started process (PID=1972) to work on /home/airflow/.local/lib/python3.7/site-packages/airflow/example_dags/example_python_operator.py
[2022-02-21 01:14:26,221] {processor.py:642} INFO - Processing file /home/airflow/.local/lib/python3.7/site-packages/airflow/example_dags/example_python_operator.py for tasks to queue
[2022-02-21 01:14:26,222] {logging_mixin.py:109} INFO - [2022-02-21 01:14:26,222] {dagbag.py:500} INFO - Filling up the DagBag from /home/airflow/.local/lib/python3.7/site-packages/airflow/example_dags/example_python_operator.py
[2022-02-21 01:14:26,376] {processor.py:654} INFO - DAG(s) dict_keys(['example_python_operator']) retrieved from /home/airflow/.local/lib/python3.7/site-packages/airflow/example_dags/example_python_operator.py
[2022-02-21 01:14:26,391] {logging_mixin.py:109} INFO - [2022-02-21 01:14:26,391] {dag.py:2396} INFO - Sync 1 DAGs
[2022-02-21 01:14:26,412] {logging_mixin.py:109} INFO - [2022-02-21 01:14:26,412] {dag.py:2935} INFO - Setting next_dagrun for example_python_operator to None
[2022-02-21 01:14:26,429] {processor.py:171} INFO - Processing /home/airflow/.local/lib/python3.7/site-packages/airflow/example_dags/example_python_operator.py took 0.216 seconds
[2022-02-21 01:14:56,560] {processor.py:163} INFO - Started process (PID=2032) to work on /home/airflow/.local/lib/python3.7/site-packages/airflow/example_dags/example_python_operator.py
[2022-02-21 01:14:56,562] {processor.py:642} INFO - Processing file /home/airflow/.local/lib/python3.7/site-packages/airflow/example_dags/example_python_operator.py for tasks to queue
[2022-02-21 01:14:56,563] {logging_mixin.py:109} INFO - [2022-02-21 01:14:56,563] {dagbag.py:500} INFO - Filling up the DagBag from /home/airflow/.local/lib/python3.7/site-packages/airflow/example_dags/example_python_operator.py
[2022-02-21 01:14:56,609] {processor.py:654} INFO - DAG(s) dict_keys(['example_python_operator']) retrieved from /home/airflow/.local/lib/python3.7/site-packages/airflow/example_dags/example_python_operator.py
[2022-02-21 01:14:56,625] {logging_mixin.py:109} INFO - [2022-02-21 01:14:56,625] {dag.py:2396} INFO - Sync 1 DAGs
[2022-02-21 01:14:56,662] {logging_mixin.py:109} INFO - [2022-02-21 01:14:56,662] {dag.py:2935} INFO - Setting next_dagrun for example_python_operator to None
[2022-02-21 01:14:56,678] {processor.py:171} INFO - Processing /home/airflow/.local/lib/python3.7/site-packages/airflow/example_dags/example_python_operator.py took 0.122 seconds
[2022-02-21 01:15:27,161] {processor.py:163} INFO - Started process (PID=2082) to work on /home/airflow/.local/lib/python3.7/site-packages/airflow/example_dags/example_python_operator.py
[2022-02-21 01:15:27,165] {processor.py:642} INFO - Processing file /home/airflow/.local/lib/python3.7/site-packages/airflow/example_dags/example_python_operator.py for tasks to queue
[2022-02-21 01:15:27,167] {logging_mixin.py:109} INFO - [2022-02-21 01:15:27,166] {dagbag.py:500} INFO - Filling up the DagBag from /home/airflow/.local/lib/python3.7/site-packages/airflow/example_dags/example_python_operator.py
[2022-02-21 01:15:27,268] {processor.py:654} INFO - DAG(s) dict_keys(['example_python_operator']) retrieved from /home/airflow/.local/lib/python3.7/site-packages/airflow/example_dags/example_python_operator.py
[2022-02-21 01:15:27,293] {logging_mixin.py:109} INFO - [2022-02-21 01:15:27,293] {dag.py:2396} INFO - Sync 1 DAGs
[2022-02-21 01:15:27,330] {logging_mixin.py:109} INFO - [2022-02-21 01:15:27,330] {dag.py:2935} INFO - Setting next_dagrun for example_python_operator to None
[2022-02-21 01:15:27,363] {processor.py:171} INFO - Processing /home/airflow/.local/lib/python3.7/site-packages/airflow/example_dags/example_python_operator.py took 0.211 seconds
[2022-02-21 01:15:57,705] {processor.py:163} INFO - Started process (PID=2124) to work on /home/airflow/.local/lib/python3.7/site-packages/airflow/example_dags/example_python_operator.py
[2022-02-21 01:15:57,708] {processor.py:642} INFO - Processing file /home/airflow/.local/lib/python3.7/site-packages/airflow/example_dags/example_python_operator.py for tasks to queue
[2022-02-21 01:15:57,709] {logging_mixin.py:109} INFO - [2022-02-21 01:15:57,709] {dagbag.py:500} INFO - Filling up the DagBag from /home/airflow/.local/lib/python3.7/site-packages/airflow/example_dags/example_python_operator.py
[2022-02-21 01:15:57,789] {processor.py:654} INFO - DAG(s) dict_keys(['example_python_operator']) retrieved from /home/airflow/.local/lib/python3.7/site-packages/airflow/example_dags/example_python_operator.py
[2022-02-21 01:15:57,813] {logging_mixin.py:109} INFO - [2022-02-21 01:15:57,813] {dag.py:2396} INFO - Sync 1 DAGs
[2022-02-21 01:15:57,862] {logging_mixin.py:109} INFO - [2022-02-21 01:15:57,862] {dag.py:2935} INFO - Setting next_dagrun for example_python_operator to None
[2022-02-21 01:15:57,895] {processor.py:171} INFO - Processing /home/airflow/.local/lib/python3.7/site-packages/airflow/example_dags/example_python_operator.py took 0.197 seconds
[2022-02-21 01:16:28,049] {processor.py:163} INFO - Started process (PID=2176) to work on /home/airflow/.local/lib/python3.7/site-packages/airflow/example_dags/example_python_operator.py
[2022-02-21 01:16:28,052] {processor.py:642} INFO - Processing file /home/airflow/.local/lib/python3.7/site-packages/airflow/example_dags/example_python_operator.py for tasks to queue
[2022-02-21 01:16:28,054] {logging_mixin.py:109} INFO - [2022-02-21 01:16:28,053] {dagbag.py:500} INFO - Filling up the DagBag from /home/airflow/.local/lib/python3.7/site-packages/airflow/example_dags/example_python_operator.py
[2022-02-21 01:16:28,161] {processor.py:654} INFO - DAG(s) dict_keys(['example_python_operator']) retrieved from /home/airflow/.local/lib/python3.7/site-packages/airflow/example_dags/example_python_operator.py
[2022-02-21 01:16:28,197] {logging_mixin.py:109} INFO - [2022-02-21 01:16:28,197] {dag.py:2396} INFO - Sync 1 DAGs
[2022-02-21 01:16:28,238] {logging_mixin.py:109} INFO - [2022-02-21 01:16:28,237] {dag.py:2935} INFO - Setting next_dagrun for example_python_operator to None
[2022-02-21 01:16:28,266] {processor.py:171} INFO - Processing /home/airflow/.local/lib/python3.7/site-packages/airflow/example_dags/example_python_operator.py took 0.225 seconds
[2022-02-21 01:16:58,708] {processor.py:163} INFO - Started process (PID=2227) to work on /home/airflow/.local/lib/python3.7/site-packages/airflow/example_dags/example_python_operator.py
[2022-02-21 01:16:58,710] {processor.py:642} INFO - Processing file /home/airflow/.local/lib/python3.7/site-packages/airflow/example_dags/example_python_operator.py for tasks to queue
[2022-02-21 01:16:58,712] {logging_mixin.py:109} INFO - [2022-02-21 01:16:58,711] {dagbag.py:500} INFO - Filling up the DagBag from /home/airflow/.local/lib/python3.7/site-packages/airflow/example_dags/example_python_operator.py
[2022-02-21 01:16:58,766] {processor.py:654} INFO - DAG(s) dict_keys(['example_python_operator']) retrieved from /home/airflow/.local/lib/python3.7/site-packages/airflow/example_dags/example_python_operator.py
[2022-02-21 01:16:58,787] {logging_mixin.py:109} INFO - [2022-02-21 01:16:58,786] {dag.py:2396} INFO - Sync 1 DAGs
[2022-02-21 01:16:58,813] {logging_mixin.py:109} INFO - [2022-02-21 01:16:58,813] {dag.py:2935} INFO - Setting next_dagrun for example_python_operator to None
[2022-02-21 01:16:58,834] {processor.py:171} INFO - Processing /home/airflow/.local/lib/python3.7/site-packages/airflow/example_dags/example_python_operator.py took 0.132 seconds
[2022-02-21 01:17:28,920] {processor.py:163} INFO - Started process (PID=2278) to work on /home/airflow/.local/lib/python3.7/site-packages/airflow/example_dags/example_python_operator.py
[2022-02-21 01:17:28,922] {processor.py:642} INFO - Processing file /home/airflow/.local/lib/python3.7/site-packages/airflow/example_dags/example_python_operator.py for tasks to queue
[2022-02-21 01:17:28,923] {logging_mixin.py:109} INFO - [2022-02-21 01:17:28,922] {dagbag.py:500} INFO - Filling up the DagBag from /home/airflow/.local/lib/python3.7/site-packages/airflow/example_dags/example_python_operator.py
[2022-02-21 01:17:28,968] {processor.py:654} INFO - DAG(s) dict_keys(['example_python_operator']) retrieved from /home/airflow/.local/lib/python3.7/site-packages/airflow/example_dags/example_python_operator.py
[2022-02-21 01:17:28,982] {logging_mixin.py:109} INFO - [2022-02-21 01:17:28,982] {dag.py:2396} INFO - Sync 1 DAGs
[2022-02-21 01:17:29,002] {logging_mixin.py:109} INFO - [2022-02-21 01:17:29,002] {dag.py:2935} INFO - Setting next_dagrun for example_python_operator to None
[2022-02-21 01:17:29,017] {processor.py:171} INFO - Processing /home/airflow/.local/lib/python3.7/site-packages/airflow/example_dags/example_python_operator.py took 0.103 seconds
[2022-02-21 01:17:59,421] {processor.py:163} INFO - Started process (PID=2337) to work on /home/airflow/.local/lib/python3.7/site-packages/airflow/example_dags/example_python_operator.py
[2022-02-21 01:17:59,422] {processor.py:642} INFO - Processing file /home/airflow/.local/lib/python3.7/site-packages/airflow/example_dags/example_python_operator.py for tasks to queue
[2022-02-21 01:17:59,423] {logging_mixin.py:109} INFO - [2022-02-21 01:17:59,423] {dagbag.py:500} INFO - Filling up the DagBag from /home/airflow/.local/lib/python3.7/site-packages/airflow/example_dags/example_python_operator.py
[2022-02-21 01:17:59,465] {processor.py:654} INFO - DAG(s) dict_keys(['example_python_operator']) retrieved from /home/airflow/.local/lib/python3.7/site-packages/airflow/example_dags/example_python_operator.py
[2022-02-21 01:17:59,479] {logging_mixin.py:109} INFO - [2022-02-21 01:17:59,479] {dag.py:2396} INFO - Sync 1 DAGs
[2022-02-21 01:17:59,499] {logging_mixin.py:109} INFO - [2022-02-21 01:17:59,499] {dag.py:2935} INFO - Setting next_dagrun for example_python_operator to None
[2022-02-21 01:17:59,512] {processor.py:171} INFO - Processing /home/airflow/.local/lib/python3.7/site-packages/airflow/example_dags/example_python_operator.py took 0.096 seconds
[2022-02-21 01:18:29,620] {processor.py:163} INFO - Started process (PID=2388) to work on /home/airflow/.local/lib/python3.7/site-packages/airflow/example_dags/example_python_operator.py
[2022-02-21 01:18:29,625] {processor.py:642} INFO - Processing file /home/airflow/.local/lib/python3.7/site-packages/airflow/example_dags/example_python_operator.py for tasks to queue
[2022-02-21 01:18:29,626] {logging_mixin.py:109} INFO - [2022-02-21 01:18:29,626] {dagbag.py:500} INFO - Filling up the DagBag from /home/airflow/.local/lib/python3.7/site-packages/airflow/example_dags/example_python_operator.py
[2022-02-21 01:18:29,658] {processor.py:654} INFO - DAG(s) dict_keys(['example_python_operator']) retrieved from /home/airflow/.local/lib/python3.7/site-packages/airflow/example_dags/example_python_operator.py
[2022-02-21 01:18:29,670] {logging_mixin.py:109} INFO - [2022-02-21 01:18:29,670] {dag.py:2396} INFO - Sync 1 DAGs
[2022-02-21 01:18:29,691] {logging_mixin.py:109} INFO - [2022-02-21 01:18:29,690] {dag.py:2935} INFO - Setting next_dagrun for example_python_operator to None
[2022-02-21 01:18:29,707] {processor.py:171} INFO - Processing /home/airflow/.local/lib/python3.7/site-packages/airflow/example_dags/example_python_operator.py took 0.089 seconds
[2022-02-21 01:18:59,762] {processor.py:163} INFO - Started process (PID=2438) to work on /home/airflow/.local/lib/python3.7/site-packages/airflow/example_dags/example_python_operator.py
[2022-02-21 01:18:59,763] {processor.py:642} INFO - Processing file /home/airflow/.local/lib/python3.7/site-packages/airflow/example_dags/example_python_operator.py for tasks to queue
[2022-02-21 01:18:59,764] {logging_mixin.py:109} INFO - [2022-02-21 01:18:59,764] {dagbag.py:500} INFO - Filling up the DagBag from /home/airflow/.local/lib/python3.7/site-packages/airflow/example_dags/example_python_operator.py
[2022-02-21 01:18:59,803] {processor.py:654} INFO - DAG(s) dict_keys(['example_python_operator']) retrieved from /home/airflow/.local/lib/python3.7/site-packages/airflow/example_dags/example_python_operator.py
[2022-02-21 01:18:59,816] {logging_mixin.py:109} INFO - [2022-02-21 01:18:59,816] {dag.py:2396} INFO - Sync 1 DAGs
[2022-02-21 01:18:59,839] {logging_mixin.py:109} INFO - [2022-02-21 01:18:59,838] {dag.py:2935} INFO - Setting next_dagrun for example_python_operator to None
[2022-02-21 01:18:59,855] {processor.py:171} INFO - Processing /home/airflow/.local/lib/python3.7/site-packages/airflow/example_dags/example_python_operator.py took 0.098 seconds
[2022-02-21 01:19:29,901] {processor.py:163} INFO - Started process (PID=2498) to work on /home/airflow/.local/lib/python3.7/site-packages/airflow/example_dags/example_python_operator.py
[2022-02-21 01:19:29,903] {processor.py:642} INFO - Processing file /home/airflow/.local/lib/python3.7/site-packages/airflow/example_dags/example_python_operator.py for tasks to queue
[2022-02-21 01:19:29,904] {logging_mixin.py:109} INFO - [2022-02-21 01:19:29,903] {dagbag.py:500} INFO - Filling up the DagBag from /home/airflow/.local/lib/python3.7/site-packages/airflow/example_dags/example_python_operator.py
[2022-02-21 01:19:29,945] {processor.py:654} INFO - DAG(s) dict_keys(['example_python_operator']) retrieved from /home/airflow/.local/lib/python3.7/site-packages/airflow/example_dags/example_python_operator.py
[2022-02-21 01:19:29,959] {logging_mixin.py:109} INFO - [2022-02-21 01:19:29,959] {dag.py:2396} INFO - Sync 1 DAGs
[2022-02-21 01:19:29,980] {logging_mixin.py:109} INFO - [2022-02-21 01:19:29,980] {dag.py:2935} INFO - Setting next_dagrun for example_python_operator to None
[2022-02-21 01:19:29,994] {processor.py:171} INFO - Processing /home/airflow/.local/lib/python3.7/site-packages/airflow/example_dags/example_python_operator.py took 0.097 seconds
[2022-02-21 01:20:00,045] {processor.py:163} INFO - Started process (PID=2547) to work on /home/airflow/.local/lib/python3.7/site-packages/airflow/example_dags/example_python_operator.py
[2022-02-21 01:20:00,046] {processor.py:642} INFO - Processing file /home/airflow/.local/lib/python3.7/site-packages/airflow/example_dags/example_python_operator.py for tasks to queue
[2022-02-21 01:20:00,047] {logging_mixin.py:109} INFO - [2022-02-21 01:20:00,047] {dagbag.py:500} INFO - Filling up the DagBag from /home/airflow/.local/lib/python3.7/site-packages/airflow/example_dags/example_python_operator.py
[2022-02-21 01:20:00,073] {processor.py:654} INFO - DAG(s) dict_keys(['example_python_operator']) retrieved from /home/airflow/.local/lib/python3.7/site-packages/airflow/example_dags/example_python_operator.py
[2022-02-21 01:20:00,082] {logging_mixin.py:109} INFO - [2022-02-21 01:20:00,082] {dag.py:2396} INFO - Sync 1 DAGs
[2022-02-21 01:20:00,094] {logging_mixin.py:109} INFO - [2022-02-21 01:20:00,094] {dag.py:2935} INFO - Setting next_dagrun for example_python_operator to None
[2022-02-21 01:20:00,104] {processor.py:171} INFO - Processing /home/airflow/.local/lib/python3.7/site-packages/airflow/example_dags/example_python_operator.py took 0.061 seconds
[2022-02-21 01:20:30,646] {processor.py:163} INFO - Started process (PID=2598) to work on /home/airflow/.local/lib/python3.7/site-packages/airflow/example_dags/example_python_operator.py
[2022-02-21 01:20:30,653] {processor.py:642} INFO - Processing file /home/airflow/.local/lib/python3.7/site-packages/airflow/example_dags/example_python_operator.py for tasks to queue
[2022-02-21 01:20:30,654] {logging_mixin.py:109} INFO - [2022-02-21 01:20:30,654] {dagbag.py:500} INFO - Filling up the DagBag from /home/airflow/.local/lib/python3.7/site-packages/airflow/example_dags/example_python_operator.py
[2022-02-21 01:20:30,747] {processor.py:654} INFO - DAG(s) dict_keys(['example_python_operator']) retrieved from /home/airflow/.local/lib/python3.7/site-packages/airflow/example_dags/example_python_operator.py
[2022-02-21 01:20:30,780] {logging_mixin.py:109} INFO - [2022-02-21 01:20:30,779] {dag.py:2396} INFO - Sync 1 DAGs
[2022-02-21 01:20:30,843] {logging_mixin.py:109} INFO - [2022-02-21 01:20:30,843] {dag.py:2935} INFO - Setting next_dagrun for example_python_operator to None
[2022-02-21 01:20:30,871] {processor.py:171} INFO - Processing /home/airflow/.local/lib/python3.7/site-packages/airflow/example_dags/example_python_operator.py took 0.232 seconds
[2022-02-21 01:21:01,184] {processor.py:163} INFO - Started process (PID=2648) to work on /home/airflow/.local/lib/python3.7/site-packages/airflow/example_dags/example_python_operator.py
[2022-02-21 01:21:01,185] {processor.py:642} INFO - Processing file /home/airflow/.local/lib/python3.7/site-packages/airflow/example_dags/example_python_operator.py for tasks to queue
[2022-02-21 01:21:01,186] {logging_mixin.py:109} INFO - [2022-02-21 01:21:01,186] {dagbag.py:500} INFO - Filling up the DagBag from /home/airflow/.local/lib/python3.7/site-packages/airflow/example_dags/example_python_operator.py
[2022-02-21 01:21:01,222] {processor.py:654} INFO - DAG(s) dict_keys(['example_python_operator']) retrieved from /home/airflow/.local/lib/python3.7/site-packages/airflow/example_dags/example_python_operator.py
[2022-02-21 01:21:01,235] {logging_mixin.py:109} INFO - [2022-02-21 01:21:01,235] {dag.py:2396} INFO - Sync 1 DAGs
[2022-02-21 01:21:01,252] {logging_mixin.py:109} INFO - [2022-02-21 01:21:01,252] {dag.py:2935} INFO - Setting next_dagrun for example_python_operator to None
[2022-02-21 01:21:01,263] {processor.py:171} INFO - Processing /home/airflow/.local/lib/python3.7/site-packages/airflow/example_dags/example_python_operator.py took 0.083 seconds
[2022-02-21 01:21:31,557] {processor.py:163} INFO - Started process (PID=2698) to work on /home/airflow/.local/lib/python3.7/site-packages/airflow/example_dags/example_python_operator.py
[2022-02-21 01:21:31,559] {processor.py:642} INFO - Processing file /home/airflow/.local/lib/python3.7/site-packages/airflow/example_dags/example_python_operator.py for tasks to queue
[2022-02-21 01:21:31,560] {logging_mixin.py:109} INFO - [2022-02-21 01:21:31,560] {dagbag.py:500} INFO - Filling up the DagBag from /home/airflow/.local/lib/python3.7/site-packages/airflow/example_dags/example_python_operator.py
[2022-02-21 01:21:31,601] {processor.py:654} INFO - DAG(s) dict_keys(['example_python_operator']) retrieved from /home/airflow/.local/lib/python3.7/site-packages/airflow/example_dags/example_python_operator.py
[2022-02-21 01:21:31,615] {logging_mixin.py:109} INFO - [2022-02-21 01:21:31,615] {dag.py:2396} INFO - Sync 1 DAGs
[2022-02-21 01:21:31,662] {logging_mixin.py:109} INFO - [2022-02-21 01:21:31,662] {dag.py:2935} INFO - Setting next_dagrun for example_python_operator to None
[2022-02-21 01:21:31,691] {processor.py:171} INFO - Processing /home/airflow/.local/lib/python3.7/site-packages/airflow/example_dags/example_python_operator.py took 0.139 seconds
