[2022-02-21 00:58:03,756] {processor.py:163} INFO - Started process (PID=103) to work on /home/airflow/.local/lib/python3.7/site-packages/airflow/example_dags/example_branch_labels.py
[2022-02-21 00:58:03,767] {processor.py:642} INFO - Processing file /home/airflow/.local/lib/python3.7/site-packages/airflow/example_dags/example_branch_labels.py for tasks to queue
[2022-02-21 00:58:03,769] {logging_mixin.py:109} INFO - [2022-02-21 00:58:03,769] {dagbag.py:500} INFO - Filling up the DagBag from /home/airflow/.local/lib/python3.7/site-packages/airflow/example_dags/example_branch_labels.py
[2022-02-21 00:58:04,332] {processor.py:654} INFO - DAG(s) dict_keys(['example_branch_labels']) retrieved from /home/airflow/.local/lib/python3.7/site-packages/airflow/example_dags/example_branch_labels.py
[2022-02-21 00:58:10,814] {logging_mixin.py:109} INFO - [2022-02-21 00:58:10,814] {manager.py:496} INFO - Created Permission View: can edit on DAG:example_branch_labels
[2022-02-21 00:58:10,844] {logging_mixin.py:109} INFO - [2022-02-21 00:58:10,844] {manager.py:496} INFO - Created Permission View: can read on DAG:example_branch_labels
[2022-02-21 00:58:10,845] {logging_mixin.py:109} INFO - [2022-02-21 00:58:10,845] {dag.py:2396} INFO - Sync 1 DAGs
[2022-02-21 00:58:10,867] {logging_mixin.py:109} INFO - [2022-02-21 00:58:10,866] {dag.py:2415} INFO - Creating ORM DAG for example_branch_labels
[2022-02-21 00:58:10,888] {logging_mixin.py:109} INFO - [2022-02-21 00:58:10,888] {dag.py:2935} INFO - Setting next_dagrun for example_branch_labels to 2022-02-20 00:00:00+00:00
[2022-02-21 00:58:10,910] {processor.py:171} INFO - Processing /home/airflow/.local/lib/python3.7/site-packages/airflow/example_dags/example_branch_labels.py took 8.432 seconds
[2022-02-21 00:59:06,123] {processor.py:163} INFO - Started process (PID=373) to work on /home/airflow/.local/lib/python3.7/site-packages/airflow/example_dags/example_branch_labels.py
[2022-02-21 00:59:06,125] {processor.py:642} INFO - Processing file /home/airflow/.local/lib/python3.7/site-packages/airflow/example_dags/example_branch_labels.py for tasks to queue
[2022-02-21 00:59:06,125] {logging_mixin.py:109} INFO - [2022-02-21 00:59:06,125] {dagbag.py:500} INFO - Filling up the DagBag from /home/airflow/.local/lib/python3.7/site-packages/airflow/example_dags/example_branch_labels.py
[2022-02-21 00:59:06,158] {processor.py:654} INFO - DAG(s) dict_keys(['example_branch_labels']) retrieved from /home/airflow/.local/lib/python3.7/site-packages/airflow/example_dags/example_branch_labels.py
[2022-02-21 00:59:06,171] {logging_mixin.py:109} INFO - [2022-02-21 00:59:06,170] {dag.py:2396} INFO - Sync 1 DAGs
[2022-02-21 00:59:06,192] {logging_mixin.py:109} INFO - [2022-02-21 00:59:06,192] {dag.py:2935} INFO - Setting next_dagrun for example_branch_labels to 2022-02-20 00:00:00+00:00
[2022-02-21 00:59:06,203] {processor.py:171} INFO - Processing /home/airflow/.local/lib/python3.7/site-packages/airflow/example_dags/example_branch_labels.py took 0.084 seconds
[2022-02-21 00:59:37,873] {processor.py:163} INFO - Started process (PID=431) to work on /home/airflow/.local/lib/python3.7/site-packages/airflow/example_dags/example_branch_labels.py
[2022-02-21 00:59:37,881] {processor.py:642} INFO - Processing file /home/airflow/.local/lib/python3.7/site-packages/airflow/example_dags/example_branch_labels.py for tasks to queue
[2022-02-21 00:59:37,882] {logging_mixin.py:109} INFO - [2022-02-21 00:59:37,882] {dagbag.py:500} INFO - Filling up the DagBag from /home/airflow/.local/lib/python3.7/site-packages/airflow/example_dags/example_branch_labels.py
[2022-02-21 00:59:37,979] {processor.py:654} INFO - DAG(s) dict_keys(['example_branch_labels']) retrieved from /home/airflow/.local/lib/python3.7/site-packages/airflow/example_dags/example_branch_labels.py
[2022-02-21 00:59:38,010] {logging_mixin.py:109} INFO - [2022-02-21 00:59:38,010] {dag.py:2396} INFO - Sync 1 DAGs
[2022-02-21 00:59:38,065] {logging_mixin.py:109} INFO - [2022-02-21 00:59:38,064] {dag.py:2935} INFO - Setting next_dagrun for example_branch_labels to 2022-02-20 00:00:00+00:00
[2022-02-21 00:59:38,115] {processor.py:171} INFO - Processing /home/airflow/.local/lib/python3.7/site-packages/airflow/example_dags/example_branch_labels.py took 0.253 seconds
[2022-02-21 01:00:08,291] {processor.py:163} INFO - Started process (PID=483) to work on /home/airflow/.local/lib/python3.7/site-packages/airflow/example_dags/example_branch_labels.py
[2022-02-21 01:00:08,293] {processor.py:642} INFO - Processing file /home/airflow/.local/lib/python3.7/site-packages/airflow/example_dags/example_branch_labels.py for tasks to queue
[2022-02-21 01:00:08,294] {logging_mixin.py:109} INFO - [2022-02-21 01:00:08,293] {dagbag.py:500} INFO - Filling up the DagBag from /home/airflow/.local/lib/python3.7/site-packages/airflow/example_dags/example_branch_labels.py
[2022-02-21 01:00:08,334] {processor.py:654} INFO - DAG(s) dict_keys(['example_branch_labels']) retrieved from /home/airflow/.local/lib/python3.7/site-packages/airflow/example_dags/example_branch_labels.py
[2022-02-21 01:00:08,347] {logging_mixin.py:109} INFO - [2022-02-21 01:00:08,346] {dag.py:2396} INFO - Sync 1 DAGs
[2022-02-21 01:00:08,380] {logging_mixin.py:109} INFO - [2022-02-21 01:00:08,380] {dag.py:2935} INFO - Setting next_dagrun for example_branch_labels to 2022-02-20 00:00:00+00:00
[2022-02-21 01:00:08,396] {processor.py:171} INFO - Processing /home/airflow/.local/lib/python3.7/site-packages/airflow/example_dags/example_branch_labels.py took 0.110 seconds
[2022-02-21 01:00:38,730] {processor.py:163} INFO - Started process (PID=536) to work on /home/airflow/.local/lib/python3.7/site-packages/airflow/example_dags/example_branch_labels.py
[2022-02-21 01:00:38,731] {processor.py:642} INFO - Processing file /home/airflow/.local/lib/python3.7/site-packages/airflow/example_dags/example_branch_labels.py for tasks to queue
[2022-02-21 01:00:38,732] {logging_mixin.py:109} INFO - [2022-02-21 01:00:38,732] {dagbag.py:500} INFO - Filling up the DagBag from /home/airflow/.local/lib/python3.7/site-packages/airflow/example_dags/example_branch_labels.py
[2022-02-21 01:00:38,763] {processor.py:654} INFO - DAG(s) dict_keys(['example_branch_labels']) retrieved from /home/airflow/.local/lib/python3.7/site-packages/airflow/example_dags/example_branch_labels.py
[2022-02-21 01:00:38,774] {logging_mixin.py:109} INFO - [2022-02-21 01:00:38,774] {dag.py:2396} INFO - Sync 1 DAGs
[2022-02-21 01:00:38,792] {logging_mixin.py:109} INFO - [2022-02-21 01:00:38,792] {dag.py:2935} INFO - Setting next_dagrun for example_branch_labels to 2022-02-20 00:00:00+00:00
[2022-02-21 01:00:38,804] {processor.py:171} INFO - Processing /home/airflow/.local/lib/python3.7/site-packages/airflow/example_dags/example_branch_labels.py took 0.078 seconds
[2022-02-21 01:01:09,052] {processor.py:163} INFO - Started process (PID=587) to work on /home/airflow/.local/lib/python3.7/site-packages/airflow/example_dags/example_branch_labels.py
[2022-02-21 01:01:09,053] {processor.py:642} INFO - Processing file /home/airflow/.local/lib/python3.7/site-packages/airflow/example_dags/example_branch_labels.py for tasks to queue
[2022-02-21 01:01:09,053] {logging_mixin.py:109} INFO - [2022-02-21 01:01:09,053] {dagbag.py:500} INFO - Filling up the DagBag from /home/airflow/.local/lib/python3.7/site-packages/airflow/example_dags/example_branch_labels.py
[2022-02-21 01:01:09,081] {processor.py:654} INFO - DAG(s) dict_keys(['example_branch_labels']) retrieved from /home/airflow/.local/lib/python3.7/site-packages/airflow/example_dags/example_branch_labels.py
[2022-02-21 01:01:09,092] {logging_mixin.py:109} INFO - [2022-02-21 01:01:09,091] {dag.py:2396} INFO - Sync 1 DAGs
[2022-02-21 01:01:09,108] {logging_mixin.py:109} INFO - [2022-02-21 01:01:09,108] {dag.py:2935} INFO - Setting next_dagrun for example_branch_labels to 2022-02-20 00:00:00+00:00
[2022-02-21 01:01:09,121] {processor.py:171} INFO - Processing /home/airflow/.local/lib/python3.7/site-packages/airflow/example_dags/example_branch_labels.py took 0.072 seconds
[2022-02-21 01:01:40,014] {processor.py:163} INFO - Started process (PID=639) to work on /home/airflow/.local/lib/python3.7/site-packages/airflow/example_dags/example_branch_labels.py
[2022-02-21 01:01:40,016] {processor.py:642} INFO - Processing file /home/airflow/.local/lib/python3.7/site-packages/airflow/example_dags/example_branch_labels.py for tasks to queue
[2022-02-21 01:01:40,016] {logging_mixin.py:109} INFO - [2022-02-21 01:01:40,016] {dagbag.py:500} INFO - Filling up the DagBag from /home/airflow/.local/lib/python3.7/site-packages/airflow/example_dags/example_branch_labels.py
[2022-02-21 01:01:40,048] {processor.py:654} INFO - DAG(s) dict_keys(['example_branch_labels']) retrieved from /home/airflow/.local/lib/python3.7/site-packages/airflow/example_dags/example_branch_labels.py
[2022-02-21 01:01:40,060] {logging_mixin.py:109} INFO - [2022-02-21 01:01:40,060] {dag.py:2396} INFO - Sync 1 DAGs
[2022-02-21 01:01:40,080] {logging_mixin.py:109} INFO - [2022-02-21 01:01:40,080] {dag.py:2935} INFO - Setting next_dagrun for example_branch_labels to 2022-02-20 00:00:00+00:00
[2022-02-21 01:01:40,091] {processor.py:171} INFO - Processing /home/airflow/.local/lib/python3.7/site-packages/airflow/example_dags/example_branch_labels.py took 0.081 seconds
[2022-02-21 01:02:10,423] {processor.py:163} INFO - Started process (PID=698) to work on /home/airflow/.local/lib/python3.7/site-packages/airflow/example_dags/example_branch_labels.py
[2022-02-21 01:02:10,424] {processor.py:642} INFO - Processing file /home/airflow/.local/lib/python3.7/site-packages/airflow/example_dags/example_branch_labels.py for tasks to queue
[2022-02-21 01:02:10,424] {logging_mixin.py:109} INFO - [2022-02-21 01:02:10,424] {dagbag.py:500} INFO - Filling up the DagBag from /home/airflow/.local/lib/python3.7/site-packages/airflow/example_dags/example_branch_labels.py
[2022-02-21 01:02:10,452] {processor.py:654} INFO - DAG(s) dict_keys(['example_branch_labels']) retrieved from /home/airflow/.local/lib/python3.7/site-packages/airflow/example_dags/example_branch_labels.py
[2022-02-21 01:02:10,462] {logging_mixin.py:109} INFO - [2022-02-21 01:02:10,462] {dag.py:2396} INFO - Sync 1 DAGs
[2022-02-21 01:02:10,480] {logging_mixin.py:109} INFO - [2022-02-21 01:02:10,480] {dag.py:2935} INFO - Setting next_dagrun for example_branch_labels to 2022-02-20 00:00:00+00:00
[2022-02-21 01:02:10,490] {processor.py:171} INFO - Processing /home/airflow/.local/lib/python3.7/site-packages/airflow/example_dags/example_branch_labels.py took 0.070 seconds
[2022-02-21 01:02:40,877] {processor.py:163} INFO - Started process (PID=749) to work on /home/airflow/.local/lib/python3.7/site-packages/airflow/example_dags/example_branch_labels.py
[2022-02-21 01:02:40,879] {processor.py:642} INFO - Processing file /home/airflow/.local/lib/python3.7/site-packages/airflow/example_dags/example_branch_labels.py for tasks to queue
[2022-02-21 01:02:40,879] {logging_mixin.py:109} INFO - [2022-02-21 01:02:40,879] {dagbag.py:500} INFO - Filling up the DagBag from /home/airflow/.local/lib/python3.7/site-packages/airflow/example_dags/example_branch_labels.py
[2022-02-21 01:02:40,909] {processor.py:654} INFO - DAG(s) dict_keys(['example_branch_labels']) retrieved from /home/airflow/.local/lib/python3.7/site-packages/airflow/example_dags/example_branch_labels.py
[2022-02-21 01:02:40,921] {logging_mixin.py:109} INFO - [2022-02-21 01:02:40,921] {dag.py:2396} INFO - Sync 1 DAGs
[2022-02-21 01:02:40,941] {logging_mixin.py:109} INFO - [2022-02-21 01:02:40,940] {dag.py:2935} INFO - Setting next_dagrun for example_branch_labels to 2022-02-20 00:00:00+00:00
[2022-02-21 01:02:40,954] {processor.py:171} INFO - Processing /home/airflow/.local/lib/python3.7/site-packages/airflow/example_dags/example_branch_labels.py took 0.080 seconds
[2022-02-21 01:03:10,988] {processor.py:163} INFO - Started process (PID=799) to work on /home/airflow/.local/lib/python3.7/site-packages/airflow/example_dags/example_branch_labels.py
[2022-02-21 01:03:10,989] {processor.py:642} INFO - Processing file /home/airflow/.local/lib/python3.7/site-packages/airflow/example_dags/example_branch_labels.py for tasks to queue
[2022-02-21 01:03:10,990] {logging_mixin.py:109} INFO - [2022-02-21 01:03:10,990] {dagbag.py:500} INFO - Filling up the DagBag from /home/airflow/.local/lib/python3.7/site-packages/airflow/example_dags/example_branch_labels.py
[2022-02-21 01:03:11,023] {processor.py:654} INFO - DAG(s) dict_keys(['example_branch_labels']) retrieved from /home/airflow/.local/lib/python3.7/site-packages/airflow/example_dags/example_branch_labels.py
[2022-02-21 01:03:11,036] {logging_mixin.py:109} INFO - [2022-02-21 01:03:11,036] {dag.py:2396} INFO - Sync 1 DAGs
[2022-02-21 01:03:11,058] {logging_mixin.py:109} INFO - [2022-02-21 01:03:11,058] {dag.py:2935} INFO - Setting next_dagrun for example_branch_labels to 2022-02-20 00:00:00+00:00
[2022-02-21 01:03:11,070] {processor.py:171} INFO - Processing /home/airflow/.local/lib/python3.7/site-packages/airflow/example_dags/example_branch_labels.py took 0.085 seconds
[2022-02-21 01:03:41,238] {processor.py:163} INFO - Started process (PID=859) to work on /home/airflow/.local/lib/python3.7/site-packages/airflow/example_dags/example_branch_labels.py
[2022-02-21 01:03:41,240] {processor.py:642} INFO - Processing file /home/airflow/.local/lib/python3.7/site-packages/airflow/example_dags/example_branch_labels.py for tasks to queue
[2022-02-21 01:03:41,240] {logging_mixin.py:109} INFO - [2022-02-21 01:03:41,240] {dagbag.py:500} INFO - Filling up the DagBag from /home/airflow/.local/lib/python3.7/site-packages/airflow/example_dags/example_branch_labels.py
[2022-02-21 01:03:41,268] {processor.py:654} INFO - DAG(s) dict_keys(['example_branch_labels']) retrieved from /home/airflow/.local/lib/python3.7/site-packages/airflow/example_dags/example_branch_labels.py
[2022-02-21 01:03:41,278] {logging_mixin.py:109} INFO - [2022-02-21 01:03:41,278] {dag.py:2396} INFO - Sync 1 DAGs
[2022-02-21 01:03:41,293] {logging_mixin.py:109} INFO - [2022-02-21 01:03:41,293] {dag.py:2935} INFO - Setting next_dagrun for example_branch_labels to 2022-02-20 00:00:00+00:00
[2022-02-21 01:03:41,303] {processor.py:171} INFO - Processing /home/airflow/.local/lib/python3.7/site-packages/airflow/example_dags/example_branch_labels.py took 0.068 seconds
[2022-02-21 01:04:11,564] {processor.py:163} INFO - Started process (PID=910) to work on /home/airflow/.local/lib/python3.7/site-packages/airflow/example_dags/example_branch_labels.py
[2022-02-21 01:04:11,565] {processor.py:642} INFO - Processing file /home/airflow/.local/lib/python3.7/site-packages/airflow/example_dags/example_branch_labels.py for tasks to queue
[2022-02-21 01:04:11,565] {logging_mixin.py:109} INFO - [2022-02-21 01:04:11,565] {dagbag.py:500} INFO - Filling up the DagBag from /home/airflow/.local/lib/python3.7/site-packages/airflow/example_dags/example_branch_labels.py
[2022-02-21 01:04:11,596] {processor.py:654} INFO - DAG(s) dict_keys(['example_branch_labels']) retrieved from /home/airflow/.local/lib/python3.7/site-packages/airflow/example_dags/example_branch_labels.py
[2022-02-21 01:04:11,607] {logging_mixin.py:109} INFO - [2022-02-21 01:04:11,607] {dag.py:2396} INFO - Sync 1 DAGs
[2022-02-21 01:04:11,624] {logging_mixin.py:109} INFO - [2022-02-21 01:04:11,624] {dag.py:2935} INFO - Setting next_dagrun for example_branch_labels to 2022-02-20 00:00:00+00:00
[2022-02-21 01:04:11,635] {processor.py:171} INFO - Processing /home/airflow/.local/lib/python3.7/site-packages/airflow/example_dags/example_branch_labels.py took 0.075 seconds
[2022-02-21 01:04:41,965] {processor.py:163} INFO - Started process (PID=961) to work on /home/airflow/.local/lib/python3.7/site-packages/airflow/example_dags/example_branch_labels.py
[2022-02-21 01:04:41,966] {processor.py:642} INFO - Processing file /home/airflow/.local/lib/python3.7/site-packages/airflow/example_dags/example_branch_labels.py for tasks to queue
[2022-02-21 01:04:41,967] {logging_mixin.py:109} INFO - [2022-02-21 01:04:41,967] {dagbag.py:500} INFO - Filling up the DagBag from /home/airflow/.local/lib/python3.7/site-packages/airflow/example_dags/example_branch_labels.py
[2022-02-21 01:04:42,015] {processor.py:654} INFO - DAG(s) dict_keys(['example_branch_labels']) retrieved from /home/airflow/.local/lib/python3.7/site-packages/airflow/example_dags/example_branch_labels.py
[2022-02-21 01:04:42,029] {logging_mixin.py:109} INFO - [2022-02-21 01:04:42,029] {dag.py:2396} INFO - Sync 1 DAGs
[2022-02-21 01:04:42,060] {logging_mixin.py:109} INFO - [2022-02-21 01:04:42,060] {dag.py:2935} INFO - Setting next_dagrun for example_branch_labels to 2022-02-20 00:00:00+00:00
[2022-02-21 01:04:42,074] {processor.py:171} INFO - Processing /home/airflow/.local/lib/python3.7/site-packages/airflow/example_dags/example_branch_labels.py took 0.113 seconds
[2022-02-21 01:05:12,319] {processor.py:163} INFO - Started process (PID=1012) to work on /home/airflow/.local/lib/python3.7/site-packages/airflow/example_dags/example_branch_labels.py
[2022-02-21 01:05:12,320] {processor.py:642} INFO - Processing file /home/airflow/.local/lib/python3.7/site-packages/airflow/example_dags/example_branch_labels.py for tasks to queue
[2022-02-21 01:05:12,321] {logging_mixin.py:109} INFO - [2022-02-21 01:05:12,321] {dagbag.py:500} INFO - Filling up the DagBag from /home/airflow/.local/lib/python3.7/site-packages/airflow/example_dags/example_branch_labels.py
[2022-02-21 01:05:12,352] {processor.py:654} INFO - DAG(s) dict_keys(['example_branch_labels']) retrieved from /home/airflow/.local/lib/python3.7/site-packages/airflow/example_dags/example_branch_labels.py
[2022-02-21 01:05:12,364] {logging_mixin.py:109} INFO - [2022-02-21 01:05:12,364] {dag.py:2396} INFO - Sync 1 DAGs
[2022-02-21 01:05:12,385] {logging_mixin.py:109} INFO - [2022-02-21 01:05:12,385] {dag.py:2935} INFO - Setting next_dagrun for example_branch_labels to 2022-02-20 00:00:00+00:00
[2022-02-21 01:05:12,396] {processor.py:171} INFO - Processing /home/airflow/.local/lib/python3.7/site-packages/airflow/example_dags/example_branch_labels.py took 0.082 seconds
[2022-02-21 01:05:42,635] {processor.py:163} INFO - Started process (PID=1072) to work on /home/airflow/.local/lib/python3.7/site-packages/airflow/example_dags/example_branch_labels.py
[2022-02-21 01:05:42,637] {processor.py:642} INFO - Processing file /home/airflow/.local/lib/python3.7/site-packages/airflow/example_dags/example_branch_labels.py for tasks to queue
[2022-02-21 01:05:42,638] {logging_mixin.py:109} INFO - [2022-02-21 01:05:42,637] {dagbag.py:500} INFO - Filling up the DagBag from /home/airflow/.local/lib/python3.7/site-packages/airflow/example_dags/example_branch_labels.py
[2022-02-21 01:05:42,680] {processor.py:654} INFO - DAG(s) dict_keys(['example_branch_labels']) retrieved from /home/airflow/.local/lib/python3.7/site-packages/airflow/example_dags/example_branch_labels.py
[2022-02-21 01:05:42,695] {logging_mixin.py:109} INFO - [2022-02-21 01:05:42,695] {dag.py:2396} INFO - Sync 1 DAGs
[2022-02-21 01:05:42,723] {logging_mixin.py:109} INFO - [2022-02-21 01:05:42,723] {dag.py:2935} INFO - Setting next_dagrun for example_branch_labels to 2022-02-20 00:00:00+00:00
[2022-02-21 01:05:42,739] {processor.py:171} INFO - Processing /home/airflow/.local/lib/python3.7/site-packages/airflow/example_dags/example_branch_labels.py took 0.108 seconds
[2022-02-21 01:06:13,051] {processor.py:163} INFO - Started process (PID=1122) to work on /home/airflow/.local/lib/python3.7/site-packages/airflow/example_dags/example_branch_labels.py
[2022-02-21 01:06:13,052] {processor.py:642} INFO - Processing file /home/airflow/.local/lib/python3.7/site-packages/airflow/example_dags/example_branch_labels.py for tasks to queue
[2022-02-21 01:06:13,053] {logging_mixin.py:109} INFO - [2022-02-21 01:06:13,053] {dagbag.py:500} INFO - Filling up the DagBag from /home/airflow/.local/lib/python3.7/site-packages/airflow/example_dags/example_branch_labels.py
[2022-02-21 01:06:13,096] {processor.py:654} INFO - DAG(s) dict_keys(['example_branch_labels']) retrieved from /home/airflow/.local/lib/python3.7/site-packages/airflow/example_dags/example_branch_labels.py
[2022-02-21 01:06:13,111] {logging_mixin.py:109} INFO - [2022-02-21 01:06:13,111] {dag.py:2396} INFO - Sync 1 DAGs
[2022-02-21 01:06:13,135] {logging_mixin.py:109} INFO - [2022-02-21 01:06:13,135] {dag.py:2935} INFO - Setting next_dagrun for example_branch_labels to 2022-02-20 00:00:00+00:00
[2022-02-21 01:06:13,149] {processor.py:171} INFO - Processing /home/airflow/.local/lib/python3.7/site-packages/airflow/example_dags/example_branch_labels.py took 0.102 seconds
[2022-02-21 01:06:43,618] {processor.py:163} INFO - Started process (PID=1173) to work on /home/airflow/.local/lib/python3.7/site-packages/airflow/example_dags/example_branch_labels.py
[2022-02-21 01:06:43,620] {processor.py:642} INFO - Processing file /home/airflow/.local/lib/python3.7/site-packages/airflow/example_dags/example_branch_labels.py for tasks to queue
[2022-02-21 01:06:43,621] {logging_mixin.py:109} INFO - [2022-02-21 01:06:43,621] {dagbag.py:500} INFO - Filling up the DagBag from /home/airflow/.local/lib/python3.7/site-packages/airflow/example_dags/example_branch_labels.py
[2022-02-21 01:06:43,663] {processor.py:654} INFO - DAG(s) dict_keys(['example_branch_labels']) retrieved from /home/airflow/.local/lib/python3.7/site-packages/airflow/example_dags/example_branch_labels.py
[2022-02-21 01:06:43,678] {logging_mixin.py:109} INFO - [2022-02-21 01:06:43,678] {dag.py:2396} INFO - Sync 1 DAGs
[2022-02-21 01:06:43,703] {logging_mixin.py:109} INFO - [2022-02-21 01:06:43,703] {dag.py:2935} INFO - Setting next_dagrun for example_branch_labels to 2022-02-20 00:00:00+00:00
[2022-02-21 01:06:43,717] {processor.py:171} INFO - Processing /home/airflow/.local/lib/python3.7/site-packages/airflow/example_dags/example_branch_labels.py took 0.103 seconds
[2022-02-21 01:07:13,784] {processor.py:163} INFO - Started process (PID=1224) to work on /home/airflow/.local/lib/python3.7/site-packages/airflow/example_dags/example_branch_labels.py
[2022-02-21 01:07:13,784] {processor.py:642} INFO - Processing file /home/airflow/.local/lib/python3.7/site-packages/airflow/example_dags/example_branch_labels.py for tasks to queue
[2022-02-21 01:07:13,785] {logging_mixin.py:109} INFO - [2022-02-21 01:07:13,785] {dagbag.py:500} INFO - Filling up the DagBag from /home/airflow/.local/lib/python3.7/site-packages/airflow/example_dags/example_branch_labels.py
[2022-02-21 01:07:13,821] {processor.py:654} INFO - DAG(s) dict_keys(['example_branch_labels']) retrieved from /home/airflow/.local/lib/python3.7/site-packages/airflow/example_dags/example_branch_labels.py
[2022-02-21 01:07:13,832] {logging_mixin.py:109} INFO - [2022-02-21 01:07:13,832] {dag.py:2396} INFO - Sync 1 DAGs
[2022-02-21 01:07:13,855] {logging_mixin.py:109} INFO - [2022-02-21 01:07:13,855] {dag.py:2935} INFO - Setting next_dagrun for example_branch_labels to 2022-02-20 00:00:00+00:00
[2022-02-21 01:07:13,866] {processor.py:171} INFO - Processing /home/airflow/.local/lib/python3.7/site-packages/airflow/example_dags/example_branch_labels.py took 0.086 seconds
[2022-02-21 01:07:44,266] {processor.py:163} INFO - Started process (PID=1274) to work on /home/airflow/.local/lib/python3.7/site-packages/airflow/example_dags/example_branch_labels.py
[2022-02-21 01:07:44,268] {processor.py:642} INFO - Processing file /home/airflow/.local/lib/python3.7/site-packages/airflow/example_dags/example_branch_labels.py for tasks to queue
[2022-02-21 01:07:44,269] {logging_mixin.py:109} INFO - [2022-02-21 01:07:44,269] {dagbag.py:500} INFO - Filling up the DagBag from /home/airflow/.local/lib/python3.7/site-packages/airflow/example_dags/example_branch_labels.py
[2022-02-21 01:07:44,311] {processor.py:654} INFO - DAG(s) dict_keys(['example_branch_labels']) retrieved from /home/airflow/.local/lib/python3.7/site-packages/airflow/example_dags/example_branch_labels.py
[2022-02-21 01:07:44,326] {logging_mixin.py:109} INFO - [2022-02-21 01:07:44,326] {dag.py:2396} INFO - Sync 1 DAGs
[2022-02-21 01:07:44,352] {logging_mixin.py:109} INFO - [2022-02-21 01:07:44,352] {dag.py:2935} INFO - Setting next_dagrun for example_branch_labels to 2022-02-20 00:00:00+00:00
[2022-02-21 01:07:44,366] {processor.py:171} INFO - Processing /home/airflow/.local/lib/python3.7/site-packages/airflow/example_dags/example_branch_labels.py took 0.105 seconds
[2022-02-21 01:08:14,392] {processor.py:163} INFO - Started process (PID=1334) to work on /home/airflow/.local/lib/python3.7/site-packages/airflow/example_dags/example_branch_labels.py
[2022-02-21 01:08:14,393] {processor.py:642} INFO - Processing file /home/airflow/.local/lib/python3.7/site-packages/airflow/example_dags/example_branch_labels.py for tasks to queue
[2022-02-21 01:08:14,394] {logging_mixin.py:109} INFO - [2022-02-21 01:08:14,394] {dagbag.py:500} INFO - Filling up the DagBag from /home/airflow/.local/lib/python3.7/site-packages/airflow/example_dags/example_branch_labels.py
[2022-02-21 01:08:14,435] {processor.py:654} INFO - DAG(s) dict_keys(['example_branch_labels']) retrieved from /home/airflow/.local/lib/python3.7/site-packages/airflow/example_dags/example_branch_labels.py
[2022-02-21 01:08:14,448] {logging_mixin.py:109} INFO - [2022-02-21 01:08:14,448] {dag.py:2396} INFO - Sync 1 DAGs
[2022-02-21 01:08:14,472] {logging_mixin.py:109} INFO - [2022-02-21 01:08:14,471] {dag.py:2935} INFO - Setting next_dagrun for example_branch_labels to 2022-02-20 00:00:00+00:00
[2022-02-21 01:08:14,484] {processor.py:171} INFO - Processing /home/airflow/.local/lib/python3.7/site-packages/airflow/example_dags/example_branch_labels.py took 0.095 seconds
[2022-02-21 01:08:44,531] {processor.py:163} INFO - Started process (PID=1386) to work on /home/airflow/.local/lib/python3.7/site-packages/airflow/example_dags/example_branch_labels.py
[2022-02-21 01:08:44,533] {processor.py:642} INFO - Processing file /home/airflow/.local/lib/python3.7/site-packages/airflow/example_dags/example_branch_labels.py for tasks to queue
[2022-02-21 01:08:44,534] {logging_mixin.py:109} INFO - [2022-02-21 01:08:44,534] {dagbag.py:500} INFO - Filling up the DagBag from /home/airflow/.local/lib/python3.7/site-packages/airflow/example_dags/example_branch_labels.py
[2022-02-21 01:08:44,565] {processor.py:654} INFO - DAG(s) dict_keys(['example_branch_labels']) retrieved from /home/airflow/.local/lib/python3.7/site-packages/airflow/example_dags/example_branch_labels.py
[2022-02-21 01:08:44,576] {logging_mixin.py:109} INFO - [2022-02-21 01:08:44,576] {dag.py:2396} INFO - Sync 1 DAGs
[2022-02-21 01:08:44,595] {logging_mixin.py:109} INFO - [2022-02-21 01:08:44,595] {dag.py:2935} INFO - Setting next_dagrun for example_branch_labels to 2022-02-20 00:00:00+00:00
[2022-02-21 01:08:44,607] {processor.py:171} INFO - Processing /home/airflow/.local/lib/python3.7/site-packages/airflow/example_dags/example_branch_labels.py took 0.080 seconds
[2022-02-21 01:09:15,041] {processor.py:163} INFO - Started process (PID=1436) to work on /home/airflow/.local/lib/python3.7/site-packages/airflow/example_dags/example_branch_labels.py
[2022-02-21 01:09:15,042] {processor.py:642} INFO - Processing file /home/airflow/.local/lib/python3.7/site-packages/airflow/example_dags/example_branch_labels.py for tasks to queue
[2022-02-21 01:09:15,043] {logging_mixin.py:109} INFO - [2022-02-21 01:09:15,043] {dagbag.py:500} INFO - Filling up the DagBag from /home/airflow/.local/lib/python3.7/site-packages/airflow/example_dags/example_branch_labels.py
[2022-02-21 01:09:15,072] {processor.py:654} INFO - DAG(s) dict_keys(['example_branch_labels']) retrieved from /home/airflow/.local/lib/python3.7/site-packages/airflow/example_dags/example_branch_labels.py
[2022-02-21 01:09:15,083] {logging_mixin.py:109} INFO - [2022-02-21 01:09:15,083] {dag.py:2396} INFO - Sync 1 DAGs
[2022-02-21 01:09:15,102] {logging_mixin.py:109} INFO - [2022-02-21 01:09:15,102] {dag.py:2935} INFO - Setting next_dagrun for example_branch_labels to 2022-02-20 00:00:00+00:00
[2022-02-21 01:09:15,113] {processor.py:171} INFO - Processing /home/airflow/.local/lib/python3.7/site-packages/airflow/example_dags/example_branch_labels.py took 0.076 seconds
[2022-02-21 01:09:45,185] {processor.py:163} INFO - Started process (PID=1487) to work on /home/airflow/.local/lib/python3.7/site-packages/airflow/example_dags/example_branch_labels.py
[2022-02-21 01:09:45,187] {processor.py:642} INFO - Processing file /home/airflow/.local/lib/python3.7/site-packages/airflow/example_dags/example_branch_labels.py for tasks to queue
[2022-02-21 01:09:45,188] {logging_mixin.py:109} INFO - [2022-02-21 01:09:45,188] {dagbag.py:500} INFO - Filling up the DagBag from /home/airflow/.local/lib/python3.7/site-packages/airflow/example_dags/example_branch_labels.py
[2022-02-21 01:09:45,236] {processor.py:654} INFO - DAG(s) dict_keys(['example_branch_labels']) retrieved from /home/airflow/.local/lib/python3.7/site-packages/airflow/example_dags/example_branch_labels.py
[2022-02-21 01:09:45,262] {logging_mixin.py:109} INFO - [2022-02-21 01:09:45,262] {dag.py:2396} INFO - Sync 1 DAGs
[2022-02-21 01:09:45,300] {logging_mixin.py:109} INFO - [2022-02-21 01:09:45,300] {dag.py:2935} INFO - Setting next_dagrun for example_branch_labels to 2022-02-20 00:00:00+00:00
[2022-02-21 01:09:45,327] {processor.py:171} INFO - Processing /home/airflow/.local/lib/python3.7/site-packages/airflow/example_dags/example_branch_labels.py took 0.146 seconds
[2022-02-21 01:10:16,164] {processor.py:163} INFO - Started process (PID=1546) to work on /home/airflow/.local/lib/python3.7/site-packages/airflow/example_dags/example_branch_labels.py
[2022-02-21 01:10:16,167] {processor.py:642} INFO - Processing file /home/airflow/.local/lib/python3.7/site-packages/airflow/example_dags/example_branch_labels.py for tasks to queue
[2022-02-21 01:10:16,168] {logging_mixin.py:109} INFO - [2022-02-21 01:10:16,168] {dagbag.py:500} INFO - Filling up the DagBag from /home/airflow/.local/lib/python3.7/site-packages/airflow/example_dags/example_branch_labels.py
[2022-02-21 01:10:16,227] {processor.py:654} INFO - DAG(s) dict_keys(['example_branch_labels']) retrieved from /home/airflow/.local/lib/python3.7/site-packages/airflow/example_dags/example_branch_labels.py
[2022-02-21 01:10:16,248] {logging_mixin.py:109} INFO - [2022-02-21 01:10:16,248] {dag.py:2396} INFO - Sync 1 DAGs
[2022-02-21 01:10:16,285] {logging_mixin.py:109} INFO - [2022-02-21 01:10:16,285] {dag.py:2935} INFO - Setting next_dagrun for example_branch_labels to 2022-02-20 00:00:00+00:00
[2022-02-21 01:10:16,304] {processor.py:171} INFO - Processing /home/airflow/.local/lib/python3.7/site-packages/airflow/example_dags/example_branch_labels.py took 0.146 seconds
[2022-02-21 01:10:46,702] {processor.py:163} INFO - Started process (PID=1595) to work on /home/airflow/.local/lib/python3.7/site-packages/airflow/example_dags/example_branch_labels.py
[2022-02-21 01:10:46,705] {processor.py:642} INFO - Processing file /home/airflow/.local/lib/python3.7/site-packages/airflow/example_dags/example_branch_labels.py for tasks to queue
[2022-02-21 01:10:46,706] {logging_mixin.py:109} INFO - [2022-02-21 01:10:46,706] {dagbag.py:500} INFO - Filling up the DagBag from /home/airflow/.local/lib/python3.7/site-packages/airflow/example_dags/example_branch_labels.py
[2022-02-21 01:10:46,762] {processor.py:654} INFO - DAG(s) dict_keys(['example_branch_labels']) retrieved from /home/airflow/.local/lib/python3.7/site-packages/airflow/example_dags/example_branch_labels.py
[2022-02-21 01:10:46,782] {logging_mixin.py:109} INFO - [2022-02-21 01:10:46,782] {dag.py:2396} INFO - Sync 1 DAGs
[2022-02-21 01:10:46,809] {logging_mixin.py:109} INFO - [2022-02-21 01:10:46,809] {dag.py:2935} INFO - Setting next_dagrun for example_branch_labels to 2022-02-20 00:00:00+00:00
[2022-02-21 01:10:46,823] {processor.py:171} INFO - Processing /home/airflow/.local/lib/python3.7/site-packages/airflow/example_dags/example_branch_labels.py took 0.127 seconds
[2022-02-21 01:11:16,951] {processor.py:163} INFO - Started process (PID=1647) to work on /home/airflow/.local/lib/python3.7/site-packages/airflow/example_dags/example_branch_labels.py
[2022-02-21 01:11:16,952] {processor.py:642} INFO - Processing file /home/airflow/.local/lib/python3.7/site-packages/airflow/example_dags/example_branch_labels.py for tasks to queue
[2022-02-21 01:11:16,953] {logging_mixin.py:109} INFO - [2022-02-21 01:11:16,953] {dagbag.py:500} INFO - Filling up the DagBag from /home/airflow/.local/lib/python3.7/site-packages/airflow/example_dags/example_branch_labels.py
[2022-02-21 01:11:16,989] {processor.py:654} INFO - DAG(s) dict_keys(['example_branch_labels']) retrieved from /home/airflow/.local/lib/python3.7/site-packages/airflow/example_dags/example_branch_labels.py
[2022-02-21 01:11:17,003] {logging_mixin.py:109} INFO - [2022-02-21 01:11:17,003] {dag.py:2396} INFO - Sync 1 DAGs
[2022-02-21 01:11:17,119] {logging_mixin.py:109} INFO - [2022-02-21 01:11:17,119] {dag.py:2935} INFO - Setting next_dagrun for example_branch_labels to 2022-02-20 00:00:00+00:00
[2022-02-21 01:11:17,135] {processor.py:171} INFO - Processing /home/airflow/.local/lib/python3.7/site-packages/airflow/example_dags/example_branch_labels.py took 0.188 seconds
[2022-02-21 01:11:47,752] {processor.py:163} INFO - Started process (PID=1698) to work on /home/airflow/.local/lib/python3.7/site-packages/airflow/example_dags/example_branch_labels.py
[2022-02-21 01:11:47,755] {processor.py:642} INFO - Processing file /home/airflow/.local/lib/python3.7/site-packages/airflow/example_dags/example_branch_labels.py for tasks to queue
[2022-02-21 01:11:47,756] {logging_mixin.py:109} INFO - [2022-02-21 01:11:47,756] {dagbag.py:500} INFO - Filling up the DagBag from /home/airflow/.local/lib/python3.7/site-packages/airflow/example_dags/example_branch_labels.py
[2022-02-21 01:11:47,805] {processor.py:654} INFO - DAG(s) dict_keys(['example_branch_labels']) retrieved from /home/airflow/.local/lib/python3.7/site-packages/airflow/example_dags/example_branch_labels.py
[2022-02-21 01:11:47,822] {logging_mixin.py:109} INFO - [2022-02-21 01:11:47,822] {dag.py:2396} INFO - Sync 1 DAGs
[2022-02-21 01:11:47,960] {logging_mixin.py:109} INFO - [2022-02-21 01:11:47,960] {dag.py:2935} INFO - Setting next_dagrun for example_branch_labels to 2022-02-20 00:00:00+00:00
[2022-02-21 01:11:48,002] {processor.py:171} INFO - Processing /home/airflow/.local/lib/python3.7/site-packages/airflow/example_dags/example_branch_labels.py took 0.260 seconds
[2022-02-21 01:12:18,137] {processor.py:163} INFO - Started process (PID=1750) to work on /home/airflow/.local/lib/python3.7/site-packages/airflow/example_dags/example_branch_labels.py
[2022-02-21 01:12:18,137] {processor.py:642} INFO - Processing file /home/airflow/.local/lib/python3.7/site-packages/airflow/example_dags/example_branch_labels.py for tasks to queue
[2022-02-21 01:12:18,138] {logging_mixin.py:109} INFO - [2022-02-21 01:12:18,138] {dagbag.py:500} INFO - Filling up the DagBag from /home/airflow/.local/lib/python3.7/site-packages/airflow/example_dags/example_branch_labels.py
[2022-02-21 01:12:18,162] {processor.py:654} INFO - DAG(s) dict_keys(['example_branch_labels']) retrieved from /home/airflow/.local/lib/python3.7/site-packages/airflow/example_dags/example_branch_labels.py
[2022-02-21 01:12:18,172] {logging_mixin.py:109} INFO - [2022-02-21 01:12:18,172] {dag.py:2396} INFO - Sync 1 DAGs
[2022-02-21 01:12:18,272] {logging_mixin.py:109} INFO - [2022-02-21 01:12:18,272] {dag.py:2935} INFO - Setting next_dagrun for example_branch_labels to 2022-02-20 00:00:00+00:00
[2022-02-21 01:12:18,281] {processor.py:171} INFO - Processing /home/airflow/.local/lib/python3.7/site-packages/airflow/example_dags/example_branch_labels.py took 0.147 seconds
[2022-02-21 01:12:48,526] {processor.py:163} INFO - Started process (PID=1800) to work on /home/airflow/.local/lib/python3.7/site-packages/airflow/example_dags/example_branch_labels.py
[2022-02-21 01:12:48,527] {processor.py:642} INFO - Processing file /home/airflow/.local/lib/python3.7/site-packages/airflow/example_dags/example_branch_labels.py for tasks to queue
[2022-02-21 01:12:48,528] {logging_mixin.py:109} INFO - [2022-02-21 01:12:48,528] {dagbag.py:500} INFO - Filling up the DagBag from /home/airflow/.local/lib/python3.7/site-packages/airflow/example_dags/example_branch_labels.py
[2022-02-21 01:12:48,567] {processor.py:654} INFO - DAG(s) dict_keys(['example_branch_labels']) retrieved from /home/airflow/.local/lib/python3.7/site-packages/airflow/example_dags/example_branch_labels.py
[2022-02-21 01:12:48,682] {logging_mixin.py:109} INFO - [2022-02-21 01:12:48,682] {dag.py:2396} INFO - Sync 1 DAGs
[2022-02-21 01:12:48,707] {logging_mixin.py:109} INFO - [2022-02-21 01:12:48,707] {dag.py:2935} INFO - Setting next_dagrun for example_branch_labels to 2022-02-20 00:00:00+00:00
[2022-02-21 01:12:48,720] {processor.py:171} INFO - Processing /home/airflow/.local/lib/python3.7/site-packages/airflow/example_dags/example_branch_labels.py took 0.198 seconds
[2022-02-21 01:13:19,175] {processor.py:163} INFO - Started process (PID=1861) to work on /home/airflow/.local/lib/python3.7/site-packages/airflow/example_dags/example_branch_labels.py
[2022-02-21 01:13:19,176] {processor.py:642} INFO - Processing file /home/airflow/.local/lib/python3.7/site-packages/airflow/example_dags/example_branch_labels.py for tasks to queue
[2022-02-21 01:13:19,177] {logging_mixin.py:109} INFO - [2022-02-21 01:13:19,177] {dagbag.py:500} INFO - Filling up the DagBag from /home/airflow/.local/lib/python3.7/site-packages/airflow/example_dags/example_branch_labels.py
[2022-02-21 01:13:19,314] {processor.py:654} INFO - DAG(s) dict_keys(['example_branch_labels']) retrieved from /home/airflow/.local/lib/python3.7/site-packages/airflow/example_dags/example_branch_labels.py
[2022-02-21 01:13:19,326] {logging_mixin.py:109} INFO - [2022-02-21 01:13:19,326] {dag.py:2396} INFO - Sync 1 DAGs
[2022-02-21 01:13:19,347] {logging_mixin.py:109} INFO - [2022-02-21 01:13:19,347] {dag.py:2935} INFO - Setting next_dagrun for example_branch_labels to 2022-02-20 00:00:00+00:00
[2022-02-21 01:13:19,363] {processor.py:171} INFO - Processing /home/airflow/.local/lib/python3.7/site-packages/airflow/example_dags/example_branch_labels.py took 0.192 seconds
[2022-02-21 01:13:49,577] {processor.py:163} INFO - Started process (PID=1912) to work on /home/airflow/.local/lib/python3.7/site-packages/airflow/example_dags/example_branch_labels.py
[2022-02-21 01:13:49,578] {processor.py:642} INFO - Processing file /home/airflow/.local/lib/python3.7/site-packages/airflow/example_dags/example_branch_labels.py for tasks to queue
[2022-02-21 01:13:49,579] {logging_mixin.py:109} INFO - [2022-02-21 01:13:49,579] {dagbag.py:500} INFO - Filling up the DagBag from /home/airflow/.local/lib/python3.7/site-packages/airflow/example_dags/example_branch_labels.py
[2022-02-21 01:13:49,697] {processor.py:654} INFO - DAG(s) dict_keys(['example_branch_labels']) retrieved from /home/airflow/.local/lib/python3.7/site-packages/airflow/example_dags/example_branch_labels.py
[2022-02-21 01:13:49,707] {logging_mixin.py:109} INFO - [2022-02-21 01:13:49,707] {dag.py:2396} INFO - Sync 1 DAGs
[2022-02-21 01:13:49,722] {logging_mixin.py:109} INFO - [2022-02-21 01:13:49,722] {dag.py:2935} INFO - Setting next_dagrun for example_branch_labels to 2022-02-20 00:00:00+00:00
[2022-02-21 01:13:49,735] {processor.py:171} INFO - Processing /home/airflow/.local/lib/python3.7/site-packages/airflow/example_dags/example_branch_labels.py took 0.161 seconds
[2022-02-21 01:14:20,198] {processor.py:163} INFO - Started process (PID=1963) to work on /home/airflow/.local/lib/python3.7/site-packages/airflow/example_dags/example_branch_labels.py
[2022-02-21 01:14:20,200] {processor.py:642} INFO - Processing file /home/airflow/.local/lib/python3.7/site-packages/airflow/example_dags/example_branch_labels.py for tasks to queue
[2022-02-21 01:14:20,200] {logging_mixin.py:109} INFO - [2022-02-21 01:14:20,200] {dagbag.py:500} INFO - Filling up the DagBag from /home/airflow/.local/lib/python3.7/site-packages/airflow/example_dags/example_branch_labels.py
[2022-02-21 01:14:20,303] {processor.py:654} INFO - DAG(s) dict_keys(['example_branch_labels']) retrieved from /home/airflow/.local/lib/python3.7/site-packages/airflow/example_dags/example_branch_labels.py
[2022-02-21 01:14:20,312] {logging_mixin.py:109} INFO - [2022-02-21 01:14:20,312] {dag.py:2396} INFO - Sync 1 DAGs
[2022-02-21 01:14:20,325] {logging_mixin.py:109} INFO - [2022-02-21 01:14:20,325] {dag.py:2935} INFO - Setting next_dagrun for example_branch_labels to 2022-02-20 00:00:00+00:00
[2022-02-21 01:14:20,338] {processor.py:171} INFO - Processing /home/airflow/.local/lib/python3.7/site-packages/airflow/example_dags/example_branch_labels.py took 0.142 seconds
[2022-02-21 01:14:50,375] {processor.py:163} INFO - Started process (PID=2014) to work on /home/airflow/.local/lib/python3.7/site-packages/airflow/example_dags/example_branch_labels.py
[2022-02-21 01:14:50,375] {processor.py:642} INFO - Processing file /home/airflow/.local/lib/python3.7/site-packages/airflow/example_dags/example_branch_labels.py for tasks to queue
[2022-02-21 01:14:50,376] {logging_mixin.py:109} INFO - [2022-02-21 01:14:50,376] {dagbag.py:500} INFO - Filling up the DagBag from /home/airflow/.local/lib/python3.7/site-packages/airflow/example_dags/example_branch_labels.py
[2022-02-21 01:14:50,500] {processor.py:654} INFO - DAG(s) dict_keys(['example_branch_labels']) retrieved from /home/airflow/.local/lib/python3.7/site-packages/airflow/example_dags/example_branch_labels.py
[2022-02-21 01:14:50,510] {logging_mixin.py:109} INFO - [2022-02-21 01:14:50,510] {dag.py:2396} INFO - Sync 1 DAGs
[2022-02-21 01:14:50,526] {logging_mixin.py:109} INFO - [2022-02-21 01:14:50,526] {dag.py:2935} INFO - Setting next_dagrun for example_branch_labels to 2022-02-20 00:00:00+00:00
[2022-02-21 01:14:50,540] {processor.py:171} INFO - Processing /home/airflow/.local/lib/python3.7/site-packages/airflow/example_dags/example_branch_labels.py took 0.168 seconds
[2022-02-21 01:15:20,948] {processor.py:163} INFO - Started process (PID=2064) to work on /home/airflow/.local/lib/python3.7/site-packages/airflow/example_dags/example_branch_labels.py
[2022-02-21 01:15:20,951] {processor.py:642} INFO - Processing file /home/airflow/.local/lib/python3.7/site-packages/airflow/example_dags/example_branch_labels.py for tasks to queue
[2022-02-21 01:15:20,953] {logging_mixin.py:109} INFO - [2022-02-21 01:15:20,952] {dagbag.py:500} INFO - Filling up the DagBag from /home/airflow/.local/lib/python3.7/site-packages/airflow/example_dags/example_branch_labels.py
[2022-02-21 01:15:21,022] {processor.py:654} INFO - DAG(s) dict_keys(['example_branch_labels']) retrieved from /home/airflow/.local/lib/python3.7/site-packages/airflow/example_dags/example_branch_labels.py
[2022-02-21 01:15:21,069] {logging_mixin.py:109} INFO - [2022-02-21 01:15:21,069] {dag.py:2396} INFO - Sync 1 DAGs
[2022-02-21 01:15:21,127] {logging_mixin.py:109} INFO - [2022-02-21 01:15:21,126] {dag.py:2935} INFO - Setting next_dagrun for example_branch_labels to 2022-02-20 00:00:00+00:00
[2022-02-21 01:15:21,150] {processor.py:171} INFO - Processing /home/airflow/.local/lib/python3.7/site-packages/airflow/example_dags/example_branch_labels.py took 0.210 seconds
[2022-02-21 01:15:51,299] {processor.py:163} INFO - Started process (PID=2115) to work on /home/airflow/.local/lib/python3.7/site-packages/airflow/example_dags/example_branch_labels.py
[2022-02-21 01:15:51,301] {processor.py:642} INFO - Processing file /home/airflow/.local/lib/python3.7/site-packages/airflow/example_dags/example_branch_labels.py for tasks to queue
[2022-02-21 01:15:51,303] {logging_mixin.py:109} INFO - [2022-02-21 01:15:51,303] {dagbag.py:500} INFO - Filling up the DagBag from /home/airflow/.local/lib/python3.7/site-packages/airflow/example_dags/example_branch_labels.py
[2022-02-21 01:15:51,365] {processor.py:654} INFO - DAG(s) dict_keys(['example_branch_labels']) retrieved from /home/airflow/.local/lib/python3.7/site-packages/airflow/example_dags/example_branch_labels.py
[2022-02-21 01:15:51,389] {logging_mixin.py:109} INFO - [2022-02-21 01:15:51,389] {dag.py:2396} INFO - Sync 1 DAGs
[2022-02-21 01:15:51,431] {logging_mixin.py:109} INFO - [2022-02-21 01:15:51,430] {dag.py:2935} INFO - Setting next_dagrun for example_branch_labels to 2022-02-20 00:00:00+00:00
[2022-02-21 01:15:51,447] {processor.py:171} INFO - Processing /home/airflow/.local/lib/python3.7/site-packages/airflow/example_dags/example_branch_labels.py took 0.154 seconds
[2022-02-21 01:16:22,479] {processor.py:163} INFO - Started process (PID=2167) to work on /home/airflow/.local/lib/python3.7/site-packages/airflow/example_dags/example_branch_labels.py
[2022-02-21 01:16:22,487] {processor.py:642} INFO - Processing file /home/airflow/.local/lib/python3.7/site-packages/airflow/example_dags/example_branch_labels.py for tasks to queue
[2022-02-21 01:16:22,490] {logging_mixin.py:109} INFO - [2022-02-21 01:16:22,490] {dagbag.py:500} INFO - Filling up the DagBag from /home/airflow/.local/lib/python3.7/site-packages/airflow/example_dags/example_branch_labels.py
[2022-02-21 01:16:22,690] {processor.py:654} INFO - DAG(s) dict_keys(['example_branch_labels']) retrieved from /home/airflow/.local/lib/python3.7/site-packages/airflow/example_dags/example_branch_labels.py
[2022-02-21 01:16:22,802] {logging_mixin.py:109} INFO - [2022-02-21 01:16:22,802] {dag.py:2396} INFO - Sync 1 DAGs
[2022-02-21 01:16:22,913] {logging_mixin.py:109} INFO - [2022-02-21 01:16:22,912] {dag.py:2935} INFO - Setting next_dagrun for example_branch_labels to 2022-02-20 00:00:00+00:00
[2022-02-21 01:16:22,979] {processor.py:171} INFO - Processing /home/airflow/.local/lib/python3.7/site-packages/airflow/example_dags/example_branch_labels.py took 0.548 seconds
[2022-02-21 01:16:53,108] {processor.py:163} INFO - Started process (PID=2218) to work on /home/airflow/.local/lib/python3.7/site-packages/airflow/example_dags/example_branch_labels.py
[2022-02-21 01:16:53,110] {processor.py:642} INFO - Processing file /home/airflow/.local/lib/python3.7/site-packages/airflow/example_dags/example_branch_labels.py for tasks to queue
[2022-02-21 01:16:53,112] {logging_mixin.py:109} INFO - [2022-02-21 01:16:53,111] {dagbag.py:500} INFO - Filling up the DagBag from /home/airflow/.local/lib/python3.7/site-packages/airflow/example_dags/example_branch_labels.py
[2022-02-21 01:16:53,202] {processor.py:654} INFO - DAG(s) dict_keys(['example_branch_labels']) retrieved from /home/airflow/.local/lib/python3.7/site-packages/airflow/example_dags/example_branch_labels.py
[2022-02-21 01:16:53,226] {logging_mixin.py:109} INFO - [2022-02-21 01:16:53,226] {dag.py:2396} INFO - Sync 1 DAGs
[2022-02-21 01:16:53,267] {logging_mixin.py:109} INFO - [2022-02-21 01:16:53,267] {dag.py:2935} INFO - Setting next_dagrun for example_branch_labels to 2022-02-20 00:00:00+00:00
[2022-02-21 01:16:53,297] {processor.py:171} INFO - Processing /home/airflow/.local/lib/python3.7/site-packages/airflow/example_dags/example_branch_labels.py took 0.197 seconds
[2022-02-21 01:17:23,340] {processor.py:163} INFO - Started process (PID=2269) to work on /home/airflow/.local/lib/python3.7/site-packages/airflow/example_dags/example_branch_labels.py
[2022-02-21 01:17:23,341] {processor.py:642} INFO - Processing file /home/airflow/.local/lib/python3.7/site-packages/airflow/example_dags/example_branch_labels.py for tasks to queue
[2022-02-21 01:17:23,342] {logging_mixin.py:109} INFO - [2022-02-21 01:17:23,342] {dagbag.py:500} INFO - Filling up the DagBag from /home/airflow/.local/lib/python3.7/site-packages/airflow/example_dags/example_branch_labels.py
[2022-02-21 01:17:23,373] {processor.py:654} INFO - DAG(s) dict_keys(['example_branch_labels']) retrieved from /home/airflow/.local/lib/python3.7/site-packages/airflow/example_dags/example_branch_labels.py
[2022-02-21 01:17:23,383] {logging_mixin.py:109} INFO - [2022-02-21 01:17:23,383] {dag.py:2396} INFO - Sync 1 DAGs
[2022-02-21 01:17:23,400] {logging_mixin.py:109} INFO - [2022-02-21 01:17:23,400] {dag.py:2935} INFO - Setting next_dagrun for example_branch_labels to 2022-02-20 00:00:00+00:00
[2022-02-21 01:17:23,411] {processor.py:171} INFO - Processing /home/airflow/.local/lib/python3.7/site-packages/airflow/example_dags/example_branch_labels.py took 0.074 seconds
[2022-02-21 01:17:53,502] {processor.py:163} INFO - Started process (PID=2319) to work on /home/airflow/.local/lib/python3.7/site-packages/airflow/example_dags/example_branch_labels.py
[2022-02-21 01:17:53,503] {processor.py:642} INFO - Processing file /home/airflow/.local/lib/python3.7/site-packages/airflow/example_dags/example_branch_labels.py for tasks to queue
[2022-02-21 01:17:53,503] {logging_mixin.py:109} INFO - [2022-02-21 01:17:53,503] {dagbag.py:500} INFO - Filling up the DagBag from /home/airflow/.local/lib/python3.7/site-packages/airflow/example_dags/example_branch_labels.py
[2022-02-21 01:17:53,536] {processor.py:654} INFO - DAG(s) dict_keys(['example_branch_labels']) retrieved from /home/airflow/.local/lib/python3.7/site-packages/airflow/example_dags/example_branch_labels.py
[2022-02-21 01:17:53,549] {logging_mixin.py:109} INFO - [2022-02-21 01:17:53,549] {dag.py:2396} INFO - Sync 1 DAGs
[2022-02-21 01:17:53,571] {logging_mixin.py:109} INFO - [2022-02-21 01:17:53,571] {dag.py:2935} INFO - Setting next_dagrun for example_branch_labels to 2022-02-20 00:00:00+00:00
[2022-02-21 01:17:53,584] {processor.py:171} INFO - Processing /home/airflow/.local/lib/python3.7/site-packages/airflow/example_dags/example_branch_labels.py took 0.086 seconds
[2022-02-21 01:18:24,068] {processor.py:163} INFO - Started process (PID=2379) to work on /home/airflow/.local/lib/python3.7/site-packages/airflow/example_dags/example_branch_labels.py
[2022-02-21 01:18:24,069] {processor.py:642} INFO - Processing file /home/airflow/.local/lib/python3.7/site-packages/airflow/example_dags/example_branch_labels.py for tasks to queue
[2022-02-21 01:18:24,070] {logging_mixin.py:109} INFO - [2022-02-21 01:18:24,070] {dagbag.py:500} INFO - Filling up the DagBag from /home/airflow/.local/lib/python3.7/site-packages/airflow/example_dags/example_branch_labels.py
[2022-02-21 01:18:24,107] {processor.py:654} INFO - DAG(s) dict_keys(['example_branch_labels']) retrieved from /home/airflow/.local/lib/python3.7/site-packages/airflow/example_dags/example_branch_labels.py
[2022-02-21 01:18:24,120] {logging_mixin.py:109} INFO - [2022-02-21 01:18:24,120] {dag.py:2396} INFO - Sync 1 DAGs
[2022-02-21 01:18:24,144] {logging_mixin.py:109} INFO - [2022-02-21 01:18:24,144] {dag.py:2935} INFO - Setting next_dagrun for example_branch_labels to 2022-02-20 00:00:00+00:00
[2022-02-21 01:18:24,158] {processor.py:171} INFO - Processing /home/airflow/.local/lib/python3.7/site-packages/airflow/example_dags/example_branch_labels.py took 0.093 seconds
[2022-02-21 01:18:54,174] {processor.py:163} INFO - Started process (PID=2428) to work on /home/airflow/.local/lib/python3.7/site-packages/airflow/example_dags/example_branch_labels.py
[2022-02-21 01:18:54,176] {processor.py:642} INFO - Processing file /home/airflow/.local/lib/python3.7/site-packages/airflow/example_dags/example_branch_labels.py for tasks to queue
[2022-02-21 01:18:54,177] {logging_mixin.py:109} INFO - [2022-02-21 01:18:54,176] {dagbag.py:500} INFO - Filling up the DagBag from /home/airflow/.local/lib/python3.7/site-packages/airflow/example_dags/example_branch_labels.py
[2022-02-21 01:18:54,203] {processor.py:654} INFO - DAG(s) dict_keys(['example_branch_labels']) retrieved from /home/airflow/.local/lib/python3.7/site-packages/airflow/example_dags/example_branch_labels.py
[2022-02-21 01:18:54,212] {logging_mixin.py:109} INFO - [2022-02-21 01:18:54,211] {dag.py:2396} INFO - Sync 1 DAGs
[2022-02-21 01:18:54,225] {logging_mixin.py:109} INFO - [2022-02-21 01:18:54,225] {dag.py:2935} INFO - Setting next_dagrun for example_branch_labels to 2022-02-20 00:00:00+00:00
[2022-02-21 01:18:54,234] {processor.py:171} INFO - Processing /home/airflow/.local/lib/python3.7/site-packages/airflow/example_dags/example_branch_labels.py took 0.064 seconds
[2022-02-21 01:19:24,287] {processor.py:163} INFO - Started process (PID=2479) to work on /home/airflow/.local/lib/python3.7/site-packages/airflow/example_dags/example_branch_labels.py
[2022-02-21 01:19:24,289] {processor.py:642} INFO - Processing file /home/airflow/.local/lib/python3.7/site-packages/airflow/example_dags/example_branch_labels.py for tasks to queue
[2022-02-21 01:19:24,290] {logging_mixin.py:109} INFO - [2022-02-21 01:19:24,290] {dagbag.py:500} INFO - Filling up the DagBag from /home/airflow/.local/lib/python3.7/site-packages/airflow/example_dags/example_branch_labels.py
[2022-02-21 01:19:24,322] {processor.py:654} INFO - DAG(s) dict_keys(['example_branch_labels']) retrieved from /home/airflow/.local/lib/python3.7/site-packages/airflow/example_dags/example_branch_labels.py
[2022-02-21 01:19:24,334] {logging_mixin.py:109} INFO - [2022-02-21 01:19:24,333] {dag.py:2396} INFO - Sync 1 DAGs
[2022-02-21 01:19:24,353] {logging_mixin.py:109} INFO - [2022-02-21 01:19:24,353] {dag.py:2935} INFO - Setting next_dagrun for example_branch_labels to 2022-02-20 00:00:00+00:00
[2022-02-21 01:19:24,365] {processor.py:171} INFO - Processing /home/airflow/.local/lib/python3.7/site-packages/airflow/example_dags/example_branch_labels.py took 0.082 seconds
[2022-02-21 01:19:54,588] {processor.py:163} INFO - Started process (PID=2539) to work on /home/airflow/.local/lib/python3.7/site-packages/airflow/example_dags/example_branch_labels.py
[2022-02-21 01:19:54,589] {processor.py:642} INFO - Processing file /home/airflow/.local/lib/python3.7/site-packages/airflow/example_dags/example_branch_labels.py for tasks to queue
[2022-02-21 01:19:54,590] {logging_mixin.py:109} INFO - [2022-02-21 01:19:54,590] {dagbag.py:500} INFO - Filling up the DagBag from /home/airflow/.local/lib/python3.7/site-packages/airflow/example_dags/example_branch_labels.py
[2022-02-21 01:19:54,625] {processor.py:654} INFO - DAG(s) dict_keys(['example_branch_labels']) retrieved from /home/airflow/.local/lib/python3.7/site-packages/airflow/example_dags/example_branch_labels.py
[2022-02-21 01:19:54,641] {logging_mixin.py:109} INFO - [2022-02-21 01:19:54,641] {dag.py:2396} INFO - Sync 1 DAGs
[2022-02-21 01:19:54,664] {logging_mixin.py:109} INFO - [2022-02-21 01:19:54,664] {dag.py:2935} INFO - Setting next_dagrun for example_branch_labels to 2022-02-20 00:00:00+00:00
[2022-02-21 01:19:54,677] {processor.py:171} INFO - Processing /home/airflow/.local/lib/python3.7/site-packages/airflow/example_dags/example_branch_labels.py took 0.093 seconds
[2022-02-21 01:20:24,972] {processor.py:163} INFO - Started process (PID=2590) to work on /home/airflow/.local/lib/python3.7/site-packages/airflow/example_dags/example_branch_labels.py
[2022-02-21 01:20:24,980] {processor.py:642} INFO - Processing file /home/airflow/.local/lib/python3.7/site-packages/airflow/example_dags/example_branch_labels.py for tasks to queue
[2022-02-21 01:20:24,982] {logging_mixin.py:109} INFO - [2022-02-21 01:20:24,981] {dagbag.py:500} INFO - Filling up the DagBag from /home/airflow/.local/lib/python3.7/site-packages/airflow/example_dags/example_branch_labels.py
[2022-02-21 01:20:25,157] {processor.py:654} INFO - DAG(s) dict_keys(['example_branch_labels']) retrieved from /home/airflow/.local/lib/python3.7/site-packages/airflow/example_dags/example_branch_labels.py
[2022-02-21 01:20:25,296] {logging_mixin.py:109} INFO - [2022-02-21 01:20:25,295] {dag.py:2396} INFO - Sync 1 DAGs
[2022-02-21 01:20:25,473] {logging_mixin.py:109} INFO - [2022-02-21 01:20:25,473] {dag.py:2935} INFO - Setting next_dagrun for example_branch_labels to 2022-02-20 00:00:00+00:00
[2022-02-21 01:20:25,610] {processor.py:171} INFO - Processing /home/airflow/.local/lib/python3.7/site-packages/airflow/example_dags/example_branch_labels.py took 0.655 seconds
[2022-02-21 01:20:55,808] {processor.py:163} INFO - Started process (PID=2640) to work on /home/airflow/.local/lib/python3.7/site-packages/airflow/example_dags/example_branch_labels.py
[2022-02-21 01:20:55,810] {processor.py:642} INFO - Processing file /home/airflow/.local/lib/python3.7/site-packages/airflow/example_dags/example_branch_labels.py for tasks to queue
[2022-02-21 01:20:55,811] {logging_mixin.py:109} INFO - [2022-02-21 01:20:55,811] {dagbag.py:500} INFO - Filling up the DagBag from /home/airflow/.local/lib/python3.7/site-packages/airflow/example_dags/example_branch_labels.py
[2022-02-21 01:20:55,858] {processor.py:654} INFO - DAG(s) dict_keys(['example_branch_labels']) retrieved from /home/airflow/.local/lib/python3.7/site-packages/airflow/example_dags/example_branch_labels.py
[2022-02-21 01:20:55,874] {logging_mixin.py:109} INFO - [2022-02-21 01:20:55,874] {dag.py:2396} INFO - Sync 1 DAGs
[2022-02-21 01:20:55,902] {logging_mixin.py:109} INFO - [2022-02-21 01:20:55,901] {dag.py:2935} INFO - Setting next_dagrun for example_branch_labels to 2022-02-20 00:00:00+00:00
[2022-02-21 01:20:55,917] {processor.py:171} INFO - Processing /home/airflow/.local/lib/python3.7/site-packages/airflow/example_dags/example_branch_labels.py took 0.114 seconds
[2022-02-21 01:21:26,068] {processor.py:163} INFO - Started process (PID=2690) to work on /home/airflow/.local/lib/python3.7/site-packages/airflow/example_dags/example_branch_labels.py
[2022-02-21 01:21:26,070] {processor.py:642} INFO - Processing file /home/airflow/.local/lib/python3.7/site-packages/airflow/example_dags/example_branch_labels.py for tasks to queue
[2022-02-21 01:21:26,070] {logging_mixin.py:109} INFO - [2022-02-21 01:21:26,070] {dagbag.py:500} INFO - Filling up the DagBag from /home/airflow/.local/lib/python3.7/site-packages/airflow/example_dags/example_branch_labels.py
[2022-02-21 01:21:26,103] {processor.py:654} INFO - DAG(s) dict_keys(['example_branch_labels']) retrieved from /home/airflow/.local/lib/python3.7/site-packages/airflow/example_dags/example_branch_labels.py
[2022-02-21 01:21:26,118] {logging_mixin.py:109} INFO - [2022-02-21 01:21:26,118] {dag.py:2396} INFO - Sync 1 DAGs
[2022-02-21 01:21:26,141] {logging_mixin.py:109} INFO - [2022-02-21 01:21:26,141] {dag.py:2935} INFO - Setting next_dagrun for example_branch_labels to 2022-02-20 00:00:00+00:00
[2022-02-21 01:21:26,154] {processor.py:171} INFO - Processing /home/airflow/.local/lib/python3.7/site-packages/airflow/example_dags/example_branch_labels.py took 0.089 seconds
