[2022-02-21 00:58:47,009] {processor.py:163} INFO - Started process (PID=268) to work on /home/airflow/.local/lib/python3.7/site-packages/airflow/example_dags/example_branch_datetime_operator.py
[2022-02-21 00:58:47,011] {processor.py:642} INFO - Processing file /home/airflow/.local/lib/python3.7/site-packages/airflow/example_dags/example_branch_datetime_operator.py for tasks to queue
[2022-02-21 00:58:47,012] {logging_mixin.py:109} INFO - [2022-02-21 00:58:47,012] {dagbag.py:500} INFO - Filling up the DagBag from /home/airflow/.local/lib/python3.7/site-packages/airflow/example_dags/example_branch_datetime_operator.py
[2022-02-21 00:58:47,063] {processor.py:654} INFO - DAG(s) dict_keys(['example_branch_datetime_operator_2']) retrieved from /home/airflow/.local/lib/python3.7/site-packages/airflow/example_dags/example_branch_datetime_operator.py
[2022-02-21 00:58:49,466] {logging_mixin.py:109} INFO - [2022-02-21 00:58:49,466] {manager.py:496} INFO - Created Permission View: can edit on DAG:example_branch_datetime_operator_2
[2022-02-21 00:58:49,478] {logging_mixin.py:109} INFO - [2022-02-21 00:58:49,478] {manager.py:496} INFO - Created Permission View: can read on DAG:example_branch_datetime_operator_2
[2022-02-21 00:58:49,479] {logging_mixin.py:109} INFO - [2022-02-21 00:58:49,478] {dag.py:2396} INFO - Sync 1 DAGs
[2022-02-21 00:58:49,488] {logging_mixin.py:109} INFO - [2022-02-21 00:58:49,487] {dag.py:2415} INFO - Creating ORM DAG for example_branch_datetime_operator_2
[2022-02-21 00:58:49,498] {logging_mixin.py:109} INFO - [2022-02-21 00:58:49,498] {dag.py:2935} INFO - Setting next_dagrun for example_branch_datetime_operator_2 to 2022-02-20 00:00:00+00:00
[2022-02-21 00:58:49,514] {processor.py:171} INFO - Processing /home/airflow/.local/lib/python3.7/site-packages/airflow/example_dags/example_branch_datetime_operator.py took 2.511 seconds
[2022-02-21 00:59:19,875] {processor.py:163} INFO - Started process (PID=400) to work on /home/airflow/.local/lib/python3.7/site-packages/airflow/example_dags/example_branch_datetime_operator.py
[2022-02-21 00:59:19,876] {processor.py:642} INFO - Processing file /home/airflow/.local/lib/python3.7/site-packages/airflow/example_dags/example_branch_datetime_operator.py for tasks to queue
[2022-02-21 00:59:19,877] {logging_mixin.py:109} INFO - [2022-02-21 00:59:19,877] {dagbag.py:500} INFO - Filling up the DagBag from /home/airflow/.local/lib/python3.7/site-packages/airflow/example_dags/example_branch_datetime_operator.py
[2022-02-21 00:59:19,909] {processor.py:654} INFO - DAG(s) dict_keys(['example_branch_datetime_operator_2']) retrieved from /home/airflow/.local/lib/python3.7/site-packages/airflow/example_dags/example_branch_datetime_operator.py
[2022-02-21 00:59:19,919] {logging_mixin.py:109} INFO - [2022-02-21 00:59:19,919] {dag.py:2396} INFO - Sync 1 DAGs
[2022-02-21 00:59:19,942] {logging_mixin.py:109} INFO - [2022-02-21 00:59:19,942] {dag.py:2935} INFO - Setting next_dagrun for example_branch_datetime_operator_2 to 2022-02-20 00:00:00+00:00
[2022-02-21 00:59:19,953] {processor.py:171} INFO - Processing /home/airflow/.local/lib/python3.7/site-packages/airflow/example_dags/example_branch_datetime_operator.py took 0.081 seconds
[2022-02-21 00:59:50,137] {processor.py:163} INFO - Started process (PID=452) to work on /home/airflow/.local/lib/python3.7/site-packages/airflow/example_dags/example_branch_datetime_operator.py
[2022-02-21 00:59:50,139] {processor.py:642} INFO - Processing file /home/airflow/.local/lib/python3.7/site-packages/airflow/example_dags/example_branch_datetime_operator.py for tasks to queue
[2022-02-21 00:59:50,140] {logging_mixin.py:109} INFO - [2022-02-21 00:59:50,140] {dagbag.py:500} INFO - Filling up the DagBag from /home/airflow/.local/lib/python3.7/site-packages/airflow/example_dags/example_branch_datetime_operator.py
[2022-02-21 00:59:50,166] {processor.py:654} INFO - DAG(s) dict_keys(['example_branch_datetime_operator_2']) retrieved from /home/airflow/.local/lib/python3.7/site-packages/airflow/example_dags/example_branch_datetime_operator.py
[2022-02-21 00:59:50,174] {logging_mixin.py:109} INFO - [2022-02-21 00:59:50,174] {dag.py:2396} INFO - Sync 1 DAGs
[2022-02-21 00:59:50,188] {logging_mixin.py:109} INFO - [2022-02-21 00:59:50,188] {dag.py:2935} INFO - Setting next_dagrun for example_branch_datetime_operator_2 to 2022-02-20 00:00:00+00:00
[2022-02-21 00:59:50,198] {processor.py:171} INFO - Processing /home/airflow/.local/lib/python3.7/site-packages/airflow/example_dags/example_branch_datetime_operator.py took 0.064 seconds
[2022-02-21 01:00:21,031] {processor.py:163} INFO - Started process (PID=503) to work on /home/airflow/.local/lib/python3.7/site-packages/airflow/example_dags/example_branch_datetime_operator.py
[2022-02-21 01:00:21,032] {processor.py:642} INFO - Processing file /home/airflow/.local/lib/python3.7/site-packages/airflow/example_dags/example_branch_datetime_operator.py for tasks to queue
[2022-02-21 01:00:21,033] {logging_mixin.py:109} INFO - [2022-02-21 01:00:21,033] {dagbag.py:500} INFO - Filling up the DagBag from /home/airflow/.local/lib/python3.7/site-packages/airflow/example_dags/example_branch_datetime_operator.py
[2022-02-21 01:00:21,074] {processor.py:654} INFO - DAG(s) dict_keys(['example_branch_datetime_operator_2']) retrieved from /home/airflow/.local/lib/python3.7/site-packages/airflow/example_dags/example_branch_datetime_operator.py
[2022-02-21 01:00:21,087] {logging_mixin.py:109} INFO - [2022-02-21 01:00:21,087] {dag.py:2396} INFO - Sync 1 DAGs
[2022-02-21 01:00:21,108] {logging_mixin.py:109} INFO - [2022-02-21 01:00:21,108] {dag.py:2935} INFO - Setting next_dagrun for example_branch_datetime_operator_2 to 2022-02-20 00:00:00+00:00
[2022-02-21 01:00:21,121] {processor.py:171} INFO - Processing /home/airflow/.local/lib/python3.7/site-packages/airflow/example_dags/example_branch_datetime_operator.py took 0.094 seconds
[2022-02-21 01:00:51,255] {processor.py:163} INFO - Started process (PID=564) to work on /home/airflow/.local/lib/python3.7/site-packages/airflow/example_dags/example_branch_datetime_operator.py
[2022-02-21 01:00:51,257] {processor.py:642} INFO - Processing file /home/airflow/.local/lib/python3.7/site-packages/airflow/example_dags/example_branch_datetime_operator.py for tasks to queue
[2022-02-21 01:00:51,258] {logging_mixin.py:109} INFO - [2022-02-21 01:00:51,258] {dagbag.py:500} INFO - Filling up the DagBag from /home/airflow/.local/lib/python3.7/site-packages/airflow/example_dags/example_branch_datetime_operator.py
[2022-02-21 01:00:51,289] {processor.py:654} INFO - DAG(s) dict_keys(['example_branch_datetime_operator_2']) retrieved from /home/airflow/.local/lib/python3.7/site-packages/airflow/example_dags/example_branch_datetime_operator.py
[2022-02-21 01:00:51,299] {logging_mixin.py:109} INFO - [2022-02-21 01:00:51,298] {dag.py:2396} INFO - Sync 1 DAGs
[2022-02-21 01:00:51,317] {logging_mixin.py:109} INFO - [2022-02-21 01:00:51,317] {dag.py:2935} INFO - Setting next_dagrun for example_branch_datetime_operator_2 to 2022-02-20 00:00:00+00:00
[2022-02-21 01:00:51,328] {processor.py:171} INFO - Processing /home/airflow/.local/lib/python3.7/site-packages/airflow/example_dags/example_branch_datetime_operator.py took 0.077 seconds
[2022-02-21 01:01:21,358] {processor.py:163} INFO - Started process (PID=615) to work on /home/airflow/.local/lib/python3.7/site-packages/airflow/example_dags/example_branch_datetime_operator.py
[2022-02-21 01:01:21,359] {processor.py:642} INFO - Processing file /home/airflow/.local/lib/python3.7/site-packages/airflow/example_dags/example_branch_datetime_operator.py for tasks to queue
[2022-02-21 01:01:21,360] {logging_mixin.py:109} INFO - [2022-02-21 01:01:21,360] {dagbag.py:500} INFO - Filling up the DagBag from /home/airflow/.local/lib/python3.7/site-packages/airflow/example_dags/example_branch_datetime_operator.py
[2022-02-21 01:01:21,398] {processor.py:654} INFO - DAG(s) dict_keys(['example_branch_datetime_operator_2']) retrieved from /home/airflow/.local/lib/python3.7/site-packages/airflow/example_dags/example_branch_datetime_operator.py
[2022-02-21 01:01:21,409] {logging_mixin.py:109} INFO - [2022-02-21 01:01:21,408] {dag.py:2396} INFO - Sync 1 DAGs
[2022-02-21 01:01:21,431] {logging_mixin.py:109} INFO - [2022-02-21 01:01:21,431] {dag.py:2935} INFO - Setting next_dagrun for example_branch_datetime_operator_2 to 2022-02-20 00:00:00+00:00
[2022-02-21 01:01:21,442] {processor.py:171} INFO - Processing /home/airflow/.local/lib/python3.7/site-packages/airflow/example_dags/example_branch_datetime_operator.py took 0.087 seconds
[2022-02-21 01:01:51,538] {processor.py:163} INFO - Started process (PID=666) to work on /home/airflow/.local/lib/python3.7/site-packages/airflow/example_dags/example_branch_datetime_operator.py
[2022-02-21 01:01:51,540] {processor.py:642} INFO - Processing file /home/airflow/.local/lib/python3.7/site-packages/airflow/example_dags/example_branch_datetime_operator.py for tasks to queue
[2022-02-21 01:01:51,540] {logging_mixin.py:109} INFO - [2022-02-21 01:01:51,540] {dagbag.py:500} INFO - Filling up the DagBag from /home/airflow/.local/lib/python3.7/site-packages/airflow/example_dags/example_branch_datetime_operator.py
[2022-02-21 01:01:51,566] {processor.py:654} INFO - DAG(s) dict_keys(['example_branch_datetime_operator_2']) retrieved from /home/airflow/.local/lib/python3.7/site-packages/airflow/example_dags/example_branch_datetime_operator.py
[2022-02-21 01:01:51,575] {logging_mixin.py:109} INFO - [2022-02-21 01:01:51,575] {dag.py:2396} INFO - Sync 1 DAGs
[2022-02-21 01:01:51,589] {logging_mixin.py:109} INFO - [2022-02-21 01:01:51,589] {dag.py:2935} INFO - Setting next_dagrun for example_branch_datetime_operator_2 to 2022-02-20 00:00:00+00:00
[2022-02-21 01:01:51,600] {processor.py:171} INFO - Processing /home/airflow/.local/lib/python3.7/site-packages/airflow/example_dags/example_branch_datetime_operator.py took 0.065 seconds
[2022-02-21 01:02:21,744] {processor.py:163} INFO - Started process (PID=725) to work on /home/airflow/.local/lib/python3.7/site-packages/airflow/example_dags/example_branch_datetime_operator.py
[2022-02-21 01:02:21,746] {processor.py:642} INFO - Processing file /home/airflow/.local/lib/python3.7/site-packages/airflow/example_dags/example_branch_datetime_operator.py for tasks to queue
[2022-02-21 01:02:21,747] {logging_mixin.py:109} INFO - [2022-02-21 01:02:21,747] {dagbag.py:500} INFO - Filling up the DagBag from /home/airflow/.local/lib/python3.7/site-packages/airflow/example_dags/example_branch_datetime_operator.py
[2022-02-21 01:02:21,785] {processor.py:654} INFO - DAG(s) dict_keys(['example_branch_datetime_operator_2']) retrieved from /home/airflow/.local/lib/python3.7/site-packages/airflow/example_dags/example_branch_datetime_operator.py
[2022-02-21 01:02:21,797] {logging_mixin.py:109} INFO - [2022-02-21 01:02:21,797] {dag.py:2396} INFO - Sync 1 DAGs
[2022-02-21 01:02:21,823] {logging_mixin.py:109} INFO - [2022-02-21 01:02:21,823] {dag.py:2935} INFO - Setting next_dagrun for example_branch_datetime_operator_2 to 2022-02-20 00:00:00+00:00
[2022-02-21 01:02:21,840] {processor.py:171} INFO - Processing /home/airflow/.local/lib/python3.7/site-packages/airflow/example_dags/example_branch_datetime_operator.py took 0.100 seconds
[2022-02-21 01:02:52,101] {processor.py:163} INFO - Started process (PID=776) to work on /home/airflow/.local/lib/python3.7/site-packages/airflow/example_dags/example_branch_datetime_operator.py
[2022-02-21 01:02:52,103] {processor.py:642} INFO - Processing file /home/airflow/.local/lib/python3.7/site-packages/airflow/example_dags/example_branch_datetime_operator.py for tasks to queue
[2022-02-21 01:02:52,103] {logging_mixin.py:109} INFO - [2022-02-21 01:02:52,103] {dagbag.py:500} INFO - Filling up the DagBag from /home/airflow/.local/lib/python3.7/site-packages/airflow/example_dags/example_branch_datetime_operator.py
[2022-02-21 01:02:52,129] {processor.py:654} INFO - DAG(s) dict_keys(['example_branch_datetime_operator_2']) retrieved from /home/airflow/.local/lib/python3.7/site-packages/airflow/example_dags/example_branch_datetime_operator.py
[2022-02-21 01:02:52,138] {logging_mixin.py:109} INFO - [2022-02-21 01:02:52,138] {dag.py:2396} INFO - Sync 1 DAGs
[2022-02-21 01:02:52,154] {logging_mixin.py:109} INFO - [2022-02-21 01:02:52,154] {dag.py:2935} INFO - Setting next_dagrun for example_branch_datetime_operator_2 to 2022-02-20 00:00:00+00:00
[2022-02-21 01:02:52,164] {processor.py:171} INFO - Processing /home/airflow/.local/lib/python3.7/site-packages/airflow/example_dags/example_branch_datetime_operator.py took 0.066 seconds
[2022-02-21 01:03:22,390] {processor.py:163} INFO - Started process (PID=827) to work on /home/airflow/.local/lib/python3.7/site-packages/airflow/example_dags/example_branch_datetime_operator.py
[2022-02-21 01:03:22,392] {processor.py:642} INFO - Processing file /home/airflow/.local/lib/python3.7/site-packages/airflow/example_dags/example_branch_datetime_operator.py for tasks to queue
[2022-02-21 01:03:22,393] {logging_mixin.py:109} INFO - [2022-02-21 01:03:22,393] {dagbag.py:500} INFO - Filling up the DagBag from /home/airflow/.local/lib/python3.7/site-packages/airflow/example_dags/example_branch_datetime_operator.py
[2022-02-21 01:03:22,433] {processor.py:654} INFO - DAG(s) dict_keys(['example_branch_datetime_operator_2']) retrieved from /home/airflow/.local/lib/python3.7/site-packages/airflow/example_dags/example_branch_datetime_operator.py
[2022-02-21 01:03:22,446] {logging_mixin.py:109} INFO - [2022-02-21 01:03:22,446] {dag.py:2396} INFO - Sync 1 DAGs
[2022-02-21 01:03:22,471] {logging_mixin.py:109} INFO - [2022-02-21 01:03:22,471] {dag.py:2935} INFO - Setting next_dagrun for example_branch_datetime_operator_2 to 2022-02-20 00:00:00+00:00
[2022-02-21 01:03:22,485] {processor.py:171} INFO - Processing /home/airflow/.local/lib/python3.7/site-packages/airflow/example_dags/example_branch_datetime_operator.py took 0.099 seconds
[2022-02-21 01:03:52,598] {processor.py:163} INFO - Started process (PID=886) to work on /home/airflow/.local/lib/python3.7/site-packages/airflow/example_dags/example_branch_datetime_operator.py
[2022-02-21 01:03:52,599] {processor.py:642} INFO - Processing file /home/airflow/.local/lib/python3.7/site-packages/airflow/example_dags/example_branch_datetime_operator.py for tasks to queue
[2022-02-21 01:03:52,600] {logging_mixin.py:109} INFO - [2022-02-21 01:03:52,600] {dagbag.py:500} INFO - Filling up the DagBag from /home/airflow/.local/lib/python3.7/site-packages/airflow/example_dags/example_branch_datetime_operator.py
[2022-02-21 01:03:52,636] {processor.py:654} INFO - DAG(s) dict_keys(['example_branch_datetime_operator_2']) retrieved from /home/airflow/.local/lib/python3.7/site-packages/airflow/example_dags/example_branch_datetime_operator.py
[2022-02-21 01:03:52,648] {logging_mixin.py:109} INFO - [2022-02-21 01:03:52,648] {dag.py:2396} INFO - Sync 1 DAGs
[2022-02-21 01:03:52,669] {logging_mixin.py:109} INFO - [2022-02-21 01:03:52,669] {dag.py:2935} INFO - Setting next_dagrun for example_branch_datetime_operator_2 to 2022-02-20 00:00:00+00:00
[2022-02-21 01:03:52,682] {processor.py:171} INFO - Processing /home/airflow/.local/lib/python3.7/site-packages/airflow/example_dags/example_branch_datetime_operator.py took 0.089 seconds
[2022-02-21 01:04:23,220] {processor.py:163} INFO - Started process (PID=938) to work on /home/airflow/.local/lib/python3.7/site-packages/airflow/example_dags/example_branch_datetime_operator.py
[2022-02-21 01:04:23,222] {processor.py:642} INFO - Processing file /home/airflow/.local/lib/python3.7/site-packages/airflow/example_dags/example_branch_datetime_operator.py for tasks to queue
[2022-02-21 01:04:23,223] {logging_mixin.py:109} INFO - [2022-02-21 01:04:23,222] {dagbag.py:500} INFO - Filling up the DagBag from /home/airflow/.local/lib/python3.7/site-packages/airflow/example_dags/example_branch_datetime_operator.py
[2022-02-21 01:04:23,271] {processor.py:654} INFO - DAG(s) dict_keys(['example_branch_datetime_operator_2']) retrieved from /home/airflow/.local/lib/python3.7/site-packages/airflow/example_dags/example_branch_datetime_operator.py
[2022-02-21 01:04:23,286] {logging_mixin.py:109} INFO - [2022-02-21 01:04:23,286] {dag.py:2396} INFO - Sync 1 DAGs
[2022-02-21 01:04:23,322] {logging_mixin.py:109} INFO - [2022-02-21 01:04:23,322] {dag.py:2935} INFO - Setting next_dagrun for example_branch_datetime_operator_2 to 2022-02-20 00:00:00+00:00
[2022-02-21 01:04:23,343] {processor.py:171} INFO - Processing /home/airflow/.local/lib/python3.7/site-packages/airflow/example_dags/example_branch_datetime_operator.py took 0.128 seconds
[2022-02-21 01:04:53,384] {processor.py:163} INFO - Started process (PID=988) to work on /home/airflow/.local/lib/python3.7/site-packages/airflow/example_dags/example_branch_datetime_operator.py
[2022-02-21 01:04:53,386] {processor.py:642} INFO - Processing file /home/airflow/.local/lib/python3.7/site-packages/airflow/example_dags/example_branch_datetime_operator.py for tasks to queue
[2022-02-21 01:04:53,386] {logging_mixin.py:109} INFO - [2022-02-21 01:04:53,386] {dagbag.py:500} INFO - Filling up the DagBag from /home/airflow/.local/lib/python3.7/site-packages/airflow/example_dags/example_branch_datetime_operator.py
[2022-02-21 01:04:53,418] {processor.py:654} INFO - DAG(s) dict_keys(['example_branch_datetime_operator_2']) retrieved from /home/airflow/.local/lib/python3.7/site-packages/airflow/example_dags/example_branch_datetime_operator.py
[2022-02-21 01:04:53,428] {logging_mixin.py:109} INFO - [2022-02-21 01:04:53,428] {dag.py:2396} INFO - Sync 1 DAGs
[2022-02-21 01:04:53,445] {logging_mixin.py:109} INFO - [2022-02-21 01:04:53,445] {dag.py:2935} INFO - Setting next_dagrun for example_branch_datetime_operator_2 to 2022-02-20 00:00:00+00:00
[2022-02-21 01:04:53,458] {processor.py:171} INFO - Processing /home/airflow/.local/lib/python3.7/site-packages/airflow/example_dags/example_branch_datetime_operator.py took 0.078 seconds
[2022-02-21 01:05:23,993] {processor.py:163} INFO - Started process (PID=1040) to work on /home/airflow/.local/lib/python3.7/site-packages/airflow/example_dags/example_branch_datetime_operator.py
[2022-02-21 01:05:23,994] {processor.py:642} INFO - Processing file /home/airflow/.local/lib/python3.7/site-packages/airflow/example_dags/example_branch_datetime_operator.py for tasks to queue
[2022-02-21 01:05:23,994] {logging_mixin.py:109} INFO - [2022-02-21 01:05:23,994] {dagbag.py:500} INFO - Filling up the DagBag from /home/airflow/.local/lib/python3.7/site-packages/airflow/example_dags/example_branch_datetime_operator.py
[2022-02-21 01:05:24,037] {processor.py:654} INFO - DAG(s) dict_keys(['example_branch_datetime_operator_2']) retrieved from /home/airflow/.local/lib/python3.7/site-packages/airflow/example_dags/example_branch_datetime_operator.py
[2022-02-21 01:05:24,051] {logging_mixin.py:109} INFO - [2022-02-21 01:05:24,051] {dag.py:2396} INFO - Sync 1 DAGs
[2022-02-21 01:05:24,075] {logging_mixin.py:109} INFO - [2022-02-21 01:05:24,075] {dag.py:2935} INFO - Setting next_dagrun for example_branch_datetime_operator_2 to 2022-02-20 00:00:00+00:00
[2022-02-21 01:05:24,088] {processor.py:171} INFO - Processing /home/airflow/.local/lib/python3.7/site-packages/airflow/example_dags/example_branch_datetime_operator.py took 0.099 seconds
[2022-02-21 01:05:54,809] {processor.py:163} INFO - Started process (PID=1090) to work on /home/airflow/.local/lib/python3.7/site-packages/airflow/example_dags/example_branch_datetime_operator.py
[2022-02-21 01:05:54,813] {processor.py:642} INFO - Processing file /home/airflow/.local/lib/python3.7/site-packages/airflow/example_dags/example_branch_datetime_operator.py for tasks to queue
[2022-02-21 01:05:54,815] {logging_mixin.py:109} INFO - [2022-02-21 01:05:54,815] {dagbag.py:500} INFO - Filling up the DagBag from /home/airflow/.local/lib/python3.7/site-packages/airflow/example_dags/example_branch_datetime_operator.py
[2022-02-21 01:05:54,893] {processor.py:654} INFO - DAG(s) dict_keys(['example_branch_datetime_operator_2']) retrieved from /home/airflow/.local/lib/python3.7/site-packages/airflow/example_dags/example_branch_datetime_operator.py
[2022-02-21 01:05:54,915] {logging_mixin.py:109} INFO - [2022-02-21 01:05:54,914] {dag.py:2396} INFO - Sync 1 DAGs
[2022-02-21 01:05:54,958] {logging_mixin.py:109} INFO - [2022-02-21 01:05:54,958] {dag.py:2935} INFO - Setting next_dagrun for example_branch_datetime_operator_2 to 2022-02-20 00:00:00+00:00
[2022-02-21 01:05:54,981] {processor.py:171} INFO - Processing /home/airflow/.local/lib/python3.7/site-packages/airflow/example_dags/example_branch_datetime_operator.py took 0.182 seconds
[2022-02-21 01:06:25,032] {processor.py:163} INFO - Started process (PID=1149) to work on /home/airflow/.local/lib/python3.7/site-packages/airflow/example_dags/example_branch_datetime_operator.py
[2022-02-21 01:06:25,033] {processor.py:642} INFO - Processing file /home/airflow/.local/lib/python3.7/site-packages/airflow/example_dags/example_branch_datetime_operator.py for tasks to queue
[2022-02-21 01:06:25,034] {logging_mixin.py:109} INFO - [2022-02-21 01:06:25,034] {dagbag.py:500} INFO - Filling up the DagBag from /home/airflow/.local/lib/python3.7/site-packages/airflow/example_dags/example_branch_datetime_operator.py
[2022-02-21 01:06:25,090] {processor.py:654} INFO - DAG(s) dict_keys(['example_branch_datetime_operator_2']) retrieved from /home/airflow/.local/lib/python3.7/site-packages/airflow/example_dags/example_branch_datetime_operator.py
[2022-02-21 01:06:25,109] {logging_mixin.py:109} INFO - [2022-02-21 01:06:25,109] {dag.py:2396} INFO - Sync 1 DAGs
[2022-02-21 01:06:25,142] {logging_mixin.py:109} INFO - [2022-02-21 01:06:25,142] {dag.py:2935} INFO - Setting next_dagrun for example_branch_datetime_operator_2 to 2022-02-20 00:00:00+00:00
[2022-02-21 01:06:25,172] {processor.py:171} INFO - Processing /home/airflow/.local/lib/python3.7/site-packages/airflow/example_dags/example_branch_datetime_operator.py took 0.146 seconds
[2022-02-21 01:06:55,533] {processor.py:163} INFO - Started process (PID=1198) to work on /home/airflow/.local/lib/python3.7/site-packages/airflow/example_dags/example_branch_datetime_operator.py
[2022-02-21 01:06:55,535] {processor.py:642} INFO - Processing file /home/airflow/.local/lib/python3.7/site-packages/airflow/example_dags/example_branch_datetime_operator.py for tasks to queue
[2022-02-21 01:06:55,536] {logging_mixin.py:109} INFO - [2022-02-21 01:06:55,536] {dagbag.py:500} INFO - Filling up the DagBag from /home/airflow/.local/lib/python3.7/site-packages/airflow/example_dags/example_branch_datetime_operator.py
[2022-02-21 01:06:55,574] {processor.py:654} INFO - DAG(s) dict_keys(['example_branch_datetime_operator_2']) retrieved from /home/airflow/.local/lib/python3.7/site-packages/airflow/example_dags/example_branch_datetime_operator.py
[2022-02-21 01:06:55,587] {logging_mixin.py:109} INFO - [2022-02-21 01:06:55,586] {dag.py:2396} INFO - Sync 1 DAGs
[2022-02-21 01:06:55,614] {logging_mixin.py:109} INFO - [2022-02-21 01:06:55,614] {dag.py:2935} INFO - Setting next_dagrun for example_branch_datetime_operator_2 to 2022-02-20 00:00:00+00:00
[2022-02-21 01:06:55,627] {processor.py:171} INFO - Processing /home/airflow/.local/lib/python3.7/site-packages/airflow/example_dags/example_branch_datetime_operator.py took 0.098 seconds
[2022-02-21 01:07:25,998] {processor.py:163} INFO - Started process (PID=1249) to work on /home/airflow/.local/lib/python3.7/site-packages/airflow/example_dags/example_branch_datetime_operator.py
[2022-02-21 01:07:26,001] {processor.py:642} INFO - Processing file /home/airflow/.local/lib/python3.7/site-packages/airflow/example_dags/example_branch_datetime_operator.py for tasks to queue
[2022-02-21 01:07:26,002] {logging_mixin.py:109} INFO - [2022-02-21 01:07:26,002] {dagbag.py:500} INFO - Filling up the DagBag from /home/airflow/.local/lib/python3.7/site-packages/airflow/example_dags/example_branch_datetime_operator.py
[2022-02-21 01:07:26,059] {processor.py:654} INFO - DAG(s) dict_keys(['example_branch_datetime_operator_2']) retrieved from /home/airflow/.local/lib/python3.7/site-packages/airflow/example_dags/example_branch_datetime_operator.py
[2022-02-21 01:07:26,079] {logging_mixin.py:109} INFO - [2022-02-21 01:07:26,079] {dag.py:2396} INFO - Sync 1 DAGs
[2022-02-21 01:07:26,116] {logging_mixin.py:109} INFO - [2022-02-21 01:07:26,116] {dag.py:2935} INFO - Setting next_dagrun for example_branch_datetime_operator_2 to 2022-02-20 00:00:00+00:00
[2022-02-21 01:07:26,139] {processor.py:171} INFO - Processing /home/airflow/.local/lib/python3.7/site-packages/airflow/example_dags/example_branch_datetime_operator.py took 0.147 seconds
[2022-02-21 01:07:56,380] {processor.py:163} INFO - Started process (PID=1300) to work on /home/airflow/.local/lib/python3.7/site-packages/airflow/example_dags/example_branch_datetime_operator.py
[2022-02-21 01:07:56,382] {processor.py:642} INFO - Processing file /home/airflow/.local/lib/python3.7/site-packages/airflow/example_dags/example_branch_datetime_operator.py for tasks to queue
[2022-02-21 01:07:56,383] {logging_mixin.py:109} INFO - [2022-02-21 01:07:56,383] {dagbag.py:500} INFO - Filling up the DagBag from /home/airflow/.local/lib/python3.7/site-packages/airflow/example_dags/example_branch_datetime_operator.py
[2022-02-21 01:07:56,424] {processor.py:654} INFO - DAG(s) dict_keys(['example_branch_datetime_operator_2']) retrieved from /home/airflow/.local/lib/python3.7/site-packages/airflow/example_dags/example_branch_datetime_operator.py
[2022-02-21 01:07:56,437] {logging_mixin.py:109} INFO - [2022-02-21 01:07:56,437] {dag.py:2396} INFO - Sync 1 DAGs
[2022-02-21 01:07:56,459] {logging_mixin.py:109} INFO - [2022-02-21 01:07:56,459] {dag.py:2935} INFO - Setting next_dagrun for example_branch_datetime_operator_2 to 2022-02-20 00:00:00+00:00
[2022-02-21 01:07:56,473] {processor.py:171} INFO - Processing /home/airflow/.local/lib/python3.7/site-packages/airflow/example_dags/example_branch_datetime_operator.py took 0.097 seconds
[2022-02-21 01:08:26,531] {processor.py:163} INFO - Started process (PID=1358) to work on /home/airflow/.local/lib/python3.7/site-packages/airflow/example_dags/example_branch_datetime_operator.py
[2022-02-21 01:08:26,532] {processor.py:642} INFO - Processing file /home/airflow/.local/lib/python3.7/site-packages/airflow/example_dags/example_branch_datetime_operator.py for tasks to queue
[2022-02-21 01:08:26,533] {logging_mixin.py:109} INFO - [2022-02-21 01:08:26,533] {dagbag.py:500} INFO - Filling up the DagBag from /home/airflow/.local/lib/python3.7/site-packages/airflow/example_dags/example_branch_datetime_operator.py
[2022-02-21 01:08:26,565] {processor.py:654} INFO - DAG(s) dict_keys(['example_branch_datetime_operator_2']) retrieved from /home/airflow/.local/lib/python3.7/site-packages/airflow/example_dags/example_branch_datetime_operator.py
[2022-02-21 01:08:26,576] {logging_mixin.py:109} INFO - [2022-02-21 01:08:26,576] {dag.py:2396} INFO - Sync 1 DAGs
[2022-02-21 01:08:26,596] {logging_mixin.py:109} INFO - [2022-02-21 01:08:26,596] {dag.py:2935} INFO - Setting next_dagrun for example_branch_datetime_operator_2 to 2022-02-20 00:00:00+00:00
[2022-02-21 01:08:26,607] {processor.py:171} INFO - Processing /home/airflow/.local/lib/python3.7/site-packages/airflow/example_dags/example_branch_datetime_operator.py took 0.081 seconds
[2022-02-21 01:08:56,785] {processor.py:163} INFO - Started process (PID=1410) to work on /home/airflow/.local/lib/python3.7/site-packages/airflow/example_dags/example_branch_datetime_operator.py
[2022-02-21 01:08:56,787] {processor.py:642} INFO - Processing file /home/airflow/.local/lib/python3.7/site-packages/airflow/example_dags/example_branch_datetime_operator.py for tasks to queue
[2022-02-21 01:08:56,787] {logging_mixin.py:109} INFO - [2022-02-21 01:08:56,787] {dagbag.py:500} INFO - Filling up the DagBag from /home/airflow/.local/lib/python3.7/site-packages/airflow/example_dags/example_branch_datetime_operator.py
[2022-02-21 01:08:56,830] {processor.py:654} INFO - DAG(s) dict_keys(['example_branch_datetime_operator_2']) retrieved from /home/airflow/.local/lib/python3.7/site-packages/airflow/example_dags/example_branch_datetime_operator.py
[2022-02-21 01:08:56,843] {logging_mixin.py:109} INFO - [2022-02-21 01:08:56,843] {dag.py:2396} INFO - Sync 1 DAGs
[2022-02-21 01:08:56,865] {logging_mixin.py:109} INFO - [2022-02-21 01:08:56,865] {dag.py:2935} INFO - Setting next_dagrun for example_branch_datetime_operator_2 to 2022-02-20 00:00:00+00:00
[2022-02-21 01:08:56,880] {processor.py:171} INFO - Processing /home/airflow/.local/lib/python3.7/site-packages/airflow/example_dags/example_branch_datetime_operator.py took 0.099 seconds
[2022-02-21 01:09:27,302] {processor.py:163} INFO - Started process (PID=1461) to work on /home/airflow/.local/lib/python3.7/site-packages/airflow/example_dags/example_branch_datetime_operator.py
[2022-02-21 01:09:27,303] {processor.py:642} INFO - Processing file /home/airflow/.local/lib/python3.7/site-packages/airflow/example_dags/example_branch_datetime_operator.py for tasks to queue
[2022-02-21 01:09:27,303] {logging_mixin.py:109} INFO - [2022-02-21 01:09:27,303] {dagbag.py:500} INFO - Filling up the DagBag from /home/airflow/.local/lib/python3.7/site-packages/airflow/example_dags/example_branch_datetime_operator.py
[2022-02-21 01:09:27,332] {processor.py:654} INFO - DAG(s) dict_keys(['example_branch_datetime_operator_2']) retrieved from /home/airflow/.local/lib/python3.7/site-packages/airflow/example_dags/example_branch_datetime_operator.py
[2022-02-21 01:09:27,341] {logging_mixin.py:109} INFO - [2022-02-21 01:09:27,341] {dag.py:2396} INFO - Sync 1 DAGs
[2022-02-21 01:09:27,357] {logging_mixin.py:109} INFO - [2022-02-21 01:09:27,357] {dag.py:2935} INFO - Setting next_dagrun for example_branch_datetime_operator_2 to 2022-02-20 00:00:00+00:00
[2022-02-21 01:09:27,368] {processor.py:171} INFO - Processing /home/airflow/.local/lib/python3.7/site-packages/airflow/example_dags/example_branch_datetime_operator.py took 0.069 seconds
[2022-02-21 01:09:57,570] {processor.py:163} INFO - Started process (PID=1512) to work on /home/airflow/.local/lib/python3.7/site-packages/airflow/example_dags/example_branch_datetime_operator.py
[2022-02-21 01:09:57,578] {processor.py:642} INFO - Processing file /home/airflow/.local/lib/python3.7/site-packages/airflow/example_dags/example_branch_datetime_operator.py for tasks to queue
[2022-02-21 01:09:57,580] {logging_mixin.py:109} INFO - [2022-02-21 01:09:57,580] {dagbag.py:500} INFO - Filling up the DagBag from /home/airflow/.local/lib/python3.7/site-packages/airflow/example_dags/example_branch_datetime_operator.py
[2022-02-21 01:09:57,689] {processor.py:654} INFO - DAG(s) dict_keys(['example_branch_datetime_operator_2']) retrieved from /home/airflow/.local/lib/python3.7/site-packages/airflow/example_dags/example_branch_datetime_operator.py
[2022-02-21 01:09:57,727] {logging_mixin.py:109} INFO - [2022-02-21 01:09:57,727] {dag.py:2396} INFO - Sync 1 DAGs
[2022-02-21 01:09:57,799] {logging_mixin.py:109} INFO - [2022-02-21 01:09:57,799] {dag.py:2935} INFO - Setting next_dagrun for example_branch_datetime_operator_2 to 2022-02-20 00:00:00+00:00
[2022-02-21 01:09:58,001] {processor.py:171} INFO - Processing /home/airflow/.local/lib/python3.7/site-packages/airflow/example_dags/example_branch_datetime_operator.py took 0.443 seconds
[2022-02-21 01:10:28,842] {processor.py:163} INFO - Started process (PID=1563) to work on /home/airflow/.local/lib/python3.7/site-packages/airflow/example_dags/example_branch_datetime_operator.py
[2022-02-21 01:10:28,847] {processor.py:642} INFO - Processing file /home/airflow/.local/lib/python3.7/site-packages/airflow/example_dags/example_branch_datetime_operator.py for tasks to queue
[2022-02-21 01:10:28,849] {logging_mixin.py:109} INFO - [2022-02-21 01:10:28,849] {dagbag.py:500} INFO - Filling up the DagBag from /home/airflow/.local/lib/python3.7/site-packages/airflow/example_dags/example_branch_datetime_operator.py
[2022-02-21 01:10:28,925] {processor.py:654} INFO - DAG(s) dict_keys(['example_branch_datetime_operator_2']) retrieved from /home/airflow/.local/lib/python3.7/site-packages/airflow/example_dags/example_branch_datetime_operator.py
[2022-02-21 01:10:28,952] {logging_mixin.py:109} INFO - [2022-02-21 01:10:28,951] {dag.py:2396} INFO - Sync 1 DAGs
[2022-02-21 01:10:29,003] {logging_mixin.py:109} INFO - [2022-02-21 01:10:29,003] {dag.py:2935} INFO - Setting next_dagrun for example_branch_datetime_operator_2 to 2022-02-20 00:00:00+00:00
[2022-02-21 01:10:29,229] {processor.py:171} INFO - Processing /home/airflow/.local/lib/python3.7/site-packages/airflow/example_dags/example_branch_datetime_operator.py took 0.396 seconds
[2022-02-21 01:10:59,990] {processor.py:163} INFO - Started process (PID=1613) to work on /home/airflow/.local/lib/python3.7/site-packages/airflow/example_dags/example_branch_datetime_operator.py
[2022-02-21 01:10:59,991] {processor.py:642} INFO - Processing file /home/airflow/.local/lib/python3.7/site-packages/airflow/example_dags/example_branch_datetime_operator.py for tasks to queue
[2022-02-21 01:10:59,992] {logging_mixin.py:109} INFO - [2022-02-21 01:10:59,992] {dagbag.py:500} INFO - Filling up the DagBag from /home/airflow/.local/lib/python3.7/site-packages/airflow/example_dags/example_branch_datetime_operator.py
[2022-02-21 01:11:00,028] {processor.py:654} INFO - DAG(s) dict_keys(['example_branch_datetime_operator_2']) retrieved from /home/airflow/.local/lib/python3.7/site-packages/airflow/example_dags/example_branch_datetime_operator.py
[2022-02-21 01:11:00,045] {logging_mixin.py:109} INFO - [2022-02-21 01:11:00,045] {dag.py:2396} INFO - Sync 1 DAGs
[2022-02-21 01:11:00,213] {logging_mixin.py:109} INFO - [2022-02-21 01:11:00,213] {dag.py:2935} INFO - Setting next_dagrun for example_branch_datetime_operator_2 to 2022-02-20 00:00:00+00:00
[2022-02-21 01:11:00,225] {processor.py:171} INFO - Processing /home/airflow/.local/lib/python3.7/site-packages/airflow/example_dags/example_branch_datetime_operator.py took 0.240 seconds
[2022-02-21 01:11:30,519] {processor.py:163} INFO - Started process (PID=1672) to work on /home/airflow/.local/lib/python3.7/site-packages/airflow/example_dags/example_branch_datetime_operator.py
[2022-02-21 01:11:30,520] {processor.py:642} INFO - Processing file /home/airflow/.local/lib/python3.7/site-packages/airflow/example_dags/example_branch_datetime_operator.py for tasks to queue
[2022-02-21 01:11:30,521] {logging_mixin.py:109} INFO - [2022-02-21 01:11:30,521] {dagbag.py:500} INFO - Filling up the DagBag from /home/airflow/.local/lib/python3.7/site-packages/airflow/example_dags/example_branch_datetime_operator.py
[2022-02-21 01:11:30,555] {processor.py:654} INFO - DAG(s) dict_keys(['example_branch_datetime_operator_2']) retrieved from /home/airflow/.local/lib/python3.7/site-packages/airflow/example_dags/example_branch_datetime_operator.py
[2022-02-21 01:11:30,567] {logging_mixin.py:109} INFO - [2022-02-21 01:11:30,567] {dag.py:2396} INFO - Sync 1 DAGs
[2022-02-21 01:11:30,693] {logging_mixin.py:109} INFO - [2022-02-21 01:11:30,693] {dag.py:2935} INFO - Setting next_dagrun for example_branch_datetime_operator_2 to 2022-02-20 00:00:00+00:00
[2022-02-21 01:11:30,728] {processor.py:171} INFO - Processing /home/airflow/.local/lib/python3.7/site-packages/airflow/example_dags/example_branch_datetime_operator.py took 0.212 seconds
[2022-02-21 01:12:00,981] {processor.py:163} INFO - Started process (PID=1723) to work on /home/airflow/.local/lib/python3.7/site-packages/airflow/example_dags/example_branch_datetime_operator.py
[2022-02-21 01:12:00,982] {processor.py:642} INFO - Processing file /home/airflow/.local/lib/python3.7/site-packages/airflow/example_dags/example_branch_datetime_operator.py for tasks to queue
[2022-02-21 01:12:00,982] {logging_mixin.py:109} INFO - [2022-02-21 01:12:00,982] {dagbag.py:500} INFO - Filling up the DagBag from /home/airflow/.local/lib/python3.7/site-packages/airflow/example_dags/example_branch_datetime_operator.py
[2022-02-21 01:12:01,015] {processor.py:654} INFO - DAG(s) dict_keys(['example_branch_datetime_operator_2']) retrieved from /home/airflow/.local/lib/python3.7/site-packages/airflow/example_dags/example_branch_datetime_operator.py
[2022-02-21 01:12:01,026] {logging_mixin.py:109} INFO - [2022-02-21 01:12:01,025] {dag.py:2396} INFO - Sync 1 DAGs
[2022-02-21 01:12:01,138] {logging_mixin.py:109} INFO - [2022-02-21 01:12:01,138] {dag.py:2935} INFO - Setting next_dagrun for example_branch_datetime_operator_2 to 2022-02-20 00:00:00+00:00
[2022-02-21 01:12:01,157] {processor.py:171} INFO - Processing /home/airflow/.local/lib/python3.7/site-packages/airflow/example_dags/example_branch_datetime_operator.py took 0.180 seconds
[2022-02-21 01:12:31,314] {processor.py:163} INFO - Started process (PID=1774) to work on /home/airflow/.local/lib/python3.7/site-packages/airflow/example_dags/example_branch_datetime_operator.py
[2022-02-21 01:12:31,315] {processor.py:642} INFO - Processing file /home/airflow/.local/lib/python3.7/site-packages/airflow/example_dags/example_branch_datetime_operator.py for tasks to queue
[2022-02-21 01:12:31,315] {logging_mixin.py:109} INFO - [2022-02-21 01:12:31,315] {dagbag.py:500} INFO - Filling up the DagBag from /home/airflow/.local/lib/python3.7/site-packages/airflow/example_dags/example_branch_datetime_operator.py
[2022-02-21 01:12:31,339] {processor.py:654} INFO - DAG(s) dict_keys(['example_branch_datetime_operator_2']) retrieved from /home/airflow/.local/lib/python3.7/site-packages/airflow/example_dags/example_branch_datetime_operator.py
[2022-02-21 01:12:31,424] {logging_mixin.py:109} INFO - [2022-02-21 01:12:31,424] {dag.py:2396} INFO - Sync 1 DAGs
[2022-02-21 01:12:31,439] {logging_mixin.py:109} INFO - [2022-02-21 01:12:31,438] {dag.py:2935} INFO - Setting next_dagrun for example_branch_datetime_operator_2 to 2022-02-20 00:00:00+00:00
[2022-02-21 01:12:31,448] {processor.py:171} INFO - Processing /home/airflow/.local/lib/python3.7/site-packages/airflow/example_dags/example_branch_datetime_operator.py took 0.136 seconds
[2022-02-21 01:13:02,129] {processor.py:163} INFO - Started process (PID=1826) to work on /home/airflow/.local/lib/python3.7/site-packages/airflow/example_dags/example_branch_datetime_operator.py
[2022-02-21 01:13:02,130] {processor.py:642} INFO - Processing file /home/airflow/.local/lib/python3.7/site-packages/airflow/example_dags/example_branch_datetime_operator.py for tasks to queue
[2022-02-21 01:13:02,131] {logging_mixin.py:109} INFO - [2022-02-21 01:13:02,131] {dagbag.py:500} INFO - Filling up the DagBag from /home/airflow/.local/lib/python3.7/site-packages/airflow/example_dags/example_branch_datetime_operator.py
[2022-02-21 01:13:02,256] {processor.py:654} INFO - DAG(s) dict_keys(['example_branch_datetime_operator_2']) retrieved from /home/airflow/.local/lib/python3.7/site-packages/airflow/example_dags/example_branch_datetime_operator.py
[2022-02-21 01:13:02,265] {logging_mixin.py:109} INFO - [2022-02-21 01:13:02,265] {dag.py:2396} INFO - Sync 1 DAGs
[2022-02-21 01:13:02,282] {logging_mixin.py:109} INFO - [2022-02-21 01:13:02,282] {dag.py:2935} INFO - Setting next_dagrun for example_branch_datetime_operator_2 to 2022-02-20 00:00:00+00:00
[2022-02-21 01:13:02,298] {processor.py:171} INFO - Processing /home/airflow/.local/lib/python3.7/site-packages/airflow/example_dags/example_branch_datetime_operator.py took 0.171 seconds
[2022-02-21 01:13:32,949] {processor.py:163} INFO - Started process (PID=1887) to work on /home/airflow/.local/lib/python3.7/site-packages/airflow/example_dags/example_branch_datetime_operator.py
[2022-02-21 01:13:32,951] {processor.py:642} INFO - Processing file /home/airflow/.local/lib/python3.7/site-packages/airflow/example_dags/example_branch_datetime_operator.py for tasks to queue
[2022-02-21 01:13:32,952] {logging_mixin.py:109} INFO - [2022-02-21 01:13:32,952] {dagbag.py:500} INFO - Filling up the DagBag from /home/airflow/.local/lib/python3.7/site-packages/airflow/example_dags/example_branch_datetime_operator.py
[2022-02-21 01:13:33,088] {processor.py:654} INFO - DAG(s) dict_keys(['example_branch_datetime_operator_2']) retrieved from /home/airflow/.local/lib/python3.7/site-packages/airflow/example_dags/example_branch_datetime_operator.py
[2022-02-21 01:13:33,099] {logging_mixin.py:109} INFO - [2022-02-21 01:13:33,098] {dag.py:2396} INFO - Sync 1 DAGs
[2022-02-21 01:13:33,120] {logging_mixin.py:109} INFO - [2022-02-21 01:13:33,119] {dag.py:2935} INFO - Setting next_dagrun for example_branch_datetime_operator_2 to 2022-02-20 00:00:00+00:00
[2022-02-21 01:13:33,138] {processor.py:171} INFO - Processing /home/airflow/.local/lib/python3.7/site-packages/airflow/example_dags/example_branch_datetime_operator.py took 0.193 seconds
[2022-02-21 01:14:03,328] {processor.py:163} INFO - Started process (PID=1937) to work on /home/airflow/.local/lib/python3.7/site-packages/airflow/example_dags/example_branch_datetime_operator.py
[2022-02-21 01:14:03,329] {processor.py:642} INFO - Processing file /home/airflow/.local/lib/python3.7/site-packages/airflow/example_dags/example_branch_datetime_operator.py for tasks to queue
[2022-02-21 01:14:03,330] {logging_mixin.py:109} INFO - [2022-02-21 01:14:03,330] {dagbag.py:500} INFO - Filling up the DagBag from /home/airflow/.local/lib/python3.7/site-packages/airflow/example_dags/example_branch_datetime_operator.py
[2022-02-21 01:14:03,490] {processor.py:654} INFO - DAG(s) dict_keys(['example_branch_datetime_operator_2']) retrieved from /home/airflow/.local/lib/python3.7/site-packages/airflow/example_dags/example_branch_datetime_operator.py
[2022-02-21 01:14:03,503] {logging_mixin.py:109} INFO - [2022-02-21 01:14:03,503] {dag.py:2396} INFO - Sync 1 DAGs
[2022-02-21 01:14:03,527] {logging_mixin.py:109} INFO - [2022-02-21 01:14:03,527] {dag.py:2935} INFO - Setting next_dagrun for example_branch_datetime_operator_2 to 2022-02-20 00:00:00+00:00
[2022-02-21 01:14:03,547] {processor.py:171} INFO - Processing /home/airflow/.local/lib/python3.7/site-packages/airflow/example_dags/example_branch_datetime_operator.py took 0.224 seconds
[2022-02-21 01:14:33,729] {processor.py:163} INFO - Started process (PID=1988) to work on /home/airflow/.local/lib/python3.7/site-packages/airflow/example_dags/example_branch_datetime_operator.py
[2022-02-21 01:14:33,731] {processor.py:642} INFO - Processing file /home/airflow/.local/lib/python3.7/site-packages/airflow/example_dags/example_branch_datetime_operator.py for tasks to queue
[2022-02-21 01:14:33,732] {logging_mixin.py:109} INFO - [2022-02-21 01:14:33,731] {dagbag.py:500} INFO - Filling up the DagBag from /home/airflow/.local/lib/python3.7/site-packages/airflow/example_dags/example_branch_datetime_operator.py
[2022-02-21 01:14:33,852] {processor.py:654} INFO - DAG(s) dict_keys(['example_branch_datetime_operator_2']) retrieved from /home/airflow/.local/lib/python3.7/site-packages/airflow/example_dags/example_branch_datetime_operator.py
[2022-02-21 01:14:33,862] {logging_mixin.py:109} INFO - [2022-02-21 01:14:33,861] {dag.py:2396} INFO - Sync 1 DAGs
[2022-02-21 01:14:33,891] {logging_mixin.py:109} INFO - [2022-02-21 01:14:33,890] {dag.py:2935} INFO - Setting next_dagrun for example_branch_datetime_operator_2 to 2022-02-20 00:00:00+00:00
[2022-02-21 01:14:33,903] {processor.py:171} INFO - Processing /home/airflow/.local/lib/python3.7/site-packages/airflow/example_dags/example_branch_datetime_operator.py took 0.180 seconds
[2022-02-21 01:15:04,059] {processor.py:163} INFO - Started process (PID=2039) to work on /home/airflow/.local/lib/python3.7/site-packages/airflow/example_dags/example_branch_datetime_operator.py
[2022-02-21 01:15:04,060] {processor.py:642} INFO - Processing file /home/airflow/.local/lib/python3.7/site-packages/airflow/example_dags/example_branch_datetime_operator.py for tasks to queue
[2022-02-21 01:15:04,060] {logging_mixin.py:109} INFO - [2022-02-21 01:15:04,060] {dagbag.py:500} INFO - Filling up the DagBag from /home/airflow/.local/lib/python3.7/site-packages/airflow/example_dags/example_branch_datetime_operator.py
[2022-02-21 01:15:04,090] {processor.py:654} INFO - DAG(s) dict_keys(['example_branch_datetime_operator_2']) retrieved from /home/airflow/.local/lib/python3.7/site-packages/airflow/example_dags/example_branch_datetime_operator.py
[2022-02-21 01:15:04,102] {logging_mixin.py:109} INFO - [2022-02-21 01:15:04,102] {dag.py:2396} INFO - Sync 1 DAGs
[2022-02-21 01:15:04,121] {logging_mixin.py:109} INFO - [2022-02-21 01:15:04,121] {dag.py:2935} INFO - Setting next_dagrun for example_branch_datetime_operator_2 to 2022-02-20 00:00:00+00:00
[2022-02-21 01:15:04,132] {processor.py:171} INFO - Processing /home/airflow/.local/lib/python3.7/site-packages/airflow/example_dags/example_branch_datetime_operator.py took 0.077 seconds
[2022-02-21 01:15:34,307] {processor.py:163} INFO - Started process (PID=2089) to work on /home/airflow/.local/lib/python3.7/site-packages/airflow/example_dags/example_branch_datetime_operator.py
[2022-02-21 01:15:34,309] {processor.py:642} INFO - Processing file /home/airflow/.local/lib/python3.7/site-packages/airflow/example_dags/example_branch_datetime_operator.py for tasks to queue
[2022-02-21 01:15:34,310] {logging_mixin.py:109} INFO - [2022-02-21 01:15:34,310] {dagbag.py:500} INFO - Filling up the DagBag from /home/airflow/.local/lib/python3.7/site-packages/airflow/example_dags/example_branch_datetime_operator.py
[2022-02-21 01:15:34,374] {processor.py:654} INFO - DAG(s) dict_keys(['example_branch_datetime_operator_2']) retrieved from /home/airflow/.local/lib/python3.7/site-packages/airflow/example_dags/example_branch_datetime_operator.py
[2022-02-21 01:15:34,405] {logging_mixin.py:109} INFO - [2022-02-21 01:15:34,405] {dag.py:2396} INFO - Sync 1 DAGs
[2022-02-21 01:15:34,466] {logging_mixin.py:109} INFO - [2022-02-21 01:15:34,466] {dag.py:2935} INFO - Setting next_dagrun for example_branch_datetime_operator_2 to 2022-02-20 00:00:00+00:00
[2022-02-21 01:15:34,487] {processor.py:171} INFO - Processing /home/airflow/.local/lib/python3.7/site-packages/airflow/example_dags/example_branch_datetime_operator.py took 0.187 seconds
[2022-02-21 01:16:05,455] {processor.py:163} INFO - Started process (PID=2141) to work on /home/airflow/.local/lib/python3.7/site-packages/airflow/example_dags/example_branch_datetime_operator.py
[2022-02-21 01:16:05,459] {processor.py:642} INFO - Processing file /home/airflow/.local/lib/python3.7/site-packages/airflow/example_dags/example_branch_datetime_operator.py for tasks to queue
[2022-02-21 01:16:05,460] {logging_mixin.py:109} INFO - [2022-02-21 01:16:05,460] {dagbag.py:500} INFO - Filling up the DagBag from /home/airflow/.local/lib/python3.7/site-packages/airflow/example_dags/example_branch_datetime_operator.py
[2022-02-21 01:16:05,552] {processor.py:654} INFO - DAG(s) dict_keys(['example_branch_datetime_operator_2']) retrieved from /home/airflow/.local/lib/python3.7/site-packages/airflow/example_dags/example_branch_datetime_operator.py
[2022-02-21 01:16:05,590] {logging_mixin.py:109} INFO - [2022-02-21 01:16:05,590] {dag.py:2396} INFO - Sync 1 DAGs
[2022-02-21 01:16:05,635] {logging_mixin.py:109} INFO - [2022-02-21 01:16:05,635] {dag.py:2935} INFO - Setting next_dagrun for example_branch_datetime_operator_2 to 2022-02-20 00:00:00+00:00
[2022-02-21 01:16:05,653] {processor.py:171} INFO - Processing /home/airflow/.local/lib/python3.7/site-packages/airflow/example_dags/example_branch_datetime_operator.py took 0.205 seconds
[2022-02-21 01:16:36,549] {processor.py:163} INFO - Started process (PID=2193) to work on /home/airflow/.local/lib/python3.7/site-packages/airflow/example_dags/example_branch_datetime_operator.py
[2022-02-21 01:16:36,551] {processor.py:642} INFO - Processing file /home/airflow/.local/lib/python3.7/site-packages/airflow/example_dags/example_branch_datetime_operator.py for tasks to queue
[2022-02-21 01:16:36,552] {logging_mixin.py:109} INFO - [2022-02-21 01:16:36,552] {dagbag.py:500} INFO - Filling up the DagBag from /home/airflow/.local/lib/python3.7/site-packages/airflow/example_dags/example_branch_datetime_operator.py
[2022-02-21 01:16:36,594] {processor.py:654} INFO - DAG(s) dict_keys(['example_branch_datetime_operator_2']) retrieved from /home/airflow/.local/lib/python3.7/site-packages/airflow/example_dags/example_branch_datetime_operator.py
[2022-02-21 01:16:36,609] {logging_mixin.py:109} INFO - [2022-02-21 01:16:36,609] {dag.py:2396} INFO - Sync 1 DAGs
[2022-02-21 01:16:36,635] {logging_mixin.py:109} INFO - [2022-02-21 01:16:36,635] {dag.py:2935} INFO - Setting next_dagrun for example_branch_datetime_operator_2 to 2022-02-20 00:00:00+00:00
[2022-02-21 01:16:36,650] {processor.py:171} INFO - Processing /home/airflow/.local/lib/python3.7/site-packages/airflow/example_dags/example_branch_datetime_operator.py took 0.106 seconds
[2022-02-21 01:17:06,934] {processor.py:163} INFO - Started process (PID=2244) to work on /home/airflow/.local/lib/python3.7/site-packages/airflow/example_dags/example_branch_datetime_operator.py
[2022-02-21 01:17:06,935] {processor.py:642} INFO - Processing file /home/airflow/.local/lib/python3.7/site-packages/airflow/example_dags/example_branch_datetime_operator.py for tasks to queue
[2022-02-21 01:17:06,935] {logging_mixin.py:109} INFO - [2022-02-21 01:17:06,935] {dagbag.py:500} INFO - Filling up the DagBag from /home/airflow/.local/lib/python3.7/site-packages/airflow/example_dags/example_branch_datetime_operator.py
[2022-02-21 01:17:06,961] {processor.py:654} INFO - DAG(s) dict_keys(['example_branch_datetime_operator_2']) retrieved from /home/airflow/.local/lib/python3.7/site-packages/airflow/example_dags/example_branch_datetime_operator.py
[2022-02-21 01:17:06,971] {logging_mixin.py:109} INFO - [2022-02-21 01:17:06,971] {dag.py:2396} INFO - Sync 1 DAGs
[2022-02-21 01:17:06,988] {logging_mixin.py:109} INFO - [2022-02-21 01:17:06,987] {dag.py:2935} INFO - Setting next_dagrun for example_branch_datetime_operator_2 to 2022-02-20 00:00:00+00:00
[2022-02-21 01:17:06,997] {processor.py:171} INFO - Processing /home/airflow/.local/lib/python3.7/site-packages/airflow/example_dags/example_branch_datetime_operator.py took 0.066 seconds
[2022-02-21 01:17:37,295] {processor.py:163} INFO - Started process (PID=2294) to work on /home/airflow/.local/lib/python3.7/site-packages/airflow/example_dags/example_branch_datetime_operator.py
[2022-02-21 01:17:37,296] {processor.py:642} INFO - Processing file /home/airflow/.local/lib/python3.7/site-packages/airflow/example_dags/example_branch_datetime_operator.py for tasks to queue
[2022-02-21 01:17:37,297] {logging_mixin.py:109} INFO - [2022-02-21 01:17:37,297] {dagbag.py:500} INFO - Filling up the DagBag from /home/airflow/.local/lib/python3.7/site-packages/airflow/example_dags/example_branch_datetime_operator.py
[2022-02-21 01:17:37,331] {processor.py:654} INFO - DAG(s) dict_keys(['example_branch_datetime_operator_2']) retrieved from /home/airflow/.local/lib/python3.7/site-packages/airflow/example_dags/example_branch_datetime_operator.py
[2022-02-21 01:17:37,343] {logging_mixin.py:109} INFO - [2022-02-21 01:17:37,343] {dag.py:2396} INFO - Sync 1 DAGs
[2022-02-21 01:17:37,367] {logging_mixin.py:109} INFO - [2022-02-21 01:17:37,367] {dag.py:2935} INFO - Setting next_dagrun for example_branch_datetime_operator_2 to 2022-02-20 00:00:00+00:00
[2022-02-21 01:17:37,380] {processor.py:171} INFO - Processing /home/airflow/.local/lib/python3.7/site-packages/airflow/example_dags/example_branch_datetime_operator.py took 0.088 seconds
[2022-02-21 01:18:07,791] {processor.py:163} INFO - Started process (PID=2344) to work on /home/airflow/.local/lib/python3.7/site-packages/airflow/example_dags/example_branch_datetime_operator.py
[2022-02-21 01:18:07,792] {processor.py:642} INFO - Processing file /home/airflow/.local/lib/python3.7/site-packages/airflow/example_dags/example_branch_datetime_operator.py for tasks to queue
[2022-02-21 01:18:07,793] {logging_mixin.py:109} INFO - [2022-02-21 01:18:07,793] {dagbag.py:500} INFO - Filling up the DagBag from /home/airflow/.local/lib/python3.7/site-packages/airflow/example_dags/example_branch_datetime_operator.py
[2022-02-21 01:18:07,833] {processor.py:654} INFO - DAG(s) dict_keys(['example_branch_datetime_operator_2']) retrieved from /home/airflow/.local/lib/python3.7/site-packages/airflow/example_dags/example_branch_datetime_operator.py
[2022-02-21 01:18:07,847] {logging_mixin.py:109} INFO - [2022-02-21 01:18:07,847] {dag.py:2396} INFO - Sync 1 DAGs
[2022-02-21 01:18:07,873] {logging_mixin.py:109} INFO - [2022-02-21 01:18:07,873] {dag.py:2935} INFO - Setting next_dagrun for example_branch_datetime_operator_2 to 2022-02-20 00:00:00+00:00
[2022-02-21 01:18:07,887] {processor.py:171} INFO - Processing /home/airflow/.local/lib/python3.7/site-packages/airflow/example_dags/example_branch_datetime_operator.py took 0.102 seconds
[2022-02-21 01:18:37,970] {processor.py:163} INFO - Started process (PID=2403) to work on /home/airflow/.local/lib/python3.7/site-packages/airflow/example_dags/example_branch_datetime_operator.py
[2022-02-21 01:18:37,972] {processor.py:642} INFO - Processing file /home/airflow/.local/lib/python3.7/site-packages/airflow/example_dags/example_branch_datetime_operator.py for tasks to queue
[2022-02-21 01:18:37,973] {logging_mixin.py:109} INFO - [2022-02-21 01:18:37,973] {dagbag.py:500} INFO - Filling up the DagBag from /home/airflow/.local/lib/python3.7/site-packages/airflow/example_dags/example_branch_datetime_operator.py
[2022-02-21 01:18:38,005] {processor.py:654} INFO - DAG(s) dict_keys(['example_branch_datetime_operator_2']) retrieved from /home/airflow/.local/lib/python3.7/site-packages/airflow/example_dags/example_branch_datetime_operator.py
[2022-02-21 01:18:38,017] {logging_mixin.py:109} INFO - [2022-02-21 01:18:38,017] {dag.py:2396} INFO - Sync 1 DAGs
[2022-02-21 01:18:38,038] {logging_mixin.py:109} INFO - [2022-02-21 01:18:38,038] {dag.py:2935} INFO - Setting next_dagrun for example_branch_datetime_operator_2 to 2022-02-20 00:00:00+00:00
[2022-02-21 01:18:38,051] {processor.py:171} INFO - Processing /home/airflow/.local/lib/python3.7/site-packages/airflow/example_dags/example_branch_datetime_operator.py took 0.084 seconds
[2022-02-21 01:19:08,102] {processor.py:163} INFO - Started process (PID=2453) to work on /home/airflow/.local/lib/python3.7/site-packages/airflow/example_dags/example_branch_datetime_operator.py
[2022-02-21 01:19:08,102] {processor.py:642} INFO - Processing file /home/airflow/.local/lib/python3.7/site-packages/airflow/example_dags/example_branch_datetime_operator.py for tasks to queue
[2022-02-21 01:19:08,103] {logging_mixin.py:109} INFO - [2022-02-21 01:19:08,103] {dagbag.py:500} INFO - Filling up the DagBag from /home/airflow/.local/lib/python3.7/site-packages/airflow/example_dags/example_branch_datetime_operator.py
[2022-02-21 01:19:08,130] {processor.py:654} INFO - DAG(s) dict_keys(['example_branch_datetime_operator_2']) retrieved from /home/airflow/.local/lib/python3.7/site-packages/airflow/example_dags/example_branch_datetime_operator.py
[2022-02-21 01:19:08,138] {logging_mixin.py:109} INFO - [2022-02-21 01:19:08,138] {dag.py:2396} INFO - Sync 1 DAGs
[2022-02-21 01:19:08,152] {logging_mixin.py:109} INFO - [2022-02-21 01:19:08,152] {dag.py:2935} INFO - Setting next_dagrun for example_branch_datetime_operator_2 to 2022-02-20 00:00:00+00:00
[2022-02-21 01:19:08,161] {processor.py:171} INFO - Processing /home/airflow/.local/lib/python3.7/site-packages/airflow/example_dags/example_branch_datetime_operator.py took 0.062 seconds
[2022-02-21 01:19:38,292] {processor.py:163} INFO - Started process (PID=2504) to work on /home/airflow/.local/lib/python3.7/site-packages/airflow/example_dags/example_branch_datetime_operator.py
[2022-02-21 01:19:38,293] {processor.py:642} INFO - Processing file /home/airflow/.local/lib/python3.7/site-packages/airflow/example_dags/example_branch_datetime_operator.py for tasks to queue
[2022-02-21 01:19:38,293] {logging_mixin.py:109} INFO - [2022-02-21 01:19:38,293] {dagbag.py:500} INFO - Filling up the DagBag from /home/airflow/.local/lib/python3.7/site-packages/airflow/example_dags/example_branch_datetime_operator.py
[2022-02-21 01:19:38,325] {processor.py:654} INFO - DAG(s) dict_keys(['example_branch_datetime_operator_2']) retrieved from /home/airflow/.local/lib/python3.7/site-packages/airflow/example_dags/example_branch_datetime_operator.py
[2022-02-21 01:19:38,336] {logging_mixin.py:109} INFO - [2022-02-21 01:19:38,336] {dag.py:2396} INFO - Sync 1 DAGs
[2022-02-21 01:19:38,357] {logging_mixin.py:109} INFO - [2022-02-21 01:19:38,357] {dag.py:2935} INFO - Setting next_dagrun for example_branch_datetime_operator_2 to 2022-02-20 00:00:00+00:00
[2022-02-21 01:19:38,369] {processor.py:171} INFO - Processing /home/airflow/.local/lib/python3.7/site-packages/airflow/example_dags/example_branch_datetime_operator.py took 0.081 seconds
[2022-02-21 01:20:08,454] {processor.py:163} INFO - Started process (PID=2563) to work on /home/airflow/.local/lib/python3.7/site-packages/airflow/example_dags/example_branch_datetime_operator.py
[2022-02-21 01:20:08,455] {processor.py:642} INFO - Processing file /home/airflow/.local/lib/python3.7/site-packages/airflow/example_dags/example_branch_datetime_operator.py for tasks to queue
[2022-02-21 01:20:08,456] {logging_mixin.py:109} INFO - [2022-02-21 01:20:08,456] {dagbag.py:500} INFO - Filling up the DagBag from /home/airflow/.local/lib/python3.7/site-packages/airflow/example_dags/example_branch_datetime_operator.py
[2022-02-21 01:20:08,489] {processor.py:654} INFO - DAG(s) dict_keys(['example_branch_datetime_operator_2']) retrieved from /home/airflow/.local/lib/python3.7/site-packages/airflow/example_dags/example_branch_datetime_operator.py
[2022-02-21 01:20:08,501] {logging_mixin.py:109} INFO - [2022-02-21 01:20:08,500] {dag.py:2396} INFO - Sync 1 DAGs
[2022-02-21 01:20:08,521] {logging_mixin.py:109} INFO - [2022-02-21 01:20:08,520] {dag.py:2935} INFO - Setting next_dagrun for example_branch_datetime_operator_2 to 2022-02-20 00:00:00+00:00
[2022-02-21 01:20:08,533] {processor.py:171} INFO - Processing /home/airflow/.local/lib/python3.7/site-packages/airflow/example_dags/example_branch_datetime_operator.py took 0.082 seconds
[2022-02-21 01:20:38,976] {processor.py:163} INFO - Started process (PID=2605) to work on /home/airflow/.local/lib/python3.7/site-packages/airflow/example_dags/example_branch_datetime_operator.py
[2022-02-21 01:20:38,977] {processor.py:642} INFO - Processing file /home/airflow/.local/lib/python3.7/site-packages/airflow/example_dags/example_branch_datetime_operator.py for tasks to queue
[2022-02-21 01:20:38,978] {logging_mixin.py:109} INFO - [2022-02-21 01:20:38,978] {dagbag.py:500} INFO - Filling up the DagBag from /home/airflow/.local/lib/python3.7/site-packages/airflow/example_dags/example_branch_datetime_operator.py
[2022-02-21 01:20:39,024] {processor.py:654} INFO - DAG(s) dict_keys(['example_branch_datetime_operator_2']) retrieved from /home/airflow/.local/lib/python3.7/site-packages/airflow/example_dags/example_branch_datetime_operator.py
[2022-02-21 01:20:39,038] {logging_mixin.py:109} INFO - [2022-02-21 01:20:39,038] {dag.py:2396} INFO - Sync 1 DAGs
[2022-02-21 01:20:39,064] {logging_mixin.py:109} INFO - [2022-02-21 01:20:39,064] {dag.py:2935} INFO - Setting next_dagrun for example_branch_datetime_operator_2 to 2022-02-20 00:00:00+00:00
[2022-02-21 01:20:39,079] {processor.py:171} INFO - Processing /home/airflow/.local/lib/python3.7/site-packages/airflow/example_dags/example_branch_datetime_operator.py took 0.107 seconds
[2022-02-21 01:21:09,409] {processor.py:163} INFO - Started process (PID=2664) to work on /home/airflow/.local/lib/python3.7/site-packages/airflow/example_dags/example_branch_datetime_operator.py
[2022-02-21 01:21:09,411] {processor.py:642} INFO - Processing file /home/airflow/.local/lib/python3.7/site-packages/airflow/example_dags/example_branch_datetime_operator.py for tasks to queue
[2022-02-21 01:21:09,412] {logging_mixin.py:109} INFO - [2022-02-21 01:21:09,412] {dagbag.py:500} INFO - Filling up the DagBag from /home/airflow/.local/lib/python3.7/site-packages/airflow/example_dags/example_branch_datetime_operator.py
[2022-02-21 01:21:09,465] {processor.py:654} INFO - DAG(s) dict_keys(['example_branch_datetime_operator_2']) retrieved from /home/airflow/.local/lib/python3.7/site-packages/airflow/example_dags/example_branch_datetime_operator.py
[2022-02-21 01:21:09,483] {logging_mixin.py:109} INFO - [2022-02-21 01:21:09,483] {dag.py:2396} INFO - Sync 1 DAGs
[2022-02-21 01:21:09,509] {logging_mixin.py:109} INFO - [2022-02-21 01:21:09,509] {dag.py:2935} INFO - Setting next_dagrun for example_branch_datetime_operator_2 to 2022-02-20 00:00:00+00:00
[2022-02-21 01:21:09,530] {processor.py:171} INFO - Processing /home/airflow/.local/lib/python3.7/site-packages/airflow/example_dags/example_branch_datetime_operator.py took 0.127 seconds
