[2022-02-21 00:58:43,691] {processor.py:163} INFO - Started process (PID=250) to work on /home/airflow/.local/lib/python3.7/site-packages/airflow/example_dags/example_time_delta_sensor_async.py
[2022-02-21 00:58:43,694] {processor.py:642} INFO - Processing file /home/airflow/.local/lib/python3.7/site-packages/airflow/example_dags/example_time_delta_sensor_async.py for tasks to queue
[2022-02-21 00:58:43,695] {logging_mixin.py:109} INFO - [2022-02-21 00:58:43,695] {dagbag.py:500} INFO - Filling up the DagBag from /home/airflow/.local/lib/python3.7/site-packages/airflow/example_dags/example_time_delta_sensor_async.py
[2022-02-21 00:58:43,772] {processor.py:654} INFO - DAG(s) dict_keys(['example_time_delta_sensor_async']) retrieved from /home/airflow/.local/lib/python3.7/site-packages/airflow/example_dags/example_time_delta_sensor_async.py
[2022-02-21 00:58:46,923] {logging_mixin.py:109} INFO - [2022-02-21 00:58:46,923] {manager.py:496} INFO - Created Permission View: can edit on DAG:example_time_delta_sensor_async
[2022-02-21 00:58:46,935] {logging_mixin.py:109} INFO - [2022-02-21 00:58:46,935] {manager.py:496} INFO - Created Permission View: can read on DAG:example_time_delta_sensor_async
[2022-02-21 00:58:46,936] {logging_mixin.py:109} INFO - [2022-02-21 00:58:46,935] {dag.py:2396} INFO - Sync 1 DAGs
[2022-02-21 00:58:46,946] {logging_mixin.py:109} INFO - [2022-02-21 00:58:46,946] {dag.py:2415} INFO - Creating ORM DAG for example_time_delta_sensor_async
[2022-02-21 00:58:46,956] {logging_mixin.py:109} INFO - [2022-02-21 00:58:46,956] {dag.py:2935} INFO - Setting next_dagrun for example_time_delta_sensor_async to None
[2022-02-21 00:58:46,978] {processor.py:171} INFO - Processing /home/airflow/.local/lib/python3.7/site-packages/airflow/example_dags/example_time_delta_sensor_async.py took 3.294 seconds
[2022-02-21 00:59:17,849] {processor.py:163} INFO - Started process (PID=398) to work on /home/airflow/.local/lib/python3.7/site-packages/airflow/example_dags/example_time_delta_sensor_async.py
[2022-02-21 00:59:17,851] {processor.py:642} INFO - Processing file /home/airflow/.local/lib/python3.7/site-packages/airflow/example_dags/example_time_delta_sensor_async.py for tasks to queue
[2022-02-21 00:59:17,852] {logging_mixin.py:109} INFO - [2022-02-21 00:59:17,852] {dagbag.py:500} INFO - Filling up the DagBag from /home/airflow/.local/lib/python3.7/site-packages/airflow/example_dags/example_time_delta_sensor_async.py
[2022-02-21 00:59:17,892] {processor.py:654} INFO - DAG(s) dict_keys(['example_time_delta_sensor_async']) retrieved from /home/airflow/.local/lib/python3.7/site-packages/airflow/example_dags/example_time_delta_sensor_async.py
[2022-02-21 00:59:17,906] {logging_mixin.py:109} INFO - [2022-02-21 00:59:17,906] {dag.py:2396} INFO - Sync 1 DAGs
[2022-02-21 00:59:17,929] {logging_mixin.py:109} INFO - [2022-02-21 00:59:17,929] {dag.py:2935} INFO - Setting next_dagrun for example_time_delta_sensor_async to None
[2022-02-21 00:59:17,944] {processor.py:171} INFO - Processing /home/airflow/.local/lib/python3.7/site-packages/airflow/example_dags/example_time_delta_sensor_async.py took 0.100 seconds
[2022-02-21 00:59:48,125] {processor.py:163} INFO - Started process (PID=450) to work on /home/airflow/.local/lib/python3.7/site-packages/airflow/example_dags/example_time_delta_sensor_async.py
[2022-02-21 00:59:48,126] {processor.py:642} INFO - Processing file /home/airflow/.local/lib/python3.7/site-packages/airflow/example_dags/example_time_delta_sensor_async.py for tasks to queue
[2022-02-21 00:59:48,126] {logging_mixin.py:109} INFO - [2022-02-21 00:59:48,126] {dagbag.py:500} INFO - Filling up the DagBag from /home/airflow/.local/lib/python3.7/site-packages/airflow/example_dags/example_time_delta_sensor_async.py
[2022-02-21 00:59:48,153] {processor.py:654} INFO - DAG(s) dict_keys(['example_time_delta_sensor_async']) retrieved from /home/airflow/.local/lib/python3.7/site-packages/airflow/example_dags/example_time_delta_sensor_async.py
[2022-02-21 00:59:48,162] {logging_mixin.py:109} INFO - [2022-02-21 00:59:48,162] {dag.py:2396} INFO - Sync 1 DAGs
[2022-02-21 00:59:48,184] {logging_mixin.py:109} INFO - [2022-02-21 00:59:48,184] {dag.py:2935} INFO - Setting next_dagrun for example_time_delta_sensor_async to None
[2022-02-21 00:59:48,194] {processor.py:171} INFO - Processing /home/airflow/.local/lib/python3.7/site-packages/airflow/example_dags/example_time_delta_sensor_async.py took 0.073 seconds
[2022-02-21 01:00:19,012] {processor.py:163} INFO - Started process (PID=501) to work on /home/airflow/.local/lib/python3.7/site-packages/airflow/example_dags/example_time_delta_sensor_async.py
[2022-02-21 01:00:19,014] {processor.py:642} INFO - Processing file /home/airflow/.local/lib/python3.7/site-packages/airflow/example_dags/example_time_delta_sensor_async.py for tasks to queue
[2022-02-21 01:00:19,014] {logging_mixin.py:109} INFO - [2022-02-21 01:00:19,014] {dagbag.py:500} INFO - Filling up the DagBag from /home/airflow/.local/lib/python3.7/site-packages/airflow/example_dags/example_time_delta_sensor_async.py
[2022-02-21 01:00:19,037] {processor.py:654} INFO - DAG(s) dict_keys(['example_time_delta_sensor_async']) retrieved from /home/airflow/.local/lib/python3.7/site-packages/airflow/example_dags/example_time_delta_sensor_async.py
[2022-02-21 01:00:19,045] {logging_mixin.py:109} INFO - [2022-02-21 01:00:19,045] {dag.py:2396} INFO - Sync 1 DAGs
[2022-02-21 01:00:19,058] {logging_mixin.py:109} INFO - [2022-02-21 01:00:19,058] {dag.py:2935} INFO - Setting next_dagrun for example_time_delta_sensor_async to None
[2022-02-21 01:00:19,068] {processor.py:171} INFO - Processing /home/airflow/.local/lib/python3.7/site-packages/airflow/example_dags/example_time_delta_sensor_async.py took 0.058 seconds
[2022-02-21 01:00:49,140] {processor.py:163} INFO - Started process (PID=562) to work on /home/airflow/.local/lib/python3.7/site-packages/airflow/example_dags/example_time_delta_sensor_async.py
[2022-02-21 01:00:49,142] {processor.py:642} INFO - Processing file /home/airflow/.local/lib/python3.7/site-packages/airflow/example_dags/example_time_delta_sensor_async.py for tasks to queue
[2022-02-21 01:00:49,143] {logging_mixin.py:109} INFO - [2022-02-21 01:00:49,143] {dagbag.py:500} INFO - Filling up the DagBag from /home/airflow/.local/lib/python3.7/site-packages/airflow/example_dags/example_time_delta_sensor_async.py
[2022-02-21 01:00:49,194] {processor.py:654} INFO - DAG(s) dict_keys(['example_time_delta_sensor_async']) retrieved from /home/airflow/.local/lib/python3.7/site-packages/airflow/example_dags/example_time_delta_sensor_async.py
[2022-02-21 01:00:49,213] {logging_mixin.py:109} INFO - [2022-02-21 01:00:49,213] {dag.py:2396} INFO - Sync 1 DAGs
[2022-02-21 01:00:49,250] {logging_mixin.py:109} INFO - [2022-02-21 01:00:49,250] {dag.py:2935} INFO - Setting next_dagrun for example_time_delta_sensor_async to None
[2022-02-21 01:00:49,273] {processor.py:171} INFO - Processing /home/airflow/.local/lib/python3.7/site-packages/airflow/example_dags/example_time_delta_sensor_async.py took 0.138 seconds
[2022-02-21 01:01:19,344] {processor.py:163} INFO - Started process (PID=613) to work on /home/airflow/.local/lib/python3.7/site-packages/airflow/example_dags/example_time_delta_sensor_async.py
[2022-02-21 01:01:19,345] {processor.py:642} INFO - Processing file /home/airflow/.local/lib/python3.7/site-packages/airflow/example_dags/example_time_delta_sensor_async.py for tasks to queue
[2022-02-21 01:01:19,346] {logging_mixin.py:109} INFO - [2022-02-21 01:01:19,346] {dagbag.py:500} INFO - Filling up the DagBag from /home/airflow/.local/lib/python3.7/site-packages/airflow/example_dags/example_time_delta_sensor_async.py
[2022-02-21 01:01:19,375] {processor.py:654} INFO - DAG(s) dict_keys(['example_time_delta_sensor_async']) retrieved from /home/airflow/.local/lib/python3.7/site-packages/airflow/example_dags/example_time_delta_sensor_async.py
[2022-02-21 01:01:19,386] {logging_mixin.py:109} INFO - [2022-02-21 01:01:19,386] {dag.py:2396} INFO - Sync 1 DAGs
[2022-02-21 01:01:19,398] {logging_mixin.py:109} INFO - [2022-02-21 01:01:19,398] {dag.py:2935} INFO - Setting next_dagrun for example_time_delta_sensor_async to None
[2022-02-21 01:01:19,408] {processor.py:171} INFO - Processing /home/airflow/.local/lib/python3.7/site-packages/airflow/example_dags/example_time_delta_sensor_async.py took 0.068 seconds
[2022-02-21 01:01:49,530] {processor.py:163} INFO - Started process (PID=664) to work on /home/airflow/.local/lib/python3.7/site-packages/airflow/example_dags/example_time_delta_sensor_async.py
[2022-02-21 01:01:49,532] {processor.py:642} INFO - Processing file /home/airflow/.local/lib/python3.7/site-packages/airflow/example_dags/example_time_delta_sensor_async.py for tasks to queue
[2022-02-21 01:01:49,533] {logging_mixin.py:109} INFO - [2022-02-21 01:01:49,533] {dagbag.py:500} INFO - Filling up the DagBag from /home/airflow/.local/lib/python3.7/site-packages/airflow/example_dags/example_time_delta_sensor_async.py
[2022-02-21 01:01:49,567] {processor.py:654} INFO - DAG(s) dict_keys(['example_time_delta_sensor_async']) retrieved from /home/airflow/.local/lib/python3.7/site-packages/airflow/example_dags/example_time_delta_sensor_async.py
[2022-02-21 01:01:49,579] {logging_mixin.py:109} INFO - [2022-02-21 01:01:49,579] {dag.py:2396} INFO - Sync 1 DAGs
[2022-02-21 01:01:49,599] {logging_mixin.py:109} INFO - [2022-02-21 01:01:49,599] {dag.py:2935} INFO - Setting next_dagrun for example_time_delta_sensor_async to None
[2022-02-21 01:01:49,611] {processor.py:171} INFO - Processing /home/airflow/.local/lib/python3.7/site-packages/airflow/example_dags/example_time_delta_sensor_async.py took 0.087 seconds
[2022-02-21 01:02:19,633] {processor.py:163} INFO - Started process (PID=714) to work on /home/airflow/.local/lib/python3.7/site-packages/airflow/example_dags/example_time_delta_sensor_async.py
[2022-02-21 01:02:19,635] {processor.py:642} INFO - Processing file /home/airflow/.local/lib/python3.7/site-packages/airflow/example_dags/example_time_delta_sensor_async.py for tasks to queue
[2022-02-21 01:02:19,635] {logging_mixin.py:109} INFO - [2022-02-21 01:02:19,635] {dagbag.py:500} INFO - Filling up the DagBag from /home/airflow/.local/lib/python3.7/site-packages/airflow/example_dags/example_time_delta_sensor_async.py
[2022-02-21 01:02:19,671] {processor.py:654} INFO - DAG(s) dict_keys(['example_time_delta_sensor_async']) retrieved from /home/airflow/.local/lib/python3.7/site-packages/airflow/example_dags/example_time_delta_sensor_async.py
[2022-02-21 01:02:19,682] {logging_mixin.py:109} INFO - [2022-02-21 01:02:19,682] {dag.py:2396} INFO - Sync 1 DAGs
[2022-02-21 01:02:19,703] {logging_mixin.py:109} INFO - [2022-02-21 01:02:19,703] {dag.py:2935} INFO - Setting next_dagrun for example_time_delta_sensor_async to None
[2022-02-21 01:02:19,717] {processor.py:171} INFO - Processing /home/airflow/.local/lib/python3.7/site-packages/airflow/example_dags/example_time_delta_sensor_async.py took 0.089 seconds
[2022-02-21 01:02:50,013] {processor.py:163} INFO - Started process (PID=773) to work on /home/airflow/.local/lib/python3.7/site-packages/airflow/example_dags/example_time_delta_sensor_async.py
[2022-02-21 01:02:50,014] {processor.py:642} INFO - Processing file /home/airflow/.local/lib/python3.7/site-packages/airflow/example_dags/example_time_delta_sensor_async.py for tasks to queue
[2022-02-21 01:02:50,015] {logging_mixin.py:109} INFO - [2022-02-21 01:02:50,015] {dagbag.py:500} INFO - Filling up the DagBag from /home/airflow/.local/lib/python3.7/site-packages/airflow/example_dags/example_time_delta_sensor_async.py
[2022-02-21 01:02:50,047] {processor.py:654} INFO - DAG(s) dict_keys(['example_time_delta_sensor_async']) retrieved from /home/airflow/.local/lib/python3.7/site-packages/airflow/example_dags/example_time_delta_sensor_async.py
[2022-02-21 01:02:50,056] {logging_mixin.py:109} INFO - [2022-02-21 01:02:50,056] {dag.py:2396} INFO - Sync 1 DAGs
[2022-02-21 01:02:50,070] {logging_mixin.py:109} INFO - [2022-02-21 01:02:50,070] {dag.py:2935} INFO - Setting next_dagrun for example_time_delta_sensor_async to None
[2022-02-21 01:02:50,080] {processor.py:171} INFO - Processing /home/airflow/.local/lib/python3.7/site-packages/airflow/example_dags/example_time_delta_sensor_async.py took 0.071 seconds
[2022-02-21 01:03:20,154] {processor.py:163} INFO - Started process (PID=824) to work on /home/airflow/.local/lib/python3.7/site-packages/airflow/example_dags/example_time_delta_sensor_async.py
[2022-02-21 01:03:20,155] {processor.py:642} INFO - Processing file /home/airflow/.local/lib/python3.7/site-packages/airflow/example_dags/example_time_delta_sensor_async.py for tasks to queue
[2022-02-21 01:03:20,156] {logging_mixin.py:109} INFO - [2022-02-21 01:03:20,156] {dagbag.py:500} INFO - Filling up the DagBag from /home/airflow/.local/lib/python3.7/site-packages/airflow/example_dags/example_time_delta_sensor_async.py
[2022-02-21 01:03:20,185] {processor.py:654} INFO - DAG(s) dict_keys(['example_time_delta_sensor_async']) retrieved from /home/airflow/.local/lib/python3.7/site-packages/airflow/example_dags/example_time_delta_sensor_async.py
[2022-02-21 01:03:20,196] {logging_mixin.py:109} INFO - [2022-02-21 01:03:20,196] {dag.py:2396} INFO - Sync 1 DAGs
[2022-02-21 01:03:20,215] {logging_mixin.py:109} INFO - [2022-02-21 01:03:20,215] {dag.py:2935} INFO - Setting next_dagrun for example_time_delta_sensor_async to None
[2022-02-21 01:03:20,229] {processor.py:171} INFO - Processing /home/airflow/.local/lib/python3.7/site-packages/airflow/example_dags/example_time_delta_sensor_async.py took 0.079 seconds
[2022-02-21 01:03:50,362] {processor.py:163} INFO - Started process (PID=875) to work on /home/airflow/.local/lib/python3.7/site-packages/airflow/example_dags/example_time_delta_sensor_async.py
[2022-02-21 01:03:50,363] {processor.py:642} INFO - Processing file /home/airflow/.local/lib/python3.7/site-packages/airflow/example_dags/example_time_delta_sensor_async.py for tasks to queue
[2022-02-21 01:03:50,364] {logging_mixin.py:109} INFO - [2022-02-21 01:03:50,364] {dagbag.py:500} INFO - Filling up the DagBag from /home/airflow/.local/lib/python3.7/site-packages/airflow/example_dags/example_time_delta_sensor_async.py
[2022-02-21 01:03:50,406] {processor.py:654} INFO - DAG(s) dict_keys(['example_time_delta_sensor_async']) retrieved from /home/airflow/.local/lib/python3.7/site-packages/airflow/example_dags/example_time_delta_sensor_async.py
[2022-02-21 01:03:50,420] {logging_mixin.py:109} INFO - [2022-02-21 01:03:50,420] {dag.py:2396} INFO - Sync 1 DAGs
[2022-02-21 01:03:50,449] {logging_mixin.py:109} INFO - [2022-02-21 01:03:50,449] {dag.py:2935} INFO - Setting next_dagrun for example_time_delta_sensor_async to None
[2022-02-21 01:03:50,469] {processor.py:171} INFO - Processing /home/airflow/.local/lib/python3.7/site-packages/airflow/example_dags/example_time_delta_sensor_async.py took 0.112 seconds
[2022-02-21 01:04:21,790] {processor.py:163} INFO - Started process (PID=935) to work on /home/airflow/.local/lib/python3.7/site-packages/airflow/example_dags/example_time_delta_sensor_async.py
[2022-02-21 01:04:21,802] {processor.py:642} INFO - Processing file /home/airflow/.local/lib/python3.7/site-packages/airflow/example_dags/example_time_delta_sensor_async.py for tasks to queue
[2022-02-21 01:04:21,805] {logging_mixin.py:109} INFO - [2022-02-21 01:04:21,805] {dagbag.py:500} INFO - Filling up the DagBag from /home/airflow/.local/lib/python3.7/site-packages/airflow/example_dags/example_time_delta_sensor_async.py
[2022-02-21 01:04:21,946] {processor.py:654} INFO - DAG(s) dict_keys(['example_time_delta_sensor_async']) retrieved from /home/airflow/.local/lib/python3.7/site-packages/airflow/example_dags/example_time_delta_sensor_async.py
[2022-02-21 01:04:21,973] {logging_mixin.py:109} INFO - [2022-02-21 01:04:21,973] {dag.py:2396} INFO - Sync 1 DAGs
[2022-02-21 01:04:22,022] {logging_mixin.py:109} INFO - [2022-02-21 01:04:22,021] {dag.py:2935} INFO - Setting next_dagrun for example_time_delta_sensor_async to None
[2022-02-21 01:04:22,053] {processor.py:171} INFO - Processing /home/airflow/.local/lib/python3.7/site-packages/airflow/example_dags/example_time_delta_sensor_async.py took 0.287 seconds
[2022-02-21 01:04:52,379] {processor.py:163} INFO - Started process (PID=986) to work on /home/airflow/.local/lib/python3.7/site-packages/airflow/example_dags/example_time_delta_sensor_async.py
[2022-02-21 01:04:52,380] {processor.py:642} INFO - Processing file /home/airflow/.local/lib/python3.7/site-packages/airflow/example_dags/example_time_delta_sensor_async.py for tasks to queue
[2022-02-21 01:04:52,381] {logging_mixin.py:109} INFO - [2022-02-21 01:04:52,381] {dagbag.py:500} INFO - Filling up the DagBag from /home/airflow/.local/lib/python3.7/site-packages/airflow/example_dags/example_time_delta_sensor_async.py
[2022-02-21 01:04:52,420] {processor.py:654} INFO - DAG(s) dict_keys(['example_time_delta_sensor_async']) retrieved from /home/airflow/.local/lib/python3.7/site-packages/airflow/example_dags/example_time_delta_sensor_async.py
[2022-02-21 01:04:52,435] {logging_mixin.py:109} INFO - [2022-02-21 01:04:52,434] {dag.py:2396} INFO - Sync 1 DAGs
[2022-02-21 01:04:52,458] {logging_mixin.py:109} INFO - [2022-02-21 01:04:52,458] {dag.py:2935} INFO - Setting next_dagrun for example_time_delta_sensor_async to None
[2022-02-21 01:04:52,472] {processor.py:171} INFO - Processing /home/airflow/.local/lib/python3.7/site-packages/airflow/example_dags/example_time_delta_sensor_async.py took 0.098 seconds
[2022-02-21 01:05:22,849] {processor.py:163} INFO - Started process (PID=1038) to work on /home/airflow/.local/lib/python3.7/site-packages/airflow/example_dags/example_time_delta_sensor_async.py
[2022-02-21 01:05:22,852] {processor.py:642} INFO - Processing file /home/airflow/.local/lib/python3.7/site-packages/airflow/example_dags/example_time_delta_sensor_async.py for tasks to queue
[2022-02-21 01:05:22,853] {logging_mixin.py:109} INFO - [2022-02-21 01:05:22,853] {dagbag.py:500} INFO - Filling up the DagBag from /home/airflow/.local/lib/python3.7/site-packages/airflow/example_dags/example_time_delta_sensor_async.py
[2022-02-21 01:05:22,907] {processor.py:654} INFO - DAG(s) dict_keys(['example_time_delta_sensor_async']) retrieved from /home/airflow/.local/lib/python3.7/site-packages/airflow/example_dags/example_time_delta_sensor_async.py
[2022-02-21 01:05:22,934] {logging_mixin.py:109} INFO - [2022-02-21 01:05:22,934] {dag.py:2396} INFO - Sync 1 DAGs
[2022-02-21 01:05:22,963] {logging_mixin.py:109} INFO - [2022-02-21 01:05:22,963] {dag.py:2935} INFO - Setting next_dagrun for example_time_delta_sensor_async to None
[2022-02-21 01:05:22,977] {processor.py:171} INFO - Processing /home/airflow/.local/lib/python3.7/site-packages/airflow/example_dags/example_time_delta_sensor_async.py took 0.135 seconds
[2022-02-21 01:05:53,541] {processor.py:163} INFO - Started process (PID=1087) to work on /home/airflow/.local/lib/python3.7/site-packages/airflow/example_dags/example_time_delta_sensor_async.py
[2022-02-21 01:05:53,543] {processor.py:642} INFO - Processing file /home/airflow/.local/lib/python3.7/site-packages/airflow/example_dags/example_time_delta_sensor_async.py for tasks to queue
[2022-02-21 01:05:53,545] {logging_mixin.py:109} INFO - [2022-02-21 01:05:53,545] {dagbag.py:500} INFO - Filling up the DagBag from /home/airflow/.local/lib/python3.7/site-packages/airflow/example_dags/example_time_delta_sensor_async.py
[2022-02-21 01:05:53,615] {processor.py:654} INFO - DAG(s) dict_keys(['example_time_delta_sensor_async']) retrieved from /home/airflow/.local/lib/python3.7/site-packages/airflow/example_dags/example_time_delta_sensor_async.py
[2022-02-21 01:05:53,637] {logging_mixin.py:109} INFO - [2022-02-21 01:05:53,637] {dag.py:2396} INFO - Sync 1 DAGs
[2022-02-21 01:05:53,685] {logging_mixin.py:109} INFO - [2022-02-21 01:05:53,684] {dag.py:2935} INFO - Setting next_dagrun for example_time_delta_sensor_async to None
[2022-02-21 01:05:53,705] {processor.py:171} INFO - Processing /home/airflow/.local/lib/python3.7/site-packages/airflow/example_dags/example_time_delta_sensor_async.py took 0.174 seconds
[2022-02-21 01:06:23,747] {processor.py:163} INFO - Started process (PID=1136) to work on /home/airflow/.local/lib/python3.7/site-packages/airflow/example_dags/example_time_delta_sensor_async.py
[2022-02-21 01:06:23,749] {processor.py:642} INFO - Processing file /home/airflow/.local/lib/python3.7/site-packages/airflow/example_dags/example_time_delta_sensor_async.py for tasks to queue
[2022-02-21 01:06:23,749] {logging_mixin.py:109} INFO - [2022-02-21 01:06:23,749] {dagbag.py:500} INFO - Filling up the DagBag from /home/airflow/.local/lib/python3.7/site-packages/airflow/example_dags/example_time_delta_sensor_async.py
[2022-02-21 01:06:23,784] {processor.py:654} INFO - DAG(s) dict_keys(['example_time_delta_sensor_async']) retrieved from /home/airflow/.local/lib/python3.7/site-packages/airflow/example_dags/example_time_delta_sensor_async.py
[2022-02-21 01:06:23,797] {logging_mixin.py:109} INFO - [2022-02-21 01:06:23,797] {dag.py:2396} INFO - Sync 1 DAGs
[2022-02-21 01:06:23,821] {logging_mixin.py:109} INFO - [2022-02-21 01:06:23,821] {dag.py:2935} INFO - Setting next_dagrun for example_time_delta_sensor_async to None
[2022-02-21 01:06:23,835] {processor.py:171} INFO - Processing /home/airflow/.local/lib/python3.7/site-packages/airflow/example_dags/example_time_delta_sensor_async.py took 0.092 seconds
[2022-02-21 01:06:54,412] {processor.py:163} INFO - Started process (PID=1196) to work on /home/airflow/.local/lib/python3.7/site-packages/airflow/example_dags/example_time_delta_sensor_async.py
[2022-02-21 01:06:54,414] {processor.py:642} INFO - Processing file /home/airflow/.local/lib/python3.7/site-packages/airflow/example_dags/example_time_delta_sensor_async.py for tasks to queue
[2022-02-21 01:06:54,415] {logging_mixin.py:109} INFO - [2022-02-21 01:06:54,415] {dagbag.py:500} INFO - Filling up the DagBag from /home/airflow/.local/lib/python3.7/site-packages/airflow/example_dags/example_time_delta_sensor_async.py
[2022-02-21 01:06:54,459] {processor.py:654} INFO - DAG(s) dict_keys(['example_time_delta_sensor_async']) retrieved from /home/airflow/.local/lib/python3.7/site-packages/airflow/example_dags/example_time_delta_sensor_async.py
[2022-02-21 01:06:54,473] {logging_mixin.py:109} INFO - [2022-02-21 01:06:54,472] {dag.py:2396} INFO - Sync 1 DAGs
[2022-02-21 01:06:54,495] {logging_mixin.py:109} INFO - [2022-02-21 01:06:54,495] {dag.py:2935} INFO - Setting next_dagrun for example_time_delta_sensor_async to None
[2022-02-21 01:06:54,507] {processor.py:171} INFO - Processing /home/airflow/.local/lib/python3.7/site-packages/airflow/example_dags/example_time_delta_sensor_async.py took 0.101 seconds
[2022-02-21 01:07:24,769] {processor.py:163} INFO - Started process (PID=1246) to work on /home/airflow/.local/lib/python3.7/site-packages/airflow/example_dags/example_time_delta_sensor_async.py
[2022-02-21 01:07:24,772] {processor.py:642} INFO - Processing file /home/airflow/.local/lib/python3.7/site-packages/airflow/example_dags/example_time_delta_sensor_async.py for tasks to queue
[2022-02-21 01:07:24,774] {logging_mixin.py:109} INFO - [2022-02-21 01:07:24,773] {dagbag.py:500} INFO - Filling up the DagBag from /home/airflow/.local/lib/python3.7/site-packages/airflow/example_dags/example_time_delta_sensor_async.py
[2022-02-21 01:07:24,824] {processor.py:654} INFO - DAG(s) dict_keys(['example_time_delta_sensor_async']) retrieved from /home/airflow/.local/lib/python3.7/site-packages/airflow/example_dags/example_time_delta_sensor_async.py
[2022-02-21 01:07:24,841] {logging_mixin.py:109} INFO - [2022-02-21 01:07:24,841] {dag.py:2396} INFO - Sync 1 DAGs
[2022-02-21 01:07:24,876] {logging_mixin.py:109} INFO - [2022-02-21 01:07:24,876] {dag.py:2935} INFO - Setting next_dagrun for example_time_delta_sensor_async to None
[2022-02-21 01:07:24,899] {processor.py:171} INFO - Processing /home/airflow/.local/lib/python3.7/site-packages/airflow/example_dags/example_time_delta_sensor_async.py took 0.137 seconds
[2022-02-21 01:07:55,196] {processor.py:163} INFO - Started process (PID=1297) to work on /home/airflow/.local/lib/python3.7/site-packages/airflow/example_dags/example_time_delta_sensor_async.py
[2022-02-21 01:07:55,197] {processor.py:642} INFO - Processing file /home/airflow/.local/lib/python3.7/site-packages/airflow/example_dags/example_time_delta_sensor_async.py for tasks to queue
[2022-02-21 01:07:55,197] {logging_mixin.py:109} INFO - [2022-02-21 01:07:55,197] {dagbag.py:500} INFO - Filling up the DagBag from /home/airflow/.local/lib/python3.7/site-packages/airflow/example_dags/example_time_delta_sensor_async.py
[2022-02-21 01:07:55,222] {processor.py:654} INFO - DAG(s) dict_keys(['example_time_delta_sensor_async']) retrieved from /home/airflow/.local/lib/python3.7/site-packages/airflow/example_dags/example_time_delta_sensor_async.py
[2022-02-21 01:07:55,231] {logging_mixin.py:109} INFO - [2022-02-21 01:07:55,231] {dag.py:2396} INFO - Sync 1 DAGs
[2022-02-21 01:07:55,247] {logging_mixin.py:109} INFO - [2022-02-21 01:07:55,247] {dag.py:2935} INFO - Setting next_dagrun for example_time_delta_sensor_async to None
[2022-02-21 01:07:55,257] {processor.py:171} INFO - Processing /home/airflow/.local/lib/python3.7/site-packages/airflow/example_dags/example_time_delta_sensor_async.py took 0.064 seconds
[2022-02-21 01:08:25,328] {processor.py:163} INFO - Started process (PID=1348) to work on /home/airflow/.local/lib/python3.7/site-packages/airflow/example_dags/example_time_delta_sensor_async.py
[2022-02-21 01:08:25,330] {processor.py:642} INFO - Processing file /home/airflow/.local/lib/python3.7/site-packages/airflow/example_dags/example_time_delta_sensor_async.py for tasks to queue
[2022-02-21 01:08:25,331] {logging_mixin.py:109} INFO - [2022-02-21 01:08:25,331] {dagbag.py:500} INFO - Filling up the DagBag from /home/airflow/.local/lib/python3.7/site-packages/airflow/example_dags/example_time_delta_sensor_async.py
[2022-02-21 01:08:25,371] {processor.py:654} INFO - DAG(s) dict_keys(['example_time_delta_sensor_async']) retrieved from /home/airflow/.local/lib/python3.7/site-packages/airflow/example_dags/example_time_delta_sensor_async.py
[2022-02-21 01:08:25,383] {logging_mixin.py:109} INFO - [2022-02-21 01:08:25,383] {dag.py:2396} INFO - Sync 1 DAGs
[2022-02-21 01:08:25,404] {logging_mixin.py:109} INFO - [2022-02-21 01:08:25,403] {dag.py:2935} INFO - Setting next_dagrun for example_time_delta_sensor_async to None
[2022-02-21 01:08:25,416] {processor.py:171} INFO - Processing /home/airflow/.local/lib/python3.7/site-packages/airflow/example_dags/example_time_delta_sensor_async.py took 0.094 seconds
[2022-02-21 01:08:55,682] {processor.py:163} INFO - Started process (PID=1408) to work on /home/airflow/.local/lib/python3.7/site-packages/airflow/example_dags/example_time_delta_sensor_async.py
[2022-02-21 01:08:55,683] {processor.py:642} INFO - Processing file /home/airflow/.local/lib/python3.7/site-packages/airflow/example_dags/example_time_delta_sensor_async.py for tasks to queue
[2022-02-21 01:08:55,684] {logging_mixin.py:109} INFO - [2022-02-21 01:08:55,684] {dagbag.py:500} INFO - Filling up the DagBag from /home/airflow/.local/lib/python3.7/site-packages/airflow/example_dags/example_time_delta_sensor_async.py
[2022-02-21 01:08:55,716] {processor.py:654} INFO - DAG(s) dict_keys(['example_time_delta_sensor_async']) retrieved from /home/airflow/.local/lib/python3.7/site-packages/airflow/example_dags/example_time_delta_sensor_async.py
[2022-02-21 01:08:55,728] {logging_mixin.py:109} INFO - [2022-02-21 01:08:55,728] {dag.py:2396} INFO - Sync 1 DAGs
[2022-02-21 01:08:55,747] {logging_mixin.py:109} INFO - [2022-02-21 01:08:55,747] {dag.py:2935} INFO - Setting next_dagrun for example_time_delta_sensor_async to None
[2022-02-21 01:08:55,759] {processor.py:171} INFO - Processing /home/airflow/.local/lib/python3.7/site-packages/airflow/example_dags/example_time_delta_sensor_async.py took 0.081 seconds
[2022-02-21 01:09:26,227] {processor.py:163} INFO - Started process (PID=1459) to work on /home/airflow/.local/lib/python3.7/site-packages/airflow/example_dags/example_time_delta_sensor_async.py
[2022-02-21 01:09:26,229] {processor.py:642} INFO - Processing file /home/airflow/.local/lib/python3.7/site-packages/airflow/example_dags/example_time_delta_sensor_async.py for tasks to queue
[2022-02-21 01:09:26,230] {logging_mixin.py:109} INFO - [2022-02-21 01:09:26,230] {dagbag.py:500} INFO - Filling up the DagBag from /home/airflow/.local/lib/python3.7/site-packages/airflow/example_dags/example_time_delta_sensor_async.py
[2022-02-21 01:09:26,252] {processor.py:654} INFO - DAG(s) dict_keys(['example_time_delta_sensor_async']) retrieved from /home/airflow/.local/lib/python3.7/site-packages/airflow/example_dags/example_time_delta_sensor_async.py
[2022-02-21 01:09:26,260] {logging_mixin.py:109} INFO - [2022-02-21 01:09:26,260] {dag.py:2396} INFO - Sync 1 DAGs
[2022-02-21 01:09:26,273] {logging_mixin.py:109} INFO - [2022-02-21 01:09:26,273] {dag.py:2935} INFO - Setting next_dagrun for example_time_delta_sensor_async to None
[2022-02-21 01:09:26,283] {processor.py:171} INFO - Processing /home/airflow/.local/lib/python3.7/site-packages/airflow/example_dags/example_time_delta_sensor_async.py took 0.059 seconds
[2022-02-21 01:09:56,362] {processor.py:163} INFO - Started process (PID=1510) to work on /home/airflow/.local/lib/python3.7/site-packages/airflow/example_dags/example_time_delta_sensor_async.py
[2022-02-21 01:09:56,365] {processor.py:642} INFO - Processing file /home/airflow/.local/lib/python3.7/site-packages/airflow/example_dags/example_time_delta_sensor_async.py for tasks to queue
[2022-02-21 01:09:56,365] {logging_mixin.py:109} INFO - [2022-02-21 01:09:56,365] {dagbag.py:500} INFO - Filling up the DagBag from /home/airflow/.local/lib/python3.7/site-packages/airflow/example_dags/example_time_delta_sensor_async.py
[2022-02-21 01:09:56,421] {processor.py:654} INFO - DAG(s) dict_keys(['example_time_delta_sensor_async']) retrieved from /home/airflow/.local/lib/python3.7/site-packages/airflow/example_dags/example_time_delta_sensor_async.py
[2022-02-21 01:09:56,439] {logging_mixin.py:109} INFO - [2022-02-21 01:09:56,438] {dag.py:2396} INFO - Sync 1 DAGs
[2022-02-21 01:09:56,467] {logging_mixin.py:109} INFO - [2022-02-21 01:09:56,467] {dag.py:2935} INFO - Setting next_dagrun for example_time_delta_sensor_async to None
[2022-02-21 01:09:56,483] {processor.py:171} INFO - Processing /home/airflow/.local/lib/python3.7/site-packages/airflow/example_dags/example_time_delta_sensor_async.py took 0.128 seconds
[2022-02-21 01:10:26,715] {processor.py:163} INFO - Started process (PID=1561) to work on /home/airflow/.local/lib/python3.7/site-packages/airflow/example_dags/example_time_delta_sensor_async.py
[2022-02-21 01:10:26,717] {processor.py:642} INFO - Processing file /home/airflow/.local/lib/python3.7/site-packages/airflow/example_dags/example_time_delta_sensor_async.py for tasks to queue
[2022-02-21 01:10:26,718] {logging_mixin.py:109} INFO - [2022-02-21 01:10:26,717] {dagbag.py:500} INFO - Filling up the DagBag from /home/airflow/.local/lib/python3.7/site-packages/airflow/example_dags/example_time_delta_sensor_async.py
[2022-02-21 01:10:26,751] {processor.py:654} INFO - DAG(s) dict_keys(['example_time_delta_sensor_async']) retrieved from /home/airflow/.local/lib/python3.7/site-packages/airflow/example_dags/example_time_delta_sensor_async.py
[2022-02-21 01:10:26,764] {logging_mixin.py:109} INFO - [2022-02-21 01:10:26,764] {dag.py:2396} INFO - Sync 1 DAGs
[2022-02-21 01:10:26,785] {logging_mixin.py:109} INFO - [2022-02-21 01:10:26,785] {dag.py:2935} INFO - Setting next_dagrun for example_time_delta_sensor_async to None
[2022-02-21 01:10:26,798] {processor.py:171} INFO - Processing /home/airflow/.local/lib/python3.7/site-packages/airflow/example_dags/example_time_delta_sensor_async.py took 0.087 seconds
[2022-02-21 01:10:56,975] {processor.py:163} INFO - Started process (PID=1611) to work on /home/airflow/.local/lib/python3.7/site-packages/airflow/example_dags/example_time_delta_sensor_async.py
[2022-02-21 01:10:56,976] {processor.py:642} INFO - Processing file /home/airflow/.local/lib/python3.7/site-packages/airflow/example_dags/example_time_delta_sensor_async.py for tasks to queue
[2022-02-21 01:10:56,977] {logging_mixin.py:109} INFO - [2022-02-21 01:10:56,977] {dagbag.py:500} INFO - Filling up the DagBag from /home/airflow/.local/lib/python3.7/site-packages/airflow/example_dags/example_time_delta_sensor_async.py
[2022-02-21 01:10:57,004] {processor.py:654} INFO - DAG(s) dict_keys(['example_time_delta_sensor_async']) retrieved from /home/airflow/.local/lib/python3.7/site-packages/airflow/example_dags/example_time_delta_sensor_async.py
[2022-02-21 01:10:57,012] {logging_mixin.py:109} INFO - [2022-02-21 01:10:57,012] {dag.py:2396} INFO - Sync 1 DAGs
[2022-02-21 01:10:57,027] {logging_mixin.py:109} INFO - [2022-02-21 01:10:57,027] {dag.py:2935} INFO - Setting next_dagrun for example_time_delta_sensor_async to None
[2022-02-21 01:10:57,116] {processor.py:171} INFO - Processing /home/airflow/.local/lib/python3.7/site-packages/airflow/example_dags/example_time_delta_sensor_async.py took 0.146 seconds
[2022-02-21 01:11:27,304] {processor.py:163} INFO - Started process (PID=1661) to work on /home/airflow/.local/lib/python3.7/site-packages/airflow/example_dags/example_time_delta_sensor_async.py
[2022-02-21 01:11:27,306] {processor.py:642} INFO - Processing file /home/airflow/.local/lib/python3.7/site-packages/airflow/example_dags/example_time_delta_sensor_async.py for tasks to queue
[2022-02-21 01:11:27,307] {logging_mixin.py:109} INFO - [2022-02-21 01:11:27,306] {dagbag.py:500} INFO - Filling up the DagBag from /home/airflow/.local/lib/python3.7/site-packages/airflow/example_dags/example_time_delta_sensor_async.py
[2022-02-21 01:11:27,339] {processor.py:654} INFO - DAG(s) dict_keys(['example_time_delta_sensor_async']) retrieved from /home/airflow/.local/lib/python3.7/site-packages/airflow/example_dags/example_time_delta_sensor_async.py
[2022-02-21 01:11:27,351] {logging_mixin.py:109} INFO - [2022-02-21 01:11:27,351] {dag.py:2396} INFO - Sync 1 DAGs
[2022-02-21 01:11:27,477] {logging_mixin.py:109} INFO - [2022-02-21 01:11:27,476] {dag.py:2935} INFO - Setting next_dagrun for example_time_delta_sensor_async to None
[2022-02-21 01:11:27,488] {processor.py:171} INFO - Processing /home/airflow/.local/lib/python3.7/site-packages/airflow/example_dags/example_time_delta_sensor_async.py took 0.188 seconds
[2022-02-21 01:11:57,648] {processor.py:163} INFO - Started process (PID=1721) to work on /home/airflow/.local/lib/python3.7/site-packages/airflow/example_dags/example_time_delta_sensor_async.py
[2022-02-21 01:11:57,650] {processor.py:642} INFO - Processing file /home/airflow/.local/lib/python3.7/site-packages/airflow/example_dags/example_time_delta_sensor_async.py for tasks to queue
[2022-02-21 01:11:57,651] {logging_mixin.py:109} INFO - [2022-02-21 01:11:57,651] {dagbag.py:500} INFO - Filling up the DagBag from /home/airflow/.local/lib/python3.7/site-packages/airflow/example_dags/example_time_delta_sensor_async.py
[2022-02-21 01:11:57,707] {processor.py:654} INFO - DAG(s) dict_keys(['example_time_delta_sensor_async']) retrieved from /home/airflow/.local/lib/python3.7/site-packages/airflow/example_dags/example_time_delta_sensor_async.py
[2022-02-21 01:11:57,729] {logging_mixin.py:109} INFO - [2022-02-21 01:11:57,728] {dag.py:2396} INFO - Sync 1 DAGs
[2022-02-21 01:11:57,918] {logging_mixin.py:109} INFO - [2022-02-21 01:11:57,917] {dag.py:2935} INFO - Setting next_dagrun for example_time_delta_sensor_async to None
[2022-02-21 01:11:57,938] {processor.py:171} INFO - Processing /home/airflow/.local/lib/python3.7/site-packages/airflow/example_dags/example_time_delta_sensor_async.py took 0.298 seconds
[2022-02-21 01:12:28,008] {processor.py:163} INFO - Started process (PID=1772) to work on /home/airflow/.local/lib/python3.7/site-packages/airflow/example_dags/example_time_delta_sensor_async.py
[2022-02-21 01:12:28,010] {processor.py:642} INFO - Processing file /home/airflow/.local/lib/python3.7/site-packages/airflow/example_dags/example_time_delta_sensor_async.py for tasks to queue
[2022-02-21 01:12:28,011] {logging_mixin.py:109} INFO - [2022-02-21 01:12:28,011] {dagbag.py:500} INFO - Filling up the DagBag from /home/airflow/.local/lib/python3.7/site-packages/airflow/example_dags/example_time_delta_sensor_async.py
[2022-02-21 01:12:28,058] {processor.py:654} INFO - DAG(s) dict_keys(['example_time_delta_sensor_async']) retrieved from /home/airflow/.local/lib/python3.7/site-packages/airflow/example_dags/example_time_delta_sensor_async.py
[2022-02-21 01:12:28,235] {logging_mixin.py:109} INFO - [2022-02-21 01:12:28,234] {dag.py:2396} INFO - Sync 1 DAGs
[2022-02-21 01:12:28,262] {logging_mixin.py:109} INFO - [2022-02-21 01:12:28,262] {dag.py:2935} INFO - Setting next_dagrun for example_time_delta_sensor_async to None
[2022-02-21 01:12:28,279] {processor.py:171} INFO - Processing /home/airflow/.local/lib/python3.7/site-packages/airflow/example_dags/example_time_delta_sensor_async.py took 0.276 seconds
[2022-02-21 01:12:58,949] {processor.py:163} INFO - Started process (PID=1824) to work on /home/airflow/.local/lib/python3.7/site-packages/airflow/example_dags/example_time_delta_sensor_async.py
[2022-02-21 01:12:58,950] {processor.py:642} INFO - Processing file /home/airflow/.local/lib/python3.7/site-packages/airflow/example_dags/example_time_delta_sensor_async.py for tasks to queue
[2022-02-21 01:12:58,951] {logging_mixin.py:109} INFO - [2022-02-21 01:12:58,951] {dagbag.py:500} INFO - Filling up the DagBag from /home/airflow/.local/lib/python3.7/site-packages/airflow/example_dags/example_time_delta_sensor_async.py
[2022-02-21 01:12:59,064] {processor.py:654} INFO - DAG(s) dict_keys(['example_time_delta_sensor_async']) retrieved from /home/airflow/.local/lib/python3.7/site-packages/airflow/example_dags/example_time_delta_sensor_async.py
[2022-02-21 01:12:59,072] {logging_mixin.py:109} INFO - [2022-02-21 01:12:59,072] {dag.py:2396} INFO - Sync 1 DAGs
[2022-02-21 01:12:59,088] {logging_mixin.py:109} INFO - [2022-02-21 01:12:59,088] {dag.py:2935} INFO - Setting next_dagrun for example_time_delta_sensor_async to None
[2022-02-21 01:12:59,101] {processor.py:171} INFO - Processing /home/airflow/.local/lib/python3.7/site-packages/airflow/example_dags/example_time_delta_sensor_async.py took 0.156 seconds
[2022-02-21 01:13:29,622] {processor.py:163} INFO - Started process (PID=1875) to work on /home/airflow/.local/lib/python3.7/site-packages/airflow/example_dags/example_time_delta_sensor_async.py
[2022-02-21 01:13:29,626] {processor.py:642} INFO - Processing file /home/airflow/.local/lib/python3.7/site-packages/airflow/example_dags/example_time_delta_sensor_async.py for tasks to queue
[2022-02-21 01:13:29,627] {logging_mixin.py:109} INFO - [2022-02-21 01:13:29,627] {dagbag.py:500} INFO - Filling up the DagBag from /home/airflow/.local/lib/python3.7/site-packages/airflow/example_dags/example_time_delta_sensor_async.py
[2022-02-21 01:13:29,851] {processor.py:654} INFO - DAG(s) dict_keys(['example_time_delta_sensor_async']) retrieved from /home/airflow/.local/lib/python3.7/site-packages/airflow/example_dags/example_time_delta_sensor_async.py
[2022-02-21 01:13:29,868] {logging_mixin.py:109} INFO - [2022-02-21 01:13:29,868] {dag.py:2396} INFO - Sync 1 DAGs
[2022-02-21 01:13:29,898] {logging_mixin.py:109} INFO - [2022-02-21 01:13:29,898] {dag.py:2935} INFO - Setting next_dagrun for example_time_delta_sensor_async to None
[2022-02-21 01:13:29,913] {processor.py:171} INFO - Processing /home/airflow/.local/lib/python3.7/site-packages/airflow/example_dags/example_time_delta_sensor_async.py took 0.302 seconds
[2022-02-21 01:13:59,996] {processor.py:163} INFO - Started process (PID=1934) to work on /home/airflow/.local/lib/python3.7/site-packages/airflow/example_dags/example_time_delta_sensor_async.py
[2022-02-21 01:13:59,998] {processor.py:642} INFO - Processing file /home/airflow/.local/lib/python3.7/site-packages/airflow/example_dags/example_time_delta_sensor_async.py for tasks to queue
[2022-02-21 01:13:59,999] {logging_mixin.py:109} INFO - [2022-02-21 01:13:59,998] {dagbag.py:500} INFO - Filling up the DagBag from /home/airflow/.local/lib/python3.7/site-packages/airflow/example_dags/example_time_delta_sensor_async.py
[2022-02-21 01:14:00,207] {processor.py:654} INFO - DAG(s) dict_keys(['example_time_delta_sensor_async']) retrieved from /home/airflow/.local/lib/python3.7/site-packages/airflow/example_dags/example_time_delta_sensor_async.py
[2022-02-21 01:14:00,231] {logging_mixin.py:109} INFO - [2022-02-21 01:14:00,231] {dag.py:2396} INFO - Sync 1 DAGs
[2022-02-21 01:14:00,266] {logging_mixin.py:109} INFO - [2022-02-21 01:14:00,266] {dag.py:2935} INFO - Setting next_dagrun for example_time_delta_sensor_async to None
[2022-02-21 01:14:00,281] {processor.py:171} INFO - Processing /home/airflow/.local/lib/python3.7/site-packages/airflow/example_dags/example_time_delta_sensor_async.py took 0.292 seconds
[2022-02-21 01:14:30,489] {processor.py:163} INFO - Started process (PID=1985) to work on /home/airflow/.local/lib/python3.7/site-packages/airflow/example_dags/example_time_delta_sensor_async.py
[2022-02-21 01:14:30,490] {processor.py:642} INFO - Processing file /home/airflow/.local/lib/python3.7/site-packages/airflow/example_dags/example_time_delta_sensor_async.py for tasks to queue
[2022-02-21 01:14:30,491] {logging_mixin.py:109} INFO - [2022-02-21 01:14:30,491] {dagbag.py:500} INFO - Filling up the DagBag from /home/airflow/.local/lib/python3.7/site-packages/airflow/example_dags/example_time_delta_sensor_async.py
[2022-02-21 01:14:30,621] {processor.py:654} INFO - DAG(s) dict_keys(['example_time_delta_sensor_async']) retrieved from /home/airflow/.local/lib/python3.7/site-packages/airflow/example_dags/example_time_delta_sensor_async.py
[2022-02-21 01:14:30,633] {logging_mixin.py:109} INFO - [2022-02-21 01:14:30,633] {dag.py:2396} INFO - Sync 1 DAGs
[2022-02-21 01:14:30,651] {logging_mixin.py:109} INFO - [2022-02-21 01:14:30,651] {dag.py:2935} INFO - Setting next_dagrun for example_time_delta_sensor_async to None
[2022-02-21 01:14:30,665] {processor.py:171} INFO - Processing /home/airflow/.local/lib/python3.7/site-packages/airflow/example_dags/example_time_delta_sensor_async.py took 0.180 seconds
[2022-02-21 01:15:00,715] {processor.py:163} INFO - Started process (PID=2036) to work on /home/airflow/.local/lib/python3.7/site-packages/airflow/example_dags/example_time_delta_sensor_async.py
[2022-02-21 01:15:00,716] {processor.py:642} INFO - Processing file /home/airflow/.local/lib/python3.7/site-packages/airflow/example_dags/example_time_delta_sensor_async.py for tasks to queue
[2022-02-21 01:15:00,716] {logging_mixin.py:109} INFO - [2022-02-21 01:15:00,716] {dagbag.py:500} INFO - Filling up the DagBag from /home/airflow/.local/lib/python3.7/site-packages/airflow/example_dags/example_time_delta_sensor_async.py
[2022-02-21 01:15:00,742] {processor.py:654} INFO - DAG(s) dict_keys(['example_time_delta_sensor_async']) retrieved from /home/airflow/.local/lib/python3.7/site-packages/airflow/example_dags/example_time_delta_sensor_async.py
[2022-02-21 01:15:00,751] {logging_mixin.py:109} INFO - [2022-02-21 01:15:00,751] {dag.py:2396} INFO - Sync 1 DAGs
[2022-02-21 01:15:00,764] {logging_mixin.py:109} INFO - [2022-02-21 01:15:00,764] {dag.py:2935} INFO - Setting next_dagrun for example_time_delta_sensor_async to None
[2022-02-21 01:15:00,774] {processor.py:171} INFO - Processing /home/airflow/.local/lib/python3.7/site-packages/airflow/example_dags/example_time_delta_sensor_async.py took 0.063 seconds
[2022-02-21 01:15:31,413] {processor.py:163} INFO - Started process (PID=2086) to work on /home/airflow/.local/lib/python3.7/site-packages/airflow/example_dags/example_time_delta_sensor_async.py
[2022-02-21 01:15:31,415] {processor.py:642} INFO - Processing file /home/airflow/.local/lib/python3.7/site-packages/airflow/example_dags/example_time_delta_sensor_async.py for tasks to queue
[2022-02-21 01:15:31,416] {logging_mixin.py:109} INFO - [2022-02-21 01:15:31,416] {dagbag.py:500} INFO - Filling up the DagBag from /home/airflow/.local/lib/python3.7/site-packages/airflow/example_dags/example_time_delta_sensor_async.py
[2022-02-21 01:15:31,458] {processor.py:654} INFO - DAG(s) dict_keys(['example_time_delta_sensor_async']) retrieved from /home/airflow/.local/lib/python3.7/site-packages/airflow/example_dags/example_time_delta_sensor_async.py
[2022-02-21 01:15:31,471] {logging_mixin.py:109} INFO - [2022-02-21 01:15:31,470] {dag.py:2396} INFO - Sync 1 DAGs
[2022-02-21 01:15:31,491] {logging_mixin.py:109} INFO - [2022-02-21 01:15:31,491] {dag.py:2935} INFO - Setting next_dagrun for example_time_delta_sensor_async to None
[2022-02-21 01:15:31,505] {processor.py:171} INFO - Processing /home/airflow/.local/lib/python3.7/site-packages/airflow/example_dags/example_time_delta_sensor_async.py took 0.098 seconds
[2022-02-21 01:16:01,969] {processor.py:163} INFO - Started process (PID=2138) to work on /home/airflow/.local/lib/python3.7/site-packages/airflow/example_dags/example_time_delta_sensor_async.py
[2022-02-21 01:16:01,972] {processor.py:642} INFO - Processing file /home/airflow/.local/lib/python3.7/site-packages/airflow/example_dags/example_time_delta_sensor_async.py for tasks to queue
[2022-02-21 01:16:01,973] {logging_mixin.py:109} INFO - [2022-02-21 01:16:01,973] {dagbag.py:500} INFO - Filling up the DagBag from /home/airflow/.local/lib/python3.7/site-packages/airflow/example_dags/example_time_delta_sensor_async.py
[2022-02-21 01:16:02,049] {processor.py:654} INFO - DAG(s) dict_keys(['example_time_delta_sensor_async']) retrieved from /home/airflow/.local/lib/python3.7/site-packages/airflow/example_dags/example_time_delta_sensor_async.py
[2022-02-21 01:16:02,068] {logging_mixin.py:109} INFO - [2022-02-21 01:16:02,068] {dag.py:2396} INFO - Sync 1 DAGs
[2022-02-21 01:16:02,104] {logging_mixin.py:109} INFO - [2022-02-21 01:16:02,103] {dag.py:2935} INFO - Setting next_dagrun for example_time_delta_sensor_async to None
[2022-02-21 01:16:02,126] {processor.py:171} INFO - Processing /home/airflow/.local/lib/python3.7/site-packages/airflow/example_dags/example_time_delta_sensor_async.py took 0.164 seconds
[2022-02-21 01:16:32,320] {processor.py:163} INFO - Started process (PID=2180) to work on /home/airflow/.local/lib/python3.7/site-packages/airflow/example_dags/example_time_delta_sensor_async.py
[2022-02-21 01:16:32,321] {processor.py:642} INFO - Processing file /home/airflow/.local/lib/python3.7/site-packages/airflow/example_dags/example_time_delta_sensor_async.py for tasks to queue
[2022-02-21 01:16:32,322] {logging_mixin.py:109} INFO - [2022-02-21 01:16:32,322] {dagbag.py:500} INFO - Filling up the DagBag from /home/airflow/.local/lib/python3.7/site-packages/airflow/example_dags/example_time_delta_sensor_async.py
[2022-02-21 01:16:32,344] {processor.py:654} INFO - DAG(s) dict_keys(['example_time_delta_sensor_async']) retrieved from /home/airflow/.local/lib/python3.7/site-packages/airflow/example_dags/example_time_delta_sensor_async.py
[2022-02-21 01:16:32,352] {logging_mixin.py:109} INFO - [2022-02-21 01:16:32,352] {dag.py:2396} INFO - Sync 1 DAGs
[2022-02-21 01:16:32,366] {logging_mixin.py:109} INFO - [2022-02-21 01:16:32,366] {dag.py:2935} INFO - Setting next_dagrun for example_time_delta_sensor_async to None
[2022-02-21 01:16:32,375] {processor.py:171} INFO - Processing /home/airflow/.local/lib/python3.7/site-packages/airflow/example_dags/example_time_delta_sensor_async.py took 0.058 seconds
[2022-02-21 01:17:02,733] {processor.py:163} INFO - Started process (PID=2231) to work on /home/airflow/.local/lib/python3.7/site-packages/airflow/example_dags/example_time_delta_sensor_async.py
[2022-02-21 01:17:02,734] {processor.py:642} INFO - Processing file /home/airflow/.local/lib/python3.7/site-packages/airflow/example_dags/example_time_delta_sensor_async.py for tasks to queue
[2022-02-21 01:17:02,735] {logging_mixin.py:109} INFO - [2022-02-21 01:17:02,735] {dagbag.py:500} INFO - Filling up the DagBag from /home/airflow/.local/lib/python3.7/site-packages/airflow/example_dags/example_time_delta_sensor_async.py
[2022-02-21 01:17:02,773] {processor.py:654} INFO - DAG(s) dict_keys(['example_time_delta_sensor_async']) retrieved from /home/airflow/.local/lib/python3.7/site-packages/airflow/example_dags/example_time_delta_sensor_async.py
[2022-02-21 01:17:02,785] {logging_mixin.py:109} INFO - [2022-02-21 01:17:02,784] {dag.py:2396} INFO - Sync 1 DAGs
[2022-02-21 01:17:02,806] {logging_mixin.py:109} INFO - [2022-02-21 01:17:02,806] {dag.py:2935} INFO - Setting next_dagrun for example_time_delta_sensor_async to None
[2022-02-21 01:17:02,820] {processor.py:171} INFO - Processing /home/airflow/.local/lib/python3.7/site-packages/airflow/example_dags/example_time_delta_sensor_async.py took 0.091 seconds
[2022-02-21 01:17:33,058] {processor.py:163} INFO - Started process (PID=2291) to work on /home/airflow/.local/lib/python3.7/site-packages/airflow/example_dags/example_time_delta_sensor_async.py
[2022-02-21 01:17:33,060] {processor.py:642} INFO - Processing file /home/airflow/.local/lib/python3.7/site-packages/airflow/example_dags/example_time_delta_sensor_async.py for tasks to queue
[2022-02-21 01:17:33,061] {logging_mixin.py:109} INFO - [2022-02-21 01:17:33,061] {dagbag.py:500} INFO - Filling up the DagBag from /home/airflow/.local/lib/python3.7/site-packages/airflow/example_dags/example_time_delta_sensor_async.py
[2022-02-21 01:17:33,098] {processor.py:654} INFO - DAG(s) dict_keys(['example_time_delta_sensor_async']) retrieved from /home/airflow/.local/lib/python3.7/site-packages/airflow/example_dags/example_time_delta_sensor_async.py
[2022-02-21 01:17:33,111] {logging_mixin.py:109} INFO - [2022-02-21 01:17:33,111] {dag.py:2396} INFO - Sync 1 DAGs
[2022-02-21 01:17:33,133] {logging_mixin.py:109} INFO - [2022-02-21 01:17:33,133] {dag.py:2935} INFO - Setting next_dagrun for example_time_delta_sensor_async to None
[2022-02-21 01:17:33,146] {processor.py:171} INFO - Processing /home/airflow/.local/lib/python3.7/site-packages/airflow/example_dags/example_time_delta_sensor_async.py took 0.093 seconds
[2022-02-21 01:18:03,546] {processor.py:163} INFO - Started process (PID=2341) to work on /home/airflow/.local/lib/python3.7/site-packages/airflow/example_dags/example_time_delta_sensor_async.py
[2022-02-21 01:18:03,547] {processor.py:642} INFO - Processing file /home/airflow/.local/lib/python3.7/site-packages/airflow/example_dags/example_time_delta_sensor_async.py for tasks to queue
[2022-02-21 01:18:03,548] {logging_mixin.py:109} INFO - [2022-02-21 01:18:03,548] {dagbag.py:500} INFO - Filling up the DagBag from /home/airflow/.local/lib/python3.7/site-packages/airflow/example_dags/example_time_delta_sensor_async.py
[2022-02-21 01:18:03,575] {processor.py:654} INFO - DAG(s) dict_keys(['example_time_delta_sensor_async']) retrieved from /home/airflow/.local/lib/python3.7/site-packages/airflow/example_dags/example_time_delta_sensor_async.py
[2022-02-21 01:18:03,585] {logging_mixin.py:109} INFO - [2022-02-21 01:18:03,585] {dag.py:2396} INFO - Sync 1 DAGs
[2022-02-21 01:18:03,601] {logging_mixin.py:109} INFO - [2022-02-21 01:18:03,601] {dag.py:2935} INFO - Setting next_dagrun for example_time_delta_sensor_async to None
[2022-02-21 01:18:03,613] {processor.py:171} INFO - Processing /home/airflow/.local/lib/python3.7/site-packages/airflow/example_dags/example_time_delta_sensor_async.py took 0.069 seconds
[2022-02-21 01:18:33,750] {processor.py:163} INFO - Started process (PID=2392) to work on /home/airflow/.local/lib/python3.7/site-packages/airflow/example_dags/example_time_delta_sensor_async.py
[2022-02-21 01:18:33,752] {processor.py:642} INFO - Processing file /home/airflow/.local/lib/python3.7/site-packages/airflow/example_dags/example_time_delta_sensor_async.py for tasks to queue
[2022-02-21 01:18:33,752] {logging_mixin.py:109} INFO - [2022-02-21 01:18:33,752] {dagbag.py:500} INFO - Filling up the DagBag from /home/airflow/.local/lib/python3.7/site-packages/airflow/example_dags/example_time_delta_sensor_async.py
[2022-02-21 01:18:33,786] {processor.py:654} INFO - DAG(s) dict_keys(['example_time_delta_sensor_async']) retrieved from /home/airflow/.local/lib/python3.7/site-packages/airflow/example_dags/example_time_delta_sensor_async.py
[2022-02-21 01:18:33,798] {logging_mixin.py:109} INFO - [2022-02-21 01:18:33,798] {dag.py:2396} INFO - Sync 1 DAGs
[2022-02-21 01:18:33,823] {logging_mixin.py:109} INFO - [2022-02-21 01:18:33,823] {dag.py:2935} INFO - Setting next_dagrun for example_time_delta_sensor_async to None
[2022-02-21 01:18:33,839] {processor.py:171} INFO - Processing /home/airflow/.local/lib/python3.7/site-packages/airflow/example_dags/example_time_delta_sensor_async.py took 0.094 seconds
[2022-02-21 01:19:03,914] {processor.py:163} INFO - Started process (PID=2451) to work on /home/airflow/.local/lib/python3.7/site-packages/airflow/example_dags/example_time_delta_sensor_async.py
[2022-02-21 01:19:03,915] {processor.py:642} INFO - Processing file /home/airflow/.local/lib/python3.7/site-packages/airflow/example_dags/example_time_delta_sensor_async.py for tasks to queue
[2022-02-21 01:19:03,916] {logging_mixin.py:109} INFO - [2022-02-21 01:19:03,916] {dagbag.py:500} INFO - Filling up the DagBag from /home/airflow/.local/lib/python3.7/site-packages/airflow/example_dags/example_time_delta_sensor_async.py
[2022-02-21 01:19:03,952] {processor.py:654} INFO - DAG(s) dict_keys(['example_time_delta_sensor_async']) retrieved from /home/airflow/.local/lib/python3.7/site-packages/airflow/example_dags/example_time_delta_sensor_async.py
[2022-02-21 01:19:03,967] {logging_mixin.py:109} INFO - [2022-02-21 01:19:03,966] {dag.py:2396} INFO - Sync 1 DAGs
[2022-02-21 01:19:03,989] {logging_mixin.py:109} INFO - [2022-02-21 01:19:03,988] {dag.py:2935} INFO - Setting next_dagrun for example_time_delta_sensor_async to None
[2022-02-21 01:19:04,003] {processor.py:171} INFO - Processing /home/airflow/.local/lib/python3.7/site-packages/airflow/example_dags/example_time_delta_sensor_async.py took 0.092 seconds
[2022-02-21 01:19:34,196] {processor.py:163} INFO - Started process (PID=2502) to work on /home/airflow/.local/lib/python3.7/site-packages/airflow/example_dags/example_time_delta_sensor_async.py
[2022-02-21 01:19:34,197] {processor.py:642} INFO - Processing file /home/airflow/.local/lib/python3.7/site-packages/airflow/example_dags/example_time_delta_sensor_async.py for tasks to queue
[2022-02-21 01:19:34,197] {logging_mixin.py:109} INFO - [2022-02-21 01:19:34,197] {dagbag.py:500} INFO - Filling up the DagBag from /home/airflow/.local/lib/python3.7/site-packages/airflow/example_dags/example_time_delta_sensor_async.py
[2022-02-21 01:19:34,222] {processor.py:654} INFO - DAG(s) dict_keys(['example_time_delta_sensor_async']) retrieved from /home/airflow/.local/lib/python3.7/site-packages/airflow/example_dags/example_time_delta_sensor_async.py
[2022-02-21 01:19:34,231] {logging_mixin.py:109} INFO - [2022-02-21 01:19:34,231] {dag.py:2396} INFO - Sync 1 DAGs
[2022-02-21 01:19:34,245] {logging_mixin.py:109} INFO - [2022-02-21 01:19:34,245] {dag.py:2935} INFO - Setting next_dagrun for example_time_delta_sensor_async to None
[2022-02-21 01:19:34,259] {processor.py:171} INFO - Processing /home/airflow/.local/lib/python3.7/site-packages/airflow/example_dags/example_time_delta_sensor_async.py took 0.066 seconds
[2022-02-21 01:20:04,351] {processor.py:163} INFO - Started process (PID=2552) to work on /home/airflow/.local/lib/python3.7/site-packages/airflow/example_dags/example_time_delta_sensor_async.py
[2022-02-21 01:20:04,352] {processor.py:642} INFO - Processing file /home/airflow/.local/lib/python3.7/site-packages/airflow/example_dags/example_time_delta_sensor_async.py for tasks to queue
[2022-02-21 01:20:04,353] {logging_mixin.py:109} INFO - [2022-02-21 01:20:04,353] {dagbag.py:500} INFO - Filling up the DagBag from /home/airflow/.local/lib/python3.7/site-packages/airflow/example_dags/example_time_delta_sensor_async.py
[2022-02-21 01:20:04,381] {processor.py:654} INFO - DAG(s) dict_keys(['example_time_delta_sensor_async']) retrieved from /home/airflow/.local/lib/python3.7/site-packages/airflow/example_dags/example_time_delta_sensor_async.py
[2022-02-21 01:20:04,393] {logging_mixin.py:109} INFO - [2022-02-21 01:20:04,393] {dag.py:2396} INFO - Sync 1 DAGs
[2022-02-21 01:20:04,411] {logging_mixin.py:109} INFO - [2022-02-21 01:20:04,411] {dag.py:2935} INFO - Setting next_dagrun for example_time_delta_sensor_async to None
[2022-02-21 01:20:04,423] {processor.py:171} INFO - Processing /home/airflow/.local/lib/python3.7/site-packages/airflow/example_dags/example_time_delta_sensor_async.py took 0.077 seconds
[2022-02-21 01:20:34,854] {processor.py:163} INFO - Started process (PID=2603) to work on /home/airflow/.local/lib/python3.7/site-packages/airflow/example_dags/example_time_delta_sensor_async.py
[2022-02-21 01:20:34,856] {processor.py:642} INFO - Processing file /home/airflow/.local/lib/python3.7/site-packages/airflow/example_dags/example_time_delta_sensor_async.py for tasks to queue
[2022-02-21 01:20:34,858] {logging_mixin.py:109} INFO - [2022-02-21 01:20:34,857] {dagbag.py:500} INFO - Filling up the DagBag from /home/airflow/.local/lib/python3.7/site-packages/airflow/example_dags/example_time_delta_sensor_async.py
[2022-02-21 01:20:34,898] {processor.py:654} INFO - DAG(s) dict_keys(['example_time_delta_sensor_async']) retrieved from /home/airflow/.local/lib/python3.7/site-packages/airflow/example_dags/example_time_delta_sensor_async.py
[2022-02-21 01:20:34,910] {logging_mixin.py:109} INFO - [2022-02-21 01:20:34,909] {dag.py:2396} INFO - Sync 1 DAGs
[2022-02-21 01:20:34,929] {logging_mixin.py:109} INFO - [2022-02-21 01:20:34,929] {dag.py:2935} INFO - Setting next_dagrun for example_time_delta_sensor_async to None
[2022-02-21 01:20:34,942] {processor.py:171} INFO - Processing /home/airflow/.local/lib/python3.7/site-packages/airflow/example_dags/example_time_delta_sensor_async.py took 0.093 seconds
[2022-02-21 01:21:05,293] {processor.py:163} INFO - Started process (PID=2653) to work on /home/airflow/.local/lib/python3.7/site-packages/airflow/example_dags/example_time_delta_sensor_async.py
[2022-02-21 01:21:05,294] {processor.py:642} INFO - Processing file /home/airflow/.local/lib/python3.7/site-packages/airflow/example_dags/example_time_delta_sensor_async.py for tasks to queue
[2022-02-21 01:21:05,295] {logging_mixin.py:109} INFO - [2022-02-21 01:21:05,295] {dagbag.py:500} INFO - Filling up the DagBag from /home/airflow/.local/lib/python3.7/site-packages/airflow/example_dags/example_time_delta_sensor_async.py
[2022-02-21 01:21:05,326] {processor.py:654} INFO - DAG(s) dict_keys(['example_time_delta_sensor_async']) retrieved from /home/airflow/.local/lib/python3.7/site-packages/airflow/example_dags/example_time_delta_sensor_async.py
[2022-02-21 01:21:05,337] {logging_mixin.py:109} INFO - [2022-02-21 01:21:05,337] {dag.py:2396} INFO - Sync 1 DAGs
[2022-02-21 01:21:05,356] {logging_mixin.py:109} INFO - [2022-02-21 01:21:05,356] {dag.py:2935} INFO - Setting next_dagrun for example_time_delta_sensor_async to None
[2022-02-21 01:21:05,371] {processor.py:171} INFO - Processing /home/airflow/.local/lib/python3.7/site-packages/airflow/example_dags/example_time_delta_sensor_async.py took 0.082 seconds
[2022-02-21 01:21:35,938] {processor.py:163} INFO - Started process (PID=2712) to work on /home/airflow/.local/lib/python3.7/site-packages/airflow/example_dags/example_time_delta_sensor_async.py
[2022-02-21 01:21:35,940] {processor.py:642} INFO - Processing file /home/airflow/.local/lib/python3.7/site-packages/airflow/example_dags/example_time_delta_sensor_async.py for tasks to queue
[2022-02-21 01:21:35,941] {logging_mixin.py:109} INFO - [2022-02-21 01:21:35,941] {dagbag.py:500} INFO - Filling up the DagBag from /home/airflow/.local/lib/python3.7/site-packages/airflow/example_dags/example_time_delta_sensor_async.py
[2022-02-21 01:21:35,981] {processor.py:654} INFO - DAG(s) dict_keys(['example_time_delta_sensor_async']) retrieved from /home/airflow/.local/lib/python3.7/site-packages/airflow/example_dags/example_time_delta_sensor_async.py
[2022-02-21 01:21:35,996] {logging_mixin.py:109} INFO - [2022-02-21 01:21:35,995] {dag.py:2396} INFO - Sync 1 DAGs
[2022-02-21 01:21:36,022] {logging_mixin.py:109} INFO - [2022-02-21 01:21:36,022] {dag.py:2935} INFO - Setting next_dagrun for example_time_delta_sensor_async to None
[2022-02-21 01:21:36,037] {processor.py:171} INFO - Processing /home/airflow/.local/lib/python3.7/site-packages/airflow/example_dags/example_time_delta_sensor_async.py took 0.104 seconds
