[2022-02-21 00:58:49,545] {processor.py:163} INFO - Started process (PID=286) to work on /home/airflow/.local/lib/python3.7/site-packages/airflow/example_dags/example_branch_python_dop_operator_3.py
[2022-02-21 00:58:49,547] {processor.py:642} INFO - Processing file /home/airflow/.local/lib/python3.7/site-packages/airflow/example_dags/example_branch_python_dop_operator_3.py for tasks to queue
[2022-02-21 00:58:49,548] {logging_mixin.py:109} INFO - [2022-02-21 00:58:49,547] {dagbag.py:500} INFO - Filling up the DagBag from /home/airflow/.local/lib/python3.7/site-packages/airflow/example_dags/example_branch_python_dop_operator_3.py
[2022-02-21 00:58:49,592] {processor.py:654} INFO - DAG(s) dict_keys(['example_branch_dop_operator_v3']) retrieved from /home/airflow/.local/lib/python3.7/site-packages/airflow/example_dags/example_branch_python_dop_operator_3.py
[2022-02-21 00:58:52,147] {logging_mixin.py:109} INFO - [2022-02-21 00:58:52,147] {manager.py:496} INFO - Created Permission View: can edit on DAG:example_branch_dop_operator_v3
[2022-02-21 00:58:52,159] {logging_mixin.py:109} INFO - [2022-02-21 00:58:52,159] {manager.py:496} INFO - Created Permission View: can read on DAG:example_branch_dop_operator_v3
[2022-02-21 00:58:52,160] {logging_mixin.py:109} INFO - [2022-02-21 00:58:52,159] {dag.py:2396} INFO - Sync 1 DAGs
[2022-02-21 00:58:52,169] {logging_mixin.py:109} INFO - [2022-02-21 00:58:52,169] {dag.py:2415} INFO - Creating ORM DAG for example_branch_dop_operator_v3
[2022-02-21 00:58:52,184] {logging_mixin.py:109} INFO - [2022-02-21 00:58:52,184] {dag.py:2935} INFO - Setting next_dagrun for example_branch_dop_operator_v3 to 2022-02-21T00:57:00+00:00
[2022-02-21 00:58:52,223] {processor.py:171} INFO - Processing /home/airflow/.local/lib/python3.7/site-packages/airflow/example_dags/example_branch_python_dop_operator_3.py took 2.682 seconds
[2022-02-21 00:59:22,284] {processor.py:163} INFO - Started process (PID=402) to work on /home/airflow/.local/lib/python3.7/site-packages/airflow/example_dags/example_branch_python_dop_operator_3.py
[2022-02-21 00:59:22,285] {processor.py:642} INFO - Processing file /home/airflow/.local/lib/python3.7/site-packages/airflow/example_dags/example_branch_python_dop_operator_3.py for tasks to queue
[2022-02-21 00:59:22,286] {logging_mixin.py:109} INFO - [2022-02-21 00:59:22,286] {dagbag.py:500} INFO - Filling up the DagBag from /home/airflow/.local/lib/python3.7/site-packages/airflow/example_dags/example_branch_python_dop_operator_3.py
[2022-02-21 00:59:22,311] {processor.py:654} INFO - DAG(s) dict_keys(['example_branch_dop_operator_v3']) retrieved from /home/airflow/.local/lib/python3.7/site-packages/airflow/example_dags/example_branch_python_dop_operator_3.py
[2022-02-21 00:59:22,322] {logging_mixin.py:109} INFO - [2022-02-21 00:59:22,321] {dag.py:2396} INFO - Sync 1 DAGs
[2022-02-21 00:59:22,337] {logging_mixin.py:109} INFO - [2022-02-21 00:59:22,337] {dag.py:2935} INFO - Setting next_dagrun for example_branch_dop_operator_v3 to 2022-02-21T00:58:00+00:00
[2022-02-21 00:59:22,347] {processor.py:171} INFO - Processing /home/airflow/.local/lib/python3.7/site-packages/airflow/example_dags/example_branch_python_dop_operator_3.py took 0.066 seconds
[2022-02-21 00:59:53,171] {processor.py:163} INFO - Started process (PID=454) to work on /home/airflow/.local/lib/python3.7/site-packages/airflow/example_dags/example_branch_python_dop_operator_3.py
[2022-02-21 00:59:53,172] {processor.py:642} INFO - Processing file /home/airflow/.local/lib/python3.7/site-packages/airflow/example_dags/example_branch_python_dop_operator_3.py for tasks to queue
[2022-02-21 00:59:53,173] {logging_mixin.py:109} INFO - [2022-02-21 00:59:53,173] {dagbag.py:500} INFO - Filling up the DagBag from /home/airflow/.local/lib/python3.7/site-packages/airflow/example_dags/example_branch_python_dop_operator_3.py
[2022-02-21 00:59:53,207] {processor.py:654} INFO - DAG(s) dict_keys(['example_branch_dop_operator_v3']) retrieved from /home/airflow/.local/lib/python3.7/site-packages/airflow/example_dags/example_branch_python_dop_operator_3.py
[2022-02-21 00:59:53,216] {logging_mixin.py:109} INFO - [2022-02-21 00:59:53,216] {dag.py:2396} INFO - Sync 1 DAGs
[2022-02-21 00:59:53,234] {logging_mixin.py:109} INFO - [2022-02-21 00:59:53,234] {dag.py:2935} INFO - Setting next_dagrun for example_branch_dop_operator_v3 to 2022-02-21T00:58:00+00:00
[2022-02-21 00:59:53,242] {processor.py:171} INFO - Processing /home/airflow/.local/lib/python3.7/site-packages/airflow/example_dags/example_branch_python_dop_operator_3.py took 0.074 seconds
[2022-02-21 01:00:24,113] {processor.py:163} INFO - Started process (PID=514) to work on /home/airflow/.local/lib/python3.7/site-packages/airflow/example_dags/example_branch_python_dop_operator_3.py
[2022-02-21 01:00:24,115] {processor.py:642} INFO - Processing file /home/airflow/.local/lib/python3.7/site-packages/airflow/example_dags/example_branch_python_dop_operator_3.py for tasks to queue
[2022-02-21 01:00:24,116] {logging_mixin.py:109} INFO - [2022-02-21 01:00:24,116] {dagbag.py:500} INFO - Filling up the DagBag from /home/airflow/.local/lib/python3.7/site-packages/airflow/example_dags/example_branch_python_dop_operator_3.py
[2022-02-21 01:00:24,164] {processor.py:654} INFO - DAG(s) dict_keys(['example_branch_dop_operator_v3']) retrieved from /home/airflow/.local/lib/python3.7/site-packages/airflow/example_dags/example_branch_python_dop_operator_3.py
[2022-02-21 01:00:24,183] {logging_mixin.py:109} INFO - [2022-02-21 01:00:24,183] {dag.py:2396} INFO - Sync 1 DAGs
[2022-02-21 01:00:24,220] {logging_mixin.py:109} INFO - [2022-02-21 01:00:24,220] {dag.py:2935} INFO - Setting next_dagrun for example_branch_dop_operator_v3 to 2022-02-21T00:59:00+00:00
[2022-02-21 01:00:24,234] {processor.py:171} INFO - Processing /home/airflow/.local/lib/python3.7/site-packages/airflow/example_dags/example_branch_python_dop_operator_3.py took 0.126 seconds
[2022-02-21 01:00:54,314] {processor.py:163} INFO - Started process (PID=565) to work on /home/airflow/.local/lib/python3.7/site-packages/airflow/example_dags/example_branch_python_dop_operator_3.py
[2022-02-21 01:00:54,315] {processor.py:642} INFO - Processing file /home/airflow/.local/lib/python3.7/site-packages/airflow/example_dags/example_branch_python_dop_operator_3.py for tasks to queue
[2022-02-21 01:00:54,316] {logging_mixin.py:109} INFO - [2022-02-21 01:00:54,316] {dagbag.py:500} INFO - Filling up the DagBag from /home/airflow/.local/lib/python3.7/site-packages/airflow/example_dags/example_branch_python_dop_operator_3.py
[2022-02-21 01:00:54,348] {processor.py:654} INFO - DAG(s) dict_keys(['example_branch_dop_operator_v3']) retrieved from /home/airflow/.local/lib/python3.7/site-packages/airflow/example_dags/example_branch_python_dop_operator_3.py
[2022-02-21 01:00:54,357] {logging_mixin.py:109} INFO - [2022-02-21 01:00:54,357] {dag.py:2396} INFO - Sync 1 DAGs
[2022-02-21 01:00:54,374] {logging_mixin.py:109} INFO - [2022-02-21 01:00:54,373] {dag.py:2935} INFO - Setting next_dagrun for example_branch_dop_operator_v3 to 2022-02-21T00:59:00+00:00
[2022-02-21 01:00:54,382] {processor.py:171} INFO - Processing /home/airflow/.local/lib/python3.7/site-packages/airflow/example_dags/example_branch_python_dop_operator_3.py took 0.072 seconds
[2022-02-21 01:01:24,444] {processor.py:163} INFO - Started process (PID=616) to work on /home/airflow/.local/lib/python3.7/site-packages/airflow/example_dags/example_branch_python_dop_operator_3.py
[2022-02-21 01:01:24,446] {processor.py:642} INFO - Processing file /home/airflow/.local/lib/python3.7/site-packages/airflow/example_dags/example_branch_python_dop_operator_3.py for tasks to queue
[2022-02-21 01:01:24,446] {logging_mixin.py:109} INFO - [2022-02-21 01:01:24,446] {dagbag.py:500} INFO - Filling up the DagBag from /home/airflow/.local/lib/python3.7/site-packages/airflow/example_dags/example_branch_python_dop_operator_3.py
[2022-02-21 01:01:24,479] {processor.py:654} INFO - DAG(s) dict_keys(['example_branch_dop_operator_v3']) retrieved from /home/airflow/.local/lib/python3.7/site-packages/airflow/example_dags/example_branch_python_dop_operator_3.py
[2022-02-21 01:01:24,490] {logging_mixin.py:109} INFO - [2022-02-21 01:01:24,490] {dag.py:2396} INFO - Sync 1 DAGs
[2022-02-21 01:01:24,514] {logging_mixin.py:109} INFO - [2022-02-21 01:01:24,514] {dag.py:2935} INFO - Setting next_dagrun for example_branch_dop_operator_v3 to 2022-02-21T01:00:00+00:00
[2022-02-21 01:01:24,529] {processor.py:171} INFO - Processing /home/airflow/.local/lib/python3.7/site-packages/airflow/example_dags/example_branch_python_dop_operator_3.py took 0.089 seconds
[2022-02-21 01:01:54,550] {processor.py:163} INFO - Started process (PID=674) to work on /home/airflow/.local/lib/python3.7/site-packages/airflow/example_dags/example_branch_python_dop_operator_3.py
[2022-02-21 01:01:54,551] {processor.py:642} INFO - Processing file /home/airflow/.local/lib/python3.7/site-packages/airflow/example_dags/example_branch_python_dop_operator_3.py for tasks to queue
[2022-02-21 01:01:54,552] {logging_mixin.py:109} INFO - [2022-02-21 01:01:54,551] {dagbag.py:500} INFO - Filling up the DagBag from /home/airflow/.local/lib/python3.7/site-packages/airflow/example_dags/example_branch_python_dop_operator_3.py
[2022-02-21 01:01:54,583] {processor.py:654} INFO - DAG(s) dict_keys(['example_branch_dop_operator_v3']) retrieved from /home/airflow/.local/lib/python3.7/site-packages/airflow/example_dags/example_branch_python_dop_operator_3.py
[2022-02-21 01:01:54,595] {logging_mixin.py:109} INFO - [2022-02-21 01:01:54,594] {dag.py:2396} INFO - Sync 1 DAGs
[2022-02-21 01:01:54,617] {logging_mixin.py:109} INFO - [2022-02-21 01:01:54,617] {dag.py:2935} INFO - Setting next_dagrun for example_branch_dop_operator_v3 to 2022-02-21T01:00:00+00:00
[2022-02-21 01:01:54,627] {processor.py:171} INFO - Processing /home/airflow/.local/lib/python3.7/site-packages/airflow/example_dags/example_branch_python_dop_operator_3.py took 0.081 seconds
[2022-02-21 01:02:24,872] {processor.py:163} INFO - Started process (PID=726) to work on /home/airflow/.local/lib/python3.7/site-packages/airflow/example_dags/example_branch_python_dop_operator_3.py
[2022-02-21 01:02:24,877] {processor.py:642} INFO - Processing file /home/airflow/.local/lib/python3.7/site-packages/airflow/example_dags/example_branch_python_dop_operator_3.py for tasks to queue
[2022-02-21 01:02:24,878] {logging_mixin.py:109} INFO - [2022-02-21 01:02:24,878] {dagbag.py:500} INFO - Filling up the DagBag from /home/airflow/.local/lib/python3.7/site-packages/airflow/example_dags/example_branch_python_dop_operator_3.py
[2022-02-21 01:02:24,934] {processor.py:654} INFO - DAG(s) dict_keys(['example_branch_dop_operator_v3']) retrieved from /home/airflow/.local/lib/python3.7/site-packages/airflow/example_dags/example_branch_python_dop_operator_3.py
[2022-02-21 01:02:24,951] {logging_mixin.py:109} INFO - [2022-02-21 01:02:24,951] {dag.py:2396} INFO - Sync 1 DAGs
[2022-02-21 01:02:24,993] {logging_mixin.py:109} INFO - [2022-02-21 01:02:24,992] {dag.py:2935} INFO - Setting next_dagrun for example_branch_dop_operator_v3 to 2022-02-21T01:01:00+00:00
[2022-02-21 01:02:25,008] {processor.py:171} INFO - Processing /home/airflow/.local/lib/python3.7/site-packages/airflow/example_dags/example_branch_python_dop_operator_3.py took 0.144 seconds
[2022-02-21 01:02:55,113] {processor.py:163} INFO - Started process (PID=777) to work on /home/airflow/.local/lib/python3.7/site-packages/airflow/example_dags/example_branch_python_dop_operator_3.py
[2022-02-21 01:02:55,114] {processor.py:642} INFO - Processing file /home/airflow/.local/lib/python3.7/site-packages/airflow/example_dags/example_branch_python_dop_operator_3.py for tasks to queue
[2022-02-21 01:02:55,114] {logging_mixin.py:109} INFO - [2022-02-21 01:02:55,114] {dagbag.py:500} INFO - Filling up the DagBag from /home/airflow/.local/lib/python3.7/site-packages/airflow/example_dags/example_branch_python_dop_operator_3.py
[2022-02-21 01:02:55,147] {processor.py:654} INFO - DAG(s) dict_keys(['example_branch_dop_operator_v3']) retrieved from /home/airflow/.local/lib/python3.7/site-packages/airflow/example_dags/example_branch_python_dop_operator_3.py
[2022-02-21 01:02:55,157] {logging_mixin.py:109} INFO - [2022-02-21 01:02:55,157] {dag.py:2396} INFO - Sync 1 DAGs
[2022-02-21 01:02:55,180] {logging_mixin.py:109} INFO - [2022-02-21 01:02:55,179] {dag.py:2935} INFO - Setting next_dagrun for example_branch_dop_operator_v3 to 2022-02-21T01:01:00+00:00
[2022-02-21 01:02:55,191] {processor.py:171} INFO - Processing /home/airflow/.local/lib/python3.7/site-packages/airflow/example_dags/example_branch_python_dop_operator_3.py took 0.082 seconds
[2022-02-21 01:03:25,509] {processor.py:163} INFO - Started process (PID=837) to work on /home/airflow/.local/lib/python3.7/site-packages/airflow/example_dags/example_branch_python_dop_operator_3.py
[2022-02-21 01:03:25,514] {processor.py:642} INFO - Processing file /home/airflow/.local/lib/python3.7/site-packages/airflow/example_dags/example_branch_python_dop_operator_3.py for tasks to queue
[2022-02-21 01:03:25,515] {logging_mixin.py:109} INFO - [2022-02-21 01:03:25,515] {dagbag.py:500} INFO - Filling up the DagBag from /home/airflow/.local/lib/python3.7/site-packages/airflow/example_dags/example_branch_python_dop_operator_3.py
[2022-02-21 01:03:25,543] {processor.py:654} INFO - DAG(s) dict_keys(['example_branch_dop_operator_v3']) retrieved from /home/airflow/.local/lib/python3.7/site-packages/airflow/example_dags/example_branch_python_dop_operator_3.py
[2022-02-21 01:03:25,553] {logging_mixin.py:109} INFO - [2022-02-21 01:03:25,553] {dag.py:2396} INFO - Sync 1 DAGs
[2022-02-21 01:03:25,573] {logging_mixin.py:109} INFO - [2022-02-21 01:03:25,573] {dag.py:2935} INFO - Setting next_dagrun for example_branch_dop_operator_v3 to 2022-02-21T01:02:00+00:00
[2022-02-21 01:03:25,584] {processor.py:171} INFO - Processing /home/airflow/.local/lib/python3.7/site-packages/airflow/example_dags/example_branch_python_dop_operator_3.py took 0.078 seconds
[2022-02-21 01:03:55,707] {processor.py:163} INFO - Started process (PID=888) to work on /home/airflow/.local/lib/python3.7/site-packages/airflow/example_dags/example_branch_python_dop_operator_3.py
[2022-02-21 01:03:55,708] {processor.py:642} INFO - Processing file /home/airflow/.local/lib/python3.7/site-packages/airflow/example_dags/example_branch_python_dop_operator_3.py for tasks to queue
[2022-02-21 01:03:55,709] {logging_mixin.py:109} INFO - [2022-02-21 01:03:55,709] {dagbag.py:500} INFO - Filling up the DagBag from /home/airflow/.local/lib/python3.7/site-packages/airflow/example_dags/example_branch_python_dop_operator_3.py
[2022-02-21 01:03:55,734] {processor.py:654} INFO - DAG(s) dict_keys(['example_branch_dop_operator_v3']) retrieved from /home/airflow/.local/lib/python3.7/site-packages/airflow/example_dags/example_branch_python_dop_operator_3.py
[2022-02-21 01:03:55,741] {logging_mixin.py:109} INFO - [2022-02-21 01:03:55,741] {dag.py:2396} INFO - Sync 1 DAGs
[2022-02-21 01:03:55,757] {logging_mixin.py:109} INFO - [2022-02-21 01:03:55,757] {dag.py:2935} INFO - Setting next_dagrun for example_branch_dop_operator_v3 to 2022-02-21T01:02:00+00:00
[2022-02-21 01:03:55,767] {processor.py:171} INFO - Processing /home/airflow/.local/lib/python3.7/site-packages/airflow/example_dags/example_branch_python_dop_operator_3.py took 0.062 seconds
[2022-02-21 01:04:26,387] {processor.py:163} INFO - Started process (PID=939) to work on /home/airflow/.local/lib/python3.7/site-packages/airflow/example_dags/example_branch_python_dop_operator_3.py
[2022-02-21 01:04:26,390] {processor.py:642} INFO - Processing file /home/airflow/.local/lib/python3.7/site-packages/airflow/example_dags/example_branch_python_dop_operator_3.py for tasks to queue
[2022-02-21 01:04:26,392] {logging_mixin.py:109} INFO - [2022-02-21 01:04:26,391] {dagbag.py:500} INFO - Filling up the DagBag from /home/airflow/.local/lib/python3.7/site-packages/airflow/example_dags/example_branch_python_dop_operator_3.py
[2022-02-21 01:04:26,463] {processor.py:654} INFO - DAG(s) dict_keys(['example_branch_dop_operator_v3']) retrieved from /home/airflow/.local/lib/python3.7/site-packages/airflow/example_dags/example_branch_python_dop_operator_3.py
[2022-02-21 01:04:26,490] {logging_mixin.py:109} INFO - [2022-02-21 01:04:26,490] {dag.py:2396} INFO - Sync 1 DAGs
[2022-02-21 01:04:26,552] {logging_mixin.py:109} INFO - [2022-02-21 01:04:26,551] {dag.py:2935} INFO - Setting next_dagrun for example_branch_dop_operator_v3 to 2022-02-21T01:03:00+00:00
[2022-02-21 01:04:26,579] {processor.py:171} INFO - Processing /home/airflow/.local/lib/python3.7/site-packages/airflow/example_dags/example_branch_python_dop_operator_3.py took 0.201 seconds
[2022-02-21 01:04:56,880] {processor.py:163} INFO - Started process (PID=990) to work on /home/airflow/.local/lib/python3.7/site-packages/airflow/example_dags/example_branch_python_dop_operator_3.py
[2022-02-21 01:04:56,881] {processor.py:642} INFO - Processing file /home/airflow/.local/lib/python3.7/site-packages/airflow/example_dags/example_branch_python_dop_operator_3.py for tasks to queue
[2022-02-21 01:04:56,881] {logging_mixin.py:109} INFO - [2022-02-21 01:04:56,881] {dagbag.py:500} INFO - Filling up the DagBag from /home/airflow/.local/lib/python3.7/site-packages/airflow/example_dags/example_branch_python_dop_operator_3.py
[2022-02-21 01:04:56,914] {processor.py:654} INFO - DAG(s) dict_keys(['example_branch_dop_operator_v3']) retrieved from /home/airflow/.local/lib/python3.7/site-packages/airflow/example_dags/example_branch_python_dop_operator_3.py
[2022-02-21 01:04:56,925] {logging_mixin.py:109} INFO - [2022-02-21 01:04:56,925] {dag.py:2396} INFO - Sync 1 DAGs
[2022-02-21 01:04:56,947] {logging_mixin.py:109} INFO - [2022-02-21 01:04:56,947] {dag.py:2935} INFO - Setting next_dagrun for example_branch_dop_operator_v3 to 2022-02-21T01:03:00+00:00
[2022-02-21 01:04:56,959] {processor.py:171} INFO - Processing /home/airflow/.local/lib/python3.7/site-packages/airflow/example_dags/example_branch_python_dop_operator_3.py took 0.083 seconds
[2022-02-21 01:05:27,119] {processor.py:163} INFO - Started process (PID=1042) to work on /home/airflow/.local/lib/python3.7/site-packages/airflow/example_dags/example_branch_python_dop_operator_3.py
[2022-02-21 01:05:27,124] {processor.py:642} INFO - Processing file /home/airflow/.local/lib/python3.7/site-packages/airflow/example_dags/example_branch_python_dop_operator_3.py for tasks to queue
[2022-02-21 01:05:27,124] {logging_mixin.py:109} INFO - [2022-02-21 01:05:27,124] {dagbag.py:500} INFO - Filling up the DagBag from /home/airflow/.local/lib/python3.7/site-packages/airflow/example_dags/example_branch_python_dop_operator_3.py
[2022-02-21 01:05:27,157] {processor.py:654} INFO - DAG(s) dict_keys(['example_branch_dop_operator_v3']) retrieved from /home/airflow/.local/lib/python3.7/site-packages/airflow/example_dags/example_branch_python_dop_operator_3.py
[2022-02-21 01:05:27,168] {logging_mixin.py:109} INFO - [2022-02-21 01:05:27,168] {dag.py:2396} INFO - Sync 1 DAGs
[2022-02-21 01:05:27,192] {logging_mixin.py:109} INFO - [2022-02-21 01:05:27,192] {dag.py:2935} INFO - Setting next_dagrun for example_branch_dop_operator_v3 to 2022-02-21T01:04:00+00:00
[2022-02-21 01:05:27,205] {processor.py:171} INFO - Processing /home/airflow/.local/lib/python3.7/site-packages/airflow/example_dags/example_branch_python_dop_operator_3.py took 0.090 seconds
[2022-02-21 01:05:57,481] {processor.py:163} INFO - Started process (PID=1101) to work on /home/airflow/.local/lib/python3.7/site-packages/airflow/example_dags/example_branch_python_dop_operator_3.py
[2022-02-21 01:05:57,482] {processor.py:642} INFO - Processing file /home/airflow/.local/lib/python3.7/site-packages/airflow/example_dags/example_branch_python_dop_operator_3.py for tasks to queue
[2022-02-21 01:05:57,483] {logging_mixin.py:109} INFO - [2022-02-21 01:05:57,483] {dagbag.py:500} INFO - Filling up the DagBag from /home/airflow/.local/lib/python3.7/site-packages/airflow/example_dags/example_branch_python_dop_operator_3.py
[2022-02-21 01:05:57,537] {processor.py:654} INFO - DAG(s) dict_keys(['example_branch_dop_operator_v3']) retrieved from /home/airflow/.local/lib/python3.7/site-packages/airflow/example_dags/example_branch_python_dop_operator_3.py
[2022-02-21 01:05:57,553] {logging_mixin.py:109} INFO - [2022-02-21 01:05:57,553] {dag.py:2396} INFO - Sync 1 DAGs
[2022-02-21 01:05:57,585] {logging_mixin.py:109} INFO - [2022-02-21 01:05:57,585] {dag.py:2935} INFO - Setting next_dagrun for example_branch_dop_operator_v3 to 2022-02-21T01:04:00+00:00
[2022-02-21 01:05:57,604] {processor.py:171} INFO - Processing /home/airflow/.local/lib/python3.7/site-packages/airflow/example_dags/example_branch_python_dop_operator_3.py took 0.129 seconds
[2022-02-21 01:06:27,921] {processor.py:163} INFO - Started process (PID=1152) to work on /home/airflow/.local/lib/python3.7/site-packages/airflow/example_dags/example_branch_python_dop_operator_3.py
[2022-02-21 01:06:27,926] {processor.py:642} INFO - Processing file /home/airflow/.local/lib/python3.7/site-packages/airflow/example_dags/example_branch_python_dop_operator_3.py for tasks to queue
[2022-02-21 01:06:27,927] {logging_mixin.py:109} INFO - [2022-02-21 01:06:27,927] {dagbag.py:500} INFO - Filling up the DagBag from /home/airflow/.local/lib/python3.7/site-packages/airflow/example_dags/example_branch_python_dop_operator_3.py
[2022-02-21 01:06:27,963] {processor.py:654} INFO - DAG(s) dict_keys(['example_branch_dop_operator_v3']) retrieved from /home/airflow/.local/lib/python3.7/site-packages/airflow/example_dags/example_branch_python_dop_operator_3.py
[2022-02-21 01:06:27,980] {logging_mixin.py:109} INFO - [2022-02-21 01:06:27,980] {dag.py:2396} INFO - Sync 1 DAGs
[2022-02-21 01:06:28,007] {logging_mixin.py:109} INFO - [2022-02-21 01:06:28,007] {dag.py:2935} INFO - Setting next_dagrun for example_branch_dop_operator_v3 to 2022-02-21T01:05:00+00:00
[2022-02-21 01:06:28,020] {processor.py:171} INFO - Processing /home/airflow/.local/lib/python3.7/site-packages/airflow/example_dags/example_branch_python_dop_operator_3.py took 0.103 seconds
[2022-02-21 01:06:58,089] {processor.py:163} INFO - Started process (PID=1202) to work on /home/airflow/.local/lib/python3.7/site-packages/airflow/example_dags/example_branch_python_dop_operator_3.py
[2022-02-21 01:06:58,090] {processor.py:642} INFO - Processing file /home/airflow/.local/lib/python3.7/site-packages/airflow/example_dags/example_branch_python_dop_operator_3.py for tasks to queue
[2022-02-21 01:06:58,091] {logging_mixin.py:109} INFO - [2022-02-21 01:06:58,091] {dagbag.py:500} INFO - Filling up the DagBag from /home/airflow/.local/lib/python3.7/site-packages/airflow/example_dags/example_branch_python_dop_operator_3.py
[2022-02-21 01:06:58,128] {processor.py:654} INFO - DAG(s) dict_keys(['example_branch_dop_operator_v3']) retrieved from /home/airflow/.local/lib/python3.7/site-packages/airflow/example_dags/example_branch_python_dop_operator_3.py
[2022-02-21 01:06:58,139] {logging_mixin.py:109} INFO - [2022-02-21 01:06:58,139] {dag.py:2396} INFO - Sync 1 DAGs
[2022-02-21 01:06:58,164] {logging_mixin.py:109} INFO - [2022-02-21 01:06:58,164] {dag.py:2935} INFO - Setting next_dagrun for example_branch_dop_operator_v3 to 2022-02-21T01:05:00+00:00
[2022-02-21 01:06:58,176] {processor.py:171} INFO - Processing /home/airflow/.local/lib/python3.7/site-packages/airflow/example_dags/example_branch_python_dop_operator_3.py took 0.090 seconds
[2022-02-21 01:07:28,676] {processor.py:163} INFO - Started process (PID=1253) to work on /home/airflow/.local/lib/python3.7/site-packages/airflow/example_dags/example_branch_python_dop_operator_3.py
[2022-02-21 01:07:28,678] {processor.py:642} INFO - Processing file /home/airflow/.local/lib/python3.7/site-packages/airflow/example_dags/example_branch_python_dop_operator_3.py for tasks to queue
[2022-02-21 01:07:28,679] {logging_mixin.py:109} INFO - [2022-02-21 01:07:28,679] {dagbag.py:500} INFO - Filling up the DagBag from /home/airflow/.local/lib/python3.7/site-packages/airflow/example_dags/example_branch_python_dop_operator_3.py
[2022-02-21 01:07:28,728] {processor.py:654} INFO - DAG(s) dict_keys(['example_branch_dop_operator_v3']) retrieved from /home/airflow/.local/lib/python3.7/site-packages/airflow/example_dags/example_branch_python_dop_operator_3.py
[2022-02-21 01:07:28,745] {logging_mixin.py:109} INFO - [2022-02-21 01:07:28,745] {dag.py:2396} INFO - Sync 1 DAGs
[2022-02-21 01:07:28,787] {logging_mixin.py:109} INFO - [2022-02-21 01:07:28,786] {dag.py:2935} INFO - Setting next_dagrun for example_branch_dop_operator_v3 to 2022-02-21T01:06:00+00:00
[2022-02-21 01:07:28,808] {processor.py:171} INFO - Processing /home/airflow/.local/lib/python3.7/site-packages/airflow/example_dags/example_branch_python_dop_operator_3.py took 0.136 seconds
[2022-02-21 01:07:58,919] {processor.py:163} INFO - Started process (PID=1303) to work on /home/airflow/.local/lib/python3.7/site-packages/airflow/example_dags/example_branch_python_dop_operator_3.py
[2022-02-21 01:07:58,920] {processor.py:642} INFO - Processing file /home/airflow/.local/lib/python3.7/site-packages/airflow/example_dags/example_branch_python_dop_operator_3.py for tasks to queue
[2022-02-21 01:07:58,921] {logging_mixin.py:109} INFO - [2022-02-21 01:07:58,921] {dagbag.py:500} INFO - Filling up the DagBag from /home/airflow/.local/lib/python3.7/site-packages/airflow/example_dags/example_branch_python_dop_operator_3.py
[2022-02-21 01:07:58,958] {processor.py:654} INFO - DAG(s) dict_keys(['example_branch_dop_operator_v3']) retrieved from /home/airflow/.local/lib/python3.7/site-packages/airflow/example_dags/example_branch_python_dop_operator_3.py
[2022-02-21 01:07:58,974] {logging_mixin.py:109} INFO - [2022-02-21 01:07:58,973] {dag.py:2396} INFO - Sync 1 DAGs
[2022-02-21 01:07:59,002] {logging_mixin.py:109} INFO - [2022-02-21 01:07:59,002] {dag.py:2935} INFO - Setting next_dagrun for example_branch_dop_operator_v3 to 2022-02-21T01:06:00+00:00
[2022-02-21 01:07:59,016] {processor.py:171} INFO - Processing /home/airflow/.local/lib/python3.7/site-packages/airflow/example_dags/example_branch_python_dop_operator_3.py took 0.101 seconds
[2022-02-21 01:08:29,038] {processor.py:163} INFO - Started process (PID=1364) to work on /home/airflow/.local/lib/python3.7/site-packages/airflow/example_dags/example_branch_python_dop_operator_3.py
[2022-02-21 01:08:29,040] {processor.py:642} INFO - Processing file /home/airflow/.local/lib/python3.7/site-packages/airflow/example_dags/example_branch_python_dop_operator_3.py for tasks to queue
[2022-02-21 01:08:29,041] {logging_mixin.py:109} INFO - [2022-02-21 01:08:29,041] {dagbag.py:500} INFO - Filling up the DagBag from /home/airflow/.local/lib/python3.7/site-packages/airflow/example_dags/example_branch_python_dop_operator_3.py
[2022-02-21 01:08:29,083] {processor.py:654} INFO - DAG(s) dict_keys(['example_branch_dop_operator_v3']) retrieved from /home/airflow/.local/lib/python3.7/site-packages/airflow/example_dags/example_branch_python_dop_operator_3.py
[2022-02-21 01:08:29,097] {logging_mixin.py:109} INFO - [2022-02-21 01:08:29,097] {dag.py:2396} INFO - Sync 1 DAGs
[2022-02-21 01:08:29,127] {logging_mixin.py:109} INFO - [2022-02-21 01:08:29,127] {dag.py:2935} INFO - Setting next_dagrun for example_branch_dop_operator_v3 to 2022-02-21T01:07:00+00:00
[2022-02-21 01:08:29,142] {processor.py:171} INFO - Processing /home/airflow/.local/lib/python3.7/site-packages/airflow/example_dags/example_branch_python_dop_operator_3.py took 0.109 seconds
[2022-02-21 01:08:59,463] {processor.py:163} INFO - Started process (PID=1414) to work on /home/airflow/.local/lib/python3.7/site-packages/airflow/example_dags/example_branch_python_dop_operator_3.py
[2022-02-21 01:08:59,464] {processor.py:642} INFO - Processing file /home/airflow/.local/lib/python3.7/site-packages/airflow/example_dags/example_branch_python_dop_operator_3.py for tasks to queue
[2022-02-21 01:08:59,465] {logging_mixin.py:109} INFO - [2022-02-21 01:08:59,464] {dagbag.py:500} INFO - Filling up the DagBag from /home/airflow/.local/lib/python3.7/site-packages/airflow/example_dags/example_branch_python_dop_operator_3.py
[2022-02-21 01:08:59,493] {processor.py:654} INFO - DAG(s) dict_keys(['example_branch_dop_operator_v3']) retrieved from /home/airflow/.local/lib/python3.7/site-packages/airflow/example_dags/example_branch_python_dop_operator_3.py
[2022-02-21 01:08:59,503] {logging_mixin.py:109} INFO - [2022-02-21 01:08:59,502] {dag.py:2396} INFO - Sync 1 DAGs
[2022-02-21 01:08:59,524] {logging_mixin.py:109} INFO - [2022-02-21 01:08:59,523] {dag.py:2935} INFO - Setting next_dagrun for example_branch_dop_operator_v3 to 2022-02-21T01:07:00+00:00
[2022-02-21 01:08:59,534] {processor.py:171} INFO - Processing /home/airflow/.local/lib/python3.7/site-packages/airflow/example_dags/example_branch_python_dop_operator_3.py took 0.075 seconds
[2022-02-21 01:09:29,750] {processor.py:163} INFO - Started process (PID=1464) to work on /home/airflow/.local/lib/python3.7/site-packages/airflow/example_dags/example_branch_python_dop_operator_3.py
[2022-02-21 01:09:29,752] {processor.py:642} INFO - Processing file /home/airflow/.local/lib/python3.7/site-packages/airflow/example_dags/example_branch_python_dop_operator_3.py for tasks to queue
[2022-02-21 01:09:29,753] {logging_mixin.py:109} INFO - [2022-02-21 01:09:29,753] {dagbag.py:500} INFO - Filling up the DagBag from /home/airflow/.local/lib/python3.7/site-packages/airflow/example_dags/example_branch_python_dop_operator_3.py
[2022-02-21 01:09:29,796] {processor.py:654} INFO - DAG(s) dict_keys(['example_branch_dop_operator_v3']) retrieved from /home/airflow/.local/lib/python3.7/site-packages/airflow/example_dags/example_branch_python_dop_operator_3.py
[2022-02-21 01:09:29,809] {logging_mixin.py:109} INFO - [2022-02-21 01:09:29,809] {dag.py:2396} INFO - Sync 1 DAGs
[2022-02-21 01:09:29,844] {logging_mixin.py:109} INFO - [2022-02-21 01:09:29,843] {dag.py:2935} INFO - Setting next_dagrun for example_branch_dop_operator_v3 to 2022-02-21T01:08:00+00:00
[2022-02-21 01:09:29,859] {processor.py:171} INFO - Processing /home/airflow/.local/lib/python3.7/site-packages/airflow/example_dags/example_branch_python_dop_operator_3.py took 0.113 seconds
[2022-02-21 01:10:00,816] {processor.py:163} INFO - Started process (PID=1515) to work on /home/airflow/.local/lib/python3.7/site-packages/airflow/example_dags/example_branch_python_dop_operator_3.py
[2022-02-21 01:10:00,820] {processor.py:642} INFO - Processing file /home/airflow/.local/lib/python3.7/site-packages/airflow/example_dags/example_branch_python_dop_operator_3.py for tasks to queue
[2022-02-21 01:10:00,822] {logging_mixin.py:109} INFO - [2022-02-21 01:10:00,822] {dagbag.py:500} INFO - Filling up the DagBag from /home/airflow/.local/lib/python3.7/site-packages/airflow/example_dags/example_branch_python_dop_operator_3.py
[2022-02-21 01:10:00,933] {processor.py:654} INFO - DAG(s) dict_keys(['example_branch_dop_operator_v3']) retrieved from /home/airflow/.local/lib/python3.7/site-packages/airflow/example_dags/example_branch_python_dop_operator_3.py
[2022-02-21 01:10:00,961] {logging_mixin.py:109} INFO - [2022-02-21 01:10:00,961] {dag.py:2396} INFO - Sync 1 DAGs
[2022-02-21 01:10:01,043] {logging_mixin.py:109} INFO - [2022-02-21 01:10:01,043] {dag.py:2935} INFO - Setting next_dagrun for example_branch_dop_operator_v3 to 2022-02-21T01:09:00+00:00
[2022-02-21 01:10:01,271] {processor.py:171} INFO - Processing /home/airflow/.local/lib/python3.7/site-packages/airflow/example_dags/example_branch_python_dop_operator_3.py took 0.466 seconds
[2022-02-21 01:10:32,072] {processor.py:163} INFO - Started process (PID=1575) to work on /home/airflow/.local/lib/python3.7/site-packages/airflow/example_dags/example_branch_python_dop_operator_3.py
[2022-02-21 01:10:32,075] {processor.py:642} INFO - Processing file /home/airflow/.local/lib/python3.7/site-packages/airflow/example_dags/example_branch_python_dop_operator_3.py for tasks to queue
[2022-02-21 01:10:32,077] {logging_mixin.py:109} INFO - [2022-02-21 01:10:32,077] {dagbag.py:500} INFO - Filling up the DagBag from /home/airflow/.local/lib/python3.7/site-packages/airflow/example_dags/example_branch_python_dop_operator_3.py
[2022-02-21 01:10:32,147] {processor.py:654} INFO - DAG(s) dict_keys(['example_branch_dop_operator_v3']) retrieved from /home/airflow/.local/lib/python3.7/site-packages/airflow/example_dags/example_branch_python_dop_operator_3.py
[2022-02-21 01:10:32,173] {logging_mixin.py:109} INFO - [2022-02-21 01:10:32,172] {dag.py:2396} INFO - Sync 1 DAGs
[2022-02-21 01:10:32,385] {logging_mixin.py:109} INFO - [2022-02-21 01:10:32,384] {dag.py:2935} INFO - Setting next_dagrun for example_branch_dop_operator_v3 to 2022-02-21T01:09:00+00:00
[2022-02-21 01:10:32,402] {processor.py:171} INFO - Processing /home/airflow/.local/lib/python3.7/site-packages/airflow/example_dags/example_branch_python_dop_operator_3.py took 0.340 seconds
[2022-02-21 01:11:02,925] {processor.py:163} INFO - Started process (PID=1625) to work on /home/airflow/.local/lib/python3.7/site-packages/airflow/example_dags/example_branch_python_dop_operator_3.py
[2022-02-21 01:11:02,927] {processor.py:642} INFO - Processing file /home/airflow/.local/lib/python3.7/site-packages/airflow/example_dags/example_branch_python_dop_operator_3.py for tasks to queue
[2022-02-21 01:11:02,928] {logging_mixin.py:109} INFO - [2022-02-21 01:11:02,928] {dagbag.py:500} INFO - Filling up the DagBag from /home/airflow/.local/lib/python3.7/site-packages/airflow/example_dags/example_branch_python_dop_operator_3.py
[2022-02-21 01:11:02,996] {processor.py:654} INFO - DAG(s) dict_keys(['example_branch_dop_operator_v3']) retrieved from /home/airflow/.local/lib/python3.7/site-packages/airflow/example_dags/example_branch_python_dop_operator_3.py
[2022-02-21 01:11:03,021] {logging_mixin.py:109} INFO - [2022-02-21 01:11:03,020] {dag.py:2396} INFO - Sync 1 DAGs
[2022-02-21 01:11:03,201] {logging_mixin.py:109} INFO - [2022-02-21 01:11:03,200] {dag.py:2935} INFO - Setting next_dagrun for example_branch_dop_operator_v3 to 2022-02-21T01:10:00+00:00
[2022-02-21 01:11:03,222] {processor.py:171} INFO - Processing /home/airflow/.local/lib/python3.7/site-packages/airflow/example_dags/example_branch_python_dop_operator_3.py took 0.305 seconds
[2022-02-21 01:11:34,005] {processor.py:163} INFO - Started process (PID=1675) to work on /home/airflow/.local/lib/python3.7/site-packages/airflow/example_dags/example_branch_python_dop_operator_3.py
[2022-02-21 01:11:34,006] {processor.py:642} INFO - Processing file /home/airflow/.local/lib/python3.7/site-packages/airflow/example_dags/example_branch_python_dop_operator_3.py for tasks to queue
[2022-02-21 01:11:34,007] {logging_mixin.py:109} INFO - [2022-02-21 01:11:34,007] {dagbag.py:500} INFO - Filling up the DagBag from /home/airflow/.local/lib/python3.7/site-packages/airflow/example_dags/example_branch_python_dop_operator_3.py
[2022-02-21 01:11:34,042] {processor.py:654} INFO - DAG(s) dict_keys(['example_branch_dop_operator_v3']) retrieved from /home/airflow/.local/lib/python3.7/site-packages/airflow/example_dags/example_branch_python_dop_operator_3.py
[2022-02-21 01:11:34,055] {logging_mixin.py:109} INFO - [2022-02-21 01:11:34,054] {dag.py:2396} INFO - Sync 1 DAGs
[2022-02-21 01:11:34,175] {logging_mixin.py:109} INFO - [2022-02-21 01:11:34,175] {dag.py:2935} INFO - Setting next_dagrun for example_branch_dop_operator_v3 to 2022-02-21T01:10:00+00:00
[2022-02-21 01:11:34,186] {processor.py:171} INFO - Processing /home/airflow/.local/lib/python3.7/site-packages/airflow/example_dags/example_branch_python_dop_operator_3.py took 0.185 seconds
[2022-02-21 01:12:04,625] {processor.py:163} INFO - Started process (PID=1726) to work on /home/airflow/.local/lib/python3.7/site-packages/airflow/example_dags/example_branch_python_dop_operator_3.py
[2022-02-21 01:12:04,627] {processor.py:642} INFO - Processing file /home/airflow/.local/lib/python3.7/site-packages/airflow/example_dags/example_branch_python_dop_operator_3.py for tasks to queue
[2022-02-21 01:12:04,628] {logging_mixin.py:109} INFO - [2022-02-21 01:12:04,628] {dagbag.py:500} INFO - Filling up the DagBag from /home/airflow/.local/lib/python3.7/site-packages/airflow/example_dags/example_branch_python_dop_operator_3.py
[2022-02-21 01:12:04,669] {processor.py:654} INFO - DAG(s) dict_keys(['example_branch_dop_operator_v3']) retrieved from /home/airflow/.local/lib/python3.7/site-packages/airflow/example_dags/example_branch_python_dop_operator_3.py
[2022-02-21 01:12:04,686] {logging_mixin.py:109} INFO - [2022-02-21 01:12:04,686] {dag.py:2396} INFO - Sync 1 DAGs
[2022-02-21 01:12:04,835] {logging_mixin.py:109} INFO - [2022-02-21 01:12:04,834] {dag.py:2935} INFO - Setting next_dagrun for example_branch_dop_operator_v3 to 2022-02-21T01:11:00+00:00
[2022-02-21 01:12:04,850] {processor.py:171} INFO - Processing /home/airflow/.local/lib/python3.7/site-packages/airflow/example_dags/example_branch_python_dop_operator_3.py took 0.228 seconds
[2022-02-21 01:12:36,013] {processor.py:163} INFO - Started process (PID=1777) to work on /home/airflow/.local/lib/python3.7/site-packages/airflow/example_dags/example_branch_python_dop_operator_3.py
[2022-02-21 01:12:36,015] {processor.py:642} INFO - Processing file /home/airflow/.local/lib/python3.7/site-packages/airflow/example_dags/example_branch_python_dop_operator_3.py for tasks to queue
[2022-02-21 01:12:36,016] {logging_mixin.py:109} INFO - [2022-02-21 01:12:36,016] {dagbag.py:500} INFO - Filling up the DagBag from /home/airflow/.local/lib/python3.7/site-packages/airflow/example_dags/example_branch_python_dop_operator_3.py
[2022-02-21 01:12:36,182] {processor.py:654} INFO - DAG(s) dict_keys(['example_branch_dop_operator_v3']) retrieved from /home/airflow/.local/lib/python3.7/site-packages/airflow/example_dags/example_branch_python_dop_operator_3.py
[2022-02-21 01:12:36,194] {logging_mixin.py:109} INFO - [2022-02-21 01:12:36,194] {dag.py:2396} INFO - Sync 1 DAGs
[2022-02-21 01:12:36,222] {logging_mixin.py:109} INFO - [2022-02-21 01:12:36,222] {dag.py:2935} INFO - Setting next_dagrun for example_branch_dop_operator_v3 to 2022-02-21T01:11:00+00:00
[2022-02-21 01:12:36,238] {processor.py:171} INFO - Processing /home/airflow/.local/lib/python3.7/site-packages/airflow/example_dags/example_branch_python_dop_operator_3.py took 0.231 seconds
[2022-02-21 01:13:06,667] {processor.py:163} INFO - Started process (PID=1839) to work on /home/airflow/.local/lib/python3.7/site-packages/airflow/example_dags/example_branch_python_dop_operator_3.py
[2022-02-21 01:13:06,669] {processor.py:642} INFO - Processing file /home/airflow/.local/lib/python3.7/site-packages/airflow/example_dags/example_branch_python_dop_operator_3.py for tasks to queue
[2022-02-21 01:13:06,670] {logging_mixin.py:109} INFO - [2022-02-21 01:13:06,670] {dagbag.py:500} INFO - Filling up the DagBag from /home/airflow/.local/lib/python3.7/site-packages/airflow/example_dags/example_branch_python_dop_operator_3.py
[2022-02-21 01:13:06,827] {processor.py:654} INFO - DAG(s) dict_keys(['example_branch_dop_operator_v3']) retrieved from /home/airflow/.local/lib/python3.7/site-packages/airflow/example_dags/example_branch_python_dop_operator_3.py
[2022-02-21 01:13:06,839] {logging_mixin.py:109} INFO - [2022-02-21 01:13:06,839] {dag.py:2396} INFO - Sync 1 DAGs
[2022-02-21 01:13:06,865] {logging_mixin.py:109} INFO - [2022-02-21 01:13:06,865] {dag.py:2935} INFO - Setting next_dagrun for example_branch_dop_operator_v3 to 2022-02-21T01:12:00+00:00
[2022-02-21 01:13:06,879] {processor.py:171} INFO - Processing /home/airflow/.local/lib/python3.7/site-packages/airflow/example_dags/example_branch_python_dop_operator_3.py took 0.217 seconds
[2022-02-21 01:13:37,344] {processor.py:163} INFO - Started process (PID=1890) to work on /home/airflow/.local/lib/python3.7/site-packages/airflow/example_dags/example_branch_python_dop_operator_3.py
[2022-02-21 01:13:37,344] {processor.py:642} INFO - Processing file /home/airflow/.local/lib/python3.7/site-packages/airflow/example_dags/example_branch_python_dop_operator_3.py for tasks to queue
[2022-02-21 01:13:37,345] {logging_mixin.py:109} INFO - [2022-02-21 01:13:37,345] {dagbag.py:500} INFO - Filling up the DagBag from /home/airflow/.local/lib/python3.7/site-packages/airflow/example_dags/example_branch_python_dop_operator_3.py
[2022-02-21 01:13:37,438] {processor.py:654} INFO - DAG(s) dict_keys(['example_branch_dop_operator_v3']) retrieved from /home/airflow/.local/lib/python3.7/site-packages/airflow/example_dags/example_branch_python_dop_operator_3.py
[2022-02-21 01:13:37,446] {logging_mixin.py:109} INFO - [2022-02-21 01:13:37,446] {dag.py:2396} INFO - Sync 1 DAGs
[2022-02-21 01:13:37,462] {logging_mixin.py:109} INFO - [2022-02-21 01:13:37,462] {dag.py:2935} INFO - Setting next_dagrun for example_branch_dop_operator_v3 to 2022-02-21T01:12:00+00:00
[2022-02-21 01:13:37,475] {processor.py:171} INFO - Processing /home/airflow/.local/lib/python3.7/site-packages/airflow/example_dags/example_branch_python_dop_operator_3.py took 0.134 seconds
[2022-02-21 01:14:08,165] {processor.py:163} INFO - Started process (PID=1940) to work on /home/airflow/.local/lib/python3.7/site-packages/airflow/example_dags/example_branch_python_dop_operator_3.py
[2022-02-21 01:14:08,168] {processor.py:642} INFO - Processing file /home/airflow/.local/lib/python3.7/site-packages/airflow/example_dags/example_branch_python_dop_operator_3.py for tasks to queue
[2022-02-21 01:14:08,169] {logging_mixin.py:109} INFO - [2022-02-21 01:14:08,169] {dagbag.py:500} INFO - Filling up the DagBag from /home/airflow/.local/lib/python3.7/site-packages/airflow/example_dags/example_branch_python_dop_operator_3.py
[2022-02-21 01:14:08,384] {processor.py:654} INFO - DAG(s) dict_keys(['example_branch_dop_operator_v3']) retrieved from /home/airflow/.local/lib/python3.7/site-packages/airflow/example_dags/example_branch_python_dop_operator_3.py
[2022-02-21 01:14:08,409] {logging_mixin.py:109} INFO - [2022-02-21 01:14:08,409] {dag.py:2396} INFO - Sync 1 DAGs
[2022-02-21 01:14:08,458] {logging_mixin.py:109} INFO - [2022-02-21 01:14:08,458] {dag.py:2935} INFO - Setting next_dagrun for example_branch_dop_operator_v3 to 2022-02-21T01:13:00+00:00
[2022-02-21 01:14:08,479] {processor.py:171} INFO - Processing /home/airflow/.local/lib/python3.7/site-packages/airflow/example_dags/example_branch_python_dop_operator_3.py took 0.320 seconds
[2022-02-21 01:14:39,424] {processor.py:163} INFO - Started process (PID=1991) to work on /home/airflow/.local/lib/python3.7/site-packages/airflow/example_dags/example_branch_python_dop_operator_3.py
[2022-02-21 01:14:39,426] {processor.py:642} INFO - Processing file /home/airflow/.local/lib/python3.7/site-packages/airflow/example_dags/example_branch_python_dop_operator_3.py for tasks to queue
[2022-02-21 01:14:39,427] {logging_mixin.py:109} INFO - [2022-02-21 01:14:39,427] {dagbag.py:500} INFO - Filling up the DagBag from /home/airflow/.local/lib/python3.7/site-packages/airflow/example_dags/example_branch_python_dop_operator_3.py
[2022-02-21 01:14:39,625] {processor.py:654} INFO - DAG(s) dict_keys(['example_branch_dop_operator_v3']) retrieved from /home/airflow/.local/lib/python3.7/site-packages/airflow/example_dags/example_branch_python_dop_operator_3.py
[2022-02-21 01:14:39,640] {logging_mixin.py:109} INFO - [2022-02-21 01:14:39,640] {dag.py:2396} INFO - Sync 1 DAGs
[2022-02-21 01:14:39,673] {logging_mixin.py:109} INFO - [2022-02-21 01:14:39,672] {dag.py:2935} INFO - Setting next_dagrun for example_branch_dop_operator_v3 to 2022-02-21T01:13:00+00:00
[2022-02-21 01:14:39,687] {processor.py:171} INFO - Processing /home/airflow/.local/lib/python3.7/site-packages/airflow/example_dags/example_branch_python_dop_operator_3.py took 0.271 seconds
[2022-02-21 01:15:10,673] {processor.py:163} INFO - Started process (PID=2051) to work on /home/airflow/.local/lib/python3.7/site-packages/airflow/example_dags/example_branch_python_dop_operator_3.py
[2022-02-21 01:15:10,675] {processor.py:642} INFO - Processing file /home/airflow/.local/lib/python3.7/site-packages/airflow/example_dags/example_branch_python_dop_operator_3.py for tasks to queue
[2022-02-21 01:15:10,676] {logging_mixin.py:109} INFO - [2022-02-21 01:15:10,676] {dagbag.py:500} INFO - Filling up the DagBag from /home/airflow/.local/lib/python3.7/site-packages/airflow/example_dags/example_branch_python_dop_operator_3.py
[2022-02-21 01:15:10,732] {processor.py:654} INFO - DAG(s) dict_keys(['example_branch_dop_operator_v3']) retrieved from /home/airflow/.local/lib/python3.7/site-packages/airflow/example_dags/example_branch_python_dop_operator_3.py
[2022-02-21 01:15:10,750] {logging_mixin.py:109} INFO - [2022-02-21 01:15:10,750] {dag.py:2396} INFO - Sync 1 DAGs
[2022-02-21 01:15:10,791] {logging_mixin.py:109} INFO - [2022-02-21 01:15:10,790] {dag.py:2935} INFO - Setting next_dagrun for example_branch_dop_operator_v3 to 2022-02-21T01:14:00+00:00
[2022-02-21 01:15:10,808] {processor.py:171} INFO - Processing /home/airflow/.local/lib/python3.7/site-packages/airflow/example_dags/example_branch_python_dop_operator_3.py took 0.141 seconds
[2022-02-21 01:15:43,783] {processor.py:163} INFO - Started process (PID=2103) to work on /home/airflow/.local/lib/python3.7/site-packages/airflow/example_dags/example_branch_python_dop_operator_3.py
[2022-02-21 01:15:43,892] {processor.py:642} INFO - Processing file /home/airflow/.local/lib/python3.7/site-packages/airflow/example_dags/example_branch_python_dop_operator_3.py for tasks to queue
[2022-02-21 01:15:43,913] {logging_mixin.py:109} INFO - [2022-02-21 01:15:43,906] {dagbag.py:500} INFO - Filling up the DagBag from /home/airflow/.local/lib/python3.7/site-packages/airflow/example_dags/example_branch_python_dop_operator_3.py
[2022-02-21 01:15:44,257] {processor.py:654} INFO - DAG(s) dict_keys(['example_branch_dop_operator_v3']) retrieved from /home/airflow/.local/lib/python3.7/site-packages/airflow/example_dags/example_branch_python_dop_operator_3.py
[2022-02-21 01:15:44,357] {logging_mixin.py:109} INFO - [2022-02-21 01:15:44,356] {dag.py:2396} INFO - Sync 1 DAGs
[2022-02-21 01:15:44,480] {logging_mixin.py:109} INFO - [2022-02-21 01:15:44,480] {dag.py:2935} INFO - Setting next_dagrun for example_branch_dop_operator_v3 to 2022-02-21T01:14:00+00:00
[2022-02-21 01:15:44,539] {processor.py:171} INFO - Processing /home/airflow/.local/lib/python3.7/site-packages/airflow/example_dags/example_branch_python_dop_operator_3.py took 0.806 seconds
[2022-02-21 01:16:15,106] {processor.py:163} INFO - Started process (PID=2145) to work on /home/airflow/.local/lib/python3.7/site-packages/airflow/example_dags/example_branch_python_dop_operator_3.py
[2022-02-21 01:16:15,109] {processor.py:642} INFO - Processing file /home/airflow/.local/lib/python3.7/site-packages/airflow/example_dags/example_branch_python_dop_operator_3.py for tasks to queue
[2022-02-21 01:16:15,110] {logging_mixin.py:109} INFO - [2022-02-21 01:16:15,110] {dagbag.py:500} INFO - Filling up the DagBag from /home/airflow/.local/lib/python3.7/site-packages/airflow/example_dags/example_branch_python_dop_operator_3.py
[2022-02-21 01:16:15,172] {processor.py:654} INFO - DAG(s) dict_keys(['example_branch_dop_operator_v3']) retrieved from /home/airflow/.local/lib/python3.7/site-packages/airflow/example_dags/example_branch_python_dop_operator_3.py
[2022-02-21 01:16:15,198] {logging_mixin.py:109} INFO - [2022-02-21 01:16:15,198] {dag.py:2396} INFO - Sync 1 DAGs
[2022-02-21 01:16:15,247] {logging_mixin.py:109} INFO - [2022-02-21 01:16:15,247] {dag.py:2935} INFO - Setting next_dagrun for example_branch_dop_operator_v3 to 2022-02-21T01:15:00+00:00
[2022-02-21 01:16:15,269] {processor.py:171} INFO - Processing /home/airflow/.local/lib/python3.7/site-packages/airflow/example_dags/example_branch_python_dop_operator_3.py took 0.171 seconds
[2022-02-21 01:16:46,038] {processor.py:163} INFO - Started process (PID=2197) to work on /home/airflow/.local/lib/python3.7/site-packages/airflow/example_dags/example_branch_python_dop_operator_3.py
[2022-02-21 01:16:46,040] {processor.py:642} INFO - Processing file /home/airflow/.local/lib/python3.7/site-packages/airflow/example_dags/example_branch_python_dop_operator_3.py for tasks to queue
[2022-02-21 01:16:46,040] {logging_mixin.py:109} INFO - [2022-02-21 01:16:46,040] {dagbag.py:500} INFO - Filling up the DagBag from /home/airflow/.local/lib/python3.7/site-packages/airflow/example_dags/example_branch_python_dop_operator_3.py
[2022-02-21 01:16:46,067] {processor.py:654} INFO - DAG(s) dict_keys(['example_branch_dop_operator_v3']) retrieved from /home/airflow/.local/lib/python3.7/site-packages/airflow/example_dags/example_branch_python_dop_operator_3.py
[2022-02-21 01:16:46,076] {logging_mixin.py:109} INFO - [2022-02-21 01:16:46,076] {dag.py:2396} INFO - Sync 1 DAGs
[2022-02-21 01:16:46,093] {logging_mixin.py:109} INFO - [2022-02-21 01:16:46,093] {dag.py:2935} INFO - Setting next_dagrun for example_branch_dop_operator_v3 to 2022-02-21T01:15:00+00:00
[2022-02-21 01:16:46,103] {processor.py:171} INFO - Processing /home/airflow/.local/lib/python3.7/site-packages/airflow/example_dags/example_branch_python_dop_operator_3.py took 0.067 seconds
[2022-02-21 01:17:16,446] {processor.py:163} INFO - Started process (PID=2255) to work on /home/airflow/.local/lib/python3.7/site-packages/airflow/example_dags/example_branch_python_dop_operator_3.py
[2022-02-21 01:17:16,447] {processor.py:642} INFO - Processing file /home/airflow/.local/lib/python3.7/site-packages/airflow/example_dags/example_branch_python_dop_operator_3.py for tasks to queue
[2022-02-21 01:17:16,448] {logging_mixin.py:109} INFO - [2022-02-21 01:17:16,448] {dagbag.py:500} INFO - Filling up the DagBag from /home/airflow/.local/lib/python3.7/site-packages/airflow/example_dags/example_branch_python_dop_operator_3.py
[2022-02-21 01:17:16,489] {processor.py:654} INFO - DAG(s) dict_keys(['example_branch_dop_operator_v3']) retrieved from /home/airflow/.local/lib/python3.7/site-packages/airflow/example_dags/example_branch_python_dop_operator_3.py
[2022-02-21 01:17:16,502] {logging_mixin.py:109} INFO - [2022-02-21 01:17:16,502] {dag.py:2396} INFO - Sync 1 DAGs
[2022-02-21 01:17:16,535] {logging_mixin.py:109} INFO - [2022-02-21 01:17:16,535] {dag.py:2935} INFO - Setting next_dagrun for example_branch_dop_operator_v3 to 2022-02-21T01:16:00+00:00
[2022-02-21 01:17:16,549] {processor.py:171} INFO - Processing /home/airflow/.local/lib/python3.7/site-packages/airflow/example_dags/example_branch_python_dop_operator_3.py took 0.108 seconds
[2022-02-21 01:17:46,979] {processor.py:163} INFO - Started process (PID=2307) to work on /home/airflow/.local/lib/python3.7/site-packages/airflow/example_dags/example_branch_python_dop_operator_3.py
[2022-02-21 01:17:46,980] {processor.py:642} INFO - Processing file /home/airflow/.local/lib/python3.7/site-packages/airflow/example_dags/example_branch_python_dop_operator_3.py for tasks to queue
[2022-02-21 01:17:46,980] {logging_mixin.py:109} INFO - [2022-02-21 01:17:46,980] {dagbag.py:500} INFO - Filling up the DagBag from /home/airflow/.local/lib/python3.7/site-packages/airflow/example_dags/example_branch_python_dop_operator_3.py
[2022-02-21 01:17:47,015] {processor.py:654} INFO - DAG(s) dict_keys(['example_branch_dop_operator_v3']) retrieved from /home/airflow/.local/lib/python3.7/site-packages/airflow/example_dags/example_branch_python_dop_operator_3.py
[2022-02-21 01:17:47,023] {logging_mixin.py:109} INFO - [2022-02-21 01:17:47,023] {dag.py:2396} INFO - Sync 1 DAGs
[2022-02-21 01:17:47,042] {logging_mixin.py:109} INFO - [2022-02-21 01:17:47,042] {dag.py:2935} INFO - Setting next_dagrun for example_branch_dop_operator_v3 to 2022-02-21T01:16:00+00:00
[2022-02-21 01:17:47,052] {processor.py:171} INFO - Processing /home/airflow/.local/lib/python3.7/site-packages/airflow/example_dags/example_branch_python_dop_operator_3.py took 0.077 seconds
[2022-02-21 01:18:17,346] {processor.py:163} INFO - Started process (PID=2357) to work on /home/airflow/.local/lib/python3.7/site-packages/airflow/example_dags/example_branch_python_dop_operator_3.py
[2022-02-21 01:18:17,348] {processor.py:642} INFO - Processing file /home/airflow/.local/lib/python3.7/site-packages/airflow/example_dags/example_branch_python_dop_operator_3.py for tasks to queue
[2022-02-21 01:18:17,348] {logging_mixin.py:109} INFO - [2022-02-21 01:18:17,348] {dagbag.py:500} INFO - Filling up the DagBag from /home/airflow/.local/lib/python3.7/site-packages/airflow/example_dags/example_branch_python_dop_operator_3.py
[2022-02-21 01:18:17,379] {processor.py:654} INFO - DAG(s) dict_keys(['example_branch_dop_operator_v3']) retrieved from /home/airflow/.local/lib/python3.7/site-packages/airflow/example_dags/example_branch_python_dop_operator_3.py
[2022-02-21 01:18:17,391] {logging_mixin.py:109} INFO - [2022-02-21 01:18:17,391] {dag.py:2396} INFO - Sync 1 DAGs
[2022-02-21 01:18:17,413] {logging_mixin.py:109} INFO - [2022-02-21 01:18:17,413] {dag.py:2935} INFO - Setting next_dagrun for example_branch_dop_operator_v3 to 2022-02-21T01:17:00+00:00
[2022-02-21 01:18:17,425] {processor.py:171} INFO - Processing /home/airflow/.local/lib/python3.7/site-packages/airflow/example_dags/example_branch_python_dop_operator_3.py took 0.083 seconds
[2022-02-21 01:18:47,447] {processor.py:163} INFO - Started process (PID=2407) to work on /home/airflow/.local/lib/python3.7/site-packages/airflow/example_dags/example_branch_python_dop_operator_3.py
[2022-02-21 01:18:47,448] {processor.py:642} INFO - Processing file /home/airflow/.local/lib/python3.7/site-packages/airflow/example_dags/example_branch_python_dop_operator_3.py for tasks to queue
[2022-02-21 01:18:47,449] {logging_mixin.py:109} INFO - [2022-02-21 01:18:47,449] {dagbag.py:500} INFO - Filling up the DagBag from /home/airflow/.local/lib/python3.7/site-packages/airflow/example_dags/example_branch_python_dop_operator_3.py
[2022-02-21 01:18:47,485] {processor.py:654} INFO - DAG(s) dict_keys(['example_branch_dop_operator_v3']) retrieved from /home/airflow/.local/lib/python3.7/site-packages/airflow/example_dags/example_branch_python_dop_operator_3.py
[2022-02-21 01:18:47,497] {logging_mixin.py:109} INFO - [2022-02-21 01:18:47,497] {dag.py:2396} INFO - Sync 1 DAGs
[2022-02-21 01:18:47,524] {logging_mixin.py:109} INFO - [2022-02-21 01:18:47,524] {dag.py:2935} INFO - Setting next_dagrun for example_branch_dop_operator_v3 to 2022-02-21T01:17:00+00:00
[2022-02-21 01:18:47,537] {processor.py:171} INFO - Processing /home/airflow/.local/lib/python3.7/site-packages/airflow/example_dags/example_branch_python_dop_operator_3.py took 0.094 seconds
[2022-02-21 01:19:17,589] {processor.py:163} INFO - Started process (PID=2467) to work on /home/airflow/.local/lib/python3.7/site-packages/airflow/example_dags/example_branch_python_dop_operator_3.py
[2022-02-21 01:19:17,592] {processor.py:642} INFO - Processing file /home/airflow/.local/lib/python3.7/site-packages/airflow/example_dags/example_branch_python_dop_operator_3.py for tasks to queue
[2022-02-21 01:19:17,592] {logging_mixin.py:109} INFO - [2022-02-21 01:19:17,592] {dagbag.py:500} INFO - Filling up the DagBag from /home/airflow/.local/lib/python3.7/site-packages/airflow/example_dags/example_branch_python_dop_operator_3.py
[2022-02-21 01:19:17,633] {processor.py:654} INFO - DAG(s) dict_keys(['example_branch_dop_operator_v3']) retrieved from /home/airflow/.local/lib/python3.7/site-packages/airflow/example_dags/example_branch_python_dop_operator_3.py
[2022-02-21 01:19:17,647] {logging_mixin.py:109} INFO - [2022-02-21 01:19:17,646] {dag.py:2396} INFO - Sync 1 DAGs
[2022-02-21 01:19:17,674] {logging_mixin.py:109} INFO - [2022-02-21 01:19:17,674] {dag.py:2935} INFO - Setting next_dagrun for example_branch_dop_operator_v3 to 2022-02-21T01:18:00+00:00
[2022-02-21 01:19:17,688] {processor.py:171} INFO - Processing /home/airflow/.local/lib/python3.7/site-packages/airflow/example_dags/example_branch_python_dop_operator_3.py took 0.103 seconds
[2022-02-21 01:19:47,902] {processor.py:163} INFO - Started process (PID=2517) to work on /home/airflow/.local/lib/python3.7/site-packages/airflow/example_dags/example_branch_python_dop_operator_3.py
[2022-02-21 01:19:47,903] {processor.py:642} INFO - Processing file /home/airflow/.local/lib/python3.7/site-packages/airflow/example_dags/example_branch_python_dop_operator_3.py for tasks to queue
[2022-02-21 01:19:47,903] {logging_mixin.py:109} INFO - [2022-02-21 01:19:47,903] {dagbag.py:500} INFO - Filling up the DagBag from /home/airflow/.local/lib/python3.7/site-packages/airflow/example_dags/example_branch_python_dop_operator_3.py
[2022-02-21 01:19:47,931] {processor.py:654} INFO - DAG(s) dict_keys(['example_branch_dop_operator_v3']) retrieved from /home/airflow/.local/lib/python3.7/site-packages/airflow/example_dags/example_branch_python_dop_operator_3.py
[2022-02-21 01:19:47,941] {logging_mixin.py:109} INFO - [2022-02-21 01:19:47,941] {dag.py:2396} INFO - Sync 1 DAGs
[2022-02-21 01:19:47,960] {logging_mixin.py:109} INFO - [2022-02-21 01:19:47,960] {dag.py:2935} INFO - Setting next_dagrun for example_branch_dop_operator_v3 to 2022-02-21T01:18:00+00:00
[2022-02-21 01:19:47,971] {processor.py:171} INFO - Processing /home/airflow/.local/lib/python3.7/site-packages/airflow/example_dags/example_branch_python_dop_operator_3.py took 0.072 seconds
[2022-02-21 01:20:18,674] {processor.py:163} INFO - Started process (PID=2567) to work on /home/airflow/.local/lib/python3.7/site-packages/airflow/example_dags/example_branch_python_dop_operator_3.py
[2022-02-21 01:20:18,677] {processor.py:642} INFO - Processing file /home/airflow/.local/lib/python3.7/site-packages/airflow/example_dags/example_branch_python_dop_operator_3.py for tasks to queue
[2022-02-21 01:20:18,679] {logging_mixin.py:109} INFO - [2022-02-21 01:20:18,679] {dagbag.py:500} INFO - Filling up the DagBag from /home/airflow/.local/lib/python3.7/site-packages/airflow/example_dags/example_branch_python_dop_operator_3.py
[2022-02-21 01:20:18,763] {processor.py:654} INFO - DAG(s) dict_keys(['example_branch_dop_operator_v3']) retrieved from /home/airflow/.local/lib/python3.7/site-packages/airflow/example_dags/example_branch_python_dop_operator_3.py
[2022-02-21 01:20:18,798] {logging_mixin.py:109} INFO - [2022-02-21 01:20:18,798] {dag.py:2396} INFO - Sync 1 DAGs
[2022-02-21 01:20:18,877] {logging_mixin.py:109} INFO - [2022-02-21 01:20:18,877] {dag.py:2935} INFO - Setting next_dagrun for example_branch_dop_operator_v3 to 2022-02-21T01:19:00+00:00
[2022-02-21 01:20:18,911] {processor.py:171} INFO - Processing /home/airflow/.local/lib/python3.7/site-packages/airflow/example_dags/example_branch_python_dop_operator_3.py took 0.245 seconds
[2022-02-21 01:20:49,133] {processor.py:163} INFO - Started process (PID=2617) to work on /home/airflow/.local/lib/python3.7/site-packages/airflow/example_dags/example_branch_python_dop_operator_3.py
[2022-02-21 01:20:49,134] {processor.py:642} INFO - Processing file /home/airflow/.local/lib/python3.7/site-packages/airflow/example_dags/example_branch_python_dop_operator_3.py for tasks to queue
[2022-02-21 01:20:49,134] {logging_mixin.py:109} INFO - [2022-02-21 01:20:49,134] {dagbag.py:500} INFO - Filling up the DagBag from /home/airflow/.local/lib/python3.7/site-packages/airflow/example_dags/example_branch_python_dop_operator_3.py
[2022-02-21 01:20:49,165] {processor.py:654} INFO - DAG(s) dict_keys(['example_branch_dop_operator_v3']) retrieved from /home/airflow/.local/lib/python3.7/site-packages/airflow/example_dags/example_branch_python_dop_operator_3.py
[2022-02-21 01:20:49,178] {logging_mixin.py:109} INFO - [2022-02-21 01:20:49,178] {dag.py:2396} INFO - Sync 1 DAGs
[2022-02-21 01:20:49,202] {logging_mixin.py:109} INFO - [2022-02-21 01:20:49,202] {dag.py:2935} INFO - Setting next_dagrun for example_branch_dop_operator_v3 to 2022-02-21T01:19:00+00:00
[2022-02-21 01:20:49,212] {processor.py:171} INFO - Processing /home/airflow/.local/lib/python3.7/site-packages/airflow/example_dags/example_branch_python_dop_operator_3.py took 0.083 seconds
[2022-02-21 01:21:19,618] {processor.py:163} INFO - Started process (PID=2667) to work on /home/airflow/.local/lib/python3.7/site-packages/airflow/example_dags/example_branch_python_dop_operator_3.py
[2022-02-21 01:21:19,620] {processor.py:642} INFO - Processing file /home/airflow/.local/lib/python3.7/site-packages/airflow/example_dags/example_branch_python_dop_operator_3.py for tasks to queue
[2022-02-21 01:21:19,621] {logging_mixin.py:109} INFO - [2022-02-21 01:21:19,621] {dagbag.py:500} INFO - Filling up the DagBag from /home/airflow/.local/lib/python3.7/site-packages/airflow/example_dags/example_branch_python_dop_operator_3.py
[2022-02-21 01:21:19,652] {processor.py:654} INFO - DAG(s) dict_keys(['example_branch_dop_operator_v3']) retrieved from /home/airflow/.local/lib/python3.7/site-packages/airflow/example_dags/example_branch_python_dop_operator_3.py
[2022-02-21 01:21:19,663] {logging_mixin.py:109} INFO - [2022-02-21 01:21:19,663] {dag.py:2396} INFO - Sync 1 DAGs
[2022-02-21 01:21:19,685] {logging_mixin.py:109} INFO - [2022-02-21 01:21:19,684] {dag.py:2935} INFO - Setting next_dagrun for example_branch_dop_operator_v3 to 2022-02-21T01:20:00+00:00
[2022-02-21 01:21:19,696] {processor.py:171} INFO - Processing /home/airflow/.local/lib/python3.7/site-packages/airflow/example_dags/example_branch_python_dop_operator_3.py took 0.082 seconds
