[2022-02-21 00:57:25,508] {processor.py:163} INFO - Started process (PID=50) to work on /home/airflow/.local/lib/python3.7/site-packages/airflow/example_dags/example_short_circuit_operator.py
[2022-02-21 00:57:25,511] {processor.py:642} INFO - Processing file /home/airflow/.local/lib/python3.7/site-packages/airflow/example_dags/example_short_circuit_operator.py for tasks to queue
[2022-02-21 00:57:25,514] {logging_mixin.py:109} INFO - [2022-02-21 00:57:25,513] {dagbag.py:500} INFO - Filling up the DagBag from /home/airflow/.local/lib/python3.7/site-packages/airflow/example_dags/example_short_circuit_operator.py
[2022-02-21 00:57:25,632] {processor.py:654} INFO - DAG(s) dict_keys(['example_short_circuit_operator']) retrieved from /home/airflow/.local/lib/python3.7/site-packages/airflow/example_dags/example_short_circuit_operator.py
[2022-02-21 00:57:49,377] {logging_mixin.py:109} INFO - [2022-02-21 00:57:49,377] {manager.py:496} INFO - Created Permission View: can edit on DAG:example_short_circuit_operator
[2022-02-21 00:57:49,396] {logging_mixin.py:109} INFO - [2022-02-21 00:57:49,396] {manager.py:496} INFO - Created Permission View: can read on DAG:example_short_circuit_operator
[2022-02-21 00:57:49,398] {logging_mixin.py:109} INFO - [2022-02-21 00:57:49,397] {dag.py:2396} INFO - Sync 1 DAGs
[2022-02-21 00:57:49,413] {logging_mixin.py:109} INFO - [2022-02-21 00:57:49,412] {dag.py:2415} INFO - Creating ORM DAG for example_short_circuit_operator
[2022-02-21 00:57:49,440] {logging_mixin.py:109} INFO - [2022-02-21 00:57:49,439] {dag.py:2935} INFO - Setting next_dagrun for example_short_circuit_operator to 2022-02-20T00:57:49.438543+00:00
[2022-02-21 00:57:49,476] {processor.py:171} INFO - Processing /home/airflow/.local/lib/python3.7/site-packages/airflow/example_dags/example_short_circuit_operator.py took 23.978 seconds
[2022-02-21 00:59:05,679] {processor.py:163} INFO - Started process (PID=370) to work on /home/airflow/.local/lib/python3.7/site-packages/airflow/example_dags/example_short_circuit_operator.py
[2022-02-21 00:59:05,681] {processor.py:642} INFO - Processing file /home/airflow/.local/lib/python3.7/site-packages/airflow/example_dags/example_short_circuit_operator.py for tasks to queue
[2022-02-21 00:59:05,682] {logging_mixin.py:109} INFO - [2022-02-21 00:59:05,682] {dagbag.py:500} INFO - Filling up the DagBag from /home/airflow/.local/lib/python3.7/site-packages/airflow/example_dags/example_short_circuit_operator.py
[2022-02-21 00:59:05,718] {processor.py:654} INFO - DAG(s) dict_keys(['example_short_circuit_operator']) retrieved from /home/airflow/.local/lib/python3.7/site-packages/airflow/example_dags/example_short_circuit_operator.py
[2022-02-21 00:59:05,731] {logging_mixin.py:109} INFO - [2022-02-21 00:59:05,731] {dag.py:2396} INFO - Sync 1 DAGs
[2022-02-21 00:59:05,750] {logging_mixin.py:109} INFO - [2022-02-21 00:59:05,750] {dag.py:2935} INFO - Setting next_dagrun for example_short_circuit_operator to 2022-02-20T00:59:05.749727+00:00
[2022-02-21 00:59:05,762] {processor.py:171} INFO - Processing /home/airflow/.local/lib/python3.7/site-packages/airflow/example_dags/example_short_circuit_operator.py took 0.087 seconds
[2022-02-21 00:59:36,660] {processor.py:163} INFO - Started process (PID=421) to work on /home/airflow/.local/lib/python3.7/site-packages/airflow/example_dags/example_short_circuit_operator.py
[2022-02-21 00:59:36,661] {processor.py:642} INFO - Processing file /home/airflow/.local/lib/python3.7/site-packages/airflow/example_dags/example_short_circuit_operator.py for tasks to queue
[2022-02-21 00:59:36,662] {logging_mixin.py:109} INFO - [2022-02-21 00:59:36,662] {dagbag.py:500} INFO - Filling up the DagBag from /home/airflow/.local/lib/python3.7/site-packages/airflow/example_dags/example_short_circuit_operator.py
[2022-02-21 00:59:36,706] {processor.py:654} INFO - DAG(s) dict_keys(['example_short_circuit_operator']) retrieved from /home/airflow/.local/lib/python3.7/site-packages/airflow/example_dags/example_short_circuit_operator.py
[2022-02-21 00:59:36,725] {logging_mixin.py:109} INFO - [2022-02-21 00:59:36,725] {dag.py:2396} INFO - Sync 1 DAGs
[2022-02-21 00:59:36,765] {logging_mixin.py:109} INFO - [2022-02-21 00:59:36,765] {dag.py:2935} INFO - Setting next_dagrun for example_short_circuit_operator to 2022-02-20T00:59:36.765050+00:00
[2022-02-21 00:59:36,788] {processor.py:171} INFO - Processing /home/airflow/.local/lib/python3.7/site-packages/airflow/example_dags/example_short_circuit_operator.py took 0.132 seconds
[2022-02-21 01:00:07,777] {processor.py:163} INFO - Started process (PID=473) to work on /home/airflow/.local/lib/python3.7/site-packages/airflow/example_dags/example_short_circuit_operator.py
[2022-02-21 01:00:07,779] {processor.py:642} INFO - Processing file /home/airflow/.local/lib/python3.7/site-packages/airflow/example_dags/example_short_circuit_operator.py for tasks to queue
[2022-02-21 01:00:07,782] {logging_mixin.py:109} INFO - [2022-02-21 01:00:07,782] {dagbag.py:500} INFO - Filling up the DagBag from /home/airflow/.local/lib/python3.7/site-packages/airflow/example_dags/example_short_circuit_operator.py
[2022-02-21 01:00:07,808] {processor.py:654} INFO - DAG(s) dict_keys(['example_short_circuit_operator']) retrieved from /home/airflow/.local/lib/python3.7/site-packages/airflow/example_dags/example_short_circuit_operator.py
[2022-02-21 01:00:07,818] {logging_mixin.py:109} INFO - [2022-02-21 01:00:07,817] {dag.py:2396} INFO - Sync 1 DAGs
[2022-02-21 01:00:07,831] {logging_mixin.py:109} INFO - [2022-02-21 01:00:07,831] {dag.py:2935} INFO - Setting next_dagrun for example_short_circuit_operator to 2022-02-20T01:00:07.831370+00:00
[2022-02-21 01:00:07,848] {processor.py:171} INFO - Processing /home/airflow/.local/lib/python3.7/site-packages/airflow/example_dags/example_short_circuit_operator.py took 0.074 seconds
[2022-02-21 01:00:38,267] {processor.py:163} INFO - Started process (PID=533) to work on /home/airflow/.local/lib/python3.7/site-packages/airflow/example_dags/example_short_circuit_operator.py
[2022-02-21 01:00:38,268] {processor.py:642} INFO - Processing file /home/airflow/.local/lib/python3.7/site-packages/airflow/example_dags/example_short_circuit_operator.py for tasks to queue
[2022-02-21 01:00:38,268] {logging_mixin.py:109} INFO - [2022-02-21 01:00:38,268] {dagbag.py:500} INFO - Filling up the DagBag from /home/airflow/.local/lib/python3.7/site-packages/airflow/example_dags/example_short_circuit_operator.py
[2022-02-21 01:00:38,299] {processor.py:654} INFO - DAG(s) dict_keys(['example_short_circuit_operator']) retrieved from /home/airflow/.local/lib/python3.7/site-packages/airflow/example_dags/example_short_circuit_operator.py
[2022-02-21 01:00:38,310] {logging_mixin.py:109} INFO - [2022-02-21 01:00:38,310] {dag.py:2396} INFO - Sync 1 DAGs
[2022-02-21 01:00:38,327] {logging_mixin.py:109} INFO - [2022-02-21 01:00:38,327] {dag.py:2935} INFO - Setting next_dagrun for example_short_circuit_operator to 2022-02-20T01:00:38.327314+00:00
[2022-02-21 01:00:38,339] {processor.py:171} INFO - Processing /home/airflow/.local/lib/python3.7/site-packages/airflow/example_dags/example_short_circuit_operator.py took 0.075 seconds
[2022-02-21 01:01:08,688] {processor.py:163} INFO - Started process (PID=584) to work on /home/airflow/.local/lib/python3.7/site-packages/airflow/example_dags/example_short_circuit_operator.py
[2022-02-21 01:01:08,689] {processor.py:642} INFO - Processing file /home/airflow/.local/lib/python3.7/site-packages/airflow/example_dags/example_short_circuit_operator.py for tasks to queue
[2022-02-21 01:01:08,690] {logging_mixin.py:109} INFO - [2022-02-21 01:01:08,690] {dagbag.py:500} INFO - Filling up the DagBag from /home/airflow/.local/lib/python3.7/site-packages/airflow/example_dags/example_short_circuit_operator.py
[2022-02-21 01:01:08,715] {processor.py:654} INFO - DAG(s) dict_keys(['example_short_circuit_operator']) retrieved from /home/airflow/.local/lib/python3.7/site-packages/airflow/example_dags/example_short_circuit_operator.py
[2022-02-21 01:01:08,725] {logging_mixin.py:109} INFO - [2022-02-21 01:01:08,724] {dag.py:2396} INFO - Sync 1 DAGs
[2022-02-21 01:01:08,738] {logging_mixin.py:109} INFO - [2022-02-21 01:01:08,738] {dag.py:2935} INFO - Setting next_dagrun for example_short_circuit_operator to 2022-02-20T01:01:08.738342+00:00
[2022-02-21 01:01:08,748] {processor.py:171} INFO - Processing /home/airflow/.local/lib/python3.7/site-packages/airflow/example_dags/example_short_circuit_operator.py took 0.062 seconds
[2022-02-21 01:01:38,836] {processor.py:163} INFO - Started process (PID=636) to work on /home/airflow/.local/lib/python3.7/site-packages/airflow/example_dags/example_short_circuit_operator.py
[2022-02-21 01:01:38,837] {processor.py:642} INFO - Processing file /home/airflow/.local/lib/python3.7/site-packages/airflow/example_dags/example_short_circuit_operator.py for tasks to queue
[2022-02-21 01:01:38,837] {logging_mixin.py:109} INFO - [2022-02-21 01:01:38,837] {dagbag.py:500} INFO - Filling up the DagBag from /home/airflow/.local/lib/python3.7/site-packages/airflow/example_dags/example_short_circuit_operator.py
[2022-02-21 01:01:38,863] {processor.py:654} INFO - DAG(s) dict_keys(['example_short_circuit_operator']) retrieved from /home/airflow/.local/lib/python3.7/site-packages/airflow/example_dags/example_short_circuit_operator.py
[2022-02-21 01:01:38,872] {logging_mixin.py:109} INFO - [2022-02-21 01:01:38,872] {dag.py:2396} INFO - Sync 1 DAGs
[2022-02-21 01:01:38,885] {logging_mixin.py:109} INFO - [2022-02-21 01:01:38,885] {dag.py:2935} INFO - Setting next_dagrun for example_short_circuit_operator to 2022-02-20T01:01:38.885068+00:00
[2022-02-21 01:01:38,894] {processor.py:171} INFO - Processing /home/airflow/.local/lib/python3.7/site-packages/airflow/example_dags/example_short_circuit_operator.py took 0.061 seconds
[2022-02-21 01:02:09,241] {processor.py:163} INFO - Started process (PID=695) to work on /home/airflow/.local/lib/python3.7/site-packages/airflow/example_dags/example_short_circuit_operator.py
[2022-02-21 01:02:09,242] {processor.py:642} INFO - Processing file /home/airflow/.local/lib/python3.7/site-packages/airflow/example_dags/example_short_circuit_operator.py for tasks to queue
[2022-02-21 01:02:09,243] {logging_mixin.py:109} INFO - [2022-02-21 01:02:09,243] {dagbag.py:500} INFO - Filling up the DagBag from /home/airflow/.local/lib/python3.7/site-packages/airflow/example_dags/example_short_circuit_operator.py
[2022-02-21 01:02:09,277] {processor.py:654} INFO - DAG(s) dict_keys(['example_short_circuit_operator']) retrieved from /home/airflow/.local/lib/python3.7/site-packages/airflow/example_dags/example_short_circuit_operator.py
[2022-02-21 01:02:09,290] {logging_mixin.py:109} INFO - [2022-02-21 01:02:09,290] {dag.py:2396} INFO - Sync 1 DAGs
[2022-02-21 01:02:09,310] {logging_mixin.py:109} INFO - [2022-02-21 01:02:09,310] {dag.py:2935} INFO - Setting next_dagrun for example_short_circuit_operator to 2022-02-20T01:02:09.310362+00:00
[2022-02-21 01:02:09,322] {processor.py:171} INFO - Processing /home/airflow/.local/lib/python3.7/site-packages/airflow/example_dags/example_short_circuit_operator.py took 0.084 seconds
[2022-02-21 01:02:39,658] {processor.py:163} INFO - Started process (PID=746) to work on /home/airflow/.local/lib/python3.7/site-packages/airflow/example_dags/example_short_circuit_operator.py
[2022-02-21 01:02:39,659] {processor.py:642} INFO - Processing file /home/airflow/.local/lib/python3.7/site-packages/airflow/example_dags/example_short_circuit_operator.py for tasks to queue
[2022-02-21 01:02:39,660] {logging_mixin.py:109} INFO - [2022-02-21 01:02:39,659] {dagbag.py:500} INFO - Filling up the DagBag from /home/airflow/.local/lib/python3.7/site-packages/airflow/example_dags/example_short_circuit_operator.py
[2022-02-21 01:02:39,695] {processor.py:654} INFO - DAG(s) dict_keys(['example_short_circuit_operator']) retrieved from /home/airflow/.local/lib/python3.7/site-packages/airflow/example_dags/example_short_circuit_operator.py
[2022-02-21 01:02:39,704] {logging_mixin.py:109} INFO - [2022-02-21 01:02:39,704] {dag.py:2396} INFO - Sync 1 DAGs
[2022-02-21 01:02:39,723] {logging_mixin.py:109} INFO - [2022-02-21 01:02:39,723] {dag.py:2935} INFO - Setting next_dagrun for example_short_circuit_operator to 2022-02-20T01:02:39.723117+00:00
[2022-02-21 01:02:39,733] {processor.py:171} INFO - Processing /home/airflow/.local/lib/python3.7/site-packages/airflow/example_dags/example_short_circuit_operator.py took 0.080 seconds
[2022-02-21 01:03:09,785] {processor.py:163} INFO - Started process (PID=797) to work on /home/airflow/.local/lib/python3.7/site-packages/airflow/example_dags/example_short_circuit_operator.py
[2022-02-21 01:03:09,787] {processor.py:642} INFO - Processing file /home/airflow/.local/lib/python3.7/site-packages/airflow/example_dags/example_short_circuit_operator.py for tasks to queue
[2022-02-21 01:03:09,787] {logging_mixin.py:109} INFO - [2022-02-21 01:03:09,787] {dagbag.py:500} INFO - Filling up the DagBag from /home/airflow/.local/lib/python3.7/site-packages/airflow/example_dags/example_short_circuit_operator.py
[2022-02-21 01:03:09,820] {processor.py:654} INFO - DAG(s) dict_keys(['example_short_circuit_operator']) retrieved from /home/airflow/.local/lib/python3.7/site-packages/airflow/example_dags/example_short_circuit_operator.py
[2022-02-21 01:03:09,832] {logging_mixin.py:109} INFO - [2022-02-21 01:03:09,832] {dag.py:2396} INFO - Sync 1 DAGs
[2022-02-21 01:03:09,852] {logging_mixin.py:109} INFO - [2022-02-21 01:03:09,852] {dag.py:2935} INFO - Setting next_dagrun for example_short_circuit_operator to 2022-02-20T01:03:09.851972+00:00
[2022-02-21 01:03:09,864] {processor.py:171} INFO - Processing /home/airflow/.local/lib/python3.7/site-packages/airflow/example_dags/example_short_circuit_operator.py took 0.082 seconds
[2022-02-21 01:03:40,134] {processor.py:163} INFO - Started process (PID=857) to work on /home/airflow/.local/lib/python3.7/site-packages/airflow/example_dags/example_short_circuit_operator.py
[2022-02-21 01:03:40,135] {processor.py:642} INFO - Processing file /home/airflow/.local/lib/python3.7/site-packages/airflow/example_dags/example_short_circuit_operator.py for tasks to queue
[2022-02-21 01:03:40,135] {logging_mixin.py:109} INFO - [2022-02-21 01:03:40,135] {dagbag.py:500} INFO - Filling up the DagBag from /home/airflow/.local/lib/python3.7/site-packages/airflow/example_dags/example_short_circuit_operator.py
[2022-02-21 01:03:40,170] {processor.py:654} INFO - DAG(s) dict_keys(['example_short_circuit_operator']) retrieved from /home/airflow/.local/lib/python3.7/site-packages/airflow/example_dags/example_short_circuit_operator.py
[2022-02-21 01:03:40,182] {logging_mixin.py:109} INFO - [2022-02-21 01:03:40,182] {dag.py:2396} INFO - Sync 1 DAGs
[2022-02-21 01:03:40,202] {logging_mixin.py:109} INFO - [2022-02-21 01:03:40,202] {dag.py:2935} INFO - Setting next_dagrun for example_short_circuit_operator to 2022-02-20T01:03:40.201933+00:00
[2022-02-21 01:03:40,214] {processor.py:171} INFO - Processing /home/airflow/.local/lib/python3.7/site-packages/airflow/example_dags/example_short_circuit_operator.py took 0.084 seconds
[2022-02-21 01:04:10,478] {processor.py:163} INFO - Started process (PID=908) to work on /home/airflow/.local/lib/python3.7/site-packages/airflow/example_dags/example_short_circuit_operator.py
[2022-02-21 01:04:10,479] {processor.py:642} INFO - Processing file /home/airflow/.local/lib/python3.7/site-packages/airflow/example_dags/example_short_circuit_operator.py for tasks to queue
[2022-02-21 01:04:10,479] {logging_mixin.py:109} INFO - [2022-02-21 01:04:10,479] {dagbag.py:500} INFO - Filling up the DagBag from /home/airflow/.local/lib/python3.7/site-packages/airflow/example_dags/example_short_circuit_operator.py
[2022-02-21 01:04:10,504] {processor.py:654} INFO - DAG(s) dict_keys(['example_short_circuit_operator']) retrieved from /home/airflow/.local/lib/python3.7/site-packages/airflow/example_dags/example_short_circuit_operator.py
[2022-02-21 01:04:10,513] {logging_mixin.py:109} INFO - [2022-02-21 01:04:10,513] {dag.py:2396} INFO - Sync 1 DAGs
[2022-02-21 01:04:10,527] {logging_mixin.py:109} INFO - [2022-02-21 01:04:10,526] {dag.py:2935} INFO - Setting next_dagrun for example_short_circuit_operator to 2022-02-20T01:04:10.526610+00:00
[2022-02-21 01:04:10,535] {processor.py:171} INFO - Processing /home/airflow/.local/lib/python3.7/site-packages/airflow/example_dags/example_short_circuit_operator.py took 0.060 seconds
[2022-02-21 01:04:40,846] {processor.py:163} INFO - Started process (PID=959) to work on /home/airflow/.local/lib/python3.7/site-packages/airflow/example_dags/example_short_circuit_operator.py
[2022-02-21 01:04:40,848] {processor.py:642} INFO - Processing file /home/airflow/.local/lib/python3.7/site-packages/airflow/example_dags/example_short_circuit_operator.py for tasks to queue
[2022-02-21 01:04:40,849] {logging_mixin.py:109} INFO - [2022-02-21 01:04:40,849] {dagbag.py:500} INFO - Filling up the DagBag from /home/airflow/.local/lib/python3.7/site-packages/airflow/example_dags/example_short_circuit_operator.py
[2022-02-21 01:04:40,893] {processor.py:654} INFO - DAG(s) dict_keys(['example_short_circuit_operator']) retrieved from /home/airflow/.local/lib/python3.7/site-packages/airflow/example_dags/example_short_circuit_operator.py
[2022-02-21 01:04:40,905] {logging_mixin.py:109} INFO - [2022-02-21 01:04:40,905] {dag.py:2396} INFO - Sync 1 DAGs
[2022-02-21 01:04:40,925] {logging_mixin.py:109} INFO - [2022-02-21 01:04:40,925] {dag.py:2935} INFO - Setting next_dagrun for example_short_circuit_operator to 2022-02-20T01:04:40.925479+00:00
[2022-02-21 01:04:40,938] {processor.py:171} INFO - Processing /home/airflow/.local/lib/python3.7/site-packages/airflow/example_dags/example_short_circuit_operator.py took 0.096 seconds
[2022-02-21 01:05:11,234] {processor.py:163} INFO - Started process (PID=1010) to work on /home/airflow/.local/lib/python3.7/site-packages/airflow/example_dags/example_short_circuit_operator.py
[2022-02-21 01:05:11,236] {processor.py:642} INFO - Processing file /home/airflow/.local/lib/python3.7/site-packages/airflow/example_dags/example_short_circuit_operator.py for tasks to queue
[2022-02-21 01:05:11,237] {logging_mixin.py:109} INFO - [2022-02-21 01:05:11,237] {dagbag.py:500} INFO - Filling up the DagBag from /home/airflow/.local/lib/python3.7/site-packages/airflow/example_dags/example_short_circuit_operator.py
[2022-02-21 01:05:11,263] {processor.py:654} INFO - DAG(s) dict_keys(['example_short_circuit_operator']) retrieved from /home/airflow/.local/lib/python3.7/site-packages/airflow/example_dags/example_short_circuit_operator.py
[2022-02-21 01:05:11,273] {logging_mixin.py:109} INFO - [2022-02-21 01:05:11,273] {dag.py:2396} INFO - Sync 1 DAGs
[2022-02-21 01:05:11,286] {logging_mixin.py:109} INFO - [2022-02-21 01:05:11,286] {dag.py:2935} INFO - Setting next_dagrun for example_short_circuit_operator to 2022-02-20T01:05:11.286253+00:00
[2022-02-21 01:05:11,295] {processor.py:171} INFO - Processing /home/airflow/.local/lib/python3.7/site-packages/airflow/example_dags/example_short_circuit_operator.py took 0.064 seconds
[2022-02-21 01:05:41,508] {processor.py:163} INFO - Started process (PID=1068) to work on /home/airflow/.local/lib/python3.7/site-packages/airflow/example_dags/example_short_circuit_operator.py
[2022-02-21 01:05:41,510] {processor.py:642} INFO - Processing file /home/airflow/.local/lib/python3.7/site-packages/airflow/example_dags/example_short_circuit_operator.py for tasks to queue
[2022-02-21 01:05:41,511] {logging_mixin.py:109} INFO - [2022-02-21 01:05:41,511] {dagbag.py:500} INFO - Filling up the DagBag from /home/airflow/.local/lib/python3.7/site-packages/airflow/example_dags/example_short_circuit_operator.py
[2022-02-21 01:05:41,556] {processor.py:654} INFO - DAG(s) dict_keys(['example_short_circuit_operator']) retrieved from /home/airflow/.local/lib/python3.7/site-packages/airflow/example_dags/example_short_circuit_operator.py
[2022-02-21 01:05:41,572] {logging_mixin.py:109} INFO - [2022-02-21 01:05:41,572] {dag.py:2396} INFO - Sync 1 DAGs
[2022-02-21 01:05:41,595] {logging_mixin.py:109} INFO - [2022-02-21 01:05:41,595] {dag.py:2935} INFO - Setting next_dagrun for example_short_circuit_operator to 2022-02-20T01:05:41.595402+00:00
[2022-02-21 01:05:41,610] {processor.py:171} INFO - Processing /home/airflow/.local/lib/python3.7/site-packages/airflow/example_dags/example_short_circuit_operator.py took 0.106 seconds
[2022-02-21 01:06:11,874] {processor.py:163} INFO - Started process (PID=1120) to work on /home/airflow/.local/lib/python3.7/site-packages/airflow/example_dags/example_short_circuit_operator.py
[2022-02-21 01:06:11,876] {processor.py:642} INFO - Processing file /home/airflow/.local/lib/python3.7/site-packages/airflow/example_dags/example_short_circuit_operator.py for tasks to queue
[2022-02-21 01:06:11,877] {logging_mixin.py:109} INFO - [2022-02-21 01:06:11,877] {dagbag.py:500} INFO - Filling up the DagBag from /home/airflow/.local/lib/python3.7/site-packages/airflow/example_dags/example_short_circuit_operator.py
[2022-02-21 01:06:11,946] {processor.py:654} INFO - DAG(s) dict_keys(['example_short_circuit_operator']) retrieved from /home/airflow/.local/lib/python3.7/site-packages/airflow/example_dags/example_short_circuit_operator.py
[2022-02-21 01:06:11,970] {logging_mixin.py:109} INFO - [2022-02-21 01:06:11,970] {dag.py:2396} INFO - Sync 1 DAGs
[2022-02-21 01:06:12,006] {logging_mixin.py:109} INFO - [2022-02-21 01:06:12,006] {dag.py:2935} INFO - Setting next_dagrun for example_short_circuit_operator to 2022-02-20T01:06:12.005697+00:00
[2022-02-21 01:06:12,024] {processor.py:171} INFO - Processing /home/airflow/.local/lib/python3.7/site-packages/airflow/example_dags/example_short_circuit_operator.py took 0.157 seconds
[2022-02-21 01:06:42,431] {processor.py:163} INFO - Started process (PID=1171) to work on /home/airflow/.local/lib/python3.7/site-packages/airflow/example_dags/example_short_circuit_operator.py
[2022-02-21 01:06:42,433] {processor.py:642} INFO - Processing file /home/airflow/.local/lib/python3.7/site-packages/airflow/example_dags/example_short_circuit_operator.py for tasks to queue
[2022-02-21 01:06:42,434] {logging_mixin.py:109} INFO - [2022-02-21 01:06:42,434] {dagbag.py:500} INFO - Filling up the DagBag from /home/airflow/.local/lib/python3.7/site-packages/airflow/example_dags/example_short_circuit_operator.py
[2022-02-21 01:06:42,511] {processor.py:654} INFO - DAG(s) dict_keys(['example_short_circuit_operator']) retrieved from /home/airflow/.local/lib/python3.7/site-packages/airflow/example_dags/example_short_circuit_operator.py
[2022-02-21 01:06:42,536] {logging_mixin.py:109} INFO - [2022-02-21 01:06:42,535] {dag.py:2396} INFO - Sync 1 DAGs
[2022-02-21 01:06:42,575] {logging_mixin.py:109} INFO - [2022-02-21 01:06:42,575] {dag.py:2935} INFO - Setting next_dagrun for example_short_circuit_operator to 2022-02-20T01:06:42.574427+00:00
[2022-02-21 01:06:42,592] {processor.py:171} INFO - Processing /home/airflow/.local/lib/python3.7/site-packages/airflow/example_dags/example_short_circuit_operator.py took 0.167 seconds
[2022-02-21 01:07:12,687] {processor.py:163} INFO - Started process (PID=1222) to work on /home/airflow/.local/lib/python3.7/site-packages/airflow/example_dags/example_short_circuit_operator.py
[2022-02-21 01:07:12,689] {processor.py:642} INFO - Processing file /home/airflow/.local/lib/python3.7/site-packages/airflow/example_dags/example_short_circuit_operator.py for tasks to queue
[2022-02-21 01:07:12,689] {logging_mixin.py:109} INFO - [2022-02-21 01:07:12,689] {dagbag.py:500} INFO - Filling up the DagBag from /home/airflow/.local/lib/python3.7/site-packages/airflow/example_dags/example_short_circuit_operator.py
[2022-02-21 01:07:12,725] {processor.py:654} INFO - DAG(s) dict_keys(['example_short_circuit_operator']) retrieved from /home/airflow/.local/lib/python3.7/site-packages/airflow/example_dags/example_short_circuit_operator.py
[2022-02-21 01:07:12,737] {logging_mixin.py:109} INFO - [2022-02-21 01:07:12,737] {dag.py:2396} INFO - Sync 1 DAGs
[2022-02-21 01:07:12,753] {logging_mixin.py:109} INFO - [2022-02-21 01:07:12,753] {dag.py:2935} INFO - Setting next_dagrun for example_short_circuit_operator to 2022-02-20T01:07:12.752762+00:00
[2022-02-21 01:07:12,764] {processor.py:171} INFO - Processing /home/airflow/.local/lib/python3.7/site-packages/airflow/example_dags/example_short_circuit_operator.py took 0.079 seconds
[2022-02-21 01:07:43,143] {processor.py:163} INFO - Started process (PID=1272) to work on /home/airflow/.local/lib/python3.7/site-packages/airflow/example_dags/example_short_circuit_operator.py
[2022-02-21 01:07:43,144] {processor.py:642} INFO - Processing file /home/airflow/.local/lib/python3.7/site-packages/airflow/example_dags/example_short_circuit_operator.py for tasks to queue
[2022-02-21 01:07:43,144] {logging_mixin.py:109} INFO - [2022-02-21 01:07:43,144] {dagbag.py:500} INFO - Filling up the DagBag from /home/airflow/.local/lib/python3.7/site-packages/airflow/example_dags/example_short_circuit_operator.py
[2022-02-21 01:07:43,180] {processor.py:654} INFO - DAG(s) dict_keys(['example_short_circuit_operator']) retrieved from /home/airflow/.local/lib/python3.7/site-packages/airflow/example_dags/example_short_circuit_operator.py
[2022-02-21 01:07:43,197] {logging_mixin.py:109} INFO - [2022-02-21 01:07:43,197] {dag.py:2396} INFO - Sync 1 DAGs
[2022-02-21 01:07:43,224] {logging_mixin.py:109} INFO - [2022-02-21 01:07:43,223] {dag.py:2935} INFO - Setting next_dagrun for example_short_circuit_operator to 2022-02-20T01:07:43.223603+00:00
[2022-02-21 01:07:43,239] {processor.py:171} INFO - Processing /home/airflow/.local/lib/python3.7/site-packages/airflow/example_dags/example_short_circuit_operator.py took 0.100 seconds
[2022-02-21 01:08:13,284] {processor.py:163} INFO - Started process (PID=1331) to work on /home/airflow/.local/lib/python3.7/site-packages/airflow/example_dags/example_short_circuit_operator.py
[2022-02-21 01:08:13,286] {processor.py:642} INFO - Processing file /home/airflow/.local/lib/python3.7/site-packages/airflow/example_dags/example_short_circuit_operator.py for tasks to queue
[2022-02-21 01:08:13,287] {logging_mixin.py:109} INFO - [2022-02-21 01:08:13,287] {dagbag.py:500} INFO - Filling up the DagBag from /home/airflow/.local/lib/python3.7/site-packages/airflow/example_dags/example_short_circuit_operator.py
[2022-02-21 01:08:13,322] {processor.py:654} INFO - DAG(s) dict_keys(['example_short_circuit_operator']) retrieved from /home/airflow/.local/lib/python3.7/site-packages/airflow/example_dags/example_short_circuit_operator.py
[2022-02-21 01:08:13,335] {logging_mixin.py:109} INFO - [2022-02-21 01:08:13,335] {dag.py:2396} INFO - Sync 1 DAGs
[2022-02-21 01:08:13,355] {logging_mixin.py:109} INFO - [2022-02-21 01:08:13,355] {dag.py:2935} INFO - Setting next_dagrun for example_short_circuit_operator to 2022-02-20T01:08:13.354948+00:00
[2022-02-21 01:08:13,368] {processor.py:171} INFO - Processing /home/airflow/.local/lib/python3.7/site-packages/airflow/example_dags/example_short_circuit_operator.py took 0.089 seconds
[2022-02-21 01:08:43,421] {processor.py:163} INFO - Started process (PID=1384) to work on /home/airflow/.local/lib/python3.7/site-packages/airflow/example_dags/example_short_circuit_operator.py
[2022-02-21 01:08:43,422] {processor.py:642} INFO - Processing file /home/airflow/.local/lib/python3.7/site-packages/airflow/example_dags/example_short_circuit_operator.py for tasks to queue
[2022-02-21 01:08:43,423] {logging_mixin.py:109} INFO - [2022-02-21 01:08:43,423] {dagbag.py:500} INFO - Filling up the DagBag from /home/airflow/.local/lib/python3.7/site-packages/airflow/example_dags/example_short_circuit_operator.py
[2022-02-21 01:08:43,458] {processor.py:654} INFO - DAG(s) dict_keys(['example_short_circuit_operator']) retrieved from /home/airflow/.local/lib/python3.7/site-packages/airflow/example_dags/example_short_circuit_operator.py
[2022-02-21 01:08:43,470] {logging_mixin.py:109} INFO - [2022-02-21 01:08:43,470] {dag.py:2396} INFO - Sync 1 DAGs
[2022-02-21 01:08:43,491] {logging_mixin.py:109} INFO - [2022-02-21 01:08:43,490] {dag.py:2935} INFO - Setting next_dagrun for example_short_circuit_operator to 2022-02-20T01:08:43.490535+00:00
[2022-02-21 01:08:43,503] {processor.py:171} INFO - Processing /home/airflow/.local/lib/python3.7/site-packages/airflow/example_dags/example_short_circuit_operator.py took 0.086 seconds
[2022-02-21 01:09:13,961] {processor.py:163} INFO - Started process (PID=1434) to work on /home/airflow/.local/lib/python3.7/site-packages/airflow/example_dags/example_short_circuit_operator.py
[2022-02-21 01:09:13,962] {processor.py:642} INFO - Processing file /home/airflow/.local/lib/python3.7/site-packages/airflow/example_dags/example_short_circuit_operator.py for tasks to queue
[2022-02-21 01:09:13,963] {logging_mixin.py:109} INFO - [2022-02-21 01:09:13,962] {dagbag.py:500} INFO - Filling up the DagBag from /home/airflow/.local/lib/python3.7/site-packages/airflow/example_dags/example_short_circuit_operator.py
[2022-02-21 01:09:13,988] {processor.py:654} INFO - DAG(s) dict_keys(['example_short_circuit_operator']) retrieved from /home/airflow/.local/lib/python3.7/site-packages/airflow/example_dags/example_short_circuit_operator.py
[2022-02-21 01:09:13,998] {logging_mixin.py:109} INFO - [2022-02-21 01:09:13,998] {dag.py:2396} INFO - Sync 1 DAGs
[2022-02-21 01:09:14,011] {logging_mixin.py:109} INFO - [2022-02-21 01:09:14,011] {dag.py:2935} INFO - Setting next_dagrun for example_short_circuit_operator to 2022-02-20T01:09:14.011396+00:00
[2022-02-21 01:09:14,020] {processor.py:171} INFO - Processing /home/airflow/.local/lib/python3.7/site-packages/airflow/example_dags/example_short_circuit_operator.py took 0.062 seconds
[2022-02-21 01:09:44,085] {processor.py:163} INFO - Started process (PID=1485) to work on /home/airflow/.local/lib/python3.7/site-packages/airflow/example_dags/example_short_circuit_operator.py
[2022-02-21 01:09:44,086] {processor.py:642} INFO - Processing file /home/airflow/.local/lib/python3.7/site-packages/airflow/example_dags/example_short_circuit_operator.py for tasks to queue
[2022-02-21 01:09:44,087] {logging_mixin.py:109} INFO - [2022-02-21 01:09:44,086] {dagbag.py:500} INFO - Filling up the DagBag from /home/airflow/.local/lib/python3.7/site-packages/airflow/example_dags/example_short_circuit_operator.py
[2022-02-21 01:09:44,117] {processor.py:654} INFO - DAG(s) dict_keys(['example_short_circuit_operator']) retrieved from /home/airflow/.local/lib/python3.7/site-packages/airflow/example_dags/example_short_circuit_operator.py
[2022-02-21 01:09:44,129] {logging_mixin.py:109} INFO - [2022-02-21 01:09:44,129] {dag.py:2396} INFO - Sync 1 DAGs
[2022-02-21 01:09:44,148] {logging_mixin.py:109} INFO - [2022-02-21 01:09:44,148] {dag.py:2935} INFO - Setting next_dagrun for example_short_circuit_operator to 2022-02-20T01:09:44.147855+00:00
[2022-02-21 01:09:44,159] {processor.py:171} INFO - Processing /home/airflow/.local/lib/python3.7/site-packages/airflow/example_dags/example_short_circuit_operator.py took 0.078 seconds
[2022-02-21 01:10:14,609] {processor.py:163} INFO - Started process (PID=1537) to work on /home/airflow/.local/lib/python3.7/site-packages/airflow/example_dags/example_short_circuit_operator.py
[2022-02-21 01:10:14,614] {processor.py:642} INFO - Processing file /home/airflow/.local/lib/python3.7/site-packages/airflow/example_dags/example_short_circuit_operator.py for tasks to queue
[2022-02-21 01:10:14,616] {logging_mixin.py:109} INFO - [2022-02-21 01:10:14,615] {dagbag.py:500} INFO - Filling up the DagBag from /home/airflow/.local/lib/python3.7/site-packages/airflow/example_dags/example_short_circuit_operator.py
[2022-02-21 01:10:14,704] {processor.py:654} INFO - DAG(s) dict_keys(['example_short_circuit_operator']) retrieved from /home/airflow/.local/lib/python3.7/site-packages/airflow/example_dags/example_short_circuit_operator.py
[2022-02-21 01:10:14,742] {logging_mixin.py:109} INFO - [2022-02-21 01:10:14,741] {dag.py:2396} INFO - Sync 1 DAGs
[2022-02-21 01:10:15,078] {logging_mixin.py:109} INFO - [2022-02-21 01:10:15,078] {dag.py:2935} INFO - Setting next_dagrun for example_short_circuit_operator to 2022-02-20T01:10:15.077787+00:00
[2022-02-21 01:10:15,109] {processor.py:171} INFO - Processing /home/airflow/.local/lib/python3.7/site-packages/airflow/example_dags/example_short_circuit_operator.py took 0.512 seconds
[2022-02-21 01:10:45,400] {processor.py:163} INFO - Started process (PID=1587) to work on /home/airflow/.local/lib/python3.7/site-packages/airflow/example_dags/example_short_circuit_operator.py
[2022-02-21 01:10:45,410] {processor.py:642} INFO - Processing file /home/airflow/.local/lib/python3.7/site-packages/airflow/example_dags/example_short_circuit_operator.py for tasks to queue
[2022-02-21 01:10:45,412] {logging_mixin.py:109} INFO - [2022-02-21 01:10:45,411] {dagbag.py:500} INFO - Filling up the DagBag from /home/airflow/.local/lib/python3.7/site-packages/airflow/example_dags/example_short_circuit_operator.py
[2022-02-21 01:10:45,468] {processor.py:654} INFO - DAG(s) dict_keys(['example_short_circuit_operator']) retrieved from /home/airflow/.local/lib/python3.7/site-packages/airflow/example_dags/example_short_circuit_operator.py
[2022-02-21 01:10:45,489] {logging_mixin.py:109} INFO - [2022-02-21 01:10:45,488] {dag.py:2396} INFO - Sync 1 DAGs
[2022-02-21 01:10:45,674] {logging_mixin.py:109} INFO - [2022-02-21 01:10:45,674] {dag.py:2935} INFO - Setting next_dagrun for example_short_circuit_operator to 2022-02-20T01:10:45.673623+00:00
[2022-02-21 01:10:45,689] {processor.py:171} INFO - Processing /home/airflow/.local/lib/python3.7/site-packages/airflow/example_dags/example_short_circuit_operator.py took 0.294 seconds
[2022-02-21 01:11:15,715] {processor.py:163} INFO - Started process (PID=1645) to work on /home/airflow/.local/lib/python3.7/site-packages/airflow/example_dags/example_short_circuit_operator.py
[2022-02-21 01:11:15,717] {processor.py:642} INFO - Processing file /home/airflow/.local/lib/python3.7/site-packages/airflow/example_dags/example_short_circuit_operator.py for tasks to queue
[2022-02-21 01:11:15,717] {logging_mixin.py:109} INFO - [2022-02-21 01:11:15,717] {dagbag.py:500} INFO - Filling up the DagBag from /home/airflow/.local/lib/python3.7/site-packages/airflow/example_dags/example_short_circuit_operator.py
[2022-02-21 01:11:15,750] {processor.py:654} INFO - DAG(s) dict_keys(['example_short_circuit_operator']) retrieved from /home/airflow/.local/lib/python3.7/site-packages/airflow/example_dags/example_short_circuit_operator.py
[2022-02-21 01:11:15,762] {logging_mixin.py:109} INFO - [2022-02-21 01:11:15,762] {dag.py:2396} INFO - Sync 1 DAGs
[2022-02-21 01:11:15,899] {logging_mixin.py:109} INFO - [2022-02-21 01:11:15,899] {dag.py:2935} INFO - Setting next_dagrun for example_short_circuit_operator to 2022-02-20T01:11:15.899239+00:00
[2022-02-21 01:11:15,915] {processor.py:171} INFO - Processing /home/airflow/.local/lib/python3.7/site-packages/airflow/example_dags/example_short_circuit_operator.py took 0.203 seconds
[2022-02-21 01:11:46,295] {processor.py:163} INFO - Started process (PID=1695) to work on /home/airflow/.local/lib/python3.7/site-packages/airflow/example_dags/example_short_circuit_operator.py
[2022-02-21 01:11:46,296] {processor.py:642} INFO - Processing file /home/airflow/.local/lib/python3.7/site-packages/airflow/example_dags/example_short_circuit_operator.py for tasks to queue
[2022-02-21 01:11:46,296] {logging_mixin.py:109} INFO - [2022-02-21 01:11:46,296] {dagbag.py:500} INFO - Filling up the DagBag from /home/airflow/.local/lib/python3.7/site-packages/airflow/example_dags/example_short_circuit_operator.py
[2022-02-21 01:11:46,329] {processor.py:654} INFO - DAG(s) dict_keys(['example_short_circuit_operator']) retrieved from /home/airflow/.local/lib/python3.7/site-packages/airflow/example_dags/example_short_circuit_operator.py
[2022-02-21 01:11:46,342] {logging_mixin.py:109} INFO - [2022-02-21 01:11:46,342] {dag.py:2396} INFO - Sync 1 DAGs
[2022-02-21 01:11:46,455] {logging_mixin.py:109} INFO - [2022-02-21 01:11:46,455] {dag.py:2935} INFO - Setting next_dagrun for example_short_circuit_operator to 2022-02-20T01:11:46.455255+00:00
[2022-02-21 01:11:46,533] {processor.py:171} INFO - Processing /home/airflow/.local/lib/python3.7/site-packages/airflow/example_dags/example_short_circuit_operator.py took 0.242 seconds
[2022-02-21 01:12:16,679] {processor.py:163} INFO - Started process (PID=1746) to work on /home/airflow/.local/lib/python3.7/site-packages/airflow/example_dags/example_short_circuit_operator.py
[2022-02-21 01:12:16,681] {processor.py:642} INFO - Processing file /home/airflow/.local/lib/python3.7/site-packages/airflow/example_dags/example_short_circuit_operator.py for tasks to queue
[2022-02-21 01:12:16,682] {logging_mixin.py:109} INFO - [2022-02-21 01:12:16,682] {dagbag.py:500} INFO - Filling up the DagBag from /home/airflow/.local/lib/python3.7/site-packages/airflow/example_dags/example_short_circuit_operator.py
[2022-02-21 01:12:16,706] {processor.py:654} INFO - DAG(s) dict_keys(['example_short_circuit_operator']) retrieved from /home/airflow/.local/lib/python3.7/site-packages/airflow/example_dags/example_short_circuit_operator.py
[2022-02-21 01:12:16,715] {logging_mixin.py:109} INFO - [2022-02-21 01:12:16,715] {dag.py:2396} INFO - Sync 1 DAGs
[2022-02-21 01:12:16,822] {logging_mixin.py:109} INFO - [2022-02-21 01:12:16,821] {dag.py:2935} INFO - Setting next_dagrun for example_short_circuit_operator to 2022-02-20T01:12:16.821715+00:00
[2022-02-21 01:12:16,832] {processor.py:171} INFO - Processing /home/airflow/.local/lib/python3.7/site-packages/airflow/example_dags/example_short_circuit_operator.py took 0.156 seconds
[2022-02-21 01:12:47,304] {processor.py:163} INFO - Started process (PID=1798) to work on /home/airflow/.local/lib/python3.7/site-packages/airflow/example_dags/example_short_circuit_operator.py
[2022-02-21 01:12:47,305] {processor.py:642} INFO - Processing file /home/airflow/.local/lib/python3.7/site-packages/airflow/example_dags/example_short_circuit_operator.py for tasks to queue
[2022-02-21 01:12:47,305] {logging_mixin.py:109} INFO - [2022-02-21 01:12:47,305] {dagbag.py:500} INFO - Filling up the DagBag from /home/airflow/.local/lib/python3.7/site-packages/airflow/example_dags/example_short_circuit_operator.py
[2022-02-21 01:12:47,443] {processor.py:654} INFO - DAG(s) dict_keys(['example_short_circuit_operator']) retrieved from /home/airflow/.local/lib/python3.7/site-packages/airflow/example_dags/example_short_circuit_operator.py
[2022-02-21 01:12:47,456] {logging_mixin.py:109} INFO - [2022-02-21 01:12:47,456] {dag.py:2396} INFO - Sync 1 DAGs
[2022-02-21 01:12:47,476] {logging_mixin.py:109} INFO - [2022-02-21 01:12:47,476] {dag.py:2935} INFO - Setting next_dagrun for example_short_circuit_operator to 2022-02-20T01:12:47.475951+00:00
[2022-02-21 01:12:47,488] {processor.py:171} INFO - Processing /home/airflow/.local/lib/python3.7/site-packages/airflow/example_dags/example_short_circuit_operator.py took 0.189 seconds
[2022-02-21 01:13:17,964] {processor.py:163} INFO - Started process (PID=1850) to work on /home/airflow/.local/lib/python3.7/site-packages/airflow/example_dags/example_short_circuit_operator.py
[2022-02-21 01:13:17,966] {processor.py:642} INFO - Processing file /home/airflow/.local/lib/python3.7/site-packages/airflow/example_dags/example_short_circuit_operator.py for tasks to queue
[2022-02-21 01:13:17,967] {logging_mixin.py:109} INFO - [2022-02-21 01:13:17,967] {dagbag.py:500} INFO - Filling up the DagBag from /home/airflow/.local/lib/python3.7/site-packages/airflow/example_dags/example_short_circuit_operator.py
[2022-02-21 01:13:18,096] {processor.py:654} INFO - DAG(s) dict_keys(['example_short_circuit_operator']) retrieved from /home/airflow/.local/lib/python3.7/site-packages/airflow/example_dags/example_short_circuit_operator.py
[2022-02-21 01:13:18,108] {logging_mixin.py:109} INFO - [2022-02-21 01:13:18,108] {dag.py:2396} INFO - Sync 1 DAGs
[2022-02-21 01:13:18,125] {logging_mixin.py:109} INFO - [2022-02-21 01:13:18,125] {dag.py:2935} INFO - Setting next_dagrun for example_short_circuit_operator to 2022-02-20T01:13:18.125123+00:00
[2022-02-21 01:13:18,141] {processor.py:171} INFO - Processing /home/airflow/.local/lib/python3.7/site-packages/airflow/example_dags/example_short_circuit_operator.py took 0.180 seconds
[2022-02-21 01:13:48,306] {processor.py:163} INFO - Started process (PID=1910) to work on /home/airflow/.local/lib/python3.7/site-packages/airflow/example_dags/example_short_circuit_operator.py
[2022-02-21 01:13:48,308] {processor.py:642} INFO - Processing file /home/airflow/.local/lib/python3.7/site-packages/airflow/example_dags/example_short_circuit_operator.py for tasks to queue
[2022-02-21 01:13:48,309] {logging_mixin.py:109} INFO - [2022-02-21 01:13:48,309] {dagbag.py:500} INFO - Filling up the DagBag from /home/airflow/.local/lib/python3.7/site-packages/airflow/example_dags/example_short_circuit_operator.py
[2022-02-21 01:13:48,471] {processor.py:654} INFO - DAG(s) dict_keys(['example_short_circuit_operator']) retrieved from /home/airflow/.local/lib/python3.7/site-packages/airflow/example_dags/example_short_circuit_operator.py
[2022-02-21 01:13:48,485] {logging_mixin.py:109} INFO - [2022-02-21 01:13:48,485] {dag.py:2396} INFO - Sync 1 DAGs
[2022-02-21 01:13:48,510] {logging_mixin.py:109} INFO - [2022-02-21 01:13:48,510] {dag.py:2935} INFO - Setting next_dagrun for example_short_circuit_operator to 2022-02-20T01:13:48.509944+00:00
[2022-02-21 01:13:48,527] {processor.py:171} INFO - Processing /home/airflow/.local/lib/python3.7/site-packages/airflow/example_dags/example_short_circuit_operator.py took 0.226 seconds
[2022-02-21 01:14:19,027] {processor.py:163} INFO - Started process (PID=1961) to work on /home/airflow/.local/lib/python3.7/site-packages/airflow/example_dags/example_short_circuit_operator.py
[2022-02-21 01:14:19,029] {processor.py:642} INFO - Processing file /home/airflow/.local/lib/python3.7/site-packages/airflow/example_dags/example_short_circuit_operator.py for tasks to queue
[2022-02-21 01:14:19,029] {logging_mixin.py:109} INFO - [2022-02-21 01:14:19,029] {dagbag.py:500} INFO - Filling up the DagBag from /home/airflow/.local/lib/python3.7/site-packages/airflow/example_dags/example_short_circuit_operator.py
[2022-02-21 01:14:19,136] {processor.py:654} INFO - DAG(s) dict_keys(['example_short_circuit_operator']) retrieved from /home/airflow/.local/lib/python3.7/site-packages/airflow/example_dags/example_short_circuit_operator.py
[2022-02-21 01:14:19,146] {logging_mixin.py:109} INFO - [2022-02-21 01:14:19,146] {dag.py:2396} INFO - Sync 1 DAGs
[2022-02-21 01:14:19,160] {logging_mixin.py:109} INFO - [2022-02-21 01:14:19,160] {dag.py:2935} INFO - Setting next_dagrun for example_short_circuit_operator to 2022-02-20T01:14:19.159868+00:00
[2022-02-21 01:14:19,170] {processor.py:171} INFO - Processing /home/airflow/.local/lib/python3.7/site-packages/airflow/example_dags/example_short_circuit_operator.py took 0.146 seconds
[2022-02-21 01:14:49,212] {processor.py:163} INFO - Started process (PID=2012) to work on /home/airflow/.local/lib/python3.7/site-packages/airflow/example_dags/example_short_circuit_operator.py
[2022-02-21 01:14:49,213] {processor.py:642} INFO - Processing file /home/airflow/.local/lib/python3.7/site-packages/airflow/example_dags/example_short_circuit_operator.py for tasks to queue
[2022-02-21 01:14:49,214] {logging_mixin.py:109} INFO - [2022-02-21 01:14:49,214] {dagbag.py:500} INFO - Filling up the DagBag from /home/airflow/.local/lib/python3.7/site-packages/airflow/example_dags/example_short_circuit_operator.py
[2022-02-21 01:14:49,321] {processor.py:654} INFO - DAG(s) dict_keys(['example_short_circuit_operator']) retrieved from /home/airflow/.local/lib/python3.7/site-packages/airflow/example_dags/example_short_circuit_operator.py
[2022-02-21 01:14:49,328] {logging_mixin.py:109} INFO - [2022-02-21 01:14:49,328] {dag.py:2396} INFO - Sync 1 DAGs
[2022-02-21 01:14:49,340] {logging_mixin.py:109} INFO - [2022-02-21 01:14:49,340] {dag.py:2935} INFO - Setting next_dagrun for example_short_circuit_operator to 2022-02-20T01:14:49.340426+00:00
[2022-02-21 01:14:49,354] {processor.py:171} INFO - Processing /home/airflow/.local/lib/python3.7/site-packages/airflow/example_dags/example_short_circuit_operator.py took 0.144 seconds
[2022-02-21 01:15:19,712] {processor.py:163} INFO - Started process (PID=2062) to work on /home/airflow/.local/lib/python3.7/site-packages/airflow/example_dags/example_short_circuit_operator.py
[2022-02-21 01:15:19,714] {processor.py:642} INFO - Processing file /home/airflow/.local/lib/python3.7/site-packages/airflow/example_dags/example_short_circuit_operator.py for tasks to queue
[2022-02-21 01:15:19,715] {logging_mixin.py:109} INFO - [2022-02-21 01:15:19,715] {dagbag.py:500} INFO - Filling up the DagBag from /home/airflow/.local/lib/python3.7/site-packages/airflow/example_dags/example_short_circuit_operator.py
[2022-02-21 01:15:19,781] {processor.py:654} INFO - DAG(s) dict_keys(['example_short_circuit_operator']) retrieved from /home/airflow/.local/lib/python3.7/site-packages/airflow/example_dags/example_short_circuit_operator.py
[2022-02-21 01:15:19,811] {logging_mixin.py:109} INFO - [2022-02-21 01:15:19,811] {dag.py:2396} INFO - Sync 1 DAGs
[2022-02-21 01:15:19,859] {logging_mixin.py:109} INFO - [2022-02-21 01:15:19,858] {dag.py:2935} INFO - Setting next_dagrun for example_short_circuit_operator to 2022-02-20T01:15:19.858106+00:00
[2022-02-21 01:15:19,889] {processor.py:171} INFO - Processing /home/airflow/.local/lib/python3.7/site-packages/airflow/example_dags/example_short_circuit_operator.py took 0.183 seconds
[2022-02-21 01:15:50,083] {processor.py:163} INFO - Started process (PID=2113) to work on /home/airflow/.local/lib/python3.7/site-packages/airflow/example_dags/example_short_circuit_operator.py
[2022-02-21 01:15:50,085] {processor.py:642} INFO - Processing file /home/airflow/.local/lib/python3.7/site-packages/airflow/example_dags/example_short_circuit_operator.py for tasks to queue
[2022-02-21 01:15:50,087] {logging_mixin.py:109} INFO - [2022-02-21 01:15:50,086] {dagbag.py:500} INFO - Filling up the DagBag from /home/airflow/.local/lib/python3.7/site-packages/airflow/example_dags/example_short_circuit_operator.py
[2022-02-21 01:15:50,161] {processor.py:654} INFO - DAG(s) dict_keys(['example_short_circuit_operator']) retrieved from /home/airflow/.local/lib/python3.7/site-packages/airflow/example_dags/example_short_circuit_operator.py
[2022-02-21 01:15:50,187] {logging_mixin.py:109} INFO - [2022-02-21 01:15:50,187] {dag.py:2396} INFO - Sync 1 DAGs
[2022-02-21 01:15:50,226] {logging_mixin.py:109} INFO - [2022-02-21 01:15:50,226] {dag.py:2935} INFO - Setting next_dagrun for example_short_circuit_operator to 2022-02-20T01:15:50.225917+00:00
[2022-02-21 01:15:50,248] {processor.py:171} INFO - Processing /home/airflow/.local/lib/python3.7/site-packages/airflow/example_dags/example_short_circuit_operator.py took 0.173 seconds
[2022-02-21 01:16:20,682] {processor.py:163} INFO - Started process (PID=2165) to work on /home/airflow/.local/lib/python3.7/site-packages/airflow/example_dags/example_short_circuit_operator.py
[2022-02-21 01:16:20,688] {processor.py:642} INFO - Processing file /home/airflow/.local/lib/python3.7/site-packages/airflow/example_dags/example_short_circuit_operator.py for tasks to queue
[2022-02-21 01:16:20,692] {logging_mixin.py:109} INFO - [2022-02-21 01:16:20,691] {dagbag.py:500} INFO - Filling up the DagBag from /home/airflow/.local/lib/python3.7/site-packages/airflow/example_dags/example_short_circuit_operator.py
[2022-02-21 01:16:21,016] {processor.py:654} INFO - DAG(s) dict_keys(['example_short_circuit_operator']) retrieved from /home/airflow/.local/lib/python3.7/site-packages/airflow/example_dags/example_short_circuit_operator.py
[2022-02-21 01:16:21,119] {logging_mixin.py:109} INFO - [2022-02-21 01:16:21,119] {dag.py:2396} INFO - Sync 1 DAGs
[2022-02-21 01:16:21,261] {logging_mixin.py:109} INFO - [2022-02-21 01:16:21,260] {dag.py:2935} INFO - Setting next_dagrun for example_short_circuit_operator to 2022-02-20T01:16:21.259049+00:00
[2022-02-21 01:16:21,321] {processor.py:171} INFO - Processing /home/airflow/.local/lib/python3.7/site-packages/airflow/example_dags/example_short_circuit_operator.py took 0.649 seconds
[2022-02-21 01:16:51,900] {processor.py:163} INFO - Started process (PID=2216) to work on /home/airflow/.local/lib/python3.7/site-packages/airflow/example_dags/example_short_circuit_operator.py
[2022-02-21 01:16:51,902] {processor.py:642} INFO - Processing file /home/airflow/.local/lib/python3.7/site-packages/airflow/example_dags/example_short_circuit_operator.py for tasks to queue
[2022-02-21 01:16:51,903] {logging_mixin.py:109} INFO - [2022-02-21 01:16:51,903] {dagbag.py:500} INFO - Filling up the DagBag from /home/airflow/.local/lib/python3.7/site-packages/airflow/example_dags/example_short_circuit_operator.py
[2022-02-21 01:16:51,963] {processor.py:654} INFO - DAG(s) dict_keys(['example_short_circuit_operator']) retrieved from /home/airflow/.local/lib/python3.7/site-packages/airflow/example_dags/example_short_circuit_operator.py
[2022-02-21 01:16:51,991] {logging_mixin.py:109} INFO - [2022-02-21 01:16:51,990] {dag.py:2396} INFO - Sync 1 DAGs
[2022-02-21 01:16:52,034] {logging_mixin.py:109} INFO - [2022-02-21 01:16:52,033] {dag.py:2935} INFO - Setting next_dagrun for example_short_circuit_operator to 2022-02-20T01:16:52.033282+00:00
[2022-02-21 01:16:52,062] {processor.py:171} INFO - Processing /home/airflow/.local/lib/python3.7/site-packages/airflow/example_dags/example_short_circuit_operator.py took 0.170 seconds
[2022-02-21 01:17:22,259] {processor.py:163} INFO - Started process (PID=2267) to work on /home/airflow/.local/lib/python3.7/site-packages/airflow/example_dags/example_short_circuit_operator.py
[2022-02-21 01:17:22,260] {processor.py:642} INFO - Processing file /home/airflow/.local/lib/python3.7/site-packages/airflow/example_dags/example_short_circuit_operator.py for tasks to queue
[2022-02-21 01:17:22,261] {logging_mixin.py:109} INFO - [2022-02-21 01:17:22,260] {dagbag.py:500} INFO - Filling up the DagBag from /home/airflow/.local/lib/python3.7/site-packages/airflow/example_dags/example_short_circuit_operator.py
[2022-02-21 01:17:22,285] {processor.py:654} INFO - DAG(s) dict_keys(['example_short_circuit_operator']) retrieved from /home/airflow/.local/lib/python3.7/site-packages/airflow/example_dags/example_short_circuit_operator.py
[2022-02-21 01:17:22,295] {logging_mixin.py:109} INFO - [2022-02-21 01:17:22,295] {dag.py:2396} INFO - Sync 1 DAGs
[2022-02-21 01:17:22,308] {logging_mixin.py:109} INFO - [2022-02-21 01:17:22,308] {dag.py:2935} INFO - Setting next_dagrun for example_short_circuit_operator to 2022-02-20T01:17:22.308252+00:00
[2022-02-21 01:17:22,318] {processor.py:171} INFO - Processing /home/airflow/.local/lib/python3.7/site-packages/airflow/example_dags/example_short_circuit_operator.py took 0.062 seconds
[2022-02-21 01:17:52,400] {processor.py:163} INFO - Started process (PID=2317) to work on /home/airflow/.local/lib/python3.7/site-packages/airflow/example_dags/example_short_circuit_operator.py
[2022-02-21 01:17:52,402] {processor.py:642} INFO - Processing file /home/airflow/.local/lib/python3.7/site-packages/airflow/example_dags/example_short_circuit_operator.py for tasks to queue
[2022-02-21 01:17:52,402] {logging_mixin.py:109} INFO - [2022-02-21 01:17:52,402] {dagbag.py:500} INFO - Filling up the DagBag from /home/airflow/.local/lib/python3.7/site-packages/airflow/example_dags/example_short_circuit_operator.py
[2022-02-21 01:17:52,434] {processor.py:654} INFO - DAG(s) dict_keys(['example_short_circuit_operator']) retrieved from /home/airflow/.local/lib/python3.7/site-packages/airflow/example_dags/example_short_circuit_operator.py
[2022-02-21 01:17:52,447] {logging_mixin.py:109} INFO - [2022-02-21 01:17:52,447] {dag.py:2396} INFO - Sync 1 DAGs
[2022-02-21 01:17:52,466] {logging_mixin.py:109} INFO - [2022-02-21 01:17:52,465] {dag.py:2935} INFO - Setting next_dagrun for example_short_circuit_operator to 2022-02-20T01:17:52.465581+00:00
[2022-02-21 01:17:52,477] {processor.py:171} INFO - Processing /home/airflow/.local/lib/python3.7/site-packages/airflow/example_dags/example_short_circuit_operator.py took 0.081 seconds
[2022-02-21 01:18:22,961] {processor.py:163} INFO - Started process (PID=2377) to work on /home/airflow/.local/lib/python3.7/site-packages/airflow/example_dags/example_short_circuit_operator.py
[2022-02-21 01:18:22,962] {processor.py:642} INFO - Processing file /home/airflow/.local/lib/python3.7/site-packages/airflow/example_dags/example_short_circuit_operator.py for tasks to queue
[2022-02-21 01:18:22,963] {logging_mixin.py:109} INFO - [2022-02-21 01:18:22,963] {dagbag.py:500} INFO - Filling up the DagBag from /home/airflow/.local/lib/python3.7/site-packages/airflow/example_dags/example_short_circuit_operator.py
[2022-02-21 01:18:22,997] {processor.py:654} INFO - DAG(s) dict_keys(['example_short_circuit_operator']) retrieved from /home/airflow/.local/lib/python3.7/site-packages/airflow/example_dags/example_short_circuit_operator.py
[2022-02-21 01:18:23,009] {logging_mixin.py:109} INFO - [2022-02-21 01:18:23,009] {dag.py:2396} INFO - Sync 1 DAGs
[2022-02-21 01:18:23,031] {logging_mixin.py:109} INFO - [2022-02-21 01:18:23,030] {dag.py:2935} INFO - Setting next_dagrun for example_short_circuit_operator to 2022-02-20T01:18:23.030596+00:00
[2022-02-21 01:18:23,043] {processor.py:171} INFO - Processing /home/airflow/.local/lib/python3.7/site-packages/airflow/example_dags/example_short_circuit_operator.py took 0.086 seconds
[2022-02-21 01:18:53,090] {processor.py:163} INFO - Started process (PID=2427) to work on /home/airflow/.local/lib/python3.7/site-packages/airflow/example_dags/example_short_circuit_operator.py
[2022-02-21 01:18:53,091] {processor.py:642} INFO - Processing file /home/airflow/.local/lib/python3.7/site-packages/airflow/example_dags/example_short_circuit_operator.py for tasks to queue
[2022-02-21 01:18:53,091] {logging_mixin.py:109} INFO - [2022-02-21 01:18:53,091] {dagbag.py:500} INFO - Filling up the DagBag from /home/airflow/.local/lib/python3.7/site-packages/airflow/example_dags/example_short_circuit_operator.py
[2022-02-21 01:18:53,117] {processor.py:654} INFO - DAG(s) dict_keys(['example_short_circuit_operator']) retrieved from /home/airflow/.local/lib/python3.7/site-packages/airflow/example_dags/example_short_circuit_operator.py
[2022-02-21 01:18:53,126] {logging_mixin.py:109} INFO - [2022-02-21 01:18:53,126] {dag.py:2396} INFO - Sync 1 DAGs
[2022-02-21 01:18:53,139] {logging_mixin.py:109} INFO - [2022-02-21 01:18:53,139] {dag.py:2935} INFO - Setting next_dagrun for example_short_circuit_operator to 2022-02-20T01:18:53.139608+00:00
[2022-02-21 01:18:53,149] {processor.py:171} INFO - Processing /home/airflow/.local/lib/python3.7/site-packages/airflow/example_dags/example_short_circuit_operator.py took 0.062 seconds
[2022-02-21 01:19:23,180] {processor.py:163} INFO - Started process (PID=2478) to work on /home/airflow/.local/lib/python3.7/site-packages/airflow/example_dags/example_short_circuit_operator.py
[2022-02-21 01:19:23,181] {processor.py:642} INFO - Processing file /home/airflow/.local/lib/python3.7/site-packages/airflow/example_dags/example_short_circuit_operator.py for tasks to queue
[2022-02-21 01:19:23,181] {logging_mixin.py:109} INFO - [2022-02-21 01:19:23,181] {dagbag.py:500} INFO - Filling up the DagBag from /home/airflow/.local/lib/python3.7/site-packages/airflow/example_dags/example_short_circuit_operator.py
[2022-02-21 01:19:23,221] {processor.py:654} INFO - DAG(s) dict_keys(['example_short_circuit_operator']) retrieved from /home/airflow/.local/lib/python3.7/site-packages/airflow/example_dags/example_short_circuit_operator.py
[2022-02-21 01:19:23,234] {logging_mixin.py:109} INFO - [2022-02-21 01:19:23,234] {dag.py:2396} INFO - Sync 1 DAGs
[2022-02-21 01:19:23,255] {logging_mixin.py:109} INFO - [2022-02-21 01:19:23,255] {dag.py:2935} INFO - Setting next_dagrun for example_short_circuit_operator to 2022-02-20T01:19:23.255174+00:00
[2022-02-21 01:19:23,268] {processor.py:171} INFO - Processing /home/airflow/.local/lib/python3.7/site-packages/airflow/example_dags/example_short_circuit_operator.py took 0.092 seconds
[2022-02-21 01:19:53,480] {processor.py:163} INFO - Started process (PID=2528) to work on /home/airflow/.local/lib/python3.7/site-packages/airflow/example_dags/example_short_circuit_operator.py
[2022-02-21 01:19:53,482] {processor.py:642} INFO - Processing file /home/airflow/.local/lib/python3.7/site-packages/airflow/example_dags/example_short_circuit_operator.py for tasks to queue
[2022-02-21 01:19:53,482] {logging_mixin.py:109} INFO - [2022-02-21 01:19:53,482] {dagbag.py:500} INFO - Filling up the DagBag from /home/airflow/.local/lib/python3.7/site-packages/airflow/example_dags/example_short_circuit_operator.py
[2022-02-21 01:19:53,518] {processor.py:654} INFO - DAG(s) dict_keys(['example_short_circuit_operator']) retrieved from /home/airflow/.local/lib/python3.7/site-packages/airflow/example_dags/example_short_circuit_operator.py
[2022-02-21 01:19:53,532] {logging_mixin.py:109} INFO - [2022-02-21 01:19:53,532] {dag.py:2396} INFO - Sync 1 DAGs
[2022-02-21 01:19:53,551] {logging_mixin.py:109} INFO - [2022-02-21 01:19:53,551] {dag.py:2935} INFO - Setting next_dagrun for example_short_circuit_operator to 2022-02-20T01:19:53.551490+00:00
[2022-02-21 01:19:53,563] {processor.py:171} INFO - Processing /home/airflow/.local/lib/python3.7/site-packages/airflow/example_dags/example_short_circuit_operator.py took 0.087 seconds
[2022-02-21 01:20:24,498] {processor.py:163} INFO - Started process (PID=2588) to work on /home/airflow/.local/lib/python3.7/site-packages/airflow/example_dags/example_short_circuit_operator.py
[2022-02-21 01:20:24,506] {processor.py:642} INFO - Processing file /home/airflow/.local/lib/python3.7/site-packages/airflow/example_dags/example_short_circuit_operator.py for tasks to queue
[2022-02-21 01:20:24,511] {logging_mixin.py:109} INFO - [2022-02-21 01:20:24,510] {dagbag.py:500} INFO - Filling up the DagBag from /home/airflow/.local/lib/python3.7/site-packages/airflow/example_dags/example_short_circuit_operator.py
[2022-02-21 01:20:24,675] {processor.py:654} INFO - DAG(s) dict_keys(['example_short_circuit_operator']) retrieved from /home/airflow/.local/lib/python3.7/site-packages/airflow/example_dags/example_short_circuit_operator.py
[2022-02-21 01:20:24,736] {logging_mixin.py:109} INFO - [2022-02-21 01:20:24,735] {dag.py:2396} INFO - Sync 1 DAGs
[2022-02-21 01:20:24,841] {logging_mixin.py:109} INFO - [2022-02-21 01:20:24,840] {dag.py:2935} INFO - Setting next_dagrun for example_short_circuit_operator to 2022-02-20T01:20:24.839707+00:00
[2022-02-21 01:20:24,888] {processor.py:171} INFO - Processing /home/airflow/.local/lib/python3.7/site-packages/airflow/example_dags/example_short_circuit_operator.py took 0.419 seconds
[2022-02-21 01:20:55,299] {processor.py:163} INFO - Started process (PID=2637) to work on /home/airflow/.local/lib/python3.7/site-packages/airflow/example_dags/example_short_circuit_operator.py
[2022-02-21 01:20:55,301] {processor.py:642} INFO - Processing file /home/airflow/.local/lib/python3.7/site-packages/airflow/example_dags/example_short_circuit_operator.py for tasks to queue
[2022-02-21 01:20:55,302] {logging_mixin.py:109} INFO - [2022-02-21 01:20:55,302] {dagbag.py:500} INFO - Filling up the DagBag from /home/airflow/.local/lib/python3.7/site-packages/airflow/example_dags/example_short_circuit_operator.py
[2022-02-21 01:20:55,343] {processor.py:654} INFO - DAG(s) dict_keys(['example_short_circuit_operator']) retrieved from /home/airflow/.local/lib/python3.7/site-packages/airflow/example_dags/example_short_circuit_operator.py
[2022-02-21 01:20:55,357] {logging_mixin.py:109} INFO - [2022-02-21 01:20:55,357] {dag.py:2396} INFO - Sync 1 DAGs
[2022-02-21 01:20:55,382] {logging_mixin.py:109} INFO - [2022-02-21 01:20:55,382] {dag.py:2935} INFO - Setting next_dagrun for example_short_circuit_operator to 2022-02-20T01:20:55.381770+00:00
[2022-02-21 01:20:55,398] {processor.py:171} INFO - Processing /home/airflow/.local/lib/python3.7/site-packages/airflow/example_dags/example_short_circuit_operator.py took 0.103 seconds
[2022-02-21 01:21:25,874] {processor.py:163} INFO - Started process (PID=2687) to work on /home/airflow/.local/lib/python3.7/site-packages/airflow/example_dags/example_short_circuit_operator.py
[2022-02-21 01:21:25,875] {processor.py:642} INFO - Processing file /home/airflow/.local/lib/python3.7/site-packages/airflow/example_dags/example_short_circuit_operator.py for tasks to queue
[2022-02-21 01:21:25,875] {logging_mixin.py:109} INFO - [2022-02-21 01:21:25,875] {dagbag.py:500} INFO - Filling up the DagBag from /home/airflow/.local/lib/python3.7/site-packages/airflow/example_dags/example_short_circuit_operator.py
[2022-02-21 01:21:25,904] {processor.py:654} INFO - DAG(s) dict_keys(['example_short_circuit_operator']) retrieved from /home/airflow/.local/lib/python3.7/site-packages/airflow/example_dags/example_short_circuit_operator.py
[2022-02-21 01:21:25,915] {logging_mixin.py:109} INFO - [2022-02-21 01:21:25,914] {dag.py:2396} INFO - Sync 1 DAGs
[2022-02-21 01:21:25,931] {logging_mixin.py:109} INFO - [2022-02-21 01:21:25,931] {dag.py:2935} INFO - Setting next_dagrun for example_short_circuit_operator to 2022-02-20T01:21:25.931478+00:00
[2022-02-21 01:21:25,944] {processor.py:171} INFO - Processing /home/airflow/.local/lib/python3.7/site-packages/airflow/example_dags/example_short_circuit_operator.py took 0.073 seconds
