[2022-02-21 00:59:01,902] {processor.py:163} INFO - Started process (PID=349) to work on /home/airflow/.local/lib/python3.7/site-packages/airflow/example_dags/example_external_task_marker_dag.py
[2022-02-21 00:59:01,904] {processor.py:642} INFO - Processing file /home/airflow/.local/lib/python3.7/site-packages/airflow/example_dags/example_external_task_marker_dag.py for tasks to queue
[2022-02-21 00:59:01,906] {logging_mixin.py:109} INFO - [2022-02-21 00:59:01,905] {dagbag.py:500} INFO - Filling up the DagBag from /home/airflow/.local/lib/python3.7/site-packages/airflow/example_dags/example_external_task_marker_dag.py
[2022-02-21 00:59:01,974] {processor.py:654} INFO - DAG(s) dict_keys(['example_external_task_marker_parent', 'example_external_task_marker_child']) retrieved from /home/airflow/.local/lib/python3.7/site-packages/airflow/example_dags/example_external_task_marker_dag.py
[2022-02-21 00:59:05,364] {logging_mixin.py:109} INFO - [2022-02-21 00:59:05,364] {manager.py:496} INFO - Created Permission View: can edit on DAG:example_external_task_marker_parent
[2022-02-21 00:59:05,375] {logging_mixin.py:109} INFO - [2022-02-21 00:59:05,375] {manager.py:496} INFO - Created Permission View: can read on DAG:example_external_task_marker_parent
[2022-02-21 00:59:05,399] {logging_mixin.py:109} INFO - [2022-02-21 00:59:05,399] {manager.py:496} INFO - Created Permission View: can edit on DAG:example_external_task_marker_child
[2022-02-21 00:59:05,411] {logging_mixin.py:109} INFO - [2022-02-21 00:59:05,411] {manager.py:496} INFO - Created Permission View: can read on DAG:example_external_task_marker_child
[2022-02-21 00:59:05,411] {logging_mixin.py:109} INFO - [2022-02-21 00:59:05,411] {dag.py:2396} INFO - Sync 2 DAGs
[2022-02-21 00:59:05,420] {logging_mixin.py:109} INFO - [2022-02-21 00:59:05,420] {dag.py:2415} INFO - Creating ORM DAG for example_external_task_marker_child
[2022-02-21 00:59:05,420] {logging_mixin.py:109} INFO - [2022-02-21 00:59:05,420] {dag.py:2415} INFO - Creating ORM DAG for example_external_task_marker_parent
[2022-02-21 00:59:05,430] {logging_mixin.py:109} INFO - [2022-02-21 00:59:05,430] {dag.py:2935} INFO - Setting next_dagrun for example_external_task_marker_child to None
[2022-02-21 00:59:05,431] {logging_mixin.py:109} INFO - [2022-02-21 00:59:05,431] {dag.py:2935} INFO - Setting next_dagrun for example_external_task_marker_parent to None
[2022-02-21 00:59:05,447] {processor.py:171} INFO - Processing /home/airflow/.local/lib/python3.7/site-packages/airflow/example_dags/example_external_task_marker_dag.py took 3.554 seconds
[2022-02-21 00:59:35,572] {processor.py:163} INFO - Started process (PID=417) to work on /home/airflow/.local/lib/python3.7/site-packages/airflow/example_dags/example_external_task_marker_dag.py
[2022-02-21 00:59:35,573] {processor.py:642} INFO - Processing file /home/airflow/.local/lib/python3.7/site-packages/airflow/example_dags/example_external_task_marker_dag.py for tasks to queue
[2022-02-21 00:59:35,574] {logging_mixin.py:109} INFO - [2022-02-21 00:59:35,574] {dagbag.py:500} INFO - Filling up the DagBag from /home/airflow/.local/lib/python3.7/site-packages/airflow/example_dags/example_external_task_marker_dag.py
[2022-02-21 00:59:35,602] {processor.py:654} INFO - DAG(s) dict_keys(['example_external_task_marker_parent', 'example_external_task_marker_child']) retrieved from /home/airflow/.local/lib/python3.7/site-packages/airflow/example_dags/example_external_task_marker_dag.py
[2022-02-21 00:59:35,615] {logging_mixin.py:109} INFO - [2022-02-21 00:59:35,614] {dag.py:2396} INFO - Sync 2 DAGs
[2022-02-21 00:59:35,633] {logging_mixin.py:109} INFO - [2022-02-21 00:59:35,633] {dag.py:2935} INFO - Setting next_dagrun for example_external_task_marker_child to None
[2022-02-21 00:59:35,634] {logging_mixin.py:109} INFO - [2022-02-21 00:59:35,633] {dag.py:2935} INFO - Setting next_dagrun for example_external_task_marker_parent to None
[2022-02-21 00:59:35,645] {processor.py:171} INFO - Processing /home/airflow/.local/lib/python3.7/site-packages/airflow/example_dags/example_external_task_marker_dag.py took 0.076 seconds
[2022-02-21 01:00:05,696] {processor.py:163} INFO - Started process (PID=469) to work on /home/airflow/.local/lib/python3.7/site-packages/airflow/example_dags/example_external_task_marker_dag.py
[2022-02-21 01:00:05,696] {processor.py:642} INFO - Processing file /home/airflow/.local/lib/python3.7/site-packages/airflow/example_dags/example_external_task_marker_dag.py for tasks to queue
[2022-02-21 01:00:05,697] {logging_mixin.py:109} INFO - [2022-02-21 01:00:05,697] {dagbag.py:500} INFO - Filling up the DagBag from /home/airflow/.local/lib/python3.7/site-packages/airflow/example_dags/example_external_task_marker_dag.py
[2022-02-21 01:00:05,722] {processor.py:654} INFO - DAG(s) dict_keys(['example_external_task_marker_parent', 'example_external_task_marker_child']) retrieved from /home/airflow/.local/lib/python3.7/site-packages/airflow/example_dags/example_external_task_marker_dag.py
[2022-02-21 01:00:05,734] {logging_mixin.py:109} INFO - [2022-02-21 01:00:05,734] {dag.py:2396} INFO - Sync 2 DAGs
[2022-02-21 01:00:05,750] {logging_mixin.py:109} INFO - [2022-02-21 01:00:05,750] {dag.py:2935} INFO - Setting next_dagrun for example_external_task_marker_child to None
[2022-02-21 01:00:05,750] {logging_mixin.py:109} INFO - [2022-02-21 01:00:05,750] {dag.py:2935} INFO - Setting next_dagrun for example_external_task_marker_parent to None
[2022-02-21 01:00:05,760] {processor.py:171} INFO - Processing /home/airflow/.local/lib/python3.7/site-packages/airflow/example_dags/example_external_task_marker_dag.py took 0.067 seconds
[2022-02-21 01:00:36,156] {processor.py:163} INFO - Started process (PID=529) to work on /home/airflow/.local/lib/python3.7/site-packages/airflow/example_dags/example_external_task_marker_dag.py
[2022-02-21 01:00:36,159] {processor.py:642} INFO - Processing file /home/airflow/.local/lib/python3.7/site-packages/airflow/example_dags/example_external_task_marker_dag.py for tasks to queue
[2022-02-21 01:00:36,160] {logging_mixin.py:109} INFO - [2022-02-21 01:00:36,160] {dagbag.py:500} INFO - Filling up the DagBag from /home/airflow/.local/lib/python3.7/site-packages/airflow/example_dags/example_external_task_marker_dag.py
[2022-02-21 01:00:36,200] {processor.py:654} INFO - DAG(s) dict_keys(['example_external_task_marker_parent', 'example_external_task_marker_child']) retrieved from /home/airflow/.local/lib/python3.7/site-packages/airflow/example_dags/example_external_task_marker_dag.py
[2022-02-21 01:00:36,218] {logging_mixin.py:109} INFO - [2022-02-21 01:00:36,217] {dag.py:2396} INFO - Sync 2 DAGs
[2022-02-21 01:00:36,240] {logging_mixin.py:109} INFO - [2022-02-21 01:00:36,240] {dag.py:2935} INFO - Setting next_dagrun for example_external_task_marker_child to None
[2022-02-21 01:00:36,240] {logging_mixin.py:109} INFO - [2022-02-21 01:00:36,240] {dag.py:2935} INFO - Setting next_dagrun for example_external_task_marker_parent to None
[2022-02-21 01:00:36,286] {processor.py:171} INFO - Processing /home/airflow/.local/lib/python3.7/site-packages/airflow/example_dags/example_external_task_marker_dag.py took 0.134 seconds
[2022-02-21 01:01:06,605] {processor.py:163} INFO - Started process (PID=580) to work on /home/airflow/.local/lib/python3.7/site-packages/airflow/example_dags/example_external_task_marker_dag.py
[2022-02-21 01:01:06,606] {processor.py:642} INFO - Processing file /home/airflow/.local/lib/python3.7/site-packages/airflow/example_dags/example_external_task_marker_dag.py for tasks to queue
[2022-02-21 01:01:06,606] {logging_mixin.py:109} INFO - [2022-02-21 01:01:06,606] {dagbag.py:500} INFO - Filling up the DagBag from /home/airflow/.local/lib/python3.7/site-packages/airflow/example_dags/example_external_task_marker_dag.py
[2022-02-21 01:01:06,634] {processor.py:654} INFO - DAG(s) dict_keys(['example_external_task_marker_parent', 'example_external_task_marker_child']) retrieved from /home/airflow/.local/lib/python3.7/site-packages/airflow/example_dags/example_external_task_marker_dag.py
[2022-02-21 01:01:06,646] {logging_mixin.py:109} INFO - [2022-02-21 01:01:06,646] {dag.py:2396} INFO - Sync 2 DAGs
[2022-02-21 01:01:06,661] {logging_mixin.py:109} INFO - [2022-02-21 01:01:06,661] {dag.py:2935} INFO - Setting next_dagrun for example_external_task_marker_child to None
[2022-02-21 01:01:06,662] {logging_mixin.py:109} INFO - [2022-02-21 01:01:06,662] {dag.py:2935} INFO - Setting next_dagrun for example_external_task_marker_parent to None
[2022-02-21 01:01:06,671] {processor.py:171} INFO - Processing /home/airflow/.local/lib/python3.7/site-packages/airflow/example_dags/example_external_task_marker_dag.py took 0.069 seconds
[2022-02-21 01:01:36,775] {processor.py:163} INFO - Started process (PID=632) to work on /home/airflow/.local/lib/python3.7/site-packages/airflow/example_dags/example_external_task_marker_dag.py
[2022-02-21 01:01:36,776] {processor.py:642} INFO - Processing file /home/airflow/.local/lib/python3.7/site-packages/airflow/example_dags/example_external_task_marker_dag.py for tasks to queue
[2022-02-21 01:01:36,777] {logging_mixin.py:109} INFO - [2022-02-21 01:01:36,777] {dagbag.py:500} INFO - Filling up the DagBag from /home/airflow/.local/lib/python3.7/site-packages/airflow/example_dags/example_external_task_marker_dag.py
[2022-02-21 01:01:36,805] {processor.py:654} INFO - DAG(s) dict_keys(['example_external_task_marker_parent', 'example_external_task_marker_child']) retrieved from /home/airflow/.local/lib/python3.7/site-packages/airflow/example_dags/example_external_task_marker_dag.py
[2022-02-21 01:01:36,819] {logging_mixin.py:109} INFO - [2022-02-21 01:01:36,819] {dag.py:2396} INFO - Sync 2 DAGs
[2022-02-21 01:01:36,837] {logging_mixin.py:109} INFO - [2022-02-21 01:01:36,837] {dag.py:2935} INFO - Setting next_dagrun for example_external_task_marker_child to None
[2022-02-21 01:01:36,838] {logging_mixin.py:109} INFO - [2022-02-21 01:01:36,838] {dag.py:2935} INFO - Setting next_dagrun for example_external_task_marker_parent to None
[2022-02-21 01:01:36,848] {processor.py:171} INFO - Processing /home/airflow/.local/lib/python3.7/site-packages/airflow/example_dags/example_external_task_marker_dag.py took 0.077 seconds
[2022-02-21 01:02:07,145] {processor.py:163} INFO - Started process (PID=689) to work on /home/airflow/.local/lib/python3.7/site-packages/airflow/example_dags/example_external_task_marker_dag.py
[2022-02-21 01:02:07,146] {processor.py:642} INFO - Processing file /home/airflow/.local/lib/python3.7/site-packages/airflow/example_dags/example_external_task_marker_dag.py for tasks to queue
[2022-02-21 01:02:07,147] {logging_mixin.py:109} INFO - [2022-02-21 01:02:07,147] {dagbag.py:500} INFO - Filling up the DagBag from /home/airflow/.local/lib/python3.7/site-packages/airflow/example_dags/example_external_task_marker_dag.py
[2022-02-21 01:02:07,180] {processor.py:654} INFO - DAG(s) dict_keys(['example_external_task_marker_parent', 'example_external_task_marker_child']) retrieved from /home/airflow/.local/lib/python3.7/site-packages/airflow/example_dags/example_external_task_marker_dag.py
[2022-02-21 01:02:07,197] {logging_mixin.py:109} INFO - [2022-02-21 01:02:07,197] {dag.py:2396} INFO - Sync 2 DAGs
[2022-02-21 01:02:07,217] {logging_mixin.py:109} INFO - [2022-02-21 01:02:07,217] {dag.py:2935} INFO - Setting next_dagrun for example_external_task_marker_child to None
[2022-02-21 01:02:07,218] {logging_mixin.py:109} INFO - [2022-02-21 01:02:07,218] {dag.py:2935} INFO - Setting next_dagrun for example_external_task_marker_parent to None
[2022-02-21 01:02:07,347] {processor.py:171} INFO - Processing /home/airflow/.local/lib/python3.7/site-packages/airflow/example_dags/example_external_task_marker_dag.py took 0.205 seconds
[2022-02-21 01:02:37,568] {processor.py:163} INFO - Started process (PID=742) to work on /home/airflow/.local/lib/python3.7/site-packages/airflow/example_dags/example_external_task_marker_dag.py
[2022-02-21 01:02:37,574] {processor.py:642} INFO - Processing file /home/airflow/.local/lib/python3.7/site-packages/airflow/example_dags/example_external_task_marker_dag.py for tasks to queue
[2022-02-21 01:02:37,575] {logging_mixin.py:109} INFO - [2022-02-21 01:02:37,574] {dagbag.py:500} INFO - Filling up the DagBag from /home/airflow/.local/lib/python3.7/site-packages/airflow/example_dags/example_external_task_marker_dag.py
[2022-02-21 01:02:37,600] {processor.py:654} INFO - DAG(s) dict_keys(['example_external_task_marker_parent', 'example_external_task_marker_child']) retrieved from /home/airflow/.local/lib/python3.7/site-packages/airflow/example_dags/example_external_task_marker_dag.py
[2022-02-21 01:02:37,612] {logging_mixin.py:109} INFO - [2022-02-21 01:02:37,612] {dag.py:2396} INFO - Sync 2 DAGs
[2022-02-21 01:02:37,628] {logging_mixin.py:109} INFO - [2022-02-21 01:02:37,628] {dag.py:2935} INFO - Setting next_dagrun for example_external_task_marker_child to None
[2022-02-21 01:02:37,628] {logging_mixin.py:109} INFO - [2022-02-21 01:02:37,628] {dag.py:2935} INFO - Setting next_dagrun for example_external_task_marker_parent to None
[2022-02-21 01:02:37,638] {processor.py:171} INFO - Processing /home/airflow/.local/lib/python3.7/site-packages/airflow/example_dags/example_external_task_marker_dag.py took 0.073 seconds
[2022-02-21 01:03:07,688] {processor.py:163} INFO - Started process (PID=795) to work on /home/airflow/.local/lib/python3.7/site-packages/airflow/example_dags/example_external_task_marker_dag.py
[2022-02-21 01:03:07,689] {processor.py:642} INFO - Processing file /home/airflow/.local/lib/python3.7/site-packages/airflow/example_dags/example_external_task_marker_dag.py for tasks to queue
[2022-02-21 01:03:07,690] {logging_mixin.py:109} INFO - [2022-02-21 01:03:07,689] {dagbag.py:500} INFO - Filling up the DagBag from /home/airflow/.local/lib/python3.7/site-packages/airflow/example_dags/example_external_task_marker_dag.py
[2022-02-21 01:03:07,719] {processor.py:654} INFO - DAG(s) dict_keys(['example_external_task_marker_parent', 'example_external_task_marker_child']) retrieved from /home/airflow/.local/lib/python3.7/site-packages/airflow/example_dags/example_external_task_marker_dag.py
[2022-02-21 01:03:07,733] {logging_mixin.py:109} INFO - [2022-02-21 01:03:07,733] {dag.py:2396} INFO - Sync 2 DAGs
[2022-02-21 01:03:07,751] {logging_mixin.py:109} INFO - [2022-02-21 01:03:07,751] {dag.py:2935} INFO - Setting next_dagrun for example_external_task_marker_child to None
[2022-02-21 01:03:07,751] {logging_mixin.py:109} INFO - [2022-02-21 01:03:07,751] {dag.py:2935} INFO - Setting next_dagrun for example_external_task_marker_parent to None
[2022-02-21 01:03:07,763] {processor.py:171} INFO - Processing /home/airflow/.local/lib/python3.7/site-packages/airflow/example_dags/example_external_task_marker_dag.py took 0.078 seconds
[2022-02-21 01:03:38,028] {processor.py:163} INFO - Started process (PID=851) to work on /home/airflow/.local/lib/python3.7/site-packages/airflow/example_dags/example_external_task_marker_dag.py
[2022-02-21 01:03:38,034] {processor.py:642} INFO - Processing file /home/airflow/.local/lib/python3.7/site-packages/airflow/example_dags/example_external_task_marker_dag.py for tasks to queue
[2022-02-21 01:03:38,035] {logging_mixin.py:109} INFO - [2022-02-21 01:03:38,035] {dagbag.py:500} INFO - Filling up the DagBag from /home/airflow/.local/lib/python3.7/site-packages/airflow/example_dags/example_external_task_marker_dag.py
[2022-02-21 01:03:38,067] {processor.py:654} INFO - DAG(s) dict_keys(['example_external_task_marker_parent', 'example_external_task_marker_child']) retrieved from /home/airflow/.local/lib/python3.7/site-packages/airflow/example_dags/example_external_task_marker_dag.py
[2022-02-21 01:03:38,086] {logging_mixin.py:109} INFO - [2022-02-21 01:03:38,086] {dag.py:2396} INFO - Sync 2 DAGs
[2022-02-21 01:03:38,105] {logging_mixin.py:109} INFO - [2022-02-21 01:03:38,105] {dag.py:2935} INFO - Setting next_dagrun for example_external_task_marker_child to None
[2022-02-21 01:03:38,106] {logging_mixin.py:109} INFO - [2022-02-21 01:03:38,106] {dag.py:2935} INFO - Setting next_dagrun for example_external_task_marker_parent to None
[2022-02-21 01:03:38,118] {processor.py:171} INFO - Processing /home/airflow/.local/lib/python3.7/site-packages/airflow/example_dags/example_external_task_marker_dag.py took 0.093 seconds
[2022-02-21 01:04:08,385] {processor.py:163} INFO - Started process (PID=904) to work on /home/airflow/.local/lib/python3.7/site-packages/airflow/example_dags/example_external_task_marker_dag.py
[2022-02-21 01:04:08,386] {processor.py:642} INFO - Processing file /home/airflow/.local/lib/python3.7/site-packages/airflow/example_dags/example_external_task_marker_dag.py for tasks to queue
[2022-02-21 01:04:08,387] {logging_mixin.py:109} INFO - [2022-02-21 01:04:08,387] {dagbag.py:500} INFO - Filling up the DagBag from /home/airflow/.local/lib/python3.7/site-packages/airflow/example_dags/example_external_task_marker_dag.py
[2022-02-21 01:04:08,418] {processor.py:654} INFO - DAG(s) dict_keys(['example_external_task_marker_parent', 'example_external_task_marker_child']) retrieved from /home/airflow/.local/lib/python3.7/site-packages/airflow/example_dags/example_external_task_marker_dag.py
[2022-02-21 01:04:08,432] {logging_mixin.py:109} INFO - [2022-02-21 01:04:08,432] {dag.py:2396} INFO - Sync 2 DAGs
[2022-02-21 01:04:08,450] {logging_mixin.py:109} INFO - [2022-02-21 01:04:08,450] {dag.py:2935} INFO - Setting next_dagrun for example_external_task_marker_child to None
[2022-02-21 01:04:08,450] {logging_mixin.py:109} INFO - [2022-02-21 01:04:08,450] {dag.py:2935} INFO - Setting next_dagrun for example_external_task_marker_parent to None
[2022-02-21 01:04:08,462] {processor.py:171} INFO - Processing /home/airflow/.local/lib/python3.7/site-packages/airflow/example_dags/example_external_task_marker_dag.py took 0.082 seconds
[2022-02-21 01:04:38,625] {processor.py:163} INFO - Started process (PID=955) to work on /home/airflow/.local/lib/python3.7/site-packages/airflow/example_dags/example_external_task_marker_dag.py
[2022-02-21 01:04:38,628] {processor.py:642} INFO - Processing file /home/airflow/.local/lib/python3.7/site-packages/airflow/example_dags/example_external_task_marker_dag.py for tasks to queue
[2022-02-21 01:04:38,630] {logging_mixin.py:109} INFO - [2022-02-21 01:04:38,629] {dagbag.py:500} INFO - Filling up the DagBag from /home/airflow/.local/lib/python3.7/site-packages/airflow/example_dags/example_external_task_marker_dag.py
[2022-02-21 01:04:38,710] {processor.py:654} INFO - DAG(s) dict_keys(['example_external_task_marker_parent', 'example_external_task_marker_child']) retrieved from /home/airflow/.local/lib/python3.7/site-packages/airflow/example_dags/example_external_task_marker_dag.py
[2022-02-21 01:04:38,751] {logging_mixin.py:109} INFO - [2022-02-21 01:04:38,750] {dag.py:2396} INFO - Sync 2 DAGs
[2022-02-21 01:04:38,814] {logging_mixin.py:109} INFO - [2022-02-21 01:04:38,813] {dag.py:2935} INFO - Setting next_dagrun for example_external_task_marker_child to None
[2022-02-21 01:04:38,815] {logging_mixin.py:109} INFO - [2022-02-21 01:04:38,814] {dag.py:2935} INFO - Setting next_dagrun for example_external_task_marker_parent to None
[2022-02-21 01:04:38,843] {processor.py:171} INFO - Processing /home/airflow/.local/lib/python3.7/site-packages/airflow/example_dags/example_external_task_marker_dag.py took 0.227 seconds
[2022-02-21 01:05:09,129] {processor.py:163} INFO - Started process (PID=1006) to work on /home/airflow/.local/lib/python3.7/site-packages/airflow/example_dags/example_external_task_marker_dag.py
[2022-02-21 01:05:09,131] {processor.py:642} INFO - Processing file /home/airflow/.local/lib/python3.7/site-packages/airflow/example_dags/example_external_task_marker_dag.py for tasks to queue
[2022-02-21 01:05:09,131] {logging_mixin.py:109} INFO - [2022-02-21 01:05:09,131] {dagbag.py:500} INFO - Filling up the DagBag from /home/airflow/.local/lib/python3.7/site-packages/airflow/example_dags/example_external_task_marker_dag.py
[2022-02-21 01:05:09,166] {processor.py:654} INFO - DAG(s) dict_keys(['example_external_task_marker_parent', 'example_external_task_marker_child']) retrieved from /home/airflow/.local/lib/python3.7/site-packages/airflow/example_dags/example_external_task_marker_dag.py
[2022-02-21 01:05:09,182] {logging_mixin.py:109} INFO - [2022-02-21 01:05:09,182] {dag.py:2396} INFO - Sync 2 DAGs
[2022-02-21 01:05:09,203] {logging_mixin.py:109} INFO - [2022-02-21 01:05:09,203] {dag.py:2935} INFO - Setting next_dagrun for example_external_task_marker_child to None
[2022-02-21 01:05:09,203] {logging_mixin.py:109} INFO - [2022-02-21 01:05:09,203] {dag.py:2935} INFO - Setting next_dagrun for example_external_task_marker_parent to None
[2022-02-21 01:05:09,215] {processor.py:171} INFO - Processing /home/airflow/.local/lib/python3.7/site-packages/airflow/example_dags/example_external_task_marker_dag.py took 0.089 seconds
[2022-02-21 01:05:39,393] {processor.py:163} INFO - Started process (PID=1057) to work on /home/airflow/.local/lib/python3.7/site-packages/airflow/example_dags/example_external_task_marker_dag.py
[2022-02-21 01:05:39,399] {processor.py:642} INFO - Processing file /home/airflow/.local/lib/python3.7/site-packages/airflow/example_dags/example_external_task_marker_dag.py for tasks to queue
[2022-02-21 01:05:39,400] {logging_mixin.py:109} INFO - [2022-02-21 01:05:39,400] {dagbag.py:500} INFO - Filling up the DagBag from /home/airflow/.local/lib/python3.7/site-packages/airflow/example_dags/example_external_task_marker_dag.py
[2022-02-21 01:05:39,438] {processor.py:654} INFO - DAG(s) dict_keys(['example_external_task_marker_parent', 'example_external_task_marker_child']) retrieved from /home/airflow/.local/lib/python3.7/site-packages/airflow/example_dags/example_external_task_marker_dag.py
[2022-02-21 01:05:39,456] {logging_mixin.py:109} INFO - [2022-02-21 01:05:39,456] {dag.py:2396} INFO - Sync 2 DAGs
[2022-02-21 01:05:39,486] {logging_mixin.py:109} INFO - [2022-02-21 01:05:39,486] {dag.py:2935} INFO - Setting next_dagrun for example_external_task_marker_child to None
[2022-02-21 01:05:39,486] {logging_mixin.py:109} INFO - [2022-02-21 01:05:39,486] {dag.py:2935} INFO - Setting next_dagrun for example_external_task_marker_parent to None
[2022-02-21 01:05:39,500] {processor.py:171} INFO - Processing /home/airflow/.local/lib/python3.7/site-packages/airflow/example_dags/example_external_task_marker_dag.py took 0.111 seconds
[2022-02-21 01:06:09,734] {processor.py:163} INFO - Started process (PID=1107) to work on /home/airflow/.local/lib/python3.7/site-packages/airflow/example_dags/example_external_task_marker_dag.py
[2022-02-21 01:06:09,736] {processor.py:642} INFO - Processing file /home/airflow/.local/lib/python3.7/site-packages/airflow/example_dags/example_external_task_marker_dag.py for tasks to queue
[2022-02-21 01:06:09,737] {logging_mixin.py:109} INFO - [2022-02-21 01:06:09,736] {dagbag.py:500} INFO - Filling up the DagBag from /home/airflow/.local/lib/python3.7/site-packages/airflow/example_dags/example_external_task_marker_dag.py
[2022-02-21 01:06:09,787] {processor.py:654} INFO - DAG(s) dict_keys(['example_external_task_marker_parent', 'example_external_task_marker_child']) retrieved from /home/airflow/.local/lib/python3.7/site-packages/airflow/example_dags/example_external_task_marker_dag.py
[2022-02-21 01:06:09,809] {logging_mixin.py:109} INFO - [2022-02-21 01:06:09,809] {dag.py:2396} INFO - Sync 2 DAGs
[2022-02-21 01:06:09,839] {logging_mixin.py:109} INFO - [2022-02-21 01:06:09,839] {dag.py:2935} INFO - Setting next_dagrun for example_external_task_marker_child to None
[2022-02-21 01:06:09,839] {logging_mixin.py:109} INFO - [2022-02-21 01:06:09,839] {dag.py:2935} INFO - Setting next_dagrun for example_external_task_marker_parent to None
[2022-02-21 01:06:09,856] {processor.py:171} INFO - Processing /home/airflow/.local/lib/python3.7/site-packages/airflow/example_dags/example_external_task_marker_dag.py took 0.128 seconds
[2022-02-21 01:06:40,230] {processor.py:163} INFO - Started process (PID=1167) to work on /home/airflow/.local/lib/python3.7/site-packages/airflow/example_dags/example_external_task_marker_dag.py
[2022-02-21 01:06:40,234] {processor.py:642} INFO - Processing file /home/airflow/.local/lib/python3.7/site-packages/airflow/example_dags/example_external_task_marker_dag.py for tasks to queue
[2022-02-21 01:06:40,236] {logging_mixin.py:109} INFO - [2022-02-21 01:06:40,235] {dagbag.py:500} INFO - Filling up the DagBag from /home/airflow/.local/lib/python3.7/site-packages/airflow/example_dags/example_external_task_marker_dag.py
[2022-02-21 01:06:40,309] {processor.py:654} INFO - DAG(s) dict_keys(['example_external_task_marker_parent', 'example_external_task_marker_child']) retrieved from /home/airflow/.local/lib/python3.7/site-packages/airflow/example_dags/example_external_task_marker_dag.py
[2022-02-21 01:06:40,345] {logging_mixin.py:109} INFO - [2022-02-21 01:06:40,345] {dag.py:2396} INFO - Sync 2 DAGs
[2022-02-21 01:06:40,389] {logging_mixin.py:109} INFO - [2022-02-21 01:06:40,389] {dag.py:2935} INFO - Setting next_dagrun for example_external_task_marker_child to None
[2022-02-21 01:06:40,390] {logging_mixin.py:109} INFO - [2022-02-21 01:06:40,390] {dag.py:2935} INFO - Setting next_dagrun for example_external_task_marker_parent to None
[2022-02-21 01:06:40,411] {processor.py:171} INFO - Processing /home/airflow/.local/lib/python3.7/site-packages/airflow/example_dags/example_external_task_marker_dag.py took 0.189 seconds
[2022-02-21 01:07:10,587] {processor.py:163} INFO - Started process (PID=1218) to work on /home/airflow/.local/lib/python3.7/site-packages/airflow/example_dags/example_external_task_marker_dag.py
[2022-02-21 01:07:10,589] {processor.py:642} INFO - Processing file /home/airflow/.local/lib/python3.7/site-packages/airflow/example_dags/example_external_task_marker_dag.py for tasks to queue
[2022-02-21 01:07:10,589] {logging_mixin.py:109} INFO - [2022-02-21 01:07:10,589] {dagbag.py:500} INFO - Filling up the DagBag from /home/airflow/.local/lib/python3.7/site-packages/airflow/example_dags/example_external_task_marker_dag.py
[2022-02-21 01:07:10,627] {processor.py:654} INFO - DAG(s) dict_keys(['example_external_task_marker_parent', 'example_external_task_marker_child']) retrieved from /home/airflow/.local/lib/python3.7/site-packages/airflow/example_dags/example_external_task_marker_dag.py
[2022-02-21 01:07:10,642] {logging_mixin.py:109} INFO - [2022-02-21 01:07:10,642] {dag.py:2396} INFO - Sync 2 DAGs
[2022-02-21 01:07:10,661] {logging_mixin.py:109} INFO - [2022-02-21 01:07:10,661] {dag.py:2935} INFO - Setting next_dagrun for example_external_task_marker_child to None
[2022-02-21 01:07:10,662] {logging_mixin.py:109} INFO - [2022-02-21 01:07:10,662] {dag.py:2935} INFO - Setting next_dagrun for example_external_task_marker_parent to None
[2022-02-21 01:07:10,673] {processor.py:171} INFO - Processing /home/airflow/.local/lib/python3.7/site-packages/airflow/example_dags/example_external_task_marker_dag.py took 0.090 seconds
[2022-02-21 01:07:41,058] {processor.py:163} INFO - Started process (PID=1268) to work on /home/airflow/.local/lib/python3.7/site-packages/airflow/example_dags/example_external_task_marker_dag.py
[2022-02-21 01:07:41,059] {processor.py:642} INFO - Processing file /home/airflow/.local/lib/python3.7/site-packages/airflow/example_dags/example_external_task_marker_dag.py for tasks to queue
[2022-02-21 01:07:41,060] {logging_mixin.py:109} INFO - [2022-02-21 01:07:41,059] {dagbag.py:500} INFO - Filling up the DagBag from /home/airflow/.local/lib/python3.7/site-packages/airflow/example_dags/example_external_task_marker_dag.py
[2022-02-21 01:07:41,088] {processor.py:654} INFO - DAG(s) dict_keys(['example_external_task_marker_parent', 'example_external_task_marker_child']) retrieved from /home/airflow/.local/lib/python3.7/site-packages/airflow/example_dags/example_external_task_marker_dag.py
[2022-02-21 01:07:41,100] {logging_mixin.py:109} INFO - [2022-02-21 01:07:41,100] {dag.py:2396} INFO - Sync 2 DAGs
[2022-02-21 01:07:41,116] {logging_mixin.py:109} INFO - [2022-02-21 01:07:41,116] {dag.py:2935} INFO - Setting next_dagrun for example_external_task_marker_child to None
[2022-02-21 01:07:41,117] {logging_mixin.py:109} INFO - [2022-02-21 01:07:41,117] {dag.py:2935} INFO - Setting next_dagrun for example_external_task_marker_parent to None
[2022-02-21 01:07:41,126] {processor.py:171} INFO - Processing /home/airflow/.local/lib/python3.7/site-packages/airflow/example_dags/example_external_task_marker_dag.py took 0.072 seconds
[2022-02-21 01:08:11,169] {processor.py:163} INFO - Started process (PID=1320) to work on /home/airflow/.local/lib/python3.7/site-packages/airflow/example_dags/example_external_task_marker_dag.py
[2022-02-21 01:08:11,170] {processor.py:642} INFO - Processing file /home/airflow/.local/lib/python3.7/site-packages/airflow/example_dags/example_external_task_marker_dag.py for tasks to queue
[2022-02-21 01:08:11,171] {logging_mixin.py:109} INFO - [2022-02-21 01:08:11,171] {dagbag.py:500} INFO - Filling up the DagBag from /home/airflow/.local/lib/python3.7/site-packages/airflow/example_dags/example_external_task_marker_dag.py
[2022-02-21 01:08:11,209] {processor.py:654} INFO - DAG(s) dict_keys(['example_external_task_marker_parent', 'example_external_task_marker_child']) retrieved from /home/airflow/.local/lib/python3.7/site-packages/airflow/example_dags/example_external_task_marker_dag.py
[2022-02-21 01:08:11,226] {logging_mixin.py:109} INFO - [2022-02-21 01:08:11,226] {dag.py:2396} INFO - Sync 2 DAGs
[2022-02-21 01:08:11,248] {logging_mixin.py:109} INFO - [2022-02-21 01:08:11,248] {dag.py:2935} INFO - Setting next_dagrun for example_external_task_marker_child to None
[2022-02-21 01:08:11,249] {logging_mixin.py:109} INFO - [2022-02-21 01:08:11,249] {dag.py:2935} INFO - Setting next_dagrun for example_external_task_marker_parent to None
[2022-02-21 01:08:11,262] {processor.py:171} INFO - Processing /home/airflow/.local/lib/python3.7/site-packages/airflow/example_dags/example_external_task_marker_dag.py took 0.097 seconds
[2022-02-21 01:08:41,333] {processor.py:163} INFO - Started process (PID=1381) to work on /home/airflow/.local/lib/python3.7/site-packages/airflow/example_dags/example_external_task_marker_dag.py
[2022-02-21 01:08:41,335] {processor.py:642} INFO - Processing file /home/airflow/.local/lib/python3.7/site-packages/airflow/example_dags/example_external_task_marker_dag.py for tasks to queue
[2022-02-21 01:08:41,337] {logging_mixin.py:109} INFO - [2022-02-21 01:08:41,337] {dagbag.py:500} INFO - Filling up the DagBag from /home/airflow/.local/lib/python3.7/site-packages/airflow/example_dags/example_external_task_marker_dag.py
[2022-02-21 01:08:41,398] {processor.py:654} INFO - DAG(s) dict_keys(['example_external_task_marker_parent', 'example_external_task_marker_child']) retrieved from /home/airflow/.local/lib/python3.7/site-packages/airflow/example_dags/example_external_task_marker_dag.py
[2022-02-21 01:08:41,420] {logging_mixin.py:109} INFO - [2022-02-21 01:08:41,420] {dag.py:2396} INFO - Sync 2 DAGs
[2022-02-21 01:08:41,446] {logging_mixin.py:109} INFO - [2022-02-21 01:08:41,446] {dag.py:2935} INFO - Setting next_dagrun for example_external_task_marker_child to None
[2022-02-21 01:08:41,446] {logging_mixin.py:109} INFO - [2022-02-21 01:08:41,446] {dag.py:2935} INFO - Setting next_dagrun for example_external_task_marker_parent to None
[2022-02-21 01:08:41,462] {processor.py:171} INFO - Processing /home/airflow/.local/lib/python3.7/site-packages/airflow/example_dags/example_external_task_marker_dag.py took 0.136 seconds
[2022-02-21 01:09:11,781] {processor.py:163} INFO - Started process (PID=1430) to work on /home/airflow/.local/lib/python3.7/site-packages/airflow/example_dags/example_external_task_marker_dag.py
[2022-02-21 01:09:11,782] {processor.py:642} INFO - Processing file /home/airflow/.local/lib/python3.7/site-packages/airflow/example_dags/example_external_task_marker_dag.py for tasks to queue
[2022-02-21 01:09:11,783] {logging_mixin.py:109} INFO - [2022-02-21 01:09:11,783] {dagbag.py:500} INFO - Filling up the DagBag from /home/airflow/.local/lib/python3.7/site-packages/airflow/example_dags/example_external_task_marker_dag.py
[2022-02-21 01:09:11,807] {processor.py:654} INFO - DAG(s) dict_keys(['example_external_task_marker_parent', 'example_external_task_marker_child']) retrieved from /home/airflow/.local/lib/python3.7/site-packages/airflow/example_dags/example_external_task_marker_dag.py
[2022-02-21 01:09:11,820] {logging_mixin.py:109} INFO - [2022-02-21 01:09:11,820] {dag.py:2396} INFO - Sync 2 DAGs
[2022-02-21 01:09:11,847] {logging_mixin.py:109} INFO - [2022-02-21 01:09:11,847] {dag.py:2935} INFO - Setting next_dagrun for example_external_task_marker_child to None
[2022-02-21 01:09:11,847] {logging_mixin.py:109} INFO - [2022-02-21 01:09:11,847] {dag.py:2935} INFO - Setting next_dagrun for example_external_task_marker_parent to None
[2022-02-21 01:09:11,858] {processor.py:171} INFO - Processing /home/airflow/.local/lib/python3.7/site-packages/airflow/example_dags/example_external_task_marker_dag.py took 0.080 seconds
[2022-02-21 01:09:41,973] {processor.py:163} INFO - Started process (PID=1481) to work on /home/airflow/.local/lib/python3.7/site-packages/airflow/example_dags/example_external_task_marker_dag.py
[2022-02-21 01:09:41,975] {processor.py:642} INFO - Processing file /home/airflow/.local/lib/python3.7/site-packages/airflow/example_dags/example_external_task_marker_dag.py for tasks to queue
[2022-02-21 01:09:41,976] {logging_mixin.py:109} INFO - [2022-02-21 01:09:41,975] {dagbag.py:500} INFO - Filling up the DagBag from /home/airflow/.local/lib/python3.7/site-packages/airflow/example_dags/example_external_task_marker_dag.py
[2022-02-21 01:09:42,013] {processor.py:654} INFO - DAG(s) dict_keys(['example_external_task_marker_parent', 'example_external_task_marker_child']) retrieved from /home/airflow/.local/lib/python3.7/site-packages/airflow/example_dags/example_external_task_marker_dag.py
[2022-02-21 01:09:42,027] {logging_mixin.py:109} INFO - [2022-02-21 01:09:42,027] {dag.py:2396} INFO - Sync 2 DAGs
[2022-02-21 01:09:42,051] {logging_mixin.py:109} INFO - [2022-02-21 01:09:42,050] {dag.py:2935} INFO - Setting next_dagrun for example_external_task_marker_child to None
[2022-02-21 01:09:42,051] {logging_mixin.py:109} INFO - [2022-02-21 01:09:42,051] {dag.py:2935} INFO - Setting next_dagrun for example_external_task_marker_parent to None
[2022-02-21 01:09:42,063] {processor.py:171} INFO - Processing /home/airflow/.local/lib/python3.7/site-packages/airflow/example_dags/example_external_task_marker_dag.py took 0.092 seconds
[2022-02-21 01:10:12,639] {processor.py:163} INFO - Started process (PID=1532) to work on /home/airflow/.local/lib/python3.7/site-packages/airflow/example_dags/example_external_task_marker_dag.py
[2022-02-21 01:10:12,642] {processor.py:642} INFO - Processing file /home/airflow/.local/lib/python3.7/site-packages/airflow/example_dags/example_external_task_marker_dag.py for tasks to queue
[2022-02-21 01:10:12,642] {logging_mixin.py:109} INFO - [2022-02-21 01:10:12,642] {dagbag.py:500} INFO - Filling up the DagBag from /home/airflow/.local/lib/python3.7/site-packages/airflow/example_dags/example_external_task_marker_dag.py
[2022-02-21 01:10:12,685] {processor.py:654} INFO - DAG(s) dict_keys(['example_external_task_marker_parent', 'example_external_task_marker_child']) retrieved from /home/airflow/.local/lib/python3.7/site-packages/airflow/example_dags/example_external_task_marker_dag.py
[2022-02-21 01:10:12,708] {logging_mixin.py:109} INFO - [2022-02-21 01:10:12,708] {dag.py:2396} INFO - Sync 2 DAGs
[2022-02-21 01:10:12,753] {logging_mixin.py:109} INFO - [2022-02-21 01:10:12,753] {dag.py:2935} INFO - Setting next_dagrun for example_external_task_marker_child to None
[2022-02-21 01:10:12,754] {logging_mixin.py:109} INFO - [2022-02-21 01:10:12,753] {dag.py:2935} INFO - Setting next_dagrun for example_external_task_marker_parent to None
[2022-02-21 01:10:12,775] {processor.py:171} INFO - Processing /home/airflow/.local/lib/python3.7/site-packages/airflow/example_dags/example_external_task_marker_dag.py took 0.140 seconds
[2022-02-21 01:10:42,946] {processor.py:163} INFO - Started process (PID=1582) to work on /home/airflow/.local/lib/python3.7/site-packages/airflow/example_dags/example_external_task_marker_dag.py
[2022-02-21 01:10:42,947] {processor.py:642} INFO - Processing file /home/airflow/.local/lib/python3.7/site-packages/airflow/example_dags/example_external_task_marker_dag.py for tasks to queue
[2022-02-21 01:10:42,948] {logging_mixin.py:109} INFO - [2022-02-21 01:10:42,948] {dagbag.py:500} INFO - Filling up the DagBag from /home/airflow/.local/lib/python3.7/site-packages/airflow/example_dags/example_external_task_marker_dag.py
[2022-02-21 01:10:42,977] {processor.py:654} INFO - DAG(s) dict_keys(['example_external_task_marker_parent', 'example_external_task_marker_child']) retrieved from /home/airflow/.local/lib/python3.7/site-packages/airflow/example_dags/example_external_task_marker_dag.py
[2022-02-21 01:10:42,991] {logging_mixin.py:109} INFO - [2022-02-21 01:10:42,991] {dag.py:2396} INFO - Sync 2 DAGs
[2022-02-21 01:10:43,010] {logging_mixin.py:109} INFO - [2022-02-21 01:10:43,010] {dag.py:2935} INFO - Setting next_dagrun for example_external_task_marker_child to None
[2022-02-21 01:10:43,010] {logging_mixin.py:109} INFO - [2022-02-21 01:10:43,010] {dag.py:2935} INFO - Setting next_dagrun for example_external_task_marker_parent to None
[2022-02-21 01:10:43,116] {processor.py:171} INFO - Processing /home/airflow/.local/lib/python3.7/site-packages/airflow/example_dags/example_external_task_marker_dag.py took 0.173 seconds
[2022-02-21 01:11:13,606] {processor.py:163} INFO - Started process (PID=1632) to work on /home/airflow/.local/lib/python3.7/site-packages/airflow/example_dags/example_external_task_marker_dag.py
[2022-02-21 01:11:13,607] {processor.py:642} INFO - Processing file /home/airflow/.local/lib/python3.7/site-packages/airflow/example_dags/example_external_task_marker_dag.py for tasks to queue
[2022-02-21 01:11:13,608] {logging_mixin.py:109} INFO - [2022-02-21 01:11:13,608] {dagbag.py:500} INFO - Filling up the DagBag from /home/airflow/.local/lib/python3.7/site-packages/airflow/example_dags/example_external_task_marker_dag.py
[2022-02-21 01:11:13,640] {processor.py:654} INFO - DAG(s) dict_keys(['example_external_task_marker_parent', 'example_external_task_marker_child']) retrieved from /home/airflow/.local/lib/python3.7/site-packages/airflow/example_dags/example_external_task_marker_dag.py
[2022-02-21 01:11:13,655] {logging_mixin.py:109} INFO - [2022-02-21 01:11:13,655] {dag.py:2396} INFO - Sync 2 DAGs
[2022-02-21 01:11:13,754] {logging_mixin.py:109} INFO - [2022-02-21 01:11:13,754] {dag.py:2935} INFO - Setting next_dagrun for example_external_task_marker_child to None
[2022-02-21 01:11:13,755] {logging_mixin.py:109} INFO - [2022-02-21 01:11:13,755] {dag.py:2935} INFO - Setting next_dagrun for example_external_task_marker_parent to None
[2022-02-21 01:11:13,773] {processor.py:171} INFO - Processing /home/airflow/.local/lib/python3.7/site-packages/airflow/example_dags/example_external_task_marker_dag.py took 0.171 seconds
[2022-02-21 01:11:44,179] {processor.py:163} INFO - Started process (PID=1691) to work on /home/airflow/.local/lib/python3.7/site-packages/airflow/example_dags/example_external_task_marker_dag.py
[2022-02-21 01:11:44,181] {processor.py:642} INFO - Processing file /home/airflow/.local/lib/python3.7/site-packages/airflow/example_dags/example_external_task_marker_dag.py for tasks to queue
[2022-02-21 01:11:44,182] {logging_mixin.py:109} INFO - [2022-02-21 01:11:44,182] {dagbag.py:500} INFO - Filling up the DagBag from /home/airflow/.local/lib/python3.7/site-packages/airflow/example_dags/example_external_task_marker_dag.py
[2022-02-21 01:11:44,218] {processor.py:654} INFO - DAG(s) dict_keys(['example_external_task_marker_parent', 'example_external_task_marker_child']) retrieved from /home/airflow/.local/lib/python3.7/site-packages/airflow/example_dags/example_external_task_marker_dag.py
[2022-02-21 01:11:44,236] {logging_mixin.py:109} INFO - [2022-02-21 01:11:44,236] {dag.py:2396} INFO - Sync 2 DAGs
[2022-02-21 01:11:44,349] {logging_mixin.py:109} INFO - [2022-02-21 01:11:44,349] {dag.py:2935} INFO - Setting next_dagrun for example_external_task_marker_child to None
[2022-02-21 01:11:44,349] {logging_mixin.py:109} INFO - [2022-02-21 01:11:44,349] {dag.py:2935} INFO - Setting next_dagrun for example_external_task_marker_parent to None
[2022-02-21 01:11:44,361] {processor.py:171} INFO - Processing /home/airflow/.local/lib/python3.7/site-packages/airflow/example_dags/example_external_task_marker_dag.py took 0.185 seconds
[2022-02-21 01:12:14,592] {processor.py:163} INFO - Started process (PID=1743) to work on /home/airflow/.local/lib/python3.7/site-packages/airflow/example_dags/example_external_task_marker_dag.py
[2022-02-21 01:12:14,597] {processor.py:642} INFO - Processing file /home/airflow/.local/lib/python3.7/site-packages/airflow/example_dags/example_external_task_marker_dag.py for tasks to queue
[2022-02-21 01:12:14,598] {logging_mixin.py:109} INFO - [2022-02-21 01:12:14,598] {dagbag.py:500} INFO - Filling up the DagBag from /home/airflow/.local/lib/python3.7/site-packages/airflow/example_dags/example_external_task_marker_dag.py
[2022-02-21 01:12:14,630] {processor.py:654} INFO - DAG(s) dict_keys(['example_external_task_marker_parent', 'example_external_task_marker_child']) retrieved from /home/airflow/.local/lib/python3.7/site-packages/airflow/example_dags/example_external_task_marker_dag.py
[2022-02-21 01:12:14,643] {logging_mixin.py:109} INFO - [2022-02-21 01:12:14,643] {dag.py:2396} INFO - Sync 2 DAGs
[2022-02-21 01:12:14,728] {logging_mixin.py:109} INFO - [2022-02-21 01:12:14,727] {dag.py:2935} INFO - Setting next_dagrun for example_external_task_marker_child to None
[2022-02-21 01:12:14,728] {logging_mixin.py:109} INFO - [2022-02-21 01:12:14,728] {dag.py:2935} INFO - Setting next_dagrun for example_external_task_marker_parent to None
[2022-02-21 01:12:14,738] {processor.py:171} INFO - Processing /home/airflow/.local/lib/python3.7/site-packages/airflow/example_dags/example_external_task_marker_dag.py took 0.152 seconds
[2022-02-21 01:12:45,203] {processor.py:163} INFO - Started process (PID=1794) to work on /home/airflow/.local/lib/python3.7/site-packages/airflow/example_dags/example_external_task_marker_dag.py
[2022-02-21 01:12:45,205] {processor.py:642} INFO - Processing file /home/airflow/.local/lib/python3.7/site-packages/airflow/example_dags/example_external_task_marker_dag.py for tasks to queue
[2022-02-21 01:12:45,205] {logging_mixin.py:109} INFO - [2022-02-21 01:12:45,205] {dagbag.py:500} INFO - Filling up the DagBag from /home/airflow/.local/lib/python3.7/site-packages/airflow/example_dags/example_external_task_marker_dag.py
[2022-02-21 01:12:45,315] {processor.py:654} INFO - DAG(s) dict_keys(['example_external_task_marker_parent', 'example_external_task_marker_child']) retrieved from /home/airflow/.local/lib/python3.7/site-packages/airflow/example_dags/example_external_task_marker_dag.py
[2022-02-21 01:12:45,325] {logging_mixin.py:109} INFO - [2022-02-21 01:12:45,325] {dag.py:2396} INFO - Sync 2 DAGs
[2022-02-21 01:12:45,337] {logging_mixin.py:109} INFO - [2022-02-21 01:12:45,337] {dag.py:2935} INFO - Setting next_dagrun for example_external_task_marker_child to None
[2022-02-21 01:12:45,337] {logging_mixin.py:109} INFO - [2022-02-21 01:12:45,337] {dag.py:2935} INFO - Setting next_dagrun for example_external_task_marker_parent to None
[2022-02-21 01:12:45,346] {processor.py:171} INFO - Processing /home/airflow/.local/lib/python3.7/site-packages/airflow/example_dags/example_external_task_marker_dag.py took 0.146 seconds
[2022-02-21 01:13:15,857] {processor.py:163} INFO - Started process (PID=1846) to work on /home/airflow/.local/lib/python3.7/site-packages/airflow/example_dags/example_external_task_marker_dag.py
[2022-02-21 01:13:15,862] {processor.py:642} INFO - Processing file /home/airflow/.local/lib/python3.7/site-packages/airflow/example_dags/example_external_task_marker_dag.py for tasks to queue
[2022-02-21 01:13:15,863] {logging_mixin.py:109} INFO - [2022-02-21 01:13:15,863] {dagbag.py:500} INFO - Filling up the DagBag from /home/airflow/.local/lib/python3.7/site-packages/airflow/example_dags/example_external_task_marker_dag.py
[2022-02-21 01:13:15,989] {processor.py:654} INFO - DAG(s) dict_keys(['example_external_task_marker_parent', 'example_external_task_marker_child']) retrieved from /home/airflow/.local/lib/python3.7/site-packages/airflow/example_dags/example_external_task_marker_dag.py
[2022-02-21 01:13:16,003] {logging_mixin.py:109} INFO - [2022-02-21 01:13:16,003] {dag.py:2396} INFO - Sync 2 DAGs
[2022-02-21 01:13:16,021] {logging_mixin.py:109} INFO - [2022-02-21 01:13:16,021] {dag.py:2935} INFO - Setting next_dagrun for example_external_task_marker_child to None
[2022-02-21 01:13:16,021] {logging_mixin.py:109} INFO - [2022-02-21 01:13:16,021] {dag.py:2935} INFO - Setting next_dagrun for example_external_task_marker_parent to None
[2022-02-21 01:13:16,037] {processor.py:171} INFO - Processing /home/airflow/.local/lib/python3.7/site-packages/airflow/example_dags/example_external_task_marker_dag.py took 0.184 seconds
[2022-02-21 01:13:46,187] {processor.py:163} INFO - Started process (PID=1906) to work on /home/airflow/.local/lib/python3.7/site-packages/airflow/example_dags/example_external_task_marker_dag.py
[2022-02-21 01:13:46,188] {processor.py:642} INFO - Processing file /home/airflow/.local/lib/python3.7/site-packages/airflow/example_dags/example_external_task_marker_dag.py for tasks to queue
[2022-02-21 01:13:46,189] {logging_mixin.py:109} INFO - [2022-02-21 01:13:46,189] {dagbag.py:500} INFO - Filling up the DagBag from /home/airflow/.local/lib/python3.7/site-packages/airflow/example_dags/example_external_task_marker_dag.py
[2022-02-21 01:13:46,327] {processor.py:654} INFO - DAG(s) dict_keys(['example_external_task_marker_parent', 'example_external_task_marker_child']) retrieved from /home/airflow/.local/lib/python3.7/site-packages/airflow/example_dags/example_external_task_marker_dag.py
[2022-02-21 01:13:46,343] {logging_mixin.py:109} INFO - [2022-02-21 01:13:46,343] {dag.py:2396} INFO - Sync 2 DAGs
[2022-02-21 01:13:46,361] {logging_mixin.py:109} INFO - [2022-02-21 01:13:46,361] {dag.py:2935} INFO - Setting next_dagrun for example_external_task_marker_child to None
[2022-02-21 01:13:46,362] {logging_mixin.py:109} INFO - [2022-02-21 01:13:46,362] {dag.py:2935} INFO - Setting next_dagrun for example_external_task_marker_parent to None
[2022-02-21 01:13:46,375] {processor.py:171} INFO - Processing /home/airflow/.local/lib/python3.7/site-packages/airflow/example_dags/example_external_task_marker_dag.py took 0.193 seconds
[2022-02-21 01:14:16,746] {processor.py:163} INFO - Started process (PID=1957) to work on /home/airflow/.local/lib/python3.7/site-packages/airflow/example_dags/example_external_task_marker_dag.py
[2022-02-21 01:14:16,748] {processor.py:642} INFO - Processing file /home/airflow/.local/lib/python3.7/site-packages/airflow/example_dags/example_external_task_marker_dag.py for tasks to queue
[2022-02-21 01:14:16,749] {logging_mixin.py:109} INFO - [2022-02-21 01:14:16,749] {dagbag.py:500} INFO - Filling up the DagBag from /home/airflow/.local/lib/python3.7/site-packages/airflow/example_dags/example_external_task_marker_dag.py
[2022-02-21 01:14:16,918] {processor.py:654} INFO - DAG(s) dict_keys(['example_external_task_marker_parent', 'example_external_task_marker_child']) retrieved from /home/airflow/.local/lib/python3.7/site-packages/airflow/example_dags/example_external_task_marker_dag.py
[2022-02-21 01:14:16,939] {logging_mixin.py:109} INFO - [2022-02-21 01:14:16,939] {dag.py:2396} INFO - Sync 2 DAGs
[2022-02-21 01:14:16,970] {logging_mixin.py:109} INFO - [2022-02-21 01:14:16,970] {dag.py:2935} INFO - Setting next_dagrun for example_external_task_marker_child to None
[2022-02-21 01:14:16,972] {logging_mixin.py:109} INFO - [2022-02-21 01:14:16,971] {dag.py:2935} INFO - Setting next_dagrun for example_external_task_marker_parent to None
[2022-02-21 01:14:16,996] {processor.py:171} INFO - Processing /home/airflow/.local/lib/python3.7/site-packages/airflow/example_dags/example_external_task_marker_dag.py took 0.254 seconds
[2022-02-21 01:14:47,059] {processor.py:163} INFO - Started process (PID=2009) to work on /home/airflow/.local/lib/python3.7/site-packages/airflow/example_dags/example_external_task_marker_dag.py
[2022-02-21 01:14:47,060] {processor.py:642} INFO - Processing file /home/airflow/.local/lib/python3.7/site-packages/airflow/example_dags/example_external_task_marker_dag.py for tasks to queue
[2022-02-21 01:14:47,061] {logging_mixin.py:109} INFO - [2022-02-21 01:14:47,061] {dagbag.py:500} INFO - Filling up the DagBag from /home/airflow/.local/lib/python3.7/site-packages/airflow/example_dags/example_external_task_marker_dag.py
[2022-02-21 01:14:47,150] {processor.py:654} INFO - DAG(s) dict_keys(['example_external_task_marker_parent', 'example_external_task_marker_child']) retrieved from /home/airflow/.local/lib/python3.7/site-packages/airflow/example_dags/example_external_task_marker_dag.py
[2022-02-21 01:14:47,160] {logging_mixin.py:109} INFO - [2022-02-21 01:14:47,160] {dag.py:2396} INFO - Sync 2 DAGs
[2022-02-21 01:14:47,172] {logging_mixin.py:109} INFO - [2022-02-21 01:14:47,172] {dag.py:2935} INFO - Setting next_dagrun for example_external_task_marker_child to None
[2022-02-21 01:14:47,172] {logging_mixin.py:109} INFO - [2022-02-21 01:14:47,172] {dag.py:2935} INFO - Setting next_dagrun for example_external_task_marker_parent to None
[2022-02-21 01:14:47,186] {processor.py:171} INFO - Processing /home/airflow/.local/lib/python3.7/site-packages/airflow/example_dags/example_external_task_marker_dag.py took 0.129 seconds
[2022-02-21 01:15:17,559] {processor.py:163} INFO - Started process (PID=2058) to work on /home/airflow/.local/lib/python3.7/site-packages/airflow/example_dags/example_external_task_marker_dag.py
[2022-02-21 01:15:17,561] {processor.py:642} INFO - Processing file /home/airflow/.local/lib/python3.7/site-packages/airflow/example_dags/example_external_task_marker_dag.py for tasks to queue
[2022-02-21 01:15:17,562] {logging_mixin.py:109} INFO - [2022-02-21 01:15:17,562] {dagbag.py:500} INFO - Filling up the DagBag from /home/airflow/.local/lib/python3.7/site-packages/airflow/example_dags/example_external_task_marker_dag.py
[2022-02-21 01:15:17,616] {processor.py:654} INFO - DAG(s) dict_keys(['example_external_task_marker_parent', 'example_external_task_marker_child']) retrieved from /home/airflow/.local/lib/python3.7/site-packages/airflow/example_dags/example_external_task_marker_dag.py
[2022-02-21 01:15:17,642] {logging_mixin.py:109} INFO - [2022-02-21 01:15:17,642] {dag.py:2396} INFO - Sync 2 DAGs
[2022-02-21 01:15:17,672] {logging_mixin.py:109} INFO - [2022-02-21 01:15:17,671] {dag.py:2935} INFO - Setting next_dagrun for example_external_task_marker_child to None
[2022-02-21 01:15:17,672] {logging_mixin.py:109} INFO - [2022-02-21 01:15:17,672] {dag.py:2935} INFO - Setting next_dagrun for example_external_task_marker_parent to None
[2022-02-21 01:15:17,690] {processor.py:171} INFO - Processing /home/airflow/.local/lib/python3.7/site-packages/airflow/example_dags/example_external_task_marker_dag.py took 0.137 seconds
[2022-02-21 01:15:47,820] {processor.py:163} INFO - Started process (PID=2109) to work on /home/airflow/.local/lib/python3.7/site-packages/airflow/example_dags/example_external_task_marker_dag.py
[2022-02-21 01:15:47,824] {processor.py:642} INFO - Processing file /home/airflow/.local/lib/python3.7/site-packages/airflow/example_dags/example_external_task_marker_dag.py for tasks to queue
[2022-02-21 01:15:47,826] {logging_mixin.py:109} INFO - [2022-02-21 01:15:47,826] {dagbag.py:500} INFO - Filling up the DagBag from /home/airflow/.local/lib/python3.7/site-packages/airflow/example_dags/example_external_task_marker_dag.py
[2022-02-21 01:15:47,930] {processor.py:654} INFO - DAG(s) dict_keys(['example_external_task_marker_parent', 'example_external_task_marker_child']) retrieved from /home/airflow/.local/lib/python3.7/site-packages/airflow/example_dags/example_external_task_marker_dag.py
[2022-02-21 01:15:47,997] {logging_mixin.py:109} INFO - [2022-02-21 01:15:47,996] {dag.py:2396} INFO - Sync 2 DAGs
[2022-02-21 01:15:48,048] {logging_mixin.py:109} INFO - [2022-02-21 01:15:48,047] {dag.py:2935} INFO - Setting next_dagrun for example_external_task_marker_child to None
[2022-02-21 01:15:48,048] {logging_mixin.py:109} INFO - [2022-02-21 01:15:48,048] {dag.py:2935} INFO - Setting next_dagrun for example_external_task_marker_parent to None
[2022-02-21 01:15:48,070] {processor.py:171} INFO - Processing /home/airflow/.local/lib/python3.7/site-packages/airflow/example_dags/example_external_task_marker_dag.py took 0.258 seconds
[2022-02-21 01:16:18,470] {processor.py:163} INFO - Started process (PID=2161) to work on /home/airflow/.local/lib/python3.7/site-packages/airflow/example_dags/example_external_task_marker_dag.py
[2022-02-21 01:16:18,473] {processor.py:642} INFO - Processing file /home/airflow/.local/lib/python3.7/site-packages/airflow/example_dags/example_external_task_marker_dag.py for tasks to queue
[2022-02-21 01:16:18,474] {logging_mixin.py:109} INFO - [2022-02-21 01:16:18,474] {dagbag.py:500} INFO - Filling up the DagBag from /home/airflow/.local/lib/python3.7/site-packages/airflow/example_dags/example_external_task_marker_dag.py
[2022-02-21 01:16:18,551] {processor.py:654} INFO - DAG(s) dict_keys(['example_external_task_marker_parent', 'example_external_task_marker_child']) retrieved from /home/airflow/.local/lib/python3.7/site-packages/airflow/example_dags/example_external_task_marker_dag.py
[2022-02-21 01:16:18,585] {logging_mixin.py:109} INFO - [2022-02-21 01:16:18,585] {dag.py:2396} INFO - Sync 2 DAGs
[2022-02-21 01:16:18,637] {logging_mixin.py:109} INFO - [2022-02-21 01:16:18,637] {dag.py:2935} INFO - Setting next_dagrun for example_external_task_marker_child to None
[2022-02-21 01:16:18,638] {logging_mixin.py:109} INFO - [2022-02-21 01:16:18,638] {dag.py:2935} INFO - Setting next_dagrun for example_external_task_marker_parent to None
[2022-02-21 01:16:18,674] {processor.py:171} INFO - Processing /home/airflow/.local/lib/python3.7/site-packages/airflow/example_dags/example_external_task_marker_dag.py took 0.214 seconds
[2022-02-21 01:16:48,734] {processor.py:163} INFO - Started process (PID=2203) to work on /home/airflow/.local/lib/python3.7/site-packages/airflow/example_dags/example_external_task_marker_dag.py
[2022-02-21 01:16:48,735] {processor.py:642} INFO - Processing file /home/airflow/.local/lib/python3.7/site-packages/airflow/example_dags/example_external_task_marker_dag.py for tasks to queue
[2022-02-21 01:16:48,736] {logging_mixin.py:109} INFO - [2022-02-21 01:16:48,736] {dagbag.py:500} INFO - Filling up the DagBag from /home/airflow/.local/lib/python3.7/site-packages/airflow/example_dags/example_external_task_marker_dag.py
[2022-02-21 01:16:48,783] {processor.py:654} INFO - DAG(s) dict_keys(['example_external_task_marker_parent', 'example_external_task_marker_child']) retrieved from /home/airflow/.local/lib/python3.7/site-packages/airflow/example_dags/example_external_task_marker_dag.py
[2022-02-21 01:16:48,807] {logging_mixin.py:109} INFO - [2022-02-21 01:16:48,807] {dag.py:2396} INFO - Sync 2 DAGs
[2022-02-21 01:16:48,837] {logging_mixin.py:109} INFO - [2022-02-21 01:16:48,837] {dag.py:2935} INFO - Setting next_dagrun for example_external_task_marker_child to None
[2022-02-21 01:16:48,838] {logging_mixin.py:109} INFO - [2022-02-21 01:16:48,838] {dag.py:2935} INFO - Setting next_dagrun for example_external_task_marker_parent to None
[2022-02-21 01:16:48,855] {processor.py:171} INFO - Processing /home/airflow/.local/lib/python3.7/site-packages/airflow/example_dags/example_external_task_marker_dag.py took 0.126 seconds
[2022-02-21 01:17:19,122] {processor.py:163} INFO - Started process (PID=2265) to work on /home/airflow/.local/lib/python3.7/site-packages/airflow/example_dags/example_external_task_marker_dag.py
[2022-02-21 01:17:19,124] {processor.py:642} INFO - Processing file /home/airflow/.local/lib/python3.7/site-packages/airflow/example_dags/example_external_task_marker_dag.py for tasks to queue
[2022-02-21 01:17:19,125] {logging_mixin.py:109} INFO - [2022-02-21 01:17:19,125] {dagbag.py:500} INFO - Filling up the DagBag from /home/airflow/.local/lib/python3.7/site-packages/airflow/example_dags/example_external_task_marker_dag.py
[2022-02-21 01:17:19,167] {processor.py:654} INFO - DAG(s) dict_keys(['example_external_task_marker_parent', 'example_external_task_marker_child']) retrieved from /home/airflow/.local/lib/python3.7/site-packages/airflow/example_dags/example_external_task_marker_dag.py
[2022-02-21 01:17:19,187] {logging_mixin.py:109} INFO - [2022-02-21 01:17:19,187] {dag.py:2396} INFO - Sync 2 DAGs
[2022-02-21 01:17:19,211] {logging_mixin.py:109} INFO - [2022-02-21 01:17:19,211] {dag.py:2935} INFO - Setting next_dagrun for example_external_task_marker_child to None
[2022-02-21 01:17:19,211] {logging_mixin.py:109} INFO - [2022-02-21 01:17:19,211] {dag.py:2935} INFO - Setting next_dagrun for example_external_task_marker_parent to None
[2022-02-21 01:17:19,224] {processor.py:171} INFO - Processing /home/airflow/.local/lib/python3.7/site-packages/airflow/example_dags/example_external_task_marker_dag.py took 0.107 seconds
[2022-02-21 01:17:49,245] {processor.py:163} INFO - Started process (PID=2312) to work on /home/airflow/.local/lib/python3.7/site-packages/airflow/example_dags/example_external_task_marker_dag.py
[2022-02-21 01:17:49,246] {processor.py:642} INFO - Processing file /home/airflow/.local/lib/python3.7/site-packages/airflow/example_dags/example_external_task_marker_dag.py for tasks to queue
[2022-02-21 01:17:49,247] {logging_mixin.py:109} INFO - [2022-02-21 01:17:49,247] {dagbag.py:500} INFO - Filling up the DagBag from /home/airflow/.local/lib/python3.7/site-packages/airflow/example_dags/example_external_task_marker_dag.py
[2022-02-21 01:17:49,273] {processor.py:654} INFO - DAG(s) dict_keys(['example_external_task_marker_parent', 'example_external_task_marker_child']) retrieved from /home/airflow/.local/lib/python3.7/site-packages/airflow/example_dags/example_external_task_marker_dag.py
[2022-02-21 01:17:49,285] {logging_mixin.py:109} INFO - [2022-02-21 01:17:49,285] {dag.py:2396} INFO - Sync 2 DAGs
[2022-02-21 01:17:49,300] {logging_mixin.py:109} INFO - [2022-02-21 01:17:49,300] {dag.py:2935} INFO - Setting next_dagrun for example_external_task_marker_child to None
[2022-02-21 01:17:49,300] {logging_mixin.py:109} INFO - [2022-02-21 01:17:49,300] {dag.py:2935} INFO - Setting next_dagrun for example_external_task_marker_parent to None
[2022-02-21 01:17:49,311] {processor.py:171} INFO - Processing /home/airflow/.local/lib/python3.7/site-packages/airflow/example_dags/example_external_task_marker_dag.py took 0.069 seconds
[2022-02-21 01:18:19,712] {processor.py:163} INFO - Started process (PID=2362) to work on /home/airflow/.local/lib/python3.7/site-packages/airflow/example_dags/example_external_task_marker_dag.py
[2022-02-21 01:18:19,714] {processor.py:642} INFO - Processing file /home/airflow/.local/lib/python3.7/site-packages/airflow/example_dags/example_external_task_marker_dag.py for tasks to queue
[2022-02-21 01:18:19,715] {logging_mixin.py:109} INFO - [2022-02-21 01:18:19,714] {dagbag.py:500} INFO - Filling up the DagBag from /home/airflow/.local/lib/python3.7/site-packages/airflow/example_dags/example_external_task_marker_dag.py
[2022-02-21 01:18:19,752] {processor.py:654} INFO - DAG(s) dict_keys(['example_external_task_marker_parent', 'example_external_task_marker_child']) retrieved from /home/airflow/.local/lib/python3.7/site-packages/airflow/example_dags/example_external_task_marker_dag.py
[2022-02-21 01:18:19,769] {logging_mixin.py:109} INFO - [2022-02-21 01:18:19,769] {dag.py:2396} INFO - Sync 2 DAGs
[2022-02-21 01:18:19,790] {logging_mixin.py:109} INFO - [2022-02-21 01:18:19,790] {dag.py:2935} INFO - Setting next_dagrun for example_external_task_marker_child to None
[2022-02-21 01:18:19,791] {logging_mixin.py:109} INFO - [2022-02-21 01:18:19,791] {dag.py:2935} INFO - Setting next_dagrun for example_external_task_marker_parent to None
[2022-02-21 01:18:19,805] {processor.py:171} INFO - Processing /home/airflow/.local/lib/python3.7/site-packages/airflow/example_dags/example_external_task_marker_dag.py took 0.097 seconds
[2022-02-21 01:18:49,831] {processor.py:163} INFO - Started process (PID=2421) to work on /home/airflow/.local/lib/python3.7/site-packages/airflow/example_dags/example_external_task_marker_dag.py
[2022-02-21 01:18:49,832] {processor.py:642} INFO - Processing file /home/airflow/.local/lib/python3.7/site-packages/airflow/example_dags/example_external_task_marker_dag.py for tasks to queue
[2022-02-21 01:18:49,833] {logging_mixin.py:109} INFO - [2022-02-21 01:18:49,833] {dagbag.py:500} INFO - Filling up the DagBag from /home/airflow/.local/lib/python3.7/site-packages/airflow/example_dags/example_external_task_marker_dag.py
[2022-02-21 01:18:49,870] {processor.py:654} INFO - DAG(s) dict_keys(['example_external_task_marker_parent', 'example_external_task_marker_child']) retrieved from /home/airflow/.local/lib/python3.7/site-packages/airflow/example_dags/example_external_task_marker_dag.py
[2022-02-21 01:18:49,886] {logging_mixin.py:109} INFO - [2022-02-21 01:18:49,886] {dag.py:2396} INFO - Sync 2 DAGs
[2022-02-21 01:18:49,909] {logging_mixin.py:109} INFO - [2022-02-21 01:18:49,909] {dag.py:2935} INFO - Setting next_dagrun for example_external_task_marker_child to None
[2022-02-21 01:18:49,909] {logging_mixin.py:109} INFO - [2022-02-21 01:18:49,909] {dag.py:2935} INFO - Setting next_dagrun for example_external_task_marker_parent to None
[2022-02-21 01:18:49,922] {processor.py:171} INFO - Processing /home/airflow/.local/lib/python3.7/site-packages/airflow/example_dags/example_external_task_marker_dag.py took 0.095 seconds
[2022-02-21 01:19:19,969] {processor.py:163} INFO - Started process (PID=2472) to work on /home/airflow/.local/lib/python3.7/site-packages/airflow/example_dags/example_external_task_marker_dag.py
[2022-02-21 01:19:19,971] {processor.py:642} INFO - Processing file /home/airflow/.local/lib/python3.7/site-packages/airflow/example_dags/example_external_task_marker_dag.py for tasks to queue
[2022-02-21 01:19:19,971] {logging_mixin.py:109} INFO - [2022-02-21 01:19:19,971] {dagbag.py:500} INFO - Filling up the DagBag from /home/airflow/.local/lib/python3.7/site-packages/airflow/example_dags/example_external_task_marker_dag.py
[2022-02-21 01:19:19,994] {processor.py:654} INFO - DAG(s) dict_keys(['example_external_task_marker_parent', 'example_external_task_marker_child']) retrieved from /home/airflow/.local/lib/python3.7/site-packages/airflow/example_dags/example_external_task_marker_dag.py
[2022-02-21 01:19:20,004] {logging_mixin.py:109} INFO - [2022-02-21 01:19:20,004] {dag.py:2396} INFO - Sync 2 DAGs
[2022-02-21 01:19:20,018] {logging_mixin.py:109} INFO - [2022-02-21 01:19:20,018] {dag.py:2935} INFO - Setting next_dagrun for example_external_task_marker_child to None
[2022-02-21 01:19:20,018] {logging_mixin.py:109} INFO - [2022-02-21 01:19:20,018] {dag.py:2935} INFO - Setting next_dagrun for example_external_task_marker_parent to None
[2022-02-21 01:19:20,028] {processor.py:171} INFO - Processing /home/airflow/.local/lib/python3.7/site-packages/airflow/example_dags/example_external_task_marker_dag.py took 0.061 seconds
[2022-02-21 01:19:50,093] {processor.py:163} INFO - Started process (PID=2522) to work on /home/airflow/.local/lib/python3.7/site-packages/airflow/example_dags/example_external_task_marker_dag.py
[2022-02-21 01:19:50,094] {processor.py:642} INFO - Processing file /home/airflow/.local/lib/python3.7/site-packages/airflow/example_dags/example_external_task_marker_dag.py for tasks to queue
[2022-02-21 01:19:50,095] {logging_mixin.py:109} INFO - [2022-02-21 01:19:50,095] {dagbag.py:500} INFO - Filling up the DagBag from /home/airflow/.local/lib/python3.7/site-packages/airflow/example_dags/example_external_task_marker_dag.py
[2022-02-21 01:19:50,129] {processor.py:654} INFO - DAG(s) dict_keys(['example_external_task_marker_parent', 'example_external_task_marker_child']) retrieved from /home/airflow/.local/lib/python3.7/site-packages/airflow/example_dags/example_external_task_marker_dag.py
[2022-02-21 01:19:50,146] {logging_mixin.py:109} INFO - [2022-02-21 01:19:50,146] {dag.py:2396} INFO - Sync 2 DAGs
[2022-02-21 01:19:50,169] {logging_mixin.py:109} INFO - [2022-02-21 01:19:50,169] {dag.py:2935} INFO - Setting next_dagrun for example_external_task_marker_child to None
[2022-02-21 01:19:50,170] {logging_mixin.py:109} INFO - [2022-02-21 01:19:50,170] {dag.py:2935} INFO - Setting next_dagrun for example_external_task_marker_parent to None
[2022-02-21 01:19:50,185] {processor.py:171} INFO - Processing /home/airflow/.local/lib/python3.7/site-packages/airflow/example_dags/example_external_task_marker_dag.py took 0.097 seconds
[2022-02-21 01:20:20,822] {processor.py:163} INFO - Started process (PID=2580) to work on /home/airflow/.local/lib/python3.7/site-packages/airflow/example_dags/example_external_task_marker_dag.py
[2022-02-21 01:20:20,827] {processor.py:642} INFO - Processing file /home/airflow/.local/lib/python3.7/site-packages/airflow/example_dags/example_external_task_marker_dag.py for tasks to queue
[2022-02-21 01:20:20,831] {logging_mixin.py:109} INFO - [2022-02-21 01:20:20,830] {dagbag.py:500} INFO - Filling up the DagBag from /home/airflow/.local/lib/python3.7/site-packages/airflow/example_dags/example_external_task_marker_dag.py
[2022-02-21 01:20:20,919] {processor.py:654} INFO - DAG(s) dict_keys(['example_external_task_marker_parent', 'example_external_task_marker_child']) retrieved from /home/airflow/.local/lib/python3.7/site-packages/airflow/example_dags/example_external_task_marker_dag.py
[2022-02-21 01:20:20,967] {logging_mixin.py:109} INFO - [2022-02-21 01:20:20,967] {dag.py:2396} INFO - Sync 2 DAGs
[2022-02-21 01:20:21,055] {logging_mixin.py:109} INFO - [2022-02-21 01:20:21,055] {dag.py:2935} INFO - Setting next_dagrun for example_external_task_marker_child to None
[2022-02-21 01:20:21,057] {logging_mixin.py:109} INFO - [2022-02-21 01:20:21,056] {dag.py:2935} INFO - Setting next_dagrun for example_external_task_marker_parent to None
[2022-02-21 01:20:21,117] {processor.py:171} INFO - Processing /home/airflow/.local/lib/python3.7/site-packages/airflow/example_dags/example_external_task_marker_dag.py took 0.308 seconds
[2022-02-21 01:20:52,042] {processor.py:163} INFO - Started process (PID=2624) to work on /home/airflow/.local/lib/python3.7/site-packages/airflow/example_dags/example_external_task_marker_dag.py
[2022-02-21 01:20:52,043] {processor.py:642} INFO - Processing file /home/airflow/.local/lib/python3.7/site-packages/airflow/example_dags/example_external_task_marker_dag.py for tasks to queue
[2022-02-21 01:20:52,044] {logging_mixin.py:109} INFO - [2022-02-21 01:20:52,044] {dagbag.py:500} INFO - Filling up the DagBag from /home/airflow/.local/lib/python3.7/site-packages/airflow/example_dags/example_external_task_marker_dag.py
[2022-02-21 01:20:52,085] {processor.py:654} INFO - DAG(s) dict_keys(['example_external_task_marker_parent', 'example_external_task_marker_child']) retrieved from /home/airflow/.local/lib/python3.7/site-packages/airflow/example_dags/example_external_task_marker_dag.py
[2022-02-21 01:20:52,106] {logging_mixin.py:109} INFO - [2022-02-21 01:20:52,105] {dag.py:2396} INFO - Sync 2 DAGs
[2022-02-21 01:20:52,130] {logging_mixin.py:109} INFO - [2022-02-21 01:20:52,129] {dag.py:2935} INFO - Setting next_dagrun for example_external_task_marker_child to None
[2022-02-21 01:20:52,130] {logging_mixin.py:109} INFO - [2022-02-21 01:20:52,130] {dag.py:2935} INFO - Setting next_dagrun for example_external_task_marker_parent to None
[2022-02-21 01:20:52,146] {processor.py:171} INFO - Processing /home/airflow/.local/lib/python3.7/site-packages/airflow/example_dags/example_external_task_marker_dag.py took 0.108 seconds
[2022-02-21 01:21:22,568] {processor.py:163} INFO - Started process (PID=2683) to work on /home/airflow/.local/lib/python3.7/site-packages/airflow/example_dags/example_external_task_marker_dag.py
[2022-02-21 01:21:22,571] {processor.py:642} INFO - Processing file /home/airflow/.local/lib/python3.7/site-packages/airflow/example_dags/example_external_task_marker_dag.py for tasks to queue
[2022-02-21 01:21:22,572] {logging_mixin.py:109} INFO - [2022-02-21 01:21:22,572] {dagbag.py:500} INFO - Filling up the DagBag from /home/airflow/.local/lib/python3.7/site-packages/airflow/example_dags/example_external_task_marker_dag.py
[2022-02-21 01:21:22,620] {processor.py:654} INFO - DAG(s) dict_keys(['example_external_task_marker_parent', 'example_external_task_marker_child']) retrieved from /home/airflow/.local/lib/python3.7/site-packages/airflow/example_dags/example_external_task_marker_dag.py
[2022-02-21 01:21:22,649] {logging_mixin.py:109} INFO - [2022-02-21 01:21:22,649] {dag.py:2396} INFO - Sync 2 DAGs
[2022-02-21 01:21:22,682] {logging_mixin.py:109} INFO - [2022-02-21 01:21:22,682] {dag.py:2935} INFO - Setting next_dagrun for example_external_task_marker_child to None
[2022-02-21 01:21:22,682] {logging_mixin.py:109} INFO - [2022-02-21 01:21:22,682] {dag.py:2935} INFO - Setting next_dagrun for example_external_task_marker_parent to None
[2022-02-21 01:21:22,701] {processor.py:171} INFO - Processing /home/airflow/.local/lib/python3.7/site-packages/airflow/example_dags/example_external_task_marker_dag.py took 0.137 seconds
