[2022-02-21 00:58:28,629] {processor.py:163} INFO - Started process (PID=186) to work on /home/airflow/.local/lib/python3.7/site-packages/airflow/example_dags/example_branch_day_of_week_operator.py
[2022-02-21 00:58:28,631] {processor.py:642} INFO - Processing file /home/airflow/.local/lib/python3.7/site-packages/airflow/example_dags/example_branch_day_of_week_operator.py for tasks to queue
[2022-02-21 00:58:28,633] {logging_mixin.py:109} INFO - [2022-02-21 00:58:28,633] {dagbag.py:500} INFO - Filling up the DagBag from /home/airflow/.local/lib/python3.7/site-packages/airflow/example_dags/example_branch_day_of_week_operator.py
[2022-02-21 00:58:28,730] {processor.py:654} INFO - DAG(s) dict_keys(['example_weekday_branch_operator']) retrieved from /home/airflow/.local/lib/python3.7/site-packages/airflow/example_dags/example_branch_day_of_week_operator.py
[2022-02-21 00:58:32,750] {logging_mixin.py:109} INFO - [2022-02-21 00:58:32,750] {manager.py:496} INFO - Created Permission View: can edit on DAG:example_weekday_branch_operator
[2022-02-21 00:58:32,765] {logging_mixin.py:109} INFO - [2022-02-21 00:58:32,764] {manager.py:496} INFO - Created Permission View: can read on DAG:example_weekday_branch_operator
[2022-02-21 00:58:32,765] {logging_mixin.py:109} INFO - [2022-02-21 00:58:32,765] {dag.py:2396} INFO - Sync 1 DAGs
[2022-02-21 00:58:32,776] {logging_mixin.py:109} INFO - [2022-02-21 00:58:32,775] {dag.py:2415} INFO - Creating ORM DAG for example_weekday_branch_operator
[2022-02-21 00:58:32,788] {logging_mixin.py:109} INFO - [2022-02-21 00:58:32,788] {dag.py:2935} INFO - Setting next_dagrun for example_weekday_branch_operator to 2022-02-20 00:00:00+00:00
[2022-02-21 00:58:32,806] {processor.py:171} INFO - Processing /home/airflow/.local/lib/python3.7/site-packages/airflow/example_dags/example_branch_day_of_week_operator.py took 4.186 seconds
[2022-02-21 00:59:06,829] {processor.py:163} INFO - Started process (PID=381) to work on /home/airflow/.local/lib/python3.7/site-packages/airflow/example_dags/example_branch_day_of_week_operator.py
[2022-02-21 00:59:06,832] {processor.py:642} INFO - Processing file /home/airflow/.local/lib/python3.7/site-packages/airflow/example_dags/example_branch_day_of_week_operator.py for tasks to queue
[2022-02-21 00:59:06,833] {logging_mixin.py:109} INFO - [2022-02-21 00:59:06,833] {dagbag.py:500} INFO - Filling up the DagBag from /home/airflow/.local/lib/python3.7/site-packages/airflow/example_dags/example_branch_day_of_week_operator.py
[2022-02-21 00:59:06,872] {processor.py:654} INFO - DAG(s) dict_keys(['example_weekday_branch_operator']) retrieved from /home/airflow/.local/lib/python3.7/site-packages/airflow/example_dags/example_branch_day_of_week_operator.py
[2022-02-21 00:59:06,885] {logging_mixin.py:109} INFO - [2022-02-21 00:59:06,885] {dag.py:2396} INFO - Sync 1 DAGs
[2022-02-21 00:59:06,909] {logging_mixin.py:109} INFO - [2022-02-21 00:59:06,909] {dag.py:2935} INFO - Setting next_dagrun for example_weekday_branch_operator to 2022-02-20 00:00:00+00:00
[2022-02-21 00:59:06,923] {processor.py:171} INFO - Processing /home/airflow/.local/lib/python3.7/site-packages/airflow/example_dags/example_branch_day_of_week_operator.py took 0.098 seconds
[2022-02-21 00:59:40,610] {processor.py:163} INFO - Started process (PID=443) to work on /home/airflow/.local/lib/python3.7/site-packages/airflow/example_dags/example_branch_day_of_week_operator.py
[2022-02-21 00:59:40,614] {processor.py:642} INFO - Processing file /home/airflow/.local/lib/python3.7/site-packages/airflow/example_dags/example_branch_day_of_week_operator.py for tasks to queue
[2022-02-21 00:59:40,617] {logging_mixin.py:109} INFO - [2022-02-21 00:59:40,616] {dagbag.py:500} INFO - Filling up the DagBag from /home/airflow/.local/lib/python3.7/site-packages/airflow/example_dags/example_branch_day_of_week_operator.py
[2022-02-21 00:59:40,708] {processor.py:654} INFO - DAG(s) dict_keys(['example_weekday_branch_operator']) retrieved from /home/airflow/.local/lib/python3.7/site-packages/airflow/example_dags/example_branch_day_of_week_operator.py
[2022-02-21 00:59:40,769] {logging_mixin.py:109} INFO - [2022-02-21 00:59:40,769] {dag.py:2396} INFO - Sync 1 DAGs
[2022-02-21 00:59:40,891] {logging_mixin.py:109} INFO - [2022-02-21 00:59:40,891] {dag.py:2935} INFO - Setting next_dagrun for example_weekday_branch_operator to 2022-02-20 00:00:00+00:00
[2022-02-21 00:59:40,927] {processor.py:171} INFO - Processing /home/airflow/.local/lib/python3.7/site-packages/airflow/example_dags/example_branch_day_of_week_operator.py took 0.327 seconds
[2022-02-21 01:00:11,336] {processor.py:163} INFO - Started process (PID=493) to work on /home/airflow/.local/lib/python3.7/site-packages/airflow/example_dags/example_branch_day_of_week_operator.py
[2022-02-21 01:00:11,338] {processor.py:642} INFO - Processing file /home/airflow/.local/lib/python3.7/site-packages/airflow/example_dags/example_branch_day_of_week_operator.py for tasks to queue
[2022-02-21 01:00:11,339] {logging_mixin.py:109} INFO - [2022-02-21 01:00:11,339] {dagbag.py:500} INFO - Filling up the DagBag from /home/airflow/.local/lib/python3.7/site-packages/airflow/example_dags/example_branch_day_of_week_operator.py
[2022-02-21 01:00:11,395] {processor.py:654} INFO - DAG(s) dict_keys(['example_weekday_branch_operator']) retrieved from /home/airflow/.local/lib/python3.7/site-packages/airflow/example_dags/example_branch_day_of_week_operator.py
[2022-02-21 01:00:11,415] {logging_mixin.py:109} INFO - [2022-02-21 01:00:11,415] {dag.py:2396} INFO - Sync 1 DAGs
[2022-02-21 01:00:11,460] {logging_mixin.py:109} INFO - [2022-02-21 01:00:11,460] {dag.py:2935} INFO - Setting next_dagrun for example_weekday_branch_operator to 2022-02-20 00:00:00+00:00
[2022-02-21 01:00:11,478] {processor.py:171} INFO - Processing /home/airflow/.local/lib/python3.7/site-packages/airflow/example_dags/example_branch_day_of_week_operator.py took 0.147 seconds
[2022-02-21 01:00:42,019] {processor.py:163} INFO - Started process (PID=543) to work on /home/airflow/.local/lib/python3.7/site-packages/airflow/example_dags/example_branch_day_of_week_operator.py
[2022-02-21 01:00:42,059] {processor.py:642} INFO - Processing file /home/airflow/.local/lib/python3.7/site-packages/airflow/example_dags/example_branch_day_of_week_operator.py for tasks to queue
[2022-02-21 01:00:42,059] {logging_mixin.py:109} INFO - [2022-02-21 01:00:42,059] {dagbag.py:500} INFO - Filling up the DagBag from /home/airflow/.local/lib/python3.7/site-packages/airflow/example_dags/example_branch_day_of_week_operator.py
[2022-02-21 01:00:42,090] {processor.py:654} INFO - DAG(s) dict_keys(['example_weekday_branch_operator']) retrieved from /home/airflow/.local/lib/python3.7/site-packages/airflow/example_dags/example_branch_day_of_week_operator.py
[2022-02-21 01:00:42,098] {logging_mixin.py:109} INFO - [2022-02-21 01:00:42,097] {dag.py:2396} INFO - Sync 1 DAGs
[2022-02-21 01:00:42,114] {logging_mixin.py:109} INFO - [2022-02-21 01:00:42,113] {dag.py:2935} INFO - Setting next_dagrun for example_weekday_branch_operator to 2022-02-20 00:00:00+00:00
[2022-02-21 01:00:42,516] {processor.py:171} INFO - Processing /home/airflow/.local/lib/python3.7/site-packages/airflow/example_dags/example_branch_day_of_week_operator.py took 0.500 seconds
[2022-02-21 01:01:12,648] {processor.py:163} INFO - Started process (PID=594) to work on /home/airflow/.local/lib/python3.7/site-packages/airflow/example_dags/example_branch_day_of_week_operator.py
[2022-02-21 01:01:12,650] {processor.py:642} INFO - Processing file /home/airflow/.local/lib/python3.7/site-packages/airflow/example_dags/example_branch_day_of_week_operator.py for tasks to queue
[2022-02-21 01:01:12,651] {logging_mixin.py:109} INFO - [2022-02-21 01:01:12,650] {dagbag.py:500} INFO - Filling up the DagBag from /home/airflow/.local/lib/python3.7/site-packages/airflow/example_dags/example_branch_day_of_week_operator.py
[2022-02-21 01:01:12,691] {processor.py:654} INFO - DAG(s) dict_keys(['example_weekday_branch_operator']) retrieved from /home/airflow/.local/lib/python3.7/site-packages/airflow/example_dags/example_branch_day_of_week_operator.py
[2022-02-21 01:01:12,705] {logging_mixin.py:109} INFO - [2022-02-21 01:01:12,705] {dag.py:2396} INFO - Sync 1 DAGs
[2022-02-21 01:01:12,733] {logging_mixin.py:109} INFO - [2022-02-21 01:01:12,732] {dag.py:2935} INFO - Setting next_dagrun for example_weekday_branch_operator to 2022-02-20 00:00:00+00:00
[2022-02-21 01:01:12,745] {processor.py:171} INFO - Processing /home/airflow/.local/lib/python3.7/site-packages/airflow/example_dags/example_branch_day_of_week_operator.py took 0.100 seconds
[2022-02-21 01:01:43,578] {processor.py:163} INFO - Started process (PID=655) to work on /home/airflow/.local/lib/python3.7/site-packages/airflow/example_dags/example_branch_day_of_week_operator.py
[2022-02-21 01:01:43,579] {processor.py:642} INFO - Processing file /home/airflow/.local/lib/python3.7/site-packages/airflow/example_dags/example_branch_day_of_week_operator.py for tasks to queue
[2022-02-21 01:01:43,580] {logging_mixin.py:109} INFO - [2022-02-21 01:01:43,580] {dagbag.py:500} INFO - Filling up the DagBag from /home/airflow/.local/lib/python3.7/site-packages/airflow/example_dags/example_branch_day_of_week_operator.py
[2022-02-21 01:01:43,612] {processor.py:654} INFO - DAG(s) dict_keys(['example_weekday_branch_operator']) retrieved from /home/airflow/.local/lib/python3.7/site-packages/airflow/example_dags/example_branch_day_of_week_operator.py
[2022-02-21 01:01:43,624] {logging_mixin.py:109} INFO - [2022-02-21 01:01:43,624] {dag.py:2396} INFO - Sync 1 DAGs
[2022-02-21 01:01:43,644] {logging_mixin.py:109} INFO - [2022-02-21 01:01:43,644] {dag.py:2935} INFO - Setting next_dagrun for example_weekday_branch_operator to 2022-02-20 00:00:00+00:00
[2022-02-21 01:01:43,657] {processor.py:171} INFO - Processing /home/airflow/.local/lib/python3.7/site-packages/airflow/example_dags/example_branch_day_of_week_operator.py took 0.083 seconds
[2022-02-21 01:02:13,679] {processor.py:163} INFO - Started process (PID=704) to work on /home/airflow/.local/lib/python3.7/site-packages/airflow/example_dags/example_branch_day_of_week_operator.py
[2022-02-21 01:02:13,680] {processor.py:642} INFO - Processing file /home/airflow/.local/lib/python3.7/site-packages/airflow/example_dags/example_branch_day_of_week_operator.py for tasks to queue
[2022-02-21 01:02:13,680] {logging_mixin.py:109} INFO - [2022-02-21 01:02:13,680] {dagbag.py:500} INFO - Filling up the DagBag from /home/airflow/.local/lib/python3.7/site-packages/airflow/example_dags/example_branch_day_of_week_operator.py
[2022-02-21 01:02:13,706] {processor.py:654} INFO - DAG(s) dict_keys(['example_weekday_branch_operator']) retrieved from /home/airflow/.local/lib/python3.7/site-packages/airflow/example_dags/example_branch_day_of_week_operator.py
[2022-02-21 01:02:13,716] {logging_mixin.py:109} INFO - [2022-02-21 01:02:13,716] {dag.py:2396} INFO - Sync 1 DAGs
[2022-02-21 01:02:13,732] {logging_mixin.py:109} INFO - [2022-02-21 01:02:13,732] {dag.py:2935} INFO - Setting next_dagrun for example_weekday_branch_operator to 2022-02-20 00:00:00+00:00
[2022-02-21 01:02:13,742] {processor.py:171} INFO - Processing /home/airflow/.local/lib/python3.7/site-packages/airflow/example_dags/example_branch_day_of_week_operator.py took 0.066 seconds
[2022-02-21 01:02:44,229] {processor.py:163} INFO - Started process (PID=755) to work on /home/airflow/.local/lib/python3.7/site-packages/airflow/example_dags/example_branch_day_of_week_operator.py
[2022-02-21 01:02:44,231] {processor.py:642} INFO - Processing file /home/airflow/.local/lib/python3.7/site-packages/airflow/example_dags/example_branch_day_of_week_operator.py for tasks to queue
[2022-02-21 01:02:44,232] {logging_mixin.py:109} INFO - [2022-02-21 01:02:44,231] {dagbag.py:500} INFO - Filling up the DagBag from /home/airflow/.local/lib/python3.7/site-packages/airflow/example_dags/example_branch_day_of_week_operator.py
[2022-02-21 01:02:44,264] {processor.py:654} INFO - DAG(s) dict_keys(['example_weekday_branch_operator']) retrieved from /home/airflow/.local/lib/python3.7/site-packages/airflow/example_dags/example_branch_day_of_week_operator.py
[2022-02-21 01:02:44,275] {logging_mixin.py:109} INFO - [2022-02-21 01:02:44,275] {dag.py:2396} INFO - Sync 1 DAGs
[2022-02-21 01:02:44,296] {logging_mixin.py:109} INFO - [2022-02-21 01:02:44,295] {dag.py:2935} INFO - Setting next_dagrun for example_weekday_branch_operator to 2022-02-20 00:00:00+00:00
[2022-02-21 01:02:44,307] {processor.py:171} INFO - Processing /home/airflow/.local/lib/python3.7/site-packages/airflow/example_dags/example_branch_day_of_week_operator.py took 0.081 seconds
[2022-02-21 01:03:14,476] {processor.py:163} INFO - Started process (PID=815) to work on /home/airflow/.local/lib/python3.7/site-packages/airflow/example_dags/example_branch_day_of_week_operator.py
[2022-02-21 01:03:14,477] {processor.py:642} INFO - Processing file /home/airflow/.local/lib/python3.7/site-packages/airflow/example_dags/example_branch_day_of_week_operator.py for tasks to queue
[2022-02-21 01:03:14,478] {logging_mixin.py:109} INFO - [2022-02-21 01:03:14,477] {dagbag.py:500} INFO - Filling up the DagBag from /home/airflow/.local/lib/python3.7/site-packages/airflow/example_dags/example_branch_day_of_week_operator.py
[2022-02-21 01:03:14,512] {processor.py:654} INFO - DAG(s) dict_keys(['example_weekday_branch_operator']) retrieved from /home/airflow/.local/lib/python3.7/site-packages/airflow/example_dags/example_branch_day_of_week_operator.py
[2022-02-21 01:03:14,524] {logging_mixin.py:109} INFO - [2022-02-21 01:03:14,524] {dag.py:2396} INFO - Sync 1 DAGs
[2022-02-21 01:03:14,546] {logging_mixin.py:109} INFO - [2022-02-21 01:03:14,546] {dag.py:2935} INFO - Setting next_dagrun for example_weekday_branch_operator to 2022-02-20 00:00:00+00:00
[2022-02-21 01:03:14,558] {processor.py:171} INFO - Processing /home/airflow/.local/lib/python3.7/site-packages/airflow/example_dags/example_branch_day_of_week_operator.py took 0.086 seconds
[2022-02-21 01:03:44,623] {processor.py:163} INFO - Started process (PID=866) to work on /home/airflow/.local/lib/python3.7/site-packages/airflow/example_dags/example_branch_day_of_week_operator.py
[2022-02-21 01:03:44,628] {processor.py:642} INFO - Processing file /home/airflow/.local/lib/python3.7/site-packages/airflow/example_dags/example_branch_day_of_week_operator.py for tasks to queue
[2022-02-21 01:03:44,629] {logging_mixin.py:109} INFO - [2022-02-21 01:03:44,629] {dagbag.py:500} INFO - Filling up the DagBag from /home/airflow/.local/lib/python3.7/site-packages/airflow/example_dags/example_branch_day_of_week_operator.py
[2022-02-21 01:03:44,655] {processor.py:654} INFO - DAG(s) dict_keys(['example_weekday_branch_operator']) retrieved from /home/airflow/.local/lib/python3.7/site-packages/airflow/example_dags/example_branch_day_of_week_operator.py
[2022-02-21 01:03:44,663] {logging_mixin.py:109} INFO - [2022-02-21 01:03:44,663] {dag.py:2396} INFO - Sync 1 DAGs
[2022-02-21 01:03:44,680] {logging_mixin.py:109} INFO - [2022-02-21 01:03:44,679] {dag.py:2935} INFO - Setting next_dagrun for example_weekday_branch_operator to 2022-02-20 00:00:00+00:00
[2022-02-21 01:03:44,690] {processor.py:171} INFO - Processing /home/airflow/.local/lib/python3.7/site-packages/airflow/example_dags/example_branch_day_of_week_operator.py took 0.070 seconds
[2022-02-21 01:04:14,874] {processor.py:163} INFO - Started process (PID=917) to work on /home/airflow/.local/lib/python3.7/site-packages/airflow/example_dags/example_branch_day_of_week_operator.py
[2022-02-21 01:04:14,875] {processor.py:642} INFO - Processing file /home/airflow/.local/lib/python3.7/site-packages/airflow/example_dags/example_branch_day_of_week_operator.py for tasks to queue
[2022-02-21 01:04:14,876] {logging_mixin.py:109} INFO - [2022-02-21 01:04:14,876] {dagbag.py:500} INFO - Filling up the DagBag from /home/airflow/.local/lib/python3.7/site-packages/airflow/example_dags/example_branch_day_of_week_operator.py
[2022-02-21 01:04:14,900] {processor.py:654} INFO - DAG(s) dict_keys(['example_weekday_branch_operator']) retrieved from /home/airflow/.local/lib/python3.7/site-packages/airflow/example_dags/example_branch_day_of_week_operator.py
[2022-02-21 01:04:14,909] {logging_mixin.py:109} INFO - [2022-02-21 01:04:14,909] {dag.py:2396} INFO - Sync 1 DAGs
[2022-02-21 01:04:14,925] {logging_mixin.py:109} INFO - [2022-02-21 01:04:14,925] {dag.py:2935} INFO - Setting next_dagrun for example_weekday_branch_operator to 2022-02-20 00:00:00+00:00
[2022-02-21 01:04:14,936] {processor.py:171} INFO - Processing /home/airflow/.local/lib/python3.7/site-packages/airflow/example_dags/example_branch_day_of_week_operator.py took 0.066 seconds
[2022-02-21 01:04:45,251] {processor.py:163} INFO - Started process (PID=968) to work on /home/airflow/.local/lib/python3.7/site-packages/airflow/example_dags/example_branch_day_of_week_operator.py
[2022-02-21 01:04:45,252] {processor.py:642} INFO - Processing file /home/airflow/.local/lib/python3.7/site-packages/airflow/example_dags/example_branch_day_of_week_operator.py for tasks to queue
[2022-02-21 01:04:45,253] {logging_mixin.py:109} INFO - [2022-02-21 01:04:45,253] {dagbag.py:500} INFO - Filling up the DagBag from /home/airflow/.local/lib/python3.7/site-packages/airflow/example_dags/example_branch_day_of_week_operator.py
[2022-02-21 01:04:45,278] {processor.py:654} INFO - DAG(s) dict_keys(['example_weekday_branch_operator']) retrieved from /home/airflow/.local/lib/python3.7/site-packages/airflow/example_dags/example_branch_day_of_week_operator.py
[2022-02-21 01:04:45,287] {logging_mixin.py:109} INFO - [2022-02-21 01:04:45,287] {dag.py:2396} INFO - Sync 1 DAGs
[2022-02-21 01:04:45,302] {logging_mixin.py:109} INFO - [2022-02-21 01:04:45,302] {dag.py:2935} INFO - Setting next_dagrun for example_weekday_branch_operator to 2022-02-20 00:00:00+00:00
[2022-02-21 01:04:45,312] {processor.py:171} INFO - Processing /home/airflow/.local/lib/python3.7/site-packages/airflow/example_dags/example_branch_day_of_week_operator.py took 0.063 seconds
[2022-02-21 01:05:15,758] {processor.py:163} INFO - Started process (PID=1019) to work on /home/airflow/.local/lib/python3.7/site-packages/airflow/example_dags/example_branch_day_of_week_operator.py
[2022-02-21 01:05:15,759] {processor.py:642} INFO - Processing file /home/airflow/.local/lib/python3.7/site-packages/airflow/example_dags/example_branch_day_of_week_operator.py for tasks to queue
[2022-02-21 01:05:15,760] {logging_mixin.py:109} INFO - [2022-02-21 01:05:15,760] {dagbag.py:500} INFO - Filling up the DagBag from /home/airflow/.local/lib/python3.7/site-packages/airflow/example_dags/example_branch_day_of_week_operator.py
[2022-02-21 01:05:15,789] {processor.py:654} INFO - DAG(s) dict_keys(['example_weekday_branch_operator']) retrieved from /home/airflow/.local/lib/python3.7/site-packages/airflow/example_dags/example_branch_day_of_week_operator.py
[2022-02-21 01:05:15,798] {logging_mixin.py:109} INFO - [2022-02-21 01:05:15,798] {dag.py:2396} INFO - Sync 1 DAGs
[2022-02-21 01:05:15,813] {logging_mixin.py:109} INFO - [2022-02-21 01:05:15,813] {dag.py:2935} INFO - Setting next_dagrun for example_weekday_branch_operator to 2022-02-20 00:00:00+00:00
[2022-02-21 01:05:15,825] {processor.py:171} INFO - Processing /home/airflow/.local/lib/python3.7/site-packages/airflow/example_dags/example_branch_day_of_week_operator.py took 0.073 seconds
[2022-02-21 01:05:46,053] {processor.py:163} INFO - Started process (PID=1079) to work on /home/airflow/.local/lib/python3.7/site-packages/airflow/example_dags/example_branch_day_of_week_operator.py
[2022-02-21 01:05:46,055] {processor.py:642} INFO - Processing file /home/airflow/.local/lib/python3.7/site-packages/airflow/example_dags/example_branch_day_of_week_operator.py for tasks to queue
[2022-02-21 01:05:46,055] {logging_mixin.py:109} INFO - [2022-02-21 01:05:46,055] {dagbag.py:500} INFO - Filling up the DagBag from /home/airflow/.local/lib/python3.7/site-packages/airflow/example_dags/example_branch_day_of_week_operator.py
[2022-02-21 01:05:46,091] {processor.py:654} INFO - DAG(s) dict_keys(['example_weekday_branch_operator']) retrieved from /home/airflow/.local/lib/python3.7/site-packages/airflow/example_dags/example_branch_day_of_week_operator.py
[2022-02-21 01:05:46,102] {logging_mixin.py:109} INFO - [2022-02-21 01:05:46,102] {dag.py:2396} INFO - Sync 1 DAGs
[2022-02-21 01:05:46,123] {logging_mixin.py:109} INFO - [2022-02-21 01:05:46,123] {dag.py:2935} INFO - Setting next_dagrun for example_weekday_branch_operator to 2022-02-20 00:00:00+00:00
[2022-02-21 01:05:46,135] {processor.py:171} INFO - Processing /home/airflow/.local/lib/python3.7/site-packages/airflow/example_dags/example_branch_day_of_week_operator.py took 0.086 seconds
[2022-02-21 01:06:16,388] {processor.py:163} INFO - Started process (PID=1129) to work on /home/airflow/.local/lib/python3.7/site-packages/airflow/example_dags/example_branch_day_of_week_operator.py
[2022-02-21 01:06:16,389] {processor.py:642} INFO - Processing file /home/airflow/.local/lib/python3.7/site-packages/airflow/example_dags/example_branch_day_of_week_operator.py for tasks to queue
[2022-02-21 01:06:16,389] {logging_mixin.py:109} INFO - [2022-02-21 01:06:16,389] {dagbag.py:500} INFO - Filling up the DagBag from /home/airflow/.local/lib/python3.7/site-packages/airflow/example_dags/example_branch_day_of_week_operator.py
[2022-02-21 01:06:16,415] {processor.py:654} INFO - DAG(s) dict_keys(['example_weekday_branch_operator']) retrieved from /home/airflow/.local/lib/python3.7/site-packages/airflow/example_dags/example_branch_day_of_week_operator.py
[2022-02-21 01:06:16,424] {logging_mixin.py:109} INFO - [2022-02-21 01:06:16,424] {dag.py:2396} INFO - Sync 1 DAGs
[2022-02-21 01:06:16,440] {logging_mixin.py:109} INFO - [2022-02-21 01:06:16,440] {dag.py:2935} INFO - Setting next_dagrun for example_weekday_branch_operator to 2022-02-20 00:00:00+00:00
[2022-02-21 01:06:16,449] {processor.py:171} INFO - Processing /home/airflow/.local/lib/python3.7/site-packages/airflow/example_dags/example_branch_day_of_week_operator.py took 0.064 seconds
[2022-02-21 01:06:46,987] {processor.py:163} INFO - Started process (PID=1180) to work on /home/airflow/.local/lib/python3.7/site-packages/airflow/example_dags/example_branch_day_of_week_operator.py
[2022-02-21 01:06:46,989] {processor.py:642} INFO - Processing file /home/airflow/.local/lib/python3.7/site-packages/airflow/example_dags/example_branch_day_of_week_operator.py for tasks to queue
[2022-02-21 01:06:46,990] {logging_mixin.py:109} INFO - [2022-02-21 01:06:46,990] {dagbag.py:500} INFO - Filling up the DagBag from /home/airflow/.local/lib/python3.7/site-packages/airflow/example_dags/example_branch_day_of_week_operator.py
[2022-02-21 01:06:47,030] {processor.py:654} INFO - DAG(s) dict_keys(['example_weekday_branch_operator']) retrieved from /home/airflow/.local/lib/python3.7/site-packages/airflow/example_dags/example_branch_day_of_week_operator.py
[2022-02-21 01:06:47,044] {logging_mixin.py:109} INFO - [2022-02-21 01:06:47,044] {dag.py:2396} INFO - Sync 1 DAGs
[2022-02-21 01:06:47,071] {logging_mixin.py:109} INFO - [2022-02-21 01:06:47,071] {dag.py:2935} INFO - Setting next_dagrun for example_weekday_branch_operator to 2022-02-20 00:00:00+00:00
[2022-02-21 01:06:47,084] {processor.py:171} INFO - Processing /home/airflow/.local/lib/python3.7/site-packages/airflow/example_dags/example_branch_day_of_week_operator.py took 0.102 seconds
[2022-02-21 01:07:17,112] {processor.py:163} INFO - Started process (PID=1230) to work on /home/airflow/.local/lib/python3.7/site-packages/airflow/example_dags/example_branch_day_of_week_operator.py
[2022-02-21 01:07:17,113] {processor.py:642} INFO - Processing file /home/airflow/.local/lib/python3.7/site-packages/airflow/example_dags/example_branch_day_of_week_operator.py for tasks to queue
[2022-02-21 01:07:17,114] {logging_mixin.py:109} INFO - [2022-02-21 01:07:17,114] {dagbag.py:500} INFO - Filling up the DagBag from /home/airflow/.local/lib/python3.7/site-packages/airflow/example_dags/example_branch_day_of_week_operator.py
[2022-02-21 01:07:17,147] {processor.py:654} INFO - DAG(s) dict_keys(['example_weekday_branch_operator']) retrieved from /home/airflow/.local/lib/python3.7/site-packages/airflow/example_dags/example_branch_day_of_week_operator.py
[2022-02-21 01:07:17,157] {logging_mixin.py:109} INFO - [2022-02-21 01:07:17,157] {dag.py:2396} INFO - Sync 1 DAGs
[2022-02-21 01:07:17,175] {logging_mixin.py:109} INFO - [2022-02-21 01:07:17,174] {dag.py:2935} INFO - Setting next_dagrun for example_weekday_branch_operator to 2022-02-20 00:00:00+00:00
[2022-02-21 01:07:17,185] {processor.py:171} INFO - Processing /home/airflow/.local/lib/python3.7/site-packages/airflow/example_dags/example_branch_day_of_week_operator.py took 0.076 seconds
[2022-02-21 01:07:47,658] {processor.py:163} INFO - Started process (PID=1290) to work on /home/airflow/.local/lib/python3.7/site-packages/airflow/example_dags/example_branch_day_of_week_operator.py
[2022-02-21 01:07:47,663] {processor.py:642} INFO - Processing file /home/airflow/.local/lib/python3.7/site-packages/airflow/example_dags/example_branch_day_of_week_operator.py for tasks to queue
[2022-02-21 01:07:47,664] {logging_mixin.py:109} INFO - [2022-02-21 01:07:47,664] {dagbag.py:500} INFO - Filling up the DagBag from /home/airflow/.local/lib/python3.7/site-packages/airflow/example_dags/example_branch_day_of_week_operator.py
[2022-02-21 01:07:47,697] {processor.py:654} INFO - DAG(s) dict_keys(['example_weekday_branch_operator']) retrieved from /home/airflow/.local/lib/python3.7/site-packages/airflow/example_dags/example_branch_day_of_week_operator.py
[2022-02-21 01:07:47,708] {logging_mixin.py:109} INFO - [2022-02-21 01:07:47,708] {dag.py:2396} INFO - Sync 1 DAGs
[2022-02-21 01:07:47,731] {logging_mixin.py:109} INFO - [2022-02-21 01:07:47,731] {dag.py:2935} INFO - Setting next_dagrun for example_weekday_branch_operator to 2022-02-20 00:00:00+00:00
[2022-02-21 01:07:47,745] {processor.py:171} INFO - Processing /home/airflow/.local/lib/python3.7/site-packages/airflow/example_dags/example_branch_day_of_week_operator.py took 0.090 seconds
[2022-02-21 01:08:17,847] {processor.py:163} INFO - Started process (PID=1341) to work on /home/airflow/.local/lib/python3.7/site-packages/airflow/example_dags/example_branch_day_of_week_operator.py
[2022-02-21 01:08:17,848] {processor.py:642} INFO - Processing file /home/airflow/.local/lib/python3.7/site-packages/airflow/example_dags/example_branch_day_of_week_operator.py for tasks to queue
[2022-02-21 01:08:17,849] {logging_mixin.py:109} INFO - [2022-02-21 01:08:17,849] {dagbag.py:500} INFO - Filling up the DagBag from /home/airflow/.local/lib/python3.7/site-packages/airflow/example_dags/example_branch_day_of_week_operator.py
[2022-02-21 01:08:17,879] {processor.py:654} INFO - DAG(s) dict_keys(['example_weekday_branch_operator']) retrieved from /home/airflow/.local/lib/python3.7/site-packages/airflow/example_dags/example_branch_day_of_week_operator.py
[2022-02-21 01:08:17,887] {logging_mixin.py:109} INFO - [2022-02-21 01:08:17,887] {dag.py:2396} INFO - Sync 1 DAGs
[2022-02-21 01:08:17,902] {logging_mixin.py:109} INFO - [2022-02-21 01:08:17,901] {dag.py:2935} INFO - Setting next_dagrun for example_weekday_branch_operator to 2022-02-20 00:00:00+00:00
[2022-02-21 01:08:17,911] {processor.py:171} INFO - Processing /home/airflow/.local/lib/python3.7/site-packages/airflow/example_dags/example_branch_day_of_week_operator.py took 0.070 seconds
[2022-02-21 01:08:48,025] {processor.py:163} INFO - Started process (PID=1392) to work on /home/airflow/.local/lib/python3.7/site-packages/airflow/example_dags/example_branch_day_of_week_operator.py
[2022-02-21 01:08:48,030] {processor.py:642} INFO - Processing file /home/airflow/.local/lib/python3.7/site-packages/airflow/example_dags/example_branch_day_of_week_operator.py for tasks to queue
[2022-02-21 01:08:48,031] {logging_mixin.py:109} INFO - [2022-02-21 01:08:48,031] {dagbag.py:500} INFO - Filling up the DagBag from /home/airflow/.local/lib/python3.7/site-packages/airflow/example_dags/example_branch_day_of_week_operator.py
[2022-02-21 01:08:48,068] {processor.py:654} INFO - DAG(s) dict_keys(['example_weekday_branch_operator']) retrieved from /home/airflow/.local/lib/python3.7/site-packages/airflow/example_dags/example_branch_day_of_week_operator.py
[2022-02-21 01:08:48,082] {logging_mixin.py:109} INFO - [2022-02-21 01:08:48,082] {dag.py:2396} INFO - Sync 1 DAGs
[2022-02-21 01:08:48,103] {logging_mixin.py:109} INFO - [2022-02-21 01:08:48,103] {dag.py:2935} INFO - Setting next_dagrun for example_weekday_branch_operator to 2022-02-20 00:00:00+00:00
[2022-02-21 01:08:48,117] {processor.py:171} INFO - Processing /home/airflow/.local/lib/python3.7/site-packages/airflow/example_dags/example_branch_day_of_week_operator.py took 0.096 seconds
[2022-02-21 01:09:18,461] {processor.py:163} INFO - Started process (PID=1442) to work on /home/airflow/.local/lib/python3.7/site-packages/airflow/example_dags/example_branch_day_of_week_operator.py
[2022-02-21 01:09:18,462] {processor.py:642} INFO - Processing file /home/airflow/.local/lib/python3.7/site-packages/airflow/example_dags/example_branch_day_of_week_operator.py for tasks to queue
[2022-02-21 01:09:18,462] {logging_mixin.py:109} INFO - [2022-02-21 01:09:18,462] {dagbag.py:500} INFO - Filling up the DagBag from /home/airflow/.local/lib/python3.7/site-packages/airflow/example_dags/example_branch_day_of_week_operator.py
[2022-02-21 01:09:18,499] {processor.py:654} INFO - DAG(s) dict_keys(['example_weekday_branch_operator']) retrieved from /home/airflow/.local/lib/python3.7/site-packages/airflow/example_dags/example_branch_day_of_week_operator.py
[2022-02-21 01:09:18,513] {logging_mixin.py:109} INFO - [2022-02-21 01:09:18,513] {dag.py:2396} INFO - Sync 1 DAGs
[2022-02-21 01:09:18,535] {logging_mixin.py:109} INFO - [2022-02-21 01:09:18,535] {dag.py:2935} INFO - Setting next_dagrun for example_weekday_branch_operator to 2022-02-20 00:00:00+00:00
[2022-02-21 01:09:18,549] {processor.py:171} INFO - Processing /home/airflow/.local/lib/python3.7/site-packages/airflow/example_dags/example_branch_day_of_week_operator.py took 0.093 seconds
[2022-02-21 01:09:48,785] {processor.py:163} INFO - Started process (PID=1503) to work on /home/airflow/.local/lib/python3.7/site-packages/airflow/example_dags/example_branch_day_of_week_operator.py
[2022-02-21 01:09:48,790] {processor.py:642} INFO - Processing file /home/airflow/.local/lib/python3.7/site-packages/airflow/example_dags/example_branch_day_of_week_operator.py for tasks to queue
[2022-02-21 01:09:48,790] {logging_mixin.py:109} INFO - [2022-02-21 01:09:48,790] {dagbag.py:500} INFO - Filling up the DagBag from /home/airflow/.local/lib/python3.7/site-packages/airflow/example_dags/example_branch_day_of_week_operator.py
[2022-02-21 01:09:48,825] {processor.py:654} INFO - DAG(s) dict_keys(['example_weekday_branch_operator']) retrieved from /home/airflow/.local/lib/python3.7/site-packages/airflow/example_dags/example_branch_day_of_week_operator.py
[2022-02-21 01:09:48,840] {logging_mixin.py:109} INFO - [2022-02-21 01:09:48,840] {dag.py:2396} INFO - Sync 1 DAGs
[2022-02-21 01:09:48,863] {logging_mixin.py:109} INFO - [2022-02-21 01:09:48,863] {dag.py:2935} INFO - Setting next_dagrun for example_weekday_branch_operator to 2022-02-20 00:00:00+00:00
[2022-02-21 01:09:48,875] {processor.py:171} INFO - Processing /home/airflow/.local/lib/python3.7/site-packages/airflow/example_dags/example_branch_day_of_week_operator.py took 0.095 seconds
[2022-02-21 01:10:19,096] {processor.py:163} INFO - Started process (PID=1554) to work on /home/airflow/.local/lib/python3.7/site-packages/airflow/example_dags/example_branch_day_of_week_operator.py
[2022-02-21 01:10:19,099] {processor.py:642} INFO - Processing file /home/airflow/.local/lib/python3.7/site-packages/airflow/example_dags/example_branch_day_of_week_operator.py for tasks to queue
[2022-02-21 01:10:19,102] {logging_mixin.py:109} INFO - [2022-02-21 01:10:19,101] {dagbag.py:500} INFO - Filling up the DagBag from /home/airflow/.local/lib/python3.7/site-packages/airflow/example_dags/example_branch_day_of_week_operator.py
[2022-02-21 01:10:19,210] {processor.py:654} INFO - DAG(s) dict_keys(['example_weekday_branch_operator']) retrieved from /home/airflow/.local/lib/python3.7/site-packages/airflow/example_dags/example_branch_day_of_week_operator.py
[2022-02-21 01:10:19,256] {logging_mixin.py:109} INFO - [2022-02-21 01:10:19,256] {dag.py:2396} INFO - Sync 1 DAGs
[2022-02-21 01:10:19,316] {logging_mixin.py:109} INFO - [2022-02-21 01:10:19,315] {dag.py:2935} INFO - Setting next_dagrun for example_weekday_branch_operator to 2022-02-20 00:00:00+00:00
[2022-02-21 01:10:19,534] {processor.py:171} INFO - Processing /home/airflow/.local/lib/python3.7/site-packages/airflow/example_dags/example_branch_day_of_week_operator.py took 0.450 seconds
[2022-02-21 01:10:49,759] {processor.py:163} INFO - Started process (PID=1604) to work on /home/airflow/.local/lib/python3.7/site-packages/airflow/example_dags/example_branch_day_of_week_operator.py
[2022-02-21 01:10:49,763] {processor.py:642} INFO - Processing file /home/airflow/.local/lib/python3.7/site-packages/airflow/example_dags/example_branch_day_of_week_operator.py for tasks to queue
[2022-02-21 01:10:49,764] {logging_mixin.py:109} INFO - [2022-02-21 01:10:49,764] {dagbag.py:500} INFO - Filling up the DagBag from /home/airflow/.local/lib/python3.7/site-packages/airflow/example_dags/example_branch_day_of_week_operator.py
[2022-02-21 01:10:49,838] {processor.py:654} INFO - DAG(s) dict_keys(['example_weekday_branch_operator']) retrieved from /home/airflow/.local/lib/python3.7/site-packages/airflow/example_dags/example_branch_day_of_week_operator.py
[2022-02-21 01:10:49,859] {logging_mixin.py:109} INFO - [2022-02-21 01:10:49,859] {dag.py:2396} INFO - Sync 1 DAGs
[2022-02-21 01:10:50,056] {logging_mixin.py:109} INFO - [2022-02-21 01:10:50,056] {dag.py:2935} INFO - Setting next_dagrun for example_weekday_branch_operator to 2022-02-20 00:00:00+00:00
[2022-02-21 01:10:50,078] {processor.py:171} INFO - Processing /home/airflow/.local/lib/python3.7/site-packages/airflow/example_dags/example_branch_day_of_week_operator.py took 0.326 seconds
[2022-02-21 01:11:20,368] {processor.py:163} INFO - Started process (PID=1654) to work on /home/airflow/.local/lib/python3.7/site-packages/airflow/example_dags/example_branch_day_of_week_operator.py
[2022-02-21 01:11:20,369] {processor.py:642} INFO - Processing file /home/airflow/.local/lib/python3.7/site-packages/airflow/example_dags/example_branch_day_of_week_operator.py for tasks to queue
[2022-02-21 01:11:20,370] {logging_mixin.py:109} INFO - [2022-02-21 01:11:20,370] {dagbag.py:500} INFO - Filling up the DagBag from /home/airflow/.local/lib/python3.7/site-packages/airflow/example_dags/example_branch_day_of_week_operator.py
[2022-02-21 01:11:20,404] {processor.py:654} INFO - DAG(s) dict_keys(['example_weekday_branch_operator']) retrieved from /home/airflow/.local/lib/python3.7/site-packages/airflow/example_dags/example_branch_day_of_week_operator.py
[2022-02-21 01:11:20,417] {logging_mixin.py:109} INFO - [2022-02-21 01:11:20,417] {dag.py:2396} INFO - Sync 1 DAGs
[2022-02-21 01:11:20,526] {logging_mixin.py:109} INFO - [2022-02-21 01:11:20,526] {dag.py:2935} INFO - Setting next_dagrun for example_weekday_branch_operator to 2022-02-20 00:00:00+00:00
[2022-02-21 01:11:20,536] {processor.py:171} INFO - Processing /home/airflow/.local/lib/python3.7/site-packages/airflow/example_dags/example_branch_day_of_week_operator.py took 0.172 seconds
[2022-02-21 01:11:51,364] {processor.py:163} INFO - Started process (PID=1704) to work on /home/airflow/.local/lib/python3.7/site-packages/airflow/example_dags/example_branch_day_of_week_operator.py
[2022-02-21 01:11:51,366] {processor.py:642} INFO - Processing file /home/airflow/.local/lib/python3.7/site-packages/airflow/example_dags/example_branch_day_of_week_operator.py for tasks to queue
[2022-02-21 01:11:51,367] {logging_mixin.py:109} INFO - [2022-02-21 01:11:51,367] {dagbag.py:500} INFO - Filling up the DagBag from /home/airflow/.local/lib/python3.7/site-packages/airflow/example_dags/example_branch_day_of_week_operator.py
[2022-02-21 01:11:51,420] {processor.py:654} INFO - DAG(s) dict_keys(['example_weekday_branch_operator']) retrieved from /home/airflow/.local/lib/python3.7/site-packages/airflow/example_dags/example_branch_day_of_week_operator.py
[2022-02-21 01:11:51,437] {logging_mixin.py:109} INFO - [2022-02-21 01:11:51,437] {dag.py:2396} INFO - Sync 1 DAGs
[2022-02-21 01:11:51,609] {logging_mixin.py:109} INFO - [2022-02-21 01:11:51,609] {dag.py:2935} INFO - Setting next_dagrun for example_weekday_branch_operator to 2022-02-20 00:00:00+00:00
[2022-02-21 01:11:51,627] {processor.py:171} INFO - Processing /home/airflow/.local/lib/python3.7/site-packages/airflow/example_dags/example_branch_day_of_week_operator.py took 0.270 seconds
[2022-02-21 01:12:21,777] {processor.py:163} INFO - Started process (PID=1756) to work on /home/airflow/.local/lib/python3.7/site-packages/airflow/example_dags/example_branch_day_of_week_operator.py
[2022-02-21 01:12:21,779] {processor.py:642} INFO - Processing file /home/airflow/.local/lib/python3.7/site-packages/airflow/example_dags/example_branch_day_of_week_operator.py for tasks to queue
[2022-02-21 01:12:21,780] {logging_mixin.py:109} INFO - [2022-02-21 01:12:21,780] {dagbag.py:500} INFO - Filling up the DagBag from /home/airflow/.local/lib/python3.7/site-packages/airflow/example_dags/example_branch_day_of_week_operator.py
[2022-02-21 01:12:21,835] {processor.py:654} INFO - DAG(s) dict_keys(['example_weekday_branch_operator']) retrieved from /home/airflow/.local/lib/python3.7/site-packages/airflow/example_dags/example_branch_day_of_week_operator.py
[2022-02-21 01:12:21,857] {logging_mixin.py:109} INFO - [2022-02-21 01:12:21,857] {dag.py:2396} INFO - Sync 1 DAGs
[2022-02-21 01:12:22,007] {logging_mixin.py:109} INFO - [2022-02-21 01:12:22,006] {dag.py:2935} INFO - Setting next_dagrun for example_weekday_branch_operator to 2022-02-20 00:00:00+00:00
[2022-02-21 01:12:22,021] {processor.py:171} INFO - Processing /home/airflow/.local/lib/python3.7/site-packages/airflow/example_dags/example_branch_day_of_week_operator.py took 0.250 seconds
[2022-02-21 01:12:52,247] {processor.py:163} INFO - Started process (PID=1817) to work on /home/airflow/.local/lib/python3.7/site-packages/airflow/example_dags/example_branch_day_of_week_operator.py
[2022-02-21 01:12:52,249] {processor.py:642} INFO - Processing file /home/airflow/.local/lib/python3.7/site-packages/airflow/example_dags/example_branch_day_of_week_operator.py for tasks to queue
[2022-02-21 01:12:52,250] {logging_mixin.py:109} INFO - [2022-02-21 01:12:52,250] {dagbag.py:500} INFO - Filling up the DagBag from /home/airflow/.local/lib/python3.7/site-packages/airflow/example_dags/example_branch_day_of_week_operator.py
[2022-02-21 01:12:52,419] {processor.py:654} INFO - DAG(s) dict_keys(['example_weekday_branch_operator']) retrieved from /home/airflow/.local/lib/python3.7/site-packages/airflow/example_dags/example_branch_day_of_week_operator.py
[2022-02-21 01:12:52,431] {logging_mixin.py:109} INFO - [2022-02-21 01:12:52,431] {dag.py:2396} INFO - Sync 1 DAGs
[2022-02-21 01:12:52,454] {logging_mixin.py:109} INFO - [2022-02-21 01:12:52,454] {dag.py:2935} INFO - Setting next_dagrun for example_weekday_branch_operator to 2022-02-20 00:00:00+00:00
[2022-02-21 01:12:52,468] {processor.py:171} INFO - Processing /home/airflow/.local/lib/python3.7/site-packages/airflow/example_dags/example_branch_day_of_week_operator.py took 0.226 seconds
[2022-02-21 01:13:22,822] {processor.py:163} INFO - Started process (PID=1868) to work on /home/airflow/.local/lib/python3.7/site-packages/airflow/example_dags/example_branch_day_of_week_operator.py
[2022-02-21 01:13:22,823] {processor.py:642} INFO - Processing file /home/airflow/.local/lib/python3.7/site-packages/airflow/example_dags/example_branch_day_of_week_operator.py for tasks to queue
[2022-02-21 01:13:22,823] {logging_mixin.py:109} INFO - [2022-02-21 01:13:22,823] {dagbag.py:500} INFO - Filling up the DagBag from /home/airflow/.local/lib/python3.7/site-packages/airflow/example_dags/example_branch_day_of_week_operator.py
[2022-02-21 01:13:22,936] {processor.py:654} INFO - DAG(s) dict_keys(['example_weekday_branch_operator']) retrieved from /home/airflow/.local/lib/python3.7/site-packages/airflow/example_dags/example_branch_day_of_week_operator.py
[2022-02-21 01:13:22,944] {logging_mixin.py:109} INFO - [2022-02-21 01:13:22,944] {dag.py:2396} INFO - Sync 1 DAGs
[2022-02-21 01:13:22,959] {logging_mixin.py:109} INFO - [2022-02-21 01:13:22,959] {dag.py:2935} INFO - Setting next_dagrun for example_weekday_branch_operator to 2022-02-20 00:00:00+00:00
[2022-02-21 01:13:22,969] {processor.py:171} INFO - Processing /home/airflow/.local/lib/python3.7/site-packages/airflow/example_dags/example_branch_day_of_week_operator.py took 0.151 seconds
[2022-02-21 01:13:53,396] {processor.py:163} INFO - Started process (PID=1919) to work on /home/airflow/.local/lib/python3.7/site-packages/airflow/example_dags/example_branch_day_of_week_operator.py
[2022-02-21 01:13:53,398] {processor.py:642} INFO - Processing file /home/airflow/.local/lib/python3.7/site-packages/airflow/example_dags/example_branch_day_of_week_operator.py for tasks to queue
[2022-02-21 01:13:53,398] {logging_mixin.py:109} INFO - [2022-02-21 01:13:53,398] {dagbag.py:500} INFO - Filling up the DagBag from /home/airflow/.local/lib/python3.7/site-packages/airflow/example_dags/example_branch_day_of_week_operator.py
[2022-02-21 01:13:53,524] {processor.py:654} INFO - DAG(s) dict_keys(['example_weekday_branch_operator']) retrieved from /home/airflow/.local/lib/python3.7/site-packages/airflow/example_dags/example_branch_day_of_week_operator.py
[2022-02-21 01:13:53,535] {logging_mixin.py:109} INFO - [2022-02-21 01:13:53,535] {dag.py:2396} INFO - Sync 1 DAGs
[2022-02-21 01:13:53,555] {logging_mixin.py:109} INFO - [2022-02-21 01:13:53,554] {dag.py:2935} INFO - Setting next_dagrun for example_weekday_branch_operator to 2022-02-20 00:00:00+00:00
[2022-02-21 01:13:53,571] {processor.py:171} INFO - Processing /home/airflow/.local/lib/python3.7/site-packages/airflow/example_dags/example_branch_day_of_week_operator.py took 0.179 seconds
[2022-02-21 01:14:23,979] {processor.py:163} INFO - Started process (PID=1970) to work on /home/airflow/.local/lib/python3.7/site-packages/airflow/example_dags/example_branch_day_of_week_operator.py
[2022-02-21 01:14:23,981] {processor.py:642} INFO - Processing file /home/airflow/.local/lib/python3.7/site-packages/airflow/example_dags/example_branch_day_of_week_operator.py for tasks to queue
[2022-02-21 01:14:23,982] {logging_mixin.py:109} INFO - [2022-02-21 01:14:23,982] {dagbag.py:500} INFO - Filling up the DagBag from /home/airflow/.local/lib/python3.7/site-packages/airflow/example_dags/example_branch_day_of_week_operator.py
[2022-02-21 01:14:24,139] {processor.py:654} INFO - DAG(s) dict_keys(['example_weekday_branch_operator']) retrieved from /home/airflow/.local/lib/python3.7/site-packages/airflow/example_dags/example_branch_day_of_week_operator.py
[2022-02-21 01:14:24,151] {logging_mixin.py:109} INFO - [2022-02-21 01:14:24,150] {dag.py:2396} INFO - Sync 1 DAGs
[2022-02-21 01:14:24,174] {logging_mixin.py:109} INFO - [2022-02-21 01:14:24,173] {dag.py:2935} INFO - Setting next_dagrun for example_weekday_branch_operator to 2022-02-20 00:00:00+00:00
[2022-02-21 01:14:24,187] {processor.py:171} INFO - Processing /home/airflow/.local/lib/python3.7/site-packages/airflow/example_dags/example_branch_day_of_week_operator.py took 0.214 seconds
[2022-02-21 01:14:54,448] {processor.py:163} INFO - Started process (PID=2021) to work on /home/airflow/.local/lib/python3.7/site-packages/airflow/example_dags/example_branch_day_of_week_operator.py
[2022-02-21 01:14:54,450] {processor.py:642} INFO - Processing file /home/airflow/.local/lib/python3.7/site-packages/airflow/example_dags/example_branch_day_of_week_operator.py for tasks to queue
[2022-02-21 01:14:54,450] {logging_mixin.py:109} INFO - [2022-02-21 01:14:54,450] {dagbag.py:500} INFO - Filling up the DagBag from /home/airflow/.local/lib/python3.7/site-packages/airflow/example_dags/example_branch_day_of_week_operator.py
[2022-02-21 01:14:54,488] {processor.py:654} INFO - DAG(s) dict_keys(['example_weekday_branch_operator']) retrieved from /home/airflow/.local/lib/python3.7/site-packages/airflow/example_dags/example_branch_day_of_week_operator.py
[2022-02-21 01:14:54,500] {logging_mixin.py:109} INFO - [2022-02-21 01:14:54,500] {dag.py:2396} INFO - Sync 1 DAGs
[2022-02-21 01:14:54,523] {logging_mixin.py:109} INFO - [2022-02-21 01:14:54,522] {dag.py:2935} INFO - Setting next_dagrun for example_weekday_branch_operator to 2022-02-20 00:00:00+00:00
[2022-02-21 01:14:54,538] {processor.py:171} INFO - Processing /home/airflow/.local/lib/python3.7/site-packages/airflow/example_dags/example_branch_day_of_week_operator.py took 0.094 seconds
[2022-02-21 01:15:24,804] {processor.py:163} INFO - Started process (PID=2080) to work on /home/airflow/.local/lib/python3.7/site-packages/airflow/example_dags/example_branch_day_of_week_operator.py
[2022-02-21 01:15:24,815] {processor.py:642} INFO - Processing file /home/airflow/.local/lib/python3.7/site-packages/airflow/example_dags/example_branch_day_of_week_operator.py for tasks to queue
[2022-02-21 01:15:24,817] {logging_mixin.py:109} INFO - [2022-02-21 01:15:24,817] {dagbag.py:500} INFO - Filling up the DagBag from /home/airflow/.local/lib/python3.7/site-packages/airflow/example_dags/example_branch_day_of_week_operator.py
[2022-02-21 01:15:24,947] {processor.py:654} INFO - DAG(s) dict_keys(['example_weekday_branch_operator']) retrieved from /home/airflow/.local/lib/python3.7/site-packages/airflow/example_dags/example_branch_day_of_week_operator.py
[2022-02-21 01:15:24,979] {logging_mixin.py:109} INFO - [2022-02-21 01:15:24,979] {dag.py:2396} INFO - Sync 1 DAGs
[2022-02-21 01:15:25,067] {logging_mixin.py:109} INFO - [2022-02-21 01:15:25,067] {dag.py:2935} INFO - Setting next_dagrun for example_weekday_branch_operator to 2022-02-20 00:00:00+00:00
[2022-02-21 01:15:25,115] {processor.py:171} INFO - Processing /home/airflow/.local/lib/python3.7/site-packages/airflow/example_dags/example_branch_day_of_week_operator.py took 0.324 seconds
[2022-02-21 01:15:55,424] {processor.py:163} INFO - Started process (PID=2122) to work on /home/airflow/.local/lib/python3.7/site-packages/airflow/example_dags/example_branch_day_of_week_operator.py
[2022-02-21 01:15:55,427] {processor.py:642} INFO - Processing file /home/airflow/.local/lib/python3.7/site-packages/airflow/example_dags/example_branch_day_of_week_operator.py for tasks to queue
[2022-02-21 01:15:55,428] {logging_mixin.py:109} INFO - [2022-02-21 01:15:55,428] {dagbag.py:500} INFO - Filling up the DagBag from /home/airflow/.local/lib/python3.7/site-packages/airflow/example_dags/example_branch_day_of_week_operator.py
[2022-02-21 01:15:55,535] {processor.py:654} INFO - DAG(s) dict_keys(['example_weekday_branch_operator']) retrieved from /home/airflow/.local/lib/python3.7/site-packages/airflow/example_dags/example_branch_day_of_week_operator.py
[2022-02-21 01:15:55,566] {logging_mixin.py:109} INFO - [2022-02-21 01:15:55,566] {dag.py:2396} INFO - Sync 1 DAGs
[2022-02-21 01:15:55,614] {logging_mixin.py:109} INFO - [2022-02-21 01:15:55,614] {dag.py:2935} INFO - Setting next_dagrun for example_weekday_branch_operator to 2022-02-20 00:00:00+00:00
[2022-02-21 01:15:55,657] {processor.py:171} INFO - Processing /home/airflow/.local/lib/python3.7/site-packages/airflow/example_dags/example_branch_day_of_week_operator.py took 0.241 seconds
[2022-02-21 01:16:26,613] {processor.py:163} INFO - Started process (PID=2174) to work on /home/airflow/.local/lib/python3.7/site-packages/airflow/example_dags/example_branch_day_of_week_operator.py
[2022-02-21 01:16:26,616] {processor.py:642} INFO - Processing file /home/airflow/.local/lib/python3.7/site-packages/airflow/example_dags/example_branch_day_of_week_operator.py for tasks to queue
[2022-02-21 01:16:26,618] {logging_mixin.py:109} INFO - [2022-02-21 01:16:26,618] {dagbag.py:500} INFO - Filling up the DagBag from /home/airflow/.local/lib/python3.7/site-packages/airflow/example_dags/example_branch_day_of_week_operator.py
[2022-02-21 01:16:26,710] {processor.py:654} INFO - DAG(s) dict_keys(['example_weekday_branch_operator']) retrieved from /home/airflow/.local/lib/python3.7/site-packages/airflow/example_dags/example_branch_day_of_week_operator.py
[2022-02-21 01:16:26,744] {logging_mixin.py:109} INFO - [2022-02-21 01:16:26,744] {dag.py:2396} INFO - Sync 1 DAGs
[2022-02-21 01:16:26,794] {logging_mixin.py:109} INFO - [2022-02-21 01:16:26,793] {dag.py:2935} INFO - Setting next_dagrun for example_weekday_branch_operator to 2022-02-20 00:00:00+00:00
[2022-02-21 01:16:26,821] {processor.py:171} INFO - Processing /home/airflow/.local/lib/python3.7/site-packages/airflow/example_dags/example_branch_day_of_week_operator.py took 0.220 seconds
[2022-02-21 01:16:57,525] {processor.py:163} INFO - Started process (PID=2225) to work on /home/airflow/.local/lib/python3.7/site-packages/airflow/example_dags/example_branch_day_of_week_operator.py
[2022-02-21 01:16:57,527] {processor.py:642} INFO - Processing file /home/airflow/.local/lib/python3.7/site-packages/airflow/example_dags/example_branch_day_of_week_operator.py for tasks to queue
[2022-02-21 01:16:57,529] {logging_mixin.py:109} INFO - [2022-02-21 01:16:57,529] {dagbag.py:500} INFO - Filling up the DagBag from /home/airflow/.local/lib/python3.7/site-packages/airflow/example_dags/example_branch_day_of_week_operator.py
[2022-02-21 01:16:57,587] {processor.py:654} INFO - DAG(s) dict_keys(['example_weekday_branch_operator']) retrieved from /home/airflow/.local/lib/python3.7/site-packages/airflow/example_dags/example_branch_day_of_week_operator.py
[2022-02-21 01:16:57,604] {logging_mixin.py:109} INFO - [2022-02-21 01:16:57,604] {dag.py:2396} INFO - Sync 1 DAGs
[2022-02-21 01:16:57,649] {logging_mixin.py:109} INFO - [2022-02-21 01:16:57,649] {dag.py:2935} INFO - Setting next_dagrun for example_weekday_branch_operator to 2022-02-20 00:00:00+00:00
[2022-02-21 01:16:57,675] {processor.py:171} INFO - Processing /home/airflow/.local/lib/python3.7/site-packages/airflow/example_dags/example_branch_day_of_week_operator.py took 0.156 seconds
[2022-02-21 01:17:27,792] {processor.py:163} INFO - Started process (PID=2276) to work on /home/airflow/.local/lib/python3.7/site-packages/airflow/example_dags/example_branch_day_of_week_operator.py
[2022-02-21 01:17:27,794] {processor.py:642} INFO - Processing file /home/airflow/.local/lib/python3.7/site-packages/airflow/example_dags/example_branch_day_of_week_operator.py for tasks to queue
[2022-02-21 01:17:27,795] {logging_mixin.py:109} INFO - [2022-02-21 01:17:27,794] {dagbag.py:500} INFO - Filling up the DagBag from /home/airflow/.local/lib/python3.7/site-packages/airflow/example_dags/example_branch_day_of_week_operator.py
[2022-02-21 01:17:27,840] {processor.py:654} INFO - DAG(s) dict_keys(['example_weekday_branch_operator']) retrieved from /home/airflow/.local/lib/python3.7/site-packages/airflow/example_dags/example_branch_day_of_week_operator.py
[2022-02-21 01:17:27,853] {logging_mixin.py:109} INFO - [2022-02-21 01:17:27,853] {dag.py:2396} INFO - Sync 1 DAGs
[2022-02-21 01:17:27,878] {logging_mixin.py:109} INFO - [2022-02-21 01:17:27,877] {dag.py:2935} INFO - Setting next_dagrun for example_weekday_branch_operator to 2022-02-20 00:00:00+00:00
[2022-02-21 01:17:27,891] {processor.py:171} INFO - Processing /home/airflow/.local/lib/python3.7/site-packages/airflow/example_dags/example_branch_day_of_week_operator.py took 0.104 seconds
[2022-02-21 01:17:58,268] {processor.py:163} INFO - Started process (PID=2335) to work on /home/airflow/.local/lib/python3.7/site-packages/airflow/example_dags/example_branch_day_of_week_operator.py
[2022-02-21 01:17:58,269] {processor.py:642} INFO - Processing file /home/airflow/.local/lib/python3.7/site-packages/airflow/example_dags/example_branch_day_of_week_operator.py for tasks to queue
[2022-02-21 01:17:58,270] {logging_mixin.py:109} INFO - [2022-02-21 01:17:58,270] {dagbag.py:500} INFO - Filling up the DagBag from /home/airflow/.local/lib/python3.7/site-packages/airflow/example_dags/example_branch_day_of_week_operator.py
[2022-02-21 01:17:58,325] {processor.py:654} INFO - DAG(s) dict_keys(['example_weekday_branch_operator']) retrieved from /home/airflow/.local/lib/python3.7/site-packages/airflow/example_dags/example_branch_day_of_week_operator.py
[2022-02-21 01:17:58,341] {logging_mixin.py:109} INFO - [2022-02-21 01:17:58,340] {dag.py:2396} INFO - Sync 1 DAGs
[2022-02-21 01:17:58,373] {logging_mixin.py:109} INFO - [2022-02-21 01:17:58,373] {dag.py:2935} INFO - Setting next_dagrun for example_weekday_branch_operator to 2022-02-20 00:00:00+00:00
[2022-02-21 01:17:58,389] {processor.py:171} INFO - Processing /home/airflow/.local/lib/python3.7/site-packages/airflow/example_dags/example_branch_day_of_week_operator.py took 0.126 seconds
[2022-02-21 01:18:28,467] {processor.py:163} INFO - Started process (PID=2386) to work on /home/airflow/.local/lib/python3.7/site-packages/airflow/example_dags/example_branch_day_of_week_operator.py
[2022-02-21 01:18:28,468] {processor.py:642} INFO - Processing file /home/airflow/.local/lib/python3.7/site-packages/airflow/example_dags/example_branch_day_of_week_operator.py for tasks to queue
[2022-02-21 01:18:28,469] {logging_mixin.py:109} INFO - [2022-02-21 01:18:28,469] {dagbag.py:500} INFO - Filling up the DagBag from /home/airflow/.local/lib/python3.7/site-packages/airflow/example_dags/example_branch_day_of_week_operator.py
[2022-02-21 01:18:28,495] {processor.py:654} INFO - DAG(s) dict_keys(['example_weekday_branch_operator']) retrieved from /home/airflow/.local/lib/python3.7/site-packages/airflow/example_dags/example_branch_day_of_week_operator.py
[2022-02-21 01:18:28,503] {logging_mixin.py:109} INFO - [2022-02-21 01:18:28,503] {dag.py:2396} INFO - Sync 1 DAGs
[2022-02-21 01:18:28,517] {logging_mixin.py:109} INFO - [2022-02-21 01:18:28,516] {dag.py:2935} INFO - Setting next_dagrun for example_weekday_branch_operator to 2022-02-20 00:00:00+00:00
[2022-02-21 01:18:28,525] {processor.py:171} INFO - Processing /home/airflow/.local/lib/python3.7/site-packages/airflow/example_dags/example_branch_day_of_week_operator.py took 0.061 seconds
[2022-02-21 01:18:58,575] {processor.py:163} INFO - Started process (PID=2435) to work on /home/airflow/.local/lib/python3.7/site-packages/airflow/example_dags/example_branch_day_of_week_operator.py
[2022-02-21 01:18:58,576] {processor.py:642} INFO - Processing file /home/airflow/.local/lib/python3.7/site-packages/airflow/example_dags/example_branch_day_of_week_operator.py for tasks to queue
[2022-02-21 01:18:58,577] {logging_mixin.py:109} INFO - [2022-02-21 01:18:58,577] {dagbag.py:500} INFO - Filling up the DagBag from /home/airflow/.local/lib/python3.7/site-packages/airflow/example_dags/example_branch_day_of_week_operator.py
[2022-02-21 01:18:58,606] {processor.py:654} INFO - DAG(s) dict_keys(['example_weekday_branch_operator']) retrieved from /home/airflow/.local/lib/python3.7/site-packages/airflow/example_dags/example_branch_day_of_week_operator.py
[2022-02-21 01:18:58,615] {logging_mixin.py:109} INFO - [2022-02-21 01:18:58,615] {dag.py:2396} INFO - Sync 1 DAGs
[2022-02-21 01:18:58,637] {logging_mixin.py:109} INFO - [2022-02-21 01:18:58,636] {dag.py:2935} INFO - Setting next_dagrun for example_weekday_branch_operator to 2022-02-20 00:00:00+00:00
[2022-02-21 01:18:58,647] {processor.py:171} INFO - Processing /home/airflow/.local/lib/python3.7/site-packages/airflow/example_dags/example_branch_day_of_week_operator.py took 0.077 seconds
[2022-02-21 01:19:28,708] {processor.py:163} INFO - Started process (PID=2495) to work on /home/airflow/.local/lib/python3.7/site-packages/airflow/example_dags/example_branch_day_of_week_operator.py
[2022-02-21 01:19:28,710] {processor.py:642} INFO - Processing file /home/airflow/.local/lib/python3.7/site-packages/airflow/example_dags/example_branch_day_of_week_operator.py for tasks to queue
[2022-02-21 01:19:28,710] {logging_mixin.py:109} INFO - [2022-02-21 01:19:28,710] {dagbag.py:500} INFO - Filling up the DagBag from /home/airflow/.local/lib/python3.7/site-packages/airflow/example_dags/example_branch_day_of_week_operator.py
[2022-02-21 01:19:28,747] {processor.py:654} INFO - DAG(s) dict_keys(['example_weekday_branch_operator']) retrieved from /home/airflow/.local/lib/python3.7/site-packages/airflow/example_dags/example_branch_day_of_week_operator.py
[2022-02-21 01:19:28,759] {logging_mixin.py:109} INFO - [2022-02-21 01:19:28,758] {dag.py:2396} INFO - Sync 1 DAGs
[2022-02-21 01:19:28,782] {logging_mixin.py:109} INFO - [2022-02-21 01:19:28,781] {dag.py:2935} INFO - Setting next_dagrun for example_weekday_branch_operator to 2022-02-20 00:00:00+00:00
[2022-02-21 01:19:28,794] {processor.py:171} INFO - Processing /home/airflow/.local/lib/python3.7/site-packages/airflow/example_dags/example_branch_day_of_week_operator.py took 0.090 seconds
[2022-02-21 01:19:58,910] {processor.py:163} INFO - Started process (PID=2545) to work on /home/airflow/.local/lib/python3.7/site-packages/airflow/example_dags/example_branch_day_of_week_operator.py
[2022-02-21 01:19:58,911] {processor.py:642} INFO - Processing file /home/airflow/.local/lib/python3.7/site-packages/airflow/example_dags/example_branch_day_of_week_operator.py for tasks to queue
[2022-02-21 01:19:58,912] {logging_mixin.py:109} INFO - [2022-02-21 01:19:58,912] {dagbag.py:500} INFO - Filling up the DagBag from /home/airflow/.local/lib/python3.7/site-packages/airflow/example_dags/example_branch_day_of_week_operator.py
[2022-02-21 01:19:58,938] {processor.py:654} INFO - DAG(s) dict_keys(['example_weekday_branch_operator']) retrieved from /home/airflow/.local/lib/python3.7/site-packages/airflow/example_dags/example_branch_day_of_week_operator.py
[2022-02-21 01:19:58,946] {logging_mixin.py:109} INFO - [2022-02-21 01:19:58,946] {dag.py:2396} INFO - Sync 1 DAGs
[2022-02-21 01:19:58,962] {logging_mixin.py:109} INFO - [2022-02-21 01:19:58,962] {dag.py:2935} INFO - Setting next_dagrun for example_weekday_branch_operator to 2022-02-20 00:00:00+00:00
[2022-02-21 01:19:58,971] {processor.py:171} INFO - Processing /home/airflow/.local/lib/python3.7/site-packages/airflow/example_dags/example_branch_day_of_week_operator.py took 0.064 seconds
[2022-02-21 01:20:29,273] {processor.py:163} INFO - Started process (PID=2596) to work on /home/airflow/.local/lib/python3.7/site-packages/airflow/example_dags/example_branch_day_of_week_operator.py
[2022-02-21 01:20:29,277] {processor.py:642} INFO - Processing file /home/airflow/.local/lib/python3.7/site-packages/airflow/example_dags/example_branch_day_of_week_operator.py for tasks to queue
[2022-02-21 01:20:29,280] {logging_mixin.py:109} INFO - [2022-02-21 01:20:29,279] {dagbag.py:500} INFO - Filling up the DagBag from /home/airflow/.local/lib/python3.7/site-packages/airflow/example_dags/example_branch_day_of_week_operator.py
[2022-02-21 01:20:29,423] {processor.py:654} INFO - DAG(s) dict_keys(['example_weekday_branch_operator']) retrieved from /home/airflow/.local/lib/python3.7/site-packages/airflow/example_dags/example_branch_day_of_week_operator.py
[2022-02-21 01:20:29,493] {logging_mixin.py:109} INFO - [2022-02-21 01:20:29,492] {dag.py:2396} INFO - Sync 1 DAGs
[2022-02-21 01:20:29,562] {logging_mixin.py:109} INFO - [2022-02-21 01:20:29,561] {dag.py:2935} INFO - Setting next_dagrun for example_weekday_branch_operator to 2022-02-20 00:00:00+00:00
[2022-02-21 01:20:29,608] {processor.py:171} INFO - Processing /home/airflow/.local/lib/python3.7/site-packages/airflow/example_dags/example_branch_day_of_week_operator.py took 0.347 seconds
[2022-02-21 01:21:00,174] {processor.py:163} INFO - Started process (PID=2646) to work on /home/airflow/.local/lib/python3.7/site-packages/airflow/example_dags/example_branch_day_of_week_operator.py
[2022-02-21 01:21:00,176] {processor.py:642} INFO - Processing file /home/airflow/.local/lib/python3.7/site-packages/airflow/example_dags/example_branch_day_of_week_operator.py for tasks to queue
[2022-02-21 01:21:00,177] {logging_mixin.py:109} INFO - [2022-02-21 01:21:00,177] {dagbag.py:500} INFO - Filling up the DagBag from /home/airflow/.local/lib/python3.7/site-packages/airflow/example_dags/example_branch_day_of_week_operator.py
[2022-02-21 01:21:00,222] {processor.py:654} INFO - DAG(s) dict_keys(['example_weekday_branch_operator']) retrieved from /home/airflow/.local/lib/python3.7/site-packages/airflow/example_dags/example_branch_day_of_week_operator.py
[2022-02-21 01:21:00,235] {logging_mixin.py:109} INFO - [2022-02-21 01:21:00,235] {dag.py:2396} INFO - Sync 1 DAGs
[2022-02-21 01:21:00,259] {logging_mixin.py:109} INFO - [2022-02-21 01:21:00,259] {dag.py:2935} INFO - Setting next_dagrun for example_weekday_branch_operator to 2022-02-20 00:00:00+00:00
[2022-02-21 01:21:00,273] {processor.py:171} INFO - Processing /home/airflow/.local/lib/python3.7/site-packages/airflow/example_dags/example_branch_day_of_week_operator.py took 0.103 seconds
[2022-02-21 01:21:30,434] {processor.py:163} INFO - Started process (PID=2696) to work on /home/airflow/.local/lib/python3.7/site-packages/airflow/example_dags/example_branch_day_of_week_operator.py
[2022-02-21 01:21:30,436] {processor.py:642} INFO - Processing file /home/airflow/.local/lib/python3.7/site-packages/airflow/example_dags/example_branch_day_of_week_operator.py for tasks to queue
[2022-02-21 01:21:30,436] {logging_mixin.py:109} INFO - [2022-02-21 01:21:30,436] {dagbag.py:500} INFO - Filling up the DagBag from /home/airflow/.local/lib/python3.7/site-packages/airflow/example_dags/example_branch_day_of_week_operator.py
[2022-02-21 01:21:30,480] {processor.py:654} INFO - DAG(s) dict_keys(['example_weekday_branch_operator']) retrieved from /home/airflow/.local/lib/python3.7/site-packages/airflow/example_dags/example_branch_day_of_week_operator.py
[2022-02-21 01:21:30,494] {logging_mixin.py:109} INFO - [2022-02-21 01:21:30,494] {dag.py:2396} INFO - Sync 1 DAGs
[2022-02-21 01:21:30,521] {logging_mixin.py:109} INFO - [2022-02-21 01:21:30,521] {dag.py:2935} INFO - Setting next_dagrun for example_weekday_branch_operator to 2022-02-20 00:00:00+00:00
[2022-02-21 01:21:30,536] {processor.py:171} INFO - Processing /home/airflow/.local/lib/python3.7/site-packages/airflow/example_dags/example_branch_day_of_week_operator.py took 0.107 seconds
