[2022-02-21 00:58:37,881] {processor.py:163} INFO - Started process (PID=232) to work on /home/airflow/.local/lib/python3.7/site-packages/airflow/example_dags/example_branch_operator.py
[2022-02-21 00:58:37,884] {processor.py:642} INFO - Processing file /home/airflow/.local/lib/python3.7/site-packages/airflow/example_dags/example_branch_operator.py for tasks to queue
[2022-02-21 00:58:37,886] {logging_mixin.py:109} INFO - [2022-02-21 00:58:37,885] {dagbag.py:500} INFO - Filling up the DagBag from /home/airflow/.local/lib/python3.7/site-packages/airflow/example_dags/example_branch_operator.py
[2022-02-21 00:58:38,025] {processor.py:654} INFO - DAG(s) dict_keys(['example_branch_operator']) retrieved from /home/airflow/.local/lib/python3.7/site-packages/airflow/example_dags/example_branch_operator.py
[2022-02-21 00:58:43,491] {logging_mixin.py:109} INFO - [2022-02-21 00:58:43,491] {manager.py:496} INFO - Created Permission View: can edit on DAG:example_branch_operator
[2022-02-21 00:58:43,520] {logging_mixin.py:109} INFO - [2022-02-21 00:58:43,520] {manager.py:496} INFO - Created Permission View: can read on DAG:example_branch_operator
[2022-02-21 00:58:43,522] {logging_mixin.py:109} INFO - [2022-02-21 00:58:43,521] {dag.py:2396} INFO - Sync 1 DAGs
[2022-02-21 00:58:43,549] {logging_mixin.py:109} INFO - [2022-02-21 00:58:43,547] {dag.py:2415} INFO - Creating ORM DAG for example_branch_operator
[2022-02-21 00:58:43,587] {logging_mixin.py:109} INFO - [2022-02-21 00:58:43,587] {dag.py:2935} INFO - Setting next_dagrun for example_branch_operator to 2022-02-20 00:00:00+00:00
[2022-02-21 00:58:43,634] {processor.py:171} INFO - Processing /home/airflow/.local/lib/python3.7/site-packages/airflow/example_dags/example_branch_operator.py took 5.762 seconds
[2022-02-21 00:59:13,730] {processor.py:163} INFO - Started process (PID=396) to work on /home/airflow/.local/lib/python3.7/site-packages/airflow/example_dags/example_branch_operator.py
[2022-02-21 00:59:13,731] {processor.py:642} INFO - Processing file /home/airflow/.local/lib/python3.7/site-packages/airflow/example_dags/example_branch_operator.py for tasks to queue
[2022-02-21 00:59:13,732] {logging_mixin.py:109} INFO - [2022-02-21 00:59:13,732] {dagbag.py:500} INFO - Filling up the DagBag from /home/airflow/.local/lib/python3.7/site-packages/airflow/example_dags/example_branch_operator.py
[2022-02-21 00:59:13,768] {processor.py:654} INFO - DAG(s) dict_keys(['example_branch_operator']) retrieved from /home/airflow/.local/lib/python3.7/site-packages/airflow/example_dags/example_branch_operator.py
[2022-02-21 00:59:13,783] {logging_mixin.py:109} INFO - [2022-02-21 00:59:13,782] {dag.py:2396} INFO - Sync 1 DAGs
[2022-02-21 00:59:13,804] {logging_mixin.py:109} INFO - [2022-02-21 00:59:13,804] {dag.py:2935} INFO - Setting next_dagrun for example_branch_operator to 2022-02-20 00:00:00+00:00
[2022-02-21 00:59:13,815] {processor.py:171} INFO - Processing /home/airflow/.local/lib/python3.7/site-packages/airflow/example_dags/example_branch_operator.py took 0.090 seconds
[2022-02-21 00:59:44,509] {processor.py:163} INFO - Started process (PID=448) to work on /home/airflow/.local/lib/python3.7/site-packages/airflow/example_dags/example_branch_operator.py
[2022-02-21 00:59:44,510] {processor.py:642} INFO - Processing file /home/airflow/.local/lib/python3.7/site-packages/airflow/example_dags/example_branch_operator.py for tasks to queue
[2022-02-21 00:59:44,512] {logging_mixin.py:109} INFO - [2022-02-21 00:59:44,512] {dagbag.py:500} INFO - Filling up the DagBag from /home/airflow/.local/lib/python3.7/site-packages/airflow/example_dags/example_branch_operator.py
[2022-02-21 00:59:44,566] {processor.py:654} INFO - DAG(s) dict_keys(['example_branch_operator']) retrieved from /home/airflow/.local/lib/python3.7/site-packages/airflow/example_dags/example_branch_operator.py
[2022-02-21 00:59:44,587] {logging_mixin.py:109} INFO - [2022-02-21 00:59:44,586] {dag.py:2396} INFO - Sync 1 DAGs
[2022-02-21 00:59:44,622] {logging_mixin.py:109} INFO - [2022-02-21 00:59:44,621] {dag.py:2935} INFO - Setting next_dagrun for example_branch_operator to 2022-02-20 00:00:00+00:00
[2022-02-21 00:59:44,640] {processor.py:171} INFO - Processing /home/airflow/.local/lib/python3.7/site-packages/airflow/example_dags/example_branch_operator.py took 0.135 seconds
[2022-02-21 01:00:14,898] {processor.py:163} INFO - Started process (PID=498) to work on /home/airflow/.local/lib/python3.7/site-packages/airflow/example_dags/example_branch_operator.py
[2022-02-21 01:00:14,900] {processor.py:642} INFO - Processing file /home/airflow/.local/lib/python3.7/site-packages/airflow/example_dags/example_branch_operator.py for tasks to queue
[2022-02-21 01:00:14,901] {logging_mixin.py:109} INFO - [2022-02-21 01:00:14,900] {dagbag.py:500} INFO - Filling up the DagBag from /home/airflow/.local/lib/python3.7/site-packages/airflow/example_dags/example_branch_operator.py
[2022-02-21 01:00:14,933] {processor.py:654} INFO - DAG(s) dict_keys(['example_branch_operator']) retrieved from /home/airflow/.local/lib/python3.7/site-packages/airflow/example_dags/example_branch_operator.py
[2022-02-21 01:00:14,946] {logging_mixin.py:109} INFO - [2022-02-21 01:00:14,946] {dag.py:2396} INFO - Sync 1 DAGs
[2022-02-21 01:00:14,965] {logging_mixin.py:109} INFO - [2022-02-21 01:00:14,965] {dag.py:2935} INFO - Setting next_dagrun for example_branch_operator to 2022-02-20 00:00:00+00:00
[2022-02-21 01:00:14,977] {processor.py:171} INFO - Processing /home/airflow/.local/lib/python3.7/site-packages/airflow/example_dags/example_branch_operator.py took 0.082 seconds
[2022-02-21 01:00:45,025] {processor.py:163} INFO - Started process (PID=549) to work on /home/airflow/.local/lib/python3.7/site-packages/airflow/example_dags/example_branch_operator.py
[2022-02-21 01:00:45,026] {processor.py:642} INFO - Processing file /home/airflow/.local/lib/python3.7/site-packages/airflow/example_dags/example_branch_operator.py for tasks to queue
[2022-02-21 01:00:45,026] {logging_mixin.py:109} INFO - [2022-02-21 01:00:45,026] {dagbag.py:500} INFO - Filling up the DagBag from /home/airflow/.local/lib/python3.7/site-packages/airflow/example_dags/example_branch_operator.py
[2022-02-21 01:00:45,061] {processor.py:654} INFO - DAG(s) dict_keys(['example_branch_operator']) retrieved from /home/airflow/.local/lib/python3.7/site-packages/airflow/example_dags/example_branch_operator.py
[2022-02-21 01:00:45,074] {logging_mixin.py:109} INFO - [2022-02-21 01:00:45,074] {dag.py:2396} INFO - Sync 1 DAGs
[2022-02-21 01:00:45,094] {logging_mixin.py:109} INFO - [2022-02-21 01:00:45,094] {dag.py:2935} INFO - Setting next_dagrun for example_branch_operator to 2022-02-20 00:00:00+00:00
[2022-02-21 01:00:45,104] {processor.py:171} INFO - Processing /home/airflow/.local/lib/python3.7/site-packages/airflow/example_dags/example_branch_operator.py took 0.082 seconds
[2022-02-21 01:01:15,131] {processor.py:163} INFO - Started process (PID=610) to work on /home/airflow/.local/lib/python3.7/site-packages/airflow/example_dags/example_branch_operator.py
[2022-02-21 01:01:15,136] {processor.py:642} INFO - Processing file /home/airflow/.local/lib/python3.7/site-packages/airflow/example_dags/example_branch_operator.py for tasks to queue
[2022-02-21 01:01:15,137] {logging_mixin.py:109} INFO - [2022-02-21 01:01:15,137] {dagbag.py:500} INFO - Filling up the DagBag from /home/airflow/.local/lib/python3.7/site-packages/airflow/example_dags/example_branch_operator.py
[2022-02-21 01:01:15,185] {processor.py:654} INFO - DAG(s) dict_keys(['example_branch_operator']) retrieved from /home/airflow/.local/lib/python3.7/site-packages/airflow/example_dags/example_branch_operator.py
[2022-02-21 01:01:15,203] {logging_mixin.py:109} INFO - [2022-02-21 01:01:15,203] {dag.py:2396} INFO - Sync 1 DAGs
[2022-02-21 01:01:15,230] {logging_mixin.py:109} INFO - [2022-02-21 01:01:15,229] {dag.py:2935} INFO - Setting next_dagrun for example_branch_operator to 2022-02-20 00:00:00+00:00
[2022-02-21 01:01:15,244] {processor.py:171} INFO - Processing /home/airflow/.local/lib/python3.7/site-packages/airflow/example_dags/example_branch_operator.py took 0.117 seconds
[2022-02-21 01:01:45,417] {processor.py:163} INFO - Started process (PID=661) to work on /home/airflow/.local/lib/python3.7/site-packages/airflow/example_dags/example_branch_operator.py
[2022-02-21 01:01:45,418] {processor.py:642} INFO - Processing file /home/airflow/.local/lib/python3.7/site-packages/airflow/example_dags/example_branch_operator.py for tasks to queue
[2022-02-21 01:01:45,418] {logging_mixin.py:109} INFO - [2022-02-21 01:01:45,418] {dagbag.py:500} INFO - Filling up the DagBag from /home/airflow/.local/lib/python3.7/site-packages/airflow/example_dags/example_branch_operator.py
[2022-02-21 01:01:45,451] {processor.py:654} INFO - DAG(s) dict_keys(['example_branch_operator']) retrieved from /home/airflow/.local/lib/python3.7/site-packages/airflow/example_dags/example_branch_operator.py
[2022-02-21 01:01:45,464] {logging_mixin.py:109} INFO - [2022-02-21 01:01:45,464] {dag.py:2396} INFO - Sync 1 DAGs
[2022-02-21 01:01:45,483] {logging_mixin.py:109} INFO - [2022-02-21 01:01:45,483] {dag.py:2935} INFO - Setting next_dagrun for example_branch_operator to 2022-02-20 00:00:00+00:00
[2022-02-21 01:01:45,495] {processor.py:171} INFO - Processing /home/airflow/.local/lib/python3.7/site-packages/airflow/example_dags/example_branch_operator.py took 0.082 seconds
[2022-02-21 01:02:16,028] {processor.py:163} INFO - Started process (PID=710) to work on /home/airflow/.local/lib/python3.7/site-packages/airflow/example_dags/example_branch_operator.py
[2022-02-21 01:02:16,030] {processor.py:642} INFO - Processing file /home/airflow/.local/lib/python3.7/site-packages/airflow/example_dags/example_branch_operator.py for tasks to queue
[2022-02-21 01:02:16,031] {logging_mixin.py:109} INFO - [2022-02-21 01:02:16,031] {dagbag.py:500} INFO - Filling up the DagBag from /home/airflow/.local/lib/python3.7/site-packages/airflow/example_dags/example_branch_operator.py
[2022-02-21 01:02:16,068] {processor.py:654} INFO - DAG(s) dict_keys(['example_branch_operator']) retrieved from /home/airflow/.local/lib/python3.7/site-packages/airflow/example_dags/example_branch_operator.py
[2022-02-21 01:02:16,083] {logging_mixin.py:109} INFO - [2022-02-21 01:02:16,083] {dag.py:2396} INFO - Sync 1 DAGs
[2022-02-21 01:02:16,109] {logging_mixin.py:109} INFO - [2022-02-21 01:02:16,108] {dag.py:2935} INFO - Setting next_dagrun for example_branch_operator to 2022-02-20 00:00:00+00:00
[2022-02-21 01:02:16,122] {processor.py:171} INFO - Processing /home/airflow/.local/lib/python3.7/site-packages/airflow/example_dags/example_branch_operator.py took 0.098 seconds
[2022-02-21 01:02:46,571] {processor.py:163} INFO - Started process (PID=768) to work on /home/airflow/.local/lib/python3.7/site-packages/airflow/example_dags/example_branch_operator.py
[2022-02-21 01:02:46,573] {processor.py:642} INFO - Processing file /home/airflow/.local/lib/python3.7/site-packages/airflow/example_dags/example_branch_operator.py for tasks to queue
[2022-02-21 01:02:46,573] {logging_mixin.py:109} INFO - [2022-02-21 01:02:46,573] {dagbag.py:500} INFO - Filling up the DagBag from /home/airflow/.local/lib/python3.7/site-packages/airflow/example_dags/example_branch_operator.py
[2022-02-21 01:02:46,615] {processor.py:654} INFO - DAG(s) dict_keys(['example_branch_operator']) retrieved from /home/airflow/.local/lib/python3.7/site-packages/airflow/example_dags/example_branch_operator.py
[2022-02-21 01:02:46,627] {logging_mixin.py:109} INFO - [2022-02-21 01:02:46,627] {dag.py:2396} INFO - Sync 1 DAGs
[2022-02-21 01:02:46,646] {logging_mixin.py:109} INFO - [2022-02-21 01:02:46,646] {dag.py:2935} INFO - Setting next_dagrun for example_branch_operator to 2022-02-20 00:00:00+00:00
[2022-02-21 01:02:46,657] {processor.py:171} INFO - Processing /home/airflow/.local/lib/python3.7/site-packages/airflow/example_dags/example_branch_operator.py took 0.089 seconds
[2022-02-21 01:03:16,672] {processor.py:163} INFO - Started process (PID=820) to work on /home/airflow/.local/lib/python3.7/site-packages/airflow/example_dags/example_branch_operator.py
[2022-02-21 01:03:16,674] {processor.py:642} INFO - Processing file /home/airflow/.local/lib/python3.7/site-packages/airflow/example_dags/example_branch_operator.py for tasks to queue
[2022-02-21 01:03:16,674] {logging_mixin.py:109} INFO - [2022-02-21 01:03:16,674] {dagbag.py:500} INFO - Filling up the DagBag from /home/airflow/.local/lib/python3.7/site-packages/airflow/example_dags/example_branch_operator.py
[2022-02-21 01:03:16,702] {processor.py:654} INFO - DAG(s) dict_keys(['example_branch_operator']) retrieved from /home/airflow/.local/lib/python3.7/site-packages/airflow/example_dags/example_branch_operator.py
[2022-02-21 01:03:16,712] {logging_mixin.py:109} INFO - [2022-02-21 01:03:16,712] {dag.py:2396} INFO - Sync 1 DAGs
[2022-02-21 01:03:16,727] {logging_mixin.py:109} INFO - [2022-02-21 01:03:16,726] {dag.py:2935} INFO - Setting next_dagrun for example_branch_operator to 2022-02-20 00:00:00+00:00
[2022-02-21 01:03:16,735] {processor.py:171} INFO - Processing /home/airflow/.local/lib/python3.7/site-packages/airflow/example_dags/example_branch_operator.py took 0.066 seconds
[2022-02-21 01:03:46,807] {processor.py:163} INFO - Started process (PID=870) to work on /home/airflow/.local/lib/python3.7/site-packages/airflow/example_dags/example_branch_operator.py
[2022-02-21 01:03:46,808] {processor.py:642} INFO - Processing file /home/airflow/.local/lib/python3.7/site-packages/airflow/example_dags/example_branch_operator.py for tasks to queue
[2022-02-21 01:03:46,809] {logging_mixin.py:109} INFO - [2022-02-21 01:03:46,808] {dagbag.py:500} INFO - Filling up the DagBag from /home/airflow/.local/lib/python3.7/site-packages/airflow/example_dags/example_branch_operator.py
[2022-02-21 01:03:46,845] {processor.py:654} INFO - DAG(s) dict_keys(['example_branch_operator']) retrieved from /home/airflow/.local/lib/python3.7/site-packages/airflow/example_dags/example_branch_operator.py
[2022-02-21 01:03:46,860] {logging_mixin.py:109} INFO - [2022-02-21 01:03:46,860] {dag.py:2396} INFO - Sync 1 DAGs
[2022-02-21 01:03:46,880] {logging_mixin.py:109} INFO - [2022-02-21 01:03:46,880] {dag.py:2935} INFO - Setting next_dagrun for example_branch_operator to 2022-02-20 00:00:00+00:00
[2022-02-21 01:03:46,893] {processor.py:171} INFO - Processing /home/airflow/.local/lib/python3.7/site-packages/airflow/example_dags/example_branch_operator.py took 0.090 seconds
[2022-02-21 01:04:17,076] {processor.py:163} INFO - Started process (PID=921) to work on /home/airflow/.local/lib/python3.7/site-packages/airflow/example_dags/example_branch_operator.py
[2022-02-21 01:04:17,078] {processor.py:642} INFO - Processing file /home/airflow/.local/lib/python3.7/site-packages/airflow/example_dags/example_branch_operator.py for tasks to queue
[2022-02-21 01:04:17,079] {logging_mixin.py:109} INFO - [2022-02-21 01:04:17,079] {dagbag.py:500} INFO - Filling up the DagBag from /home/airflow/.local/lib/python3.7/site-packages/airflow/example_dags/example_branch_operator.py
[2022-02-21 01:04:17,140] {processor.py:654} INFO - DAG(s) dict_keys(['example_branch_operator']) retrieved from /home/airflow/.local/lib/python3.7/site-packages/airflow/example_dags/example_branch_operator.py
[2022-02-21 01:04:17,164] {logging_mixin.py:109} INFO - [2022-02-21 01:04:17,164] {dag.py:2396} INFO - Sync 1 DAGs
[2022-02-21 01:04:17,232] {logging_mixin.py:109} INFO - [2022-02-21 01:04:17,231] {dag.py:2935} INFO - Setting next_dagrun for example_branch_operator to 2022-02-20 00:00:00+00:00
[2022-02-21 01:04:17,260] {processor.py:171} INFO - Processing /home/airflow/.local/lib/python3.7/site-packages/airflow/example_dags/example_branch_operator.py took 0.190 seconds
[2022-02-21 01:04:47,349] {processor.py:163} INFO - Started process (PID=972) to work on /home/airflow/.local/lib/python3.7/site-packages/airflow/example_dags/example_branch_operator.py
[2022-02-21 01:04:47,350] {processor.py:642} INFO - Processing file /home/airflow/.local/lib/python3.7/site-packages/airflow/example_dags/example_branch_operator.py for tasks to queue
[2022-02-21 01:04:47,351] {logging_mixin.py:109} INFO - [2022-02-21 01:04:47,351] {dagbag.py:500} INFO - Filling up the DagBag from /home/airflow/.local/lib/python3.7/site-packages/airflow/example_dags/example_branch_operator.py
[2022-02-21 01:04:47,383] {processor.py:654} INFO - DAG(s) dict_keys(['example_branch_operator']) retrieved from /home/airflow/.local/lib/python3.7/site-packages/airflow/example_dags/example_branch_operator.py
[2022-02-21 01:04:47,396] {logging_mixin.py:109} INFO - [2022-02-21 01:04:47,396] {dag.py:2396} INFO - Sync 1 DAGs
[2022-02-21 01:04:47,416] {logging_mixin.py:109} INFO - [2022-02-21 01:04:47,416] {dag.py:2935} INFO - Setting next_dagrun for example_branch_operator to 2022-02-20 00:00:00+00:00
[2022-02-21 01:04:47,428] {processor.py:171} INFO - Processing /home/airflow/.local/lib/python3.7/site-packages/airflow/example_dags/example_branch_operator.py took 0.082 seconds
[2022-02-21 01:05:17,878] {processor.py:163} INFO - Started process (PID=1033) to work on /home/airflow/.local/lib/python3.7/site-packages/airflow/example_dags/example_branch_operator.py
[2022-02-21 01:05:17,880] {processor.py:642} INFO - Processing file /home/airflow/.local/lib/python3.7/site-packages/airflow/example_dags/example_branch_operator.py for tasks to queue
[2022-02-21 01:05:17,880] {logging_mixin.py:109} INFO - [2022-02-21 01:05:17,880] {dagbag.py:500} INFO - Filling up the DagBag from /home/airflow/.local/lib/python3.7/site-packages/airflow/example_dags/example_branch_operator.py
[2022-02-21 01:05:17,920] {processor.py:654} INFO - DAG(s) dict_keys(['example_branch_operator']) retrieved from /home/airflow/.local/lib/python3.7/site-packages/airflow/example_dags/example_branch_operator.py
[2022-02-21 01:05:17,935] {logging_mixin.py:109} INFO - [2022-02-21 01:05:17,934] {dag.py:2396} INFO - Sync 1 DAGs
[2022-02-21 01:05:17,957] {logging_mixin.py:109} INFO - [2022-02-21 01:05:17,956] {dag.py:2935} INFO - Setting next_dagrun for example_branch_operator to 2022-02-20 00:00:00+00:00
[2022-02-21 01:05:17,969] {processor.py:171} INFO - Processing /home/airflow/.local/lib/python3.7/site-packages/airflow/example_dags/example_branch_operator.py took 0.095 seconds
[2022-02-21 01:05:48,200] {processor.py:163} INFO - Started process (PID=1083) to work on /home/airflow/.local/lib/python3.7/site-packages/airflow/example_dags/example_branch_operator.py
[2022-02-21 01:05:48,201] {processor.py:642} INFO - Processing file /home/airflow/.local/lib/python3.7/site-packages/airflow/example_dags/example_branch_operator.py for tasks to queue
[2022-02-21 01:05:48,201] {logging_mixin.py:109} INFO - [2022-02-21 01:05:48,201] {dagbag.py:500} INFO - Filling up the DagBag from /home/airflow/.local/lib/python3.7/site-packages/airflow/example_dags/example_branch_operator.py
[2022-02-21 01:05:48,227] {processor.py:654} INFO - DAG(s) dict_keys(['example_branch_operator']) retrieved from /home/airflow/.local/lib/python3.7/site-packages/airflow/example_dags/example_branch_operator.py
[2022-02-21 01:05:48,237] {logging_mixin.py:109} INFO - [2022-02-21 01:05:48,237] {dag.py:2396} INFO - Sync 1 DAGs
[2022-02-21 01:05:48,252] {logging_mixin.py:109} INFO - [2022-02-21 01:05:48,252] {dag.py:2935} INFO - Setting next_dagrun for example_branch_operator to 2022-02-20 00:00:00+00:00
[2022-02-21 01:05:48,261] {processor.py:171} INFO - Processing /home/airflow/.local/lib/python3.7/site-packages/airflow/example_dags/example_branch_operator.py took 0.064 seconds
[2022-02-21 01:06:18,550] {processor.py:163} INFO - Started process (PID=1133) to work on /home/airflow/.local/lib/python3.7/site-packages/airflow/example_dags/example_branch_operator.py
[2022-02-21 01:06:18,552] {processor.py:642} INFO - Processing file /home/airflow/.local/lib/python3.7/site-packages/airflow/example_dags/example_branch_operator.py for tasks to queue
[2022-02-21 01:06:18,552] {logging_mixin.py:109} INFO - [2022-02-21 01:06:18,552] {dagbag.py:500} INFO - Filling up the DagBag from /home/airflow/.local/lib/python3.7/site-packages/airflow/example_dags/example_branch_operator.py
[2022-02-21 01:06:18,580] {processor.py:654} INFO - DAG(s) dict_keys(['example_branch_operator']) retrieved from /home/airflow/.local/lib/python3.7/site-packages/airflow/example_dags/example_branch_operator.py
[2022-02-21 01:06:18,589] {logging_mixin.py:109} INFO - [2022-02-21 01:06:18,588] {dag.py:2396} INFO - Sync 1 DAGs
[2022-02-21 01:06:18,603] {logging_mixin.py:109} INFO - [2022-02-21 01:06:18,603] {dag.py:2935} INFO - Setting next_dagrun for example_branch_operator to 2022-02-20 00:00:00+00:00
[2022-02-21 01:06:18,612] {processor.py:171} INFO - Processing /home/airflow/.local/lib/python3.7/site-packages/airflow/example_dags/example_branch_operator.py took 0.064 seconds
[2022-02-21 01:06:49,260] {processor.py:163} INFO - Started process (PID=1184) to work on /home/airflow/.local/lib/python3.7/site-packages/airflow/example_dags/example_branch_operator.py
[2022-02-21 01:06:49,261] {processor.py:642} INFO - Processing file /home/airflow/.local/lib/python3.7/site-packages/airflow/example_dags/example_branch_operator.py for tasks to queue
[2022-02-21 01:06:49,262] {logging_mixin.py:109} INFO - [2022-02-21 01:06:49,262] {dagbag.py:500} INFO - Filling up the DagBag from /home/airflow/.local/lib/python3.7/site-packages/airflow/example_dags/example_branch_operator.py
[2022-02-21 01:06:49,300] {processor.py:654} INFO - DAG(s) dict_keys(['example_branch_operator']) retrieved from /home/airflow/.local/lib/python3.7/site-packages/airflow/example_dags/example_branch_operator.py
[2022-02-21 01:06:49,314] {logging_mixin.py:109} INFO - [2022-02-21 01:06:49,314] {dag.py:2396} INFO - Sync 1 DAGs
[2022-02-21 01:06:49,335] {logging_mixin.py:109} INFO - [2022-02-21 01:06:49,335] {dag.py:2935} INFO - Setting next_dagrun for example_branch_operator to 2022-02-20 00:00:00+00:00
[2022-02-21 01:06:49,348] {processor.py:171} INFO - Processing /home/airflow/.local/lib/python3.7/site-packages/airflow/example_dags/example_branch_operator.py took 0.092 seconds
[2022-02-21 01:07:19,742] {processor.py:163} INFO - Started process (PID=1235) to work on /home/airflow/.local/lib/python3.7/site-packages/airflow/example_dags/example_branch_operator.py
[2022-02-21 01:07:19,747] {processor.py:642} INFO - Processing file /home/airflow/.local/lib/python3.7/site-packages/airflow/example_dags/example_branch_operator.py for tasks to queue
[2022-02-21 01:07:19,748] {logging_mixin.py:109} INFO - [2022-02-21 01:07:19,748] {dagbag.py:500} INFO - Filling up the DagBag from /home/airflow/.local/lib/python3.7/site-packages/airflow/example_dags/example_branch_operator.py
[2022-02-21 01:07:19,787] {processor.py:654} INFO - DAG(s) dict_keys(['example_branch_operator']) retrieved from /home/airflow/.local/lib/python3.7/site-packages/airflow/example_dags/example_branch_operator.py
[2022-02-21 01:07:19,800] {logging_mixin.py:109} INFO - [2022-02-21 01:07:19,800] {dag.py:2396} INFO - Sync 1 DAGs
[2022-02-21 01:07:19,821] {logging_mixin.py:109} INFO - [2022-02-21 01:07:19,821] {dag.py:2935} INFO - Setting next_dagrun for example_branch_operator to 2022-02-20 00:00:00+00:00
[2022-02-21 01:07:19,837] {processor.py:171} INFO - Processing /home/airflow/.local/lib/python3.7/site-packages/airflow/example_dags/example_branch_operator.py took 0.099 seconds
[2022-02-21 01:07:50,164] {processor.py:163} INFO - Started process (PID=1295) to work on /home/airflow/.local/lib/python3.7/site-packages/airflow/example_dags/example_branch_operator.py
[2022-02-21 01:07:50,165] {processor.py:642} INFO - Processing file /home/airflow/.local/lib/python3.7/site-packages/airflow/example_dags/example_branch_operator.py for tasks to queue
[2022-02-21 01:07:50,166] {logging_mixin.py:109} INFO - [2022-02-21 01:07:50,166] {dagbag.py:500} INFO - Filling up the DagBag from /home/airflow/.local/lib/python3.7/site-packages/airflow/example_dags/example_branch_operator.py
[2022-02-21 01:07:50,210] {processor.py:654} INFO - DAG(s) dict_keys(['example_branch_operator']) retrieved from /home/airflow/.local/lib/python3.7/site-packages/airflow/example_dags/example_branch_operator.py
[2022-02-21 01:07:50,225] {logging_mixin.py:109} INFO - [2022-02-21 01:07:50,224] {dag.py:2396} INFO - Sync 1 DAGs
[2022-02-21 01:07:50,253] {logging_mixin.py:109} INFO - [2022-02-21 01:07:50,253] {dag.py:2935} INFO - Setting next_dagrun for example_branch_operator to 2022-02-20 00:00:00+00:00
[2022-02-21 01:07:50,264] {processor.py:171} INFO - Processing /home/airflow/.local/lib/python3.7/site-packages/airflow/example_dags/example_branch_operator.py took 0.105 seconds
[2022-02-21 01:08:20,303] {processor.py:163} INFO - Started process (PID=1346) to work on /home/airflow/.local/lib/python3.7/site-packages/airflow/example_dags/example_branch_operator.py
[2022-02-21 01:08:20,304] {processor.py:642} INFO - Processing file /home/airflow/.local/lib/python3.7/site-packages/airflow/example_dags/example_branch_operator.py for tasks to queue
[2022-02-21 01:08:20,305] {logging_mixin.py:109} INFO - [2022-02-21 01:08:20,305] {dagbag.py:500} INFO - Filling up the DagBag from /home/airflow/.local/lib/python3.7/site-packages/airflow/example_dags/example_branch_operator.py
[2022-02-21 01:08:20,339] {processor.py:654} INFO - DAG(s) dict_keys(['example_branch_operator']) retrieved from /home/airflow/.local/lib/python3.7/site-packages/airflow/example_dags/example_branch_operator.py
[2022-02-21 01:08:20,351] {logging_mixin.py:109} INFO - [2022-02-21 01:08:20,351] {dag.py:2396} INFO - Sync 1 DAGs
[2022-02-21 01:08:20,370] {logging_mixin.py:109} INFO - [2022-02-21 01:08:20,370] {dag.py:2935} INFO - Setting next_dagrun for example_branch_operator to 2022-02-20 00:00:00+00:00
[2022-02-21 01:08:20,382] {processor.py:171} INFO - Processing /home/airflow/.local/lib/python3.7/site-packages/airflow/example_dags/example_branch_operator.py took 0.083 seconds
[2022-02-21 01:08:51,169] {processor.py:163} INFO - Started process (PID=1397) to work on /home/airflow/.local/lib/python3.7/site-packages/airflow/example_dags/example_branch_operator.py
[2022-02-21 01:08:51,171] {processor.py:642} INFO - Processing file /home/airflow/.local/lib/python3.7/site-packages/airflow/example_dags/example_branch_operator.py for tasks to queue
[2022-02-21 01:08:51,172] {logging_mixin.py:109} INFO - [2022-02-21 01:08:51,172] {dagbag.py:500} INFO - Filling up the DagBag from /home/airflow/.local/lib/python3.7/site-packages/airflow/example_dags/example_branch_operator.py
[2022-02-21 01:08:51,219] {processor.py:654} INFO - DAG(s) dict_keys(['example_branch_operator']) retrieved from /home/airflow/.local/lib/python3.7/site-packages/airflow/example_dags/example_branch_operator.py
[2022-02-21 01:08:51,233] {logging_mixin.py:109} INFO - [2022-02-21 01:08:51,233] {dag.py:2396} INFO - Sync 1 DAGs
[2022-02-21 01:08:51,257] {logging_mixin.py:109} INFO - [2022-02-21 01:08:51,257] {dag.py:2935} INFO - Setting next_dagrun for example_branch_operator to 2022-02-20 00:00:00+00:00
[2022-02-21 01:08:51,275] {processor.py:171} INFO - Processing /home/airflow/.local/lib/python3.7/site-packages/airflow/example_dags/example_branch_operator.py took 0.110 seconds
[2022-02-21 01:09:21,617] {processor.py:163} INFO - Started process (PID=1456) to work on /home/airflow/.local/lib/python3.7/site-packages/airflow/example_dags/example_branch_operator.py
[2022-02-21 01:09:21,619] {processor.py:642} INFO - Processing file /home/airflow/.local/lib/python3.7/site-packages/airflow/example_dags/example_branch_operator.py for tasks to queue
[2022-02-21 01:09:21,620] {logging_mixin.py:109} INFO - [2022-02-21 01:09:21,620] {dagbag.py:500} INFO - Filling up the DagBag from /home/airflow/.local/lib/python3.7/site-packages/airflow/example_dags/example_branch_operator.py
[2022-02-21 01:09:21,657] {processor.py:654} INFO - DAG(s) dict_keys(['example_branch_operator']) retrieved from /home/airflow/.local/lib/python3.7/site-packages/airflow/example_dags/example_branch_operator.py
[2022-02-21 01:09:21,671] {logging_mixin.py:109} INFO - [2022-02-21 01:09:21,671] {dag.py:2396} INFO - Sync 1 DAGs
[2022-02-21 01:09:21,694] {logging_mixin.py:109} INFO - [2022-02-21 01:09:21,694] {dag.py:2935} INFO - Setting next_dagrun for example_branch_operator to 2022-02-20 00:00:00+00:00
[2022-02-21 01:09:21,706] {processor.py:171} INFO - Processing /home/airflow/.local/lib/python3.7/site-packages/airflow/example_dags/example_branch_operator.py took 0.093 seconds
[2022-02-21 01:09:52,122] {processor.py:163} INFO - Started process (PID=1507) to work on /home/airflow/.local/lib/python3.7/site-packages/airflow/example_dags/example_branch_operator.py
[2022-02-21 01:09:52,127] {processor.py:642} INFO - Processing file /home/airflow/.local/lib/python3.7/site-packages/airflow/example_dags/example_branch_operator.py for tasks to queue
[2022-02-21 01:09:52,127] {logging_mixin.py:109} INFO - [2022-02-21 01:09:52,127] {dagbag.py:500} INFO - Filling up the DagBag from /home/airflow/.local/lib/python3.7/site-packages/airflow/example_dags/example_branch_operator.py
[2022-02-21 01:09:52,160] {processor.py:654} INFO - DAG(s) dict_keys(['example_branch_operator']) retrieved from /home/airflow/.local/lib/python3.7/site-packages/airflow/example_dags/example_branch_operator.py
[2022-02-21 01:09:52,179] {logging_mixin.py:109} INFO - [2022-02-21 01:09:52,179] {dag.py:2396} INFO - Sync 1 DAGs
[2022-02-21 01:09:52,199] {logging_mixin.py:109} INFO - [2022-02-21 01:09:52,199] {dag.py:2935} INFO - Setting next_dagrun for example_branch_operator to 2022-02-20 00:00:00+00:00
[2022-02-21 01:09:52,305] {processor.py:171} INFO - Processing /home/airflow/.local/lib/python3.7/site-packages/airflow/example_dags/example_branch_operator.py took 0.186 seconds
[2022-02-21 01:10:22,475] {processor.py:163} INFO - Started process (PID=1558) to work on /home/airflow/.local/lib/python3.7/site-packages/airflow/example_dags/example_branch_operator.py
[2022-02-21 01:10:22,477] {processor.py:642} INFO - Processing file /home/airflow/.local/lib/python3.7/site-packages/airflow/example_dags/example_branch_operator.py for tasks to queue
[2022-02-21 01:10:22,478] {logging_mixin.py:109} INFO - [2022-02-21 01:10:22,478] {dagbag.py:500} INFO - Filling up the DagBag from /home/airflow/.local/lib/python3.7/site-packages/airflow/example_dags/example_branch_operator.py
[2022-02-21 01:10:22,517] {processor.py:654} INFO - DAG(s) dict_keys(['example_branch_operator']) retrieved from /home/airflow/.local/lib/python3.7/site-packages/airflow/example_dags/example_branch_operator.py
[2022-02-21 01:10:22,532] {logging_mixin.py:109} INFO - [2022-02-21 01:10:22,532] {dag.py:2396} INFO - Sync 1 DAGs
[2022-02-21 01:10:22,664] {logging_mixin.py:109} INFO - [2022-02-21 01:10:22,664] {dag.py:2935} INFO - Setting next_dagrun for example_branch_operator to 2022-02-20 00:00:00+00:00
[2022-02-21 01:10:22,679] {processor.py:171} INFO - Processing /home/airflow/.local/lib/python3.7/site-packages/airflow/example_dags/example_branch_operator.py took 0.210 seconds
[2022-02-21 01:10:52,779] {processor.py:163} INFO - Started process (PID=1608) to work on /home/airflow/.local/lib/python3.7/site-packages/airflow/example_dags/example_branch_operator.py
[2022-02-21 01:10:52,781] {processor.py:642} INFO - Processing file /home/airflow/.local/lib/python3.7/site-packages/airflow/example_dags/example_branch_operator.py for tasks to queue
[2022-02-21 01:10:52,781] {logging_mixin.py:109} INFO - [2022-02-21 01:10:52,781] {dagbag.py:500} INFO - Filling up the DagBag from /home/airflow/.local/lib/python3.7/site-packages/airflow/example_dags/example_branch_operator.py
[2022-02-21 01:10:52,812] {processor.py:654} INFO - DAG(s) dict_keys(['example_branch_operator']) retrieved from /home/airflow/.local/lib/python3.7/site-packages/airflow/example_dags/example_branch_operator.py
[2022-02-21 01:10:52,825] {logging_mixin.py:109} INFO - [2022-02-21 01:10:52,825] {dag.py:2396} INFO - Sync 1 DAGs
[2022-02-21 01:10:52,927] {logging_mixin.py:109} INFO - [2022-02-21 01:10:52,927] {dag.py:2935} INFO - Setting next_dagrun for example_branch_operator to 2022-02-20 00:00:00+00:00
[2022-02-21 01:10:52,942] {processor.py:171} INFO - Processing /home/airflow/.local/lib/python3.7/site-packages/airflow/example_dags/example_branch_operator.py took 0.166 seconds
[2022-02-21 01:11:23,777] {processor.py:163} INFO - Started process (PID=1658) to work on /home/airflow/.local/lib/python3.7/site-packages/airflow/example_dags/example_branch_operator.py
[2022-02-21 01:11:23,778] {processor.py:642} INFO - Processing file /home/airflow/.local/lib/python3.7/site-packages/airflow/example_dags/example_branch_operator.py for tasks to queue
[2022-02-21 01:11:23,779] {logging_mixin.py:109} INFO - [2022-02-21 01:11:23,779] {dagbag.py:500} INFO - Filling up the DagBag from /home/airflow/.local/lib/python3.7/site-packages/airflow/example_dags/example_branch_operator.py
[2022-02-21 01:11:23,815] {processor.py:654} INFO - DAG(s) dict_keys(['example_branch_operator']) retrieved from /home/airflow/.local/lib/python3.7/site-packages/airflow/example_dags/example_branch_operator.py
[2022-02-21 01:11:23,828] {logging_mixin.py:109} INFO - [2022-02-21 01:11:23,828] {dag.py:2396} INFO - Sync 1 DAGs
[2022-02-21 01:11:23,939] {logging_mixin.py:109} INFO - [2022-02-21 01:11:23,938] {dag.py:2935} INFO - Setting next_dagrun for example_branch_operator to 2022-02-20 00:00:00+00:00
[2022-02-21 01:11:23,952] {processor.py:171} INFO - Processing /home/airflow/.local/lib/python3.7/site-packages/airflow/example_dags/example_branch_operator.py took 0.178 seconds
[2022-02-21 01:11:54,376] {processor.py:163} INFO - Started process (PID=1708) to work on /home/airflow/.local/lib/python3.7/site-packages/airflow/example_dags/example_branch_operator.py
[2022-02-21 01:11:54,382] {processor.py:642} INFO - Processing file /home/airflow/.local/lib/python3.7/site-packages/airflow/example_dags/example_branch_operator.py for tasks to queue
[2022-02-21 01:11:54,383] {logging_mixin.py:109} INFO - [2022-02-21 01:11:54,383] {dagbag.py:500} INFO - Filling up the DagBag from /home/airflow/.local/lib/python3.7/site-packages/airflow/example_dags/example_branch_operator.py
[2022-02-21 01:11:54,444] {processor.py:654} INFO - DAG(s) dict_keys(['example_branch_operator']) retrieved from /home/airflow/.local/lib/python3.7/site-packages/airflow/example_dags/example_branch_operator.py
[2022-02-21 01:11:54,467] {logging_mixin.py:109} INFO - [2022-02-21 01:11:54,467] {dag.py:2396} INFO - Sync 1 DAGs
[2022-02-21 01:11:54,591] {logging_mixin.py:109} INFO - [2022-02-21 01:11:54,591] {dag.py:2935} INFO - Setting next_dagrun for example_branch_operator to 2022-02-20 00:00:00+00:00
[2022-02-21 01:11:54,605] {processor.py:171} INFO - Processing /home/airflow/.local/lib/python3.7/site-packages/airflow/example_dags/example_branch_operator.py took 0.234 seconds
[2022-02-21 01:12:25,378] {processor.py:163} INFO - Started process (PID=1769) to work on /home/airflow/.local/lib/python3.7/site-packages/airflow/example_dags/example_branch_operator.py
[2022-02-21 01:12:25,380] {processor.py:642} INFO - Processing file /home/airflow/.local/lib/python3.7/site-packages/airflow/example_dags/example_branch_operator.py for tasks to queue
[2022-02-21 01:12:25,381] {logging_mixin.py:109} INFO - [2022-02-21 01:12:25,381] {dagbag.py:500} INFO - Filling up the DagBag from /home/airflow/.local/lib/python3.7/site-packages/airflow/example_dags/example_branch_operator.py
[2022-02-21 01:12:25,447] {processor.py:654} INFO - DAG(s) dict_keys(['example_branch_operator']) retrieved from /home/airflow/.local/lib/python3.7/site-packages/airflow/example_dags/example_branch_operator.py
[2022-02-21 01:12:25,609] {logging_mixin.py:109} INFO - [2022-02-21 01:12:25,608] {dag.py:2396} INFO - Sync 1 DAGs
[2022-02-21 01:12:25,641] {logging_mixin.py:109} INFO - [2022-02-21 01:12:25,641] {dag.py:2935} INFO - Setting next_dagrun for example_branch_operator to 2022-02-20 00:00:00+00:00
[2022-02-21 01:12:25,657] {processor.py:171} INFO - Processing /home/airflow/.local/lib/python3.7/site-packages/airflow/example_dags/example_branch_operator.py took 0.285 seconds
[2022-02-21 01:12:55,752] {processor.py:163} INFO - Started process (PID=1821) to work on /home/airflow/.local/lib/python3.7/site-packages/airflow/example_dags/example_branch_operator.py
[2022-02-21 01:12:55,757] {processor.py:642} INFO - Processing file /home/airflow/.local/lib/python3.7/site-packages/airflow/example_dags/example_branch_operator.py for tasks to queue
[2022-02-21 01:12:55,757] {logging_mixin.py:109} INFO - [2022-02-21 01:12:55,757] {dagbag.py:500} INFO - Filling up the DagBag from /home/airflow/.local/lib/python3.7/site-packages/airflow/example_dags/example_branch_operator.py
[2022-02-21 01:12:55,856] {processor.py:654} INFO - DAG(s) dict_keys(['example_branch_operator']) retrieved from /home/airflow/.local/lib/python3.7/site-packages/airflow/example_dags/example_branch_operator.py
[2022-02-21 01:12:55,865] {logging_mixin.py:109} INFO - [2022-02-21 01:12:55,865] {dag.py:2396} INFO - Sync 1 DAGs
[2022-02-21 01:12:55,878] {logging_mixin.py:109} INFO - [2022-02-21 01:12:55,878] {dag.py:2935} INFO - Setting next_dagrun for example_branch_operator to 2022-02-20 00:00:00+00:00
[2022-02-21 01:12:55,887] {processor.py:171} INFO - Processing /home/airflow/.local/lib/python3.7/site-packages/airflow/example_dags/example_branch_operator.py took 0.138 seconds
[2022-02-21 01:13:26,138] {processor.py:163} INFO - Started process (PID=1872) to work on /home/airflow/.local/lib/python3.7/site-packages/airflow/example_dags/example_branch_operator.py
[2022-02-21 01:13:26,139] {processor.py:642} INFO - Processing file /home/airflow/.local/lib/python3.7/site-packages/airflow/example_dags/example_branch_operator.py for tasks to queue
[2022-02-21 01:13:26,140] {logging_mixin.py:109} INFO - [2022-02-21 01:13:26,140] {dagbag.py:500} INFO - Filling up the DagBag from /home/airflow/.local/lib/python3.7/site-packages/airflow/example_dags/example_branch_operator.py
[2022-02-21 01:13:26,256] {processor.py:654} INFO - DAG(s) dict_keys(['example_branch_operator']) retrieved from /home/airflow/.local/lib/python3.7/site-packages/airflow/example_dags/example_branch_operator.py
[2022-02-21 01:13:26,267] {logging_mixin.py:109} INFO - [2022-02-21 01:13:26,267] {dag.py:2396} INFO - Sync 1 DAGs
[2022-02-21 01:13:26,284] {logging_mixin.py:109} INFO - [2022-02-21 01:13:26,284] {dag.py:2935} INFO - Setting next_dagrun for example_branch_operator to 2022-02-20 00:00:00+00:00
[2022-02-21 01:13:26,295] {processor.py:171} INFO - Processing /home/airflow/.local/lib/python3.7/site-packages/airflow/example_dags/example_branch_operator.py took 0.162 seconds
[2022-02-21 01:13:56,676] {processor.py:163} INFO - Started process (PID=1923) to work on /home/airflow/.local/lib/python3.7/site-packages/airflow/example_dags/example_branch_operator.py
[2022-02-21 01:13:56,681] {processor.py:642} INFO - Processing file /home/airflow/.local/lib/python3.7/site-packages/airflow/example_dags/example_branch_operator.py for tasks to queue
[2022-02-21 01:13:56,682] {logging_mixin.py:109} INFO - [2022-02-21 01:13:56,682] {dagbag.py:500} INFO - Filling up the DagBag from /home/airflow/.local/lib/python3.7/site-packages/airflow/example_dags/example_branch_operator.py
[2022-02-21 01:13:56,830] {processor.py:654} INFO - DAG(s) dict_keys(['example_branch_operator']) retrieved from /home/airflow/.local/lib/python3.7/site-packages/airflow/example_dags/example_branch_operator.py
[2022-02-21 01:13:56,845] {logging_mixin.py:109} INFO - [2022-02-21 01:13:56,844] {dag.py:2396} INFO - Sync 1 DAGs
[2022-02-21 01:13:56,870] {logging_mixin.py:109} INFO - [2022-02-21 01:13:56,870] {dag.py:2935} INFO - Setting next_dagrun for example_branch_operator to 2022-02-20 00:00:00+00:00
[2022-02-21 01:13:56,888] {processor.py:171} INFO - Processing /home/airflow/.local/lib/python3.7/site-packages/airflow/example_dags/example_branch_operator.py took 0.216 seconds
[2022-02-21 01:14:27,452] {processor.py:163} INFO - Started process (PID=1974) to work on /home/airflow/.local/lib/python3.7/site-packages/airflow/example_dags/example_branch_operator.py
[2022-02-21 01:14:27,453] {processor.py:642} INFO - Processing file /home/airflow/.local/lib/python3.7/site-packages/airflow/example_dags/example_branch_operator.py for tasks to queue
[2022-02-21 01:14:27,454] {logging_mixin.py:109} INFO - [2022-02-21 01:14:27,454] {dagbag.py:500} INFO - Filling up the DagBag from /home/airflow/.local/lib/python3.7/site-packages/airflow/example_dags/example_branch_operator.py
[2022-02-21 01:14:27,578] {processor.py:654} INFO - DAG(s) dict_keys(['example_branch_operator']) retrieved from /home/airflow/.local/lib/python3.7/site-packages/airflow/example_dags/example_branch_operator.py
[2022-02-21 01:14:27,590] {logging_mixin.py:109} INFO - [2022-02-21 01:14:27,590] {dag.py:2396} INFO - Sync 1 DAGs
[2022-02-21 01:14:27,608] {logging_mixin.py:109} INFO - [2022-02-21 01:14:27,608] {dag.py:2935} INFO - Setting next_dagrun for example_branch_operator to 2022-02-20 00:00:00+00:00
[2022-02-21 01:14:27,620] {processor.py:171} INFO - Processing /home/airflow/.local/lib/python3.7/site-packages/airflow/example_dags/example_branch_operator.py took 0.172 seconds
[2022-02-21 01:14:57,669] {processor.py:163} INFO - Started process (PID=2034) to work on /home/airflow/.local/lib/python3.7/site-packages/airflow/example_dags/example_branch_operator.py
[2022-02-21 01:14:57,671] {processor.py:642} INFO - Processing file /home/airflow/.local/lib/python3.7/site-packages/airflow/example_dags/example_branch_operator.py for tasks to queue
[2022-02-21 01:14:57,671] {logging_mixin.py:109} INFO - [2022-02-21 01:14:57,671] {dagbag.py:500} INFO - Filling up the DagBag from /home/airflow/.local/lib/python3.7/site-packages/airflow/example_dags/example_branch_operator.py
[2022-02-21 01:14:57,710] {processor.py:654} INFO - DAG(s) dict_keys(['example_branch_operator']) retrieved from /home/airflow/.local/lib/python3.7/site-packages/airflow/example_dags/example_branch_operator.py
[2022-02-21 01:14:57,725] {logging_mixin.py:109} INFO - [2022-02-21 01:14:57,725] {dag.py:2396} INFO - Sync 1 DAGs
[2022-02-21 01:14:57,747] {logging_mixin.py:109} INFO - [2022-02-21 01:14:57,747] {dag.py:2935} INFO - Setting next_dagrun for example_branch_operator to 2022-02-20 00:00:00+00:00
[2022-02-21 01:14:57,759] {processor.py:171} INFO - Processing /home/airflow/.local/lib/python3.7/site-packages/airflow/example_dags/example_branch_operator.py took 0.094 seconds
[2022-02-21 01:15:28,379] {processor.py:163} INFO - Started process (PID=2084) to work on /home/airflow/.local/lib/python3.7/site-packages/airflow/example_dags/example_branch_operator.py
[2022-02-21 01:15:28,381] {processor.py:642} INFO - Processing file /home/airflow/.local/lib/python3.7/site-packages/airflow/example_dags/example_branch_operator.py for tasks to queue
[2022-02-21 01:15:28,382] {logging_mixin.py:109} INFO - [2022-02-21 01:15:28,382] {dagbag.py:500} INFO - Filling up the DagBag from /home/airflow/.local/lib/python3.7/site-packages/airflow/example_dags/example_branch_operator.py
[2022-02-21 01:15:28,453] {processor.py:654} INFO - DAG(s) dict_keys(['example_branch_operator']) retrieved from /home/airflow/.local/lib/python3.7/site-packages/airflow/example_dags/example_branch_operator.py
[2022-02-21 01:15:28,474] {logging_mixin.py:109} INFO - [2022-02-21 01:15:28,473] {dag.py:2396} INFO - Sync 1 DAGs
[2022-02-21 01:15:28,525] {logging_mixin.py:109} INFO - [2022-02-21 01:15:28,525] {dag.py:2935} INFO - Setting next_dagrun for example_branch_operator to 2022-02-20 00:00:00+00:00
[2022-02-21 01:15:28,557] {processor.py:171} INFO - Processing /home/airflow/.local/lib/python3.7/site-packages/airflow/example_dags/example_branch_operator.py took 0.188 seconds
[2022-02-21 01:15:58,937] {processor.py:163} INFO - Started process (PID=2126) to work on /home/airflow/.local/lib/python3.7/site-packages/airflow/example_dags/example_branch_operator.py
[2022-02-21 01:15:58,940] {processor.py:642} INFO - Processing file /home/airflow/.local/lib/python3.7/site-packages/airflow/example_dags/example_branch_operator.py for tasks to queue
[2022-02-21 01:15:58,942] {logging_mixin.py:109} INFO - [2022-02-21 01:15:58,941] {dagbag.py:500} INFO - Filling up the DagBag from /home/airflow/.local/lib/python3.7/site-packages/airflow/example_dags/example_branch_operator.py
[2022-02-21 01:15:59,005] {processor.py:654} INFO - DAG(s) dict_keys(['example_branch_operator']) retrieved from /home/airflow/.local/lib/python3.7/site-packages/airflow/example_dags/example_branch_operator.py
[2022-02-21 01:15:59,026] {logging_mixin.py:109} INFO - [2022-02-21 01:15:59,026] {dag.py:2396} INFO - Sync 1 DAGs
[2022-02-21 01:15:59,086] {logging_mixin.py:109} INFO - [2022-02-21 01:15:59,085] {dag.py:2935} INFO - Setting next_dagrun for example_branch_operator to 2022-02-20 00:00:00+00:00
[2022-02-21 01:15:59,123] {processor.py:171} INFO - Processing /home/airflow/.local/lib/python3.7/site-packages/airflow/example_dags/example_branch_operator.py took 0.194 seconds
[2022-02-21 01:16:29,295] {processor.py:163} INFO - Started process (PID=2178) to work on /home/airflow/.local/lib/python3.7/site-packages/airflow/example_dags/example_branch_operator.py
[2022-02-21 01:16:29,296] {processor.py:642} INFO - Processing file /home/airflow/.local/lib/python3.7/site-packages/airflow/example_dags/example_branch_operator.py for tasks to queue
[2022-02-21 01:16:29,297] {logging_mixin.py:109} INFO - [2022-02-21 01:16:29,297] {dagbag.py:500} INFO - Filling up the DagBag from /home/airflow/.local/lib/python3.7/site-packages/airflow/example_dags/example_branch_operator.py
[2022-02-21 01:16:29,340] {processor.py:654} INFO - DAG(s) dict_keys(['example_branch_operator']) retrieved from /home/airflow/.local/lib/python3.7/site-packages/airflow/example_dags/example_branch_operator.py
[2022-02-21 01:16:29,356] {logging_mixin.py:109} INFO - [2022-02-21 01:16:29,356] {dag.py:2396} INFO - Sync 1 DAGs
[2022-02-21 01:16:29,381] {logging_mixin.py:109} INFO - [2022-02-21 01:16:29,381] {dag.py:2935} INFO - Setting next_dagrun for example_branch_operator to 2022-02-20 00:00:00+00:00
[2022-02-21 01:16:29,395] {processor.py:171} INFO - Processing /home/airflow/.local/lib/python3.7/site-packages/airflow/example_dags/example_branch_operator.py took 0.105 seconds
[2022-02-21 01:16:59,719] {processor.py:163} INFO - Started process (PID=2229) to work on /home/airflow/.local/lib/python3.7/site-packages/airflow/example_dags/example_branch_operator.py
[2022-02-21 01:16:59,721] {processor.py:642} INFO - Processing file /home/airflow/.local/lib/python3.7/site-packages/airflow/example_dags/example_branch_operator.py for tasks to queue
[2022-02-21 01:16:59,722] {logging_mixin.py:109} INFO - [2022-02-21 01:16:59,722] {dagbag.py:500} INFO - Filling up the DagBag from /home/airflow/.local/lib/python3.7/site-packages/airflow/example_dags/example_branch_operator.py
[2022-02-21 01:16:59,769] {processor.py:654} INFO - DAG(s) dict_keys(['example_branch_operator']) retrieved from /home/airflow/.local/lib/python3.7/site-packages/airflow/example_dags/example_branch_operator.py
[2022-02-21 01:16:59,787] {logging_mixin.py:109} INFO - [2022-02-21 01:16:59,787] {dag.py:2396} INFO - Sync 1 DAGs
[2022-02-21 01:16:59,816] {logging_mixin.py:109} INFO - [2022-02-21 01:16:59,816] {dag.py:2935} INFO - Setting next_dagrun for example_branch_operator to 2022-02-20 00:00:00+00:00
[2022-02-21 01:16:59,840] {processor.py:171} INFO - Processing /home/airflow/.local/lib/python3.7/site-packages/airflow/example_dags/example_branch_operator.py took 0.125 seconds
[2022-02-21 01:17:30,042] {processor.py:163} INFO - Started process (PID=2287) to work on /home/airflow/.local/lib/python3.7/site-packages/airflow/example_dags/example_branch_operator.py
[2022-02-21 01:17:30,047] {processor.py:642} INFO - Processing file /home/airflow/.local/lib/python3.7/site-packages/airflow/example_dags/example_branch_operator.py for tasks to queue
[2022-02-21 01:17:30,048] {logging_mixin.py:109} INFO - [2022-02-21 01:17:30,048] {dagbag.py:500} INFO - Filling up the DagBag from /home/airflow/.local/lib/python3.7/site-packages/airflow/example_dags/example_branch_operator.py
[2022-02-21 01:17:30,099] {processor.py:654} INFO - DAG(s) dict_keys(['example_branch_operator']) retrieved from /home/airflow/.local/lib/python3.7/site-packages/airflow/example_dags/example_branch_operator.py
[2022-02-21 01:17:30,124] {logging_mixin.py:109} INFO - [2022-02-21 01:17:30,123] {dag.py:2396} INFO - Sync 1 DAGs
[2022-02-21 01:17:30,157] {logging_mixin.py:109} INFO - [2022-02-21 01:17:30,157] {dag.py:2935} INFO - Setting next_dagrun for example_branch_operator to 2022-02-20 00:00:00+00:00
[2022-02-21 01:17:30,172] {processor.py:171} INFO - Processing /home/airflow/.local/lib/python3.7/site-packages/airflow/example_dags/example_branch_operator.py took 0.135 seconds
[2022-02-21 01:18:00,528] {processor.py:163} INFO - Started process (PID=2339) to work on /home/airflow/.local/lib/python3.7/site-packages/airflow/example_dags/example_branch_operator.py
[2022-02-21 01:18:00,529] {processor.py:642} INFO - Processing file /home/airflow/.local/lib/python3.7/site-packages/airflow/example_dags/example_branch_operator.py for tasks to queue
[2022-02-21 01:18:00,529] {logging_mixin.py:109} INFO - [2022-02-21 01:18:00,529] {dagbag.py:500} INFO - Filling up the DagBag from /home/airflow/.local/lib/python3.7/site-packages/airflow/example_dags/example_branch_operator.py
[2022-02-21 01:18:00,559] {processor.py:654} INFO - DAG(s) dict_keys(['example_branch_operator']) retrieved from /home/airflow/.local/lib/python3.7/site-packages/airflow/example_dags/example_branch_operator.py
[2022-02-21 01:18:00,568] {logging_mixin.py:109} INFO - [2022-02-21 01:18:00,568] {dag.py:2396} INFO - Sync 1 DAGs
[2022-02-21 01:18:00,582] {logging_mixin.py:109} INFO - [2022-02-21 01:18:00,582] {dag.py:2935} INFO - Setting next_dagrun for example_branch_operator to 2022-02-20 00:00:00+00:00
[2022-02-21 01:18:00,591] {processor.py:171} INFO - Processing /home/airflow/.local/lib/python3.7/site-packages/airflow/example_dags/example_branch_operator.py took 0.066 seconds
[2022-02-21 01:18:30,732] {processor.py:163} INFO - Started process (PID=2390) to work on /home/airflow/.local/lib/python3.7/site-packages/airflow/example_dags/example_branch_operator.py
[2022-02-21 01:18:30,738] {processor.py:642} INFO - Processing file /home/airflow/.local/lib/python3.7/site-packages/airflow/example_dags/example_branch_operator.py for tasks to queue
[2022-02-21 01:18:30,739] {logging_mixin.py:109} INFO - [2022-02-21 01:18:30,739] {dagbag.py:500} INFO - Filling up the DagBag from /home/airflow/.local/lib/python3.7/site-packages/airflow/example_dags/example_branch_operator.py
[2022-02-21 01:18:30,811] {processor.py:654} INFO - DAG(s) dict_keys(['example_branch_operator']) retrieved from /home/airflow/.local/lib/python3.7/site-packages/airflow/example_dags/example_branch_operator.py
[2022-02-21 01:18:30,842] {logging_mixin.py:109} INFO - [2022-02-21 01:18:30,842] {dag.py:2396} INFO - Sync 1 DAGs
[2022-02-21 01:18:30,882] {logging_mixin.py:109} INFO - [2022-02-21 01:18:30,882] {dag.py:2935} INFO - Setting next_dagrun for example_branch_operator to 2022-02-20 00:00:00+00:00
[2022-02-21 01:18:30,908] {processor.py:171} INFO - Processing /home/airflow/.local/lib/python3.7/site-packages/airflow/example_dags/example_branch_operator.py took 0.182 seconds
[2022-02-21 01:19:01,899] {processor.py:163} INFO - Started process (PID=2440) to work on /home/airflow/.local/lib/python3.7/site-packages/airflow/example_dags/example_branch_operator.py
[2022-02-21 01:19:01,900] {processor.py:642} INFO - Processing file /home/airflow/.local/lib/python3.7/site-packages/airflow/example_dags/example_branch_operator.py for tasks to queue
[2022-02-21 01:19:01,901] {logging_mixin.py:109} INFO - [2022-02-21 01:19:01,901] {dagbag.py:500} INFO - Filling up the DagBag from /home/airflow/.local/lib/python3.7/site-packages/airflow/example_dags/example_branch_operator.py
[2022-02-21 01:19:01,953] {processor.py:654} INFO - DAG(s) dict_keys(['example_branch_operator']) retrieved from /home/airflow/.local/lib/python3.7/site-packages/airflow/example_dags/example_branch_operator.py
[2022-02-21 01:19:01,976] {logging_mixin.py:109} INFO - [2022-02-21 01:19:01,976] {dag.py:2396} INFO - Sync 1 DAGs
[2022-02-21 01:19:02,004] {logging_mixin.py:109} INFO - [2022-02-21 01:19:02,004] {dag.py:2935} INFO - Setting next_dagrun for example_branch_operator to 2022-02-20 00:00:00+00:00
[2022-02-21 01:19:02,018] {processor.py:171} INFO - Processing /home/airflow/.local/lib/python3.7/site-packages/airflow/example_dags/example_branch_operator.py took 0.123 seconds
[2022-02-21 01:19:32,142] {processor.py:163} INFO - Started process (PID=2500) to work on /home/airflow/.local/lib/python3.7/site-packages/airflow/example_dags/example_branch_operator.py
[2022-02-21 01:19:32,143] {processor.py:642} INFO - Processing file /home/airflow/.local/lib/python3.7/site-packages/airflow/example_dags/example_branch_operator.py for tasks to queue
[2022-02-21 01:19:32,143] {logging_mixin.py:109} INFO - [2022-02-21 01:19:32,143] {dagbag.py:500} INFO - Filling up the DagBag from /home/airflow/.local/lib/python3.7/site-packages/airflow/example_dags/example_branch_operator.py
[2022-02-21 01:19:32,171] {processor.py:654} INFO - DAG(s) dict_keys(['example_branch_operator']) retrieved from /home/airflow/.local/lib/python3.7/site-packages/airflow/example_dags/example_branch_operator.py
[2022-02-21 01:19:32,182] {logging_mixin.py:109} INFO - [2022-02-21 01:19:32,181] {dag.py:2396} INFO - Sync 1 DAGs
[2022-02-21 01:19:32,198] {logging_mixin.py:109} INFO - [2022-02-21 01:19:32,198] {dag.py:2935} INFO - Setting next_dagrun for example_branch_operator to 2022-02-20 00:00:00+00:00
[2022-02-21 01:19:32,208] {processor.py:171} INFO - Processing /home/airflow/.local/lib/python3.7/site-packages/airflow/example_dags/example_branch_operator.py took 0.070 seconds
[2022-02-21 01:20:02,326] {processor.py:163} INFO - Started process (PID=2550) to work on /home/airflow/.local/lib/python3.7/site-packages/airflow/example_dags/example_branch_operator.py
[2022-02-21 01:20:02,328] {processor.py:642} INFO - Processing file /home/airflow/.local/lib/python3.7/site-packages/airflow/example_dags/example_branch_operator.py for tasks to queue
[2022-02-21 01:20:02,329] {logging_mixin.py:109} INFO - [2022-02-21 01:20:02,329] {dagbag.py:500} INFO - Filling up the DagBag from /home/airflow/.local/lib/python3.7/site-packages/airflow/example_dags/example_branch_operator.py
[2022-02-21 01:20:02,364] {processor.py:654} INFO - DAG(s) dict_keys(['example_branch_operator']) retrieved from /home/airflow/.local/lib/python3.7/site-packages/airflow/example_dags/example_branch_operator.py
[2022-02-21 01:20:02,377] {logging_mixin.py:109} INFO - [2022-02-21 01:20:02,377] {dag.py:2396} INFO - Sync 1 DAGs
[2022-02-21 01:20:02,397] {logging_mixin.py:109} INFO - [2022-02-21 01:20:02,397] {dag.py:2935} INFO - Setting next_dagrun for example_branch_operator to 2022-02-20 00:00:00+00:00
[2022-02-21 01:20:02,412] {processor.py:171} INFO - Processing /home/airflow/.local/lib/python3.7/site-packages/airflow/example_dags/example_branch_operator.py took 0.090 seconds
[2022-02-21 01:20:32,824] {processor.py:163} INFO - Started process (PID=2601) to work on /home/airflow/.local/lib/python3.7/site-packages/airflow/example_dags/example_branch_operator.py
[2022-02-21 01:20:32,826] {processor.py:642} INFO - Processing file /home/airflow/.local/lib/python3.7/site-packages/airflow/example_dags/example_branch_operator.py for tasks to queue
[2022-02-21 01:20:32,827] {logging_mixin.py:109} INFO - [2022-02-21 01:20:32,827] {dagbag.py:500} INFO - Filling up the DagBag from /home/airflow/.local/lib/python3.7/site-packages/airflow/example_dags/example_branch_operator.py
[2022-02-21 01:20:32,894] {processor.py:654} INFO - DAG(s) dict_keys(['example_branch_operator']) retrieved from /home/airflow/.local/lib/python3.7/site-packages/airflow/example_dags/example_branch_operator.py
[2022-02-21 01:20:32,921] {logging_mixin.py:109} INFO - [2022-02-21 01:20:32,921] {dag.py:2396} INFO - Sync 1 DAGs
[2022-02-21 01:20:32,966] {logging_mixin.py:109} INFO - [2022-02-21 01:20:32,966] {dag.py:2935} INFO - Setting next_dagrun for example_branch_operator to 2022-02-20 00:00:00+00:00
[2022-02-21 01:20:32,991] {processor.py:171} INFO - Processing /home/airflow/.local/lib/python3.7/site-packages/airflow/example_dags/example_branch_operator.py took 0.172 seconds
[2022-02-21 01:21:03,278] {processor.py:163} INFO - Started process (PID=2651) to work on /home/airflow/.local/lib/python3.7/site-packages/airflow/example_dags/example_branch_operator.py
[2022-02-21 01:21:03,282] {processor.py:642} INFO - Processing file /home/airflow/.local/lib/python3.7/site-packages/airflow/example_dags/example_branch_operator.py for tasks to queue
[2022-02-21 01:21:03,283] {logging_mixin.py:109} INFO - [2022-02-21 01:21:03,283] {dagbag.py:500} INFO - Filling up the DagBag from /home/airflow/.local/lib/python3.7/site-packages/airflow/example_dags/example_branch_operator.py
[2022-02-21 01:21:03,317] {processor.py:654} INFO - DAG(s) dict_keys(['example_branch_operator']) retrieved from /home/airflow/.local/lib/python3.7/site-packages/airflow/example_dags/example_branch_operator.py
[2022-02-21 01:21:03,329] {logging_mixin.py:109} INFO - [2022-02-21 01:21:03,329] {dag.py:2396} INFO - Sync 1 DAGs
[2022-02-21 01:21:03,347] {logging_mixin.py:109} INFO - [2022-02-21 01:21:03,347] {dag.py:2935} INFO - Setting next_dagrun for example_branch_operator to 2022-02-20 00:00:00+00:00
[2022-02-21 01:21:03,361] {processor.py:171} INFO - Processing /home/airflow/.local/lib/python3.7/site-packages/airflow/example_dags/example_branch_operator.py took 0.087 seconds
[2022-02-21 01:21:33,573] {processor.py:163} INFO - Started process (PID=2701) to work on /home/airflow/.local/lib/python3.7/site-packages/airflow/example_dags/example_branch_operator.py
[2022-02-21 01:21:33,580] {processor.py:642} INFO - Processing file /home/airflow/.local/lib/python3.7/site-packages/airflow/example_dags/example_branch_operator.py for tasks to queue
[2022-02-21 01:21:33,584] {logging_mixin.py:109} INFO - [2022-02-21 01:21:33,583] {dagbag.py:500} INFO - Filling up the DagBag from /home/airflow/.local/lib/python3.7/site-packages/airflow/example_dags/example_branch_operator.py
[2022-02-21 01:21:33,734] {processor.py:654} INFO - DAG(s) dict_keys(['example_branch_operator']) retrieved from /home/airflow/.local/lib/python3.7/site-packages/airflow/example_dags/example_branch_operator.py
[2022-02-21 01:21:33,769] {logging_mixin.py:109} INFO - [2022-02-21 01:21:33,769] {dag.py:2396} INFO - Sync 1 DAGs
[2022-02-21 01:21:33,843] {logging_mixin.py:109} INFO - [2022-02-21 01:21:33,842] {dag.py:2935} INFO - Setting next_dagrun for example_branch_operator to 2022-02-20 00:00:00+00:00
[2022-02-21 01:21:33,976] {processor.py:171} INFO - Processing /home/airflow/.local/lib/python3.7/site-packages/airflow/example_dags/example_branch_operator.py took 0.426 seconds
