[2022-02-21 00:58:10,957] {processor.py:163} INFO - Started process (PID=122) to work on /home/airflow/.local/lib/python3.7/site-packages/airflow/example_dags/example_complex.py
[2022-02-21 00:58:10,959] {processor.py:642} INFO - Processing file /home/airflow/.local/lib/python3.7/site-packages/airflow/example_dags/example_complex.py for tasks to queue
[2022-02-21 00:58:10,961] {logging_mixin.py:109} INFO - [2022-02-21 00:58:10,960] {dagbag.py:500} INFO - Filling up the DagBag from /home/airflow/.local/lib/python3.7/site-packages/airflow/example_dags/example_complex.py
[2022-02-21 00:58:11,043] {processor.py:654} INFO - DAG(s) dict_keys(['example_complex']) retrieved from /home/airflow/.local/lib/python3.7/site-packages/airflow/example_dags/example_complex.py
[2022-02-21 00:58:16,545] {logging_mixin.py:109} INFO - [2022-02-21 00:58:16,544] {manager.py:496} INFO - Created Permission View: can edit on DAG:example_complex
[2022-02-21 00:58:16,584] {logging_mixin.py:109} INFO - [2022-02-21 00:58:16,584] {manager.py:496} INFO - Created Permission View: can read on DAG:example_complex
[2022-02-21 00:58:16,586] {logging_mixin.py:109} INFO - [2022-02-21 00:58:16,584] {dag.py:2396} INFO - Sync 1 DAGs
[2022-02-21 00:58:16,606] {logging_mixin.py:109} INFO - [2022-02-21 00:58:16,606] {dag.py:2415} INFO - Creating ORM DAG for example_complex
[2022-02-21 00:58:16,631] {logging_mixin.py:109} INFO - [2022-02-21 00:58:16,630] {dag.py:2935} INFO - Setting next_dagrun for example_complex to None
[2022-02-21 00:58:16,673] {processor.py:171} INFO - Processing /home/airflow/.local/lib/python3.7/site-packages/airflow/example_dags/example_complex.py took 5.724 seconds
[2022-02-21 00:59:06,332] {processor.py:163} INFO - Started process (PID=376) to work on /home/airflow/.local/lib/python3.7/site-packages/airflow/example_dags/example_complex.py
[2022-02-21 00:59:06,334] {processor.py:642} INFO - Processing file /home/airflow/.local/lib/python3.7/site-packages/airflow/example_dags/example_complex.py for tasks to queue
[2022-02-21 00:59:06,335] {logging_mixin.py:109} INFO - [2022-02-21 00:59:06,335] {dagbag.py:500} INFO - Filling up the DagBag from /home/airflow/.local/lib/python3.7/site-packages/airflow/example_dags/example_complex.py
[2022-02-21 00:59:06,384] {processor.py:654} INFO - DAG(s) dict_keys(['example_complex']) retrieved from /home/airflow/.local/lib/python3.7/site-packages/airflow/example_dags/example_complex.py
[2022-02-21 00:59:06,409] {logging_mixin.py:109} INFO - [2022-02-21 00:59:06,409] {dag.py:2396} INFO - Sync 1 DAGs
[2022-02-21 00:59:06,437] {logging_mixin.py:109} INFO - [2022-02-21 00:59:06,437] {dag.py:2935} INFO - Setting next_dagrun for example_complex to None
[2022-02-21 00:59:06,451] {processor.py:171} INFO - Processing /home/airflow/.local/lib/python3.7/site-packages/airflow/example_dags/example_complex.py took 0.123 seconds
[2022-02-21 00:59:38,224] {processor.py:163} INFO - Started process (PID=434) to work on /home/airflow/.local/lib/python3.7/site-packages/airflow/example_dags/example_complex.py
[2022-02-21 00:59:38,229] {processor.py:642} INFO - Processing file /home/airflow/.local/lib/python3.7/site-packages/airflow/example_dags/example_complex.py for tasks to queue
[2022-02-21 00:59:38,232] {logging_mixin.py:109} INFO - [2022-02-21 00:59:38,232] {dagbag.py:500} INFO - Filling up the DagBag from /home/airflow/.local/lib/python3.7/site-packages/airflow/example_dags/example_complex.py
[2022-02-21 00:59:38,578] {processor.py:654} INFO - DAG(s) dict_keys(['example_complex']) retrieved from /home/airflow/.local/lib/python3.7/site-packages/airflow/example_dags/example_complex.py
[2022-02-21 00:59:38,706] {logging_mixin.py:109} INFO - [2022-02-21 00:59:38,706] {dag.py:2396} INFO - Sync 1 DAGs
[2022-02-21 00:59:38,787] {logging_mixin.py:109} INFO - [2022-02-21 00:59:38,786] {dag.py:2935} INFO - Setting next_dagrun for example_complex to None
[2022-02-21 00:59:38,814] {processor.py:171} INFO - Processing /home/airflow/.local/lib/python3.7/site-packages/airflow/example_dags/example_complex.py took 0.604 seconds
[2022-02-21 01:00:09,426] {processor.py:163} INFO - Started process (PID=487) to work on /home/airflow/.local/lib/python3.7/site-packages/airflow/example_dags/example_complex.py
[2022-02-21 01:00:09,427] {processor.py:642} INFO - Processing file /home/airflow/.local/lib/python3.7/site-packages/airflow/example_dags/example_complex.py for tasks to queue
[2022-02-21 01:00:09,428] {logging_mixin.py:109} INFO - [2022-02-21 01:00:09,428] {dagbag.py:500} INFO - Filling up the DagBag from /home/airflow/.local/lib/python3.7/site-packages/airflow/example_dags/example_complex.py
[2022-02-21 01:00:09,468] {processor.py:654} INFO - DAG(s) dict_keys(['example_complex']) retrieved from /home/airflow/.local/lib/python3.7/site-packages/airflow/example_dags/example_complex.py
[2022-02-21 01:00:09,489] {logging_mixin.py:109} INFO - [2022-02-21 01:00:09,489] {dag.py:2396} INFO - Sync 1 DAGs
[2022-02-21 01:00:09,513] {logging_mixin.py:109} INFO - [2022-02-21 01:00:09,513] {dag.py:2935} INFO - Setting next_dagrun for example_complex to None
[2022-02-21 01:00:09,527] {processor.py:171} INFO - Processing /home/airflow/.local/lib/python3.7/site-packages/airflow/example_dags/example_complex.py took 0.105 seconds
[2022-02-21 01:00:39,878] {processor.py:163} INFO - Started process (PID=538) to work on /home/airflow/.local/lib/python3.7/site-packages/airflow/example_dags/example_complex.py
[2022-02-21 01:00:39,899] {processor.py:642} INFO - Processing file /home/airflow/.local/lib/python3.7/site-packages/airflow/example_dags/example_complex.py for tasks to queue
[2022-02-21 01:00:39,900] {logging_mixin.py:109} INFO - [2022-02-21 01:00:39,900] {dagbag.py:500} INFO - Filling up the DagBag from /home/airflow/.local/lib/python3.7/site-packages/airflow/example_dags/example_complex.py
[2022-02-21 01:00:39,980] {processor.py:654} INFO - DAG(s) dict_keys(['example_complex']) retrieved from /home/airflow/.local/lib/python3.7/site-packages/airflow/example_dags/example_complex.py
[2022-02-21 01:00:39,993] {logging_mixin.py:109} INFO - [2022-02-21 01:00:39,993] {dag.py:2396} INFO - Sync 1 DAGs
[2022-02-21 01:00:40,007] {logging_mixin.py:109} INFO - [2022-02-21 01:00:40,007] {dag.py:2935} INFO - Setting next_dagrun for example_complex to None
[2022-02-21 01:00:40,263] {processor.py:171} INFO - Processing /home/airflow/.local/lib/python3.7/site-packages/airflow/example_dags/example_complex.py took 0.389 seconds
[2022-02-21 01:01:11,148] {processor.py:163} INFO - Started process (PID=589) to work on /home/airflow/.local/lib/python3.7/site-packages/airflow/example_dags/example_complex.py
[2022-02-21 01:01:11,148] {processor.py:642} INFO - Processing file /home/airflow/.local/lib/python3.7/site-packages/airflow/example_dags/example_complex.py for tasks to queue
[2022-02-21 01:01:11,149] {logging_mixin.py:109} INFO - [2022-02-21 01:01:11,149] {dagbag.py:500} INFO - Filling up the DagBag from /home/airflow/.local/lib/python3.7/site-packages/airflow/example_dags/example_complex.py
[2022-02-21 01:01:11,185] {processor.py:654} INFO - DAG(s) dict_keys(['example_complex']) retrieved from /home/airflow/.local/lib/python3.7/site-packages/airflow/example_dags/example_complex.py
[2022-02-21 01:01:11,201] {logging_mixin.py:109} INFO - [2022-02-21 01:01:11,201] {dag.py:2396} INFO - Sync 1 DAGs
[2022-02-21 01:01:11,218] {logging_mixin.py:109} INFO - [2022-02-21 01:01:11,218] {dag.py:2935} INFO - Setting next_dagrun for example_complex to None
[2022-02-21 01:01:11,229] {processor.py:171} INFO - Processing /home/airflow/.local/lib/python3.7/site-packages/airflow/example_dags/example_complex.py took 0.084 seconds
[2022-02-21 01:01:41,327] {processor.py:163} INFO - Started process (PID=648) to work on /home/airflow/.local/lib/python3.7/site-packages/airflow/example_dags/example_complex.py
[2022-02-21 01:01:41,328] {processor.py:642} INFO - Processing file /home/airflow/.local/lib/python3.7/site-packages/airflow/example_dags/example_complex.py for tasks to queue
[2022-02-21 01:01:41,329] {logging_mixin.py:109} INFO - [2022-02-21 01:01:41,329] {dagbag.py:500} INFO - Filling up the DagBag from /home/airflow/.local/lib/python3.7/site-packages/airflow/example_dags/example_complex.py
[2022-02-21 01:01:41,380] {processor.py:654} INFO - DAG(s) dict_keys(['example_complex']) retrieved from /home/airflow/.local/lib/python3.7/site-packages/airflow/example_dags/example_complex.py
[2022-02-21 01:01:41,401] {logging_mixin.py:109} INFO - [2022-02-21 01:01:41,401] {dag.py:2396} INFO - Sync 1 DAGs
[2022-02-21 01:01:41,427] {logging_mixin.py:109} INFO - [2022-02-21 01:01:41,427] {dag.py:2935} INFO - Setting next_dagrun for example_complex to None
[2022-02-21 01:01:41,444] {processor.py:171} INFO - Processing /home/airflow/.local/lib/python3.7/site-packages/airflow/example_dags/example_complex.py took 0.122 seconds
[2022-02-21 01:02:11,513] {processor.py:163} INFO - Started process (PID=700) to work on /home/airflow/.local/lib/python3.7/site-packages/airflow/example_dags/example_complex.py
[2022-02-21 01:02:11,514] {processor.py:642} INFO - Processing file /home/airflow/.local/lib/python3.7/site-packages/airflow/example_dags/example_complex.py for tasks to queue
[2022-02-21 01:02:11,514] {logging_mixin.py:109} INFO - [2022-02-21 01:02:11,514] {dagbag.py:500} INFO - Filling up the DagBag from /home/airflow/.local/lib/python3.7/site-packages/airflow/example_dags/example_complex.py
[2022-02-21 01:02:11,545] {processor.py:654} INFO - DAG(s) dict_keys(['example_complex']) retrieved from /home/airflow/.local/lib/python3.7/site-packages/airflow/example_dags/example_complex.py
[2022-02-21 01:02:11,558] {logging_mixin.py:109} INFO - [2022-02-21 01:02:11,558] {dag.py:2396} INFO - Sync 1 DAGs
[2022-02-21 01:02:11,573] {logging_mixin.py:109} INFO - [2022-02-21 01:02:11,573] {dag.py:2935} INFO - Setting next_dagrun for example_complex to None
[2022-02-21 01:02:11,583] {processor.py:171} INFO - Processing /home/airflow/.local/lib/python3.7/site-packages/airflow/example_dags/example_complex.py took 0.073 seconds
[2022-02-21 01:02:41,979] {processor.py:163} INFO - Started process (PID=751) to work on /home/airflow/.local/lib/python3.7/site-packages/airflow/example_dags/example_complex.py
[2022-02-21 01:02:41,980] {processor.py:642} INFO - Processing file /home/airflow/.local/lib/python3.7/site-packages/airflow/example_dags/example_complex.py for tasks to queue
[2022-02-21 01:02:41,981] {logging_mixin.py:109} INFO - [2022-02-21 01:02:41,981] {dagbag.py:500} INFO - Filling up the DagBag from /home/airflow/.local/lib/python3.7/site-packages/airflow/example_dags/example_complex.py
[2022-02-21 01:02:42,027] {processor.py:654} INFO - DAG(s) dict_keys(['example_complex']) retrieved from /home/airflow/.local/lib/python3.7/site-packages/airflow/example_dags/example_complex.py
[2022-02-21 01:02:42,050] {logging_mixin.py:109} INFO - [2022-02-21 01:02:42,050] {dag.py:2396} INFO - Sync 1 DAGs
[2022-02-21 01:02:42,072] {logging_mixin.py:109} INFO - [2022-02-21 01:02:42,071] {dag.py:2935} INFO - Setting next_dagrun for example_complex to None
[2022-02-21 01:02:42,085] {processor.py:171} INFO - Processing /home/airflow/.local/lib/python3.7/site-packages/airflow/example_dags/example_complex.py took 0.109 seconds
[2022-02-21 01:03:12,173] {processor.py:163} INFO - Started process (PID=802) to work on /home/airflow/.local/lib/python3.7/site-packages/airflow/example_dags/example_complex.py
[2022-02-21 01:03:12,175] {processor.py:642} INFO - Processing file /home/airflow/.local/lib/python3.7/site-packages/airflow/example_dags/example_complex.py for tasks to queue
[2022-02-21 01:03:12,176] {logging_mixin.py:109} INFO - [2022-02-21 01:03:12,176] {dagbag.py:500} INFO - Filling up the DagBag from /home/airflow/.local/lib/python3.7/site-packages/airflow/example_dags/example_complex.py
[2022-02-21 01:03:12,216] {processor.py:654} INFO - DAG(s) dict_keys(['example_complex']) retrieved from /home/airflow/.local/lib/python3.7/site-packages/airflow/example_dags/example_complex.py
[2022-02-21 01:03:12,234] {logging_mixin.py:109} INFO - [2022-02-21 01:03:12,234] {dag.py:2396} INFO - Sync 1 DAGs
[2022-02-21 01:03:12,258] {logging_mixin.py:109} INFO - [2022-02-21 01:03:12,258] {dag.py:2935} INFO - Setting next_dagrun for example_complex to None
[2022-02-21 01:03:12,269] {processor.py:171} INFO - Processing /home/airflow/.local/lib/python3.7/site-packages/airflow/example_dags/example_complex.py took 0.101 seconds
[2022-02-21 01:03:42,322] {processor.py:163} INFO - Started process (PID=861) to work on /home/airflow/.local/lib/python3.7/site-packages/airflow/example_dags/example_complex.py
[2022-02-21 01:03:42,323] {processor.py:642} INFO - Processing file /home/airflow/.local/lib/python3.7/site-packages/airflow/example_dags/example_complex.py for tasks to queue
[2022-02-21 01:03:42,323] {logging_mixin.py:109} INFO - [2022-02-21 01:03:42,323] {dagbag.py:500} INFO - Filling up the DagBag from /home/airflow/.local/lib/python3.7/site-packages/airflow/example_dags/example_complex.py
[2022-02-21 01:03:42,356] {processor.py:654} INFO - DAG(s) dict_keys(['example_complex']) retrieved from /home/airflow/.local/lib/python3.7/site-packages/airflow/example_dags/example_complex.py
[2022-02-21 01:03:42,369] {logging_mixin.py:109} INFO - [2022-02-21 01:03:42,369] {dag.py:2396} INFO - Sync 1 DAGs
[2022-02-21 01:03:42,383] {logging_mixin.py:109} INFO - [2022-02-21 01:03:42,382] {dag.py:2935} INFO - Setting next_dagrun for example_complex to None
[2022-02-21 01:03:42,392] {processor.py:171} INFO - Processing /home/airflow/.local/lib/python3.7/site-packages/airflow/example_dags/example_complex.py took 0.073 seconds
[2022-02-21 01:04:12,579] {processor.py:163} INFO - Started process (PID=912) to work on /home/airflow/.local/lib/python3.7/site-packages/airflow/example_dags/example_complex.py
[2022-02-21 01:04:12,580] {processor.py:642} INFO - Processing file /home/airflow/.local/lib/python3.7/site-packages/airflow/example_dags/example_complex.py for tasks to queue
[2022-02-21 01:04:12,580] {logging_mixin.py:109} INFO - [2022-02-21 01:04:12,580] {dagbag.py:500} INFO - Filling up the DagBag from /home/airflow/.local/lib/python3.7/site-packages/airflow/example_dags/example_complex.py
[2022-02-21 01:04:12,620] {processor.py:654} INFO - DAG(s) dict_keys(['example_complex']) retrieved from /home/airflow/.local/lib/python3.7/site-packages/airflow/example_dags/example_complex.py
[2022-02-21 01:04:12,637] {logging_mixin.py:109} INFO - [2022-02-21 01:04:12,637] {dag.py:2396} INFO - Sync 1 DAGs
[2022-02-21 01:04:12,654] {logging_mixin.py:109} INFO - [2022-02-21 01:04:12,654] {dag.py:2935} INFO - Setting next_dagrun for example_complex to None
[2022-02-21 01:04:12,666] {processor.py:171} INFO - Processing /home/airflow/.local/lib/python3.7/site-packages/airflow/example_dags/example_complex.py took 0.091 seconds
[2022-02-21 01:04:42,979] {processor.py:163} INFO - Started process (PID=963) to work on /home/airflow/.local/lib/python3.7/site-packages/airflow/example_dags/example_complex.py
[2022-02-21 01:04:42,981] {processor.py:642} INFO - Processing file /home/airflow/.local/lib/python3.7/site-packages/airflow/example_dags/example_complex.py for tasks to queue
[2022-02-21 01:04:42,982] {logging_mixin.py:109} INFO - [2022-02-21 01:04:42,981] {dagbag.py:500} INFO - Filling up the DagBag from /home/airflow/.local/lib/python3.7/site-packages/airflow/example_dags/example_complex.py
[2022-02-21 01:04:43,024] {processor.py:654} INFO - DAG(s) dict_keys(['example_complex']) retrieved from /home/airflow/.local/lib/python3.7/site-packages/airflow/example_dags/example_complex.py
[2022-02-21 01:04:43,044] {logging_mixin.py:109} INFO - [2022-02-21 01:04:43,044] {dag.py:2396} INFO - Sync 1 DAGs
[2022-02-21 01:04:43,064] {logging_mixin.py:109} INFO - [2022-02-21 01:04:43,064] {dag.py:2935} INFO - Setting next_dagrun for example_complex to None
[2022-02-21 01:04:43,077] {processor.py:171} INFO - Processing /home/airflow/.local/lib/python3.7/site-packages/airflow/example_dags/example_complex.py took 0.102 seconds
[2022-02-21 01:05:13,431] {processor.py:163} INFO - Started process (PID=1014) to work on /home/airflow/.local/lib/python3.7/site-packages/airflow/example_dags/example_complex.py
[2022-02-21 01:05:13,432] {processor.py:642} INFO - Processing file /home/airflow/.local/lib/python3.7/site-packages/airflow/example_dags/example_complex.py for tasks to queue
[2022-02-21 01:05:13,432] {logging_mixin.py:109} INFO - [2022-02-21 01:05:13,432] {dagbag.py:500} INFO - Filling up the DagBag from /home/airflow/.local/lib/python3.7/site-packages/airflow/example_dags/example_complex.py
[2022-02-21 01:05:13,478] {processor.py:654} INFO - DAG(s) dict_keys(['example_complex']) retrieved from /home/airflow/.local/lib/python3.7/site-packages/airflow/example_dags/example_complex.py
[2022-02-21 01:05:13,497] {logging_mixin.py:109} INFO - [2022-02-21 01:05:13,497] {dag.py:2396} INFO - Sync 1 DAGs
[2022-02-21 01:05:13,518] {logging_mixin.py:109} INFO - [2022-02-21 01:05:13,518] {dag.py:2935} INFO - Setting next_dagrun for example_complex to None
[2022-02-21 01:05:13,530] {processor.py:171} INFO - Processing /home/airflow/.local/lib/python3.7/site-packages/airflow/example_dags/example_complex.py took 0.104 seconds
[2022-02-21 01:05:43,769] {processor.py:163} INFO - Started process (PID=1074) to work on /home/airflow/.local/lib/python3.7/site-packages/airflow/example_dags/example_complex.py
[2022-02-21 01:05:43,770] {processor.py:642} INFO - Processing file /home/airflow/.local/lib/python3.7/site-packages/airflow/example_dags/example_complex.py for tasks to queue
[2022-02-21 01:05:43,771] {logging_mixin.py:109} INFO - [2022-02-21 01:05:43,771] {dagbag.py:500} INFO - Filling up the DagBag from /home/airflow/.local/lib/python3.7/site-packages/airflow/example_dags/example_complex.py
[2022-02-21 01:05:43,825] {processor.py:654} INFO - DAG(s) dict_keys(['example_complex']) retrieved from /home/airflow/.local/lib/python3.7/site-packages/airflow/example_dags/example_complex.py
[2022-02-21 01:05:43,852] {logging_mixin.py:109} INFO - [2022-02-21 01:05:43,852] {dag.py:2396} INFO - Sync 1 DAGs
[2022-02-21 01:05:43,876] {logging_mixin.py:109} INFO - [2022-02-21 01:05:43,876] {dag.py:2935} INFO - Setting next_dagrun for example_complex to None
[2022-02-21 01:05:43,892] {processor.py:171} INFO - Processing /home/airflow/.local/lib/python3.7/site-packages/airflow/example_dags/example_complex.py took 0.129 seconds
[2022-02-21 01:06:14,173] {processor.py:163} INFO - Started process (PID=1124) to work on /home/airflow/.local/lib/python3.7/site-packages/airflow/example_dags/example_complex.py
[2022-02-21 01:06:14,174] {processor.py:642} INFO - Processing file /home/airflow/.local/lib/python3.7/site-packages/airflow/example_dags/example_complex.py for tasks to queue
[2022-02-21 01:06:14,175] {logging_mixin.py:109} INFO - [2022-02-21 01:06:14,175] {dagbag.py:500} INFO - Filling up the DagBag from /home/airflow/.local/lib/python3.7/site-packages/airflow/example_dags/example_complex.py
[2022-02-21 01:06:14,227] {processor.py:654} INFO - DAG(s) dict_keys(['example_complex']) retrieved from /home/airflow/.local/lib/python3.7/site-packages/airflow/example_dags/example_complex.py
[2022-02-21 01:06:14,247] {logging_mixin.py:109} INFO - [2022-02-21 01:06:14,247] {dag.py:2396} INFO - Sync 1 DAGs
[2022-02-21 01:06:14,269] {logging_mixin.py:109} INFO - [2022-02-21 01:06:14,269] {dag.py:2935} INFO - Setting next_dagrun for example_complex to None
[2022-02-21 01:06:14,281] {processor.py:171} INFO - Processing /home/airflow/.local/lib/python3.7/site-packages/airflow/example_dags/example_complex.py took 0.112 seconds
[2022-02-21 01:06:44,741] {processor.py:163} INFO - Started process (PID=1175) to work on /home/airflow/.local/lib/python3.7/site-packages/airflow/example_dags/example_complex.py
[2022-02-21 01:06:44,743] {processor.py:642} INFO - Processing file /home/airflow/.local/lib/python3.7/site-packages/airflow/example_dags/example_complex.py for tasks to queue
[2022-02-21 01:06:44,743] {logging_mixin.py:109} INFO - [2022-02-21 01:06:44,743] {dagbag.py:500} INFO - Filling up the DagBag from /home/airflow/.local/lib/python3.7/site-packages/airflow/example_dags/example_complex.py
[2022-02-21 01:06:44,779] {processor.py:654} INFO - DAG(s) dict_keys(['example_complex']) retrieved from /home/airflow/.local/lib/python3.7/site-packages/airflow/example_dags/example_complex.py
[2022-02-21 01:06:44,794] {logging_mixin.py:109} INFO - [2022-02-21 01:06:44,794] {dag.py:2396} INFO - Sync 1 DAGs
[2022-02-21 01:06:44,810] {logging_mixin.py:109} INFO - [2022-02-21 01:06:44,810] {dag.py:2935} INFO - Setting next_dagrun for example_complex to None
[2022-02-21 01:06:44,821] {processor.py:171} INFO - Processing /home/airflow/.local/lib/python3.7/site-packages/airflow/example_dags/example_complex.py took 0.084 seconds
[2022-02-21 01:07:14,890] {processor.py:163} INFO - Started process (PID=1226) to work on /home/airflow/.local/lib/python3.7/site-packages/airflow/example_dags/example_complex.py
[2022-02-21 01:07:14,891] {processor.py:642} INFO - Processing file /home/airflow/.local/lib/python3.7/site-packages/airflow/example_dags/example_complex.py for tasks to queue
[2022-02-21 01:07:14,891] {logging_mixin.py:109} INFO - [2022-02-21 01:07:14,891] {dagbag.py:500} INFO - Filling up the DagBag from /home/airflow/.local/lib/python3.7/site-packages/airflow/example_dags/example_complex.py
[2022-02-21 01:07:14,932] {processor.py:654} INFO - DAG(s) dict_keys(['example_complex']) retrieved from /home/airflow/.local/lib/python3.7/site-packages/airflow/example_dags/example_complex.py
[2022-02-21 01:07:14,950] {logging_mixin.py:109} INFO - [2022-02-21 01:07:14,950] {dag.py:2396} INFO - Sync 1 DAGs
[2022-02-21 01:07:14,977] {logging_mixin.py:109} INFO - [2022-02-21 01:07:14,977] {dag.py:2935} INFO - Setting next_dagrun for example_complex to None
[2022-02-21 01:07:14,992] {processor.py:171} INFO - Processing /home/airflow/.local/lib/python3.7/site-packages/airflow/example_dags/example_complex.py took 0.105 seconds
[2022-02-21 01:07:45,391] {processor.py:163} INFO - Started process (PID=1276) to work on /home/airflow/.local/lib/python3.7/site-packages/airflow/example_dags/example_complex.py
[2022-02-21 01:07:45,392] {processor.py:642} INFO - Processing file /home/airflow/.local/lib/python3.7/site-packages/airflow/example_dags/example_complex.py for tasks to queue
[2022-02-21 01:07:45,393] {logging_mixin.py:109} INFO - [2022-02-21 01:07:45,393] {dagbag.py:500} INFO - Filling up the DagBag from /home/airflow/.local/lib/python3.7/site-packages/airflow/example_dags/example_complex.py
[2022-02-21 01:07:45,439] {processor.py:654} INFO - DAG(s) dict_keys(['example_complex']) retrieved from /home/airflow/.local/lib/python3.7/site-packages/airflow/example_dags/example_complex.py
[2022-02-21 01:07:45,459] {logging_mixin.py:109} INFO - [2022-02-21 01:07:45,458] {dag.py:2396} INFO - Sync 1 DAGs
[2022-02-21 01:07:45,487] {logging_mixin.py:109} INFO - [2022-02-21 01:07:45,487] {dag.py:2935} INFO - Setting next_dagrun for example_complex to None
[2022-02-21 01:07:45,503] {processor.py:171} INFO - Processing /home/airflow/.local/lib/python3.7/site-packages/airflow/example_dags/example_complex.py took 0.116 seconds
[2022-02-21 01:08:15,602] {processor.py:163} INFO - Started process (PID=1337) to work on /home/airflow/.local/lib/python3.7/site-packages/airflow/example_dags/example_complex.py
[2022-02-21 01:08:15,603] {processor.py:642} INFO - Processing file /home/airflow/.local/lib/python3.7/site-packages/airflow/example_dags/example_complex.py for tasks to queue
[2022-02-21 01:08:15,604] {logging_mixin.py:109} INFO - [2022-02-21 01:08:15,604] {dagbag.py:500} INFO - Filling up the DagBag from /home/airflow/.local/lib/python3.7/site-packages/airflow/example_dags/example_complex.py
[2022-02-21 01:08:15,647] {processor.py:654} INFO - DAG(s) dict_keys(['example_complex']) retrieved from /home/airflow/.local/lib/python3.7/site-packages/airflow/example_dags/example_complex.py
[2022-02-21 01:08:15,669] {logging_mixin.py:109} INFO - [2022-02-21 01:08:15,669] {dag.py:2396} INFO - Sync 1 DAGs
[2022-02-21 01:08:15,690] {logging_mixin.py:109} INFO - [2022-02-21 01:08:15,690] {dag.py:2935} INFO - Setting next_dagrun for example_complex to None
[2022-02-21 01:08:15,702] {processor.py:171} INFO - Processing /home/airflow/.local/lib/python3.7/site-packages/airflow/example_dags/example_complex.py took 0.104 seconds
[2022-02-21 01:08:45,891] {processor.py:163} INFO - Started process (PID=1388) to work on /home/airflow/.local/lib/python3.7/site-packages/airflow/example_dags/example_complex.py
[2022-02-21 01:08:45,893] {processor.py:642} INFO - Processing file /home/airflow/.local/lib/python3.7/site-packages/airflow/example_dags/example_complex.py for tasks to queue
[2022-02-21 01:08:45,894] {logging_mixin.py:109} INFO - [2022-02-21 01:08:45,894] {dagbag.py:500} INFO - Filling up the DagBag from /home/airflow/.local/lib/python3.7/site-packages/airflow/example_dags/example_complex.py
[2022-02-21 01:08:45,943] {processor.py:654} INFO - DAG(s) dict_keys(['example_complex']) retrieved from /home/airflow/.local/lib/python3.7/site-packages/airflow/example_dags/example_complex.py
[2022-02-21 01:08:45,967] {logging_mixin.py:109} INFO - [2022-02-21 01:08:45,967] {dag.py:2396} INFO - Sync 1 DAGs
[2022-02-21 01:08:45,993] {logging_mixin.py:109} INFO - [2022-02-21 01:08:45,993] {dag.py:2935} INFO - Setting next_dagrun for example_complex to None
[2022-02-21 01:08:46,415] {processor.py:171} INFO - Processing /home/airflow/.local/lib/python3.7/site-packages/airflow/example_dags/example_complex.py took 0.529 seconds
[2022-02-21 01:09:17,228] {processor.py:163} INFO - Started process (PID=1439) to work on /home/airflow/.local/lib/python3.7/site-packages/airflow/example_dags/example_complex.py
[2022-02-21 01:09:17,230] {processor.py:642} INFO - Processing file /home/airflow/.local/lib/python3.7/site-packages/airflow/example_dags/example_complex.py for tasks to queue
[2022-02-21 01:09:17,231] {logging_mixin.py:109} INFO - [2022-02-21 01:09:17,231] {dagbag.py:500} INFO - Filling up the DagBag from /home/airflow/.local/lib/python3.7/site-packages/airflow/example_dags/example_complex.py
[2022-02-21 01:09:17,276] {processor.py:654} INFO - DAG(s) dict_keys(['example_complex']) retrieved from /home/airflow/.local/lib/python3.7/site-packages/airflow/example_dags/example_complex.py
[2022-02-21 01:09:17,298] {logging_mixin.py:109} INFO - [2022-02-21 01:09:17,297] {dag.py:2396} INFO - Sync 1 DAGs
[2022-02-21 01:09:17,423] {logging_mixin.py:109} INFO - [2022-02-21 01:09:17,423] {dag.py:2935} INFO - Setting next_dagrun for example_complex to None
[2022-02-21 01:09:17,435] {processor.py:171} INFO - Processing /home/airflow/.local/lib/python3.7/site-packages/airflow/example_dags/example_complex.py took 0.211 seconds
[2022-02-21 01:09:47,474] {processor.py:163} INFO - Started process (PID=1500) to work on /home/airflow/.local/lib/python3.7/site-packages/airflow/example_dags/example_complex.py
[2022-02-21 01:09:47,477] {processor.py:642} INFO - Processing file /home/airflow/.local/lib/python3.7/site-packages/airflow/example_dags/example_complex.py for tasks to queue
[2022-02-21 01:09:47,478] {logging_mixin.py:109} INFO - [2022-02-21 01:09:47,478] {dagbag.py:500} INFO - Filling up the DagBag from /home/airflow/.local/lib/python3.7/site-packages/airflow/example_dags/example_complex.py
[2022-02-21 01:09:47,543] {processor.py:654} INFO - DAG(s) dict_keys(['example_complex']) retrieved from /home/airflow/.local/lib/python3.7/site-packages/airflow/example_dags/example_complex.py
[2022-02-21 01:09:47,578] {logging_mixin.py:109} INFO - [2022-02-21 01:09:47,578] {dag.py:2396} INFO - Sync 1 DAGs
[2022-02-21 01:09:47,749] {logging_mixin.py:109} INFO - [2022-02-21 01:09:47,749] {dag.py:2935} INFO - Setting next_dagrun for example_complex to None
[2022-02-21 01:09:47,765] {processor.py:171} INFO - Processing /home/airflow/.local/lib/python3.7/site-packages/airflow/example_dags/example_complex.py took 0.297 seconds
[2022-02-21 01:10:18,439] {processor.py:163} INFO - Started process (PID=1551) to work on /home/airflow/.local/lib/python3.7/site-packages/airflow/example_dags/example_complex.py
[2022-02-21 01:10:18,441] {processor.py:642} INFO - Processing file /home/airflow/.local/lib/python3.7/site-packages/airflow/example_dags/example_complex.py for tasks to queue
[2022-02-21 01:10:18,443] {logging_mixin.py:109} INFO - [2022-02-21 01:10:18,442] {dagbag.py:500} INFO - Filling up the DagBag from /home/airflow/.local/lib/python3.7/site-packages/airflow/example_dags/example_complex.py
[2022-02-21 01:10:18,555] {processor.py:654} INFO - DAG(s) dict_keys(['example_complex']) retrieved from /home/airflow/.local/lib/python3.7/site-packages/airflow/example_dags/example_complex.py
[2022-02-21 01:10:18,599] {logging_mixin.py:109} INFO - [2022-02-21 01:10:18,598] {dag.py:2396} INFO - Sync 1 DAGs
[2022-02-21 01:10:18,985] {logging_mixin.py:109} INFO - [2022-02-21 01:10:18,985] {dag.py:2935} INFO - Setting next_dagrun for example_complex to None
[2022-02-21 01:10:19,047] {processor.py:171} INFO - Processing /home/airflow/.local/lib/python3.7/site-packages/airflow/example_dags/example_complex.py took 0.614 seconds
[2022-02-21 01:10:49,091] {processor.py:163} INFO - Started process (PID=1601) to work on /home/airflow/.local/lib/python3.7/site-packages/airflow/example_dags/example_complex.py
[2022-02-21 01:10:49,093] {processor.py:642} INFO - Processing file /home/airflow/.local/lib/python3.7/site-packages/airflow/example_dags/example_complex.py for tasks to queue
[2022-02-21 01:10:49,094] {logging_mixin.py:109} INFO - [2022-02-21 01:10:49,093] {dagbag.py:500} INFO - Filling up the DagBag from /home/airflow/.local/lib/python3.7/site-packages/airflow/example_dags/example_complex.py
[2022-02-21 01:10:49,190] {processor.py:654} INFO - DAG(s) dict_keys(['example_complex']) retrieved from /home/airflow/.local/lib/python3.7/site-packages/airflow/example_dags/example_complex.py
[2022-02-21 01:10:49,368] {logging_mixin.py:109} INFO - [2022-02-21 01:10:49,368] {dag.py:2396} INFO - Sync 1 DAGs
[2022-02-21 01:10:49,390] {logging_mixin.py:109} INFO - [2022-02-21 01:10:49,390] {dag.py:2935} INFO - Setting next_dagrun for example_complex to None
[2022-02-21 01:10:49,405] {processor.py:171} INFO - Processing /home/airflow/.local/lib/python3.7/site-packages/airflow/example_dags/example_complex.py took 0.319 seconds
[2022-02-21 01:11:20,183] {processor.py:163} INFO - Started process (PID=1651) to work on /home/airflow/.local/lib/python3.7/site-packages/airflow/example_dags/example_complex.py
[2022-02-21 01:11:20,189] {processor.py:642} INFO - Processing file /home/airflow/.local/lib/python3.7/site-packages/airflow/example_dags/example_complex.py for tasks to queue
[2022-02-21 01:11:20,189] {logging_mixin.py:109} INFO - [2022-02-21 01:11:20,189] {dagbag.py:500} INFO - Filling up the DagBag from /home/airflow/.local/lib/python3.7/site-packages/airflow/example_dags/example_complex.py
[2022-02-21 01:11:20,311] {processor.py:654} INFO - DAG(s) dict_keys(['example_complex']) retrieved from /home/airflow/.local/lib/python3.7/site-packages/airflow/example_dags/example_complex.py
[2022-02-21 01:11:20,325] {logging_mixin.py:109} INFO - [2022-02-21 01:11:20,325] {dag.py:2396} INFO - Sync 1 DAGs
[2022-02-21 01:11:20,341] {logging_mixin.py:109} INFO - [2022-02-21 01:11:20,341] {dag.py:2935} INFO - Setting next_dagrun for example_complex to None
[2022-02-21 01:11:20,352] {processor.py:171} INFO - Processing /home/airflow/.local/lib/python3.7/site-packages/airflow/example_dags/example_complex.py took 0.172 seconds
[2022-02-21 01:11:51,031] {processor.py:163} INFO - Started process (PID=1701) to work on /home/airflow/.local/lib/python3.7/site-packages/airflow/example_dags/example_complex.py
[2022-02-21 01:11:51,033] {processor.py:642} INFO - Processing file /home/airflow/.local/lib/python3.7/site-packages/airflow/example_dags/example_complex.py for tasks to queue
[2022-02-21 01:11:51,034] {logging_mixin.py:109} INFO - [2022-02-21 01:11:51,034] {dagbag.py:500} INFO - Filling up the DagBag from /home/airflow/.local/lib/python3.7/site-packages/airflow/example_dags/example_complex.py
[2022-02-21 01:11:51,239] {processor.py:654} INFO - DAG(s) dict_keys(['example_complex']) retrieved from /home/airflow/.local/lib/python3.7/site-packages/airflow/example_dags/example_complex.py
[2022-02-21 01:11:51,281] {logging_mixin.py:109} INFO - [2022-02-21 01:11:51,281] {dag.py:2396} INFO - Sync 1 DAGs
[2022-02-21 01:11:51,316] {logging_mixin.py:109} INFO - [2022-02-21 01:11:51,316] {dag.py:2935} INFO - Setting next_dagrun for example_complex to None
[2022-02-21 01:11:51,333] {processor.py:171} INFO - Processing /home/airflow/.local/lib/python3.7/site-packages/airflow/example_dags/example_complex.py took 0.307 seconds
[2022-02-21 01:12:21,479] {processor.py:163} INFO - Started process (PID=1753) to work on /home/airflow/.local/lib/python3.7/site-packages/airflow/example_dags/example_complex.py
[2022-02-21 01:12:21,481] {processor.py:642} INFO - Processing file /home/airflow/.local/lib/python3.7/site-packages/airflow/example_dags/example_complex.py for tasks to queue
[2022-02-21 01:12:21,482] {logging_mixin.py:109} INFO - [2022-02-21 01:12:21,482] {dagbag.py:500} INFO - Filling up the DagBag from /home/airflow/.local/lib/python3.7/site-packages/airflow/example_dags/example_complex.py
[2022-02-21 01:12:21,684] {processor.py:654} INFO - DAG(s) dict_keys(['example_complex']) retrieved from /home/airflow/.local/lib/python3.7/site-packages/airflow/example_dags/example_complex.py
[2022-02-21 01:12:21,711] {logging_mixin.py:109} INFO - [2022-02-21 01:12:21,711] {dag.py:2396} INFO - Sync 1 DAGs
[2022-02-21 01:12:21,737] {logging_mixin.py:109} INFO - [2022-02-21 01:12:21,737] {dag.py:2935} INFO - Setting next_dagrun for example_complex to None
[2022-02-21 01:12:21,752] {processor.py:171} INFO - Processing /home/airflow/.local/lib/python3.7/site-packages/airflow/example_dags/example_complex.py took 0.279 seconds
[2022-02-21 01:12:52,002] {processor.py:163} INFO - Started process (PID=1814) to work on /home/airflow/.local/lib/python3.7/site-packages/airflow/example_dags/example_complex.py
[2022-02-21 01:12:52,004] {processor.py:642} INFO - Processing file /home/airflow/.local/lib/python3.7/site-packages/airflow/example_dags/example_complex.py for tasks to queue
[2022-02-21 01:12:52,005] {logging_mixin.py:109} INFO - [2022-02-21 01:12:52,005] {dagbag.py:500} INFO - Filling up the DagBag from /home/airflow/.local/lib/python3.7/site-packages/airflow/example_dags/example_complex.py
[2022-02-21 01:12:52,166] {processor.py:654} INFO - DAG(s) dict_keys(['example_complex']) retrieved from /home/airflow/.local/lib/python3.7/site-packages/airflow/example_dags/example_complex.py
[2022-02-21 01:12:52,189] {logging_mixin.py:109} INFO - [2022-02-21 01:12:52,189] {dag.py:2396} INFO - Sync 1 DAGs
[2022-02-21 01:12:52,211] {logging_mixin.py:109} INFO - [2022-02-21 01:12:52,211] {dag.py:2935} INFO - Setting next_dagrun for example_complex to None
[2022-02-21 01:12:52,224] {processor.py:171} INFO - Processing /home/airflow/.local/lib/python3.7/site-packages/airflow/example_dags/example_complex.py took 0.227 seconds
[2022-02-21 01:13:22,644] {processor.py:163} INFO - Started process (PID=1865) to work on /home/airflow/.local/lib/python3.7/site-packages/airflow/example_dags/example_complex.py
[2022-02-21 01:13:22,649] {processor.py:642} INFO - Processing file /home/airflow/.local/lib/python3.7/site-packages/airflow/example_dags/example_complex.py for tasks to queue
[2022-02-21 01:13:22,650] {logging_mixin.py:109} INFO - [2022-02-21 01:13:22,650] {dagbag.py:500} INFO - Filling up the DagBag from /home/airflow/.local/lib/python3.7/site-packages/airflow/example_dags/example_complex.py
[2022-02-21 01:13:22,769] {processor.py:654} INFO - DAG(s) dict_keys(['example_complex']) retrieved from /home/airflow/.local/lib/python3.7/site-packages/airflow/example_dags/example_complex.py
[2022-02-21 01:13:22,783] {logging_mixin.py:109} INFO - [2022-02-21 01:13:22,783] {dag.py:2396} INFO - Sync 1 DAGs
[2022-02-21 01:13:22,796] {logging_mixin.py:109} INFO - [2022-02-21 01:13:22,796] {dag.py:2935} INFO - Setting next_dagrun for example_complex to None
[2022-02-21 01:13:22,807] {processor.py:171} INFO - Processing /home/airflow/.local/lib/python3.7/site-packages/airflow/example_dags/example_complex.py took 0.166 seconds
[2022-02-21 01:13:53,010] {processor.py:163} INFO - Started process (PID=1916) to work on /home/airflow/.local/lib/python3.7/site-packages/airflow/example_dags/example_complex.py
[2022-02-21 01:13:53,011] {processor.py:642} INFO - Processing file /home/airflow/.local/lib/python3.7/site-packages/airflow/example_dags/example_complex.py for tasks to queue
[2022-02-21 01:13:53,012] {logging_mixin.py:109} INFO - [2022-02-21 01:13:53,011] {dagbag.py:500} INFO - Filling up the DagBag from /home/airflow/.local/lib/python3.7/site-packages/airflow/example_dags/example_complex.py
[2022-02-21 01:13:53,143] {processor.py:654} INFO - DAG(s) dict_keys(['example_complex']) retrieved from /home/airflow/.local/lib/python3.7/site-packages/airflow/example_dags/example_complex.py
[2022-02-21 01:13:53,159] {logging_mixin.py:109} INFO - [2022-02-21 01:13:53,159] {dag.py:2396} INFO - Sync 1 DAGs
[2022-02-21 01:13:53,175] {logging_mixin.py:109} INFO - [2022-02-21 01:13:53,175] {dag.py:2935} INFO - Setting next_dagrun for example_complex to None
[2022-02-21 01:13:53,186] {processor.py:171} INFO - Processing /home/airflow/.local/lib/python3.7/site-packages/airflow/example_dags/example_complex.py took 0.180 seconds
[2022-02-21 01:14:23,718] {processor.py:163} INFO - Started process (PID=1967) to work on /home/airflow/.local/lib/python3.7/site-packages/airflow/example_dags/example_complex.py
[2022-02-21 01:14:23,724] {processor.py:642} INFO - Processing file /home/airflow/.local/lib/python3.7/site-packages/airflow/example_dags/example_complex.py for tasks to queue
[2022-02-21 01:14:23,725] {logging_mixin.py:109} INFO - [2022-02-21 01:14:23,725] {dagbag.py:500} INFO - Filling up the DagBag from /home/airflow/.local/lib/python3.7/site-packages/airflow/example_dags/example_complex.py
[2022-02-21 01:14:23,900] {processor.py:654} INFO - DAG(s) dict_keys(['example_complex']) retrieved from /home/airflow/.local/lib/python3.7/site-packages/airflow/example_dags/example_complex.py
[2022-02-21 01:14:23,920] {logging_mixin.py:109} INFO - [2022-02-21 01:14:23,920] {dag.py:2396} INFO - Sync 1 DAGs
[2022-02-21 01:14:23,941] {logging_mixin.py:109} INFO - [2022-02-21 01:14:23,941] {dag.py:2935} INFO - Setting next_dagrun for example_complex to None
[2022-02-21 01:14:23,954] {processor.py:171} INFO - Processing /home/airflow/.local/lib/python3.7/site-packages/airflow/example_dags/example_complex.py took 0.240 seconds
[2022-02-21 01:14:54,338] {processor.py:163} INFO - Started process (PID=2018) to work on /home/airflow/.local/lib/python3.7/site-packages/airflow/example_dags/example_complex.py
[2022-02-21 01:14:54,339] {processor.py:642} INFO - Processing file /home/airflow/.local/lib/python3.7/site-packages/airflow/example_dags/example_complex.py for tasks to queue
[2022-02-21 01:14:54,340] {logging_mixin.py:109} INFO - [2022-02-21 01:14:54,340] {dagbag.py:500} INFO - Filling up the DagBag from /home/airflow/.local/lib/python3.7/site-packages/airflow/example_dags/example_complex.py
[2022-02-21 01:14:54,380] {processor.py:654} INFO - DAG(s) dict_keys(['example_complex']) retrieved from /home/airflow/.local/lib/python3.7/site-packages/airflow/example_dags/example_complex.py
[2022-02-21 01:14:54,398] {logging_mixin.py:109} INFO - [2022-02-21 01:14:54,398] {dag.py:2396} INFO - Sync 1 DAGs
[2022-02-21 01:14:54,417] {logging_mixin.py:109} INFO - [2022-02-21 01:14:54,417] {dag.py:2935} INFO - Setting next_dagrun for example_complex to None
[2022-02-21 01:14:54,430] {processor.py:171} INFO - Processing /home/airflow/.local/lib/python3.7/site-packages/airflow/example_dags/example_complex.py took 0.095 seconds
[2022-02-21 01:15:24,469] {processor.py:163} INFO - Started process (PID=2077) to work on /home/airflow/.local/lib/python3.7/site-packages/airflow/example_dags/example_complex.py
[2022-02-21 01:15:24,472] {processor.py:642} INFO - Processing file /home/airflow/.local/lib/python3.7/site-packages/airflow/example_dags/example_complex.py for tasks to queue
[2022-02-21 01:15:24,474] {logging_mixin.py:109} INFO - [2022-02-21 01:15:24,474] {dagbag.py:500} INFO - Filling up the DagBag from /home/airflow/.local/lib/python3.7/site-packages/airflow/example_dags/example_complex.py
[2022-02-21 01:15:24,600] {processor.py:654} INFO - DAG(s) dict_keys(['example_complex']) retrieved from /home/airflow/.local/lib/python3.7/site-packages/airflow/example_dags/example_complex.py
[2022-02-21 01:15:24,659] {logging_mixin.py:109} INFO - [2022-02-21 01:15:24,659] {dag.py:2396} INFO - Sync 1 DAGs
[2022-02-21 01:15:24,728] {logging_mixin.py:109} INFO - [2022-02-21 01:15:24,728] {dag.py:2935} INFO - Setting next_dagrun for example_complex to None
[2022-02-21 01:15:24,757] {processor.py:171} INFO - Processing /home/airflow/.local/lib/python3.7/site-packages/airflow/example_dags/example_complex.py took 0.298 seconds
[2022-02-21 01:15:55,175] {processor.py:163} INFO - Started process (PID=2119) to work on /home/airflow/.local/lib/python3.7/site-packages/airflow/example_dags/example_complex.py
[2022-02-21 01:15:55,180] {processor.py:642} INFO - Processing file /home/airflow/.local/lib/python3.7/site-packages/airflow/example_dags/example_complex.py for tasks to queue
[2022-02-21 01:15:55,182] {logging_mixin.py:109} INFO - [2022-02-21 01:15:55,182] {dagbag.py:500} INFO - Filling up the DagBag from /home/airflow/.local/lib/python3.7/site-packages/airflow/example_dags/example_complex.py
[2022-02-21 01:15:55,275] {processor.py:654} INFO - DAG(s) dict_keys(['example_complex']) retrieved from /home/airflow/.local/lib/python3.7/site-packages/airflow/example_dags/example_complex.py
[2022-02-21 01:15:55,314] {logging_mixin.py:109} INFO - [2022-02-21 01:15:55,313] {dag.py:2396} INFO - Sync 1 DAGs
[2022-02-21 01:15:55,372] {logging_mixin.py:109} INFO - [2022-02-21 01:15:55,371] {dag.py:2935} INFO - Setting next_dagrun for example_complex to None
[2022-02-21 01:15:55,392] {processor.py:171} INFO - Processing /home/airflow/.local/lib/python3.7/site-packages/airflow/example_dags/example_complex.py took 0.225 seconds
[2022-02-21 01:16:25,423] {processor.py:163} INFO - Started process (PID=2171) to work on /home/airflow/.local/lib/python3.7/site-packages/airflow/example_dags/example_complex.py
[2022-02-21 01:16:25,425] {processor.py:642} INFO - Processing file /home/airflow/.local/lib/python3.7/site-packages/airflow/example_dags/example_complex.py for tasks to queue
[2022-02-21 01:16:25,426] {logging_mixin.py:109} INFO - [2022-02-21 01:16:25,426] {dagbag.py:500} INFO - Filling up the DagBag from /home/airflow/.local/lib/python3.7/site-packages/airflow/example_dags/example_complex.py
[2022-02-21 01:16:25,490] {processor.py:654} INFO - DAG(s) dict_keys(['example_complex']) retrieved from /home/airflow/.local/lib/python3.7/site-packages/airflow/example_dags/example_complex.py
[2022-02-21 01:16:25,517] {logging_mixin.py:109} INFO - [2022-02-21 01:16:25,517] {dag.py:2396} INFO - Sync 1 DAGs
[2022-02-21 01:16:25,546] {logging_mixin.py:109} INFO - [2022-02-21 01:16:25,546] {dag.py:2935} INFO - Setting next_dagrun for example_complex to None
[2022-02-21 01:16:25,563] {processor.py:171} INFO - Processing /home/airflow/.local/lib/python3.7/site-packages/airflow/example_dags/example_complex.py took 0.146 seconds
[2022-02-21 01:16:56,324] {processor.py:163} INFO - Started process (PID=2222) to work on /home/airflow/.local/lib/python3.7/site-packages/airflow/example_dags/example_complex.py
[2022-02-21 01:16:56,326] {processor.py:642} INFO - Processing file /home/airflow/.local/lib/python3.7/site-packages/airflow/example_dags/example_complex.py for tasks to queue
[2022-02-21 01:16:56,328] {logging_mixin.py:109} INFO - [2022-02-21 01:16:56,328] {dagbag.py:500} INFO - Filling up the DagBag from /home/airflow/.local/lib/python3.7/site-packages/airflow/example_dags/example_complex.py
[2022-02-21 01:16:56,405] {processor.py:654} INFO - DAG(s) dict_keys(['example_complex']) retrieved from /home/airflow/.local/lib/python3.7/site-packages/airflow/example_dags/example_complex.py
[2022-02-21 01:16:56,440] {logging_mixin.py:109} INFO - [2022-02-21 01:16:56,439] {dag.py:2396} INFO - Sync 1 DAGs
[2022-02-21 01:16:56,488] {logging_mixin.py:109} INFO - [2022-02-21 01:16:56,488] {dag.py:2935} INFO - Setting next_dagrun for example_complex to None
[2022-02-21 01:16:56,521] {processor.py:171} INFO - Processing /home/airflow/.local/lib/python3.7/site-packages/airflow/example_dags/example_complex.py took 0.207 seconds
[2022-02-21 01:17:26,588] {processor.py:163} INFO - Started process (PID=2272) to work on /home/airflow/.local/lib/python3.7/site-packages/airflow/example_dags/example_complex.py
[2022-02-21 01:17:26,590] {processor.py:642} INFO - Processing file /home/airflow/.local/lib/python3.7/site-packages/airflow/example_dags/example_complex.py for tasks to queue
[2022-02-21 01:17:26,592] {logging_mixin.py:109} INFO - [2022-02-21 01:17:26,591] {dagbag.py:500} INFO - Filling up the DagBag from /home/airflow/.local/lib/python3.7/site-packages/airflow/example_dags/example_complex.py
[2022-02-21 01:17:26,663] {processor.py:654} INFO - DAG(s) dict_keys(['example_complex']) retrieved from /home/airflow/.local/lib/python3.7/site-packages/airflow/example_dags/example_complex.py
[2022-02-21 01:17:26,698] {logging_mixin.py:109} INFO - [2022-02-21 01:17:26,698] {dag.py:2396} INFO - Sync 1 DAGs
[2022-02-21 01:17:26,737] {logging_mixin.py:109} INFO - [2022-02-21 01:17:26,737] {dag.py:2935} INFO - Setting next_dagrun for example_complex to None
[2022-02-21 01:17:26,758] {processor.py:171} INFO - Processing /home/airflow/.local/lib/python3.7/site-packages/airflow/example_dags/example_complex.py took 0.178 seconds
[2022-02-21 01:17:57,766] {processor.py:163} INFO - Started process (PID=2331) to work on /home/airflow/.local/lib/python3.7/site-packages/airflow/example_dags/example_complex.py
[2022-02-21 01:17:57,771] {processor.py:642} INFO - Processing file /home/airflow/.local/lib/python3.7/site-packages/airflow/example_dags/example_complex.py for tasks to queue
[2022-02-21 01:17:57,771] {logging_mixin.py:109} INFO - [2022-02-21 01:17:57,771] {dagbag.py:500} INFO - Filling up the DagBag from /home/airflow/.local/lib/python3.7/site-packages/airflow/example_dags/example_complex.py
[2022-02-21 01:17:57,813] {processor.py:654} INFO - DAG(s) dict_keys(['example_complex']) retrieved from /home/airflow/.local/lib/python3.7/site-packages/airflow/example_dags/example_complex.py
[2022-02-21 01:17:57,832] {logging_mixin.py:109} INFO - [2022-02-21 01:17:57,832] {dag.py:2396} INFO - Sync 1 DAGs
[2022-02-21 01:17:57,861] {logging_mixin.py:109} INFO - [2022-02-21 01:17:57,861] {dag.py:2935} INFO - Setting next_dagrun for example_complex to None
[2022-02-21 01:17:57,878] {processor.py:171} INFO - Processing /home/airflow/.local/lib/python3.7/site-packages/airflow/example_dags/example_complex.py took 0.115 seconds
[2022-02-21 01:18:28,309] {processor.py:163} INFO - Started process (PID=2382) to work on /home/airflow/.local/lib/python3.7/site-packages/airflow/example_dags/example_complex.py
[2022-02-21 01:18:28,310] {processor.py:642} INFO - Processing file /home/airflow/.local/lib/python3.7/site-packages/airflow/example_dags/example_complex.py for tasks to queue
[2022-02-21 01:18:28,311] {logging_mixin.py:109} INFO - [2022-02-21 01:18:28,311] {dagbag.py:500} INFO - Filling up the DagBag from /home/airflow/.local/lib/python3.7/site-packages/airflow/example_dags/example_complex.py
[2022-02-21 01:18:28,351] {processor.py:654} INFO - DAG(s) dict_keys(['example_complex']) retrieved from /home/airflow/.local/lib/python3.7/site-packages/airflow/example_dags/example_complex.py
[2022-02-21 01:18:28,364] {logging_mixin.py:109} INFO - [2022-02-21 01:18:28,364] {dag.py:2396} INFO - Sync 1 DAGs
[2022-02-21 01:18:28,378] {logging_mixin.py:109} INFO - [2022-02-21 01:18:28,378] {dag.py:2935} INFO - Setting next_dagrun for example_complex to None
[2022-02-21 01:18:28,387] {processor.py:171} INFO - Processing /home/airflow/.local/lib/python3.7/site-packages/airflow/example_dags/example_complex.py took 0.081 seconds
[2022-02-21 01:18:58,417] {processor.py:163} INFO - Started process (PID=2432) to work on /home/airflow/.local/lib/python3.7/site-packages/airflow/example_dags/example_complex.py
[2022-02-21 01:18:58,419] {processor.py:642} INFO - Processing file /home/airflow/.local/lib/python3.7/site-packages/airflow/example_dags/example_complex.py for tasks to queue
[2022-02-21 01:18:58,419] {logging_mixin.py:109} INFO - [2022-02-21 01:18:58,419] {dagbag.py:500} INFO - Filling up the DagBag from /home/airflow/.local/lib/python3.7/site-packages/airflow/example_dags/example_complex.py
[2022-02-21 01:18:58,451] {processor.py:654} INFO - DAG(s) dict_keys(['example_complex']) retrieved from /home/airflow/.local/lib/python3.7/site-packages/airflow/example_dags/example_complex.py
[2022-02-21 01:18:58,466] {logging_mixin.py:109} INFO - [2022-02-21 01:18:58,466] {dag.py:2396} INFO - Sync 1 DAGs
[2022-02-21 01:18:58,480] {logging_mixin.py:109} INFO - [2022-02-21 01:18:58,480] {dag.py:2935} INFO - Setting next_dagrun for example_complex to None
[2022-02-21 01:18:58,490] {processor.py:171} INFO - Processing /home/airflow/.local/lib/python3.7/site-packages/airflow/example_dags/example_complex.py took 0.077 seconds
[2022-02-21 01:19:28,596] {processor.py:163} INFO - Started process (PID=2492) to work on /home/airflow/.local/lib/python3.7/site-packages/airflow/example_dags/example_complex.py
[2022-02-21 01:19:28,597] {processor.py:642} INFO - Processing file /home/airflow/.local/lib/python3.7/site-packages/airflow/example_dags/example_complex.py for tasks to queue
[2022-02-21 01:19:28,598] {logging_mixin.py:109} INFO - [2022-02-21 01:19:28,598] {dagbag.py:500} INFO - Filling up the DagBag from /home/airflow/.local/lib/python3.7/site-packages/airflow/example_dags/example_complex.py
[2022-02-21 01:19:28,635] {processor.py:654} INFO - DAG(s) dict_keys(['example_complex']) retrieved from /home/airflow/.local/lib/python3.7/site-packages/airflow/example_dags/example_complex.py
[2022-02-21 01:19:28,654] {logging_mixin.py:109} INFO - [2022-02-21 01:19:28,654] {dag.py:2396} INFO - Sync 1 DAGs
[2022-02-21 01:19:28,676] {logging_mixin.py:109} INFO - [2022-02-21 01:19:28,676] {dag.py:2935} INFO - Setting next_dagrun for example_complex to None
[2022-02-21 01:19:28,690] {processor.py:171} INFO - Processing /home/airflow/.local/lib/python3.7/site-packages/airflow/example_dags/example_complex.py took 0.098 seconds
[2022-02-21 01:19:58,824] {processor.py:163} INFO - Started process (PID=2542) to work on /home/airflow/.local/lib/python3.7/site-packages/airflow/example_dags/example_complex.py
[2022-02-21 01:19:58,825] {processor.py:642} INFO - Processing file /home/airflow/.local/lib/python3.7/site-packages/airflow/example_dags/example_complex.py for tasks to queue
[2022-02-21 01:19:58,826] {logging_mixin.py:109} INFO - [2022-02-21 01:19:58,826] {dagbag.py:500} INFO - Filling up the DagBag from /home/airflow/.local/lib/python3.7/site-packages/airflow/example_dags/example_complex.py
[2022-02-21 01:19:58,861] {processor.py:654} INFO - DAG(s) dict_keys(['example_complex']) retrieved from /home/airflow/.local/lib/python3.7/site-packages/airflow/example_dags/example_complex.py
[2022-02-21 01:19:58,873] {logging_mixin.py:109} INFO - [2022-02-21 01:19:58,873] {dag.py:2396} INFO - Sync 1 DAGs
[2022-02-21 01:19:58,887] {logging_mixin.py:109} INFO - [2022-02-21 01:19:58,887] {dag.py:2935} INFO - Setting next_dagrun for example_complex to None
[2022-02-21 01:19:58,896] {processor.py:171} INFO - Processing /home/airflow/.local/lib/python3.7/site-packages/airflow/example_dags/example_complex.py took 0.075 seconds
[2022-02-21 01:20:28,945] {processor.py:163} INFO - Started process (PID=2594) to work on /home/airflow/.local/lib/python3.7/site-packages/airflow/example_dags/example_complex.py
[2022-02-21 01:20:28,947] {processor.py:642} INFO - Processing file /home/airflow/.local/lib/python3.7/site-packages/airflow/example_dags/example_complex.py for tasks to queue
[2022-02-21 01:20:28,948] {logging_mixin.py:109} INFO - [2022-02-21 01:20:28,948] {dagbag.py:500} INFO - Filling up the DagBag from /home/airflow/.local/lib/python3.7/site-packages/airflow/example_dags/example_complex.py
[2022-02-21 01:20:29,050] {processor.py:654} INFO - DAG(s) dict_keys(['example_complex']) retrieved from /home/airflow/.local/lib/python3.7/site-packages/airflow/example_dags/example_complex.py
[2022-02-21 01:20:29,108] {logging_mixin.py:109} INFO - [2022-02-21 01:20:29,108] {dag.py:2396} INFO - Sync 1 DAGs
[2022-02-21 01:20:29,171] {logging_mixin.py:109} INFO - [2022-02-21 01:20:29,170] {dag.py:2935} INFO - Setting next_dagrun for example_complex to None
[2022-02-21 01:20:29,212] {processor.py:171} INFO - Processing /home/airflow/.local/lib/python3.7/site-packages/airflow/example_dags/example_complex.py took 0.278 seconds
[2022-02-21 01:20:59,967] {processor.py:163} INFO - Started process (PID=2643) to work on /home/airflow/.local/lib/python3.7/site-packages/airflow/example_dags/example_complex.py
[2022-02-21 01:20:59,968] {processor.py:642} INFO - Processing file /home/airflow/.local/lib/python3.7/site-packages/airflow/example_dags/example_complex.py for tasks to queue
[2022-02-21 01:20:59,969] {logging_mixin.py:109} INFO - [2022-02-21 01:20:59,969] {dagbag.py:500} INFO - Filling up the DagBag from /home/airflow/.local/lib/python3.7/site-packages/airflow/example_dags/example_complex.py
[2022-02-21 01:21:00,015] {processor.py:654} INFO - DAG(s) dict_keys(['example_complex']) retrieved from /home/airflow/.local/lib/python3.7/site-packages/airflow/example_dags/example_complex.py
[2022-02-21 01:21:00,034] {logging_mixin.py:109} INFO - [2022-02-21 01:21:00,034] {dag.py:2396} INFO - Sync 1 DAGs
[2022-02-21 01:21:00,053] {logging_mixin.py:109} INFO - [2022-02-21 01:21:00,052] {dag.py:2935} INFO - Setting next_dagrun for example_complex to None
[2022-02-21 01:21:00,065] {processor.py:171} INFO - Processing /home/airflow/.local/lib/python3.7/site-packages/airflow/example_dags/example_complex.py took 0.102 seconds
[2022-02-21 01:21:30,300] {processor.py:163} INFO - Started process (PID=2693) to work on /home/airflow/.local/lib/python3.7/site-packages/airflow/example_dags/example_complex.py
[2022-02-21 01:21:30,301] {processor.py:642} INFO - Processing file /home/airflow/.local/lib/python3.7/site-packages/airflow/example_dags/example_complex.py for tasks to queue
[2022-02-21 01:21:30,302] {logging_mixin.py:109} INFO - [2022-02-21 01:21:30,302] {dagbag.py:500} INFO - Filling up the DagBag from /home/airflow/.local/lib/python3.7/site-packages/airflow/example_dags/example_complex.py
[2022-02-21 01:21:30,350] {processor.py:654} INFO - DAG(s) dict_keys(['example_complex']) retrieved from /home/airflow/.local/lib/python3.7/site-packages/airflow/example_dags/example_complex.py
[2022-02-21 01:21:30,375] {logging_mixin.py:109} INFO - [2022-02-21 01:21:30,375] {dag.py:2396} INFO - Sync 1 DAGs
[2022-02-21 01:21:30,398] {logging_mixin.py:109} INFO - [2022-02-21 01:21:30,398] {dag.py:2935} INFO - Setting next_dagrun for example_complex to None
[2022-02-21 01:21:30,414] {processor.py:171} INFO - Processing /home/airflow/.local/lib/python3.7/site-packages/airflow/example_dags/example_complex.py took 0.120 seconds
