[2022-02-21 00:59:03,166] {processor.py:163} INFO - Started process (PID=357) to work on /home/airflow/.local/lib/python3.7/site-packages/airflow/example_dags/example_xcomargs.py
[2022-02-21 00:59:03,168] {processor.py:642} INFO - Processing file /home/airflow/.local/lib/python3.7/site-packages/airflow/example_dags/example_xcomargs.py for tasks to queue
[2022-02-21 00:59:03,169] {logging_mixin.py:109} INFO - [2022-02-21 00:59:03,169] {dagbag.py:500} INFO - Filling up the DagBag from /home/airflow/.local/lib/python3.7/site-packages/airflow/example_dags/example_xcomargs.py
[2022-02-21 00:59:03,238] {processor.py:654} INFO - DAG(s) dict_keys(['example_xcom_args', 'example_xcom_args_with_operators']) retrieved from /home/airflow/.local/lib/python3.7/site-packages/airflow/example_dags/example_xcomargs.py
[2022-02-21 00:59:05,900] {logging_mixin.py:109} INFO - [2022-02-21 00:59:05,900] {manager.py:496} INFO - Created Permission View: can edit on DAG:example_xcom_args
[2022-02-21 00:59:05,911] {logging_mixin.py:109} INFO - [2022-02-21 00:59:05,911] {manager.py:496} INFO - Created Permission View: can read on DAG:example_xcom_args
[2022-02-21 00:59:05,934] {logging_mixin.py:109} INFO - [2022-02-21 00:59:05,934] {manager.py:496} INFO - Created Permission View: can edit on DAG:example_xcom_args_with_operators
[2022-02-21 00:59:05,945] {logging_mixin.py:109} INFO - [2022-02-21 00:59:05,945] {manager.py:496} INFO - Created Permission View: can read on DAG:example_xcom_args_with_operators
[2022-02-21 00:59:05,946] {logging_mixin.py:109} INFO - [2022-02-21 00:59:05,945] {dag.py:2396} INFO - Sync 2 DAGs
[2022-02-21 00:59:05,954] {logging_mixin.py:109} INFO - [2022-02-21 00:59:05,954] {dag.py:2415} INFO - Creating ORM DAG for example_xcom_args
[2022-02-21 00:59:05,955] {logging_mixin.py:109} INFO - [2022-02-21 00:59:05,955] {dag.py:2415} INFO - Creating ORM DAG for example_xcom_args_with_operators
[2022-02-21 00:59:05,964] {logging_mixin.py:109} INFO - [2022-02-21 00:59:05,964] {dag.py:2935} INFO - Setting next_dagrun for example_xcom_args to None
[2022-02-21 00:59:05,965] {logging_mixin.py:109} INFO - [2022-02-21 00:59:05,965] {dag.py:2935} INFO - Setting next_dagrun for example_xcom_args_with_operators to None
[2022-02-21 00:59:05,982] {processor.py:171} INFO - Processing /home/airflow/.local/lib/python3.7/site-packages/airflow/example_dags/example_xcomargs.py took 2.822 seconds
[2022-02-21 00:59:38,854] {processor.py:163} INFO - Started process (PID=436) to work on /home/airflow/.local/lib/python3.7/site-packages/airflow/example_dags/example_xcomargs.py
[2022-02-21 00:59:38,858] {processor.py:642} INFO - Processing file /home/airflow/.local/lib/python3.7/site-packages/airflow/example_dags/example_xcomargs.py for tasks to queue
[2022-02-21 00:59:38,859] {logging_mixin.py:109} INFO - [2022-02-21 00:59:38,859] {dagbag.py:500} INFO - Filling up the DagBag from /home/airflow/.local/lib/python3.7/site-packages/airflow/example_dags/example_xcomargs.py
[2022-02-21 00:59:39,012] {processor.py:654} INFO - DAG(s) dict_keys(['example_xcom_args', 'example_xcom_args_with_operators']) retrieved from /home/airflow/.local/lib/python3.7/site-packages/airflow/example_dags/example_xcomargs.py
[2022-02-21 00:59:39,939] {logging_mixin.py:109} INFO - [2022-02-21 00:59:39,939] {dag.py:2396} INFO - Sync 2 DAGs
[2022-02-21 00:59:39,985] {logging_mixin.py:109} INFO - [2022-02-21 00:59:39,984] {dag.py:2935} INFO - Setting next_dagrun for example_xcom_args to None
[2022-02-21 00:59:39,986] {logging_mixin.py:109} INFO - [2022-02-21 00:59:39,986] {dag.py:2935} INFO - Setting next_dagrun for example_xcom_args_with_operators to None
[2022-02-21 00:59:40,018] {processor.py:171} INFO - Processing /home/airflow/.local/lib/python3.7/site-packages/airflow/example_dags/example_xcomargs.py took 1.172 seconds
[2022-02-21 01:00:10,665] {processor.py:163} INFO - Started process (PID=491) to work on /home/airflow/.local/lib/python3.7/site-packages/airflow/example_dags/example_xcomargs.py
[2022-02-21 01:00:10,666] {processor.py:642} INFO - Processing file /home/airflow/.local/lib/python3.7/site-packages/airflow/example_dags/example_xcomargs.py for tasks to queue
[2022-02-21 01:00:10,667] {logging_mixin.py:109} INFO - [2022-02-21 01:00:10,667] {dagbag.py:500} INFO - Filling up the DagBag from /home/airflow/.local/lib/python3.7/site-packages/airflow/example_dags/example_xcomargs.py
[2022-02-21 01:00:10,720] {processor.py:654} INFO - DAG(s) dict_keys(['example_xcom_args', 'example_xcom_args_with_operators']) retrieved from /home/airflow/.local/lib/python3.7/site-packages/airflow/example_dags/example_xcomargs.py
[2022-02-21 01:00:11,303] {logging_mixin.py:109} INFO - [2022-02-21 01:00:11,303] {dag.py:2396} INFO - Sync 2 DAGs
[2022-02-21 01:00:11,331] {logging_mixin.py:109} INFO - [2022-02-21 01:00:11,330] {dag.py:2935} INFO - Setting next_dagrun for example_xcom_args to None
[2022-02-21 01:00:11,331] {logging_mixin.py:109} INFO - [2022-02-21 01:00:11,331] {dag.py:2935} INFO - Setting next_dagrun for example_xcom_args_with_operators to None
[2022-02-21 01:00:11,351] {processor.py:171} INFO - Processing /home/airflow/.local/lib/python3.7/site-packages/airflow/example_dags/example_xcomargs.py took 0.691 seconds
[2022-02-21 01:00:42,530] {processor.py:163} INFO - Started process (PID=545) to work on /home/airflow/.local/lib/python3.7/site-packages/airflow/example_dags/example_xcomargs.py
[2022-02-21 01:00:42,562] {processor.py:642} INFO - Processing file /home/airflow/.local/lib/python3.7/site-packages/airflow/example_dags/example_xcomargs.py for tasks to queue
[2022-02-21 01:00:42,562] {logging_mixin.py:109} INFO - [2022-02-21 01:00:42,562] {dagbag.py:500} INFO - Filling up the DagBag from /home/airflow/.local/lib/python3.7/site-packages/airflow/example_dags/example_xcomargs.py
[2022-02-21 01:00:42,590] {processor.py:654} INFO - DAG(s) dict_keys(['example_xcom_args', 'example_xcom_args_with_operators']) retrieved from /home/airflow/.local/lib/python3.7/site-packages/airflow/example_dags/example_xcomargs.py
[2022-02-21 01:00:42,809] {logging_mixin.py:109} INFO - [2022-02-21 01:00:42,809] {dag.py:2396} INFO - Sync 2 DAGs
[2022-02-21 01:00:42,820] {logging_mixin.py:109} INFO - [2022-02-21 01:00:42,820] {dag.py:2935} INFO - Setting next_dagrun for example_xcom_args to None
[2022-02-21 01:00:42,820] {logging_mixin.py:109} INFO - [2022-02-21 01:00:42,820] {dag.py:2935} INFO - Setting next_dagrun for example_xcom_args_with_operators to None
[2022-02-21 01:00:42,830] {processor.py:171} INFO - Processing /home/airflow/.local/lib/python3.7/site-packages/airflow/example_dags/example_xcomargs.py took 0.303 seconds
[2022-02-21 01:01:13,890] {processor.py:163} INFO - Started process (PID=599) to work on /home/airflow/.local/lib/python3.7/site-packages/airflow/example_dags/example_xcomargs.py
[2022-02-21 01:01:13,892] {processor.py:642} INFO - Processing file /home/airflow/.local/lib/python3.7/site-packages/airflow/example_dags/example_xcomargs.py for tasks to queue
[2022-02-21 01:01:13,892] {logging_mixin.py:109} INFO - [2022-02-21 01:01:13,892] {dagbag.py:500} INFO - Filling up the DagBag from /home/airflow/.local/lib/python3.7/site-packages/airflow/example_dags/example_xcomargs.py
[2022-02-21 01:01:13,947] {processor.py:654} INFO - DAG(s) dict_keys(['example_xcom_args', 'example_xcom_args_with_operators']) retrieved from /home/airflow/.local/lib/python3.7/site-packages/airflow/example_dags/example_xcomargs.py
[2022-02-21 01:01:14,339] {logging_mixin.py:109} INFO - [2022-02-21 01:01:14,338] {dag.py:2396} INFO - Sync 2 DAGs
[2022-02-21 01:01:14,358] {logging_mixin.py:109} INFO - [2022-02-21 01:01:14,358] {dag.py:2935} INFO - Setting next_dagrun for example_xcom_args to None
[2022-02-21 01:01:14,358] {logging_mixin.py:109} INFO - [2022-02-21 01:01:14,358] {dag.py:2935} INFO - Setting next_dagrun for example_xcom_args_with_operators to None
[2022-02-21 01:01:14,377] {processor.py:171} INFO - Processing /home/airflow/.local/lib/python3.7/site-packages/airflow/example_dags/example_xcomargs.py took 0.492 seconds
[2022-02-21 01:01:45,052] {processor.py:163} INFO - Started process (PID=660) to work on /home/airflow/.local/lib/python3.7/site-packages/airflow/example_dags/example_xcomargs.py
[2022-02-21 01:01:45,053] {processor.py:642} INFO - Processing file /home/airflow/.local/lib/python3.7/site-packages/airflow/example_dags/example_xcomargs.py for tasks to queue
[2022-02-21 01:01:45,054] {logging_mixin.py:109} INFO - [2022-02-21 01:01:45,054] {dagbag.py:500} INFO - Filling up the DagBag from /home/airflow/.local/lib/python3.7/site-packages/airflow/example_dags/example_xcomargs.py
[2022-02-21 01:01:45,085] {processor.py:654} INFO - DAG(s) dict_keys(['example_xcom_args', 'example_xcom_args_with_operators']) retrieved from /home/airflow/.local/lib/python3.7/site-packages/airflow/example_dags/example_xcomargs.py
[2022-02-21 01:01:45,374] {logging_mixin.py:109} INFO - [2022-02-21 01:01:45,374] {dag.py:2396} INFO - Sync 2 DAGs
[2022-02-21 01:01:45,395] {logging_mixin.py:109} INFO - [2022-02-21 01:01:45,395] {dag.py:2935} INFO - Setting next_dagrun for example_xcom_args to None
[2022-02-21 01:01:45,396] {logging_mixin.py:109} INFO - [2022-02-21 01:01:45,395] {dag.py:2935} INFO - Setting next_dagrun for example_xcom_args_with_operators to None
[2022-02-21 01:01:45,410] {processor.py:171} INFO - Processing /home/airflow/.local/lib/python3.7/site-packages/airflow/example_dags/example_xcomargs.py took 0.360 seconds
[2022-02-21 01:02:16,139] {processor.py:163} INFO - Started process (PID=711) to work on /home/airflow/.local/lib/python3.7/site-packages/airflow/example_dags/example_xcomargs.py
[2022-02-21 01:02:16,141] {processor.py:642} INFO - Processing file /home/airflow/.local/lib/python3.7/site-packages/airflow/example_dags/example_xcomargs.py for tasks to queue
[2022-02-21 01:02:16,142] {logging_mixin.py:109} INFO - [2022-02-21 01:02:16,142] {dagbag.py:500} INFO - Filling up the DagBag from /home/airflow/.local/lib/python3.7/site-packages/airflow/example_dags/example_xcomargs.py
[2022-02-21 01:02:16,196] {processor.py:654} INFO - DAG(s) dict_keys(['example_xcom_args', 'example_xcom_args_with_operators']) retrieved from /home/airflow/.local/lib/python3.7/site-packages/airflow/example_dags/example_xcomargs.py
[2022-02-21 01:02:16,562] {logging_mixin.py:109} INFO - [2022-02-21 01:02:16,561] {dag.py:2396} INFO - Sync 2 DAGs
[2022-02-21 01:02:16,579] {logging_mixin.py:109} INFO - [2022-02-21 01:02:16,579] {dag.py:2935} INFO - Setting next_dagrun for example_xcom_args to None
[2022-02-21 01:02:16,580] {logging_mixin.py:109} INFO - [2022-02-21 01:02:16,579] {dag.py:2935} INFO - Setting next_dagrun for example_xcom_args_with_operators to None
[2022-02-21 01:02:16,594] {processor.py:171} INFO - Processing /home/airflow/.local/lib/python3.7/site-packages/airflow/example_dags/example_xcomargs.py took 0.458 seconds
[2022-02-21 01:02:46,673] {processor.py:163} INFO - Started process (PID=769) to work on /home/airflow/.local/lib/python3.7/site-packages/airflow/example_dags/example_xcomargs.py
[2022-02-21 01:02:46,674] {processor.py:642} INFO - Processing file /home/airflow/.local/lib/python3.7/site-packages/airflow/example_dags/example_xcomargs.py for tasks to queue
[2022-02-21 01:02:46,675] {logging_mixin.py:109} INFO - [2022-02-21 01:02:46,675] {dagbag.py:500} INFO - Filling up the DagBag from /home/airflow/.local/lib/python3.7/site-packages/airflow/example_dags/example_xcomargs.py
[2022-02-21 01:02:46,714] {processor.py:654} INFO - DAG(s) dict_keys(['example_xcom_args', 'example_xcom_args_with_operators']) retrieved from /home/airflow/.local/lib/python3.7/site-packages/airflow/example_dags/example_xcomargs.py
[2022-02-21 01:02:47,061] {logging_mixin.py:109} INFO - [2022-02-21 01:02:47,061] {dag.py:2396} INFO - Sync 2 DAGs
[2022-02-21 01:02:47,079] {logging_mixin.py:109} INFO - [2022-02-21 01:02:47,079] {dag.py:2935} INFO - Setting next_dagrun for example_xcom_args to None
[2022-02-21 01:02:47,079] {logging_mixin.py:109} INFO - [2022-02-21 01:02:47,079] {dag.py:2935} INFO - Setting next_dagrun for example_xcom_args_with_operators to None
[2022-02-21 01:02:47,101] {processor.py:171} INFO - Processing /home/airflow/.local/lib/python3.7/site-packages/airflow/example_dags/example_xcomargs.py took 0.431 seconds
[2022-02-21 01:03:17,758] {processor.py:163} INFO - Started process (PID=822) to work on /home/airflow/.local/lib/python3.7/site-packages/airflow/example_dags/example_xcomargs.py
[2022-02-21 01:03:17,759] {processor.py:642} INFO - Processing file /home/airflow/.local/lib/python3.7/site-packages/airflow/example_dags/example_xcomargs.py for tasks to queue
[2022-02-21 01:03:17,760] {logging_mixin.py:109} INFO - [2022-02-21 01:03:17,760] {dagbag.py:500} INFO - Filling up the DagBag from /home/airflow/.local/lib/python3.7/site-packages/airflow/example_dags/example_xcomargs.py
[2022-02-21 01:03:17,791] {processor.py:654} INFO - DAG(s) dict_keys(['example_xcom_args', 'example_xcom_args_with_operators']) retrieved from /home/airflow/.local/lib/python3.7/site-packages/airflow/example_dags/example_xcomargs.py
[2022-02-21 01:03:18,019] {logging_mixin.py:109} INFO - [2022-02-21 01:03:18,019] {dag.py:2396} INFO - Sync 2 DAGs
[2022-02-21 01:03:18,029] {logging_mixin.py:109} INFO - [2022-02-21 01:03:18,029] {dag.py:2935} INFO - Setting next_dagrun for example_xcom_args to None
[2022-02-21 01:03:18,030] {logging_mixin.py:109} INFO - [2022-02-21 01:03:18,030] {dag.py:2935} INFO - Setting next_dagrun for example_xcom_args_with_operators to None
[2022-02-21 01:03:18,040] {processor.py:171} INFO - Processing /home/airflow/.local/lib/python3.7/site-packages/airflow/example_dags/example_xcomargs.py took 0.286 seconds
[2022-02-21 01:03:48,339] {processor.py:163} INFO - Started process (PID=873) to work on /home/airflow/.local/lib/python3.7/site-packages/airflow/example_dags/example_xcomargs.py
[2022-02-21 01:03:48,342] {processor.py:642} INFO - Processing file /home/airflow/.local/lib/python3.7/site-packages/airflow/example_dags/example_xcomargs.py for tasks to queue
[2022-02-21 01:03:48,344] {logging_mixin.py:109} INFO - [2022-02-21 01:03:48,343] {dagbag.py:500} INFO - Filling up the DagBag from /home/airflow/.local/lib/python3.7/site-packages/airflow/example_dags/example_xcomargs.py
[2022-02-21 01:03:48,423] {processor.py:654} INFO - DAG(s) dict_keys(['example_xcom_args', 'example_xcom_args_with_operators']) retrieved from /home/airflow/.local/lib/python3.7/site-packages/airflow/example_dags/example_xcomargs.py
[2022-02-21 01:03:49,142] {logging_mixin.py:109} INFO - [2022-02-21 01:03:49,141] {dag.py:2396} INFO - Sync 2 DAGs
[2022-02-21 01:03:49,174] {logging_mixin.py:109} INFO - [2022-02-21 01:03:49,174] {dag.py:2935} INFO - Setting next_dagrun for example_xcom_args to None
[2022-02-21 01:03:49,175] {logging_mixin.py:109} INFO - [2022-02-21 01:03:49,175] {dag.py:2935} INFO - Setting next_dagrun for example_xcom_args_with_operators to None
[2022-02-21 01:03:49,203] {processor.py:171} INFO - Processing /home/airflow/.local/lib/python3.7/site-packages/airflow/example_dags/example_xcomargs.py took 0.873 seconds
[2022-02-21 01:04:19,328] {processor.py:163} INFO - Started process (PID=933) to work on /home/airflow/.local/lib/python3.7/site-packages/airflow/example_dags/example_xcomargs.py
[2022-02-21 01:04:19,332] {processor.py:642} INFO - Processing file /home/airflow/.local/lib/python3.7/site-packages/airflow/example_dags/example_xcomargs.py for tasks to queue
[2022-02-21 01:04:19,334] {logging_mixin.py:109} INFO - [2022-02-21 01:04:19,334] {dagbag.py:500} INFO - Filling up the DagBag from /home/airflow/.local/lib/python3.7/site-packages/airflow/example_dags/example_xcomargs.py
[2022-02-21 01:04:19,459] {processor.py:654} INFO - DAG(s) dict_keys(['example_xcom_args', 'example_xcom_args_with_operators']) retrieved from /home/airflow/.local/lib/python3.7/site-packages/airflow/example_dags/example_xcomargs.py
[2022-02-21 01:04:21,361] {logging_mixin.py:109} INFO - [2022-02-21 01:04:21,361] {dag.py:2396} INFO - Sync 2 DAGs
[2022-02-21 01:04:21,458] {logging_mixin.py:109} INFO - [2022-02-21 01:04:21,458] {dag.py:2935} INFO - Setting next_dagrun for example_xcom_args to None
[2022-02-21 01:04:21,460] {logging_mixin.py:109} INFO - [2022-02-21 01:04:21,459] {dag.py:2935} INFO - Setting next_dagrun for example_xcom_args_with_operators to None
[2022-02-21 01:04:21,554] {processor.py:171} INFO - Processing /home/airflow/.local/lib/python3.7/site-packages/airflow/example_dags/example_xcomargs.py took 2.238 seconds
[2022-02-21 01:04:51,759] {processor.py:163} INFO - Started process (PID=984) to work on /home/airflow/.local/lib/python3.7/site-packages/airflow/example_dags/example_xcomargs.py
[2022-02-21 01:04:51,761] {processor.py:642} INFO - Processing file /home/airflow/.local/lib/python3.7/site-packages/airflow/example_dags/example_xcomargs.py for tasks to queue
[2022-02-21 01:04:51,762] {logging_mixin.py:109} INFO - [2022-02-21 01:04:51,762] {dagbag.py:500} INFO - Filling up the DagBag from /home/airflow/.local/lib/python3.7/site-packages/airflow/example_dags/example_xcomargs.py
[2022-02-21 01:04:51,804] {processor.py:654} INFO - DAG(s) dict_keys(['example_xcom_args', 'example_xcom_args_with_operators']) retrieved from /home/airflow/.local/lib/python3.7/site-packages/airflow/example_dags/example_xcomargs.py
[2022-02-21 01:04:52,170] {logging_mixin.py:109} INFO - [2022-02-21 01:04:52,170] {dag.py:2396} INFO - Sync 2 DAGs
[2022-02-21 01:04:52,191] {logging_mixin.py:109} INFO - [2022-02-21 01:04:52,191] {dag.py:2935} INFO - Setting next_dagrun for example_xcom_args to None
[2022-02-21 01:04:52,191] {logging_mixin.py:109} INFO - [2022-02-21 01:04:52,191] {dag.py:2935} INFO - Setting next_dagrun for example_xcom_args_with_operators to None
[2022-02-21 01:04:52,213] {processor.py:171} INFO - Processing /home/airflow/.local/lib/python3.7/site-packages/airflow/example_dags/example_xcomargs.py took 0.458 seconds
[2022-02-21 01:05:22,305] {processor.py:163} INFO - Started process (PID=1036) to work on /home/airflow/.local/lib/python3.7/site-packages/airflow/example_dags/example_xcomargs.py
[2022-02-21 01:05:22,307] {processor.py:642} INFO - Processing file /home/airflow/.local/lib/python3.7/site-packages/airflow/example_dags/example_xcomargs.py for tasks to queue
[2022-02-21 01:05:22,307] {logging_mixin.py:109} INFO - [2022-02-21 01:05:22,307] {dagbag.py:500} INFO - Filling up the DagBag from /home/airflow/.local/lib/python3.7/site-packages/airflow/example_dags/example_xcomargs.py
[2022-02-21 01:05:22,358] {processor.py:654} INFO - DAG(s) dict_keys(['example_xcom_args', 'example_xcom_args_with_operators']) retrieved from /home/airflow/.local/lib/python3.7/site-packages/airflow/example_dags/example_xcomargs.py
[2022-02-21 01:05:22,773] {logging_mixin.py:109} INFO - [2022-02-21 01:05:22,773] {dag.py:2396} INFO - Sync 2 DAGs
[2022-02-21 01:05:22,801] {logging_mixin.py:109} INFO - [2022-02-21 01:05:22,801] {dag.py:2935} INFO - Setting next_dagrun for example_xcom_args to None
[2022-02-21 01:05:22,802] {logging_mixin.py:109} INFO - [2022-02-21 01:05:22,801] {dag.py:2935} INFO - Setting next_dagrun for example_xcom_args_with_operators to None
[2022-02-21 01:05:22,820] {processor.py:171} INFO - Processing /home/airflow/.local/lib/python3.7/site-packages/airflow/example_dags/example_xcomargs.py took 0.520 seconds
[2022-02-21 01:05:53,736] {processor.py:163} INFO - Started process (PID=1088) to work on /home/airflow/.local/lib/python3.7/site-packages/airflow/example_dags/example_xcomargs.py
[2022-02-21 01:05:53,740] {processor.py:642} INFO - Processing file /home/airflow/.local/lib/python3.7/site-packages/airflow/example_dags/example_xcomargs.py for tasks to queue
[2022-02-21 01:05:53,742] {logging_mixin.py:109} INFO - [2022-02-21 01:05:53,742] {dagbag.py:500} INFO - Filling up the DagBag from /home/airflow/.local/lib/python3.7/site-packages/airflow/example_dags/example_xcomargs.py
[2022-02-21 01:05:53,830] {processor.py:654} INFO - DAG(s) dict_keys(['example_xcom_args', 'example_xcom_args_with_operators']) retrieved from /home/airflow/.local/lib/python3.7/site-packages/airflow/example_dags/example_xcomargs.py
[2022-02-21 01:05:54,932] {logging_mixin.py:109} INFO - [2022-02-21 01:05:54,931] {dag.py:2396} INFO - Sync 2 DAGs
[2022-02-21 01:05:54,974] {logging_mixin.py:109} INFO - [2022-02-21 01:05:54,974] {dag.py:2935} INFO - Setting next_dagrun for example_xcom_args to None
[2022-02-21 01:05:54,975] {logging_mixin.py:109} INFO - [2022-02-21 01:05:54,975] {dag.py:2935} INFO - Setting next_dagrun for example_xcom_args_with_operators to None
[2022-02-21 01:05:55,002] {processor.py:171} INFO - Processing /home/airflow/.local/lib/python3.7/site-packages/airflow/example_dags/example_xcomargs.py took 1.277 seconds
[2022-02-21 01:06:25,197] {processor.py:163} INFO - Started process (PID=1150) to work on /home/airflow/.local/lib/python3.7/site-packages/airflow/example_dags/example_xcomargs.py
[2022-02-21 01:06:25,199] {processor.py:642} INFO - Processing file /home/airflow/.local/lib/python3.7/site-packages/airflow/example_dags/example_xcomargs.py for tasks to queue
[2022-02-21 01:06:25,200] {logging_mixin.py:109} INFO - [2022-02-21 01:06:25,200] {dagbag.py:500} INFO - Filling up the DagBag from /home/airflow/.local/lib/python3.7/site-packages/airflow/example_dags/example_xcomargs.py
[2022-02-21 01:06:25,263] {processor.py:654} INFO - DAG(s) dict_keys(['example_xcom_args', 'example_xcom_args_with_operators']) retrieved from /home/airflow/.local/lib/python3.7/site-packages/airflow/example_dags/example_xcomargs.py
[2022-02-21 01:06:25,844] {logging_mixin.py:109} INFO - [2022-02-21 01:06:25,844] {dag.py:2396} INFO - Sync 2 DAGs
[2022-02-21 01:06:25,869] {logging_mixin.py:109} INFO - [2022-02-21 01:06:25,869] {dag.py:2935} INFO - Setting next_dagrun for example_xcom_args to None
[2022-02-21 01:06:25,869] {logging_mixin.py:109} INFO - [2022-02-21 01:06:25,869] {dag.py:2935} INFO - Setting next_dagrun for example_xcom_args_with_operators to None
[2022-02-21 01:06:25,891] {processor.py:171} INFO - Processing /home/airflow/.local/lib/python3.7/site-packages/airflow/example_dags/example_xcomargs.py took 0.701 seconds
[2022-02-21 01:06:56,169] {processor.py:163} INFO - Started process (PID=1200) to work on /home/airflow/.local/lib/python3.7/site-packages/airflow/example_dags/example_xcomargs.py
[2022-02-21 01:06:56,170] {processor.py:642} INFO - Processing file /home/airflow/.local/lib/python3.7/site-packages/airflow/example_dags/example_xcomargs.py for tasks to queue
[2022-02-21 01:06:56,171] {logging_mixin.py:109} INFO - [2022-02-21 01:06:56,171] {dagbag.py:500} INFO - Filling up the DagBag from /home/airflow/.local/lib/python3.7/site-packages/airflow/example_dags/example_xcomargs.py
[2022-02-21 01:06:56,226] {processor.py:654} INFO - DAG(s) dict_keys(['example_xcom_args', 'example_xcom_args_with_operators']) retrieved from /home/airflow/.local/lib/python3.7/site-packages/airflow/example_dags/example_xcomargs.py
[2022-02-21 01:06:56,605] {logging_mixin.py:109} INFO - [2022-02-21 01:06:56,605] {dag.py:2396} INFO - Sync 2 DAGs
[2022-02-21 01:06:56,625] {logging_mixin.py:109} INFO - [2022-02-21 01:06:56,625] {dag.py:2935} INFO - Setting next_dagrun for example_xcom_args to None
[2022-02-21 01:06:56,625] {logging_mixin.py:109} INFO - [2022-02-21 01:06:56,625] {dag.py:2935} INFO - Setting next_dagrun for example_xcom_args_with_operators to None
[2022-02-21 01:06:56,644] {processor.py:171} INFO - Processing /home/airflow/.local/lib/python3.7/site-packages/airflow/example_dags/example_xcomargs.py took 0.481 seconds
[2022-02-21 01:07:27,013] {processor.py:163} INFO - Started process (PID=1251) to work on /home/airflow/.local/lib/python3.7/site-packages/airflow/example_dags/example_xcomargs.py
[2022-02-21 01:07:27,016] {processor.py:642} INFO - Processing file /home/airflow/.local/lib/python3.7/site-packages/airflow/example_dags/example_xcomargs.py for tasks to queue
[2022-02-21 01:07:27,017] {logging_mixin.py:109} INFO - [2022-02-21 01:07:27,017] {dagbag.py:500} INFO - Filling up the DagBag from /home/airflow/.local/lib/python3.7/site-packages/airflow/example_dags/example_xcomargs.py
[2022-02-21 01:07:27,092] {processor.py:654} INFO - DAG(s) dict_keys(['example_xcom_args', 'example_xcom_args_with_operators']) retrieved from /home/airflow/.local/lib/python3.7/site-packages/airflow/example_dags/example_xcomargs.py
[2022-02-21 01:07:27,606] {logging_mixin.py:109} INFO - [2022-02-21 01:07:27,605] {dag.py:2396} INFO - Sync 2 DAGs
[2022-02-21 01:07:27,635] {logging_mixin.py:109} INFO - [2022-02-21 01:07:27,634] {dag.py:2935} INFO - Setting next_dagrun for example_xcom_args to None
[2022-02-21 01:07:27,635] {logging_mixin.py:109} INFO - [2022-02-21 01:07:27,635] {dag.py:2935} INFO - Setting next_dagrun for example_xcom_args_with_operators to None
[2022-02-21 01:07:27,655] {processor.py:171} INFO - Processing /home/airflow/.local/lib/python3.7/site-packages/airflow/example_dags/example_xcomargs.py took 0.649 seconds
[2022-02-21 01:07:57,812] {processor.py:163} INFO - Started process (PID=1302) to work on /home/airflow/.local/lib/python3.7/site-packages/airflow/example_dags/example_xcomargs.py
[2022-02-21 01:07:57,813] {processor.py:642} INFO - Processing file /home/airflow/.local/lib/python3.7/site-packages/airflow/example_dags/example_xcomargs.py for tasks to queue
[2022-02-21 01:07:57,814] {logging_mixin.py:109} INFO - [2022-02-21 01:07:57,814] {dagbag.py:500} INFO - Filling up the DagBag from /home/airflow/.local/lib/python3.7/site-packages/airflow/example_dags/example_xcomargs.py
[2022-02-21 01:07:57,861] {processor.py:654} INFO - DAG(s) dict_keys(['example_xcom_args', 'example_xcom_args_with_operators']) retrieved from /home/airflow/.local/lib/python3.7/site-packages/airflow/example_dags/example_xcomargs.py
[2022-02-21 01:07:58,231] {logging_mixin.py:109} INFO - [2022-02-21 01:07:58,231] {dag.py:2396} INFO - Sync 2 DAGs
[2022-02-21 01:07:58,249] {logging_mixin.py:109} INFO - [2022-02-21 01:07:58,249] {dag.py:2935} INFO - Setting next_dagrun for example_xcom_args to None
[2022-02-21 01:07:58,249] {logging_mixin.py:109} INFO - [2022-02-21 01:07:58,249] {dag.py:2935} INFO - Setting next_dagrun for example_xcom_args_with_operators to None
[2022-02-21 01:07:58,268] {processor.py:171} INFO - Processing /home/airflow/.local/lib/python3.7/site-packages/airflow/example_dags/example_xcomargs.py took 0.461 seconds
[2022-02-21 01:08:28,522] {processor.py:163} INFO - Started process (PID=1363) to work on /home/airflow/.local/lib/python3.7/site-packages/airflow/example_dags/example_xcomargs.py
[2022-02-21 01:08:28,524] {processor.py:642} INFO - Processing file /home/airflow/.local/lib/python3.7/site-packages/airflow/example_dags/example_xcomargs.py for tasks to queue
[2022-02-21 01:08:28,525] {logging_mixin.py:109} INFO - [2022-02-21 01:08:28,525] {dagbag.py:500} INFO - Filling up the DagBag from /home/airflow/.local/lib/python3.7/site-packages/airflow/example_dags/example_xcomargs.py
[2022-02-21 01:08:28,574] {processor.py:654} INFO - DAG(s) dict_keys(['example_xcom_args', 'example_xcom_args_with_operators']) retrieved from /home/airflow/.local/lib/python3.7/site-packages/airflow/example_dags/example_xcomargs.py
[2022-02-21 01:08:28,968] {logging_mixin.py:109} INFO - [2022-02-21 01:08:28,968] {dag.py:2396} INFO - Sync 2 DAGs
[2022-02-21 01:08:28,986] {logging_mixin.py:109} INFO - [2022-02-21 01:08:28,986] {dag.py:2935} INFO - Setting next_dagrun for example_xcom_args to None
[2022-02-21 01:08:28,987] {logging_mixin.py:109} INFO - [2022-02-21 01:08:28,987] {dag.py:2935} INFO - Setting next_dagrun for example_xcom_args_with_operators to None
[2022-02-21 01:08:29,010] {processor.py:171} INFO - Processing /home/airflow/.local/lib/python3.7/site-packages/airflow/example_dags/example_xcomargs.py took 0.493 seconds
[2022-02-21 01:08:59,130] {processor.py:163} INFO - Started process (PID=1413) to work on /home/airflow/.local/lib/python3.7/site-packages/airflow/example_dags/example_xcomargs.py
[2022-02-21 01:08:59,131] {processor.py:642} INFO - Processing file /home/airflow/.local/lib/python3.7/site-packages/airflow/example_dags/example_xcomargs.py for tasks to queue
[2022-02-21 01:08:59,131] {logging_mixin.py:109} INFO - [2022-02-21 01:08:59,131] {dagbag.py:500} INFO - Filling up the DagBag from /home/airflow/.local/lib/python3.7/site-packages/airflow/example_dags/example_xcomargs.py
[2022-02-21 01:08:59,165] {processor.py:654} INFO - DAG(s) dict_keys(['example_xcom_args', 'example_xcom_args_with_operators']) retrieved from /home/airflow/.local/lib/python3.7/site-packages/airflow/example_dags/example_xcomargs.py
[2022-02-21 01:08:59,420] {logging_mixin.py:109} INFO - [2022-02-21 01:08:59,420] {dag.py:2396} INFO - Sync 2 DAGs
[2022-02-21 01:08:59,433] {logging_mixin.py:109} INFO - [2022-02-21 01:08:59,432] {dag.py:2935} INFO - Setting next_dagrun for example_xcom_args to None
[2022-02-21 01:08:59,433] {logging_mixin.py:109} INFO - [2022-02-21 01:08:59,433] {dag.py:2935} INFO - Setting next_dagrun for example_xcom_args_with_operators to None
[2022-02-21 01:08:59,448] {processor.py:171} INFO - Processing /home/airflow/.local/lib/python3.7/site-packages/airflow/example_dags/example_xcomargs.py took 0.322 seconds
[2022-02-21 01:09:29,774] {processor.py:163} INFO - Started process (PID=1465) to work on /home/airflow/.local/lib/python3.7/site-packages/airflow/example_dags/example_xcomargs.py
[2022-02-21 01:09:29,777] {processor.py:642} INFO - Processing file /home/airflow/.local/lib/python3.7/site-packages/airflow/example_dags/example_xcomargs.py for tasks to queue
[2022-02-21 01:09:29,778] {logging_mixin.py:109} INFO - [2022-02-21 01:09:29,778] {dagbag.py:500} INFO - Filling up the DagBag from /home/airflow/.local/lib/python3.7/site-packages/airflow/example_dags/example_xcomargs.py
[2022-02-21 01:09:29,831] {processor.py:654} INFO - DAG(s) dict_keys(['example_xcom_args', 'example_xcom_args_with_operators']) retrieved from /home/airflow/.local/lib/python3.7/site-packages/airflow/example_dags/example_xcomargs.py
[2022-02-21 01:09:30,259] {logging_mixin.py:109} INFO - [2022-02-21 01:09:30,259] {dag.py:2396} INFO - Sync 2 DAGs
[2022-02-21 01:09:30,280] {logging_mixin.py:109} INFO - [2022-02-21 01:09:30,280] {dag.py:2935} INFO - Setting next_dagrun for example_xcom_args to None
[2022-02-21 01:09:30,280] {logging_mixin.py:109} INFO - [2022-02-21 01:09:30,280] {dag.py:2935} INFO - Setting next_dagrun for example_xcom_args_with_operators to None
[2022-02-21 01:09:30,302] {processor.py:171} INFO - Processing /home/airflow/.local/lib/python3.7/site-packages/airflow/example_dags/example_xcomargs.py took 0.532 seconds
[2022-02-21 01:10:00,858] {processor.py:163} INFO - Started process (PID=1516) to work on /home/airflow/.local/lib/python3.7/site-packages/airflow/example_dags/example_xcomargs.py
[2022-02-21 01:10:00,865] {processor.py:642} INFO - Processing file /home/airflow/.local/lib/python3.7/site-packages/airflow/example_dags/example_xcomargs.py for tasks to queue
[2022-02-21 01:10:00,867] {logging_mixin.py:109} INFO - [2022-02-21 01:10:00,866] {dagbag.py:500} INFO - Filling up the DagBag from /home/airflow/.local/lib/python3.7/site-packages/airflow/example_dags/example_xcomargs.py
[2022-02-21 01:10:00,966] {processor.py:654} INFO - DAG(s) dict_keys(['example_xcom_args', 'example_xcom_args_with_operators']) retrieved from /home/airflow/.local/lib/python3.7/site-packages/airflow/example_dags/example_xcomargs.py
[2022-02-21 01:10:01,711] {logging_mixin.py:109} INFO - [2022-02-21 01:10:01,711] {dag.py:2396} INFO - Sync 2 DAGs
[2022-02-21 01:10:01,745] {logging_mixin.py:109} INFO - [2022-02-21 01:10:01,745] {dag.py:2935} INFO - Setting next_dagrun for example_xcom_args to None
[2022-02-21 01:10:01,746] {logging_mixin.py:109} INFO - [2022-02-21 01:10:01,745] {dag.py:2935} INFO - Setting next_dagrun for example_xcom_args_with_operators to None
[2022-02-21 01:10:01,772] {processor.py:171} INFO - Processing /home/airflow/.local/lib/python3.7/site-packages/airflow/example_dags/example_xcomargs.py took 0.935 seconds
[2022-02-21 01:10:32,091] {processor.py:163} INFO - Started process (PID=1576) to work on /home/airflow/.local/lib/python3.7/site-packages/airflow/example_dags/example_xcomargs.py
[2022-02-21 01:10:32,094] {processor.py:642} INFO - Processing file /home/airflow/.local/lib/python3.7/site-packages/airflow/example_dags/example_xcomargs.py for tasks to queue
[2022-02-21 01:10:32,095] {logging_mixin.py:109} INFO - [2022-02-21 01:10:32,095] {dagbag.py:500} INFO - Filling up the DagBag from /home/airflow/.local/lib/python3.7/site-packages/airflow/example_dags/example_xcomargs.py
[2022-02-21 01:10:32,184] {processor.py:654} INFO - DAG(s) dict_keys(['example_xcom_args', 'example_xcom_args_with_operators']) retrieved from /home/airflow/.local/lib/python3.7/site-packages/airflow/example_dags/example_xcomargs.py
[2022-02-21 01:10:32,798] {logging_mixin.py:109} INFO - [2022-02-21 01:10:32,797] {dag.py:2396} INFO - Sync 2 DAGs
[2022-02-21 01:10:32,830] {logging_mixin.py:109} INFO - [2022-02-21 01:10:32,830] {dag.py:2935} INFO - Setting next_dagrun for example_xcom_args to None
[2022-02-21 01:10:32,830] {logging_mixin.py:109} INFO - [2022-02-21 01:10:32,830] {dag.py:2935} INFO - Setting next_dagrun for example_xcom_args_with_operators to None
[2022-02-21 01:10:32,864] {processor.py:171} INFO - Processing /home/airflow/.local/lib/python3.7/site-packages/airflow/example_dags/example_xcomargs.py took 0.780 seconds
[2022-02-21 01:11:02,947] {processor.py:163} INFO - Started process (PID=1626) to work on /home/airflow/.local/lib/python3.7/site-packages/airflow/example_dags/example_xcomargs.py
[2022-02-21 01:11:02,950] {processor.py:642} INFO - Processing file /home/airflow/.local/lib/python3.7/site-packages/airflow/example_dags/example_xcomargs.py for tasks to queue
[2022-02-21 01:11:02,951] {logging_mixin.py:109} INFO - [2022-02-21 01:11:02,951] {dagbag.py:500} INFO - Filling up the DagBag from /home/airflow/.local/lib/python3.7/site-packages/airflow/example_dags/example_xcomargs.py
[2022-02-21 01:11:03,031] {processor.py:654} INFO - DAG(s) dict_keys(['example_xcom_args', 'example_xcom_args_with_operators']) retrieved from /home/airflow/.local/lib/python3.7/site-packages/airflow/example_dags/example_xcomargs.py
[2022-02-21 01:11:03,517] {logging_mixin.py:109} INFO - [2022-02-21 01:11:03,517] {dag.py:2396} INFO - Sync 2 DAGs
[2022-02-21 01:11:03,538] {logging_mixin.py:109} INFO - [2022-02-21 01:11:03,538] {dag.py:2935} INFO - Setting next_dagrun for example_xcom_args to None
[2022-02-21 01:11:03,539] {logging_mixin.py:109} INFO - [2022-02-21 01:11:03,539] {dag.py:2935} INFO - Setting next_dagrun for example_xcom_args_with_operators to None
[2022-02-21 01:11:03,555] {processor.py:171} INFO - Processing /home/airflow/.local/lib/python3.7/site-packages/airflow/example_dags/example_xcomargs.py took 0.614 seconds
[2022-02-21 01:11:34,204] {processor.py:163} INFO - Started process (PID=1676) to work on /home/airflow/.local/lib/python3.7/site-packages/airflow/example_dags/example_xcomargs.py
[2022-02-21 01:11:34,205] {processor.py:642} INFO - Processing file /home/airflow/.local/lib/python3.7/site-packages/airflow/example_dags/example_xcomargs.py for tasks to queue
[2022-02-21 01:11:34,206] {logging_mixin.py:109} INFO - [2022-02-21 01:11:34,206] {dagbag.py:500} INFO - Filling up the DagBag from /home/airflow/.local/lib/python3.7/site-packages/airflow/example_dags/example_xcomargs.py
[2022-02-21 01:11:34,248] {processor.py:654} INFO - DAG(s) dict_keys(['example_xcom_args', 'example_xcom_args_with_operators']) retrieved from /home/airflow/.local/lib/python3.7/site-packages/airflow/example_dags/example_xcomargs.py
[2022-02-21 01:11:34,579] {logging_mixin.py:109} INFO - [2022-02-21 01:11:34,579] {dag.py:2396} INFO - Sync 2 DAGs
[2022-02-21 01:11:34,598] {logging_mixin.py:109} INFO - [2022-02-21 01:11:34,598] {dag.py:2935} INFO - Setting next_dagrun for example_xcom_args to None
[2022-02-21 01:11:34,599] {logging_mixin.py:109} INFO - [2022-02-21 01:11:34,598] {dag.py:2935} INFO - Setting next_dagrun for example_xcom_args_with_operators to None
[2022-02-21 01:11:34,617] {processor.py:171} INFO - Processing /home/airflow/.local/lib/python3.7/site-packages/airflow/example_dags/example_xcomargs.py took 0.417 seconds
[2022-02-21 01:12:04,638] {processor.py:163} INFO - Started process (PID=1727) to work on /home/airflow/.local/lib/python3.7/site-packages/airflow/example_dags/example_xcomargs.py
[2022-02-21 01:12:04,640] {processor.py:642} INFO - Processing file /home/airflow/.local/lib/python3.7/site-packages/airflow/example_dags/example_xcomargs.py for tasks to queue
[2022-02-21 01:12:04,642] {logging_mixin.py:109} INFO - [2022-02-21 01:12:04,641] {dagbag.py:500} INFO - Filling up the DagBag from /home/airflow/.local/lib/python3.7/site-packages/airflow/example_dags/example_xcomargs.py
[2022-02-21 01:12:04,703] {processor.py:654} INFO - DAG(s) dict_keys(['example_xcom_args', 'example_xcom_args_with_operators']) retrieved from /home/airflow/.local/lib/python3.7/site-packages/airflow/example_dags/example_xcomargs.py
[2022-02-21 01:12:05,210] {logging_mixin.py:109} INFO - [2022-02-21 01:12:05,210] {dag.py:2396} INFO - Sync 2 DAGs
[2022-02-21 01:12:05,237] {logging_mixin.py:109} INFO - [2022-02-21 01:12:05,237] {dag.py:2935} INFO - Setting next_dagrun for example_xcom_args to None
[2022-02-21 01:12:05,238] {logging_mixin.py:109} INFO - [2022-02-21 01:12:05,238] {dag.py:2935} INFO - Setting next_dagrun for example_xcom_args_with_operators to None
[2022-02-21 01:12:05,258] {processor.py:171} INFO - Processing /home/airflow/.local/lib/python3.7/site-packages/airflow/example_dags/example_xcomargs.py took 0.624 seconds
[2022-02-21 01:12:36,262] {processor.py:163} INFO - Started process (PID=1778) to work on /home/airflow/.local/lib/python3.7/site-packages/airflow/example_dags/example_xcomargs.py
[2022-02-21 01:12:36,264] {processor.py:642} INFO - Processing file /home/airflow/.local/lib/python3.7/site-packages/airflow/example_dags/example_xcomargs.py for tasks to queue
[2022-02-21 01:12:36,265] {logging_mixin.py:109} INFO - [2022-02-21 01:12:36,265] {dagbag.py:500} INFO - Filling up the DagBag from /home/airflow/.local/lib/python3.7/site-packages/airflow/example_dags/example_xcomargs.py
[2022-02-21 01:12:36,436] {processor.py:654} INFO - DAG(s) dict_keys(['example_xcom_args', 'example_xcom_args_with_operators']) retrieved from /home/airflow/.local/lib/python3.7/site-packages/airflow/example_dags/example_xcomargs.py
[2022-02-21 01:12:36,722] {logging_mixin.py:109} INFO - [2022-02-21 01:12:36,722] {dag.py:2396} INFO - Sync 2 DAGs
[2022-02-21 01:12:36,741] {logging_mixin.py:109} INFO - [2022-02-21 01:12:36,741] {dag.py:2935} INFO - Setting next_dagrun for example_xcom_args to None
[2022-02-21 01:12:36,742] {logging_mixin.py:109} INFO - [2022-02-21 01:12:36,742] {dag.py:2935} INFO - Setting next_dagrun for example_xcom_args_with_operators to None
[2022-02-21 01:12:36,761] {processor.py:171} INFO - Processing /home/airflow/.local/lib/python3.7/site-packages/airflow/example_dags/example_xcomargs.py took 0.505 seconds
[2022-02-21 01:13:06,901] {processor.py:163} INFO - Started process (PID=1840) to work on /home/airflow/.local/lib/python3.7/site-packages/airflow/example_dags/example_xcomargs.py
[2022-02-21 01:13:06,903] {processor.py:642} INFO - Processing file /home/airflow/.local/lib/python3.7/site-packages/airflow/example_dags/example_xcomargs.py for tasks to queue
[2022-02-21 01:13:06,904] {logging_mixin.py:109} INFO - [2022-02-21 01:13:06,904] {dagbag.py:500} INFO - Filling up the DagBag from /home/airflow/.local/lib/python3.7/site-packages/airflow/example_dags/example_xcomargs.py
[2022-02-21 01:13:07,057] {processor.py:654} INFO - DAG(s) dict_keys(['example_xcom_args', 'example_xcom_args_with_operators']) retrieved from /home/airflow/.local/lib/python3.7/site-packages/airflow/example_dags/example_xcomargs.py
[2022-02-21 01:13:07,404] {logging_mixin.py:109} INFO - [2022-02-21 01:13:07,404] {dag.py:2396} INFO - Sync 2 DAGs
[2022-02-21 01:13:07,425] {logging_mixin.py:109} INFO - [2022-02-21 01:13:07,425] {dag.py:2935} INFO - Setting next_dagrun for example_xcom_args to None
[2022-02-21 01:13:07,426] {logging_mixin.py:109} INFO - [2022-02-21 01:13:07,426] {dag.py:2935} INFO - Setting next_dagrun for example_xcom_args_with_operators to None
[2022-02-21 01:13:07,444] {processor.py:171} INFO - Processing /home/airflow/.local/lib/python3.7/site-packages/airflow/example_dags/example_xcomargs.py took 0.548 seconds
[2022-02-21 01:13:37,488] {processor.py:163} INFO - Started process (PID=1891) to work on /home/airflow/.local/lib/python3.7/site-packages/airflow/example_dags/example_xcomargs.py
[2022-02-21 01:13:37,489] {processor.py:642} INFO - Processing file /home/airflow/.local/lib/python3.7/site-packages/airflow/example_dags/example_xcomargs.py for tasks to queue
[2022-02-21 01:13:37,490] {logging_mixin.py:109} INFO - [2022-02-21 01:13:37,490] {dagbag.py:500} INFO - Filling up the DagBag from /home/airflow/.local/lib/python3.7/site-packages/airflow/example_dags/example_xcomargs.py
[2022-02-21 01:13:37,593] {processor.py:654} INFO - DAG(s) dict_keys(['example_xcom_args', 'example_xcom_args_with_operators']) retrieved from /home/airflow/.local/lib/python3.7/site-packages/airflow/example_dags/example_xcomargs.py
[2022-02-21 01:13:37,781] {logging_mixin.py:109} INFO - [2022-02-21 01:13:37,780] {dag.py:2396} INFO - Sync 2 DAGs
[2022-02-21 01:13:37,794] {logging_mixin.py:109} INFO - [2022-02-21 01:13:37,794] {dag.py:2935} INFO - Setting next_dagrun for example_xcom_args to None
[2022-02-21 01:13:37,794] {logging_mixin.py:109} INFO - [2022-02-21 01:13:37,794] {dag.py:2935} INFO - Setting next_dagrun for example_xcom_args_with_operators to None
[2022-02-21 01:13:37,805] {processor.py:171} INFO - Processing /home/airflow/.local/lib/python3.7/site-packages/airflow/example_dags/example_xcomargs.py took 0.320 seconds
[2022-02-21 01:14:08,512] {processor.py:163} INFO - Started process (PID=1942) to work on /home/airflow/.local/lib/python3.7/site-packages/airflow/example_dags/example_xcomargs.py
[2022-02-21 01:14:08,514] {processor.py:642} INFO - Processing file /home/airflow/.local/lib/python3.7/site-packages/airflow/example_dags/example_xcomargs.py for tasks to queue
[2022-02-21 01:14:08,516] {logging_mixin.py:109} INFO - [2022-02-21 01:14:08,516] {dagbag.py:500} INFO - Filling up the DagBag from /home/airflow/.local/lib/python3.7/site-packages/airflow/example_dags/example_xcomargs.py
[2022-02-21 01:14:08,736] {processor.py:654} INFO - DAG(s) dict_keys(['example_xcom_args', 'example_xcom_args_with_operators']) retrieved from /home/airflow/.local/lib/python3.7/site-packages/airflow/example_dags/example_xcomargs.py
[2022-02-21 01:14:09,138] {logging_mixin.py:109} INFO - [2022-02-21 01:14:09,138] {dag.py:2396} INFO - Sync 2 DAGs
[2022-02-21 01:14:09,161] {logging_mixin.py:109} INFO - [2022-02-21 01:14:09,161] {dag.py:2935} INFO - Setting next_dagrun for example_xcom_args to None
[2022-02-21 01:14:09,161] {logging_mixin.py:109} INFO - [2022-02-21 01:14:09,161] {dag.py:2935} INFO - Setting next_dagrun for example_xcom_args_with_operators to None
[2022-02-21 01:14:09,185] {processor.py:171} INFO - Processing /home/airflow/.local/lib/python3.7/site-packages/airflow/example_dags/example_xcomargs.py took 0.680 seconds
[2022-02-21 01:14:39,959] {processor.py:163} INFO - Started process (PID=1994) to work on /home/airflow/.local/lib/python3.7/site-packages/airflow/example_dags/example_xcomargs.py
[2022-02-21 01:14:39,961] {processor.py:642} INFO - Processing file /home/airflow/.local/lib/python3.7/site-packages/airflow/example_dags/example_xcomargs.py for tasks to queue
[2022-02-21 01:14:39,962] {logging_mixin.py:109} INFO - [2022-02-21 01:14:39,962] {dagbag.py:500} INFO - Filling up the DagBag from /home/airflow/.local/lib/python3.7/site-packages/airflow/example_dags/example_xcomargs.py
[2022-02-21 01:14:40,129] {processor.py:654} INFO - DAG(s) dict_keys(['example_xcom_args', 'example_xcom_args_with_operators']) retrieved from /home/airflow/.local/lib/python3.7/site-packages/airflow/example_dags/example_xcomargs.py
[2022-02-21 01:14:40,412] {logging_mixin.py:109} INFO - [2022-02-21 01:14:40,412] {dag.py:2396} INFO - Sync 2 DAGs
[2022-02-21 01:14:40,430] {logging_mixin.py:109} INFO - [2022-02-21 01:14:40,430] {dag.py:2935} INFO - Setting next_dagrun for example_xcom_args to None
[2022-02-21 01:14:40,430] {logging_mixin.py:109} INFO - [2022-02-21 01:14:40,430] {dag.py:2935} INFO - Setting next_dagrun for example_xcom_args_with_operators to None
[2022-02-21 01:14:40,449] {processor.py:171} INFO - Processing /home/airflow/.local/lib/python3.7/site-packages/airflow/example_dags/example_xcomargs.py took 0.496 seconds
[2022-02-21 01:15:10,834] {processor.py:163} INFO - Started process (PID=2054) to work on /home/airflow/.local/lib/python3.7/site-packages/airflow/example_dags/example_xcomargs.py
[2022-02-21 01:15:10,836] {processor.py:642} INFO - Processing file /home/airflow/.local/lib/python3.7/site-packages/airflow/example_dags/example_xcomargs.py for tasks to queue
[2022-02-21 01:15:10,837] {logging_mixin.py:109} INFO - [2022-02-21 01:15:10,837] {dagbag.py:500} INFO - Filling up the DagBag from /home/airflow/.local/lib/python3.7/site-packages/airflow/example_dags/example_xcomargs.py
[2022-02-21 01:15:10,900] {processor.py:654} INFO - DAG(s) dict_keys(['example_xcom_args', 'example_xcom_args_with_operators']) retrieved from /home/airflow/.local/lib/python3.7/site-packages/airflow/example_dags/example_xcomargs.py
[2022-02-21 01:15:11,311] {logging_mixin.py:109} INFO - [2022-02-21 01:15:11,310] {dag.py:2396} INFO - Sync 2 DAGs
[2022-02-21 01:15:11,346] {logging_mixin.py:109} INFO - [2022-02-21 01:15:11,346] {dag.py:2935} INFO - Setting next_dagrun for example_xcom_args to None
[2022-02-21 01:15:11,347] {logging_mixin.py:109} INFO - [2022-02-21 01:15:11,347] {dag.py:2935} INFO - Setting next_dagrun for example_xcom_args_with_operators to None
[2022-02-21 01:15:11,378] {processor.py:171} INFO - Processing /home/airflow/.local/lib/python3.7/site-packages/airflow/example_dags/example_xcomargs.py took 0.549 seconds
[2022-02-21 01:15:45,159] {processor.py:163} INFO - Started process (PID=2106) to work on /home/airflow/.local/lib/python3.7/site-packages/airflow/example_dags/example_xcomargs.py
[2022-02-21 01:15:45,163] {processor.py:642} INFO - Processing file /home/airflow/.local/lib/python3.7/site-packages/airflow/example_dags/example_xcomargs.py for tasks to queue
[2022-02-21 01:15:45,165] {logging_mixin.py:109} INFO - [2022-02-21 01:15:45,164] {dagbag.py:500} INFO - Filling up the DagBag from /home/airflow/.local/lib/python3.7/site-packages/airflow/example_dags/example_xcomargs.py
[2022-02-21 01:15:45,327] {processor.py:654} INFO - DAG(s) dict_keys(['example_xcom_args', 'example_xcom_args_with_operators']) retrieved from /home/airflow/.local/lib/python3.7/site-packages/airflow/example_dags/example_xcomargs.py
[2022-02-21 01:15:46,126] {logging_mixin.py:109} INFO - [2022-02-21 01:15:46,126] {dag.py:2396} INFO - Sync 2 DAGs
[2022-02-21 01:15:46,163] {logging_mixin.py:109} INFO - [2022-02-21 01:15:46,163] {dag.py:2935} INFO - Setting next_dagrun for example_xcom_args to None
[2022-02-21 01:15:46,164] {logging_mixin.py:109} INFO - [2022-02-21 01:15:46,164] {dag.py:2935} INFO - Setting next_dagrun for example_xcom_args_with_operators to None
[2022-02-21 01:15:46,204] {processor.py:171} INFO - Processing /home/airflow/.local/lib/python3.7/site-packages/airflow/example_dags/example_xcomargs.py took 1.053 seconds
[2022-02-21 01:16:16,981] {processor.py:163} INFO - Started process (PID=2149) to work on /home/airflow/.local/lib/python3.7/site-packages/airflow/example_dags/example_xcomargs.py
[2022-02-21 01:16:16,984] {processor.py:642} INFO - Processing file /home/airflow/.local/lib/python3.7/site-packages/airflow/example_dags/example_xcomargs.py for tasks to queue
[2022-02-21 01:16:16,986] {logging_mixin.py:109} INFO - [2022-02-21 01:16:16,985] {dagbag.py:500} INFO - Filling up the DagBag from /home/airflow/.local/lib/python3.7/site-packages/airflow/example_dags/example_xcomargs.py
[2022-02-21 01:16:17,112] {processor.py:654} INFO - DAG(s) dict_keys(['example_xcom_args', 'example_xcom_args_with_operators']) retrieved from /home/airflow/.local/lib/python3.7/site-packages/airflow/example_dags/example_xcomargs.py
[2022-02-21 01:16:17,686] {logging_mixin.py:109} INFO - [2022-02-21 01:16:17,686] {dag.py:2396} INFO - Sync 2 DAGs
[2022-02-21 01:16:17,716] {logging_mixin.py:109} INFO - [2022-02-21 01:16:17,716] {dag.py:2935} INFO - Setting next_dagrun for example_xcom_args to None
[2022-02-21 01:16:17,716] {logging_mixin.py:109} INFO - [2022-02-21 01:16:17,716] {dag.py:2935} INFO - Setting next_dagrun for example_xcom_args_with_operators to None
[2022-02-21 01:16:17,739] {processor.py:171} INFO - Processing /home/airflow/.local/lib/python3.7/site-packages/airflow/example_dags/example_xcomargs.py took 0.767 seconds
[2022-02-21 01:16:48,289] {processor.py:163} INFO - Started process (PID=2202) to work on /home/airflow/.local/lib/python3.7/site-packages/airflow/example_dags/example_xcomargs.py
[2022-02-21 01:16:48,291] {processor.py:642} INFO - Processing file /home/airflow/.local/lib/python3.7/site-packages/airflow/example_dags/example_xcomargs.py for tasks to queue
[2022-02-21 01:16:48,292] {logging_mixin.py:109} INFO - [2022-02-21 01:16:48,291] {dagbag.py:500} INFO - Filling up the DagBag from /home/airflow/.local/lib/python3.7/site-packages/airflow/example_dags/example_xcomargs.py
[2022-02-21 01:16:48,347] {processor.py:654} INFO - DAG(s) dict_keys(['example_xcom_args', 'example_xcom_args_with_operators']) retrieved from /home/airflow/.local/lib/python3.7/site-packages/airflow/example_dags/example_xcomargs.py
[2022-02-21 01:16:48,673] {logging_mixin.py:109} INFO - [2022-02-21 01:16:48,673] {dag.py:2396} INFO - Sync 2 DAGs
[2022-02-21 01:16:48,694] {logging_mixin.py:109} INFO - [2022-02-21 01:16:48,693] {dag.py:2935} INFO - Setting next_dagrun for example_xcom_args to None
[2022-02-21 01:16:48,694] {logging_mixin.py:109} INFO - [2022-02-21 01:16:48,694] {dag.py:2935} INFO - Setting next_dagrun for example_xcom_args_with_operators to None
[2022-02-21 01:16:48,715] {processor.py:171} INFO - Processing /home/airflow/.local/lib/python3.7/site-packages/airflow/example_dags/example_xcomargs.py took 0.431 seconds
[2022-02-21 01:17:18,865] {processor.py:163} INFO - Started process (PID=2262) to work on /home/airflow/.local/lib/python3.7/site-packages/airflow/example_dags/example_xcomargs.py
[2022-02-21 01:17:18,867] {processor.py:642} INFO - Processing file /home/airflow/.local/lib/python3.7/site-packages/airflow/example_dags/example_xcomargs.py for tasks to queue
[2022-02-21 01:17:18,868] {logging_mixin.py:109} INFO - [2022-02-21 01:17:18,868] {dagbag.py:500} INFO - Filling up the DagBag from /home/airflow/.local/lib/python3.7/site-packages/airflow/example_dags/example_xcomargs.py
[2022-02-21 01:17:18,919] {processor.py:654} INFO - DAG(s) dict_keys(['example_xcom_args', 'example_xcom_args_with_operators']) retrieved from /home/airflow/.local/lib/python3.7/site-packages/airflow/example_dags/example_xcomargs.py
[2022-02-21 01:17:19,243] {logging_mixin.py:109} INFO - [2022-02-21 01:17:19,243] {dag.py:2396} INFO - Sync 2 DAGs
[2022-02-21 01:17:19,269] {logging_mixin.py:109} INFO - [2022-02-21 01:17:19,269] {dag.py:2935} INFO - Setting next_dagrun for example_xcom_args to None
[2022-02-21 01:17:19,269] {logging_mixin.py:109} INFO - [2022-02-21 01:17:19,269] {dag.py:2935} INFO - Setting next_dagrun for example_xcom_args_with_operators to None
[2022-02-21 01:17:19,286] {processor.py:171} INFO - Processing /home/airflow/.local/lib/python3.7/site-packages/airflow/example_dags/example_xcomargs.py took 0.425 seconds
[2022-02-21 01:17:49,368] {processor.py:163} INFO - Started process (PID=2315) to work on /home/airflow/.local/lib/python3.7/site-packages/airflow/example_dags/example_xcomargs.py
[2022-02-21 01:17:49,369] {processor.py:642} INFO - Processing file /home/airflow/.local/lib/python3.7/site-packages/airflow/example_dags/example_xcomargs.py for tasks to queue
[2022-02-21 01:17:49,370] {logging_mixin.py:109} INFO - [2022-02-21 01:17:49,370] {dagbag.py:500} INFO - Filling up the DagBag from /home/airflow/.local/lib/python3.7/site-packages/airflow/example_dags/example_xcomargs.py
[2022-02-21 01:17:49,405] {processor.py:654} INFO - DAG(s) dict_keys(['example_xcom_args', 'example_xcom_args_with_operators']) retrieved from /home/airflow/.local/lib/python3.7/site-packages/airflow/example_dags/example_xcomargs.py
[2022-02-21 01:17:49,639] {logging_mixin.py:109} INFO - [2022-02-21 01:17:49,638] {dag.py:2396} INFO - Sync 2 DAGs
[2022-02-21 01:17:49,656] {logging_mixin.py:109} INFO - [2022-02-21 01:17:49,655] {dag.py:2935} INFO - Setting next_dagrun for example_xcom_args to None
[2022-02-21 01:17:49,656] {logging_mixin.py:109} INFO - [2022-02-21 01:17:49,656] {dag.py:2935} INFO - Setting next_dagrun for example_xcom_args_with_operators to None
[2022-02-21 01:17:49,670] {processor.py:171} INFO - Processing /home/airflow/.local/lib/python3.7/site-packages/airflow/example_dags/example_xcomargs.py took 0.306 seconds
[2022-02-21 01:18:19,825] {processor.py:163} INFO - Started process (PID=2363) to work on /home/airflow/.local/lib/python3.7/site-packages/airflow/example_dags/example_xcomargs.py
[2022-02-21 01:18:19,827] {processor.py:642} INFO - Processing file /home/airflow/.local/lib/python3.7/site-packages/airflow/example_dags/example_xcomargs.py for tasks to queue
[2022-02-21 01:18:19,828] {logging_mixin.py:109} INFO - [2022-02-21 01:18:19,828] {dagbag.py:500} INFO - Filling up the DagBag from /home/airflow/.local/lib/python3.7/site-packages/airflow/example_dags/example_xcomargs.py
[2022-02-21 01:18:19,876] {processor.py:654} INFO - DAG(s) dict_keys(['example_xcom_args', 'example_xcom_args_with_operators']) retrieved from /home/airflow/.local/lib/python3.7/site-packages/airflow/example_dags/example_xcomargs.py
[2022-02-21 01:18:20,184] {logging_mixin.py:109} INFO - [2022-02-21 01:18:20,184] {dag.py:2396} INFO - Sync 2 DAGs
[2022-02-21 01:18:20,211] {logging_mixin.py:109} INFO - [2022-02-21 01:18:20,210] {dag.py:2935} INFO - Setting next_dagrun for example_xcom_args to None
[2022-02-21 01:18:20,211] {logging_mixin.py:109} INFO - [2022-02-21 01:18:20,211] {dag.py:2935} INFO - Setting next_dagrun for example_xcom_args_with_operators to None
[2022-02-21 01:18:20,228] {processor.py:171} INFO - Processing /home/airflow/.local/lib/python3.7/site-packages/airflow/example_dags/example_xcomargs.py took 0.408 seconds
[2022-02-21 01:18:51,057] {processor.py:163} INFO - Started process (PID=2425) to work on /home/airflow/.local/lib/python3.7/site-packages/airflow/example_dags/example_xcomargs.py
[2022-02-21 01:18:51,058] {processor.py:642} INFO - Processing file /home/airflow/.local/lib/python3.7/site-packages/airflow/example_dags/example_xcomargs.py for tasks to queue
[2022-02-21 01:18:51,059] {logging_mixin.py:109} INFO - [2022-02-21 01:18:51,059] {dagbag.py:500} INFO - Filling up the DagBag from /home/airflow/.local/lib/python3.7/site-packages/airflow/example_dags/example_xcomargs.py
[2022-02-21 01:18:51,104] {processor.py:654} INFO - DAG(s) dict_keys(['example_xcom_args', 'example_xcom_args_with_operators']) retrieved from /home/airflow/.local/lib/python3.7/site-packages/airflow/example_dags/example_xcomargs.py
[2022-02-21 01:18:51,435] {logging_mixin.py:109} INFO - [2022-02-21 01:18:51,435] {dag.py:2396} INFO - Sync 2 DAGs
[2022-02-21 01:18:51,456] {logging_mixin.py:109} INFO - [2022-02-21 01:18:51,456] {dag.py:2935} INFO - Setting next_dagrun for example_xcom_args to None
[2022-02-21 01:18:51,456] {logging_mixin.py:109} INFO - [2022-02-21 01:18:51,456] {dag.py:2935} INFO - Setting next_dagrun for example_xcom_args_with_operators to None
[2022-02-21 01:18:51,482] {processor.py:171} INFO - Processing /home/airflow/.local/lib/python3.7/site-packages/airflow/example_dags/example_xcomargs.py took 0.429 seconds
[2022-02-21 01:19:22,086] {processor.py:163} INFO - Started process (PID=2476) to work on /home/airflow/.local/lib/python3.7/site-packages/airflow/example_dags/example_xcomargs.py
[2022-02-21 01:19:22,091] {processor.py:642} INFO - Processing file /home/airflow/.local/lib/python3.7/site-packages/airflow/example_dags/example_xcomargs.py for tasks to queue
[2022-02-21 01:19:22,092] {logging_mixin.py:109} INFO - [2022-02-21 01:19:22,092] {dagbag.py:500} INFO - Filling up the DagBag from /home/airflow/.local/lib/python3.7/site-packages/airflow/example_dags/example_xcomargs.py
[2022-02-21 01:19:22,142] {processor.py:654} INFO - DAG(s) dict_keys(['example_xcom_args', 'example_xcom_args_with_operators']) retrieved from /home/airflow/.local/lib/python3.7/site-packages/airflow/example_dags/example_xcomargs.py
[2022-02-21 01:19:22,160] {logging_mixin.py:109} INFO - [2022-02-21 01:19:22,159] {dag.py:2396} INFO - Sync 2 DAGs
[2022-02-21 01:19:22,179] {logging_mixin.py:109} INFO - [2022-02-21 01:19:22,179] {dag.py:2935} INFO - Setting next_dagrun for example_xcom_args to None
[2022-02-21 01:19:22,179] {logging_mixin.py:109} INFO - [2022-02-21 01:19:22,179] {dag.py:2935} INFO - Setting next_dagrun for example_xcom_args_with_operators to None
[2022-02-21 01:19:22,192] {processor.py:171} INFO - Processing /home/airflow/.local/lib/python3.7/site-packages/airflow/example_dags/example_xcomargs.py took 0.110 seconds
[2022-02-21 01:19:52,365] {processor.py:163} INFO - Started process (PID=2526) to work on /home/airflow/.local/lib/python3.7/site-packages/airflow/example_dags/example_xcomargs.py
[2022-02-21 01:19:52,367] {processor.py:642} INFO - Processing file /home/airflow/.local/lib/python3.7/site-packages/airflow/example_dags/example_xcomargs.py for tasks to queue
[2022-02-21 01:19:52,368] {logging_mixin.py:109} INFO - [2022-02-21 01:19:52,367] {dagbag.py:500} INFO - Filling up the DagBag from /home/airflow/.local/lib/python3.7/site-packages/airflow/example_dags/example_xcomargs.py
[2022-02-21 01:19:52,415] {processor.py:654} INFO - DAG(s) dict_keys(['example_xcom_args', 'example_xcom_args_with_operators']) retrieved from /home/airflow/.local/lib/python3.7/site-packages/airflow/example_dags/example_xcomargs.py
[2022-02-21 01:19:52,707] {logging_mixin.py:109} INFO - [2022-02-21 01:19:52,707] {dag.py:2396} INFO - Sync 2 DAGs
[2022-02-21 01:19:52,727] {logging_mixin.py:109} INFO - [2022-02-21 01:19:52,727] {dag.py:2935} INFO - Setting next_dagrun for example_xcom_args to None
[2022-02-21 01:19:52,728] {logging_mixin.py:109} INFO - [2022-02-21 01:19:52,728] {dag.py:2935} INFO - Setting next_dagrun for example_xcom_args_with_operators to None
[2022-02-21 01:19:52,748] {processor.py:171} INFO - Processing /home/airflow/.local/lib/python3.7/site-packages/airflow/example_dags/example_xcomargs.py took 0.388 seconds
[2022-02-21 01:20:22,849] {processor.py:163} INFO - Started process (PID=2586) to work on /home/airflow/.local/lib/python3.7/site-packages/airflow/example_dags/example_xcomargs.py
[2022-02-21 01:20:22,856] {processor.py:642} INFO - Processing file /home/airflow/.local/lib/python3.7/site-packages/airflow/example_dags/example_xcomargs.py for tasks to queue
[2022-02-21 01:20:22,859] {logging_mixin.py:109} INFO - [2022-02-21 01:20:22,858] {dagbag.py:500} INFO - Filling up the DagBag from /home/airflow/.local/lib/python3.7/site-packages/airflow/example_dags/example_xcomargs.py
[2022-02-21 01:20:22,972] {processor.py:654} INFO - DAG(s) dict_keys(['example_xcom_args', 'example_xcom_args_with_operators']) retrieved from /home/airflow/.local/lib/python3.7/site-packages/airflow/example_dags/example_xcomargs.py
[2022-02-21 01:20:24,060] {logging_mixin.py:109} INFO - [2022-02-21 01:20:24,059] {dag.py:2396} INFO - Sync 2 DAGs
[2022-02-21 01:20:24,250] {logging_mixin.py:109} INFO - [2022-02-21 01:20:24,250] {dag.py:2935} INFO - Setting next_dagrun for example_xcom_args to None
[2022-02-21 01:20:24,252] {logging_mixin.py:109} INFO - [2022-02-21 01:20:24,251] {dag.py:2935} INFO - Setting next_dagrun for example_xcom_args_with_operators to None
[2022-02-21 01:20:24,353] {processor.py:171} INFO - Processing /home/airflow/.local/lib/python3.7/site-packages/airflow/example_dags/example_xcomargs.py took 1.517 seconds
[2022-02-21 01:20:55,418] {processor.py:163} INFO - Started process (PID=2638) to work on /home/airflow/.local/lib/python3.7/site-packages/airflow/example_dags/example_xcomargs.py
[2022-02-21 01:20:55,420] {processor.py:642} INFO - Processing file /home/airflow/.local/lib/python3.7/site-packages/airflow/example_dags/example_xcomargs.py for tasks to queue
[2022-02-21 01:20:55,421] {logging_mixin.py:109} INFO - [2022-02-21 01:20:55,420] {dagbag.py:500} INFO - Filling up the DagBag from /home/airflow/.local/lib/python3.7/site-packages/airflow/example_dags/example_xcomargs.py
[2022-02-21 01:20:55,464] {processor.py:654} INFO - DAG(s) dict_keys(['example_xcom_args', 'example_xcom_args_with_operators']) retrieved from /home/airflow/.local/lib/python3.7/site-packages/airflow/example_dags/example_xcomargs.py
[2022-02-21 01:20:55,739] {logging_mixin.py:109} INFO - [2022-02-21 01:20:55,739] {dag.py:2396} INFO - Sync 2 DAGs
[2022-02-21 01:20:55,762] {logging_mixin.py:109} INFO - [2022-02-21 01:20:55,761] {dag.py:2935} INFO - Setting next_dagrun for example_xcom_args to None
[2022-02-21 01:20:55,762] {logging_mixin.py:109} INFO - [2022-02-21 01:20:55,762] {dag.py:2935} INFO - Setting next_dagrun for example_xcom_args_with_operators to None
[2022-02-21 01:20:55,783] {processor.py:171} INFO - Processing /home/airflow/.local/lib/python3.7/site-packages/airflow/example_dags/example_xcomargs.py took 0.370 seconds
[2022-02-21 01:21:25,959] {processor.py:163} INFO - Started process (PID=2688) to work on /home/airflow/.local/lib/python3.7/site-packages/airflow/example_dags/example_xcomargs.py
[2022-02-21 01:21:25,960] {processor.py:642} INFO - Processing file /home/airflow/.local/lib/python3.7/site-packages/airflow/example_dags/example_xcomargs.py for tasks to queue
[2022-02-21 01:21:25,960] {logging_mixin.py:109} INFO - [2022-02-21 01:21:25,960] {dagbag.py:500} INFO - Filling up the DagBag from /home/airflow/.local/lib/python3.7/site-packages/airflow/example_dags/example_xcomargs.py
[2022-02-21 01:21:25,996] {processor.py:654} INFO - DAG(s) dict_keys(['example_xcom_args', 'example_xcom_args_with_operators']) retrieved from /home/airflow/.local/lib/python3.7/site-packages/airflow/example_dags/example_xcomargs.py
[2022-02-21 01:21:26,232] {logging_mixin.py:109} INFO - [2022-02-21 01:21:26,232] {dag.py:2396} INFO - Sync 2 DAGs
[2022-02-21 01:21:26,249] {logging_mixin.py:109} INFO - [2022-02-21 01:21:26,249] {dag.py:2935} INFO - Setting next_dagrun for example_xcom_args to None
[2022-02-21 01:21:26,250] {logging_mixin.py:109} INFO - [2022-02-21 01:21:26,250] {dag.py:2935} INFO - Setting next_dagrun for example_xcom_args_with_operators to None
[2022-02-21 01:21:26,268] {processor.py:171} INFO - Processing /home/airflow/.local/lib/python3.7/site-packages/airflow/example_dags/example_xcomargs.py took 0.313 seconds
