[2022-02-21 00:57:49,555] {processor.py:163} INFO - Started process (PID=77) to work on /home/airflow/.local/lib/python3.7/site-packages/airflow/example_dags/example_kubernetes_executor.py
[2022-02-21 00:57:49,558] {processor.py:642} INFO - Processing file /home/airflow/.local/lib/python3.7/site-packages/airflow/example_dags/example_kubernetes_executor.py for tasks to queue
[2022-02-21 00:57:49,560] {logging_mixin.py:109} INFO - [2022-02-21 00:57:49,559] {dagbag.py:500} INFO - Filling up the DagBag from /home/airflow/.local/lib/python3.7/site-packages/airflow/example_dags/example_kubernetes_executor.py
[2022-02-21 00:57:49,689] {processor.py:654} INFO - DAG(s) dict_keys(['example_kubernetes_executor']) retrieved from /home/airflow/.local/lib/python3.7/site-packages/airflow/example_dags/example_kubernetes_executor.py
[2022-02-21 00:58:04,007] {logging_mixin.py:109} INFO - [2022-02-21 00:58:04,007] {manager.py:496} INFO - Created Permission View: can edit on DAG:example_kubernetes_executor
[2022-02-21 00:58:04,023] {logging_mixin.py:109} INFO - [2022-02-21 00:58:04,023] {manager.py:496} INFO - Created Permission View: can read on DAG:example_kubernetes_executor
[2022-02-21 00:58:04,024] {logging_mixin.py:109} INFO - [2022-02-21 00:58:04,023] {dag.py:2396} INFO - Sync 1 DAGs
[2022-02-21 00:58:04,036] {logging_mixin.py:109} INFO - [2022-02-21 00:58:04,036] {dag.py:2415} INFO - Creating ORM DAG for example_kubernetes_executor
[2022-02-21 00:58:04,050] {logging_mixin.py:109} INFO - [2022-02-21 00:58:04,050] {dag.py:2935} INFO - Setting next_dagrun for example_kubernetes_executor to None
[2022-02-21 00:58:04,072] {processor.py:171} INFO - Processing /home/airflow/.local/lib/python3.7/site-packages/airflow/example_dags/example_kubernetes_executor.py took 14.535 seconds
[2022-02-21 00:59:06,010] {processor.py:163} INFO - Started process (PID=372) to work on /home/airflow/.local/lib/python3.7/site-packages/airflow/example_dags/example_kubernetes_executor.py
[2022-02-21 00:59:06,012] {processor.py:642} INFO - Processing file /home/airflow/.local/lib/python3.7/site-packages/airflow/example_dags/example_kubernetes_executor.py for tasks to queue
[2022-02-21 00:59:06,013] {logging_mixin.py:109} INFO - [2022-02-21 00:59:06,013] {dagbag.py:500} INFO - Filling up the DagBag from /home/airflow/.local/lib/python3.7/site-packages/airflow/example_dags/example_kubernetes_executor.py
[2022-02-21 00:59:06,058] {processor.py:654} INFO - DAG(s) dict_keys(['example_kubernetes_executor']) retrieved from /home/airflow/.local/lib/python3.7/site-packages/airflow/example_dags/example_kubernetes_executor.py
[2022-02-21 00:59:06,075] {logging_mixin.py:109} INFO - [2022-02-21 00:59:06,074] {dag.py:2396} INFO - Sync 1 DAGs
[2022-02-21 00:59:06,095] {logging_mixin.py:109} INFO - [2022-02-21 00:59:06,094] {dag.py:2935} INFO - Setting next_dagrun for example_kubernetes_executor to None
[2022-02-21 00:59:06,107] {processor.py:171} INFO - Processing /home/airflow/.local/lib/python3.7/site-packages/airflow/example_dags/example_kubernetes_executor.py took 0.101 seconds
[2022-02-21 00:59:37,713] {processor.py:163} INFO - Started process (PID=423) to work on /home/airflow/.local/lib/python3.7/site-packages/airflow/example_dags/example_kubernetes_executor.py
[2022-02-21 00:59:37,717] {processor.py:642} INFO - Processing file /home/airflow/.local/lib/python3.7/site-packages/airflow/example_dags/example_kubernetes_executor.py for tasks to queue
[2022-02-21 00:59:37,722] {logging_mixin.py:109} INFO - [2022-02-21 00:59:37,720] {dagbag.py:500} INFO - Filling up the DagBag from /home/airflow/.local/lib/python3.7/site-packages/airflow/example_dags/example_kubernetes_executor.py
[2022-02-21 00:59:37,863] {processor.py:654} INFO - DAG(s) dict_keys(['example_kubernetes_executor']) retrieved from /home/airflow/.local/lib/python3.7/site-packages/airflow/example_dags/example_kubernetes_executor.py
[2022-02-21 00:59:37,922] {logging_mixin.py:109} INFO - [2022-02-21 00:59:37,921] {dag.py:2396} INFO - Sync 1 DAGs
[2022-02-21 00:59:37,970] {logging_mixin.py:109} INFO - [2022-02-21 00:59:37,970] {dag.py:2935} INFO - Setting next_dagrun for example_kubernetes_executor to None
[2022-02-21 00:59:37,997] {processor.py:171} INFO - Processing /home/airflow/.local/lib/python3.7/site-packages/airflow/example_dags/example_kubernetes_executor.py took 0.304 seconds
[2022-02-21 01:00:08,293] {processor.py:163} INFO - Started process (PID=482) to work on /home/airflow/.local/lib/python3.7/site-packages/airflow/example_dags/example_kubernetes_executor.py
[2022-02-21 01:00:08,294] {processor.py:642} INFO - Processing file /home/airflow/.local/lib/python3.7/site-packages/airflow/example_dags/example_kubernetes_executor.py for tasks to queue
[2022-02-21 01:00:08,295] {logging_mixin.py:109} INFO - [2022-02-21 01:00:08,295] {dagbag.py:500} INFO - Filling up the DagBag from /home/airflow/.local/lib/python3.7/site-packages/airflow/example_dags/example_kubernetes_executor.py
[2022-02-21 01:00:08,346] {processor.py:654} INFO - DAG(s) dict_keys(['example_kubernetes_executor']) retrieved from /home/airflow/.local/lib/python3.7/site-packages/airflow/example_dags/example_kubernetes_executor.py
[2022-02-21 01:00:08,372] {logging_mixin.py:109} INFO - [2022-02-21 01:00:08,372] {dag.py:2396} INFO - Sync 1 DAGs
[2022-02-21 01:00:08,404] {logging_mixin.py:109} INFO - [2022-02-21 01:00:08,404] {dag.py:2935} INFO - Setting next_dagrun for example_kubernetes_executor to None
[2022-02-21 01:00:08,420] {processor.py:171} INFO - Processing /home/airflow/.local/lib/python3.7/site-packages/airflow/example_dags/example_kubernetes_executor.py took 0.132 seconds
[2022-02-21 01:00:38,725] {processor.py:163} INFO - Started process (PID=535) to work on /home/airflow/.local/lib/python3.7/site-packages/airflow/example_dags/example_kubernetes_executor.py
[2022-02-21 01:00:38,727] {processor.py:642} INFO - Processing file /home/airflow/.local/lib/python3.7/site-packages/airflow/example_dags/example_kubernetes_executor.py for tasks to queue
[2022-02-21 01:00:38,728] {logging_mixin.py:109} INFO - [2022-02-21 01:00:38,728] {dagbag.py:500} INFO - Filling up the DagBag from /home/airflow/.local/lib/python3.7/site-packages/airflow/example_dags/example_kubernetes_executor.py
[2022-02-21 01:00:38,765] {processor.py:654} INFO - DAG(s) dict_keys(['example_kubernetes_executor']) retrieved from /home/airflow/.local/lib/python3.7/site-packages/airflow/example_dags/example_kubernetes_executor.py
[2022-02-21 01:00:38,779] {logging_mixin.py:109} INFO - [2022-02-21 01:00:38,778] {dag.py:2396} INFO - Sync 1 DAGs
[2022-02-21 01:00:38,796] {logging_mixin.py:109} INFO - [2022-02-21 01:00:38,795] {dag.py:2935} INFO - Setting next_dagrun for example_kubernetes_executor to None
[2022-02-21 01:00:38,810] {processor.py:171} INFO - Processing /home/airflow/.local/lib/python3.7/site-packages/airflow/example_dags/example_kubernetes_executor.py took 0.088 seconds
[2022-02-21 01:01:09,048] {processor.py:163} INFO - Started process (PID=586) to work on /home/airflow/.local/lib/python3.7/site-packages/airflow/example_dags/example_kubernetes_executor.py
[2022-02-21 01:01:09,049] {processor.py:642} INFO - Processing file /home/airflow/.local/lib/python3.7/site-packages/airflow/example_dags/example_kubernetes_executor.py for tasks to queue
[2022-02-21 01:01:09,050] {logging_mixin.py:109} INFO - [2022-02-21 01:01:09,050] {dagbag.py:500} INFO - Filling up the DagBag from /home/airflow/.local/lib/python3.7/site-packages/airflow/example_dags/example_kubernetes_executor.py
[2022-02-21 01:01:09,086] {processor.py:654} INFO - DAG(s) dict_keys(['example_kubernetes_executor']) retrieved from /home/airflow/.local/lib/python3.7/site-packages/airflow/example_dags/example_kubernetes_executor.py
[2022-02-21 01:01:09,098] {logging_mixin.py:109} INFO - [2022-02-21 01:01:09,097] {dag.py:2396} INFO - Sync 1 DAGs
[2022-02-21 01:01:09,112] {logging_mixin.py:109} INFO - [2022-02-21 01:01:09,112] {dag.py:2935} INFO - Setting next_dagrun for example_kubernetes_executor to None
[2022-02-21 01:01:09,128] {processor.py:171} INFO - Processing /home/airflow/.local/lib/python3.7/site-packages/airflow/example_dags/example_kubernetes_executor.py took 0.083 seconds
[2022-02-21 01:01:39,918] {processor.py:163} INFO - Started process (PID=638) to work on /home/airflow/.local/lib/python3.7/site-packages/airflow/example_dags/example_kubernetes_executor.py
[2022-02-21 01:01:39,919] {processor.py:642} INFO - Processing file /home/airflow/.local/lib/python3.7/site-packages/airflow/example_dags/example_kubernetes_executor.py for tasks to queue
[2022-02-21 01:01:39,920] {logging_mixin.py:109} INFO - [2022-02-21 01:01:39,920] {dagbag.py:500} INFO - Filling up the DagBag from /home/airflow/.local/lib/python3.7/site-packages/airflow/example_dags/example_kubernetes_executor.py
[2022-02-21 01:01:39,954] {processor.py:654} INFO - DAG(s) dict_keys(['example_kubernetes_executor']) retrieved from /home/airflow/.local/lib/python3.7/site-packages/airflow/example_dags/example_kubernetes_executor.py
[2022-02-21 01:01:39,971] {logging_mixin.py:109} INFO - [2022-02-21 01:01:39,971] {dag.py:2396} INFO - Sync 1 DAGs
[2022-02-21 01:01:39,987] {logging_mixin.py:109} INFO - [2022-02-21 01:01:39,987] {dag.py:2935} INFO - Setting next_dagrun for example_kubernetes_executor to None
[2022-02-21 01:01:39,999] {processor.py:171} INFO - Processing /home/airflow/.local/lib/python3.7/site-packages/airflow/example_dags/example_kubernetes_executor.py took 0.084 seconds
[2022-02-21 01:02:10,346] {processor.py:163} INFO - Started process (PID=697) to work on /home/airflow/.local/lib/python3.7/site-packages/airflow/example_dags/example_kubernetes_executor.py
[2022-02-21 01:02:10,346] {processor.py:642} INFO - Processing file /home/airflow/.local/lib/python3.7/site-packages/airflow/example_dags/example_kubernetes_executor.py for tasks to queue
[2022-02-21 01:02:10,347] {logging_mixin.py:109} INFO - [2022-02-21 01:02:10,347] {dagbag.py:500} INFO - Filling up the DagBag from /home/airflow/.local/lib/python3.7/site-packages/airflow/example_dags/example_kubernetes_executor.py
[2022-02-21 01:02:10,376] {processor.py:654} INFO - DAG(s) dict_keys(['example_kubernetes_executor']) retrieved from /home/airflow/.local/lib/python3.7/site-packages/airflow/example_dags/example_kubernetes_executor.py
[2022-02-21 01:02:10,388] {logging_mixin.py:109} INFO - [2022-02-21 01:02:10,388] {dag.py:2396} INFO - Sync 1 DAGs
[2022-02-21 01:02:10,402] {logging_mixin.py:109} INFO - [2022-02-21 01:02:10,402] {dag.py:2935} INFO - Setting next_dagrun for example_kubernetes_executor to None
[2022-02-21 01:02:10,410] {processor.py:171} INFO - Processing /home/airflow/.local/lib/python3.7/site-packages/airflow/example_dags/example_kubernetes_executor.py took 0.068 seconds
[2022-02-21 01:02:40,752] {processor.py:163} INFO - Started process (PID=748) to work on /home/airflow/.local/lib/python3.7/site-packages/airflow/example_dags/example_kubernetes_executor.py
[2022-02-21 01:02:40,753] {processor.py:642} INFO - Processing file /home/airflow/.local/lib/python3.7/site-packages/airflow/example_dags/example_kubernetes_executor.py for tasks to queue
[2022-02-21 01:02:40,754] {logging_mixin.py:109} INFO - [2022-02-21 01:02:40,754] {dagbag.py:500} INFO - Filling up the DagBag from /home/airflow/.local/lib/python3.7/site-packages/airflow/example_dags/example_kubernetes_executor.py
[2022-02-21 01:02:40,809] {processor.py:654} INFO - DAG(s) dict_keys(['example_kubernetes_executor']) retrieved from /home/airflow/.local/lib/python3.7/site-packages/airflow/example_dags/example_kubernetes_executor.py
[2022-02-21 01:02:40,826] {logging_mixin.py:109} INFO - [2022-02-21 01:02:40,826] {dag.py:2396} INFO - Sync 1 DAGs
[2022-02-21 01:02:40,846] {logging_mixin.py:109} INFO - [2022-02-21 01:02:40,846] {dag.py:2935} INFO - Setting next_dagrun for example_kubernetes_executor to None
[2022-02-21 01:02:40,862] {processor.py:171} INFO - Processing /home/airflow/.local/lib/python3.7/site-packages/airflow/example_dags/example_kubernetes_executor.py took 0.113 seconds
[2022-02-21 01:03:10,882] {processor.py:163} INFO - Started process (PID=798) to work on /home/airflow/.local/lib/python3.7/site-packages/airflow/example_dags/example_kubernetes_executor.py
[2022-02-21 01:03:10,883] {processor.py:642} INFO - Processing file /home/airflow/.local/lib/python3.7/site-packages/airflow/example_dags/example_kubernetes_executor.py for tasks to queue
[2022-02-21 01:03:10,883] {logging_mixin.py:109} INFO - [2022-02-21 01:03:10,883] {dagbag.py:500} INFO - Filling up the DagBag from /home/airflow/.local/lib/python3.7/site-packages/airflow/example_dags/example_kubernetes_executor.py
[2022-02-21 01:03:10,924] {processor.py:654} INFO - DAG(s) dict_keys(['example_kubernetes_executor']) retrieved from /home/airflow/.local/lib/python3.7/site-packages/airflow/example_dags/example_kubernetes_executor.py
[2022-02-21 01:03:10,940] {logging_mixin.py:109} INFO - [2022-02-21 01:03:10,940] {dag.py:2396} INFO - Sync 1 DAGs
[2022-02-21 01:03:10,958] {logging_mixin.py:109} INFO - [2022-02-21 01:03:10,958] {dag.py:2935} INFO - Setting next_dagrun for example_kubernetes_executor to None
[2022-02-21 01:03:10,971] {processor.py:171} INFO - Processing /home/airflow/.local/lib/python3.7/site-packages/airflow/example_dags/example_kubernetes_executor.py took 0.093 seconds
[2022-02-21 01:03:41,235] {processor.py:163} INFO - Started process (PID=858) to work on /home/airflow/.local/lib/python3.7/site-packages/airflow/example_dags/example_kubernetes_executor.py
[2022-02-21 01:03:41,240] {processor.py:642} INFO - Processing file /home/airflow/.local/lib/python3.7/site-packages/airflow/example_dags/example_kubernetes_executor.py for tasks to queue
[2022-02-21 01:03:41,240] {logging_mixin.py:109} INFO - [2022-02-21 01:03:41,240] {dagbag.py:500} INFO - Filling up the DagBag from /home/airflow/.local/lib/python3.7/site-packages/airflow/example_dags/example_kubernetes_executor.py
[2022-02-21 01:03:41,274] {processor.py:654} INFO - DAG(s) dict_keys(['example_kubernetes_executor']) retrieved from /home/airflow/.local/lib/python3.7/site-packages/airflow/example_dags/example_kubernetes_executor.py
[2022-02-21 01:03:41,286] {logging_mixin.py:109} INFO - [2022-02-21 01:03:41,286] {dag.py:2396} INFO - Sync 1 DAGs
[2022-02-21 01:03:41,300] {logging_mixin.py:109} INFO - [2022-02-21 01:03:41,300] {dag.py:2935} INFO - Setting next_dagrun for example_kubernetes_executor to None
[2022-02-21 01:03:41,310] {processor.py:171} INFO - Processing /home/airflow/.local/lib/python3.7/site-packages/airflow/example_dags/example_kubernetes_executor.py took 0.078 seconds
[2022-02-21 01:04:11,559] {processor.py:163} INFO - Started process (PID=909) to work on /home/airflow/.local/lib/python3.7/site-packages/airflow/example_dags/example_kubernetes_executor.py
[2022-02-21 01:04:11,560] {processor.py:642} INFO - Processing file /home/airflow/.local/lib/python3.7/site-packages/airflow/example_dags/example_kubernetes_executor.py for tasks to queue
[2022-02-21 01:04:11,561] {logging_mixin.py:109} INFO - [2022-02-21 01:04:11,561] {dagbag.py:500} INFO - Filling up the DagBag from /home/airflow/.local/lib/python3.7/site-packages/airflow/example_dags/example_kubernetes_executor.py
[2022-02-21 01:04:11,596] {processor.py:654} INFO - DAG(s) dict_keys(['example_kubernetes_executor']) retrieved from /home/airflow/.local/lib/python3.7/site-packages/airflow/example_dags/example_kubernetes_executor.py
[2022-02-21 01:04:11,610] {logging_mixin.py:109} INFO - [2022-02-21 01:04:11,610] {dag.py:2396} INFO - Sync 1 DAGs
[2022-02-21 01:04:11,625] {logging_mixin.py:109} INFO - [2022-02-21 01:04:11,625] {dag.py:2935} INFO - Setting next_dagrun for example_kubernetes_executor to None
[2022-02-21 01:04:11,637] {processor.py:171} INFO - Processing /home/airflow/.local/lib/python3.7/site-packages/airflow/example_dags/example_kubernetes_executor.py took 0.081 seconds
[2022-02-21 01:04:41,959] {processor.py:163} INFO - Started process (PID=960) to work on /home/airflow/.local/lib/python3.7/site-packages/airflow/example_dags/example_kubernetes_executor.py
[2022-02-21 01:04:41,961] {processor.py:642} INFO - Processing file /home/airflow/.local/lib/python3.7/site-packages/airflow/example_dags/example_kubernetes_executor.py for tasks to queue
[2022-02-21 01:04:41,962] {logging_mixin.py:109} INFO - [2022-02-21 01:04:41,962] {dagbag.py:500} INFO - Filling up the DagBag from /home/airflow/.local/lib/python3.7/site-packages/airflow/example_dags/example_kubernetes_executor.py
[2022-02-21 01:04:42,022] {processor.py:654} INFO - DAG(s) dict_keys(['example_kubernetes_executor']) retrieved from /home/airflow/.local/lib/python3.7/site-packages/airflow/example_dags/example_kubernetes_executor.py
[2022-02-21 01:04:42,043] {logging_mixin.py:109} INFO - [2022-02-21 01:04:42,043] {dag.py:2396} INFO - Sync 1 DAGs
[2022-02-21 01:04:42,068] {logging_mixin.py:109} INFO - [2022-02-21 01:04:42,068] {dag.py:2935} INFO - Setting next_dagrun for example_kubernetes_executor to None
[2022-02-21 01:04:42,083] {processor.py:171} INFO - Processing /home/airflow/.local/lib/python3.7/site-packages/airflow/example_dags/example_kubernetes_executor.py took 0.129 seconds
[2022-02-21 01:05:12,314] {processor.py:163} INFO - Started process (PID=1011) to work on /home/airflow/.local/lib/python3.7/site-packages/airflow/example_dags/example_kubernetes_executor.py
[2022-02-21 01:05:12,316] {processor.py:642} INFO - Processing file /home/airflow/.local/lib/python3.7/site-packages/airflow/example_dags/example_kubernetes_executor.py for tasks to queue
[2022-02-21 01:05:12,317] {logging_mixin.py:109} INFO - [2022-02-21 01:05:12,317] {dagbag.py:500} INFO - Filling up the DagBag from /home/airflow/.local/lib/python3.7/site-packages/airflow/example_dags/example_kubernetes_executor.py
[2022-02-21 01:05:12,355] {processor.py:654} INFO - DAG(s) dict_keys(['example_kubernetes_executor']) retrieved from /home/airflow/.local/lib/python3.7/site-packages/airflow/example_dags/example_kubernetes_executor.py
[2022-02-21 01:05:12,370] {logging_mixin.py:109} INFO - [2022-02-21 01:05:12,370] {dag.py:2396} INFO - Sync 1 DAGs
[2022-02-21 01:05:12,391] {logging_mixin.py:109} INFO - [2022-02-21 01:05:12,391] {dag.py:2935} INFO - Setting next_dagrun for example_kubernetes_executor to None
[2022-02-21 01:05:12,404] {processor.py:171} INFO - Processing /home/airflow/.local/lib/python3.7/site-packages/airflow/example_dags/example_kubernetes_executor.py took 0.094 seconds
[2022-02-21 01:05:42,630] {processor.py:163} INFO - Started process (PID=1071) to work on /home/airflow/.local/lib/python3.7/site-packages/airflow/example_dags/example_kubernetes_executor.py
[2022-02-21 01:05:42,632] {processor.py:642} INFO - Processing file /home/airflow/.local/lib/python3.7/site-packages/airflow/example_dags/example_kubernetes_executor.py for tasks to queue
[2022-02-21 01:05:42,633] {logging_mixin.py:109} INFO - [2022-02-21 01:05:42,633] {dagbag.py:500} INFO - Filling up the DagBag from /home/airflow/.local/lib/python3.7/site-packages/airflow/example_dags/example_kubernetes_executor.py
[2022-02-21 01:05:42,683] {processor.py:654} INFO - DAG(s) dict_keys(['example_kubernetes_executor']) retrieved from /home/airflow/.local/lib/python3.7/site-packages/airflow/example_dags/example_kubernetes_executor.py
[2022-02-21 01:05:42,702] {logging_mixin.py:109} INFO - [2022-02-21 01:05:42,702] {dag.py:2396} INFO - Sync 1 DAGs
[2022-02-21 01:05:42,728] {logging_mixin.py:109} INFO - [2022-02-21 01:05:42,728] {dag.py:2935} INFO - Setting next_dagrun for example_kubernetes_executor to None
[2022-02-21 01:05:42,743] {processor.py:171} INFO - Processing /home/airflow/.local/lib/python3.7/site-packages/airflow/example_dags/example_kubernetes_executor.py took 0.117 seconds
[2022-02-21 01:06:13,048] {processor.py:163} INFO - Started process (PID=1121) to work on /home/airflow/.local/lib/python3.7/site-packages/airflow/example_dags/example_kubernetes_executor.py
[2022-02-21 01:06:13,049] {processor.py:642} INFO - Processing file /home/airflow/.local/lib/python3.7/site-packages/airflow/example_dags/example_kubernetes_executor.py for tasks to queue
[2022-02-21 01:06:13,050] {logging_mixin.py:109} INFO - [2022-02-21 01:06:13,049] {dagbag.py:500} INFO - Filling up the DagBag from /home/airflow/.local/lib/python3.7/site-packages/airflow/example_dags/example_kubernetes_executor.py
[2022-02-21 01:06:13,104] {processor.py:654} INFO - DAG(s) dict_keys(['example_kubernetes_executor']) retrieved from /home/airflow/.local/lib/python3.7/site-packages/airflow/example_dags/example_kubernetes_executor.py
[2022-02-21 01:06:13,125] {logging_mixin.py:109} INFO - [2022-02-21 01:06:13,125] {dag.py:2396} INFO - Sync 1 DAGs
[2022-02-21 01:06:13,148] {logging_mixin.py:109} INFO - [2022-02-21 01:06:13,148] {dag.py:2935} INFO - Setting next_dagrun for example_kubernetes_executor to None
[2022-02-21 01:06:13,161] {processor.py:171} INFO - Processing /home/airflow/.local/lib/python3.7/site-packages/airflow/example_dags/example_kubernetes_executor.py took 0.119 seconds
[2022-02-21 01:06:43,614] {processor.py:163} INFO - Started process (PID=1172) to work on /home/airflow/.local/lib/python3.7/site-packages/airflow/example_dags/example_kubernetes_executor.py
[2022-02-21 01:06:43,616] {processor.py:642} INFO - Processing file /home/airflow/.local/lib/python3.7/site-packages/airflow/example_dags/example_kubernetes_executor.py for tasks to queue
[2022-02-21 01:06:43,618] {logging_mixin.py:109} INFO - [2022-02-21 01:06:43,617] {dagbag.py:500} INFO - Filling up the DagBag from /home/airflow/.local/lib/python3.7/site-packages/airflow/example_dags/example_kubernetes_executor.py
[2022-02-21 01:06:43,667] {processor.py:654} INFO - DAG(s) dict_keys(['example_kubernetes_executor']) retrieved from /home/airflow/.local/lib/python3.7/site-packages/airflow/example_dags/example_kubernetes_executor.py
[2022-02-21 01:06:43,686] {logging_mixin.py:109} INFO - [2022-02-21 01:06:43,685] {dag.py:2396} INFO - Sync 1 DAGs
[2022-02-21 01:06:43,708] {logging_mixin.py:109} INFO - [2022-02-21 01:06:43,708] {dag.py:2935} INFO - Setting next_dagrun for example_kubernetes_executor to None
[2022-02-21 01:06:43,723] {processor.py:171} INFO - Processing /home/airflow/.local/lib/python3.7/site-packages/airflow/example_dags/example_kubernetes_executor.py took 0.113 seconds
[2022-02-21 01:07:13,780] {processor.py:163} INFO - Started process (PID=1223) to work on /home/airflow/.local/lib/python3.7/site-packages/airflow/example_dags/example_kubernetes_executor.py
[2022-02-21 01:07:13,781] {processor.py:642} INFO - Processing file /home/airflow/.local/lib/python3.7/site-packages/airflow/example_dags/example_kubernetes_executor.py for tasks to queue
[2022-02-21 01:07:13,782] {logging_mixin.py:109} INFO - [2022-02-21 01:07:13,782] {dagbag.py:500} INFO - Filling up the DagBag from /home/airflow/.local/lib/python3.7/site-packages/airflow/example_dags/example_kubernetes_executor.py
[2022-02-21 01:07:13,825] {processor.py:654} INFO - DAG(s) dict_keys(['example_kubernetes_executor']) retrieved from /home/airflow/.local/lib/python3.7/site-packages/airflow/example_dags/example_kubernetes_executor.py
[2022-02-21 01:07:13,839] {logging_mixin.py:109} INFO - [2022-02-21 01:07:13,839] {dag.py:2396} INFO - Sync 1 DAGs
[2022-02-21 01:07:13,861] {logging_mixin.py:109} INFO - [2022-02-21 01:07:13,861] {dag.py:2935} INFO - Setting next_dagrun for example_kubernetes_executor to None
[2022-02-21 01:07:13,875] {processor.py:171} INFO - Processing /home/airflow/.local/lib/python3.7/site-packages/airflow/example_dags/example_kubernetes_executor.py took 0.098 seconds
[2022-02-21 01:07:44,261] {processor.py:163} INFO - Started process (PID=1273) to work on /home/airflow/.local/lib/python3.7/site-packages/airflow/example_dags/example_kubernetes_executor.py
[2022-02-21 01:07:44,263] {processor.py:642} INFO - Processing file /home/airflow/.local/lib/python3.7/site-packages/airflow/example_dags/example_kubernetes_executor.py for tasks to queue
[2022-02-21 01:07:44,264] {logging_mixin.py:109} INFO - [2022-02-21 01:07:44,264] {dagbag.py:500} INFO - Filling up the DagBag from /home/airflow/.local/lib/python3.7/site-packages/airflow/example_dags/example_kubernetes_executor.py
[2022-02-21 01:07:44,315] {processor.py:654} INFO - DAG(s) dict_keys(['example_kubernetes_executor']) retrieved from /home/airflow/.local/lib/python3.7/site-packages/airflow/example_dags/example_kubernetes_executor.py
[2022-02-21 01:07:44,334] {logging_mixin.py:109} INFO - [2022-02-21 01:07:44,334] {dag.py:2396} INFO - Sync 1 DAGs
[2022-02-21 01:07:44,359] {logging_mixin.py:109} INFO - [2022-02-21 01:07:44,359] {dag.py:2935} INFO - Setting next_dagrun for example_kubernetes_executor to None
[2022-02-21 01:07:44,374] {processor.py:171} INFO - Processing /home/airflow/.local/lib/python3.7/site-packages/airflow/example_dags/example_kubernetes_executor.py took 0.117 seconds
[2022-02-21 01:08:14,396] {processor.py:163} INFO - Started process (PID=1335) to work on /home/airflow/.local/lib/python3.7/site-packages/airflow/example_dags/example_kubernetes_executor.py
[2022-02-21 01:08:14,397] {processor.py:642} INFO - Processing file /home/airflow/.local/lib/python3.7/site-packages/airflow/example_dags/example_kubernetes_executor.py for tasks to queue
[2022-02-21 01:08:14,398] {logging_mixin.py:109} INFO - [2022-02-21 01:08:14,398] {dagbag.py:500} INFO - Filling up the DagBag from /home/airflow/.local/lib/python3.7/site-packages/airflow/example_dags/example_kubernetes_executor.py
[2022-02-21 01:08:14,444] {processor.py:654} INFO - DAG(s) dict_keys(['example_kubernetes_executor']) retrieved from /home/airflow/.local/lib/python3.7/site-packages/airflow/example_dags/example_kubernetes_executor.py
[2022-02-21 01:08:14,461] {logging_mixin.py:109} INFO - [2022-02-21 01:08:14,461] {dag.py:2396} INFO - Sync 1 DAGs
[2022-02-21 01:08:14,488] {logging_mixin.py:109} INFO - [2022-02-21 01:08:14,488] {dag.py:2935} INFO - Setting next_dagrun for example_kubernetes_executor to None
[2022-02-21 01:08:14,500] {processor.py:171} INFO - Processing /home/airflow/.local/lib/python3.7/site-packages/airflow/example_dags/example_kubernetes_executor.py took 0.108 seconds
[2022-02-21 01:08:44,527] {processor.py:163} INFO - Started process (PID=1385) to work on /home/airflow/.local/lib/python3.7/site-packages/airflow/example_dags/example_kubernetes_executor.py
[2022-02-21 01:08:44,529] {processor.py:642} INFO - Processing file /home/airflow/.local/lib/python3.7/site-packages/airflow/example_dags/example_kubernetes_executor.py for tasks to queue
[2022-02-21 01:08:44,529] {logging_mixin.py:109} INFO - [2022-02-21 01:08:44,529] {dagbag.py:500} INFO - Filling up the DagBag from /home/airflow/.local/lib/python3.7/site-packages/airflow/example_dags/example_kubernetes_executor.py
[2022-02-21 01:08:44,569] {processor.py:654} INFO - DAG(s) dict_keys(['example_kubernetes_executor']) retrieved from /home/airflow/.local/lib/python3.7/site-packages/airflow/example_dags/example_kubernetes_executor.py
[2022-02-21 01:08:44,583] {logging_mixin.py:109} INFO - [2022-02-21 01:08:44,583] {dag.py:2396} INFO - Sync 1 DAGs
[2022-02-21 01:08:44,679] {logging_mixin.py:109} INFO - [2022-02-21 01:08:44,679] {dag.py:2935} INFO - Setting next_dagrun for example_kubernetes_executor to None
[2022-02-21 01:08:44,690] {processor.py:171} INFO - Processing /home/airflow/.local/lib/python3.7/site-packages/airflow/example_dags/example_kubernetes_executor.py took 0.168 seconds
[2022-02-21 01:09:15,037] {processor.py:163} INFO - Started process (PID=1435) to work on /home/airflow/.local/lib/python3.7/site-packages/airflow/example_dags/example_kubernetes_executor.py
[2022-02-21 01:09:15,038] {processor.py:642} INFO - Processing file /home/airflow/.local/lib/python3.7/site-packages/airflow/example_dags/example_kubernetes_executor.py for tasks to queue
[2022-02-21 01:09:15,039] {logging_mixin.py:109} INFO - [2022-02-21 01:09:15,039] {dagbag.py:500} INFO - Filling up the DagBag from /home/airflow/.local/lib/python3.7/site-packages/airflow/example_dags/example_kubernetes_executor.py
[2022-02-21 01:09:15,076] {processor.py:654} INFO - DAG(s) dict_keys(['example_kubernetes_executor']) retrieved from /home/airflow/.local/lib/python3.7/site-packages/airflow/example_dags/example_kubernetes_executor.py
[2022-02-21 01:09:15,089] {logging_mixin.py:109} INFO - [2022-02-21 01:09:15,089] {dag.py:2396} INFO - Sync 1 DAGs
[2022-02-21 01:09:15,184] {logging_mixin.py:109} INFO - [2022-02-21 01:09:15,184] {dag.py:2935} INFO - Setting next_dagrun for example_kubernetes_executor to None
[2022-02-21 01:09:15,195] {processor.py:171} INFO - Processing /home/airflow/.local/lib/python3.7/site-packages/airflow/example_dags/example_kubernetes_executor.py took 0.161 seconds
[2022-02-21 01:09:45,351] {processor.py:163} INFO - Started process (PID=1488) to work on /home/airflow/.local/lib/python3.7/site-packages/airflow/example_dags/example_kubernetes_executor.py
[2022-02-21 01:09:45,355] {processor.py:642} INFO - Processing file /home/airflow/.local/lib/python3.7/site-packages/airflow/example_dags/example_kubernetes_executor.py for tasks to queue
[2022-02-21 01:09:45,356] {logging_mixin.py:109} INFO - [2022-02-21 01:09:45,356] {dagbag.py:500} INFO - Filling up the DagBag from /home/airflow/.local/lib/python3.7/site-packages/airflow/example_dags/example_kubernetes_executor.py
[2022-02-21 01:09:45,435] {processor.py:654} INFO - DAG(s) dict_keys(['example_kubernetes_executor']) retrieved from /home/airflow/.local/lib/python3.7/site-packages/airflow/example_dags/example_kubernetes_executor.py
[2022-02-21 01:09:45,457] {logging_mixin.py:109} INFO - [2022-02-21 01:09:45,457] {dag.py:2396} INFO - Sync 1 DAGs
[2022-02-21 01:09:45,592] {logging_mixin.py:109} INFO - [2022-02-21 01:09:45,592] {dag.py:2935} INFO - Setting next_dagrun for example_kubernetes_executor to None
[2022-02-21 01:09:45,612] {processor.py:171} INFO - Processing /home/airflow/.local/lib/python3.7/site-packages/airflow/example_dags/example_kubernetes_executor.py took 0.267 seconds
[2022-02-21 01:10:16,150] {processor.py:163} INFO - Started process (PID=1545) to work on /home/airflow/.local/lib/python3.7/site-packages/airflow/example_dags/example_kubernetes_executor.py
[2022-02-21 01:10:16,152] {processor.py:642} INFO - Processing file /home/airflow/.local/lib/python3.7/site-packages/airflow/example_dags/example_kubernetes_executor.py for tasks to queue
[2022-02-21 01:10:16,153] {logging_mixin.py:109} INFO - [2022-02-21 01:10:16,152] {dagbag.py:500} INFO - Filling up the DagBag from /home/airflow/.local/lib/python3.7/site-packages/airflow/example_dags/example_kubernetes_executor.py
[2022-02-21 01:10:16,222] {processor.py:654} INFO - DAG(s) dict_keys(['example_kubernetes_executor']) retrieved from /home/airflow/.local/lib/python3.7/site-packages/airflow/example_dags/example_kubernetes_executor.py
[2022-02-21 01:10:16,244] {logging_mixin.py:109} INFO - [2022-02-21 01:10:16,244] {dag.py:2396} INFO - Sync 1 DAGs
[2022-02-21 01:10:16,386] {logging_mixin.py:109} INFO - [2022-02-21 01:10:16,386] {dag.py:2935} INFO - Setting next_dagrun for example_kubernetes_executor to None
[2022-02-21 01:10:16,407] {processor.py:171} INFO - Processing /home/airflow/.local/lib/python3.7/site-packages/airflow/example_dags/example_kubernetes_executor.py took 0.266 seconds
[2022-02-21 01:10:46,702] {processor.py:163} INFO - Started process (PID=1594) to work on /home/airflow/.local/lib/python3.7/site-packages/airflow/example_dags/example_kubernetes_executor.py
[2022-02-21 01:10:46,705] {processor.py:642} INFO - Processing file /home/airflow/.local/lib/python3.7/site-packages/airflow/example_dags/example_kubernetes_executor.py for tasks to queue
[2022-02-21 01:10:46,706] {logging_mixin.py:109} INFO - [2022-02-21 01:10:46,706] {dagbag.py:500} INFO - Filling up the DagBag from /home/airflow/.local/lib/python3.7/site-packages/airflow/example_dags/example_kubernetes_executor.py
[2022-02-21 01:10:46,782] {processor.py:654} INFO - DAG(s) dict_keys(['example_kubernetes_executor']) retrieved from /home/airflow/.local/lib/python3.7/site-packages/airflow/example_dags/example_kubernetes_executor.py
[2022-02-21 01:10:46,803] {logging_mixin.py:109} INFO - [2022-02-21 01:10:46,802] {dag.py:2396} INFO - Sync 1 DAGs
[2022-02-21 01:10:46,939] {logging_mixin.py:109} INFO - [2022-02-21 01:10:46,939] {dag.py:2935} INFO - Setting next_dagrun for example_kubernetes_executor to None
[2022-02-21 01:10:46,957] {processor.py:171} INFO - Processing /home/airflow/.local/lib/python3.7/site-packages/airflow/example_dags/example_kubernetes_executor.py took 0.261 seconds
[2022-02-21 01:11:17,154] {processor.py:163} INFO - Started process (PID=1648) to work on /home/airflow/.local/lib/python3.7/site-packages/airflow/example_dags/example_kubernetes_executor.py
[2022-02-21 01:11:17,155] {processor.py:642} INFO - Processing file /home/airflow/.local/lib/python3.7/site-packages/airflow/example_dags/example_kubernetes_executor.py for tasks to queue
[2022-02-21 01:11:17,156] {logging_mixin.py:109} INFO - [2022-02-21 01:11:17,156] {dagbag.py:500} INFO - Filling up the DagBag from /home/airflow/.local/lib/python3.7/site-packages/airflow/example_dags/example_kubernetes_executor.py
[2022-02-21 01:11:17,210] {processor.py:654} INFO - DAG(s) dict_keys(['example_kubernetes_executor']) retrieved from /home/airflow/.local/lib/python3.7/site-packages/airflow/example_dags/example_kubernetes_executor.py
[2022-02-21 01:11:17,339] {logging_mixin.py:109} INFO - [2022-02-21 01:11:17,338] {dag.py:2396} INFO - Sync 1 DAGs
[2022-02-21 01:11:17,361] {logging_mixin.py:109} INFO - [2022-02-21 01:11:17,361] {dag.py:2935} INFO - Setting next_dagrun for example_kubernetes_executor to None
[2022-02-21 01:11:17,374] {processor.py:171} INFO - Processing /home/airflow/.local/lib/python3.7/site-packages/airflow/example_dags/example_kubernetes_executor.py took 0.224 seconds
[2022-02-21 01:11:47,740] {processor.py:163} INFO - Started process (PID=1697) to work on /home/airflow/.local/lib/python3.7/site-packages/airflow/example_dags/example_kubernetes_executor.py
[2022-02-21 01:11:47,747] {processor.py:642} INFO - Processing file /home/airflow/.local/lib/python3.7/site-packages/airflow/example_dags/example_kubernetes_executor.py for tasks to queue
[2022-02-21 01:11:47,749] {logging_mixin.py:109} INFO - [2022-02-21 01:11:47,749] {dagbag.py:500} INFO - Filling up the DagBag from /home/airflow/.local/lib/python3.7/site-packages/airflow/example_dags/example_kubernetes_executor.py
[2022-02-21 01:11:47,814] {processor.py:654} INFO - DAG(s) dict_keys(['example_kubernetes_executor']) retrieved from /home/airflow/.local/lib/python3.7/site-packages/airflow/example_dags/example_kubernetes_executor.py
[2022-02-21 01:11:47,939] {logging_mixin.py:109} INFO - [2022-02-21 01:11:47,939] {dag.py:2396} INFO - Sync 1 DAGs
[2022-02-21 01:11:47,962] {logging_mixin.py:109} INFO - [2022-02-21 01:11:47,962] {dag.py:2935} INFO - Setting next_dagrun for example_kubernetes_executor to None
[2022-02-21 01:11:48,002] {processor.py:171} INFO - Processing /home/airflow/.local/lib/python3.7/site-packages/airflow/example_dags/example_kubernetes_executor.py took 0.268 seconds
[2022-02-21 01:12:18,137] {processor.py:163} INFO - Started process (PID=1749) to work on /home/airflow/.local/lib/python3.7/site-packages/airflow/example_dags/example_kubernetes_executor.py
[2022-02-21 01:12:18,137] {processor.py:642} INFO - Processing file /home/airflow/.local/lib/python3.7/site-packages/airflow/example_dags/example_kubernetes_executor.py for tasks to queue
[2022-02-21 01:12:18,138] {logging_mixin.py:109} INFO - [2022-02-21 01:12:18,138] {dagbag.py:500} INFO - Filling up the DagBag from /home/airflow/.local/lib/python3.7/site-packages/airflow/example_dags/example_kubernetes_executor.py
[2022-02-21 01:12:18,253] {processor.py:654} INFO - DAG(s) dict_keys(['example_kubernetes_executor']) retrieved from /home/airflow/.local/lib/python3.7/site-packages/airflow/example_dags/example_kubernetes_executor.py
[2022-02-21 01:12:18,265] {logging_mixin.py:109} INFO - [2022-02-21 01:12:18,265] {dag.py:2396} INFO - Sync 1 DAGs
[2022-02-21 01:12:18,278] {logging_mixin.py:109} INFO - [2022-02-21 01:12:18,277] {dag.py:2935} INFO - Setting next_dagrun for example_kubernetes_executor to None
[2022-02-21 01:12:18,286] {processor.py:171} INFO - Processing /home/airflow/.local/lib/python3.7/site-packages/airflow/example_dags/example_kubernetes_executor.py took 0.153 seconds
[2022-02-21 01:12:48,520] {processor.py:163} INFO - Started process (PID=1799) to work on /home/airflow/.local/lib/python3.7/site-packages/airflow/example_dags/example_kubernetes_executor.py
[2022-02-21 01:12:48,522] {processor.py:642} INFO - Processing file /home/airflow/.local/lib/python3.7/site-packages/airflow/example_dags/example_kubernetes_executor.py for tasks to queue
[2022-02-21 01:12:48,523] {logging_mixin.py:109} INFO - [2022-02-21 01:12:48,523] {dagbag.py:500} INFO - Filling up the DagBag from /home/airflow/.local/lib/python3.7/site-packages/airflow/example_dags/example_kubernetes_executor.py
[2022-02-21 01:12:48,673] {processor.py:654} INFO - DAG(s) dict_keys(['example_kubernetes_executor']) retrieved from /home/airflow/.local/lib/python3.7/site-packages/airflow/example_dags/example_kubernetes_executor.py
[2022-02-21 01:12:48,688] {logging_mixin.py:109} INFO - [2022-02-21 01:12:48,687] {dag.py:2396} INFO - Sync 1 DAGs
[2022-02-21 01:12:48,711] {logging_mixin.py:109} INFO - [2022-02-21 01:12:48,711] {dag.py:2935} INFO - Setting next_dagrun for example_kubernetes_executor to None
[2022-02-21 01:12:48,724] {processor.py:171} INFO - Processing /home/airflow/.local/lib/python3.7/site-packages/airflow/example_dags/example_kubernetes_executor.py took 0.208 seconds
[2022-02-21 01:13:19,171] {processor.py:163} INFO - Started process (PID=1860) to work on /home/airflow/.local/lib/python3.7/site-packages/airflow/example_dags/example_kubernetes_executor.py
[2022-02-21 01:13:19,173] {processor.py:642} INFO - Processing file /home/airflow/.local/lib/python3.7/site-packages/airflow/example_dags/example_kubernetes_executor.py for tasks to queue
[2022-02-21 01:13:19,174] {logging_mixin.py:109} INFO - [2022-02-21 01:13:19,174] {dagbag.py:500} INFO - Filling up the DagBag from /home/airflow/.local/lib/python3.7/site-packages/airflow/example_dags/example_kubernetes_executor.py
[2022-02-21 01:13:19,318] {processor.py:654} INFO - DAG(s) dict_keys(['example_kubernetes_executor']) retrieved from /home/airflow/.local/lib/python3.7/site-packages/airflow/example_dags/example_kubernetes_executor.py
[2022-02-21 01:13:19,333] {logging_mixin.py:109} INFO - [2022-02-21 01:13:19,333] {dag.py:2396} INFO - Sync 1 DAGs
[2022-02-21 01:13:19,350] {logging_mixin.py:109} INFO - [2022-02-21 01:13:19,350] {dag.py:2935} INFO - Setting next_dagrun for example_kubernetes_executor to None
[2022-02-21 01:13:19,364] {processor.py:171} INFO - Processing /home/airflow/.local/lib/python3.7/site-packages/airflow/example_dags/example_kubernetes_executor.py took 0.197 seconds
[2022-02-21 01:13:49,573] {processor.py:163} INFO - Started process (PID=1911) to work on /home/airflow/.local/lib/python3.7/site-packages/airflow/example_dags/example_kubernetes_executor.py
[2022-02-21 01:13:49,575] {processor.py:642} INFO - Processing file /home/airflow/.local/lib/python3.7/site-packages/airflow/example_dags/example_kubernetes_executor.py for tasks to queue
[2022-02-21 01:13:49,575] {logging_mixin.py:109} INFO - [2022-02-21 01:13:49,575] {dagbag.py:500} INFO - Filling up the DagBag from /home/airflow/.local/lib/python3.7/site-packages/airflow/example_dags/example_kubernetes_executor.py
[2022-02-21 01:13:49,702] {processor.py:654} INFO - DAG(s) dict_keys(['example_kubernetes_executor']) retrieved from /home/airflow/.local/lib/python3.7/site-packages/airflow/example_dags/example_kubernetes_executor.py
[2022-02-21 01:13:49,712] {logging_mixin.py:109} INFO - [2022-02-21 01:13:49,711] {dag.py:2396} INFO - Sync 1 DAGs
[2022-02-21 01:13:49,726] {logging_mixin.py:109} INFO - [2022-02-21 01:13:49,726] {dag.py:2935} INFO - Setting next_dagrun for example_kubernetes_executor to None
[2022-02-21 01:13:49,736] {processor.py:171} INFO - Processing /home/airflow/.local/lib/python3.7/site-packages/airflow/example_dags/example_kubernetes_executor.py took 0.167 seconds
[2022-02-21 01:14:20,195] {processor.py:163} INFO - Started process (PID=1962) to work on /home/airflow/.local/lib/python3.7/site-packages/airflow/example_dags/example_kubernetes_executor.py
[2022-02-21 01:14:20,200] {processor.py:642} INFO - Processing file /home/airflow/.local/lib/python3.7/site-packages/airflow/example_dags/example_kubernetes_executor.py for tasks to queue
[2022-02-21 01:14:20,200] {logging_mixin.py:109} INFO - [2022-02-21 01:14:20,200] {dagbag.py:500} INFO - Filling up the DagBag from /home/airflow/.local/lib/python3.7/site-packages/airflow/example_dags/example_kubernetes_executor.py
[2022-02-21 01:14:20,308] {processor.py:654} INFO - DAG(s) dict_keys(['example_kubernetes_executor']) retrieved from /home/airflow/.local/lib/python3.7/site-packages/airflow/example_dags/example_kubernetes_executor.py
[2022-02-21 01:14:20,317] {logging_mixin.py:109} INFO - [2022-02-21 01:14:20,317] {dag.py:2396} INFO - Sync 1 DAGs
[2022-02-21 01:14:20,329] {logging_mixin.py:109} INFO - [2022-02-21 01:14:20,329] {dag.py:2935} INFO - Setting next_dagrun for example_kubernetes_executor to None
[2022-02-21 01:14:20,339] {processor.py:171} INFO - Processing /home/airflow/.local/lib/python3.7/site-packages/airflow/example_dags/example_kubernetes_executor.py took 0.147 seconds
[2022-02-21 01:14:50,371] {processor.py:163} INFO - Started process (PID=2013) to work on /home/airflow/.local/lib/python3.7/site-packages/airflow/example_dags/example_kubernetes_executor.py
[2022-02-21 01:14:50,372] {processor.py:642} INFO - Processing file /home/airflow/.local/lib/python3.7/site-packages/airflow/example_dags/example_kubernetes_executor.py for tasks to queue
[2022-02-21 01:14:50,373] {logging_mixin.py:109} INFO - [2022-02-21 01:14:50,372] {dagbag.py:500} INFO - Filling up the DagBag from /home/airflow/.local/lib/python3.7/site-packages/airflow/example_dags/example_kubernetes_executor.py
[2022-02-21 01:14:50,500] {processor.py:654} INFO - DAG(s) dict_keys(['example_kubernetes_executor']) retrieved from /home/airflow/.local/lib/python3.7/site-packages/airflow/example_dags/example_kubernetes_executor.py
[2022-02-21 01:14:50,511] {logging_mixin.py:109} INFO - [2022-02-21 01:14:50,511] {dag.py:2396} INFO - Sync 1 DAGs
[2022-02-21 01:14:50,525] {logging_mixin.py:109} INFO - [2022-02-21 01:14:50,525] {dag.py:2935} INFO - Setting next_dagrun for example_kubernetes_executor to None
[2022-02-21 01:14:50,541] {processor.py:171} INFO - Processing /home/airflow/.local/lib/python3.7/site-packages/airflow/example_dags/example_kubernetes_executor.py took 0.173 seconds
[2022-02-21 01:15:20,941] {processor.py:163} INFO - Started process (PID=2063) to work on /home/airflow/.local/lib/python3.7/site-packages/airflow/example_dags/example_kubernetes_executor.py
[2022-02-21 01:15:20,945] {processor.py:642} INFO - Processing file /home/airflow/.local/lib/python3.7/site-packages/airflow/example_dags/example_kubernetes_executor.py for tasks to queue
[2022-02-21 01:15:20,947] {logging_mixin.py:109} INFO - [2022-02-21 01:15:20,947] {dagbag.py:500} INFO - Filling up the DagBag from /home/airflow/.local/lib/python3.7/site-packages/airflow/example_dags/example_kubernetes_executor.py
[2022-02-21 01:15:21,047] {processor.py:654} INFO - DAG(s) dict_keys(['example_kubernetes_executor']) retrieved from /home/airflow/.local/lib/python3.7/site-packages/airflow/example_dags/example_kubernetes_executor.py
[2022-02-21 01:15:21,094] {logging_mixin.py:109} INFO - [2022-02-21 01:15:21,093] {dag.py:2396} INFO - Sync 1 DAGs
[2022-02-21 01:15:21,137] {logging_mixin.py:109} INFO - [2022-02-21 01:15:21,137] {dag.py:2935} INFO - Setting next_dagrun for example_kubernetes_executor to None
[2022-02-21 01:15:21,159] {processor.py:171} INFO - Processing /home/airflow/.local/lib/python3.7/site-packages/airflow/example_dags/example_kubernetes_executor.py took 0.227 seconds
[2022-02-21 01:15:51,295] {processor.py:163} INFO - Started process (PID=2114) to work on /home/airflow/.local/lib/python3.7/site-packages/airflow/example_dags/example_kubernetes_executor.py
[2022-02-21 01:15:51,298] {processor.py:642} INFO - Processing file /home/airflow/.local/lib/python3.7/site-packages/airflow/example_dags/example_kubernetes_executor.py for tasks to queue
[2022-02-21 01:15:51,299] {logging_mixin.py:109} INFO - [2022-02-21 01:15:51,299] {dagbag.py:500} INFO - Filling up the DagBag from /home/airflow/.local/lib/python3.7/site-packages/airflow/example_dags/example_kubernetes_executor.py
[2022-02-21 01:15:51,372] {processor.py:654} INFO - DAG(s) dict_keys(['example_kubernetes_executor']) retrieved from /home/airflow/.local/lib/python3.7/site-packages/airflow/example_dags/example_kubernetes_executor.py
[2022-02-21 01:15:51,406] {logging_mixin.py:109} INFO - [2022-02-21 01:15:51,406] {dag.py:2396} INFO - Sync 1 DAGs
[2022-02-21 01:15:51,437] {logging_mixin.py:109} INFO - [2022-02-21 01:15:51,437] {dag.py:2935} INFO - Setting next_dagrun for example_kubernetes_executor to None
[2022-02-21 01:15:51,456] {processor.py:171} INFO - Processing /home/airflow/.local/lib/python3.7/site-packages/airflow/example_dags/example_kubernetes_executor.py took 0.168 seconds
[2022-02-21 01:16:22,427] {processor.py:163} INFO - Started process (PID=2166) to work on /home/airflow/.local/lib/python3.7/site-packages/airflow/example_dags/example_kubernetes_executor.py
[2022-02-21 01:16:22,447] {processor.py:642} INFO - Processing file /home/airflow/.local/lib/python3.7/site-packages/airflow/example_dags/example_kubernetes_executor.py for tasks to queue
[2022-02-21 01:16:22,456] {logging_mixin.py:109} INFO - [2022-02-21 01:16:22,455] {dagbag.py:500} INFO - Filling up the DagBag from /home/airflow/.local/lib/python3.7/site-packages/airflow/example_dags/example_kubernetes_executor.py
[2022-02-21 01:16:22,695] {processor.py:654} INFO - DAG(s) dict_keys(['example_kubernetes_executor']) retrieved from /home/airflow/.local/lib/python3.7/site-packages/airflow/example_dags/example_kubernetes_executor.py
[2022-02-21 01:16:22,782] {logging_mixin.py:109} INFO - [2022-02-21 01:16:22,781] {dag.py:2396} INFO - Sync 1 DAGs
[2022-02-21 01:16:22,895] {logging_mixin.py:109} INFO - [2022-02-21 01:16:22,894] {dag.py:2935} INFO - Setting next_dagrun for example_kubernetes_executor to None
[2022-02-21 01:16:22,942] {processor.py:171} INFO - Processing /home/airflow/.local/lib/python3.7/site-packages/airflow/example_dags/example_kubernetes_executor.py took 0.562 seconds
[2022-02-21 01:16:53,099] {processor.py:163} INFO - Started process (PID=2217) to work on /home/airflow/.local/lib/python3.7/site-packages/airflow/example_dags/example_kubernetes_executor.py
[2022-02-21 01:16:53,102] {processor.py:642} INFO - Processing file /home/airflow/.local/lib/python3.7/site-packages/airflow/example_dags/example_kubernetes_executor.py for tasks to queue
[2022-02-21 01:16:53,104] {logging_mixin.py:109} INFO - [2022-02-21 01:16:53,103] {dagbag.py:500} INFO - Filling up the DagBag from /home/airflow/.local/lib/python3.7/site-packages/airflow/example_dags/example_kubernetes_executor.py
[2022-02-21 01:16:53,201] {processor.py:654} INFO - DAG(s) dict_keys(['example_kubernetes_executor']) retrieved from /home/airflow/.local/lib/python3.7/site-packages/airflow/example_dags/example_kubernetes_executor.py
[2022-02-21 01:16:53,227] {logging_mixin.py:109} INFO - [2022-02-21 01:16:53,227] {dag.py:2396} INFO - Sync 1 DAGs
[2022-02-21 01:16:53,266] {logging_mixin.py:109} INFO - [2022-02-21 01:16:53,266] {dag.py:2935} INFO - Setting next_dagrun for example_kubernetes_executor to None
[2022-02-21 01:16:53,296] {processor.py:171} INFO - Processing /home/airflow/.local/lib/python3.7/site-packages/airflow/example_dags/example_kubernetes_executor.py took 0.203 seconds
[2022-02-21 01:17:23,337] {processor.py:163} INFO - Started process (PID=2268) to work on /home/airflow/.local/lib/python3.7/site-packages/airflow/example_dags/example_kubernetes_executor.py
[2022-02-21 01:17:23,339] {processor.py:642} INFO - Processing file /home/airflow/.local/lib/python3.7/site-packages/airflow/example_dags/example_kubernetes_executor.py for tasks to queue
[2022-02-21 01:17:23,339] {logging_mixin.py:109} INFO - [2022-02-21 01:17:23,339] {dagbag.py:500} INFO - Filling up the DagBag from /home/airflow/.local/lib/python3.7/site-packages/airflow/example_dags/example_kubernetes_executor.py
[2022-02-21 01:17:23,378] {processor.py:654} INFO - DAG(s) dict_keys(['example_kubernetes_executor']) retrieved from /home/airflow/.local/lib/python3.7/site-packages/airflow/example_dags/example_kubernetes_executor.py
[2022-02-21 01:17:23,390] {logging_mixin.py:109} INFO - [2022-02-21 01:17:23,390] {dag.py:2396} INFO - Sync 1 DAGs
[2022-02-21 01:17:23,406] {logging_mixin.py:109} INFO - [2022-02-21 01:17:23,406] {dag.py:2935} INFO - Setting next_dagrun for example_kubernetes_executor to None
[2022-02-21 01:17:23,417] {processor.py:171} INFO - Processing /home/airflow/.local/lib/python3.7/site-packages/airflow/example_dags/example_kubernetes_executor.py took 0.085 seconds
[2022-02-21 01:17:53,498] {processor.py:163} INFO - Started process (PID=2318) to work on /home/airflow/.local/lib/python3.7/site-packages/airflow/example_dags/example_kubernetes_executor.py
[2022-02-21 01:17:53,500] {processor.py:642} INFO - Processing file /home/airflow/.local/lib/python3.7/site-packages/airflow/example_dags/example_kubernetes_executor.py for tasks to queue
[2022-02-21 01:17:53,500] {logging_mixin.py:109} INFO - [2022-02-21 01:17:53,500] {dagbag.py:500} INFO - Filling up the DagBag from /home/airflow/.local/lib/python3.7/site-packages/airflow/example_dags/example_kubernetes_executor.py
[2022-02-21 01:17:53,540] {processor.py:654} INFO - DAG(s) dict_keys(['example_kubernetes_executor']) retrieved from /home/airflow/.local/lib/python3.7/site-packages/airflow/example_dags/example_kubernetes_executor.py
[2022-02-21 01:17:53,556] {logging_mixin.py:109} INFO - [2022-02-21 01:17:53,556] {dag.py:2396} INFO - Sync 1 DAGs
[2022-02-21 01:17:53,577] {logging_mixin.py:109} INFO - [2022-02-21 01:17:53,577] {dag.py:2935} INFO - Setting next_dagrun for example_kubernetes_executor to None
[2022-02-21 01:17:53,591] {processor.py:171} INFO - Processing /home/airflow/.local/lib/python3.7/site-packages/airflow/example_dags/example_kubernetes_executor.py took 0.097 seconds
[2022-02-21 01:18:24,064] {processor.py:163} INFO - Started process (PID=2378) to work on /home/airflow/.local/lib/python3.7/site-packages/airflow/example_dags/example_kubernetes_executor.py
[2022-02-21 01:18:24,069] {processor.py:642} INFO - Processing file /home/airflow/.local/lib/python3.7/site-packages/airflow/example_dags/example_kubernetes_executor.py for tasks to queue
[2022-02-21 01:18:24,070] {logging_mixin.py:109} INFO - [2022-02-21 01:18:24,070] {dagbag.py:500} INFO - Filling up the DagBag from /home/airflow/.local/lib/python3.7/site-packages/airflow/example_dags/example_kubernetes_executor.py
[2022-02-21 01:18:24,117] {processor.py:654} INFO - DAG(s) dict_keys(['example_kubernetes_executor']) retrieved from /home/airflow/.local/lib/python3.7/site-packages/airflow/example_dags/example_kubernetes_executor.py
[2022-02-21 01:18:24,135] {logging_mixin.py:109} INFO - [2022-02-21 01:18:24,135] {dag.py:2396} INFO - Sync 1 DAGs
[2022-02-21 01:18:24,156] {logging_mixin.py:109} INFO - [2022-02-21 01:18:24,155] {dag.py:2935} INFO - Setting next_dagrun for example_kubernetes_executor to None
[2022-02-21 01:18:24,168] {processor.py:171} INFO - Processing /home/airflow/.local/lib/python3.7/site-packages/airflow/example_dags/example_kubernetes_executor.py took 0.107 seconds
[2022-02-21 01:18:54,246] {processor.py:163} INFO - Started process (PID=2429) to work on /home/airflow/.local/lib/python3.7/site-packages/airflow/example_dags/example_kubernetes_executor.py
[2022-02-21 01:18:54,246] {processor.py:642} INFO - Processing file /home/airflow/.local/lib/python3.7/site-packages/airflow/example_dags/example_kubernetes_executor.py for tasks to queue
[2022-02-21 01:18:54,247] {logging_mixin.py:109} INFO - [2022-02-21 01:18:54,247] {dagbag.py:500} INFO - Filling up the DagBag from /home/airflow/.local/lib/python3.7/site-packages/airflow/example_dags/example_kubernetes_executor.py
[2022-02-21 01:18:54,273] {processor.py:654} INFO - DAG(s) dict_keys(['example_kubernetes_executor']) retrieved from /home/airflow/.local/lib/python3.7/site-packages/airflow/example_dags/example_kubernetes_executor.py
[2022-02-21 01:18:54,284] {logging_mixin.py:109} INFO - [2022-02-21 01:18:54,284] {dag.py:2396} INFO - Sync 1 DAGs
[2022-02-21 01:18:54,297] {logging_mixin.py:109} INFO - [2022-02-21 01:18:54,297] {dag.py:2935} INFO - Setting next_dagrun for example_kubernetes_executor to None
[2022-02-21 01:18:54,307] {processor.py:171} INFO - Processing /home/airflow/.local/lib/python3.7/site-packages/airflow/example_dags/example_kubernetes_executor.py took 0.064 seconds
[2022-02-21 01:19:24,380] {processor.py:163} INFO - Started process (PID=2480) to work on /home/airflow/.local/lib/python3.7/site-packages/airflow/example_dags/example_kubernetes_executor.py
[2022-02-21 01:19:24,382] {processor.py:642} INFO - Processing file /home/airflow/.local/lib/python3.7/site-packages/airflow/example_dags/example_kubernetes_executor.py for tasks to queue
[2022-02-21 01:19:24,383] {logging_mixin.py:109} INFO - [2022-02-21 01:19:24,383] {dagbag.py:500} INFO - Filling up the DagBag from /home/airflow/.local/lib/python3.7/site-packages/airflow/example_dags/example_kubernetes_executor.py
[2022-02-21 01:19:24,421] {processor.py:654} INFO - DAG(s) dict_keys(['example_kubernetes_executor']) retrieved from /home/airflow/.local/lib/python3.7/site-packages/airflow/example_dags/example_kubernetes_executor.py
[2022-02-21 01:19:24,438] {logging_mixin.py:109} INFO - [2022-02-21 01:19:24,438] {dag.py:2396} INFO - Sync 1 DAGs
[2022-02-21 01:19:24,456] {logging_mixin.py:109} INFO - [2022-02-21 01:19:24,456] {dag.py:2935} INFO - Setting next_dagrun for example_kubernetes_executor to None
[2022-02-21 01:19:24,468] {processor.py:171} INFO - Processing /home/airflow/.local/lib/python3.7/site-packages/airflow/example_dags/example_kubernetes_executor.py took 0.092 seconds
[2022-02-21 01:19:54,589] {processor.py:163} INFO - Started process (PID=2538) to work on /home/airflow/.local/lib/python3.7/site-packages/airflow/example_dags/example_kubernetes_executor.py
[2022-02-21 01:19:54,590] {processor.py:642} INFO - Processing file /home/airflow/.local/lib/python3.7/site-packages/airflow/example_dags/example_kubernetes_executor.py for tasks to queue
[2022-02-21 01:19:54,591] {logging_mixin.py:109} INFO - [2022-02-21 01:19:54,591] {dagbag.py:500} INFO - Filling up the DagBag from /home/airflow/.local/lib/python3.7/site-packages/airflow/example_dags/example_kubernetes_executor.py
[2022-02-21 01:19:54,638] {processor.py:654} INFO - DAG(s) dict_keys(['example_kubernetes_executor']) retrieved from /home/airflow/.local/lib/python3.7/site-packages/airflow/example_dags/example_kubernetes_executor.py
[2022-02-21 01:19:54,657] {logging_mixin.py:109} INFO - [2022-02-21 01:19:54,657] {dag.py:2396} INFO - Sync 1 DAGs
[2022-02-21 01:19:54,677] {logging_mixin.py:109} INFO - [2022-02-21 01:19:54,677] {dag.py:2935} INFO - Setting next_dagrun for example_kubernetes_executor to None
[2022-02-21 01:19:54,689] {processor.py:171} INFO - Processing /home/airflow/.local/lib/python3.7/site-packages/airflow/example_dags/example_kubernetes_executor.py took 0.105 seconds
[2022-02-21 01:20:24,964] {processor.py:163} INFO - Started process (PID=2589) to work on /home/airflow/.local/lib/python3.7/site-packages/airflow/example_dags/example_kubernetes_executor.py
[2022-02-21 01:20:24,976] {processor.py:642} INFO - Processing file /home/airflow/.local/lib/python3.7/site-packages/airflow/example_dags/example_kubernetes_executor.py for tasks to queue
[2022-02-21 01:20:24,979] {logging_mixin.py:109} INFO - [2022-02-21 01:20:24,979] {dagbag.py:500} INFO - Filling up the DagBag from /home/airflow/.local/lib/python3.7/site-packages/airflow/example_dags/example_kubernetes_executor.py
[2022-02-21 01:20:25,269] {processor.py:654} INFO - DAG(s) dict_keys(['example_kubernetes_executor']) retrieved from /home/airflow/.local/lib/python3.7/site-packages/airflow/example_dags/example_kubernetes_executor.py
[2022-02-21 01:20:25,394] {logging_mixin.py:109} INFO - [2022-02-21 01:20:25,393] {dag.py:2396} INFO - Sync 1 DAGs
[2022-02-21 01:20:25,599] {logging_mixin.py:109} INFO - [2022-02-21 01:20:25,598] {dag.py:2935} INFO - Setting next_dagrun for example_kubernetes_executor to None
[2022-02-21 01:20:25,706] {processor.py:171} INFO - Processing /home/airflow/.local/lib/python3.7/site-packages/airflow/example_dags/example_kubernetes_executor.py took 0.771 seconds
[2022-02-21 01:20:55,803] {processor.py:163} INFO - Started process (PID=2639) to work on /home/airflow/.local/lib/python3.7/site-packages/airflow/example_dags/example_kubernetes_executor.py
[2022-02-21 01:20:55,804] {processor.py:642} INFO - Processing file /home/airflow/.local/lib/python3.7/site-packages/airflow/example_dags/example_kubernetes_executor.py for tasks to queue
[2022-02-21 01:20:55,805] {logging_mixin.py:109} INFO - [2022-02-21 01:20:55,805] {dagbag.py:500} INFO - Filling up the DagBag from /home/airflow/.local/lib/python3.7/site-packages/airflow/example_dags/example_kubernetes_executor.py
[2022-02-21 01:20:55,856] {processor.py:654} INFO - DAG(s) dict_keys(['example_kubernetes_executor']) retrieved from /home/airflow/.local/lib/python3.7/site-packages/airflow/example_dags/example_kubernetes_executor.py
[2022-02-21 01:20:55,877] {logging_mixin.py:109} INFO - [2022-02-21 01:20:55,876] {dag.py:2396} INFO - Sync 1 DAGs
[2022-02-21 01:20:55,900] {logging_mixin.py:109} INFO - [2022-02-21 01:20:55,900] {dag.py:2935} INFO - Setting next_dagrun for example_kubernetes_executor to None
[2022-02-21 01:20:55,915] {processor.py:171} INFO - Processing /home/airflow/.local/lib/python3.7/site-packages/airflow/example_dags/example_kubernetes_executor.py took 0.117 seconds
[2022-02-21 01:21:25,967] {processor.py:163} INFO - Started process (PID=2689) to work on /home/airflow/.local/lib/python3.7/site-packages/airflow/example_dags/example_kubernetes_executor.py
[2022-02-21 01:21:25,969] {processor.py:642} INFO - Processing file /home/airflow/.local/lib/python3.7/site-packages/airflow/example_dags/example_kubernetes_executor.py for tasks to queue
[2022-02-21 01:21:25,970] {logging_mixin.py:109} INFO - [2022-02-21 01:21:25,970] {dagbag.py:500} INFO - Filling up the DagBag from /home/airflow/.local/lib/python3.7/site-packages/airflow/example_dags/example_kubernetes_executor.py
[2022-02-21 01:21:26,010] {processor.py:654} INFO - DAG(s) dict_keys(['example_kubernetes_executor']) retrieved from /home/airflow/.local/lib/python3.7/site-packages/airflow/example_dags/example_kubernetes_executor.py
[2022-02-21 01:21:26,024] {logging_mixin.py:109} INFO - [2022-02-21 01:21:26,024] {dag.py:2396} INFO - Sync 1 DAGs
[2022-02-21 01:21:26,041] {logging_mixin.py:109} INFO - [2022-02-21 01:21:26,041] {dag.py:2935} INFO - Setting next_dagrun for example_kubernetes_executor to None
[2022-02-21 01:21:26,051] {processor.py:171} INFO - Processing /home/airflow/.local/lib/python3.7/site-packages/airflow/example_dags/example_kubernetes_executor.py took 0.088 seconds
