[2022-02-21 00:58:51,707] {processor.py:163} INFO - Started process (PID=303) to work on /home/airflow/.local/lib/python3.7/site-packages/airflow/example_dags/example_trigger_controller_dag.py
[2022-02-21 00:58:51,710] {processor.py:642} INFO - Processing file /home/airflow/.local/lib/python3.7/site-packages/airflow/example_dags/example_trigger_controller_dag.py for tasks to queue
[2022-02-21 00:58:51,712] {logging_mixin.py:109} INFO - [2022-02-21 00:58:51,712] {dagbag.py:500} INFO - Filling up the DagBag from /home/airflow/.local/lib/python3.7/site-packages/airflow/example_dags/example_trigger_controller_dag.py
[2022-02-21 00:58:51,760] {processor.py:654} INFO - DAG(s) dict_keys(['example_trigger_controller_dag']) retrieved from /home/airflow/.local/lib/python3.7/site-packages/airflow/example_dags/example_trigger_controller_dag.py
[2022-02-21 00:58:55,258] {logging_mixin.py:109} INFO - [2022-02-21 00:58:55,258] {manager.py:496} INFO - Created Permission View: can edit on DAG:example_trigger_controller_dag
[2022-02-21 00:58:55,277] {logging_mixin.py:109} INFO - [2022-02-21 00:58:55,277] {manager.py:496} INFO - Created Permission View: can read on DAG:example_trigger_controller_dag
[2022-02-21 00:58:55,278] {logging_mixin.py:109} INFO - [2022-02-21 00:58:55,277] {dag.py:2396} INFO - Sync 1 DAGs
[2022-02-21 00:58:55,295] {logging_mixin.py:109} INFO - [2022-02-21 00:58:55,294] {dag.py:2415} INFO - Creating ORM DAG for example_trigger_controller_dag
[2022-02-21 00:58:55,316] {logging_mixin.py:109} INFO - [2022-02-21 00:58:55,316] {dag.py:2935} INFO - Setting next_dagrun for example_trigger_controller_dag to 2021-01-01T00:00:00+00:00
[2022-02-21 00:58:55,342] {processor.py:171} INFO - Processing /home/airflow/.local/lib/python3.7/site-packages/airflow/example_dags/example_trigger_controller_dag.py took 3.644 seconds
[2022-02-21 00:59:26,303] {processor.py:163} INFO - Started process (PID=413) to work on /home/airflow/.local/lib/python3.7/site-packages/airflow/example_dags/example_trigger_controller_dag.py
[2022-02-21 00:59:26,305] {processor.py:642} INFO - Processing file /home/airflow/.local/lib/python3.7/site-packages/airflow/example_dags/example_trigger_controller_dag.py for tasks to queue
[2022-02-21 00:59:26,306] {logging_mixin.py:109} INFO - [2022-02-21 00:59:26,306] {dagbag.py:500} INFO - Filling up the DagBag from /home/airflow/.local/lib/python3.7/site-packages/airflow/example_dags/example_trigger_controller_dag.py
[2022-02-21 00:59:26,345] {processor.py:654} INFO - DAG(s) dict_keys(['example_trigger_controller_dag']) retrieved from /home/airflow/.local/lib/python3.7/site-packages/airflow/example_dags/example_trigger_controller_dag.py
[2022-02-21 00:59:26,358] {logging_mixin.py:109} INFO - [2022-02-21 00:59:26,358] {dag.py:2396} INFO - Sync 1 DAGs
[2022-02-21 00:59:26,382] {logging_mixin.py:109} INFO - [2022-02-21 00:59:26,382] {dag.py:2935} INFO - Setting next_dagrun for example_trigger_controller_dag to 2021-01-01T00:00:00+00:00
[2022-02-21 00:59:26,395] {processor.py:171} INFO - Processing /home/airflow/.local/lib/python3.7/site-packages/airflow/example_dags/example_trigger_controller_dag.py took 0.097 seconds
[2022-02-21 00:59:56,481] {processor.py:163} INFO - Started process (PID=465) to work on /home/airflow/.local/lib/python3.7/site-packages/airflow/example_dags/example_trigger_controller_dag.py
[2022-02-21 00:59:56,482] {processor.py:642} INFO - Processing file /home/airflow/.local/lib/python3.7/site-packages/airflow/example_dags/example_trigger_controller_dag.py for tasks to queue
[2022-02-21 00:59:56,483] {logging_mixin.py:109} INFO - [2022-02-21 00:59:56,483] {dagbag.py:500} INFO - Filling up the DagBag from /home/airflow/.local/lib/python3.7/site-packages/airflow/example_dags/example_trigger_controller_dag.py
[2022-02-21 00:59:56,513] {processor.py:654} INFO - DAG(s) dict_keys(['example_trigger_controller_dag']) retrieved from /home/airflow/.local/lib/python3.7/site-packages/airflow/example_dags/example_trigger_controller_dag.py
[2022-02-21 00:59:56,524] {logging_mixin.py:109} INFO - [2022-02-21 00:59:56,524] {dag.py:2396} INFO - Sync 1 DAGs
[2022-02-21 00:59:56,543] {logging_mixin.py:109} INFO - [2022-02-21 00:59:56,543] {dag.py:2935} INFO - Setting next_dagrun for example_trigger_controller_dag to 2021-01-01T00:00:00+00:00
[2022-02-21 00:59:56,554] {processor.py:171} INFO - Processing /home/airflow/.local/lib/python3.7/site-packages/airflow/example_dags/example_trigger_controller_dag.py took 0.077 seconds
[2022-02-21 01:00:26,688] {processor.py:163} INFO - Started process (PID=515) to work on /home/airflow/.local/lib/python3.7/site-packages/airflow/example_dags/example_trigger_controller_dag.py
[2022-02-21 01:00:26,692] {processor.py:642} INFO - Processing file /home/airflow/.local/lib/python3.7/site-packages/airflow/example_dags/example_trigger_controller_dag.py for tasks to queue
[2022-02-21 01:00:26,693] {logging_mixin.py:109} INFO - [2022-02-21 01:00:26,693] {dagbag.py:500} INFO - Filling up the DagBag from /home/airflow/.local/lib/python3.7/site-packages/airflow/example_dags/example_trigger_controller_dag.py
[2022-02-21 01:00:26,752] {processor.py:654} INFO - DAG(s) dict_keys(['example_trigger_controller_dag']) retrieved from /home/airflow/.local/lib/python3.7/site-packages/airflow/example_dags/example_trigger_controller_dag.py
[2022-02-21 01:00:26,772] {logging_mixin.py:109} INFO - [2022-02-21 01:00:26,772] {dag.py:2396} INFO - Sync 1 DAGs
[2022-02-21 01:00:26,810] {logging_mixin.py:109} INFO - [2022-02-21 01:00:26,810] {dag.py:2935} INFO - Setting next_dagrun for example_trigger_controller_dag to 2021-01-01T00:00:00+00:00
[2022-02-21 01:00:26,829] {processor.py:171} INFO - Processing /home/airflow/.local/lib/python3.7/site-packages/airflow/example_dags/example_trigger_controller_dag.py took 0.149 seconds
[2022-02-21 01:00:57,401] {processor.py:163} INFO - Started process (PID=567) to work on /home/airflow/.local/lib/python3.7/site-packages/airflow/example_dags/example_trigger_controller_dag.py
[2022-02-21 01:00:57,402] {processor.py:642} INFO - Processing file /home/airflow/.local/lib/python3.7/site-packages/airflow/example_dags/example_trigger_controller_dag.py for tasks to queue
[2022-02-21 01:00:57,402] {logging_mixin.py:109} INFO - [2022-02-21 01:00:57,402] {dagbag.py:500} INFO - Filling up the DagBag from /home/airflow/.local/lib/python3.7/site-packages/airflow/example_dags/example_trigger_controller_dag.py
[2022-02-21 01:00:57,428] {processor.py:654} INFO - DAG(s) dict_keys(['example_trigger_controller_dag']) retrieved from /home/airflow/.local/lib/python3.7/site-packages/airflow/example_dags/example_trigger_controller_dag.py
[2022-02-21 01:00:57,437] {logging_mixin.py:109} INFO - [2022-02-21 01:00:57,437] {dag.py:2396} INFO - Sync 1 DAGs
[2022-02-21 01:00:57,450] {logging_mixin.py:109} INFO - [2022-02-21 01:00:57,450] {dag.py:2935} INFO - Setting next_dagrun for example_trigger_controller_dag to 2021-01-01T00:00:00+00:00
[2022-02-21 01:00:57,459] {processor.py:171} INFO - Processing /home/airflow/.local/lib/python3.7/site-packages/airflow/example_dags/example_trigger_controller_dag.py took 0.061 seconds
[2022-02-21 01:01:27,554] {processor.py:163} INFO - Started process (PID=618) to work on /home/airflow/.local/lib/python3.7/site-packages/airflow/example_dags/example_trigger_controller_dag.py
[2022-02-21 01:01:27,558] {processor.py:642} INFO - Processing file /home/airflow/.local/lib/python3.7/site-packages/airflow/example_dags/example_trigger_controller_dag.py for tasks to queue
[2022-02-21 01:01:27,558] {logging_mixin.py:109} INFO - [2022-02-21 01:01:27,558] {dagbag.py:500} INFO - Filling up the DagBag from /home/airflow/.local/lib/python3.7/site-packages/airflow/example_dags/example_trigger_controller_dag.py
[2022-02-21 01:01:27,594] {processor.py:654} INFO - DAG(s) dict_keys(['example_trigger_controller_dag']) retrieved from /home/airflow/.local/lib/python3.7/site-packages/airflow/example_dags/example_trigger_controller_dag.py
[2022-02-21 01:01:27,610] {logging_mixin.py:109} INFO - [2022-02-21 01:01:27,609] {dag.py:2396} INFO - Sync 1 DAGs
[2022-02-21 01:01:27,634] {logging_mixin.py:109} INFO - [2022-02-21 01:01:27,634] {dag.py:2935} INFO - Setting next_dagrun for example_trigger_controller_dag to 2021-01-01T00:00:00+00:00
[2022-02-21 01:01:27,650] {processor.py:171} INFO - Processing /home/airflow/.local/lib/python3.7/site-packages/airflow/example_dags/example_trigger_controller_dag.py took 0.100 seconds
[2022-02-21 01:01:57,962] {processor.py:163} INFO - Started process (PID=678) to work on /home/airflow/.local/lib/python3.7/site-packages/airflow/example_dags/example_trigger_controller_dag.py
[2022-02-21 01:01:57,963] {processor.py:642} INFO - Processing file /home/airflow/.local/lib/python3.7/site-packages/airflow/example_dags/example_trigger_controller_dag.py for tasks to queue
[2022-02-21 01:01:57,964] {logging_mixin.py:109} INFO - [2022-02-21 01:01:57,964] {dagbag.py:500} INFO - Filling up the DagBag from /home/airflow/.local/lib/python3.7/site-packages/airflow/example_dags/example_trigger_controller_dag.py
[2022-02-21 01:01:57,988] {processor.py:654} INFO - DAG(s) dict_keys(['example_trigger_controller_dag']) retrieved from /home/airflow/.local/lib/python3.7/site-packages/airflow/example_dags/example_trigger_controller_dag.py
[2022-02-21 01:01:57,998] {logging_mixin.py:109} INFO - [2022-02-21 01:01:57,998] {dag.py:2396} INFO - Sync 1 DAGs
[2022-02-21 01:01:58,014] {logging_mixin.py:109} INFO - [2022-02-21 01:01:58,014] {dag.py:2935} INFO - Setting next_dagrun for example_trigger_controller_dag to 2021-01-01T00:00:00+00:00
[2022-02-21 01:01:58,024] {processor.py:171} INFO - Processing /home/airflow/.local/lib/python3.7/site-packages/airflow/example_dags/example_trigger_controller_dag.py took 0.065 seconds
[2022-02-21 01:02:28,432] {processor.py:163} INFO - Started process (PID=728) to work on /home/airflow/.local/lib/python3.7/site-packages/airflow/example_dags/example_trigger_controller_dag.py
[2022-02-21 01:02:28,434] {processor.py:642} INFO - Processing file /home/airflow/.local/lib/python3.7/site-packages/airflow/example_dags/example_trigger_controller_dag.py for tasks to queue
[2022-02-21 01:02:28,435] {logging_mixin.py:109} INFO - [2022-02-21 01:02:28,435] {dagbag.py:500} INFO - Filling up the DagBag from /home/airflow/.local/lib/python3.7/site-packages/airflow/example_dags/example_trigger_controller_dag.py
[2022-02-21 01:02:28,466] {processor.py:654} INFO - DAG(s) dict_keys(['example_trigger_controller_dag']) retrieved from /home/airflow/.local/lib/python3.7/site-packages/airflow/example_dags/example_trigger_controller_dag.py
[2022-02-21 01:02:28,478] {logging_mixin.py:109} INFO - [2022-02-21 01:02:28,478] {dag.py:2396} INFO - Sync 1 DAGs
[2022-02-21 01:02:28,496] {logging_mixin.py:109} INFO - [2022-02-21 01:02:28,496] {dag.py:2935} INFO - Setting next_dagrun for example_trigger_controller_dag to 2021-01-01T00:00:00+00:00
[2022-02-21 01:02:28,508] {processor.py:171} INFO - Processing /home/airflow/.local/lib/python3.7/site-packages/airflow/example_dags/example_trigger_controller_dag.py took 0.080 seconds
[2022-02-21 01:02:59,205] {processor.py:163} INFO - Started process (PID=779) to work on /home/airflow/.local/lib/python3.7/site-packages/airflow/example_dags/example_trigger_controller_dag.py
[2022-02-21 01:02:59,206] {processor.py:642} INFO - Processing file /home/airflow/.local/lib/python3.7/site-packages/airflow/example_dags/example_trigger_controller_dag.py for tasks to queue
[2022-02-21 01:02:59,207] {logging_mixin.py:109} INFO - [2022-02-21 01:02:59,207] {dagbag.py:500} INFO - Filling up the DagBag from /home/airflow/.local/lib/python3.7/site-packages/airflow/example_dags/example_trigger_controller_dag.py
[2022-02-21 01:02:59,228] {processor.py:654} INFO - DAG(s) dict_keys(['example_trigger_controller_dag']) retrieved from /home/airflow/.local/lib/python3.7/site-packages/airflow/example_dags/example_trigger_controller_dag.py
[2022-02-21 01:02:59,237] {logging_mixin.py:109} INFO - [2022-02-21 01:02:59,237] {dag.py:2396} INFO - Sync 1 DAGs
[2022-02-21 01:02:59,251] {logging_mixin.py:109} INFO - [2022-02-21 01:02:59,251] {dag.py:2935} INFO - Setting next_dagrun for example_trigger_controller_dag to 2021-01-01T00:00:00+00:00
[2022-02-21 01:02:59,261] {processor.py:171} INFO - Processing /home/airflow/.local/lib/python3.7/site-packages/airflow/example_dags/example_trigger_controller_dag.py took 0.058 seconds
[2022-02-21 01:03:29,535] {processor.py:163} INFO - Started process (PID=838) to work on /home/airflow/.local/lib/python3.7/site-packages/airflow/example_dags/example_trigger_controller_dag.py
[2022-02-21 01:03:29,536] {processor.py:642} INFO - Processing file /home/airflow/.local/lib/python3.7/site-packages/airflow/example_dags/example_trigger_controller_dag.py for tasks to queue
[2022-02-21 01:03:29,536] {logging_mixin.py:109} INFO - [2022-02-21 01:03:29,536] {dagbag.py:500} INFO - Filling up the DagBag from /home/airflow/.local/lib/python3.7/site-packages/airflow/example_dags/example_trigger_controller_dag.py
[2022-02-21 01:03:29,558] {processor.py:654} INFO - DAG(s) dict_keys(['example_trigger_controller_dag']) retrieved from /home/airflow/.local/lib/python3.7/site-packages/airflow/example_dags/example_trigger_controller_dag.py
[2022-02-21 01:03:29,567] {logging_mixin.py:109} INFO - [2022-02-21 01:03:29,567] {dag.py:2396} INFO - Sync 1 DAGs
[2022-02-21 01:03:29,581] {logging_mixin.py:109} INFO - [2022-02-21 01:03:29,581] {dag.py:2935} INFO - Setting next_dagrun for example_trigger_controller_dag to 2021-01-01T00:00:00+00:00
[2022-02-21 01:03:29,591] {processor.py:171} INFO - Processing /home/airflow/.local/lib/python3.7/site-packages/airflow/example_dags/example_trigger_controller_dag.py took 0.059 seconds
[2022-02-21 01:03:59,726] {processor.py:163} INFO - Started process (PID=889) to work on /home/airflow/.local/lib/python3.7/site-packages/airflow/example_dags/example_trigger_controller_dag.py
[2022-02-21 01:03:59,728] {processor.py:642} INFO - Processing file /home/airflow/.local/lib/python3.7/site-packages/airflow/example_dags/example_trigger_controller_dag.py for tasks to queue
[2022-02-21 01:03:59,728] {logging_mixin.py:109} INFO - [2022-02-21 01:03:59,728] {dagbag.py:500} INFO - Filling up the DagBag from /home/airflow/.local/lib/python3.7/site-packages/airflow/example_dags/example_trigger_controller_dag.py
[2022-02-21 01:03:59,753] {processor.py:654} INFO - DAG(s) dict_keys(['example_trigger_controller_dag']) retrieved from /home/airflow/.local/lib/python3.7/site-packages/airflow/example_dags/example_trigger_controller_dag.py
[2022-02-21 01:03:59,765] {logging_mixin.py:109} INFO - [2022-02-21 01:03:59,765] {dag.py:2396} INFO - Sync 1 DAGs
[2022-02-21 01:03:59,783] {logging_mixin.py:109} INFO - [2022-02-21 01:03:59,783] {dag.py:2935} INFO - Setting next_dagrun for example_trigger_controller_dag to 2021-01-01T00:00:00+00:00
[2022-02-21 01:03:59,797] {processor.py:171} INFO - Processing /home/airflow/.local/lib/python3.7/site-packages/airflow/example_dags/example_trigger_controller_dag.py took 0.074 seconds
[2022-02-21 01:04:30,405] {processor.py:163} INFO - Started process (PID=940) to work on /home/airflow/.local/lib/python3.7/site-packages/airflow/example_dags/example_trigger_controller_dag.py
[2022-02-21 01:04:30,407] {processor.py:642} INFO - Processing file /home/airflow/.local/lib/python3.7/site-packages/airflow/example_dags/example_trigger_controller_dag.py for tasks to queue
[2022-02-21 01:04:30,407] {logging_mixin.py:109} INFO - [2022-02-21 01:04:30,407] {dagbag.py:500} INFO - Filling up the DagBag from /home/airflow/.local/lib/python3.7/site-packages/airflow/example_dags/example_trigger_controller_dag.py
[2022-02-21 01:04:30,434] {processor.py:654} INFO - DAG(s) dict_keys(['example_trigger_controller_dag']) retrieved from /home/airflow/.local/lib/python3.7/site-packages/airflow/example_dags/example_trigger_controller_dag.py
[2022-02-21 01:04:30,443] {logging_mixin.py:109} INFO - [2022-02-21 01:04:30,443] {dag.py:2396} INFO - Sync 1 DAGs
[2022-02-21 01:04:30,457] {logging_mixin.py:109} INFO - [2022-02-21 01:04:30,457] {dag.py:2935} INFO - Setting next_dagrun for example_trigger_controller_dag to 2021-01-01T00:00:00+00:00
[2022-02-21 01:04:30,467] {processor.py:171} INFO - Processing /home/airflow/.local/lib/python3.7/site-packages/airflow/example_dags/example_trigger_controller_dag.py took 0.069 seconds
[2022-02-21 01:05:00,894] {processor.py:163} INFO - Started process (PID=991) to work on /home/airflow/.local/lib/python3.7/site-packages/airflow/example_dags/example_trigger_controller_dag.py
[2022-02-21 01:05:00,895] {processor.py:642} INFO - Processing file /home/airflow/.local/lib/python3.7/site-packages/airflow/example_dags/example_trigger_controller_dag.py for tasks to queue
[2022-02-21 01:05:00,896] {logging_mixin.py:109} INFO - [2022-02-21 01:05:00,896] {dagbag.py:500} INFO - Filling up the DagBag from /home/airflow/.local/lib/python3.7/site-packages/airflow/example_dags/example_trigger_controller_dag.py
[2022-02-21 01:05:00,924] {processor.py:654} INFO - DAG(s) dict_keys(['example_trigger_controller_dag']) retrieved from /home/airflow/.local/lib/python3.7/site-packages/airflow/example_dags/example_trigger_controller_dag.py
[2022-02-21 01:05:00,937] {logging_mixin.py:109} INFO - [2022-02-21 01:05:00,936] {dag.py:2396} INFO - Sync 1 DAGs
[2022-02-21 01:05:00,956] {logging_mixin.py:109} INFO - [2022-02-21 01:05:00,956] {dag.py:2935} INFO - Setting next_dagrun for example_trigger_controller_dag to 2021-01-01T00:00:00+00:00
[2022-02-21 01:05:00,969] {processor.py:171} INFO - Processing /home/airflow/.local/lib/python3.7/site-packages/airflow/example_dags/example_trigger_controller_dag.py took 0.079 seconds
[2022-02-21 01:05:31,133] {processor.py:163} INFO - Started process (PID=1052) to work on /home/airflow/.local/lib/python3.7/site-packages/airflow/example_dags/example_trigger_controller_dag.py
[2022-02-21 01:05:31,134] {processor.py:642} INFO - Processing file /home/airflow/.local/lib/python3.7/site-packages/airflow/example_dags/example_trigger_controller_dag.py for tasks to queue
[2022-02-21 01:05:31,135] {logging_mixin.py:109} INFO - [2022-02-21 01:05:31,135] {dagbag.py:500} INFO - Filling up the DagBag from /home/airflow/.local/lib/python3.7/site-packages/airflow/example_dags/example_trigger_controller_dag.py
[2022-02-21 01:05:31,166] {processor.py:654} INFO - DAG(s) dict_keys(['example_trigger_controller_dag']) retrieved from /home/airflow/.local/lib/python3.7/site-packages/airflow/example_dags/example_trigger_controller_dag.py
[2022-02-21 01:05:31,177] {logging_mixin.py:109} INFO - [2022-02-21 01:05:31,177] {dag.py:2396} INFO - Sync 1 DAGs
[2022-02-21 01:05:31,198] {logging_mixin.py:109} INFO - [2022-02-21 01:05:31,198] {dag.py:2935} INFO - Setting next_dagrun for example_trigger_controller_dag to 2021-01-01T00:00:00+00:00
[2022-02-21 01:05:31,211] {processor.py:171} INFO - Processing /home/airflow/.local/lib/python3.7/site-packages/airflow/example_dags/example_trigger_controller_dag.py took 0.082 seconds
[2022-02-21 01:06:01,493] {processor.py:163} INFO - Started process (PID=1102) to work on /home/airflow/.local/lib/python3.7/site-packages/airflow/example_dags/example_trigger_controller_dag.py
[2022-02-21 01:06:01,494] {processor.py:642} INFO - Processing file /home/airflow/.local/lib/python3.7/site-packages/airflow/example_dags/example_trigger_controller_dag.py for tasks to queue
[2022-02-21 01:06:01,495] {logging_mixin.py:109} INFO - [2022-02-21 01:06:01,495] {dagbag.py:500} INFO - Filling up the DagBag from /home/airflow/.local/lib/python3.7/site-packages/airflow/example_dags/example_trigger_controller_dag.py
[2022-02-21 01:06:01,521] {processor.py:654} INFO - DAG(s) dict_keys(['example_trigger_controller_dag']) retrieved from /home/airflow/.local/lib/python3.7/site-packages/airflow/example_dags/example_trigger_controller_dag.py
[2022-02-21 01:06:01,531] {logging_mixin.py:109} INFO - [2022-02-21 01:06:01,531] {dag.py:2396} INFO - Sync 1 DAGs
[2022-02-21 01:06:01,547] {logging_mixin.py:109} INFO - [2022-02-21 01:06:01,547] {dag.py:2935} INFO - Setting next_dagrun for example_trigger_controller_dag to 2021-01-01T00:00:00+00:00
[2022-02-21 01:06:01,559] {processor.py:171} INFO - Processing /home/airflow/.local/lib/python3.7/site-packages/airflow/example_dags/example_trigger_controller_dag.py took 0.069 seconds
[2022-02-21 01:06:31,932] {processor.py:163} INFO - Started process (PID=1153) to work on /home/airflow/.local/lib/python3.7/site-packages/airflow/example_dags/example_trigger_controller_dag.py
[2022-02-21 01:06:31,933] {processor.py:642} INFO - Processing file /home/airflow/.local/lib/python3.7/site-packages/airflow/example_dags/example_trigger_controller_dag.py for tasks to queue
[2022-02-21 01:06:31,933] {logging_mixin.py:109} INFO - [2022-02-21 01:06:31,933] {dagbag.py:500} INFO - Filling up the DagBag from /home/airflow/.local/lib/python3.7/site-packages/airflow/example_dags/example_trigger_controller_dag.py
[2022-02-21 01:06:31,956] {processor.py:654} INFO - DAG(s) dict_keys(['example_trigger_controller_dag']) retrieved from /home/airflow/.local/lib/python3.7/site-packages/airflow/example_dags/example_trigger_controller_dag.py
[2022-02-21 01:06:31,964] {logging_mixin.py:109} INFO - [2022-02-21 01:06:31,964] {dag.py:2396} INFO - Sync 1 DAGs
[2022-02-21 01:06:31,976] {logging_mixin.py:109} INFO - [2022-02-21 01:06:31,976] {dag.py:2935} INFO - Setting next_dagrun for example_trigger_controller_dag to 2021-01-01T00:00:00+00:00
[2022-02-21 01:06:31,986] {processor.py:171} INFO - Processing /home/airflow/.local/lib/python3.7/site-packages/airflow/example_dags/example_trigger_controller_dag.py took 0.057 seconds
[2022-02-21 01:07:02,104] {processor.py:163} INFO - Started process (PID=1203) to work on /home/airflow/.local/lib/python3.7/site-packages/airflow/example_dags/example_trigger_controller_dag.py
[2022-02-21 01:07:02,109] {processor.py:642} INFO - Processing file /home/airflow/.local/lib/python3.7/site-packages/airflow/example_dags/example_trigger_controller_dag.py for tasks to queue
[2022-02-21 01:07:02,110] {logging_mixin.py:109} INFO - [2022-02-21 01:07:02,110] {dagbag.py:500} INFO - Filling up the DagBag from /home/airflow/.local/lib/python3.7/site-packages/airflow/example_dags/example_trigger_controller_dag.py
[2022-02-21 01:07:02,138] {processor.py:654} INFO - DAG(s) dict_keys(['example_trigger_controller_dag']) retrieved from /home/airflow/.local/lib/python3.7/site-packages/airflow/example_dags/example_trigger_controller_dag.py
[2022-02-21 01:07:02,150] {logging_mixin.py:109} INFO - [2022-02-21 01:07:02,150] {dag.py:2396} INFO - Sync 1 DAGs
[2022-02-21 01:07:02,168] {logging_mixin.py:109} INFO - [2022-02-21 01:07:02,168] {dag.py:2935} INFO - Setting next_dagrun for example_trigger_controller_dag to 2021-01-01T00:00:00+00:00
[2022-02-21 01:07:02,180] {processor.py:171} INFO - Processing /home/airflow/.local/lib/python3.7/site-packages/airflow/example_dags/example_trigger_controller_dag.py took 0.079 seconds
[2022-02-21 01:07:32,837] {processor.py:163} INFO - Started process (PID=1254) to work on /home/airflow/.local/lib/python3.7/site-packages/airflow/example_dags/example_trigger_controller_dag.py
[2022-02-21 01:07:32,838] {processor.py:642} INFO - Processing file /home/airflow/.local/lib/python3.7/site-packages/airflow/example_dags/example_trigger_controller_dag.py for tasks to queue
[2022-02-21 01:07:32,839] {logging_mixin.py:109} INFO - [2022-02-21 01:07:32,839] {dagbag.py:500} INFO - Filling up the DagBag from /home/airflow/.local/lib/python3.7/site-packages/airflow/example_dags/example_trigger_controller_dag.py
[2022-02-21 01:07:32,878] {processor.py:654} INFO - DAG(s) dict_keys(['example_trigger_controller_dag']) retrieved from /home/airflow/.local/lib/python3.7/site-packages/airflow/example_dags/example_trigger_controller_dag.py
[2022-02-21 01:07:32,890] {logging_mixin.py:109} INFO - [2022-02-21 01:07:32,890] {dag.py:2396} INFO - Sync 1 DAGs
[2022-02-21 01:07:32,914] {logging_mixin.py:109} INFO - [2022-02-21 01:07:32,914] {dag.py:2935} INFO - Setting next_dagrun for example_trigger_controller_dag to 2021-01-01T00:00:00+00:00
[2022-02-21 01:07:32,928] {processor.py:171} INFO - Processing /home/airflow/.local/lib/python3.7/site-packages/airflow/example_dags/example_trigger_controller_dag.py took 0.095 seconds
[2022-02-21 01:08:03,044] {processor.py:163} INFO - Started process (PID=1315) to work on /home/airflow/.local/lib/python3.7/site-packages/airflow/example_dags/example_trigger_controller_dag.py
[2022-02-21 01:08:03,049] {processor.py:642} INFO - Processing file /home/airflow/.local/lib/python3.7/site-packages/airflow/example_dags/example_trigger_controller_dag.py for tasks to queue
[2022-02-21 01:08:03,050] {logging_mixin.py:109} INFO - [2022-02-21 01:08:03,050] {dagbag.py:500} INFO - Filling up the DagBag from /home/airflow/.local/lib/python3.7/site-packages/airflow/example_dags/example_trigger_controller_dag.py
[2022-02-21 01:08:03,079] {processor.py:654} INFO - DAG(s) dict_keys(['example_trigger_controller_dag']) retrieved from /home/airflow/.local/lib/python3.7/site-packages/airflow/example_dags/example_trigger_controller_dag.py
[2022-02-21 01:08:03,090] {logging_mixin.py:109} INFO - [2022-02-21 01:08:03,090] {dag.py:2396} INFO - Sync 1 DAGs
[2022-02-21 01:08:03,109] {logging_mixin.py:109} INFO - [2022-02-21 01:08:03,108] {dag.py:2935} INFO - Setting next_dagrun for example_trigger_controller_dag to 2021-01-01T00:00:00+00:00
[2022-02-21 01:08:03,121] {processor.py:171} INFO - Processing /home/airflow/.local/lib/python3.7/site-packages/airflow/example_dags/example_trigger_controller_dag.py took 0.081 seconds
[2022-02-21 01:08:33,169] {processor.py:163} INFO - Started process (PID=1366) to work on /home/airflow/.local/lib/python3.7/site-packages/airflow/example_dags/example_trigger_controller_dag.py
[2022-02-21 01:08:33,170] {processor.py:642} INFO - Processing file /home/airflow/.local/lib/python3.7/site-packages/airflow/example_dags/example_trigger_controller_dag.py for tasks to queue
[2022-02-21 01:08:33,171] {logging_mixin.py:109} INFO - [2022-02-21 01:08:33,171] {dagbag.py:500} INFO - Filling up the DagBag from /home/airflow/.local/lib/python3.7/site-packages/airflow/example_dags/example_trigger_controller_dag.py
[2022-02-21 01:08:33,197] {processor.py:654} INFO - DAG(s) dict_keys(['example_trigger_controller_dag']) retrieved from /home/airflow/.local/lib/python3.7/site-packages/airflow/example_dags/example_trigger_controller_dag.py
[2022-02-21 01:08:33,206] {logging_mixin.py:109} INFO - [2022-02-21 01:08:33,206] {dag.py:2396} INFO - Sync 1 DAGs
[2022-02-21 01:08:33,222] {logging_mixin.py:109} INFO - [2022-02-21 01:08:33,222] {dag.py:2935} INFO - Setting next_dagrun for example_trigger_controller_dag to 2021-01-01T00:00:00+00:00
[2022-02-21 01:08:33,232] {processor.py:171} INFO - Processing /home/airflow/.local/lib/python3.7/site-packages/airflow/example_dags/example_trigger_controller_dag.py took 0.065 seconds
[2022-02-21 01:09:03,560] {processor.py:163} INFO - Started process (PID=1416) to work on /home/airflow/.local/lib/python3.7/site-packages/airflow/example_dags/example_trigger_controller_dag.py
[2022-02-21 01:09:03,565] {processor.py:642} INFO - Processing file /home/airflow/.local/lib/python3.7/site-packages/airflow/example_dags/example_trigger_controller_dag.py for tasks to queue
[2022-02-21 01:09:03,566] {logging_mixin.py:109} INFO - [2022-02-21 01:09:03,566] {dagbag.py:500} INFO - Filling up the DagBag from /home/airflow/.local/lib/python3.7/site-packages/airflow/example_dags/example_trigger_controller_dag.py
[2022-02-21 01:09:03,595] {processor.py:654} INFO - DAG(s) dict_keys(['example_trigger_controller_dag']) retrieved from /home/airflow/.local/lib/python3.7/site-packages/airflow/example_dags/example_trigger_controller_dag.py
[2022-02-21 01:09:03,605] {logging_mixin.py:109} INFO - [2022-02-21 01:09:03,605] {dag.py:2396} INFO - Sync 1 DAGs
[2022-02-21 01:09:03,624] {logging_mixin.py:109} INFO - [2022-02-21 01:09:03,624] {dag.py:2935} INFO - Setting next_dagrun for example_trigger_controller_dag to 2021-01-01T00:00:00+00:00
[2022-02-21 01:09:03,636] {processor.py:171} INFO - Processing /home/airflow/.local/lib/python3.7/site-packages/airflow/example_dags/example_trigger_controller_dag.py took 0.080 seconds
[2022-02-21 01:09:33,781] {processor.py:163} INFO - Started process (PID=1475) to work on /home/airflow/.local/lib/python3.7/site-packages/airflow/example_dags/example_trigger_controller_dag.py
[2022-02-21 01:09:33,782] {processor.py:642} INFO - Processing file /home/airflow/.local/lib/python3.7/site-packages/airflow/example_dags/example_trigger_controller_dag.py for tasks to queue
[2022-02-21 01:09:33,784] {logging_mixin.py:109} INFO - [2022-02-21 01:09:33,784] {dagbag.py:500} INFO - Filling up the DagBag from /home/airflow/.local/lib/python3.7/site-packages/airflow/example_dags/example_trigger_controller_dag.py
[2022-02-21 01:09:33,833] {processor.py:654} INFO - DAG(s) dict_keys(['example_trigger_controller_dag']) retrieved from /home/airflow/.local/lib/python3.7/site-packages/airflow/example_dags/example_trigger_controller_dag.py
[2022-02-21 01:09:33,851] {logging_mixin.py:109} INFO - [2022-02-21 01:09:33,851] {dag.py:2396} INFO - Sync 1 DAGs
[2022-02-21 01:09:33,883] {logging_mixin.py:109} INFO - [2022-02-21 01:09:33,882] {dag.py:2935} INFO - Setting next_dagrun for example_trigger_controller_dag to 2021-01-01T00:00:00+00:00
[2022-02-21 01:09:33,905] {processor.py:171} INFO - Processing /home/airflow/.local/lib/python3.7/site-packages/airflow/example_dags/example_trigger_controller_dag.py took 0.130 seconds
[2022-02-21 01:10:04,310] {processor.py:163} INFO - Started process (PID=1528) to work on /home/airflow/.local/lib/python3.7/site-packages/airflow/example_dags/example_trigger_controller_dag.py
[2022-02-21 01:10:04,312] {processor.py:642} INFO - Processing file /home/airflow/.local/lib/python3.7/site-packages/airflow/example_dags/example_trigger_controller_dag.py for tasks to queue
[2022-02-21 01:10:04,313] {logging_mixin.py:109} INFO - [2022-02-21 01:10:04,313] {dagbag.py:500} INFO - Filling up the DagBag from /home/airflow/.local/lib/python3.7/site-packages/airflow/example_dags/example_trigger_controller_dag.py
[2022-02-21 01:10:04,352] {processor.py:654} INFO - DAG(s) dict_keys(['example_trigger_controller_dag']) retrieved from /home/airflow/.local/lib/python3.7/site-packages/airflow/example_dags/example_trigger_controller_dag.py
[2022-02-21 01:10:04,365] {logging_mixin.py:109} INFO - [2022-02-21 01:10:04,365] {dag.py:2396} INFO - Sync 1 DAGs
[2022-02-21 01:10:04,396] {logging_mixin.py:109} INFO - [2022-02-21 01:10:04,395] {dag.py:2935} INFO - Setting next_dagrun for example_trigger_controller_dag to 2021-01-01T00:00:00+00:00
[2022-02-21 01:10:04,411] {processor.py:171} INFO - Processing /home/airflow/.local/lib/python3.7/site-packages/airflow/example_dags/example_trigger_controller_dag.py took 0.105 seconds
[2022-02-21 01:10:34,468] {processor.py:163} INFO - Started process (PID=1578) to work on /home/airflow/.local/lib/python3.7/site-packages/airflow/example_dags/example_trigger_controller_dag.py
[2022-02-21 01:10:34,471] {processor.py:642} INFO - Processing file /home/airflow/.local/lib/python3.7/site-packages/airflow/example_dags/example_trigger_controller_dag.py for tasks to queue
[2022-02-21 01:10:34,473] {logging_mixin.py:109} INFO - [2022-02-21 01:10:34,473] {dagbag.py:500} INFO - Filling up the DagBag from /home/airflow/.local/lib/python3.7/site-packages/airflow/example_dags/example_trigger_controller_dag.py
[2022-02-21 01:10:34,530] {processor.py:654} INFO - DAG(s) dict_keys(['example_trigger_controller_dag']) retrieved from /home/airflow/.local/lib/python3.7/site-packages/airflow/example_dags/example_trigger_controller_dag.py
[2022-02-21 01:10:34,551] {logging_mixin.py:109} INFO - [2022-02-21 01:10:34,551] {dag.py:2396} INFO - Sync 1 DAGs
[2022-02-21 01:10:34,584] {logging_mixin.py:109} INFO - [2022-02-21 01:10:34,584] {dag.py:2935} INFO - Setting next_dagrun for example_trigger_controller_dag to 2021-01-01T00:00:00+00:00
[2022-02-21 01:10:34,600] {processor.py:171} INFO - Processing /home/airflow/.local/lib/python3.7/site-packages/airflow/example_dags/example_trigger_controller_dag.py took 0.143 seconds
[2022-02-21 01:11:05,268] {processor.py:163} INFO - Started process (PID=1628) to work on /home/airflow/.local/lib/python3.7/site-packages/airflow/example_dags/example_trigger_controller_dag.py
[2022-02-21 01:11:05,270] {processor.py:642} INFO - Processing file /home/airflow/.local/lib/python3.7/site-packages/airflow/example_dags/example_trigger_controller_dag.py for tasks to queue
[2022-02-21 01:11:05,271] {logging_mixin.py:109} INFO - [2022-02-21 01:11:05,271] {dagbag.py:500} INFO - Filling up the DagBag from /home/airflow/.local/lib/python3.7/site-packages/airflow/example_dags/example_trigger_controller_dag.py
[2022-02-21 01:11:05,309] {processor.py:654} INFO - DAG(s) dict_keys(['example_trigger_controller_dag']) retrieved from /home/airflow/.local/lib/python3.7/site-packages/airflow/example_dags/example_trigger_controller_dag.py
[2022-02-21 01:11:05,327] {logging_mixin.py:109} INFO - [2022-02-21 01:11:05,326] {dag.py:2396} INFO - Sync 1 DAGs
[2022-02-21 01:11:05,352] {logging_mixin.py:109} INFO - [2022-02-21 01:11:05,351] {dag.py:2935} INFO - Setting next_dagrun for example_trigger_controller_dag to 2021-01-01T00:00:00+00:00
[2022-02-21 01:11:05,370] {processor.py:171} INFO - Processing /home/airflow/.local/lib/python3.7/site-packages/airflow/example_dags/example_trigger_controller_dag.py took 0.107 seconds
[2022-02-21 01:11:35,646] {processor.py:163} INFO - Started process (PID=1677) to work on /home/airflow/.local/lib/python3.7/site-packages/airflow/example_dags/example_trigger_controller_dag.py
[2022-02-21 01:11:35,647] {processor.py:642} INFO - Processing file /home/airflow/.local/lib/python3.7/site-packages/airflow/example_dags/example_trigger_controller_dag.py for tasks to queue
[2022-02-21 01:11:35,648] {logging_mixin.py:109} INFO - [2022-02-21 01:11:35,648] {dagbag.py:500} INFO - Filling up the DagBag from /home/airflow/.local/lib/python3.7/site-packages/airflow/example_dags/example_trigger_controller_dag.py
[2022-02-21 01:11:35,677] {processor.py:654} INFO - DAG(s) dict_keys(['example_trigger_controller_dag']) retrieved from /home/airflow/.local/lib/python3.7/site-packages/airflow/example_dags/example_trigger_controller_dag.py
[2022-02-21 01:11:35,689] {logging_mixin.py:109} INFO - [2022-02-21 01:11:35,689] {dag.py:2396} INFO - Sync 1 DAGs
[2022-02-21 01:11:35,795] {logging_mixin.py:109} INFO - [2022-02-21 01:11:35,795] {dag.py:2935} INFO - Setting next_dagrun for example_trigger_controller_dag to 2021-01-01T00:00:00+00:00
[2022-02-21 01:11:35,807] {processor.py:171} INFO - Processing /home/airflow/.local/lib/python3.7/site-packages/airflow/example_dags/example_trigger_controller_dag.py took 0.165 seconds
[2022-02-21 01:12:05,894] {processor.py:163} INFO - Started process (PID=1728) to work on /home/airflow/.local/lib/python3.7/site-packages/airflow/example_dags/example_trigger_controller_dag.py
[2022-02-21 01:12:05,896] {processor.py:642} INFO - Processing file /home/airflow/.local/lib/python3.7/site-packages/airflow/example_dags/example_trigger_controller_dag.py for tasks to queue
[2022-02-21 01:12:05,897] {logging_mixin.py:109} INFO - [2022-02-21 01:12:05,896] {dagbag.py:500} INFO - Filling up the DagBag from /home/airflow/.local/lib/python3.7/site-packages/airflow/example_dags/example_trigger_controller_dag.py
[2022-02-21 01:12:05,936] {processor.py:654} INFO - DAG(s) dict_keys(['example_trigger_controller_dag']) retrieved from /home/airflow/.local/lib/python3.7/site-packages/airflow/example_dags/example_trigger_controller_dag.py
[2022-02-21 01:12:05,950] {logging_mixin.py:109} INFO - [2022-02-21 01:12:05,950] {dag.py:2396} INFO - Sync 1 DAGs
[2022-02-21 01:12:06,081] {logging_mixin.py:109} INFO - [2022-02-21 01:12:06,081] {dag.py:2935} INFO - Setting next_dagrun for example_trigger_controller_dag to 2021-01-01T00:00:00+00:00
[2022-02-21 01:12:06,099] {processor.py:171} INFO - Processing /home/airflow/.local/lib/python3.7/site-packages/airflow/example_dags/example_trigger_controller_dag.py took 0.210 seconds
[2022-02-21 01:12:36,784] {processor.py:163} INFO - Started process (PID=1779) to work on /home/airflow/.local/lib/python3.7/site-packages/airflow/example_dags/example_trigger_controller_dag.py
[2022-02-21 01:12:36,786] {processor.py:642} INFO - Processing file /home/airflow/.local/lib/python3.7/site-packages/airflow/example_dags/example_trigger_controller_dag.py for tasks to queue
[2022-02-21 01:12:36,787] {logging_mixin.py:109} INFO - [2022-02-21 01:12:36,787] {dagbag.py:500} INFO - Filling up the DagBag from /home/airflow/.local/lib/python3.7/site-packages/airflow/example_dags/example_trigger_controller_dag.py
[2022-02-21 01:12:36,824] {processor.py:654} INFO - DAG(s) dict_keys(['example_trigger_controller_dag']) retrieved from /home/airflow/.local/lib/python3.7/site-packages/airflow/example_dags/example_trigger_controller_dag.py
[2022-02-21 01:12:36,943] {logging_mixin.py:109} INFO - [2022-02-21 01:12:36,943] {dag.py:2396} INFO - Sync 1 DAGs
[2022-02-21 01:12:36,965] {logging_mixin.py:109} INFO - [2022-02-21 01:12:36,965] {dag.py:2935} INFO - Setting next_dagrun for example_trigger_controller_dag to 2021-01-01T00:00:00+00:00
[2022-02-21 01:12:36,983] {processor.py:171} INFO - Processing /home/airflow/.local/lib/python3.7/site-packages/airflow/example_dags/example_trigger_controller_dag.py took 0.204 seconds
[2022-02-21 01:13:07,468] {processor.py:163} INFO - Started process (PID=1841) to work on /home/airflow/.local/lib/python3.7/site-packages/airflow/example_dags/example_trigger_controller_dag.py
[2022-02-21 01:13:07,470] {processor.py:642} INFO - Processing file /home/airflow/.local/lib/python3.7/site-packages/airflow/example_dags/example_trigger_controller_dag.py for tasks to queue
[2022-02-21 01:13:07,471] {logging_mixin.py:109} INFO - [2022-02-21 01:13:07,471] {dagbag.py:500} INFO - Filling up the DagBag from /home/airflow/.local/lib/python3.7/site-packages/airflow/example_dags/example_trigger_controller_dag.py
[2022-02-21 01:13:07,511] {processor.py:654} INFO - DAG(s) dict_keys(['example_trigger_controller_dag']) retrieved from /home/airflow/.local/lib/python3.7/site-packages/airflow/example_dags/example_trigger_controller_dag.py
[2022-02-21 01:13:07,638] {logging_mixin.py:109} INFO - [2022-02-21 01:13:07,638] {dag.py:2396} INFO - Sync 1 DAGs
[2022-02-21 01:13:07,658] {logging_mixin.py:109} INFO - [2022-02-21 01:13:07,658] {dag.py:2935} INFO - Setting next_dagrun for example_trigger_controller_dag to 2021-01-01T00:00:00+00:00
[2022-02-21 01:13:07,676] {processor.py:171} INFO - Processing /home/airflow/.local/lib/python3.7/site-packages/airflow/example_dags/example_trigger_controller_dag.py took 0.213 seconds
[2022-02-21 01:13:37,820] {processor.py:163} INFO - Started process (PID=1892) to work on /home/airflow/.local/lib/python3.7/site-packages/airflow/example_dags/example_trigger_controller_dag.py
[2022-02-21 01:13:37,821] {processor.py:642} INFO - Processing file /home/airflow/.local/lib/python3.7/site-packages/airflow/example_dags/example_trigger_controller_dag.py for tasks to queue
[2022-02-21 01:13:37,822] {logging_mixin.py:109} INFO - [2022-02-21 01:13:37,821] {dagbag.py:500} INFO - Filling up the DagBag from /home/airflow/.local/lib/python3.7/site-packages/airflow/example_dags/example_trigger_controller_dag.py
[2022-02-21 01:13:37,921] {processor.py:654} INFO - DAG(s) dict_keys(['example_trigger_controller_dag']) retrieved from /home/airflow/.local/lib/python3.7/site-packages/airflow/example_dags/example_trigger_controller_dag.py
[2022-02-21 01:13:37,929] {logging_mixin.py:109} INFO - [2022-02-21 01:13:37,929] {dag.py:2396} INFO - Sync 1 DAGs
[2022-02-21 01:13:37,943] {logging_mixin.py:109} INFO - [2022-02-21 01:13:37,942] {dag.py:2935} INFO - Setting next_dagrun for example_trigger_controller_dag to 2021-01-01T00:00:00+00:00
[2022-02-21 01:13:37,956] {processor.py:171} INFO - Processing /home/airflow/.local/lib/python3.7/site-packages/airflow/example_dags/example_trigger_controller_dag.py took 0.140 seconds
[2022-02-21 01:14:08,183] {processor.py:163} INFO - Started process (PID=1941) to work on /home/airflow/.local/lib/python3.7/site-packages/airflow/example_dags/example_trigger_controller_dag.py
[2022-02-21 01:14:08,185] {processor.py:642} INFO - Processing file /home/airflow/.local/lib/python3.7/site-packages/airflow/example_dags/example_trigger_controller_dag.py for tasks to queue
[2022-02-21 01:14:08,186] {logging_mixin.py:109} INFO - [2022-02-21 01:14:08,186] {dagbag.py:500} INFO - Filling up the DagBag from /home/airflow/.local/lib/python3.7/site-packages/airflow/example_dags/example_trigger_controller_dag.py
[2022-02-21 01:14:08,412] {processor.py:654} INFO - DAG(s) dict_keys(['example_trigger_controller_dag']) retrieved from /home/airflow/.local/lib/python3.7/site-packages/airflow/example_dags/example_trigger_controller_dag.py
[2022-02-21 01:14:08,430] {logging_mixin.py:109} INFO - [2022-02-21 01:14:08,430] {dag.py:2396} INFO - Sync 1 DAGs
[2022-02-21 01:14:08,466] {logging_mixin.py:109} INFO - [2022-02-21 01:14:08,465] {dag.py:2935} INFO - Setting next_dagrun for example_trigger_controller_dag to 2021-01-01T00:00:00+00:00
[2022-02-21 01:14:08,487] {processor.py:171} INFO - Processing /home/airflow/.local/lib/python3.7/site-packages/airflow/example_dags/example_trigger_controller_dag.py took 0.312 seconds
[2022-02-21 01:14:39,443] {processor.py:163} INFO - Started process (PID=1992) to work on /home/airflow/.local/lib/python3.7/site-packages/airflow/example_dags/example_trigger_controller_dag.py
[2022-02-21 01:14:39,445] {processor.py:642} INFO - Processing file /home/airflow/.local/lib/python3.7/site-packages/airflow/example_dags/example_trigger_controller_dag.py for tasks to queue
[2022-02-21 01:14:39,446] {logging_mixin.py:109} INFO - [2022-02-21 01:14:39,446] {dagbag.py:500} INFO - Filling up the DagBag from /home/airflow/.local/lib/python3.7/site-packages/airflow/example_dags/example_trigger_controller_dag.py
[2022-02-21 01:14:39,642] {processor.py:654} INFO - DAG(s) dict_keys(['example_trigger_controller_dag']) retrieved from /home/airflow/.local/lib/python3.7/site-packages/airflow/example_dags/example_trigger_controller_dag.py
[2022-02-21 01:14:39,656] {logging_mixin.py:109} INFO - [2022-02-21 01:14:39,656] {dag.py:2396} INFO - Sync 1 DAGs
[2022-02-21 01:14:39,679] {logging_mixin.py:109} INFO - [2022-02-21 01:14:39,679] {dag.py:2935} INFO - Setting next_dagrun for example_trigger_controller_dag to 2021-01-01T00:00:00+00:00
[2022-02-21 01:14:39,695] {processor.py:171} INFO - Processing /home/airflow/.local/lib/python3.7/site-packages/airflow/example_dags/example_trigger_controller_dag.py took 0.258 seconds
[2022-02-21 01:15:10,688] {processor.py:163} INFO - Started process (PID=2052) to work on /home/airflow/.local/lib/python3.7/site-packages/airflow/example_dags/example_trigger_controller_dag.py
[2022-02-21 01:15:10,690] {processor.py:642} INFO - Processing file /home/airflow/.local/lib/python3.7/site-packages/airflow/example_dags/example_trigger_controller_dag.py for tasks to queue
[2022-02-21 01:15:10,691] {logging_mixin.py:109} INFO - [2022-02-21 01:15:10,691] {dagbag.py:500} INFO - Filling up the DagBag from /home/airflow/.local/lib/python3.7/site-packages/airflow/example_dags/example_trigger_controller_dag.py
[2022-02-21 01:15:10,742] {processor.py:654} INFO - DAG(s) dict_keys(['example_trigger_controller_dag']) retrieved from /home/airflow/.local/lib/python3.7/site-packages/airflow/example_dags/example_trigger_controller_dag.py
[2022-02-21 01:15:10,759] {logging_mixin.py:109} INFO - [2022-02-21 01:15:10,759] {dag.py:2396} INFO - Sync 1 DAGs
[2022-02-21 01:15:10,787] {logging_mixin.py:109} INFO - [2022-02-21 01:15:10,786] {dag.py:2935} INFO - Setting next_dagrun for example_trigger_controller_dag to 2021-01-01T00:00:00+00:00
[2022-02-21 01:15:10,802] {processor.py:171} INFO - Processing /home/airflow/.local/lib/python3.7/site-packages/airflow/example_dags/example_trigger_controller_dag.py took 0.119 seconds
[2022-02-21 01:15:44,650] {processor.py:163} INFO - Started process (PID=2104) to work on /home/airflow/.local/lib/python3.7/site-packages/airflow/example_dags/example_trigger_controller_dag.py
[2022-02-21 01:15:44,656] {processor.py:642} INFO - Processing file /home/airflow/.local/lib/python3.7/site-packages/airflow/example_dags/example_trigger_controller_dag.py for tasks to queue
[2022-02-21 01:15:44,658] {logging_mixin.py:109} INFO - [2022-02-21 01:15:44,658] {dagbag.py:500} INFO - Filling up the DagBag from /home/airflow/.local/lib/python3.7/site-packages/airflow/example_dags/example_trigger_controller_dag.py
[2022-02-21 01:15:44,792] {processor.py:654} INFO - DAG(s) dict_keys(['example_trigger_controller_dag']) retrieved from /home/airflow/.local/lib/python3.7/site-packages/airflow/example_dags/example_trigger_controller_dag.py
[2022-02-21 01:15:44,902] {logging_mixin.py:109} INFO - [2022-02-21 01:15:44,902] {dag.py:2396} INFO - Sync 1 DAGs
[2022-02-21 01:15:45,059] {logging_mixin.py:109} INFO - [2022-02-21 01:15:45,059] {dag.py:2935} INFO - Setting next_dagrun for example_trigger_controller_dag to 2021-01-01T00:00:00+00:00
[2022-02-21 01:15:45,109] {processor.py:171} INFO - Processing /home/airflow/.local/lib/python3.7/site-packages/airflow/example_dags/example_trigger_controller_dag.py took 0.482 seconds
[2022-02-21 01:16:15,297] {processor.py:163} INFO - Started process (PID=2146) to work on /home/airflow/.local/lib/python3.7/site-packages/airflow/example_dags/example_trigger_controller_dag.py
[2022-02-21 01:16:15,300] {processor.py:642} INFO - Processing file /home/airflow/.local/lib/python3.7/site-packages/airflow/example_dags/example_trigger_controller_dag.py for tasks to queue
[2022-02-21 01:16:15,301] {logging_mixin.py:109} INFO - [2022-02-21 01:16:15,301] {dagbag.py:500} INFO - Filling up the DagBag from /home/airflow/.local/lib/python3.7/site-packages/airflow/example_dags/example_trigger_controller_dag.py
[2022-02-21 01:16:15,367] {processor.py:654} INFO - DAG(s) dict_keys(['example_trigger_controller_dag']) retrieved from /home/airflow/.local/lib/python3.7/site-packages/airflow/example_dags/example_trigger_controller_dag.py
[2022-02-21 01:16:15,392] {logging_mixin.py:109} INFO - [2022-02-21 01:16:15,392] {dag.py:2396} INFO - Sync 1 DAGs
[2022-02-21 01:16:15,433] {logging_mixin.py:109} INFO - [2022-02-21 01:16:15,432] {dag.py:2935} INFO - Setting next_dagrun for example_trigger_controller_dag to 2021-01-01T00:00:00+00:00
[2022-02-21 01:16:15,454] {processor.py:171} INFO - Processing /home/airflow/.local/lib/python3.7/site-packages/airflow/example_dags/example_trigger_controller_dag.py took 0.164 seconds
[2022-02-21 01:16:46,116] {processor.py:163} INFO - Started process (PID=2198) to work on /home/airflow/.local/lib/python3.7/site-packages/airflow/example_dags/example_trigger_controller_dag.py
[2022-02-21 01:16:46,117] {processor.py:642} INFO - Processing file /home/airflow/.local/lib/python3.7/site-packages/airflow/example_dags/example_trigger_controller_dag.py for tasks to queue
[2022-02-21 01:16:46,118] {logging_mixin.py:109} INFO - [2022-02-21 01:16:46,118] {dagbag.py:500} INFO - Filling up the DagBag from /home/airflow/.local/lib/python3.7/site-packages/airflow/example_dags/example_trigger_controller_dag.py
[2022-02-21 01:16:46,141] {processor.py:654} INFO - DAG(s) dict_keys(['example_trigger_controller_dag']) retrieved from /home/airflow/.local/lib/python3.7/site-packages/airflow/example_dags/example_trigger_controller_dag.py
[2022-02-21 01:16:46,149] {logging_mixin.py:109} INFO - [2022-02-21 01:16:46,148] {dag.py:2396} INFO - Sync 1 DAGs
[2022-02-21 01:16:46,162] {logging_mixin.py:109} INFO - [2022-02-21 01:16:46,162] {dag.py:2935} INFO - Setting next_dagrun for example_trigger_controller_dag to 2021-01-01T00:00:00+00:00
[2022-02-21 01:16:46,170] {processor.py:171} INFO - Processing /home/airflow/.local/lib/python3.7/site-packages/airflow/example_dags/example_trigger_controller_dag.py took 0.057 seconds
[2022-02-21 01:17:16,572] {processor.py:163} INFO - Started process (PID=2256) to work on /home/airflow/.local/lib/python3.7/site-packages/airflow/example_dags/example_trigger_controller_dag.py
[2022-02-21 01:17:16,574] {processor.py:642} INFO - Processing file /home/airflow/.local/lib/python3.7/site-packages/airflow/example_dags/example_trigger_controller_dag.py for tasks to queue
[2022-02-21 01:17:16,575] {logging_mixin.py:109} INFO - [2022-02-21 01:17:16,575] {dagbag.py:500} INFO - Filling up the DagBag from /home/airflow/.local/lib/python3.7/site-packages/airflow/example_dags/example_trigger_controller_dag.py
[2022-02-21 01:17:16,617] {processor.py:654} INFO - DAG(s) dict_keys(['example_trigger_controller_dag']) retrieved from /home/airflow/.local/lib/python3.7/site-packages/airflow/example_dags/example_trigger_controller_dag.py
[2022-02-21 01:17:16,630] {logging_mixin.py:109} INFO - [2022-02-21 01:17:16,630] {dag.py:2396} INFO - Sync 1 DAGs
[2022-02-21 01:17:16,656] {logging_mixin.py:109} INFO - [2022-02-21 01:17:16,655] {dag.py:2935} INFO - Setting next_dagrun for example_trigger_controller_dag to 2021-01-01T00:00:00+00:00
[2022-02-21 01:17:16,669] {processor.py:171} INFO - Processing /home/airflow/.local/lib/python3.7/site-packages/airflow/example_dags/example_trigger_controller_dag.py took 0.103 seconds
[2022-02-21 01:17:47,065] {processor.py:163} INFO - Started process (PID=2308) to work on /home/airflow/.local/lib/python3.7/site-packages/airflow/example_dags/example_trigger_controller_dag.py
[2022-02-21 01:17:47,066] {processor.py:642} INFO - Processing file /home/airflow/.local/lib/python3.7/site-packages/airflow/example_dags/example_trigger_controller_dag.py for tasks to queue
[2022-02-21 01:17:47,066] {logging_mixin.py:109} INFO - [2022-02-21 01:17:47,066] {dagbag.py:500} INFO - Filling up the DagBag from /home/airflow/.local/lib/python3.7/site-packages/airflow/example_dags/example_trigger_controller_dag.py
[2022-02-21 01:17:47,089] {processor.py:654} INFO - DAG(s) dict_keys(['example_trigger_controller_dag']) retrieved from /home/airflow/.local/lib/python3.7/site-packages/airflow/example_dags/example_trigger_controller_dag.py
[2022-02-21 01:17:47,098] {logging_mixin.py:109} INFO - [2022-02-21 01:17:47,098] {dag.py:2396} INFO - Sync 1 DAGs
[2022-02-21 01:17:47,113] {logging_mixin.py:109} INFO - [2022-02-21 01:17:47,113] {dag.py:2935} INFO - Setting next_dagrun for example_trigger_controller_dag to 2021-01-01T00:00:00+00:00
[2022-02-21 01:17:47,122] {processor.py:171} INFO - Processing /home/airflow/.local/lib/python3.7/site-packages/airflow/example_dags/example_trigger_controller_dag.py took 0.061 seconds
[2022-02-21 01:18:17,439] {processor.py:163} INFO - Started process (PID=2358) to work on /home/airflow/.local/lib/python3.7/site-packages/airflow/example_dags/example_trigger_controller_dag.py
[2022-02-21 01:18:17,441] {processor.py:642} INFO - Processing file /home/airflow/.local/lib/python3.7/site-packages/airflow/example_dags/example_trigger_controller_dag.py for tasks to queue
[2022-02-21 01:18:17,442] {logging_mixin.py:109} INFO - [2022-02-21 01:18:17,442] {dagbag.py:500} INFO - Filling up the DagBag from /home/airflow/.local/lib/python3.7/site-packages/airflow/example_dags/example_trigger_controller_dag.py
[2022-02-21 01:18:17,473] {processor.py:654} INFO - DAG(s) dict_keys(['example_trigger_controller_dag']) retrieved from /home/airflow/.local/lib/python3.7/site-packages/airflow/example_dags/example_trigger_controller_dag.py
[2022-02-21 01:18:17,484] {logging_mixin.py:109} INFO - [2022-02-21 01:18:17,484] {dag.py:2396} INFO - Sync 1 DAGs
[2022-02-21 01:18:17,506] {logging_mixin.py:109} INFO - [2022-02-21 01:18:17,506] {dag.py:2935} INFO - Setting next_dagrun for example_trigger_controller_dag to 2021-01-01T00:00:00+00:00
[2022-02-21 01:18:17,518] {processor.py:171} INFO - Processing /home/airflow/.local/lib/python3.7/site-packages/airflow/example_dags/example_trigger_controller_dag.py took 0.082 seconds
[2022-02-21 01:18:47,554] {processor.py:163} INFO - Started process (PID=2408) to work on /home/airflow/.local/lib/python3.7/site-packages/airflow/example_dags/example_trigger_controller_dag.py
[2022-02-21 01:18:47,555] {processor.py:642} INFO - Processing file /home/airflow/.local/lib/python3.7/site-packages/airflow/example_dags/example_trigger_controller_dag.py for tasks to queue
[2022-02-21 01:18:47,556] {logging_mixin.py:109} INFO - [2022-02-21 01:18:47,556] {dagbag.py:500} INFO - Filling up the DagBag from /home/airflow/.local/lib/python3.7/site-packages/airflow/example_dags/example_trigger_controller_dag.py
[2022-02-21 01:18:47,586] {processor.py:654} INFO - DAG(s) dict_keys(['example_trigger_controller_dag']) retrieved from /home/airflow/.local/lib/python3.7/site-packages/airflow/example_dags/example_trigger_controller_dag.py
[2022-02-21 01:18:47,599] {logging_mixin.py:109} INFO - [2022-02-21 01:18:47,598] {dag.py:2396} INFO - Sync 1 DAGs
[2022-02-21 01:18:47,618] {logging_mixin.py:109} INFO - [2022-02-21 01:18:47,618] {dag.py:2935} INFO - Setting next_dagrun for example_trigger_controller_dag to 2021-01-01T00:00:00+00:00
[2022-02-21 01:18:47,630] {processor.py:171} INFO - Processing /home/airflow/.local/lib/python3.7/site-packages/airflow/example_dags/example_trigger_controller_dag.py took 0.080 seconds
[2022-02-21 01:19:17,708] {processor.py:163} INFO - Started process (PID=2468) to work on /home/airflow/.local/lib/python3.7/site-packages/airflow/example_dags/example_trigger_controller_dag.py
[2022-02-21 01:19:17,710] {processor.py:642} INFO - Processing file /home/airflow/.local/lib/python3.7/site-packages/airflow/example_dags/example_trigger_controller_dag.py for tasks to queue
[2022-02-21 01:19:17,711] {logging_mixin.py:109} INFO - [2022-02-21 01:19:17,711] {dagbag.py:500} INFO - Filling up the DagBag from /home/airflow/.local/lib/python3.7/site-packages/airflow/example_dags/example_trigger_controller_dag.py
[2022-02-21 01:19:17,752] {processor.py:654} INFO - DAG(s) dict_keys(['example_trigger_controller_dag']) retrieved from /home/airflow/.local/lib/python3.7/site-packages/airflow/example_dags/example_trigger_controller_dag.py
[2022-02-21 01:19:17,767] {logging_mixin.py:109} INFO - [2022-02-21 01:19:17,767] {dag.py:2396} INFO - Sync 1 DAGs
[2022-02-21 01:19:17,790] {logging_mixin.py:109} INFO - [2022-02-21 01:19:17,789] {dag.py:2935} INFO - Setting next_dagrun for example_trigger_controller_dag to 2021-01-01T00:00:00+00:00
[2022-02-21 01:19:17,803] {processor.py:171} INFO - Processing /home/airflow/.local/lib/python3.7/site-packages/airflow/example_dags/example_trigger_controller_dag.py took 0.100 seconds
[2022-02-21 01:19:47,906] {processor.py:163} INFO - Started process (PID=2518) to work on /home/airflow/.local/lib/python3.7/site-packages/airflow/example_dags/example_trigger_controller_dag.py
[2022-02-21 01:19:47,908] {processor.py:642} INFO - Processing file /home/airflow/.local/lib/python3.7/site-packages/airflow/example_dags/example_trigger_controller_dag.py for tasks to queue
[2022-02-21 01:19:47,909] {logging_mixin.py:109} INFO - [2022-02-21 01:19:47,908] {dagbag.py:500} INFO - Filling up the DagBag from /home/airflow/.local/lib/python3.7/site-packages/airflow/example_dags/example_trigger_controller_dag.py
[2022-02-21 01:19:47,937] {processor.py:654} INFO - DAG(s) dict_keys(['example_trigger_controller_dag']) retrieved from /home/airflow/.local/lib/python3.7/site-packages/airflow/example_dags/example_trigger_controller_dag.py
[2022-02-21 01:19:47,946] {logging_mixin.py:109} INFO - [2022-02-21 01:19:47,946] {dag.py:2396} INFO - Sync 1 DAGs
[2022-02-21 01:19:47,961] {logging_mixin.py:109} INFO - [2022-02-21 01:19:47,961] {dag.py:2935} INFO - Setting next_dagrun for example_trigger_controller_dag to 2021-01-01T00:00:00+00:00
[2022-02-21 01:19:47,972] {processor.py:171} INFO - Processing /home/airflow/.local/lib/python3.7/site-packages/airflow/example_dags/example_trigger_controller_dag.py took 0.069 seconds
[2022-02-21 01:20:18,952] {processor.py:163} INFO - Started process (PID=2568) to work on /home/airflow/.local/lib/python3.7/site-packages/airflow/example_dags/example_trigger_controller_dag.py
[2022-02-21 01:20:18,956] {processor.py:642} INFO - Processing file /home/airflow/.local/lib/python3.7/site-packages/airflow/example_dags/example_trigger_controller_dag.py for tasks to queue
[2022-02-21 01:20:18,958] {logging_mixin.py:109} INFO - [2022-02-21 01:20:18,957] {dagbag.py:500} INFO - Filling up the DagBag from /home/airflow/.local/lib/python3.7/site-packages/airflow/example_dags/example_trigger_controller_dag.py
[2022-02-21 01:20:19,036] {processor.py:654} INFO - DAG(s) dict_keys(['example_trigger_controller_dag']) retrieved from /home/airflow/.local/lib/python3.7/site-packages/airflow/example_dags/example_trigger_controller_dag.py
[2022-02-21 01:20:19,070] {logging_mixin.py:109} INFO - [2022-02-21 01:20:19,070] {dag.py:2396} INFO - Sync 1 DAGs
[2022-02-21 01:20:19,128] {logging_mixin.py:109} INFO - [2022-02-21 01:20:19,127] {dag.py:2935} INFO - Setting next_dagrun for example_trigger_controller_dag to 2021-01-01T00:00:00+00:00
[2022-02-21 01:20:19,157] {processor.py:171} INFO - Processing /home/airflow/.local/lib/python3.7/site-packages/airflow/example_dags/example_trigger_controller_dag.py took 0.215 seconds
[2022-02-21 01:20:49,228] {processor.py:163} INFO - Started process (PID=2618) to work on /home/airflow/.local/lib/python3.7/site-packages/airflow/example_dags/example_trigger_controller_dag.py
[2022-02-21 01:20:49,229] {processor.py:642} INFO - Processing file /home/airflow/.local/lib/python3.7/site-packages/airflow/example_dags/example_trigger_controller_dag.py for tasks to queue
[2022-02-21 01:20:49,230] {logging_mixin.py:109} INFO - [2022-02-21 01:20:49,229] {dagbag.py:500} INFO - Filling up the DagBag from /home/airflow/.local/lib/python3.7/site-packages/airflow/example_dags/example_trigger_controller_dag.py
[2022-02-21 01:20:49,268] {processor.py:654} INFO - DAG(s) dict_keys(['example_trigger_controller_dag']) retrieved from /home/airflow/.local/lib/python3.7/site-packages/airflow/example_dags/example_trigger_controller_dag.py
[2022-02-21 01:20:49,281] {logging_mixin.py:109} INFO - [2022-02-21 01:20:49,281] {dag.py:2396} INFO - Sync 1 DAGs
[2022-02-21 01:20:49,300] {logging_mixin.py:109} INFO - [2022-02-21 01:20:49,300] {dag.py:2935} INFO - Setting next_dagrun for example_trigger_controller_dag to 2021-01-01T00:00:00+00:00
[2022-02-21 01:20:49,311] {processor.py:171} INFO - Processing /home/airflow/.local/lib/python3.7/site-packages/airflow/example_dags/example_trigger_controller_dag.py took 0.086 seconds
[2022-02-21 01:21:19,714] {processor.py:163} INFO - Started process (PID=2668) to work on /home/airflow/.local/lib/python3.7/site-packages/airflow/example_dags/example_trigger_controller_dag.py
[2022-02-21 01:21:19,717] {processor.py:642} INFO - Processing file /home/airflow/.local/lib/python3.7/site-packages/airflow/example_dags/example_trigger_controller_dag.py for tasks to queue
[2022-02-21 01:21:19,717] {logging_mixin.py:109} INFO - [2022-02-21 01:21:19,717] {dagbag.py:500} INFO - Filling up the DagBag from /home/airflow/.local/lib/python3.7/site-packages/airflow/example_dags/example_trigger_controller_dag.py
[2022-02-21 01:21:19,751] {processor.py:654} INFO - DAG(s) dict_keys(['example_trigger_controller_dag']) retrieved from /home/airflow/.local/lib/python3.7/site-packages/airflow/example_dags/example_trigger_controller_dag.py
[2022-02-21 01:21:19,762] {logging_mixin.py:109} INFO - [2022-02-21 01:21:19,762] {dag.py:2396} INFO - Sync 1 DAGs
[2022-02-21 01:21:19,786] {logging_mixin.py:109} INFO - [2022-02-21 01:21:19,785] {dag.py:2935} INFO - Setting next_dagrun for example_trigger_controller_dag to 2021-01-01T00:00:00+00:00
[2022-02-21 01:21:19,799] {processor.py:171} INFO - Processing /home/airflow/.local/lib/python3.7/site-packages/airflow/example_dags/example_trigger_controller_dag.py took 0.090 seconds
