[2022-02-21 00:58:52,297] {processor.py:163} INFO - Started process (PID=311) to work on /home/airflow/.local/lib/python3.7/site-packages/airflow/example_dags/example_latest_only_with_trigger.py
[2022-02-21 00:58:52,300] {processor.py:642} INFO - Processing file /home/airflow/.local/lib/python3.7/site-packages/airflow/example_dags/example_latest_only_with_trigger.py for tasks to queue
[2022-02-21 00:58:52,302] {logging_mixin.py:109} INFO - [2022-02-21 00:58:52,301] {dagbag.py:500} INFO - Filling up the DagBag from /home/airflow/.local/lib/python3.7/site-packages/airflow/example_dags/example_latest_only_with_trigger.py
[2022-02-21 00:58:52,352] {processor.py:654} INFO - DAG(s) dict_keys(['latest_only_with_trigger']) retrieved from /home/airflow/.local/lib/python3.7/site-packages/airflow/example_dags/example_latest_only_with_trigger.py
[2022-02-21 00:58:56,292] {logging_mixin.py:109} INFO - [2022-02-21 00:58:56,292] {manager.py:496} INFO - Created Permission View: can edit on DAG:latest_only_with_trigger
[2022-02-21 00:58:56,312] {logging_mixin.py:109} INFO - [2022-02-21 00:58:56,312] {manager.py:496} INFO - Created Permission View: can read on DAG:latest_only_with_trigger
[2022-02-21 00:58:56,313] {logging_mixin.py:109} INFO - [2022-02-21 00:58:56,312] {dag.py:2396} INFO - Sync 1 DAGs
[2022-02-21 00:58:56,333] {logging_mixin.py:109} INFO - [2022-02-21 00:58:56,332] {dag.py:2415} INFO - Creating ORM DAG for latest_only_with_trigger
[2022-02-21 00:58:56,353] {logging_mixin.py:109} INFO - [2022-02-21 00:58:56,353] {dag.py:2935} INFO - Setting next_dagrun for latest_only_with_trigger to 2022-02-20T20:58:56.352675+00:00
[2022-02-21 00:58:56,380] {processor.py:171} INFO - Processing /home/airflow/.local/lib/python3.7/site-packages/airflow/example_dags/example_latest_only_with_trigger.py took 4.108 seconds
[2022-02-21 00:59:27,380] {processor.py:163} INFO - Started process (PID=414) to work on /home/airflow/.local/lib/python3.7/site-packages/airflow/example_dags/example_latest_only_with_trigger.py
[2022-02-21 00:59:27,382] {processor.py:642} INFO - Processing file /home/airflow/.local/lib/python3.7/site-packages/airflow/example_dags/example_latest_only_with_trigger.py for tasks to queue
[2022-02-21 00:59:27,383] {logging_mixin.py:109} INFO - [2022-02-21 00:59:27,383] {dagbag.py:500} INFO - Filling up the DagBag from /home/airflow/.local/lib/python3.7/site-packages/airflow/example_dags/example_latest_only_with_trigger.py
[2022-02-21 00:59:27,426] {processor.py:654} INFO - DAG(s) dict_keys(['latest_only_with_trigger']) retrieved from /home/airflow/.local/lib/python3.7/site-packages/airflow/example_dags/example_latest_only_with_trigger.py
[2022-02-21 00:59:27,444] {logging_mixin.py:109} INFO - [2022-02-21 00:59:27,443] {dag.py:2396} INFO - Sync 1 DAGs
[2022-02-21 00:59:27,482] {logging_mixin.py:109} INFO - [2022-02-21 00:59:27,482] {dag.py:2935} INFO - Setting next_dagrun for latest_only_with_trigger to 2022-02-20T20:59:27.481850+00:00
[2022-02-21 00:59:27,499] {processor.py:171} INFO - Processing /home/airflow/.local/lib/python3.7/site-packages/airflow/example_dags/example_latest_only_with_trigger.py took 0.124 seconds
[2022-02-21 00:59:57,571] {processor.py:163} INFO - Started process (PID=466) to work on /home/airflow/.local/lib/python3.7/site-packages/airflow/example_dags/example_latest_only_with_trigger.py
[2022-02-21 00:59:57,572] {processor.py:642} INFO - Processing file /home/airflow/.local/lib/python3.7/site-packages/airflow/example_dags/example_latest_only_with_trigger.py for tasks to queue
[2022-02-21 00:59:57,572] {logging_mixin.py:109} INFO - [2022-02-21 00:59:57,572] {dagbag.py:500} INFO - Filling up the DagBag from /home/airflow/.local/lib/python3.7/site-packages/airflow/example_dags/example_latest_only_with_trigger.py
[2022-02-21 00:59:57,605] {processor.py:654} INFO - DAG(s) dict_keys(['latest_only_with_trigger']) retrieved from /home/airflow/.local/lib/python3.7/site-packages/airflow/example_dags/example_latest_only_with_trigger.py
[2022-02-21 00:59:57,617] {logging_mixin.py:109} INFO - [2022-02-21 00:59:57,617] {dag.py:2396} INFO - Sync 1 DAGs
[2022-02-21 00:59:57,638] {logging_mixin.py:109} INFO - [2022-02-21 00:59:57,638] {dag.py:2935} INFO - Setting next_dagrun for latest_only_with_trigger to 2022-02-20T20:59:57.638116+00:00
[2022-02-21 00:59:57,651] {processor.py:171} INFO - Processing /home/airflow/.local/lib/python3.7/site-packages/airflow/example_dags/example_latest_only_with_trigger.py took 0.084 seconds
[2022-02-21 01:00:27,699] {processor.py:163} INFO - Started process (PID=516) to work on /home/airflow/.local/lib/python3.7/site-packages/airflow/example_dags/example_latest_only_with_trigger.py
[2022-02-21 01:00:27,703] {processor.py:642} INFO - Processing file /home/airflow/.local/lib/python3.7/site-packages/airflow/example_dags/example_latest_only_with_trigger.py for tasks to queue
[2022-02-21 01:00:27,704] {logging_mixin.py:109} INFO - [2022-02-21 01:00:27,704] {dagbag.py:500} INFO - Filling up the DagBag from /home/airflow/.local/lib/python3.7/site-packages/airflow/example_dags/example_latest_only_with_trigger.py
[2022-02-21 01:00:27,763] {processor.py:654} INFO - DAG(s) dict_keys(['latest_only_with_trigger']) retrieved from /home/airflow/.local/lib/python3.7/site-packages/airflow/example_dags/example_latest_only_with_trigger.py
[2022-02-21 01:00:27,784] {logging_mixin.py:109} INFO - [2022-02-21 01:00:27,784] {dag.py:2396} INFO - Sync 1 DAGs
[2022-02-21 01:00:27,819] {logging_mixin.py:109} INFO - [2022-02-21 01:00:27,819] {dag.py:2935} INFO - Setting next_dagrun for latest_only_with_trigger to 2022-02-20T21:00:27.818668+00:00
[2022-02-21 01:00:27,850] {processor.py:171} INFO - Processing /home/airflow/.local/lib/python3.7/site-packages/airflow/example_dags/example_latest_only_with_trigger.py took 0.159 seconds
[2022-02-21 01:00:58,407] {processor.py:163} INFO - Started process (PID=568) to work on /home/airflow/.local/lib/python3.7/site-packages/airflow/example_dags/example_latest_only_with_trigger.py
[2022-02-21 01:00:58,408] {processor.py:642} INFO - Processing file /home/airflow/.local/lib/python3.7/site-packages/airflow/example_dags/example_latest_only_with_trigger.py for tasks to queue
[2022-02-21 01:00:58,409] {logging_mixin.py:109} INFO - [2022-02-21 01:00:58,409] {dagbag.py:500} INFO - Filling up the DagBag from /home/airflow/.local/lib/python3.7/site-packages/airflow/example_dags/example_latest_only_with_trigger.py
[2022-02-21 01:00:58,432] {processor.py:654} INFO - DAG(s) dict_keys(['latest_only_with_trigger']) retrieved from /home/airflow/.local/lib/python3.7/site-packages/airflow/example_dags/example_latest_only_with_trigger.py
[2022-02-21 01:00:58,441] {logging_mixin.py:109} INFO - [2022-02-21 01:00:58,441] {dag.py:2396} INFO - Sync 1 DAGs
[2022-02-21 01:00:58,455] {logging_mixin.py:109} INFO - [2022-02-21 01:00:58,455] {dag.py:2935} INFO - Setting next_dagrun for latest_only_with_trigger to 2022-02-20T21:00:58.455074+00:00
[2022-02-21 01:00:58,466] {processor.py:171} INFO - Processing /home/airflow/.local/lib/python3.7/site-packages/airflow/example_dags/example_latest_only_with_trigger.py took 0.062 seconds
[2022-02-21 01:01:28,563] {processor.py:163} INFO - Started process (PID=629) to work on /home/airflow/.local/lib/python3.7/site-packages/airflow/example_dags/example_latest_only_with_trigger.py
[2022-02-21 01:01:28,564] {processor.py:642} INFO - Processing file /home/airflow/.local/lib/python3.7/site-packages/airflow/example_dags/example_latest_only_with_trigger.py for tasks to queue
[2022-02-21 01:01:28,565] {logging_mixin.py:109} INFO - [2022-02-21 01:01:28,565] {dagbag.py:500} INFO - Filling up the DagBag from /home/airflow/.local/lib/python3.7/site-packages/airflow/example_dags/example_latest_only_with_trigger.py
[2022-02-21 01:01:28,611] {processor.py:654} INFO - DAG(s) dict_keys(['latest_only_with_trigger']) retrieved from /home/airflow/.local/lib/python3.7/site-packages/airflow/example_dags/example_latest_only_with_trigger.py
[2022-02-21 01:01:28,630] {logging_mixin.py:109} INFO - [2022-02-21 01:01:28,630] {dag.py:2396} INFO - Sync 1 DAGs
[2022-02-21 01:01:28,664] {logging_mixin.py:109} INFO - [2022-02-21 01:01:28,664] {dag.py:2935} INFO - Setting next_dagrun for latest_only_with_trigger to 2022-02-20T21:01:28.663595+00:00
[2022-02-21 01:01:28,680] {processor.py:171} INFO - Processing /home/airflow/.local/lib/python3.7/site-packages/airflow/example_dags/example_latest_only_with_trigger.py took 0.121 seconds
[2022-02-21 01:01:58,969] {processor.py:163} INFO - Started process (PID=679) to work on /home/airflow/.local/lib/python3.7/site-packages/airflow/example_dags/example_latest_only_with_trigger.py
[2022-02-21 01:01:58,974] {processor.py:642} INFO - Processing file /home/airflow/.local/lib/python3.7/site-packages/airflow/example_dags/example_latest_only_with_trigger.py for tasks to queue
[2022-02-21 01:01:58,974] {logging_mixin.py:109} INFO - [2022-02-21 01:01:58,974] {dagbag.py:500} INFO - Filling up the DagBag from /home/airflow/.local/lib/python3.7/site-packages/airflow/example_dags/example_latest_only_with_trigger.py
[2022-02-21 01:01:58,999] {processor.py:654} INFO - DAG(s) dict_keys(['latest_only_with_trigger']) retrieved from /home/airflow/.local/lib/python3.7/site-packages/airflow/example_dags/example_latest_only_with_trigger.py
[2022-02-21 01:01:59,008] {logging_mixin.py:109} INFO - [2022-02-21 01:01:59,007] {dag.py:2396} INFO - Sync 1 DAGs
[2022-02-21 01:01:59,021] {logging_mixin.py:109} INFO - [2022-02-21 01:01:59,021] {dag.py:2935} INFO - Setting next_dagrun for latest_only_with_trigger to 2022-02-20T21:01:59.020760+00:00
[2022-02-21 01:01:59,032] {processor.py:171} INFO - Processing /home/airflow/.local/lib/python3.7/site-packages/airflow/example_dags/example_latest_only_with_trigger.py took 0.066 seconds
[2022-02-21 01:02:29,438] {processor.py:163} INFO - Started process (PID=729) to work on /home/airflow/.local/lib/python3.7/site-packages/airflow/example_dags/example_latest_only_with_trigger.py
[2022-02-21 01:02:29,439] {processor.py:642} INFO - Processing file /home/airflow/.local/lib/python3.7/site-packages/airflow/example_dags/example_latest_only_with_trigger.py for tasks to queue
[2022-02-21 01:02:29,439] {logging_mixin.py:109} INFO - [2022-02-21 01:02:29,439] {dagbag.py:500} INFO - Filling up the DagBag from /home/airflow/.local/lib/python3.7/site-packages/airflow/example_dags/example_latest_only_with_trigger.py
[2022-02-21 01:02:29,468] {processor.py:654} INFO - DAG(s) dict_keys(['latest_only_with_trigger']) retrieved from /home/airflow/.local/lib/python3.7/site-packages/airflow/example_dags/example_latest_only_with_trigger.py
[2022-02-21 01:02:29,479] {logging_mixin.py:109} INFO - [2022-02-21 01:02:29,479] {dag.py:2396} INFO - Sync 1 DAGs
[2022-02-21 01:02:29,498] {logging_mixin.py:109} INFO - [2022-02-21 01:02:29,497] {dag.py:2935} INFO - Setting next_dagrun for latest_only_with_trigger to 2022-02-20T21:02:29.497548+00:00
[2022-02-21 01:02:29,511] {processor.py:171} INFO - Processing /home/airflow/.local/lib/python3.7/site-packages/airflow/example_dags/example_latest_only_with_trigger.py took 0.077 seconds
[2022-02-21 01:02:59,541] {processor.py:163} INFO - Started process (PID=788) to work on /home/airflow/.local/lib/python3.7/site-packages/airflow/example_dags/example_latest_only_with_trigger.py
[2022-02-21 01:02:59,543] {processor.py:642} INFO - Processing file /home/airflow/.local/lib/python3.7/site-packages/airflow/example_dags/example_latest_only_with_trigger.py for tasks to queue
[2022-02-21 01:02:59,543] {logging_mixin.py:109} INFO - [2022-02-21 01:02:59,543] {dagbag.py:500} INFO - Filling up the DagBag from /home/airflow/.local/lib/python3.7/site-packages/airflow/example_dags/example_latest_only_with_trigger.py
[2022-02-21 01:02:59,571] {processor.py:654} INFO - DAG(s) dict_keys(['latest_only_with_trigger']) retrieved from /home/airflow/.local/lib/python3.7/site-packages/airflow/example_dags/example_latest_only_with_trigger.py
[2022-02-21 01:02:59,585] {logging_mixin.py:109} INFO - [2022-02-21 01:02:59,584] {dag.py:2396} INFO - Sync 1 DAGs
[2022-02-21 01:02:59,605] {logging_mixin.py:109} INFO - [2022-02-21 01:02:59,605] {dag.py:2935} INFO - Setting next_dagrun for latest_only_with_trigger to 2022-02-20T21:02:59.604798+00:00
[2022-02-21 01:02:59,616] {processor.py:171} INFO - Processing /home/airflow/.local/lib/python3.7/site-packages/airflow/example_dags/example_latest_only_with_trigger.py took 0.079 seconds
[2022-02-21 01:03:29,885] {processor.py:163} INFO - Started process (PID=840) to work on /home/airflow/.local/lib/python3.7/site-packages/airflow/example_dags/example_latest_only_with_trigger.py
[2022-02-21 01:03:29,885] {processor.py:642} INFO - Processing file /home/airflow/.local/lib/python3.7/site-packages/airflow/example_dags/example_latest_only_with_trigger.py for tasks to queue
[2022-02-21 01:03:29,886] {logging_mixin.py:109} INFO - [2022-02-21 01:03:29,886] {dagbag.py:500} INFO - Filling up the DagBag from /home/airflow/.local/lib/python3.7/site-packages/airflow/example_dags/example_latest_only_with_trigger.py
[2022-02-21 01:03:29,910] {processor.py:654} INFO - DAG(s) dict_keys(['latest_only_with_trigger']) retrieved from /home/airflow/.local/lib/python3.7/site-packages/airflow/example_dags/example_latest_only_with_trigger.py
[2022-02-21 01:03:29,918] {logging_mixin.py:109} INFO - [2022-02-21 01:03:29,918] {dag.py:2396} INFO - Sync 1 DAGs
[2022-02-21 01:03:29,931] {logging_mixin.py:109} INFO - [2022-02-21 01:03:29,931] {dag.py:2935} INFO - Setting next_dagrun for latest_only_with_trigger to 2022-02-20T21:03:29.931389+00:00
[2022-02-21 01:03:29,940] {processor.py:171} INFO - Processing /home/airflow/.local/lib/python3.7/site-packages/airflow/example_dags/example_latest_only_with_trigger.py took 0.058 seconds
[2022-02-21 01:04:00,809] {processor.py:163} INFO - Started process (PID=891) to work on /home/airflow/.local/lib/python3.7/site-packages/airflow/example_dags/example_latest_only_with_trigger.py
[2022-02-21 01:04:00,811] {processor.py:642} INFO - Processing file /home/airflow/.local/lib/python3.7/site-packages/airflow/example_dags/example_latest_only_with_trigger.py for tasks to queue
[2022-02-21 01:04:00,812] {logging_mixin.py:109} INFO - [2022-02-21 01:04:00,812] {dagbag.py:500} INFO - Filling up the DagBag from /home/airflow/.local/lib/python3.7/site-packages/airflow/example_dags/example_latest_only_with_trigger.py
[2022-02-21 01:04:00,845] {processor.py:654} INFO - DAG(s) dict_keys(['latest_only_with_trigger']) retrieved from /home/airflow/.local/lib/python3.7/site-packages/airflow/example_dags/example_latest_only_with_trigger.py
[2022-02-21 01:04:00,859] {logging_mixin.py:109} INFO - [2022-02-21 01:04:00,859] {dag.py:2396} INFO - Sync 1 DAGs
[2022-02-21 01:04:00,878] {logging_mixin.py:109} INFO - [2022-02-21 01:04:00,878] {dag.py:2935} INFO - Setting next_dagrun for latest_only_with_trigger to 2022-02-20T21:04:00.877806+00:00
[2022-02-21 01:04:00,891] {processor.py:171} INFO - Processing /home/airflow/.local/lib/python3.7/site-packages/airflow/example_dags/example_latest_only_with_trigger.py took 0.085 seconds
[2022-02-21 01:04:31,430] {processor.py:163} INFO - Started process (PID=942) to work on /home/airflow/.local/lib/python3.7/site-packages/airflow/example_dags/example_latest_only_with_trigger.py
[2022-02-21 01:04:31,432] {processor.py:642} INFO - Processing file /home/airflow/.local/lib/python3.7/site-packages/airflow/example_dags/example_latest_only_with_trigger.py for tasks to queue
[2022-02-21 01:04:31,432] {logging_mixin.py:109} INFO - [2022-02-21 01:04:31,432] {dagbag.py:500} INFO - Filling up the DagBag from /home/airflow/.local/lib/python3.7/site-packages/airflow/example_dags/example_latest_only_with_trigger.py
[2022-02-21 01:04:31,482] {processor.py:654} INFO - DAG(s) dict_keys(['latest_only_with_trigger']) retrieved from /home/airflow/.local/lib/python3.7/site-packages/airflow/example_dags/example_latest_only_with_trigger.py
[2022-02-21 01:04:31,508] {logging_mixin.py:109} INFO - [2022-02-21 01:04:31,507] {dag.py:2396} INFO - Sync 1 DAGs
[2022-02-21 01:04:31,538] {logging_mixin.py:109} INFO - [2022-02-21 01:04:31,538] {dag.py:2935} INFO - Setting next_dagrun for latest_only_with_trigger to 2022-02-20T21:04:31.537645+00:00
[2022-02-21 01:04:31,554] {processor.py:171} INFO - Processing /home/airflow/.local/lib/python3.7/site-packages/airflow/example_dags/example_latest_only_with_trigger.py took 0.131 seconds
[2022-02-21 01:05:01,908] {processor.py:163} INFO - Started process (PID=992) to work on /home/airflow/.local/lib/python3.7/site-packages/airflow/example_dags/example_latest_only_with_trigger.py
[2022-02-21 01:05:01,910] {processor.py:642} INFO - Processing file /home/airflow/.local/lib/python3.7/site-packages/airflow/example_dags/example_latest_only_with_trigger.py for tasks to queue
[2022-02-21 01:05:01,910] {logging_mixin.py:109} INFO - [2022-02-21 01:05:01,910] {dagbag.py:500} INFO - Filling up the DagBag from /home/airflow/.local/lib/python3.7/site-packages/airflow/example_dags/example_latest_only_with_trigger.py
[2022-02-21 01:05:01,939] {processor.py:654} INFO - DAG(s) dict_keys(['latest_only_with_trigger']) retrieved from /home/airflow/.local/lib/python3.7/site-packages/airflow/example_dags/example_latest_only_with_trigger.py
[2022-02-21 01:05:01,950] {logging_mixin.py:109} INFO - [2022-02-21 01:05:01,949] {dag.py:2396} INFO - Sync 1 DAGs
[2022-02-21 01:05:01,964] {logging_mixin.py:109} INFO - [2022-02-21 01:05:01,964] {dag.py:2935} INFO - Setting next_dagrun for latest_only_with_trigger to 2022-02-20T21:05:01.964461+00:00
[2022-02-21 01:05:01,975] {processor.py:171} INFO - Processing /home/airflow/.local/lib/python3.7/site-packages/airflow/example_dags/example_latest_only_with_trigger.py took 0.071 seconds
[2022-02-21 01:05:32,154] {processor.py:163} INFO - Started process (PID=1053) to work on /home/airflow/.local/lib/python3.7/site-packages/airflow/example_dags/example_latest_only_with_trigger.py
[2022-02-21 01:05:32,155] {processor.py:642} INFO - Processing file /home/airflow/.local/lib/python3.7/site-packages/airflow/example_dags/example_latest_only_with_trigger.py for tasks to queue
[2022-02-21 01:05:32,156] {logging_mixin.py:109} INFO - [2022-02-21 01:05:32,156] {dagbag.py:500} INFO - Filling up the DagBag from /home/airflow/.local/lib/python3.7/site-packages/airflow/example_dags/example_latest_only_with_trigger.py
[2022-02-21 01:05:32,180] {processor.py:654} INFO - DAG(s) dict_keys(['latest_only_with_trigger']) retrieved from /home/airflow/.local/lib/python3.7/site-packages/airflow/example_dags/example_latest_only_with_trigger.py
[2022-02-21 01:05:32,189] {logging_mixin.py:109} INFO - [2022-02-21 01:05:32,189] {dag.py:2396} INFO - Sync 1 DAGs
[2022-02-21 01:05:32,203] {logging_mixin.py:109} INFO - [2022-02-21 01:05:32,203] {dag.py:2935} INFO - Setting next_dagrun for latest_only_with_trigger to 2022-02-20T21:05:32.203359+00:00
[2022-02-21 01:05:32,213] {processor.py:171} INFO - Processing /home/airflow/.local/lib/python3.7/site-packages/airflow/example_dags/example_latest_only_with_trigger.py took 0.063 seconds
[2022-02-21 01:06:02,510] {processor.py:163} INFO - Started process (PID=1103) to work on /home/airflow/.local/lib/python3.7/site-packages/airflow/example_dags/example_latest_only_with_trigger.py
[2022-02-21 01:06:02,512] {processor.py:642} INFO - Processing file /home/airflow/.local/lib/python3.7/site-packages/airflow/example_dags/example_latest_only_with_trigger.py for tasks to queue
[2022-02-21 01:06:02,513] {logging_mixin.py:109} INFO - [2022-02-21 01:06:02,513] {dagbag.py:500} INFO - Filling up the DagBag from /home/airflow/.local/lib/python3.7/site-packages/airflow/example_dags/example_latest_only_with_trigger.py
[2022-02-21 01:06:02,547] {processor.py:654} INFO - DAG(s) dict_keys(['latest_only_with_trigger']) retrieved from /home/airflow/.local/lib/python3.7/site-packages/airflow/example_dags/example_latest_only_with_trigger.py
[2022-02-21 01:06:02,560] {logging_mixin.py:109} INFO - [2022-02-21 01:06:02,559] {dag.py:2396} INFO - Sync 1 DAGs
[2022-02-21 01:06:02,583] {logging_mixin.py:109} INFO - [2022-02-21 01:06:02,583] {dag.py:2935} INFO - Setting next_dagrun for latest_only_with_trigger to 2022-02-20T21:06:02.583022+00:00
[2022-02-21 01:06:02,599] {processor.py:171} INFO - Processing /home/airflow/.local/lib/python3.7/site-packages/airflow/example_dags/example_latest_only_with_trigger.py took 0.093 seconds
[2022-02-21 01:06:32,946] {processor.py:163} INFO - Started process (PID=1154) to work on /home/airflow/.local/lib/python3.7/site-packages/airflow/example_dags/example_latest_only_with_trigger.py
[2022-02-21 01:06:32,947] {processor.py:642} INFO - Processing file /home/airflow/.local/lib/python3.7/site-packages/airflow/example_dags/example_latest_only_with_trigger.py for tasks to queue
[2022-02-21 01:06:32,948] {logging_mixin.py:109} INFO - [2022-02-21 01:06:32,948] {dagbag.py:500} INFO - Filling up the DagBag from /home/airflow/.local/lib/python3.7/site-packages/airflow/example_dags/example_latest_only_with_trigger.py
[2022-02-21 01:06:32,982] {processor.py:654} INFO - DAG(s) dict_keys(['latest_only_with_trigger']) retrieved from /home/airflow/.local/lib/python3.7/site-packages/airflow/example_dags/example_latest_only_with_trigger.py
[2022-02-21 01:06:32,998] {logging_mixin.py:109} INFO - [2022-02-21 01:06:32,997] {dag.py:2396} INFO - Sync 1 DAGs
[2022-02-21 01:06:33,016] {logging_mixin.py:109} INFO - [2022-02-21 01:06:33,016] {dag.py:2935} INFO - Setting next_dagrun for latest_only_with_trigger to 2022-02-20T21:06:33.016341+00:00
[2022-02-21 01:06:33,027] {processor.py:171} INFO - Processing /home/airflow/.local/lib/python3.7/site-packages/airflow/example_dags/example_latest_only_with_trigger.py took 0.085 seconds
[2022-02-21 01:07:03,123] {processor.py:163} INFO - Started process (PID=1204) to work on /home/airflow/.local/lib/python3.7/site-packages/airflow/example_dags/example_latest_only_with_trigger.py
[2022-02-21 01:07:03,125] {processor.py:642} INFO - Processing file /home/airflow/.local/lib/python3.7/site-packages/airflow/example_dags/example_latest_only_with_trigger.py for tasks to queue
[2022-02-21 01:07:03,126] {logging_mixin.py:109} INFO - [2022-02-21 01:07:03,126] {dagbag.py:500} INFO - Filling up the DagBag from /home/airflow/.local/lib/python3.7/site-packages/airflow/example_dags/example_latest_only_with_trigger.py
[2022-02-21 01:07:03,154] {processor.py:654} INFO - DAG(s) dict_keys(['latest_only_with_trigger']) retrieved from /home/airflow/.local/lib/python3.7/site-packages/airflow/example_dags/example_latest_only_with_trigger.py
[2022-02-21 01:07:03,166] {logging_mixin.py:109} INFO - [2022-02-21 01:07:03,166] {dag.py:2396} INFO - Sync 1 DAGs
[2022-02-21 01:07:03,183] {logging_mixin.py:109} INFO - [2022-02-21 01:07:03,183] {dag.py:2935} INFO - Setting next_dagrun for latest_only_with_trigger to 2022-02-20T21:07:03.183301+00:00
[2022-02-21 01:07:03,194] {processor.py:171} INFO - Processing /home/airflow/.local/lib/python3.7/site-packages/airflow/example_dags/example_latest_only_with_trigger.py took 0.075 seconds
[2022-02-21 01:07:33,847] {processor.py:163} INFO - Started process (PID=1262) to work on /home/airflow/.local/lib/python3.7/site-packages/airflow/example_dags/example_latest_only_with_trigger.py
[2022-02-21 01:07:33,849] {processor.py:642} INFO - Processing file /home/airflow/.local/lib/python3.7/site-packages/airflow/example_dags/example_latest_only_with_trigger.py for tasks to queue
[2022-02-21 01:07:33,850] {logging_mixin.py:109} INFO - [2022-02-21 01:07:33,850] {dagbag.py:500} INFO - Filling up the DagBag from /home/airflow/.local/lib/python3.7/site-packages/airflow/example_dags/example_latest_only_with_trigger.py
[2022-02-21 01:07:33,902] {processor.py:654} INFO - DAG(s) dict_keys(['latest_only_with_trigger']) retrieved from /home/airflow/.local/lib/python3.7/site-packages/airflow/example_dags/example_latest_only_with_trigger.py
[2022-02-21 01:07:33,918] {logging_mixin.py:109} INFO - [2022-02-21 01:07:33,918] {dag.py:2396} INFO - Sync 1 DAGs
[2022-02-21 01:07:33,947] {logging_mixin.py:109} INFO - [2022-02-21 01:07:33,947] {dag.py:2935} INFO - Setting next_dagrun for latest_only_with_trigger to 2022-02-20T21:07:33.946694+00:00
[2022-02-21 01:07:33,961] {processor.py:171} INFO - Processing /home/airflow/.local/lib/python3.7/site-packages/airflow/example_dags/example_latest_only_with_trigger.py took 0.120 seconds
[2022-02-21 01:08:04,049] {processor.py:163} INFO - Started process (PID=1316) to work on /home/airflow/.local/lib/python3.7/site-packages/airflow/example_dags/example_latest_only_with_trigger.py
[2022-02-21 01:08:04,051] {processor.py:642} INFO - Processing file /home/airflow/.local/lib/python3.7/site-packages/airflow/example_dags/example_latest_only_with_trigger.py for tasks to queue
[2022-02-21 01:08:04,052] {logging_mixin.py:109} INFO - [2022-02-21 01:08:04,052] {dagbag.py:500} INFO - Filling up the DagBag from /home/airflow/.local/lib/python3.7/site-packages/airflow/example_dags/example_latest_only_with_trigger.py
[2022-02-21 01:08:04,079] {processor.py:654} INFO - DAG(s) dict_keys(['latest_only_with_trigger']) retrieved from /home/airflow/.local/lib/python3.7/site-packages/airflow/example_dags/example_latest_only_with_trigger.py
[2022-02-21 01:08:04,088] {logging_mixin.py:109} INFO - [2022-02-21 01:08:04,088] {dag.py:2396} INFO - Sync 1 DAGs
[2022-02-21 01:08:04,102] {logging_mixin.py:109} INFO - [2022-02-21 01:08:04,102] {dag.py:2935} INFO - Setting next_dagrun for latest_only_with_trigger to 2022-02-20T21:08:04.102256+00:00
[2022-02-21 01:08:04,113] {processor.py:171} INFO - Processing /home/airflow/.local/lib/python3.7/site-packages/airflow/example_dags/example_latest_only_with_trigger.py took 0.067 seconds
[2022-02-21 01:08:34,217] {processor.py:163} INFO - Started process (PID=1367) to work on /home/airflow/.local/lib/python3.7/site-packages/airflow/example_dags/example_latest_only_with_trigger.py
[2022-02-21 01:08:34,220] {processor.py:642} INFO - Processing file /home/airflow/.local/lib/python3.7/site-packages/airflow/example_dags/example_latest_only_with_trigger.py for tasks to queue
[2022-02-21 01:08:34,221] {logging_mixin.py:109} INFO - [2022-02-21 01:08:34,221] {dagbag.py:500} INFO - Filling up the DagBag from /home/airflow/.local/lib/python3.7/site-packages/airflow/example_dags/example_latest_only_with_trigger.py
[2022-02-21 01:08:34,287] {processor.py:654} INFO - DAG(s) dict_keys(['latest_only_with_trigger']) retrieved from /home/airflow/.local/lib/python3.7/site-packages/airflow/example_dags/example_latest_only_with_trigger.py
[2022-02-21 01:08:34,305] {logging_mixin.py:109} INFO - [2022-02-21 01:08:34,305] {dag.py:2396} INFO - Sync 1 DAGs
[2022-02-21 01:08:34,339] {logging_mixin.py:109} INFO - [2022-02-21 01:08:34,339] {dag.py:2935} INFO - Setting next_dagrun for latest_only_with_trigger to 2022-02-20T21:08:34.338751+00:00
[2022-02-21 01:08:34,358] {processor.py:171} INFO - Processing /home/airflow/.local/lib/python3.7/site-packages/airflow/example_dags/example_latest_only_with_trigger.py took 0.151 seconds
[2022-02-21 01:09:04,576] {processor.py:163} INFO - Started process (PID=1417) to work on /home/airflow/.local/lib/python3.7/site-packages/airflow/example_dags/example_latest_only_with_trigger.py
[2022-02-21 01:09:04,578] {processor.py:642} INFO - Processing file /home/airflow/.local/lib/python3.7/site-packages/airflow/example_dags/example_latest_only_with_trigger.py for tasks to queue
[2022-02-21 01:09:04,578] {logging_mixin.py:109} INFO - [2022-02-21 01:09:04,578] {dagbag.py:500} INFO - Filling up the DagBag from /home/airflow/.local/lib/python3.7/site-packages/airflow/example_dags/example_latest_only_with_trigger.py
[2022-02-21 01:09:04,611] {processor.py:654} INFO - DAG(s) dict_keys(['latest_only_with_trigger']) retrieved from /home/airflow/.local/lib/python3.7/site-packages/airflow/example_dags/example_latest_only_with_trigger.py
[2022-02-21 01:09:04,624] {logging_mixin.py:109} INFO - [2022-02-21 01:09:04,624] {dag.py:2396} INFO - Sync 1 DAGs
[2022-02-21 01:09:04,643] {logging_mixin.py:109} INFO - [2022-02-21 01:09:04,643] {dag.py:2935} INFO - Setting next_dagrun for latest_only_with_trigger to 2022-02-20T21:09:04.643287+00:00
[2022-02-21 01:09:04,657] {processor.py:171} INFO - Processing /home/airflow/.local/lib/python3.7/site-packages/airflow/example_dags/example_latest_only_with_trigger.py took 0.084 seconds
[2022-02-21 01:09:34,800] {processor.py:163} INFO - Started process (PID=1478) to work on /home/airflow/.local/lib/python3.7/site-packages/airflow/example_dags/example_latest_only_with_trigger.py
[2022-02-21 01:09:34,801] {processor.py:642} INFO - Processing file /home/airflow/.local/lib/python3.7/site-packages/airflow/example_dags/example_latest_only_with_trigger.py for tasks to queue
[2022-02-21 01:09:34,802] {logging_mixin.py:109} INFO - [2022-02-21 01:09:34,802] {dagbag.py:500} INFO - Filling up the DagBag from /home/airflow/.local/lib/python3.7/site-packages/airflow/example_dags/example_latest_only_with_trigger.py
[2022-02-21 01:09:34,842] {processor.py:654} INFO - DAG(s) dict_keys(['latest_only_with_trigger']) retrieved from /home/airflow/.local/lib/python3.7/site-packages/airflow/example_dags/example_latest_only_with_trigger.py
[2022-02-21 01:09:34,858] {logging_mixin.py:109} INFO - [2022-02-21 01:09:34,858] {dag.py:2396} INFO - Sync 1 DAGs
[2022-02-21 01:09:34,883] {logging_mixin.py:109} INFO - [2022-02-21 01:09:34,883] {dag.py:2935} INFO - Setting next_dagrun for latest_only_with_trigger to 2022-02-20T21:09:34.883153+00:00
[2022-02-21 01:09:34,898] {processor.py:171} INFO - Processing /home/airflow/.local/lib/python3.7/site-packages/airflow/example_dags/example_latest_only_with_trigger.py took 0.103 seconds
[2022-02-21 01:10:05,328] {processor.py:163} INFO - Started process (PID=1529) to work on /home/airflow/.local/lib/python3.7/site-packages/airflow/example_dags/example_latest_only_with_trigger.py
[2022-02-21 01:10:05,333] {processor.py:642} INFO - Processing file /home/airflow/.local/lib/python3.7/site-packages/airflow/example_dags/example_latest_only_with_trigger.py for tasks to queue
[2022-02-21 01:10:05,334] {logging_mixin.py:109} INFO - [2022-02-21 01:10:05,334] {dagbag.py:500} INFO - Filling up the DagBag from /home/airflow/.local/lib/python3.7/site-packages/airflow/example_dags/example_latest_only_with_trigger.py
[2022-02-21 01:10:05,368] {processor.py:654} INFO - DAG(s) dict_keys(['latest_only_with_trigger']) retrieved from /home/airflow/.local/lib/python3.7/site-packages/airflow/example_dags/example_latest_only_with_trigger.py
[2022-02-21 01:10:05,381] {logging_mixin.py:109} INFO - [2022-02-21 01:10:05,381] {dag.py:2396} INFO - Sync 1 DAGs
[2022-02-21 01:10:05,402] {logging_mixin.py:109} INFO - [2022-02-21 01:10:05,402] {dag.py:2935} INFO - Setting next_dagrun for latest_only_with_trigger to 2022-02-20T21:10:05.402049+00:00
[2022-02-21 01:10:05,415] {processor.py:171} INFO - Processing /home/airflow/.local/lib/python3.7/site-packages/airflow/example_dags/example_latest_only_with_trigger.py took 0.091 seconds
[2022-02-21 01:10:35,637] {processor.py:163} INFO - Started process (PID=1579) to work on /home/airflow/.local/lib/python3.7/site-packages/airflow/example_dags/example_latest_only_with_trigger.py
[2022-02-21 01:10:35,639] {processor.py:642} INFO - Processing file /home/airflow/.local/lib/python3.7/site-packages/airflow/example_dags/example_latest_only_with_trigger.py for tasks to queue
[2022-02-21 01:10:35,641] {logging_mixin.py:109} INFO - [2022-02-21 01:10:35,641] {dagbag.py:500} INFO - Filling up the DagBag from /home/airflow/.local/lib/python3.7/site-packages/airflow/example_dags/example_latest_only_with_trigger.py
[2022-02-21 01:10:35,695] {processor.py:654} INFO - DAG(s) dict_keys(['latest_only_with_trigger']) retrieved from /home/airflow/.local/lib/python3.7/site-packages/airflow/example_dags/example_latest_only_with_trigger.py
[2022-02-21 01:10:35,718] {logging_mixin.py:109} INFO - [2022-02-21 01:10:35,718] {dag.py:2396} INFO - Sync 1 DAGs
[2022-02-21 01:10:35,749] {logging_mixin.py:109} INFO - [2022-02-21 01:10:35,749] {dag.py:2935} INFO - Setting next_dagrun for latest_only_with_trigger to 2022-02-20T21:10:35.749290+00:00
[2022-02-21 01:10:35,896] {processor.py:171} INFO - Processing /home/airflow/.local/lib/python3.7/site-packages/airflow/example_dags/example_latest_only_with_trigger.py took 0.269 seconds
[2022-02-21 01:11:06,410] {processor.py:163} INFO - Started process (PID=1629) to work on /home/airflow/.local/lib/python3.7/site-packages/airflow/example_dags/example_latest_only_with_trigger.py
[2022-02-21 01:11:06,415] {processor.py:642} INFO - Processing file /home/airflow/.local/lib/python3.7/site-packages/airflow/example_dags/example_latest_only_with_trigger.py for tasks to queue
[2022-02-21 01:11:06,416] {logging_mixin.py:109} INFO - [2022-02-21 01:11:06,415] {dagbag.py:500} INFO - Filling up the DagBag from /home/airflow/.local/lib/python3.7/site-packages/airflow/example_dags/example_latest_only_with_trigger.py
[2022-02-21 01:11:06,461] {processor.py:654} INFO - DAG(s) dict_keys(['latest_only_with_trigger']) retrieved from /home/airflow/.local/lib/python3.7/site-packages/airflow/example_dags/example_latest_only_with_trigger.py
[2022-02-21 01:11:06,475] {logging_mixin.py:109} INFO - [2022-02-21 01:11:06,475] {dag.py:2396} INFO - Sync 1 DAGs
[2022-02-21 01:11:06,621] {logging_mixin.py:109} INFO - [2022-02-21 01:11:06,621] {dag.py:2935} INFO - Setting next_dagrun for latest_only_with_trigger to 2022-02-20T21:11:06.620743+00:00
[2022-02-21 01:11:06,634] {processor.py:171} INFO - Processing /home/airflow/.local/lib/python3.7/site-packages/airflow/example_dags/example_latest_only_with_trigger.py took 0.228 seconds
[2022-02-21 01:11:36,849] {processor.py:163} INFO - Started process (PID=1679) to work on /home/airflow/.local/lib/python3.7/site-packages/airflow/example_dags/example_latest_only_with_trigger.py
[2022-02-21 01:11:36,850] {processor.py:642} INFO - Processing file /home/airflow/.local/lib/python3.7/site-packages/airflow/example_dags/example_latest_only_with_trigger.py for tasks to queue
[2022-02-21 01:11:36,851] {logging_mixin.py:109} INFO - [2022-02-21 01:11:36,851] {dagbag.py:500} INFO - Filling up the DagBag from /home/airflow/.local/lib/python3.7/site-packages/airflow/example_dags/example_latest_only_with_trigger.py
[2022-02-21 01:11:36,890] {processor.py:654} INFO - DAG(s) dict_keys(['latest_only_with_trigger']) retrieved from /home/airflow/.local/lib/python3.7/site-packages/airflow/example_dags/example_latest_only_with_trigger.py
[2022-02-21 01:11:36,905] {logging_mixin.py:109} INFO - [2022-02-21 01:11:36,905] {dag.py:2396} INFO - Sync 1 DAGs
[2022-02-21 01:11:37,051] {logging_mixin.py:109} INFO - [2022-02-21 01:11:37,051] {dag.py:2935} INFO - Setting next_dagrun for latest_only_with_trigger to 2022-02-20T21:11:37.051223+00:00
[2022-02-21 01:11:37,070] {processor.py:171} INFO - Processing /home/airflow/.local/lib/python3.7/site-packages/airflow/example_dags/example_latest_only_with_trigger.py took 0.227 seconds
[2022-02-21 01:12:07,133] {processor.py:163} INFO - Started process (PID=1730) to work on /home/airflow/.local/lib/python3.7/site-packages/airflow/example_dags/example_latest_only_with_trigger.py
[2022-02-21 01:12:07,137] {processor.py:642} INFO - Processing file /home/airflow/.local/lib/python3.7/site-packages/airflow/example_dags/example_latest_only_with_trigger.py for tasks to queue
[2022-02-21 01:12:07,138] {logging_mixin.py:109} INFO - [2022-02-21 01:12:07,138] {dagbag.py:500} INFO - Filling up the DagBag from /home/airflow/.local/lib/python3.7/site-packages/airflow/example_dags/example_latest_only_with_trigger.py
[2022-02-21 01:12:07,221] {processor.py:654} INFO - DAG(s) dict_keys(['latest_only_with_trigger']) retrieved from /home/airflow/.local/lib/python3.7/site-packages/airflow/example_dags/example_latest_only_with_trigger.py
[2022-02-21 01:12:07,250] {logging_mixin.py:109} INFO - [2022-02-21 01:12:07,250] {dag.py:2396} INFO - Sync 1 DAGs
[2022-02-21 01:12:07,480] {logging_mixin.py:109} INFO - [2022-02-21 01:12:07,480] {dag.py:2935} INFO - Setting next_dagrun for latest_only_with_trigger to 2022-02-20T21:12:07.479800+00:00
[2022-02-21 01:12:07,523] {processor.py:171} INFO - Processing /home/airflow/.local/lib/python3.7/site-packages/airflow/example_dags/example_latest_only_with_trigger.py took 0.397 seconds
[2022-02-21 01:12:37,805] {processor.py:163} INFO - Started process (PID=1781) to work on /home/airflow/.local/lib/python3.7/site-packages/airflow/example_dags/example_latest_only_with_trigger.py
[2022-02-21 01:12:37,807] {processor.py:642} INFO - Processing file /home/airflow/.local/lib/python3.7/site-packages/airflow/example_dags/example_latest_only_with_trigger.py for tasks to queue
[2022-02-21 01:12:37,808] {logging_mixin.py:109} INFO - [2022-02-21 01:12:37,808] {dagbag.py:500} INFO - Filling up the DagBag from /home/airflow/.local/lib/python3.7/site-packages/airflow/example_dags/example_latest_only_with_trigger.py
[2022-02-21 01:12:37,958] {processor.py:654} INFO - DAG(s) dict_keys(['latest_only_with_trigger']) retrieved from /home/airflow/.local/lib/python3.7/site-packages/airflow/example_dags/example_latest_only_with_trigger.py
[2022-02-21 01:12:37,970] {logging_mixin.py:109} INFO - [2022-02-21 01:12:37,970] {dag.py:2396} INFO - Sync 1 DAGs
[2022-02-21 01:12:37,989] {logging_mixin.py:109} INFO - [2022-02-21 01:12:37,989] {dag.py:2935} INFO - Setting next_dagrun for latest_only_with_trigger to 2022-02-20T21:12:37.989323+00:00
[2022-02-21 01:12:38,007] {processor.py:171} INFO - Processing /home/airflow/.local/lib/python3.7/site-packages/airflow/example_dags/example_latest_only_with_trigger.py took 0.207 seconds
[2022-02-21 01:13:08,480] {processor.py:163} INFO - Started process (PID=1843) to work on /home/airflow/.local/lib/python3.7/site-packages/airflow/example_dags/example_latest_only_with_trigger.py
[2022-02-21 01:13:08,482] {processor.py:642} INFO - Processing file /home/airflow/.local/lib/python3.7/site-packages/airflow/example_dags/example_latest_only_with_trigger.py for tasks to queue
[2022-02-21 01:13:08,483] {logging_mixin.py:109} INFO - [2022-02-21 01:13:08,483] {dagbag.py:500} INFO - Filling up the DagBag from /home/airflow/.local/lib/python3.7/site-packages/airflow/example_dags/example_latest_only_with_trigger.py
[2022-02-21 01:13:08,622] {processor.py:654} INFO - DAG(s) dict_keys(['latest_only_with_trigger']) retrieved from /home/airflow/.local/lib/python3.7/site-packages/airflow/example_dags/example_latest_only_with_trigger.py
[2022-02-21 01:13:08,632] {logging_mixin.py:109} INFO - [2022-02-21 01:13:08,632] {dag.py:2396} INFO - Sync 1 DAGs
[2022-02-21 01:13:08,650] {logging_mixin.py:109} INFO - [2022-02-21 01:13:08,650] {dag.py:2935} INFO - Setting next_dagrun for latest_only_with_trigger to 2022-02-20T21:13:08.649767+00:00
[2022-02-21 01:13:08,661] {processor.py:171} INFO - Processing /home/airflow/.local/lib/python3.7/site-packages/airflow/example_dags/example_latest_only_with_trigger.py took 0.186 seconds
[2022-02-21 01:13:38,842] {processor.py:163} INFO - Started process (PID=1893) to work on /home/airflow/.local/lib/python3.7/site-packages/airflow/example_dags/example_latest_only_with_trigger.py
[2022-02-21 01:13:38,845] {processor.py:642} INFO - Processing file /home/airflow/.local/lib/python3.7/site-packages/airflow/example_dags/example_latest_only_with_trigger.py for tasks to queue
[2022-02-21 01:13:38,846] {logging_mixin.py:109} INFO - [2022-02-21 01:13:38,845] {dagbag.py:500} INFO - Filling up the DagBag from /home/airflow/.local/lib/python3.7/site-packages/airflow/example_dags/example_latest_only_with_trigger.py
[2022-02-21 01:13:38,941] {processor.py:654} INFO - DAG(s) dict_keys(['latest_only_with_trigger']) retrieved from /home/airflow/.local/lib/python3.7/site-packages/airflow/example_dags/example_latest_only_with_trigger.py
[2022-02-21 01:13:38,949] {logging_mixin.py:109} INFO - [2022-02-21 01:13:38,949] {dag.py:2396} INFO - Sync 1 DAGs
[2022-02-21 01:13:38,961] {logging_mixin.py:109} INFO - [2022-02-21 01:13:38,960] {dag.py:2935} INFO - Setting next_dagrun for latest_only_with_trigger to 2022-02-20T21:13:38.960751+00:00
[2022-02-21 01:13:38,974] {processor.py:171} INFO - Processing /home/airflow/.local/lib/python3.7/site-packages/airflow/example_dags/example_latest_only_with_trigger.py took 0.140 seconds
[2022-02-21 01:14:09,211] {processor.py:163} INFO - Started process (PID=1943) to work on /home/airflow/.local/lib/python3.7/site-packages/airflow/example_dags/example_latest_only_with_trigger.py
[2022-02-21 01:14:09,213] {processor.py:642} INFO - Processing file /home/airflow/.local/lib/python3.7/site-packages/airflow/example_dags/example_latest_only_with_trigger.py for tasks to queue
[2022-02-21 01:14:09,214] {logging_mixin.py:109} INFO - [2022-02-21 01:14:09,214] {dagbag.py:500} INFO - Filling up the DagBag from /home/airflow/.local/lib/python3.7/site-packages/airflow/example_dags/example_latest_only_with_trigger.py
[2022-02-21 01:14:09,393] {processor.py:654} INFO - DAG(s) dict_keys(['latest_only_with_trigger']) retrieved from /home/airflow/.local/lib/python3.7/site-packages/airflow/example_dags/example_latest_only_with_trigger.py
[2022-02-21 01:14:09,408] {logging_mixin.py:109} INFO - [2022-02-21 01:14:09,408] {dag.py:2396} INFO - Sync 1 DAGs
[2022-02-21 01:14:09,434] {logging_mixin.py:109} INFO - [2022-02-21 01:14:09,434] {dag.py:2935} INFO - Setting next_dagrun for latest_only_with_trigger to 2022-02-20T21:14:09.433909+00:00
[2022-02-21 01:14:09,448] {processor.py:171} INFO - Processing /home/airflow/.local/lib/python3.7/site-packages/airflow/example_dags/example_latest_only_with_trigger.py took 0.243 seconds
[2022-02-21 01:14:39,715] {processor.py:163} INFO - Started process (PID=1993) to work on /home/airflow/.local/lib/python3.7/site-packages/airflow/example_dags/example_latest_only_with_trigger.py
[2022-02-21 01:14:39,718] {processor.py:642} INFO - Processing file /home/airflow/.local/lib/python3.7/site-packages/airflow/example_dags/example_latest_only_with_trigger.py for tasks to queue
[2022-02-21 01:14:39,719] {logging_mixin.py:109} INFO - [2022-02-21 01:14:39,719] {dagbag.py:500} INFO - Filling up the DagBag from /home/airflow/.local/lib/python3.7/site-packages/airflow/example_dags/example_latest_only_with_trigger.py
[2022-02-21 01:14:39,885] {processor.py:654} INFO - DAG(s) dict_keys(['latest_only_with_trigger']) retrieved from /home/airflow/.local/lib/python3.7/site-packages/airflow/example_dags/example_latest_only_with_trigger.py
[2022-02-21 01:14:39,900] {logging_mixin.py:109} INFO - [2022-02-21 01:14:39,899] {dag.py:2396} INFO - Sync 1 DAGs
[2022-02-21 01:14:39,922] {logging_mixin.py:109} INFO - [2022-02-21 01:14:39,922] {dag.py:2935} INFO - Setting next_dagrun for latest_only_with_trigger to 2022-02-20T21:14:39.922090+00:00
[2022-02-21 01:14:39,937] {processor.py:171} INFO - Processing /home/airflow/.local/lib/python3.7/site-packages/airflow/example_dags/example_latest_only_with_trigger.py took 0.228 seconds
[2022-02-21 01:15:10,824] {processor.py:163} INFO - Started process (PID=2053) to work on /home/airflow/.local/lib/python3.7/site-packages/airflow/example_dags/example_latest_only_with_trigger.py
[2022-02-21 01:15:10,825] {processor.py:642} INFO - Processing file /home/airflow/.local/lib/python3.7/site-packages/airflow/example_dags/example_latest_only_with_trigger.py for tasks to queue
[2022-02-21 01:15:10,826] {logging_mixin.py:109} INFO - [2022-02-21 01:15:10,826] {dagbag.py:500} INFO - Filling up the DagBag from /home/airflow/.local/lib/python3.7/site-packages/airflow/example_dags/example_latest_only_with_trigger.py
[2022-02-21 01:15:10,873] {processor.py:654} INFO - DAG(s) dict_keys(['latest_only_with_trigger']) retrieved from /home/airflow/.local/lib/python3.7/site-packages/airflow/example_dags/example_latest_only_with_trigger.py
[2022-02-21 01:15:10,898] {logging_mixin.py:109} INFO - [2022-02-21 01:15:10,898] {dag.py:2396} INFO - Sync 1 DAGs
[2022-02-21 01:15:10,926] {logging_mixin.py:109} INFO - [2022-02-21 01:15:10,926] {dag.py:2935} INFO - Setting next_dagrun for latest_only_with_trigger to 2022-02-20T21:15:10.925901+00:00
[2022-02-21 01:15:10,943] {processor.py:171} INFO - Processing /home/airflow/.local/lib/python3.7/site-packages/airflow/example_dags/example_latest_only_with_trigger.py took 0.125 seconds
[2022-02-21 01:15:45,138] {processor.py:163} INFO - Started process (PID=2105) to work on /home/airflow/.local/lib/python3.7/site-packages/airflow/example_dags/example_latest_only_with_trigger.py
[2022-02-21 01:15:45,141] {processor.py:642} INFO - Processing file /home/airflow/.local/lib/python3.7/site-packages/airflow/example_dags/example_latest_only_with_trigger.py for tasks to queue
[2022-02-21 01:15:45,143] {logging_mixin.py:109} INFO - [2022-02-21 01:15:45,142] {dagbag.py:500} INFO - Filling up the DagBag from /home/airflow/.local/lib/python3.7/site-packages/airflow/example_dags/example_latest_only_with_trigger.py
[2022-02-21 01:15:45,287] {processor.py:654} INFO - DAG(s) dict_keys(['latest_only_with_trigger']) retrieved from /home/airflow/.local/lib/python3.7/site-packages/airflow/example_dags/example_latest_only_with_trigger.py
[2022-02-21 01:15:45,325] {logging_mixin.py:109} INFO - [2022-02-21 01:15:45,325] {dag.py:2396} INFO - Sync 1 DAGs
[2022-02-21 01:15:45,382] {logging_mixin.py:109} INFO - [2022-02-21 01:15:45,382] {dag.py:2935} INFO - Setting next_dagrun for latest_only_with_trigger to 2022-02-20T21:15:45.381099+00:00
[2022-02-21 01:15:45,420] {processor.py:171} INFO - Processing /home/airflow/.local/lib/python3.7/site-packages/airflow/example_dags/example_latest_only_with_trigger.py took 0.297 seconds
[2022-02-21 01:16:15,493] {processor.py:163} INFO - Started process (PID=2147) to work on /home/airflow/.local/lib/python3.7/site-packages/airflow/example_dags/example_latest_only_with_trigger.py
[2022-02-21 01:16:15,495] {processor.py:642} INFO - Processing file /home/airflow/.local/lib/python3.7/site-packages/airflow/example_dags/example_latest_only_with_trigger.py for tasks to queue
[2022-02-21 01:16:15,499] {logging_mixin.py:109} INFO - [2022-02-21 01:16:15,498] {dagbag.py:500} INFO - Filling up the DagBag from /home/airflow/.local/lib/python3.7/site-packages/airflow/example_dags/example_latest_only_with_trigger.py
[2022-02-21 01:16:15,588] {processor.py:654} INFO - DAG(s) dict_keys(['latest_only_with_trigger']) retrieved from /home/airflow/.local/lib/python3.7/site-packages/airflow/example_dags/example_latest_only_with_trigger.py
[2022-02-21 01:16:15,703] {logging_mixin.py:109} INFO - [2022-02-21 01:16:15,702] {dag.py:2396} INFO - Sync 1 DAGs
[2022-02-21 01:16:15,802] {logging_mixin.py:109} INFO - [2022-02-21 01:16:15,801] {dag.py:2935} INFO - Setting next_dagrun for latest_only_with_trigger to 2022-02-20T21:16:15.800799+00:00
[2022-02-21 01:16:15,833] {processor.py:171} INFO - Processing /home/airflow/.local/lib/python3.7/site-packages/airflow/example_dags/example_latest_only_with_trigger.py took 0.348 seconds
[2022-02-21 01:16:46,183] {processor.py:163} INFO - Started process (PID=2199) to work on /home/airflow/.local/lib/python3.7/site-packages/airflow/example_dags/example_latest_only_with_trigger.py
[2022-02-21 01:16:46,184] {processor.py:642} INFO - Processing file /home/airflow/.local/lib/python3.7/site-packages/airflow/example_dags/example_latest_only_with_trigger.py for tasks to queue
[2022-02-21 01:16:46,184] {logging_mixin.py:109} INFO - [2022-02-21 01:16:46,184] {dagbag.py:500} INFO - Filling up the DagBag from /home/airflow/.local/lib/python3.7/site-packages/airflow/example_dags/example_latest_only_with_trigger.py
[2022-02-21 01:16:46,210] {processor.py:654} INFO - DAG(s) dict_keys(['latest_only_with_trigger']) retrieved from /home/airflow/.local/lib/python3.7/site-packages/airflow/example_dags/example_latest_only_with_trigger.py
[2022-02-21 01:16:46,219] {logging_mixin.py:109} INFO - [2022-02-21 01:16:46,219] {dag.py:2396} INFO - Sync 1 DAGs
[2022-02-21 01:16:46,234] {logging_mixin.py:109} INFO - [2022-02-21 01:16:46,233] {dag.py:2935} INFO - Setting next_dagrun for latest_only_with_trigger to 2022-02-20T21:16:46.233722+00:00
[2022-02-21 01:16:46,243] {processor.py:171} INFO - Processing /home/airflow/.local/lib/python3.7/site-packages/airflow/example_dags/example_latest_only_with_trigger.py took 0.063 seconds
[2022-02-21 01:17:16,689] {processor.py:163} INFO - Started process (PID=2259) to work on /home/airflow/.local/lib/python3.7/site-packages/airflow/example_dags/example_latest_only_with_trigger.py
[2022-02-21 01:17:16,690] {processor.py:642} INFO - Processing file /home/airflow/.local/lib/python3.7/site-packages/airflow/example_dags/example_latest_only_with_trigger.py for tasks to queue
[2022-02-21 01:17:16,692] {logging_mixin.py:109} INFO - [2022-02-21 01:17:16,691] {dagbag.py:500} INFO - Filling up the DagBag from /home/airflow/.local/lib/python3.7/site-packages/airflow/example_dags/example_latest_only_with_trigger.py
[2022-02-21 01:17:16,737] {processor.py:654} INFO - DAG(s) dict_keys(['latest_only_with_trigger']) retrieved from /home/airflow/.local/lib/python3.7/site-packages/airflow/example_dags/example_latest_only_with_trigger.py
[2022-02-21 01:17:16,753] {logging_mixin.py:109} INFO - [2022-02-21 01:17:16,752] {dag.py:2396} INFO - Sync 1 DAGs
[2022-02-21 01:17:16,777] {logging_mixin.py:109} INFO - [2022-02-21 01:17:16,777] {dag.py:2935} INFO - Setting next_dagrun for latest_only_with_trigger to 2022-02-20T21:17:16.776872+00:00
[2022-02-21 01:17:16,792] {processor.py:171} INFO - Processing /home/airflow/.local/lib/python3.7/site-packages/airflow/example_dags/example_latest_only_with_trigger.py took 0.108 seconds
[2022-02-21 01:17:47,137] {processor.py:163} INFO - Started process (PID=2309) to work on /home/airflow/.local/lib/python3.7/site-packages/airflow/example_dags/example_latest_only_with_trigger.py
[2022-02-21 01:17:47,138] {processor.py:642} INFO - Processing file /home/airflow/.local/lib/python3.7/site-packages/airflow/example_dags/example_latest_only_with_trigger.py for tasks to queue
[2022-02-21 01:17:47,139] {logging_mixin.py:109} INFO - [2022-02-21 01:17:47,139] {dagbag.py:500} INFO - Filling up the DagBag from /home/airflow/.local/lib/python3.7/site-packages/airflow/example_dags/example_latest_only_with_trigger.py
[2022-02-21 01:17:47,166] {processor.py:654} INFO - DAG(s) dict_keys(['latest_only_with_trigger']) retrieved from /home/airflow/.local/lib/python3.7/site-packages/airflow/example_dags/example_latest_only_with_trigger.py
[2022-02-21 01:17:47,177] {logging_mixin.py:109} INFO - [2022-02-21 01:17:47,177] {dag.py:2396} INFO - Sync 1 DAGs
[2022-02-21 01:17:47,192] {logging_mixin.py:109} INFO - [2022-02-21 01:17:47,192] {dag.py:2935} INFO - Setting next_dagrun for latest_only_with_trigger to 2022-02-20T21:17:47.192240+00:00
[2022-02-21 01:17:47,202] {processor.py:171} INFO - Processing /home/airflow/.local/lib/python3.7/site-packages/airflow/example_dags/example_latest_only_with_trigger.py took 0.069 seconds
[2022-02-21 01:18:17,534] {processor.py:163} INFO - Started process (PID=2359) to work on /home/airflow/.local/lib/python3.7/site-packages/airflow/example_dags/example_latest_only_with_trigger.py
[2022-02-21 01:18:17,536] {processor.py:642} INFO - Processing file /home/airflow/.local/lib/python3.7/site-packages/airflow/example_dags/example_latest_only_with_trigger.py for tasks to queue
[2022-02-21 01:18:17,536] {logging_mixin.py:109} INFO - [2022-02-21 01:18:17,536] {dagbag.py:500} INFO - Filling up the DagBag from /home/airflow/.local/lib/python3.7/site-packages/airflow/example_dags/example_latest_only_with_trigger.py
[2022-02-21 01:18:17,582] {processor.py:654} INFO - DAG(s) dict_keys(['latest_only_with_trigger']) retrieved from /home/airflow/.local/lib/python3.7/site-packages/airflow/example_dags/example_latest_only_with_trigger.py
[2022-02-21 01:18:17,600] {logging_mixin.py:109} INFO - [2022-02-21 01:18:17,600] {dag.py:2396} INFO - Sync 1 DAGs
[2022-02-21 01:18:17,621] {logging_mixin.py:109} INFO - [2022-02-21 01:18:17,621] {dag.py:2935} INFO - Setting next_dagrun for latest_only_with_trigger to 2022-02-20T21:18:17.620794+00:00
[2022-02-21 01:18:17,633] {processor.py:171} INFO - Processing /home/airflow/.local/lib/python3.7/site-packages/airflow/example_dags/example_latest_only_with_trigger.py took 0.103 seconds
[2022-02-21 01:18:48,570] {processor.py:163} INFO - Started process (PID=2417) to work on /home/airflow/.local/lib/python3.7/site-packages/airflow/example_dags/example_latest_only_with_trigger.py
[2022-02-21 01:18:48,573] {processor.py:642} INFO - Processing file /home/airflow/.local/lib/python3.7/site-packages/airflow/example_dags/example_latest_only_with_trigger.py for tasks to queue
[2022-02-21 01:18:48,574] {logging_mixin.py:109} INFO - [2022-02-21 01:18:48,574] {dagbag.py:500} INFO - Filling up the DagBag from /home/airflow/.local/lib/python3.7/site-packages/airflow/example_dags/example_latest_only_with_trigger.py
[2022-02-21 01:18:48,623] {processor.py:654} INFO - DAG(s) dict_keys(['latest_only_with_trigger']) retrieved from /home/airflow/.local/lib/python3.7/site-packages/airflow/example_dags/example_latest_only_with_trigger.py
[2022-02-21 01:18:48,639] {logging_mixin.py:109} INFO - [2022-02-21 01:18:48,639] {dag.py:2396} INFO - Sync 1 DAGs
[2022-02-21 01:18:48,670] {logging_mixin.py:109} INFO - [2022-02-21 01:18:48,670] {dag.py:2935} INFO - Setting next_dagrun for latest_only_with_trigger to 2022-02-20T21:18:48.670192+00:00
[2022-02-21 01:18:48,685] {processor.py:171} INFO - Processing /home/airflow/.local/lib/python3.7/site-packages/airflow/example_dags/example_latest_only_with_trigger.py took 0.122 seconds
[2022-02-21 01:19:18,724] {processor.py:163} INFO - Started process (PID=2469) to work on /home/airflow/.local/lib/python3.7/site-packages/airflow/example_dags/example_latest_only_with_trigger.py
[2022-02-21 01:19:18,725] {processor.py:642} INFO - Processing file /home/airflow/.local/lib/python3.7/site-packages/airflow/example_dags/example_latest_only_with_trigger.py for tasks to queue
[2022-02-21 01:19:18,725] {logging_mixin.py:109} INFO - [2022-02-21 01:19:18,725] {dagbag.py:500} INFO - Filling up the DagBag from /home/airflow/.local/lib/python3.7/site-packages/airflow/example_dags/example_latest_only_with_trigger.py
[2022-02-21 01:19:18,749] {processor.py:654} INFO - DAG(s) dict_keys(['latest_only_with_trigger']) retrieved from /home/airflow/.local/lib/python3.7/site-packages/airflow/example_dags/example_latest_only_with_trigger.py
[2022-02-21 01:19:18,758] {logging_mixin.py:109} INFO - [2022-02-21 01:19:18,758] {dag.py:2396} INFO - Sync 1 DAGs
[2022-02-21 01:19:18,771] {logging_mixin.py:109} INFO - [2022-02-21 01:19:18,771] {dag.py:2935} INFO - Setting next_dagrun for latest_only_with_trigger to 2022-02-20T21:19:18.771479+00:00
[2022-02-21 01:19:18,781] {processor.py:171} INFO - Processing /home/airflow/.local/lib/python3.7/site-packages/airflow/example_dags/example_latest_only_with_trigger.py took 0.060 seconds
[2022-02-21 01:19:48,911] {processor.py:163} INFO - Started process (PID=2519) to work on /home/airflow/.local/lib/python3.7/site-packages/airflow/example_dags/example_latest_only_with_trigger.py
[2022-02-21 01:19:48,916] {processor.py:642} INFO - Processing file /home/airflow/.local/lib/python3.7/site-packages/airflow/example_dags/example_latest_only_with_trigger.py for tasks to queue
[2022-02-21 01:19:48,917] {logging_mixin.py:109} INFO - [2022-02-21 01:19:48,917] {dagbag.py:500} INFO - Filling up the DagBag from /home/airflow/.local/lib/python3.7/site-packages/airflow/example_dags/example_latest_only_with_trigger.py
[2022-02-21 01:19:48,945] {processor.py:654} INFO - DAG(s) dict_keys(['latest_only_with_trigger']) retrieved from /home/airflow/.local/lib/python3.7/site-packages/airflow/example_dags/example_latest_only_with_trigger.py
[2022-02-21 01:19:48,955] {logging_mixin.py:109} INFO - [2022-02-21 01:19:48,955] {dag.py:2396} INFO - Sync 1 DAGs
[2022-02-21 01:19:48,971] {logging_mixin.py:109} INFO - [2022-02-21 01:19:48,971] {dag.py:2935} INFO - Setting next_dagrun for latest_only_with_trigger to 2022-02-20T21:19:48.971421+00:00
[2022-02-21 01:19:48,982] {processor.py:171} INFO - Processing /home/airflow/.local/lib/python3.7/site-packages/airflow/example_dags/example_latest_only_with_trigger.py took 0.075 seconds
[2022-02-21 01:20:19,197] {processor.py:163} INFO - Started process (PID=2569) to work on /home/airflow/.local/lib/python3.7/site-packages/airflow/example_dags/example_latest_only_with_trigger.py
[2022-02-21 01:20:19,201] {processor.py:642} INFO - Processing file /home/airflow/.local/lib/python3.7/site-packages/airflow/example_dags/example_latest_only_with_trigger.py for tasks to queue
[2022-02-21 01:20:19,202] {logging_mixin.py:109} INFO - [2022-02-21 01:20:19,202] {dagbag.py:500} INFO - Filling up the DagBag from /home/airflow/.local/lib/python3.7/site-packages/airflow/example_dags/example_latest_only_with_trigger.py
[2022-02-21 01:20:19,277] {processor.py:654} INFO - DAG(s) dict_keys(['latest_only_with_trigger']) retrieved from /home/airflow/.local/lib/python3.7/site-packages/airflow/example_dags/example_latest_only_with_trigger.py
[2022-02-21 01:20:19,309] {logging_mixin.py:109} INFO - [2022-02-21 01:20:19,309] {dag.py:2396} INFO - Sync 1 DAGs
[2022-02-21 01:20:19,353] {logging_mixin.py:109} INFO - [2022-02-21 01:20:19,353] {dag.py:2935} INFO - Setting next_dagrun for latest_only_with_trigger to 2022-02-20T21:20:19.352465+00:00
[2022-02-21 01:20:19,378] {processor.py:171} INFO - Processing /home/airflow/.local/lib/python3.7/site-packages/airflow/example_dags/example_latest_only_with_trigger.py took 0.192 seconds
[2022-02-21 01:20:49,443] {processor.py:163} INFO - Started process (PID=2619) to work on /home/airflow/.local/lib/python3.7/site-packages/airflow/example_dags/example_latest_only_with_trigger.py
[2022-02-21 01:20:49,446] {processor.py:642} INFO - Processing file /home/airflow/.local/lib/python3.7/site-packages/airflow/example_dags/example_latest_only_with_trigger.py for tasks to queue
[2022-02-21 01:20:49,447] {logging_mixin.py:109} INFO - [2022-02-21 01:20:49,447] {dagbag.py:500} INFO - Filling up the DagBag from /home/airflow/.local/lib/python3.7/site-packages/airflow/example_dags/example_latest_only_with_trigger.py
[2022-02-21 01:20:49,478] {processor.py:654} INFO - DAG(s) dict_keys(['latest_only_with_trigger']) retrieved from /home/airflow/.local/lib/python3.7/site-packages/airflow/example_dags/example_latest_only_with_trigger.py
[2022-02-21 01:20:49,491] {logging_mixin.py:109} INFO - [2022-02-21 01:20:49,490] {dag.py:2396} INFO - Sync 1 DAGs
[2022-02-21 01:20:49,509] {logging_mixin.py:109} INFO - [2022-02-21 01:20:49,509] {dag.py:2935} INFO - Setting next_dagrun for latest_only_with_trigger to 2022-02-20T21:20:49.509288+00:00
[2022-02-21 01:20:49,522] {processor.py:171} INFO - Processing /home/airflow/.local/lib/python3.7/site-packages/airflow/example_dags/example_latest_only_with_trigger.py took 0.082 seconds
[2022-02-21 01:21:19,817] {processor.py:163} INFO - Started process (PID=2676) to work on /home/airflow/.local/lib/python3.7/site-packages/airflow/example_dags/example_latest_only_with_trigger.py
[2022-02-21 01:21:19,818] {processor.py:642} INFO - Processing file /home/airflow/.local/lib/python3.7/site-packages/airflow/example_dags/example_latest_only_with_trigger.py for tasks to queue
[2022-02-21 01:21:19,819] {logging_mixin.py:109} INFO - [2022-02-21 01:21:19,819] {dagbag.py:500} INFO - Filling up the DagBag from /home/airflow/.local/lib/python3.7/site-packages/airflow/example_dags/example_latest_only_with_trigger.py
[2022-02-21 01:21:19,860] {processor.py:654} INFO - DAG(s) dict_keys(['latest_only_with_trigger']) retrieved from /home/airflow/.local/lib/python3.7/site-packages/airflow/example_dags/example_latest_only_with_trigger.py
[2022-02-21 01:21:19,875] {logging_mixin.py:109} INFO - [2022-02-21 01:21:19,875] {dag.py:2396} INFO - Sync 1 DAGs
[2022-02-21 01:21:19,899] {logging_mixin.py:109} INFO - [2022-02-21 01:21:19,899] {dag.py:2935} INFO - Setting next_dagrun for latest_only_with_trigger to 2022-02-20T21:21:19.898947+00:00
[2022-02-21 01:21:19,917] {processor.py:171} INFO - Processing /home/airflow/.local/lib/python3.7/site-packages/airflow/example_dags/example_latest_only_with_trigger.py took 0.105 seconds
