[2022-02-21 00:58:24,186] {processor.py:163} INFO - Started process (PID=169) to work on /home/airflow/.local/lib/python3.7/site-packages/airflow/example_dags/tutorial.py
[2022-02-21 00:58:24,188] {processor.py:642} INFO - Processing file /home/airflow/.local/lib/python3.7/site-packages/airflow/example_dags/tutorial.py for tasks to queue
[2022-02-21 00:58:24,189] {logging_mixin.py:109} INFO - [2022-02-21 00:58:24,189] {dagbag.py:500} INFO - Filling up the DagBag from /home/airflow/.local/lib/python3.7/site-packages/airflow/example_dags/tutorial.py
[2022-02-21 00:58:24,263] {processor.py:654} INFO - DAG(s) dict_keys(['tutorial']) retrieved from /home/airflow/.local/lib/python3.7/site-packages/airflow/example_dags/tutorial.py
[2022-02-21 00:58:28,586] {logging_mixin.py:109} INFO - [2022-02-21 00:58:28,585] {manager.py:496} INFO - Created Permission View: can edit on DAG:tutorial
[2022-02-21 00:58:28,618] {logging_mixin.py:109} INFO - [2022-02-21 00:58:28,618] {manager.py:496} INFO - Created Permission View: can read on DAG:tutorial
[2022-02-21 00:58:28,619] {logging_mixin.py:109} INFO - [2022-02-21 00:58:28,618] {dag.py:2396} INFO - Sync 1 DAGs
[2022-02-21 00:58:28,637] {logging_mixin.py:109} INFO - [2022-02-21 00:58:28,636] {dag.py:2415} INFO - Creating ORM DAG for tutorial
[2022-02-21 00:58:28,657] {logging_mixin.py:109} INFO - [2022-02-21 00:58:28,656] {dag.py:2935} INFO - Setting next_dagrun for tutorial to 2022-02-20T00:58:28.656404+00:00
[2022-02-21 00:58:28,696] {processor.py:171} INFO - Processing /home/airflow/.local/lib/python3.7/site-packages/airflow/example_dags/tutorial.py took 4.520 seconds
[2022-02-21 00:59:06,711] {processor.py:163} INFO - Started process (PID=380) to work on /home/airflow/.local/lib/python3.7/site-packages/airflow/example_dags/tutorial.py
[2022-02-21 00:59:06,713] {processor.py:642} INFO - Processing file /home/airflow/.local/lib/python3.7/site-packages/airflow/example_dags/tutorial.py for tasks to queue
[2022-02-21 00:59:06,714] {logging_mixin.py:109} INFO - [2022-02-21 00:59:06,714] {dagbag.py:500} INFO - Filling up the DagBag from /home/airflow/.local/lib/python3.7/site-packages/airflow/example_dags/tutorial.py
[2022-02-21 00:59:06,761] {processor.py:654} INFO - DAG(s) dict_keys(['tutorial']) retrieved from /home/airflow/.local/lib/python3.7/site-packages/airflow/example_dags/tutorial.py
[2022-02-21 00:59:06,774] {logging_mixin.py:109} INFO - [2022-02-21 00:59:06,774] {dag.py:2396} INFO - Sync 1 DAGs
[2022-02-21 00:59:06,796] {logging_mixin.py:109} INFO - [2022-02-21 00:59:06,796] {dag.py:2935} INFO - Setting next_dagrun for tutorial to 2022-02-20T00:59:06.796134+00:00
[2022-02-21 00:59:06,810] {processor.py:171} INFO - Processing /home/airflow/.local/lib/python3.7/site-packages/airflow/example_dags/tutorial.py took 0.103 seconds
[2022-02-21 00:59:40,348] {processor.py:163} INFO - Started process (PID=442) to work on /home/airflow/.local/lib/python3.7/site-packages/airflow/example_dags/tutorial.py
[2022-02-21 00:59:40,353] {processor.py:642} INFO - Processing file /home/airflow/.local/lib/python3.7/site-packages/airflow/example_dags/tutorial.py for tasks to queue
[2022-02-21 00:59:40,355] {logging_mixin.py:109} INFO - [2022-02-21 00:59:40,354] {dagbag.py:500} INFO - Filling up the DagBag from /home/airflow/.local/lib/python3.7/site-packages/airflow/example_dags/tutorial.py
[2022-02-21 00:59:40,437] {processor.py:654} INFO - DAG(s) dict_keys(['tutorial']) retrieved from /home/airflow/.local/lib/python3.7/site-packages/airflow/example_dags/tutorial.py
[2022-02-21 00:59:40,464] {logging_mixin.py:109} INFO - [2022-02-21 00:59:40,463] {dag.py:2396} INFO - Sync 1 DAGs
[2022-02-21 00:59:40,510] {logging_mixin.py:109} INFO - [2022-02-21 00:59:40,510] {dag.py:2935} INFO - Setting next_dagrun for tutorial to 2022-02-20T00:59:40.509693+00:00
[2022-02-21 00:59:40,537] {processor.py:171} INFO - Processing /home/airflow/.local/lib/python3.7/site-packages/airflow/example_dags/tutorial.py took 0.198 seconds
[2022-02-21 01:00:11,135] {processor.py:163} INFO - Started process (PID=492) to work on /home/airflow/.local/lib/python3.7/site-packages/airflow/example_dags/tutorial.py
[2022-02-21 01:00:11,137] {processor.py:642} INFO - Processing file /home/airflow/.local/lib/python3.7/site-packages/airflow/example_dags/tutorial.py for tasks to queue
[2022-02-21 01:00:11,139] {logging_mixin.py:109} INFO - [2022-02-21 01:00:11,139] {dagbag.py:500} INFO - Filling up the DagBag from /home/airflow/.local/lib/python3.7/site-packages/airflow/example_dags/tutorial.py
[2022-02-21 01:00:11,232] {processor.py:654} INFO - DAG(s) dict_keys(['tutorial']) retrieved from /home/airflow/.local/lib/python3.7/site-packages/airflow/example_dags/tutorial.py
[2022-02-21 01:00:11,259] {logging_mixin.py:109} INFO - [2022-02-21 01:00:11,259] {dag.py:2396} INFO - Sync 1 DAGs
[2022-02-21 01:00:11,297] {logging_mixin.py:109} INFO - [2022-02-21 01:00:11,297] {dag.py:2935} INFO - Setting next_dagrun for tutorial to 2022-02-20T01:00:11.296617+00:00
[2022-02-21 01:00:11,313] {processor.py:171} INFO - Processing /home/airflow/.local/lib/python3.7/site-packages/airflow/example_dags/tutorial.py took 0.185 seconds
[2022-02-21 01:00:41,731] {processor.py:163} INFO - Started process (PID=542) to work on /home/airflow/.local/lib/python3.7/site-packages/airflow/example_dags/tutorial.py
[2022-02-21 01:00:41,828] {processor.py:642} INFO - Processing file /home/airflow/.local/lib/python3.7/site-packages/airflow/example_dags/tutorial.py for tasks to queue
[2022-02-21 01:00:41,829] {logging_mixin.py:109} INFO - [2022-02-21 01:00:41,828] {dagbag.py:500} INFO - Filling up the DagBag from /home/airflow/.local/lib/python3.7/site-packages/airflow/example_dags/tutorial.py
[2022-02-21 01:00:41,859] {processor.py:654} INFO - DAG(s) dict_keys(['tutorial']) retrieved from /home/airflow/.local/lib/python3.7/site-packages/airflow/example_dags/tutorial.py
[2022-02-21 01:00:41,867] {logging_mixin.py:109} INFO - [2022-02-21 01:00:41,867] {dag.py:2396} INFO - Sync 1 DAGs
[2022-02-21 01:00:41,880] {logging_mixin.py:109} INFO - [2022-02-21 01:00:41,880] {dag.py:2935} INFO - Setting next_dagrun for tutorial to 2022-02-20T01:00:41.880143+00:00
[2022-02-21 01:00:42,113] {processor.py:171} INFO - Processing /home/airflow/.local/lib/python3.7/site-packages/airflow/example_dags/tutorial.py took 0.384 seconds
[2022-02-21 01:01:12,324] {processor.py:163} INFO - Started process (PID=593) to work on /home/airflow/.local/lib/python3.7/site-packages/airflow/example_dags/tutorial.py
[2022-02-21 01:01:12,325] {processor.py:642} INFO - Processing file /home/airflow/.local/lib/python3.7/site-packages/airflow/example_dags/tutorial.py for tasks to queue
[2022-02-21 01:01:12,325] {logging_mixin.py:109} INFO - [2022-02-21 01:01:12,325] {dagbag.py:500} INFO - Filling up the DagBag from /home/airflow/.local/lib/python3.7/site-packages/airflow/example_dags/tutorial.py
[2022-02-21 01:01:12,354] {processor.py:654} INFO - DAG(s) dict_keys(['tutorial']) retrieved from /home/airflow/.local/lib/python3.7/site-packages/airflow/example_dags/tutorial.py
[2022-02-21 01:01:12,364] {logging_mixin.py:109} INFO - [2022-02-21 01:01:12,364] {dag.py:2396} INFO - Sync 1 DAGs
[2022-02-21 01:01:12,383] {logging_mixin.py:109} INFO - [2022-02-21 01:01:12,382] {dag.py:2935} INFO - Setting next_dagrun for tutorial to 2022-02-20T01:01:12.382555+00:00
[2022-02-21 01:01:12,394] {processor.py:171} INFO - Processing /home/airflow/.local/lib/python3.7/site-packages/airflow/example_dags/tutorial.py took 0.073 seconds
[2022-02-21 01:01:42,469] {processor.py:163} INFO - Started process (PID=653) to work on /home/airflow/.local/lib/python3.7/site-packages/airflow/example_dags/tutorial.py
[2022-02-21 01:01:42,471] {processor.py:642} INFO - Processing file /home/airflow/.local/lib/python3.7/site-packages/airflow/example_dags/tutorial.py for tasks to queue
[2022-02-21 01:01:42,472] {logging_mixin.py:109} INFO - [2022-02-21 01:01:42,472] {dagbag.py:500} INFO - Filling up the DagBag from /home/airflow/.local/lib/python3.7/site-packages/airflow/example_dags/tutorial.py
[2022-02-21 01:01:42,515] {processor.py:654} INFO - DAG(s) dict_keys(['tutorial']) retrieved from /home/airflow/.local/lib/python3.7/site-packages/airflow/example_dags/tutorial.py
[2022-02-21 01:01:42,529] {logging_mixin.py:109} INFO - [2022-02-21 01:01:42,529] {dag.py:2396} INFO - Sync 1 DAGs
[2022-02-21 01:01:42,550] {logging_mixin.py:109} INFO - [2022-02-21 01:01:42,550] {dag.py:2935} INFO - Setting next_dagrun for tutorial to 2022-02-20T01:01:42.549903+00:00
[2022-02-21 01:01:42,563] {processor.py:171} INFO - Processing /home/airflow/.local/lib/python3.7/site-packages/airflow/example_dags/tutorial.py took 0.098 seconds
[2022-02-21 01:02:12,607] {processor.py:163} INFO - Started process (PID=703) to work on /home/airflow/.local/lib/python3.7/site-packages/airflow/example_dags/tutorial.py
[2022-02-21 01:02:12,608] {processor.py:642} INFO - Processing file /home/airflow/.local/lib/python3.7/site-packages/airflow/example_dags/tutorial.py for tasks to queue
[2022-02-21 01:02:12,609] {logging_mixin.py:109} INFO - [2022-02-21 01:02:12,609] {dagbag.py:500} INFO - Filling up the DagBag from /home/airflow/.local/lib/python3.7/site-packages/airflow/example_dags/tutorial.py
[2022-02-21 01:02:12,636] {processor.py:654} INFO - DAG(s) dict_keys(['tutorial']) retrieved from /home/airflow/.local/lib/python3.7/site-packages/airflow/example_dags/tutorial.py
[2022-02-21 01:02:12,644] {logging_mixin.py:109} INFO - [2022-02-21 01:02:12,644] {dag.py:2396} INFO - Sync 1 DAGs
[2022-02-21 01:02:12,657] {logging_mixin.py:109} INFO - [2022-02-21 01:02:12,657] {dag.py:2935} INFO - Setting next_dagrun for tutorial to 2022-02-20T01:02:12.656804+00:00
[2022-02-21 01:02:12,667] {processor.py:171} INFO - Processing /home/airflow/.local/lib/python3.7/site-packages/airflow/example_dags/tutorial.py took 0.063 seconds
[2022-02-21 01:02:43,115] {processor.py:163} INFO - Started process (PID=754) to work on /home/airflow/.local/lib/python3.7/site-packages/airflow/example_dags/tutorial.py
[2022-02-21 01:02:43,116] {processor.py:642} INFO - Processing file /home/airflow/.local/lib/python3.7/site-packages/airflow/example_dags/tutorial.py for tasks to queue
[2022-02-21 01:02:43,117] {logging_mixin.py:109} INFO - [2022-02-21 01:02:43,117] {dagbag.py:500} INFO - Filling up the DagBag from /home/airflow/.local/lib/python3.7/site-packages/airflow/example_dags/tutorial.py
[2022-02-21 01:02:43,163] {processor.py:654} INFO - DAG(s) dict_keys(['tutorial']) retrieved from /home/airflow/.local/lib/python3.7/site-packages/airflow/example_dags/tutorial.py
[2022-02-21 01:02:43,182] {logging_mixin.py:109} INFO - [2022-02-21 01:02:43,182] {dag.py:2396} INFO - Sync 1 DAGs
[2022-02-21 01:02:43,205] {logging_mixin.py:109} INFO - [2022-02-21 01:02:43,205] {dag.py:2935} INFO - Setting next_dagrun for tutorial to 2022-02-20T01:02:43.205139+00:00
[2022-02-21 01:02:43,217] {processor.py:171} INFO - Processing /home/airflow/.local/lib/python3.7/site-packages/airflow/example_dags/tutorial.py took 0.108 seconds
[2022-02-21 01:03:13,385] {processor.py:163} INFO - Started process (PID=814) to work on /home/airflow/.local/lib/python3.7/site-packages/airflow/example_dags/tutorial.py
[2022-02-21 01:03:13,386] {processor.py:642} INFO - Processing file /home/airflow/.local/lib/python3.7/site-packages/airflow/example_dags/tutorial.py for tasks to queue
[2022-02-21 01:03:13,386] {logging_mixin.py:109} INFO - [2022-02-21 01:03:13,386] {dagbag.py:500} INFO - Filling up the DagBag from /home/airflow/.local/lib/python3.7/site-packages/airflow/example_dags/tutorial.py
[2022-02-21 01:03:13,423] {processor.py:654} INFO - DAG(s) dict_keys(['tutorial']) retrieved from /home/airflow/.local/lib/python3.7/site-packages/airflow/example_dags/tutorial.py
[2022-02-21 01:03:13,433] {logging_mixin.py:109} INFO - [2022-02-21 01:03:13,433] {dag.py:2396} INFO - Sync 1 DAGs
[2022-02-21 01:03:13,452] {logging_mixin.py:109} INFO - [2022-02-21 01:03:13,452] {dag.py:2935} INFO - Setting next_dagrun for tutorial to 2022-02-20T01:03:13.451683+00:00
[2022-02-21 01:03:13,465] {processor.py:171} INFO - Processing /home/airflow/.local/lib/python3.7/site-packages/airflow/example_dags/tutorial.py took 0.083 seconds
[2022-02-21 01:03:43,549] {processor.py:163} INFO - Started process (PID=865) to work on /home/airflow/.local/lib/python3.7/site-packages/airflow/example_dags/tutorial.py
[2022-02-21 01:03:43,550] {processor.py:642} INFO - Processing file /home/airflow/.local/lib/python3.7/site-packages/airflow/example_dags/tutorial.py for tasks to queue
[2022-02-21 01:03:43,551] {logging_mixin.py:109} INFO - [2022-02-21 01:03:43,551] {dagbag.py:500} INFO - Filling up the DagBag from /home/airflow/.local/lib/python3.7/site-packages/airflow/example_dags/tutorial.py
[2022-02-21 01:03:43,576] {processor.py:654} INFO - DAG(s) dict_keys(['tutorial']) retrieved from /home/airflow/.local/lib/python3.7/site-packages/airflow/example_dags/tutorial.py
[2022-02-21 01:03:43,584] {logging_mixin.py:109} INFO - [2022-02-21 01:03:43,584] {dag.py:2396} INFO - Sync 1 DAGs
[2022-02-21 01:03:43,597] {logging_mixin.py:109} INFO - [2022-02-21 01:03:43,597] {dag.py:2935} INFO - Setting next_dagrun for tutorial to 2022-02-20T01:03:43.597532+00:00
[2022-02-21 01:03:43,606] {processor.py:171} INFO - Processing /home/airflow/.local/lib/python3.7/site-packages/airflow/example_dags/tutorial.py took 0.060 seconds
[2022-02-21 01:04:13,769] {processor.py:163} INFO - Started process (PID=916) to work on /home/airflow/.local/lib/python3.7/site-packages/airflow/example_dags/tutorial.py
[2022-02-21 01:04:13,771] {processor.py:642} INFO - Processing file /home/airflow/.local/lib/python3.7/site-packages/airflow/example_dags/tutorial.py for tasks to queue
[2022-02-21 01:04:13,772] {logging_mixin.py:109} INFO - [2022-02-21 01:04:13,772] {dagbag.py:500} INFO - Filling up the DagBag from /home/airflow/.local/lib/python3.7/site-packages/airflow/example_dags/tutorial.py
[2022-02-21 01:04:13,809] {processor.py:654} INFO - DAG(s) dict_keys(['tutorial']) retrieved from /home/airflow/.local/lib/python3.7/site-packages/airflow/example_dags/tutorial.py
[2022-02-21 01:04:13,822] {logging_mixin.py:109} INFO - [2022-02-21 01:04:13,822] {dag.py:2396} INFO - Sync 1 DAGs
[2022-02-21 01:04:13,842] {logging_mixin.py:109} INFO - [2022-02-21 01:04:13,841] {dag.py:2935} INFO - Setting next_dagrun for tutorial to 2022-02-20T01:04:13.841622+00:00
[2022-02-21 01:04:13,855] {processor.py:171} INFO - Processing /home/airflow/.local/lib/python3.7/site-packages/airflow/example_dags/tutorial.py took 0.089 seconds
[2022-02-21 01:04:44,169] {processor.py:163} INFO - Started process (PID=967) to work on /home/airflow/.local/lib/python3.7/site-packages/airflow/example_dags/tutorial.py
[2022-02-21 01:04:44,171] {processor.py:642} INFO - Processing file /home/airflow/.local/lib/python3.7/site-packages/airflow/example_dags/tutorial.py for tasks to queue
[2022-02-21 01:04:44,171] {logging_mixin.py:109} INFO - [2022-02-21 01:04:44,171] {dagbag.py:500} INFO - Filling up the DagBag from /home/airflow/.local/lib/python3.7/site-packages/airflow/example_dags/tutorial.py
[2022-02-21 01:04:44,200] {processor.py:654} INFO - DAG(s) dict_keys(['tutorial']) retrieved from /home/airflow/.local/lib/python3.7/site-packages/airflow/example_dags/tutorial.py
[2022-02-21 01:04:44,210] {logging_mixin.py:109} INFO - [2022-02-21 01:04:44,210] {dag.py:2396} INFO - Sync 1 DAGs
[2022-02-21 01:04:44,225] {logging_mixin.py:109} INFO - [2022-02-21 01:04:44,225] {dag.py:2935} INFO - Setting next_dagrun for tutorial to 2022-02-20T01:04:44.225414+00:00
[2022-02-21 01:04:44,236] {processor.py:171} INFO - Processing /home/airflow/.local/lib/python3.7/site-packages/airflow/example_dags/tutorial.py took 0.070 seconds
[2022-02-21 01:05:14,654] {processor.py:163} INFO - Started process (PID=1018) to work on /home/airflow/.local/lib/python3.7/site-packages/airflow/example_dags/tutorial.py
[2022-02-21 01:05:14,655] {processor.py:642} INFO - Processing file /home/airflow/.local/lib/python3.7/site-packages/airflow/example_dags/tutorial.py for tasks to queue
[2022-02-21 01:05:14,656] {logging_mixin.py:109} INFO - [2022-02-21 01:05:14,656] {dagbag.py:500} INFO - Filling up the DagBag from /home/airflow/.local/lib/python3.7/site-packages/airflow/example_dags/tutorial.py
[2022-02-21 01:05:14,688] {processor.py:654} INFO - DAG(s) dict_keys(['tutorial']) retrieved from /home/airflow/.local/lib/python3.7/site-packages/airflow/example_dags/tutorial.py
[2022-02-21 01:05:14,701] {logging_mixin.py:109} INFO - [2022-02-21 01:05:14,700] {dag.py:2396} INFO - Sync 1 DAGs
[2022-02-21 01:05:14,719] {logging_mixin.py:109} INFO - [2022-02-21 01:05:14,719] {dag.py:2935} INFO - Setting next_dagrun for tutorial to 2022-02-20T01:05:14.719411+00:00
[2022-02-21 01:05:14,731] {processor.py:171} INFO - Processing /home/airflow/.local/lib/python3.7/site-packages/airflow/example_dags/tutorial.py took 0.080 seconds
[2022-02-21 01:05:44,928] {processor.py:163} INFO - Started process (PID=1077) to work on /home/airflow/.local/lib/python3.7/site-packages/airflow/example_dags/tutorial.py
[2022-02-21 01:05:44,930] {processor.py:642} INFO - Processing file /home/airflow/.local/lib/python3.7/site-packages/airflow/example_dags/tutorial.py for tasks to queue
[2022-02-21 01:05:44,931] {logging_mixin.py:109} INFO - [2022-02-21 01:05:44,931] {dagbag.py:500} INFO - Filling up the DagBag from /home/airflow/.local/lib/python3.7/site-packages/airflow/example_dags/tutorial.py
[2022-02-21 01:05:44,978] {processor.py:654} INFO - DAG(s) dict_keys(['tutorial']) retrieved from /home/airflow/.local/lib/python3.7/site-packages/airflow/example_dags/tutorial.py
[2022-02-21 01:05:44,992] {logging_mixin.py:109} INFO - [2022-02-21 01:05:44,992] {dag.py:2396} INFO - Sync 1 DAGs
[2022-02-21 01:05:45,016] {logging_mixin.py:109} INFO - [2022-02-21 01:05:45,016] {dag.py:2935} INFO - Setting next_dagrun for tutorial to 2022-02-20T01:05:45.016007+00:00
[2022-02-21 01:05:45,031] {processor.py:171} INFO - Processing /home/airflow/.local/lib/python3.7/site-packages/airflow/example_dags/tutorial.py took 0.106 seconds
[2022-02-21 01:06:15,304] {processor.py:163} INFO - Started process (PID=1127) to work on /home/airflow/.local/lib/python3.7/site-packages/airflow/example_dags/tutorial.py
[2022-02-21 01:06:15,305] {processor.py:642} INFO - Processing file /home/airflow/.local/lib/python3.7/site-packages/airflow/example_dags/tutorial.py for tasks to queue
[2022-02-21 01:06:15,305] {logging_mixin.py:109} INFO - [2022-02-21 01:06:15,305] {dagbag.py:500} INFO - Filling up the DagBag from /home/airflow/.local/lib/python3.7/site-packages/airflow/example_dags/tutorial.py
[2022-02-21 01:06:15,331] {processor.py:654} INFO - DAG(s) dict_keys(['tutorial']) retrieved from /home/airflow/.local/lib/python3.7/site-packages/airflow/example_dags/tutorial.py
[2022-02-21 01:06:15,340] {logging_mixin.py:109} INFO - [2022-02-21 01:06:15,340] {dag.py:2396} INFO - Sync 1 DAGs
[2022-02-21 01:06:15,353] {logging_mixin.py:109} INFO - [2022-02-21 01:06:15,353] {dag.py:2935} INFO - Setting next_dagrun for tutorial to 2022-02-20T01:06:15.353178+00:00
[2022-02-21 01:06:15,363] {processor.py:171} INFO - Processing /home/airflow/.local/lib/python3.7/site-packages/airflow/example_dags/tutorial.py took 0.062 seconds
[2022-02-21 01:06:45,848] {processor.py:163} INFO - Started process (PID=1178) to work on /home/airflow/.local/lib/python3.7/site-packages/airflow/example_dags/tutorial.py
[2022-02-21 01:06:45,850] {processor.py:642} INFO - Processing file /home/airflow/.local/lib/python3.7/site-packages/airflow/example_dags/tutorial.py for tasks to queue
[2022-02-21 01:06:45,851] {logging_mixin.py:109} INFO - [2022-02-21 01:06:45,851] {dagbag.py:500} INFO - Filling up the DagBag from /home/airflow/.local/lib/python3.7/site-packages/airflow/example_dags/tutorial.py
[2022-02-21 01:06:45,902] {processor.py:654} INFO - DAG(s) dict_keys(['tutorial']) retrieved from /home/airflow/.local/lib/python3.7/site-packages/airflow/example_dags/tutorial.py
[2022-02-21 01:06:45,920] {logging_mixin.py:109} INFO - [2022-02-21 01:06:45,920] {dag.py:2396} INFO - Sync 1 DAGs
[2022-02-21 01:06:45,946] {logging_mixin.py:109} INFO - [2022-02-21 01:06:45,946] {dag.py:2935} INFO - Setting next_dagrun for tutorial to 2022-02-20T01:06:45.946161+00:00
[2022-02-21 01:06:45,964] {processor.py:171} INFO - Processing /home/airflow/.local/lib/python3.7/site-packages/airflow/example_dags/tutorial.py took 0.121 seconds
[2022-02-21 01:07:16,025] {processor.py:163} INFO - Started process (PID=1229) to work on /home/airflow/.local/lib/python3.7/site-packages/airflow/example_dags/tutorial.py
[2022-02-21 01:07:16,026] {processor.py:642} INFO - Processing file /home/airflow/.local/lib/python3.7/site-packages/airflow/example_dags/tutorial.py for tasks to queue
[2022-02-21 01:07:16,027] {logging_mixin.py:109} INFO - [2022-02-21 01:07:16,027] {dagbag.py:500} INFO - Filling up the DagBag from /home/airflow/.local/lib/python3.7/site-packages/airflow/example_dags/tutorial.py
[2022-02-21 01:07:16,059] {processor.py:654} INFO - DAG(s) dict_keys(['tutorial']) retrieved from /home/airflow/.local/lib/python3.7/site-packages/airflow/example_dags/tutorial.py
[2022-02-21 01:07:16,070] {logging_mixin.py:109} INFO - [2022-02-21 01:07:16,069] {dag.py:2396} INFO - Sync 1 DAGs
[2022-02-21 01:07:16,087] {logging_mixin.py:109} INFO - [2022-02-21 01:07:16,087] {dag.py:2935} INFO - Setting next_dagrun for tutorial to 2022-02-20T01:07:16.087077+00:00
[2022-02-21 01:07:16,099] {processor.py:171} INFO - Processing /home/airflow/.local/lib/python3.7/site-packages/airflow/example_dags/tutorial.py took 0.078 seconds
[2022-02-21 01:07:46,531] {processor.py:163} INFO - Started process (PID=1279) to work on /home/airflow/.local/lib/python3.7/site-packages/airflow/example_dags/tutorial.py
[2022-02-21 01:07:46,533] {processor.py:642} INFO - Processing file /home/airflow/.local/lib/python3.7/site-packages/airflow/example_dags/tutorial.py for tasks to queue
[2022-02-21 01:07:46,534] {logging_mixin.py:109} INFO - [2022-02-21 01:07:46,534] {dagbag.py:500} INFO - Filling up the DagBag from /home/airflow/.local/lib/python3.7/site-packages/airflow/example_dags/tutorial.py
[2022-02-21 01:07:46,578] {processor.py:654} INFO - DAG(s) dict_keys(['tutorial']) retrieved from /home/airflow/.local/lib/python3.7/site-packages/airflow/example_dags/tutorial.py
[2022-02-21 01:07:46,595] {logging_mixin.py:109} INFO - [2022-02-21 01:07:46,595] {dag.py:2396} INFO - Sync 1 DAGs
[2022-02-21 01:07:46,624] {logging_mixin.py:109} INFO - [2022-02-21 01:07:46,623] {dag.py:2935} INFO - Setting next_dagrun for tutorial to 2022-02-20T01:07:46.623188+00:00
[2022-02-21 01:07:46,639] {processor.py:171} INFO - Processing /home/airflow/.local/lib/python3.7/site-packages/airflow/example_dags/tutorial.py took 0.112 seconds
[2022-02-21 01:08:16,745] {processor.py:163} INFO - Started process (PID=1340) to work on /home/airflow/.local/lib/python3.7/site-packages/airflow/example_dags/tutorial.py
[2022-02-21 01:08:16,747] {processor.py:642} INFO - Processing file /home/airflow/.local/lib/python3.7/site-packages/airflow/example_dags/tutorial.py for tasks to queue
[2022-02-21 01:08:16,747] {logging_mixin.py:109} INFO - [2022-02-21 01:08:16,747] {dagbag.py:500} INFO - Filling up the DagBag from /home/airflow/.local/lib/python3.7/site-packages/airflow/example_dags/tutorial.py
[2022-02-21 01:08:16,779] {processor.py:654} INFO - DAG(s) dict_keys(['tutorial']) retrieved from /home/airflow/.local/lib/python3.7/site-packages/airflow/example_dags/tutorial.py
[2022-02-21 01:08:16,788] {logging_mixin.py:109} INFO - [2022-02-21 01:08:16,788] {dag.py:2396} INFO - Sync 1 DAGs
[2022-02-21 01:08:16,805] {logging_mixin.py:109} INFO - [2022-02-21 01:08:16,805] {dag.py:2935} INFO - Setting next_dagrun for tutorial to 2022-02-20T01:08:16.804999+00:00
[2022-02-21 01:08:16,816] {processor.py:171} INFO - Processing /home/airflow/.local/lib/python3.7/site-packages/airflow/example_dags/tutorial.py took 0.075 seconds
[2022-02-21 01:08:47,018] {processor.py:163} INFO - Started process (PID=1391) to work on /home/airflow/.local/lib/python3.7/site-packages/airflow/example_dags/tutorial.py
[2022-02-21 01:08:47,020] {processor.py:642} INFO - Processing file /home/airflow/.local/lib/python3.7/site-packages/airflow/example_dags/tutorial.py for tasks to queue
[2022-02-21 01:08:47,021] {logging_mixin.py:109} INFO - [2022-02-21 01:08:47,020] {dagbag.py:500} INFO - Filling up the DagBag from /home/airflow/.local/lib/python3.7/site-packages/airflow/example_dags/tutorial.py
[2022-02-21 01:08:47,056] {processor.py:654} INFO - DAG(s) dict_keys(['tutorial']) retrieved from /home/airflow/.local/lib/python3.7/site-packages/airflow/example_dags/tutorial.py
[2022-02-21 01:08:47,068] {logging_mixin.py:109} INFO - [2022-02-21 01:08:47,068] {dag.py:2396} INFO - Sync 1 DAGs
[2022-02-21 01:08:47,106] {logging_mixin.py:109} INFO - [2022-02-21 01:08:47,105] {dag.py:2935} INFO - Setting next_dagrun for tutorial to 2022-02-20T01:08:47.105616+00:00
[2022-02-21 01:08:47,120] {processor.py:171} INFO - Processing /home/airflow/.local/lib/python3.7/site-packages/airflow/example_dags/tutorial.py took 0.106 seconds
[2022-02-21 01:09:17,347] {processor.py:163} INFO - Started process (PID=1441) to work on /home/airflow/.local/lib/python3.7/site-packages/airflow/example_dags/tutorial.py
[2022-02-21 01:09:17,349] {processor.py:642} INFO - Processing file /home/airflow/.local/lib/python3.7/site-packages/airflow/example_dags/tutorial.py for tasks to queue
[2022-02-21 01:09:17,350] {logging_mixin.py:109} INFO - [2022-02-21 01:09:17,349] {dagbag.py:500} INFO - Filling up the DagBag from /home/airflow/.local/lib/python3.7/site-packages/airflow/example_dags/tutorial.py
[2022-02-21 01:09:17,391] {processor.py:654} INFO - DAG(s) dict_keys(['tutorial']) retrieved from /home/airflow/.local/lib/python3.7/site-packages/airflow/example_dags/tutorial.py
[2022-02-21 01:09:17,404] {logging_mixin.py:109} INFO - [2022-02-21 01:09:17,404] {dag.py:2396} INFO - Sync 1 DAGs
[2022-02-21 01:09:17,427] {logging_mixin.py:109} INFO - [2022-02-21 01:09:17,426] {dag.py:2935} INFO - Setting next_dagrun for tutorial to 2022-02-20T01:09:17.426450+00:00
[2022-02-21 01:09:17,439] {processor.py:171} INFO - Processing /home/airflow/.local/lib/python3.7/site-packages/airflow/example_dags/tutorial.py took 0.098 seconds
[2022-02-21 01:09:47,638] {processor.py:163} INFO - Started process (PID=1502) to work on /home/airflow/.local/lib/python3.7/site-packages/airflow/example_dags/tutorial.py
[2022-02-21 01:09:47,640] {processor.py:642} INFO - Processing file /home/airflow/.local/lib/python3.7/site-packages/airflow/example_dags/tutorial.py for tasks to queue
[2022-02-21 01:09:47,642] {logging_mixin.py:109} INFO - [2022-02-21 01:09:47,641] {dagbag.py:500} INFO - Filling up the DagBag from /home/airflow/.local/lib/python3.7/site-packages/airflow/example_dags/tutorial.py
[2022-02-21 01:09:47,696] {processor.py:654} INFO - DAG(s) dict_keys(['tutorial']) retrieved from /home/airflow/.local/lib/python3.7/site-packages/airflow/example_dags/tutorial.py
[2022-02-21 01:09:47,713] {logging_mixin.py:109} INFO - [2022-02-21 01:09:47,713] {dag.py:2396} INFO - Sync 1 DAGs
[2022-02-21 01:09:47,742] {logging_mixin.py:109} INFO - [2022-02-21 01:09:47,742] {dag.py:2935} INFO - Setting next_dagrun for tutorial to 2022-02-20T01:09:47.741676+00:00
[2022-02-21 01:09:47,761] {processor.py:171} INFO - Processing /home/airflow/.local/lib/python3.7/site-packages/airflow/example_dags/tutorial.py took 0.129 seconds
[2022-02-21 01:10:18,749] {processor.py:163} INFO - Started process (PID=1553) to work on /home/airflow/.local/lib/python3.7/site-packages/airflow/example_dags/tutorial.py
[2022-02-21 01:10:18,752] {processor.py:642} INFO - Processing file /home/airflow/.local/lib/python3.7/site-packages/airflow/example_dags/tutorial.py for tasks to queue
[2022-02-21 01:10:18,755] {logging_mixin.py:109} INFO - [2022-02-21 01:10:18,754] {dagbag.py:500} INFO - Filling up the DagBag from /home/airflow/.local/lib/python3.7/site-packages/airflow/example_dags/tutorial.py
[2022-02-21 01:10:18,875] {processor.py:654} INFO - DAG(s) dict_keys(['tutorial']) retrieved from /home/airflow/.local/lib/python3.7/site-packages/airflow/example_dags/tutorial.py
[2022-02-21 01:10:18,944] {logging_mixin.py:109} INFO - [2022-02-21 01:10:18,944] {dag.py:2396} INFO - Sync 1 DAGs
[2022-02-21 01:10:19,029] {logging_mixin.py:109} INFO - [2022-02-21 01:10:19,029] {dag.py:2935} INFO - Setting next_dagrun for tutorial to 2022-02-20T01:10:19.028087+00:00
[2022-02-21 01:10:19,306] {processor.py:171} INFO - Processing /home/airflow/.local/lib/python3.7/site-packages/airflow/example_dags/tutorial.py took 0.572 seconds
[2022-02-21 01:10:49,428] {processor.py:163} INFO - Started process (PID=1603) to work on /home/airflow/.local/lib/python3.7/site-packages/airflow/example_dags/tutorial.py
[2022-02-21 01:10:49,430] {processor.py:642} INFO - Processing file /home/airflow/.local/lib/python3.7/site-packages/airflow/example_dags/tutorial.py for tasks to queue
[2022-02-21 01:10:49,431] {logging_mixin.py:109} INFO - [2022-02-21 01:10:49,431] {dagbag.py:500} INFO - Filling up the DagBag from /home/airflow/.local/lib/python3.7/site-packages/airflow/example_dags/tutorial.py
[2022-02-21 01:10:49,476] {processor.py:654} INFO - DAG(s) dict_keys(['tutorial']) retrieved from /home/airflow/.local/lib/python3.7/site-packages/airflow/example_dags/tutorial.py
[2022-02-21 01:10:49,493] {logging_mixin.py:109} INFO - [2022-02-21 01:10:49,492] {dag.py:2396} INFO - Sync 1 DAGs
[2022-02-21 01:10:49,693] {logging_mixin.py:109} INFO - [2022-02-21 01:10:49,693] {dag.py:2935} INFO - Setting next_dagrun for tutorial to 2022-02-20T01:10:49.693215+00:00
[2022-02-21 01:10:49,718] {processor.py:171} INFO - Processing /home/airflow/.local/lib/python3.7/site-packages/airflow/example_dags/tutorial.py took 0.295 seconds
[2022-02-21 01:11:20,353] {processor.py:163} INFO - Started process (PID=1653) to work on /home/airflow/.local/lib/python3.7/site-packages/airflow/example_dags/tutorial.py
[2022-02-21 01:11:20,354] {processor.py:642} INFO - Processing file /home/airflow/.local/lib/python3.7/site-packages/airflow/example_dags/tutorial.py for tasks to queue
[2022-02-21 01:11:20,354] {logging_mixin.py:109} INFO - [2022-02-21 01:11:20,354] {dagbag.py:500} INFO - Filling up the DagBag from /home/airflow/.local/lib/python3.7/site-packages/airflow/example_dags/tutorial.py
[2022-02-21 01:11:20,393] {processor.py:654} INFO - DAG(s) dict_keys(['tutorial']) retrieved from /home/airflow/.local/lib/python3.7/site-packages/airflow/example_dags/tutorial.py
[2022-02-21 01:11:20,406] {logging_mixin.py:109} INFO - [2022-02-21 01:11:20,406] {dag.py:2396} INFO - Sync 1 DAGs
[2022-02-21 01:11:20,514] {logging_mixin.py:109} INFO - [2022-02-21 01:11:20,514] {dag.py:2935} INFO - Setting next_dagrun for tutorial to 2022-02-20T01:11:20.514307+00:00
[2022-02-21 01:11:20,525] {processor.py:171} INFO - Processing /home/airflow/.local/lib/python3.7/site-packages/airflow/example_dags/tutorial.py took 0.175 seconds
[2022-02-21 01:11:51,337] {processor.py:163} INFO - Started process (PID=1703) to work on /home/airflow/.local/lib/python3.7/site-packages/airflow/example_dags/tutorial.py
[2022-02-21 01:11:51,340] {processor.py:642} INFO - Processing file /home/airflow/.local/lib/python3.7/site-packages/airflow/example_dags/tutorial.py for tasks to queue
[2022-02-21 01:11:51,341] {logging_mixin.py:109} INFO - [2022-02-21 01:11:51,341] {dagbag.py:500} INFO - Filling up the DagBag from /home/airflow/.local/lib/python3.7/site-packages/airflow/example_dags/tutorial.py
[2022-02-21 01:11:51,401] {processor.py:654} INFO - DAG(s) dict_keys(['tutorial']) retrieved from /home/airflow/.local/lib/python3.7/site-packages/airflow/example_dags/tutorial.py
[2022-02-21 01:11:51,421] {logging_mixin.py:109} INFO - [2022-02-21 01:11:51,421] {dag.py:2396} INFO - Sync 1 DAGs
[2022-02-21 01:11:51,591] {logging_mixin.py:109} INFO - [2022-02-21 01:11:51,591] {dag.py:2935} INFO - Setting next_dagrun for tutorial to 2022-02-20T01:11:51.590654+00:00
[2022-02-21 01:11:51,612] {processor.py:171} INFO - Processing /home/airflow/.local/lib/python3.7/site-packages/airflow/example_dags/tutorial.py took 0.282 seconds
[2022-02-21 01:12:21,754] {processor.py:163} INFO - Started process (PID=1755) to work on /home/airflow/.local/lib/python3.7/site-packages/airflow/example_dags/tutorial.py
[2022-02-21 01:12:21,756] {processor.py:642} INFO - Processing file /home/airflow/.local/lib/python3.7/site-packages/airflow/example_dags/tutorial.py for tasks to queue
[2022-02-21 01:12:21,757] {logging_mixin.py:109} INFO - [2022-02-21 01:12:21,756] {dagbag.py:500} INFO - Filling up the DagBag from /home/airflow/.local/lib/python3.7/site-packages/airflow/example_dags/tutorial.py
[2022-02-21 01:12:21,808] {processor.py:654} INFO - DAG(s) dict_keys(['tutorial']) retrieved from /home/airflow/.local/lib/python3.7/site-packages/airflow/example_dags/tutorial.py
[2022-02-21 01:12:21,825] {logging_mixin.py:109} INFO - [2022-02-21 01:12:21,825] {dag.py:2396} INFO - Sync 1 DAGs
[2022-02-21 01:12:21,977] {logging_mixin.py:109} INFO - [2022-02-21 01:12:21,976] {dag.py:2935} INFO - Setting next_dagrun for tutorial to 2022-02-20T01:12:21.976530+00:00
[2022-02-21 01:12:21,995] {processor.py:171} INFO - Processing /home/airflow/.local/lib/python3.7/site-packages/airflow/example_dags/tutorial.py took 0.246 seconds
[2022-02-21 01:12:52,240] {processor.py:163} INFO - Started process (PID=1816) to work on /home/airflow/.local/lib/python3.7/site-packages/airflow/example_dags/tutorial.py
[2022-02-21 01:12:52,242] {processor.py:642} INFO - Processing file /home/airflow/.local/lib/python3.7/site-packages/airflow/example_dags/tutorial.py for tasks to queue
[2022-02-21 01:12:52,243] {logging_mixin.py:109} INFO - [2022-02-21 01:12:52,243] {dagbag.py:500} INFO - Filling up the DagBag from /home/airflow/.local/lib/python3.7/site-packages/airflow/example_dags/tutorial.py
[2022-02-21 01:12:52,400] {processor.py:654} INFO - DAG(s) dict_keys(['tutorial']) retrieved from /home/airflow/.local/lib/python3.7/site-packages/airflow/example_dags/tutorial.py
[2022-02-21 01:12:52,413] {logging_mixin.py:109} INFO - [2022-02-21 01:12:52,413] {dag.py:2396} INFO - Sync 1 DAGs
[2022-02-21 01:12:52,434] {logging_mixin.py:109} INFO - [2022-02-21 01:12:52,434] {dag.py:2935} INFO - Setting next_dagrun for tutorial to 2022-02-20T01:12:52.434392+00:00
[2022-02-21 01:12:52,448] {processor.py:171} INFO - Processing /home/airflow/.local/lib/python3.7/site-packages/airflow/example_dags/tutorial.py took 0.213 seconds
[2022-02-21 01:13:22,807] {processor.py:163} INFO - Started process (PID=1867) to work on /home/airflow/.local/lib/python3.7/site-packages/airflow/example_dags/tutorial.py
[2022-02-21 01:13:22,808] {processor.py:642} INFO - Processing file /home/airflow/.local/lib/python3.7/site-packages/airflow/example_dags/tutorial.py for tasks to queue
[2022-02-21 01:13:22,809] {logging_mixin.py:109} INFO - [2022-02-21 01:13:22,809] {dagbag.py:500} INFO - Filling up the DagBag from /home/airflow/.local/lib/python3.7/site-packages/airflow/example_dags/tutorial.py
[2022-02-21 01:13:22,925] {processor.py:654} INFO - DAG(s) dict_keys(['tutorial']) retrieved from /home/airflow/.local/lib/python3.7/site-packages/airflow/example_dags/tutorial.py
[2022-02-21 01:13:22,934] {logging_mixin.py:109} INFO - [2022-02-21 01:13:22,934] {dag.py:2396} INFO - Sync 1 DAGs
[2022-02-21 01:13:22,948] {logging_mixin.py:109} INFO - [2022-02-21 01:13:22,948] {dag.py:2935} INFO - Setting next_dagrun for tutorial to 2022-02-20T01:13:22.947882+00:00
[2022-02-21 01:13:22,957] {processor.py:171} INFO - Processing /home/airflow/.local/lib/python3.7/site-packages/airflow/example_dags/tutorial.py took 0.153 seconds
[2022-02-21 01:13:53,201] {processor.py:163} INFO - Started process (PID=1918) to work on /home/airflow/.local/lib/python3.7/site-packages/airflow/example_dags/tutorial.py
[2022-02-21 01:13:53,203] {processor.py:642} INFO - Processing file /home/airflow/.local/lib/python3.7/site-packages/airflow/example_dags/tutorial.py for tasks to queue
[2022-02-21 01:13:53,203] {logging_mixin.py:109} INFO - [2022-02-21 01:13:53,203] {dagbag.py:500} INFO - Filling up the DagBag from /home/airflow/.local/lib/python3.7/site-packages/airflow/example_dags/tutorial.py
[2022-02-21 01:13:53,336] {processor.py:654} INFO - DAG(s) dict_keys(['tutorial']) retrieved from /home/airflow/.local/lib/python3.7/site-packages/airflow/example_dags/tutorial.py
[2022-02-21 01:13:53,347] {logging_mixin.py:109} INFO - [2022-02-21 01:13:53,347] {dag.py:2396} INFO - Sync 1 DAGs
[2022-02-21 01:13:53,364] {logging_mixin.py:109} INFO - [2022-02-21 01:13:53,363] {dag.py:2935} INFO - Setting next_dagrun for tutorial to 2022-02-20T01:13:53.363695+00:00
[2022-02-21 01:13:53,376] {processor.py:171} INFO - Processing /home/airflow/.local/lib/python3.7/site-packages/airflow/example_dags/tutorial.py took 0.179 seconds
[2022-02-21 01:14:23,964] {processor.py:163} INFO - Started process (PID=1969) to work on /home/airflow/.local/lib/python3.7/site-packages/airflow/example_dags/tutorial.py
[2022-02-21 01:14:23,965] {processor.py:642} INFO - Processing file /home/airflow/.local/lib/python3.7/site-packages/airflow/example_dags/tutorial.py for tasks to queue
[2022-02-21 01:14:23,967] {logging_mixin.py:109} INFO - [2022-02-21 01:14:23,966] {dagbag.py:500} INFO - Filling up the DagBag from /home/airflow/.local/lib/python3.7/site-packages/airflow/example_dags/tutorial.py
[2022-02-21 01:14:24,135] {processor.py:654} INFO - DAG(s) dict_keys(['tutorial']) retrieved from /home/airflow/.local/lib/python3.7/site-packages/airflow/example_dags/tutorial.py
[2022-02-21 01:14:24,147] {logging_mixin.py:109} INFO - [2022-02-21 01:14:24,147] {dag.py:2396} INFO - Sync 1 DAGs
[2022-02-21 01:14:24,167] {logging_mixin.py:109} INFO - [2022-02-21 01:14:24,167] {dag.py:2935} INFO - Setting next_dagrun for tutorial to 2022-02-20T01:14:24.167051+00:00
[2022-02-21 01:14:24,181] {processor.py:171} INFO - Processing /home/airflow/.local/lib/python3.7/site-packages/airflow/example_dags/tutorial.py took 0.222 seconds
[2022-02-21 01:14:54,438] {processor.py:163} INFO - Started process (PID=2020) to work on /home/airflow/.local/lib/python3.7/site-packages/airflow/example_dags/tutorial.py
[2022-02-21 01:14:54,440] {processor.py:642} INFO - Processing file /home/airflow/.local/lib/python3.7/site-packages/airflow/example_dags/tutorial.py for tasks to queue
[2022-02-21 01:14:54,441] {logging_mixin.py:109} INFO - [2022-02-21 01:14:54,441] {dagbag.py:500} INFO - Filling up the DagBag from /home/airflow/.local/lib/python3.7/site-packages/airflow/example_dags/tutorial.py
[2022-02-21 01:14:54,481] {processor.py:654} INFO - DAG(s) dict_keys(['tutorial']) retrieved from /home/airflow/.local/lib/python3.7/site-packages/airflow/example_dags/tutorial.py
[2022-02-21 01:14:54,493] {logging_mixin.py:109} INFO - [2022-02-21 01:14:54,493] {dag.py:2396} INFO - Sync 1 DAGs
[2022-02-21 01:14:54,514] {logging_mixin.py:109} INFO - [2022-02-21 01:14:54,514] {dag.py:2935} INFO - Setting next_dagrun for tutorial to 2022-02-20T01:14:54.513822+00:00
[2022-02-21 01:14:54,526] {processor.py:171} INFO - Processing /home/airflow/.local/lib/python3.7/site-packages/airflow/example_dags/tutorial.py took 0.091 seconds
[2022-02-21 01:15:24,744] {processor.py:163} INFO - Started process (PID=2079) to work on /home/airflow/.local/lib/python3.7/site-packages/airflow/example_dags/tutorial.py
[2022-02-21 01:15:24,748] {processor.py:642} INFO - Processing file /home/airflow/.local/lib/python3.7/site-packages/airflow/example_dags/tutorial.py for tasks to queue
[2022-02-21 01:15:24,750] {logging_mixin.py:109} INFO - [2022-02-21 01:15:24,750] {dagbag.py:500} INFO - Filling up the DagBag from /home/airflow/.local/lib/python3.7/site-packages/airflow/example_dags/tutorial.py
[2022-02-21 01:15:24,896] {processor.py:654} INFO - DAG(s) dict_keys(['tutorial']) retrieved from /home/airflow/.local/lib/python3.7/site-packages/airflow/example_dags/tutorial.py
[2022-02-21 01:15:24,944] {logging_mixin.py:109} INFO - [2022-02-21 01:15:24,943] {dag.py:2396} INFO - Sync 1 DAGs
[2022-02-21 01:15:25,002] {logging_mixin.py:109} INFO - [2022-02-21 01:15:25,002] {dag.py:2935} INFO - Setting next_dagrun for tutorial to 2022-02-20T01:15:25.001350+00:00
[2022-02-21 01:15:25,072] {processor.py:171} INFO - Processing /home/airflow/.local/lib/python3.7/site-packages/airflow/example_dags/tutorial.py took 0.336 seconds
[2022-02-21 01:15:55,393] {processor.py:163} INFO - Started process (PID=2121) to work on /home/airflow/.local/lib/python3.7/site-packages/airflow/example_dags/tutorial.py
[2022-02-21 01:15:55,397] {processor.py:642} INFO - Processing file /home/airflow/.local/lib/python3.7/site-packages/airflow/example_dags/tutorial.py for tasks to queue
[2022-02-21 01:15:55,398] {logging_mixin.py:109} INFO - [2022-02-21 01:15:55,398] {dagbag.py:500} INFO - Filling up the DagBag from /home/airflow/.local/lib/python3.7/site-packages/airflow/example_dags/tutorial.py
[2022-02-21 01:15:55,469] {processor.py:654} INFO - DAG(s) dict_keys(['tutorial']) retrieved from /home/airflow/.local/lib/python3.7/site-packages/airflow/example_dags/tutorial.py
[2022-02-21 01:15:55,509] {logging_mixin.py:109} INFO - [2022-02-21 01:15:55,508] {dag.py:2396} INFO - Sync 1 DAGs
[2022-02-21 01:15:55,567] {logging_mixin.py:109} INFO - [2022-02-21 01:15:55,567] {dag.py:2935} INFO - Setting next_dagrun for tutorial to 2022-02-20T01:15:55.566515+00:00
[2022-02-21 01:15:55,588] {processor.py:171} INFO - Processing /home/airflow/.local/lib/python3.7/site-packages/airflow/example_dags/tutorial.py took 0.201 seconds
[2022-02-21 01:16:26,599] {processor.py:163} INFO - Started process (PID=2173) to work on /home/airflow/.local/lib/python3.7/site-packages/airflow/example_dags/tutorial.py
[2022-02-21 01:16:26,602] {processor.py:642} INFO - Processing file /home/airflow/.local/lib/python3.7/site-packages/airflow/example_dags/tutorial.py for tasks to queue
[2022-02-21 01:16:26,605] {logging_mixin.py:109} INFO - [2022-02-21 01:16:26,605] {dagbag.py:500} INFO - Filling up the DagBag from /home/airflow/.local/lib/python3.7/site-packages/airflow/example_dags/tutorial.py
[2022-02-21 01:16:26,700] {processor.py:654} INFO - DAG(s) dict_keys(['tutorial']) retrieved from /home/airflow/.local/lib/python3.7/site-packages/airflow/example_dags/tutorial.py
[2022-02-21 01:16:26,725] {logging_mixin.py:109} INFO - [2022-02-21 01:16:26,725] {dag.py:2396} INFO - Sync 1 DAGs
[2022-02-21 01:16:26,780] {logging_mixin.py:109} INFO - [2022-02-21 01:16:26,779] {dag.py:2935} INFO - Setting next_dagrun for tutorial to 2022-02-20T01:16:26.778882+00:00
[2022-02-21 01:16:26,821] {processor.py:171} INFO - Processing /home/airflow/.local/lib/python3.7/site-packages/airflow/example_dags/tutorial.py took 0.232 seconds
[2022-02-21 01:16:57,518] {processor.py:163} INFO - Started process (PID=2224) to work on /home/airflow/.local/lib/python3.7/site-packages/airflow/example_dags/tutorial.py
[2022-02-21 01:16:57,519] {processor.py:642} INFO - Processing file /home/airflow/.local/lib/python3.7/site-packages/airflow/example_dags/tutorial.py for tasks to queue
[2022-02-21 01:16:57,520] {logging_mixin.py:109} INFO - [2022-02-21 01:16:57,520] {dagbag.py:500} INFO - Filling up the DagBag from /home/airflow/.local/lib/python3.7/site-packages/airflow/example_dags/tutorial.py
[2022-02-21 01:16:57,573] {processor.py:654} INFO - DAG(s) dict_keys(['tutorial']) retrieved from /home/airflow/.local/lib/python3.7/site-packages/airflow/example_dags/tutorial.py
[2022-02-21 01:16:57,590] {logging_mixin.py:109} INFO - [2022-02-21 01:16:57,590] {dag.py:2396} INFO - Sync 1 DAGs
[2022-02-21 01:16:57,635] {logging_mixin.py:109} INFO - [2022-02-21 01:16:57,634] {dag.py:2935} INFO - Setting next_dagrun for tutorial to 2022-02-20T01:16:57.634190+00:00
[2022-02-21 01:16:57,658] {processor.py:171} INFO - Processing /home/airflow/.local/lib/python3.7/site-packages/airflow/example_dags/tutorial.py took 0.145 seconds
[2022-02-21 01:17:27,786] {processor.py:163} INFO - Started process (PID=2275) to work on /home/airflow/.local/lib/python3.7/site-packages/airflow/example_dags/tutorial.py
[2022-02-21 01:17:27,792] {processor.py:642} INFO - Processing file /home/airflow/.local/lib/python3.7/site-packages/airflow/example_dags/tutorial.py for tasks to queue
[2022-02-21 01:17:27,793] {logging_mixin.py:109} INFO - [2022-02-21 01:17:27,793] {dagbag.py:500} INFO - Filling up the DagBag from /home/airflow/.local/lib/python3.7/site-packages/airflow/example_dags/tutorial.py
[2022-02-21 01:17:27,838] {processor.py:654} INFO - DAG(s) dict_keys(['tutorial']) retrieved from /home/airflow/.local/lib/python3.7/site-packages/airflow/example_dags/tutorial.py
[2022-02-21 01:17:27,853] {logging_mixin.py:109} INFO - [2022-02-21 01:17:27,853] {dag.py:2396} INFO - Sync 1 DAGs
[2022-02-21 01:17:27,875] {logging_mixin.py:109} INFO - [2022-02-21 01:17:27,875] {dag.py:2935} INFO - Setting next_dagrun for tutorial to 2022-02-20T01:17:27.874607+00:00
[2022-02-21 01:17:27,891] {processor.py:171} INFO - Processing /home/airflow/.local/lib/python3.7/site-packages/airflow/example_dags/tutorial.py took 0.109 seconds
[2022-02-21 01:17:58,263] {processor.py:163} INFO - Started process (PID=2334) to work on /home/airflow/.local/lib/python3.7/site-packages/airflow/example_dags/tutorial.py
[2022-02-21 01:17:58,264] {processor.py:642} INFO - Processing file /home/airflow/.local/lib/python3.7/site-packages/airflow/example_dags/tutorial.py for tasks to queue
[2022-02-21 01:17:58,265] {logging_mixin.py:109} INFO - [2022-02-21 01:17:58,265] {dagbag.py:500} INFO - Filling up the DagBag from /home/airflow/.local/lib/python3.7/site-packages/airflow/example_dags/tutorial.py
[2022-02-21 01:17:58,319] {processor.py:654} INFO - DAG(s) dict_keys(['tutorial']) retrieved from /home/airflow/.local/lib/python3.7/site-packages/airflow/example_dags/tutorial.py
[2022-02-21 01:17:58,334] {logging_mixin.py:109} INFO - [2022-02-21 01:17:58,334] {dag.py:2396} INFO - Sync 1 DAGs
[2022-02-21 01:17:58,358] {logging_mixin.py:109} INFO - [2022-02-21 01:17:58,358] {dag.py:2935} INFO - Setting next_dagrun for tutorial to 2022-02-20T01:17:58.358029+00:00
[2022-02-21 01:17:58,377] {processor.py:171} INFO - Processing /home/airflow/.local/lib/python3.7/site-packages/airflow/example_dags/tutorial.py took 0.118 seconds
[2022-02-21 01:18:28,400] {processor.py:163} INFO - Started process (PID=2385) to work on /home/airflow/.local/lib/python3.7/site-packages/airflow/example_dags/tutorial.py
[2022-02-21 01:18:28,401] {processor.py:642} INFO - Processing file /home/airflow/.local/lib/python3.7/site-packages/airflow/example_dags/tutorial.py for tasks to queue
[2022-02-21 01:18:28,401] {logging_mixin.py:109} INFO - [2022-02-21 01:18:28,401] {dagbag.py:500} INFO - Filling up the DagBag from /home/airflow/.local/lib/python3.7/site-packages/airflow/example_dags/tutorial.py
[2022-02-21 01:18:28,425] {processor.py:654} INFO - DAG(s) dict_keys(['tutorial']) retrieved from /home/airflow/.local/lib/python3.7/site-packages/airflow/example_dags/tutorial.py
[2022-02-21 01:18:28,433] {logging_mixin.py:109} INFO - [2022-02-21 01:18:28,432] {dag.py:2396} INFO - Sync 1 DAGs
[2022-02-21 01:18:28,446] {logging_mixin.py:109} INFO - [2022-02-21 01:18:28,446] {dag.py:2935} INFO - Setting next_dagrun for tutorial to 2022-02-20T01:18:28.445788+00:00
[2022-02-21 01:18:28,455] {processor.py:171} INFO - Processing /home/airflow/.local/lib/python3.7/site-packages/airflow/example_dags/tutorial.py took 0.058 seconds
[2022-02-21 01:18:58,496] {processor.py:163} INFO - Started process (PID=2434) to work on /home/airflow/.local/lib/python3.7/site-packages/airflow/example_dags/tutorial.py
[2022-02-21 01:18:58,496] {processor.py:642} INFO - Processing file /home/airflow/.local/lib/python3.7/site-packages/airflow/example_dags/tutorial.py for tasks to queue
[2022-02-21 01:18:58,497] {logging_mixin.py:109} INFO - [2022-02-21 01:18:58,497] {dagbag.py:500} INFO - Filling up the DagBag from /home/airflow/.local/lib/python3.7/site-packages/airflow/example_dags/tutorial.py
[2022-02-21 01:18:58,524] {processor.py:654} INFO - DAG(s) dict_keys(['tutorial']) retrieved from /home/airflow/.local/lib/python3.7/site-packages/airflow/example_dags/tutorial.py
[2022-02-21 01:18:58,533] {logging_mixin.py:109} INFO - [2022-02-21 01:18:58,533] {dag.py:2396} INFO - Sync 1 DAGs
[2022-02-21 01:18:58,548] {logging_mixin.py:109} INFO - [2022-02-21 01:18:58,548] {dag.py:2935} INFO - Setting next_dagrun for tutorial to 2022-02-20T01:18:58.547731+00:00
[2022-02-21 01:18:58,560] {processor.py:171} INFO - Processing /home/airflow/.local/lib/python3.7/site-packages/airflow/example_dags/tutorial.py took 0.067 seconds
[2022-02-21 01:19:28,694] {processor.py:163} INFO - Started process (PID=2494) to work on /home/airflow/.local/lib/python3.7/site-packages/airflow/example_dags/tutorial.py
[2022-02-21 01:19:28,696] {processor.py:642} INFO - Processing file /home/airflow/.local/lib/python3.7/site-packages/airflow/example_dags/tutorial.py for tasks to queue
[2022-02-21 01:19:28,697] {logging_mixin.py:109} INFO - [2022-02-21 01:19:28,697] {dagbag.py:500} INFO - Filling up the DagBag from /home/airflow/.local/lib/python3.7/site-packages/airflow/example_dags/tutorial.py
[2022-02-21 01:19:28,737] {processor.py:654} INFO - DAG(s) dict_keys(['tutorial']) retrieved from /home/airflow/.local/lib/python3.7/site-packages/airflow/example_dags/tutorial.py
[2022-02-21 01:19:28,749] {logging_mixin.py:109} INFO - [2022-02-21 01:19:28,749] {dag.py:2396} INFO - Sync 1 DAGs
[2022-02-21 01:19:28,768] {logging_mixin.py:109} INFO - [2022-02-21 01:19:28,768] {dag.py:2935} INFO - Setting next_dagrun for tutorial to 2022-02-20T01:19:28.768383+00:00
[2022-02-21 01:19:28,781] {processor.py:171} INFO - Processing /home/airflow/.local/lib/python3.7/site-packages/airflow/example_dags/tutorial.py took 0.092 seconds
[2022-02-21 01:19:58,902] {processor.py:163} INFO - Started process (PID=2544) to work on /home/airflow/.local/lib/python3.7/site-packages/airflow/example_dags/tutorial.py
[2022-02-21 01:19:58,903] {processor.py:642} INFO - Processing file /home/airflow/.local/lib/python3.7/site-packages/airflow/example_dags/tutorial.py for tasks to queue
[2022-02-21 01:19:58,903] {logging_mixin.py:109} INFO - [2022-02-21 01:19:58,903] {dagbag.py:500} INFO - Filling up the DagBag from /home/airflow/.local/lib/python3.7/site-packages/airflow/example_dags/tutorial.py
[2022-02-21 01:19:58,929] {processor.py:654} INFO - DAG(s) dict_keys(['tutorial']) retrieved from /home/airflow/.local/lib/python3.7/site-packages/airflow/example_dags/tutorial.py
[2022-02-21 01:19:58,939] {logging_mixin.py:109} INFO - [2022-02-21 01:19:58,939] {dag.py:2396} INFO - Sync 1 DAGs
[2022-02-21 01:19:58,951] {logging_mixin.py:109} INFO - [2022-02-21 01:19:58,951] {dag.py:2935} INFO - Setting next_dagrun for tutorial to 2022-02-20T01:19:58.951535+00:00
[2022-02-21 01:19:58,961] {processor.py:171} INFO - Processing /home/airflow/.local/lib/python3.7/site-packages/airflow/example_dags/tutorial.py took 0.062 seconds
[2022-02-21 01:20:29,228] {processor.py:163} INFO - Started process (PID=2595) to work on /home/airflow/.local/lib/python3.7/site-packages/airflow/example_dags/tutorial.py
[2022-02-21 01:20:29,233] {processor.py:642} INFO - Processing file /home/airflow/.local/lib/python3.7/site-packages/airflow/example_dags/tutorial.py for tasks to queue
[2022-02-21 01:20:29,235] {logging_mixin.py:109} INFO - [2022-02-21 01:20:29,235] {dagbag.py:500} INFO - Filling up the DagBag from /home/airflow/.local/lib/python3.7/site-packages/airflow/example_dags/tutorial.py
[2022-02-21 01:20:29,372] {processor.py:654} INFO - DAG(s) dict_keys(['tutorial']) retrieved from /home/airflow/.local/lib/python3.7/site-packages/airflow/example_dags/tutorial.py
[2022-02-21 01:20:29,424] {logging_mixin.py:109} INFO - [2022-02-21 01:20:29,423] {dag.py:2396} INFO - Sync 1 DAGs
[2022-02-21 01:20:29,514] {logging_mixin.py:109} INFO - [2022-02-21 01:20:29,513] {dag.py:2935} INFO - Setting next_dagrun for tutorial to 2022-02-20T01:20:29.512991+00:00
[2022-02-21 01:20:29,545] {processor.py:171} INFO - Processing /home/airflow/.local/lib/python3.7/site-packages/airflow/example_dags/tutorial.py took 0.337 seconds
[2022-02-21 01:21:00,077] {processor.py:163} INFO - Started process (PID=2645) to work on /home/airflow/.local/lib/python3.7/site-packages/airflow/example_dags/tutorial.py
[2022-02-21 01:21:00,078] {processor.py:642} INFO - Processing file /home/airflow/.local/lib/python3.7/site-packages/airflow/example_dags/tutorial.py for tasks to queue
[2022-02-21 01:21:00,079] {logging_mixin.py:109} INFO - [2022-02-21 01:21:00,079] {dagbag.py:500} INFO - Filling up the DagBag from /home/airflow/.local/lib/python3.7/site-packages/airflow/example_dags/tutorial.py
[2022-02-21 01:21:00,115] {processor.py:654} INFO - DAG(s) dict_keys(['tutorial']) retrieved from /home/airflow/.local/lib/python3.7/site-packages/airflow/example_dags/tutorial.py
[2022-02-21 01:21:00,126] {logging_mixin.py:109} INFO - [2022-02-21 01:21:00,126] {dag.py:2396} INFO - Sync 1 DAGs
[2022-02-21 01:21:00,146] {logging_mixin.py:109} INFO - [2022-02-21 01:21:00,145] {dag.py:2935} INFO - Setting next_dagrun for tutorial to 2022-02-20T01:21:00.145486+00:00
[2022-02-21 01:21:00,157] {processor.py:171} INFO - Processing /home/airflow/.local/lib/python3.7/site-packages/airflow/example_dags/tutorial.py took 0.084 seconds
[2022-02-21 01:21:30,416] {processor.py:163} INFO - Started process (PID=2695) to work on /home/airflow/.local/lib/python3.7/site-packages/airflow/example_dags/tutorial.py
[2022-02-21 01:21:30,418] {processor.py:642} INFO - Processing file /home/airflow/.local/lib/python3.7/site-packages/airflow/example_dags/tutorial.py for tasks to queue
[2022-02-21 01:21:30,420] {logging_mixin.py:109} INFO - [2022-02-21 01:21:30,419] {dagbag.py:500} INFO - Filling up the DagBag from /home/airflow/.local/lib/python3.7/site-packages/airflow/example_dags/tutorial.py
[2022-02-21 01:21:30,461] {processor.py:654} INFO - DAG(s) dict_keys(['tutorial']) retrieved from /home/airflow/.local/lib/python3.7/site-packages/airflow/example_dags/tutorial.py
[2022-02-21 01:21:30,477] {logging_mixin.py:109} INFO - [2022-02-21 01:21:30,476] {dag.py:2396} INFO - Sync 1 DAGs
[2022-02-21 01:21:30,501] {logging_mixin.py:109} INFO - [2022-02-21 01:21:30,500] {dag.py:2935} INFO - Setting next_dagrun for tutorial to 2022-02-20T01:21:30.500341+00:00
[2022-02-21 01:21:30,516] {processor.py:171} INFO - Processing /home/airflow/.local/lib/python3.7/site-packages/airflow/example_dags/tutorial.py took 0.104 seconds
