[2022-02-21 00:58:16,736] {processor.py:163} INFO - Started process (PID=150) to work on /home/airflow/.local/lib/python3.7/site-packages/airflow/example_dags/tutorial_etl_dag.py
[2022-02-21 00:58:16,742] {processor.py:642} INFO - Processing file /home/airflow/.local/lib/python3.7/site-packages/airflow/example_dags/tutorial_etl_dag.py for tasks to queue
[2022-02-21 00:58:16,744] {logging_mixin.py:109} INFO - [2022-02-21 00:58:16,743] {dagbag.py:500} INFO - Filling up the DagBag from /home/airflow/.local/lib/python3.7/site-packages/airflow/example_dags/tutorial_etl_dag.py
[2022-02-21 00:58:16,943] {processor.py:654} INFO - DAG(s) dict_keys(['tutorial_etl_dag']) retrieved from /home/airflow/.local/lib/python3.7/site-packages/airflow/example_dags/tutorial_etl_dag.py
[2022-02-21 00:58:23,698] {logging_mixin.py:109} INFO - [2022-02-21 00:58:23,698] {manager.py:496} INFO - Created Permission View: can edit on DAG:tutorial_etl_dag
[2022-02-21 00:58:23,721] {logging_mixin.py:109} INFO - [2022-02-21 00:58:23,721] {manager.py:496} INFO - Created Permission View: can read on DAG:tutorial_etl_dag
[2022-02-21 00:58:23,722] {logging_mixin.py:109} INFO - [2022-02-21 00:58:23,721] {dag.py:2396} INFO - Sync 1 DAGs
[2022-02-21 00:58:23,741] {logging_mixin.py:109} INFO - [2022-02-21 00:58:23,740] {dag.py:2415} INFO - Creating ORM DAG for tutorial_etl_dag
[2022-02-21 00:58:23,772] {logging_mixin.py:109} INFO - [2022-02-21 00:58:23,772] {dag.py:2935} INFO - Setting next_dagrun for tutorial_etl_dag to None
[2022-02-21 00:58:23,827] {processor.py:171} INFO - Processing /home/airflow/.local/lib/python3.7/site-packages/airflow/example_dags/tutorial_etl_dag.py took 7.103 seconds
[2022-02-21 00:59:06,473] {processor.py:163} INFO - Started process (PID=377) to work on /home/airflow/.local/lib/python3.7/site-packages/airflow/example_dags/tutorial_etl_dag.py
[2022-02-21 00:59:06,475] {processor.py:642} INFO - Processing file /home/airflow/.local/lib/python3.7/site-packages/airflow/example_dags/tutorial_etl_dag.py for tasks to queue
[2022-02-21 00:59:06,476] {logging_mixin.py:109} INFO - [2022-02-21 00:59:06,476] {dagbag.py:500} INFO - Filling up the DagBag from /home/airflow/.local/lib/python3.7/site-packages/airflow/example_dags/tutorial_etl_dag.py
[2022-02-21 00:59:06,515] {processor.py:654} INFO - DAG(s) dict_keys(['tutorial_etl_dag']) retrieved from /home/airflow/.local/lib/python3.7/site-packages/airflow/example_dags/tutorial_etl_dag.py
[2022-02-21 00:59:06,534] {logging_mixin.py:109} INFO - [2022-02-21 00:59:06,533] {dag.py:2396} INFO - Sync 1 DAGs
[2022-02-21 00:59:06,556] {logging_mixin.py:109} INFO - [2022-02-21 00:59:06,556] {dag.py:2935} INFO - Setting next_dagrun for tutorial_etl_dag to None
[2022-02-21 00:59:06,570] {processor.py:171} INFO - Processing /home/airflow/.local/lib/python3.7/site-packages/airflow/example_dags/tutorial_etl_dag.py took 0.103 seconds
[2022-02-21 00:59:38,514] {processor.py:163} INFO - Started process (PID=435) to work on /home/airflow/.local/lib/python3.7/site-packages/airflow/example_dags/tutorial_etl_dag.py
[2022-02-21 00:59:38,563] {processor.py:642} INFO - Processing file /home/airflow/.local/lib/python3.7/site-packages/airflow/example_dags/tutorial_etl_dag.py for tasks to queue
[2022-02-21 00:59:38,566] {logging_mixin.py:109} INFO - [2022-02-21 00:59:38,565] {dagbag.py:500} INFO - Filling up the DagBag from /home/airflow/.local/lib/python3.7/site-packages/airflow/example_dags/tutorial_etl_dag.py
[2022-02-21 00:59:38,766] {processor.py:654} INFO - DAG(s) dict_keys(['tutorial_etl_dag']) retrieved from /home/airflow/.local/lib/python3.7/site-packages/airflow/example_dags/tutorial_etl_dag.py
[2022-02-21 00:59:38,799] {logging_mixin.py:109} INFO - [2022-02-21 00:59:38,799] {dag.py:2396} INFO - Sync 1 DAGs
[2022-02-21 00:59:38,847] {logging_mixin.py:109} INFO - [2022-02-21 00:59:38,847] {dag.py:2935} INFO - Setting next_dagrun for tutorial_etl_dag to None
[2022-02-21 00:59:38,877] {processor.py:171} INFO - Processing /home/airflow/.local/lib/python3.7/site-packages/airflow/example_dags/tutorial_etl_dag.py took 0.390 seconds
[2022-02-21 01:00:09,526] {processor.py:163} INFO - Started process (PID=488) to work on /home/airflow/.local/lib/python3.7/site-packages/airflow/example_dags/tutorial_etl_dag.py
[2022-02-21 01:00:09,528] {processor.py:642} INFO - Processing file /home/airflow/.local/lib/python3.7/site-packages/airflow/example_dags/tutorial_etl_dag.py for tasks to queue
[2022-02-21 01:00:09,528] {logging_mixin.py:109} INFO - [2022-02-21 01:00:09,528] {dagbag.py:500} INFO - Filling up the DagBag from /home/airflow/.local/lib/python3.7/site-packages/airflow/example_dags/tutorial_etl_dag.py
[2022-02-21 01:00:09,562] {processor.py:654} INFO - DAG(s) dict_keys(['tutorial_etl_dag']) retrieved from /home/airflow/.local/lib/python3.7/site-packages/airflow/example_dags/tutorial_etl_dag.py
[2022-02-21 01:00:09,574] {logging_mixin.py:109} INFO - [2022-02-21 01:00:09,574] {dag.py:2396} INFO - Sync 1 DAGs
[2022-02-21 01:00:09,594] {logging_mixin.py:109} INFO - [2022-02-21 01:00:09,594] {dag.py:2935} INFO - Setting next_dagrun for tutorial_etl_dag to None
[2022-02-21 01:00:09,606] {processor.py:171} INFO - Processing /home/airflow/.local/lib/python3.7/site-packages/airflow/example_dags/tutorial_etl_dag.py took 0.083 seconds
[2022-02-21 01:00:40,170] {processor.py:163} INFO - Started process (PID=539) to work on /home/airflow/.local/lib/python3.7/site-packages/airflow/example_dags/tutorial_etl_dag.py
[2022-02-21 01:00:40,211] {processor.py:642} INFO - Processing file /home/airflow/.local/lib/python3.7/site-packages/airflow/example_dags/tutorial_etl_dag.py for tasks to queue
[2022-02-21 01:00:40,212] {logging_mixin.py:109} INFO - [2022-02-21 01:00:40,211] {dagbag.py:500} INFO - Filling up the DagBag from /home/airflow/.local/lib/python3.7/site-packages/airflow/example_dags/tutorial_etl_dag.py
[2022-02-21 01:00:40,237] {processor.py:654} INFO - DAG(s) dict_keys(['tutorial_etl_dag']) retrieved from /home/airflow/.local/lib/python3.7/site-packages/airflow/example_dags/tutorial_etl_dag.py
[2022-02-21 01:00:40,247] {logging_mixin.py:109} INFO - [2022-02-21 01:00:40,247] {dag.py:2396} INFO - Sync 1 DAGs
[2022-02-21 01:00:40,265] {logging_mixin.py:109} INFO - [2022-02-21 01:00:40,264] {dag.py:2935} INFO - Setting next_dagrun for tutorial_etl_dag to None
[2022-02-21 01:00:40,588] {processor.py:171} INFO - Processing /home/airflow/.local/lib/python3.7/site-packages/airflow/example_dags/tutorial_etl_dag.py took 0.421 seconds
[2022-02-21 01:01:11,236] {processor.py:163} INFO - Started process (PID=590) to work on /home/airflow/.local/lib/python3.7/site-packages/airflow/example_dags/tutorial_etl_dag.py
[2022-02-21 01:01:11,237] {processor.py:642} INFO - Processing file /home/airflow/.local/lib/python3.7/site-packages/airflow/example_dags/tutorial_etl_dag.py for tasks to queue
[2022-02-21 01:01:11,238] {logging_mixin.py:109} INFO - [2022-02-21 01:01:11,237] {dagbag.py:500} INFO - Filling up the DagBag from /home/airflow/.local/lib/python3.7/site-packages/airflow/example_dags/tutorial_etl_dag.py
[2022-02-21 01:01:11,265] {processor.py:654} INFO - DAG(s) dict_keys(['tutorial_etl_dag']) retrieved from /home/airflow/.local/lib/python3.7/site-packages/airflow/example_dags/tutorial_etl_dag.py
[2022-02-21 01:01:11,275] {logging_mixin.py:109} INFO - [2022-02-21 01:01:11,275] {dag.py:2396} INFO - Sync 1 DAGs
[2022-02-21 01:01:11,290] {logging_mixin.py:109} INFO - [2022-02-21 01:01:11,290] {dag.py:2935} INFO - Setting next_dagrun for tutorial_etl_dag to None
[2022-02-21 01:01:11,300] {processor.py:171} INFO - Processing /home/airflow/.local/lib/python3.7/site-packages/airflow/example_dags/tutorial_etl_dag.py took 0.067 seconds
[2022-02-21 01:01:41,443] {processor.py:163} INFO - Started process (PID=649) to work on /home/airflow/.local/lib/python3.7/site-packages/airflow/example_dags/tutorial_etl_dag.py
[2022-02-21 01:01:41,446] {processor.py:642} INFO - Processing file /home/airflow/.local/lib/python3.7/site-packages/airflow/example_dags/tutorial_etl_dag.py for tasks to queue
[2022-02-21 01:01:41,447] {logging_mixin.py:109} INFO - [2022-02-21 01:01:41,447] {dagbag.py:500} INFO - Filling up the DagBag from /home/airflow/.local/lib/python3.7/site-packages/airflow/example_dags/tutorial_etl_dag.py
[2022-02-21 01:01:41,490] {processor.py:654} INFO - DAG(s) dict_keys(['tutorial_etl_dag']) retrieved from /home/airflow/.local/lib/python3.7/site-packages/airflow/example_dags/tutorial_etl_dag.py
[2022-02-21 01:01:41,504] {logging_mixin.py:109} INFO - [2022-02-21 01:01:41,503] {dag.py:2396} INFO - Sync 1 DAGs
[2022-02-21 01:01:41,529] {logging_mixin.py:109} INFO - [2022-02-21 01:01:41,529] {dag.py:2935} INFO - Setting next_dagrun for tutorial_etl_dag to None
[2022-02-21 01:01:41,544] {processor.py:171} INFO - Processing /home/airflow/.local/lib/python3.7/site-packages/airflow/example_dags/tutorial_etl_dag.py took 0.106 seconds
[2022-02-21 01:02:11,585] {processor.py:163} INFO - Started process (PID=701) to work on /home/airflow/.local/lib/python3.7/site-packages/airflow/example_dags/tutorial_etl_dag.py
[2022-02-21 01:02:11,586] {processor.py:642} INFO - Processing file /home/airflow/.local/lib/python3.7/site-packages/airflow/example_dags/tutorial_etl_dag.py for tasks to queue
[2022-02-21 01:02:11,586] {logging_mixin.py:109} INFO - [2022-02-21 01:02:11,586] {dagbag.py:500} INFO - Filling up the DagBag from /home/airflow/.local/lib/python3.7/site-packages/airflow/example_dags/tutorial_etl_dag.py
[2022-02-21 01:02:11,609] {processor.py:654} INFO - DAG(s) dict_keys(['tutorial_etl_dag']) retrieved from /home/airflow/.local/lib/python3.7/site-packages/airflow/example_dags/tutorial_etl_dag.py
[2022-02-21 01:02:11,617] {logging_mixin.py:109} INFO - [2022-02-21 01:02:11,616] {dag.py:2396} INFO - Sync 1 DAGs
[2022-02-21 01:02:11,629] {logging_mixin.py:109} INFO - [2022-02-21 01:02:11,629] {dag.py:2935} INFO - Setting next_dagrun for tutorial_etl_dag to None
[2022-02-21 01:02:11,638] {processor.py:171} INFO - Processing /home/airflow/.local/lib/python3.7/site-packages/airflow/example_dags/tutorial_etl_dag.py took 0.056 seconds
[2022-02-21 01:02:42,086] {processor.py:163} INFO - Started process (PID=752) to work on /home/airflow/.local/lib/python3.7/site-packages/airflow/example_dags/tutorial_etl_dag.py
[2022-02-21 01:02:42,088] {processor.py:642} INFO - Processing file /home/airflow/.local/lib/python3.7/site-packages/airflow/example_dags/tutorial_etl_dag.py for tasks to queue
[2022-02-21 01:02:42,089] {logging_mixin.py:109} INFO - [2022-02-21 01:02:42,089] {dagbag.py:500} INFO - Filling up the DagBag from /home/airflow/.local/lib/python3.7/site-packages/airflow/example_dags/tutorial_etl_dag.py
[2022-02-21 01:02:42,123] {processor.py:654} INFO - DAG(s) dict_keys(['tutorial_etl_dag']) retrieved from /home/airflow/.local/lib/python3.7/site-packages/airflow/example_dags/tutorial_etl_dag.py
[2022-02-21 01:02:42,135] {logging_mixin.py:109} INFO - [2022-02-21 01:02:42,135] {dag.py:2396} INFO - Sync 1 DAGs
[2022-02-21 01:02:42,156] {logging_mixin.py:109} INFO - [2022-02-21 01:02:42,155] {dag.py:2935} INFO - Setting next_dagrun for tutorial_etl_dag to None
[2022-02-21 01:02:42,169] {processor.py:171} INFO - Processing /home/airflow/.local/lib/python3.7/site-packages/airflow/example_dags/tutorial_etl_dag.py took 0.087 seconds
[2022-02-21 01:03:12,287] {processor.py:163} INFO - Started process (PID=810) to work on /home/airflow/.local/lib/python3.7/site-packages/airflow/example_dags/tutorial_etl_dag.py
[2022-02-21 01:03:12,288] {processor.py:642} INFO - Processing file /home/airflow/.local/lib/python3.7/site-packages/airflow/example_dags/tutorial_etl_dag.py for tasks to queue
[2022-02-21 01:03:12,290] {logging_mixin.py:109} INFO - [2022-02-21 01:03:12,290] {dagbag.py:500} INFO - Filling up the DagBag from /home/airflow/.local/lib/python3.7/site-packages/airflow/example_dags/tutorial_etl_dag.py
[2022-02-21 01:03:12,322] {processor.py:654} INFO - DAG(s) dict_keys(['tutorial_etl_dag']) retrieved from /home/airflow/.local/lib/python3.7/site-packages/airflow/example_dags/tutorial_etl_dag.py
[2022-02-21 01:03:12,333] {logging_mixin.py:109} INFO - [2022-02-21 01:03:12,333] {dag.py:2396} INFO - Sync 1 DAGs
[2022-02-21 01:03:12,352] {logging_mixin.py:109} INFO - [2022-02-21 01:03:12,352] {dag.py:2935} INFO - Setting next_dagrun for tutorial_etl_dag to None
[2022-02-21 01:03:12,363] {processor.py:171} INFO - Processing /home/airflow/.local/lib/python3.7/site-packages/airflow/example_dags/tutorial_etl_dag.py took 0.081 seconds
[2022-02-21 01:03:42,404] {processor.py:163} INFO - Started process (PID=863) to work on /home/airflow/.local/lib/python3.7/site-packages/airflow/example_dags/tutorial_etl_dag.py
[2022-02-21 01:03:42,405] {processor.py:642} INFO - Processing file /home/airflow/.local/lib/python3.7/site-packages/airflow/example_dags/tutorial_etl_dag.py for tasks to queue
[2022-02-21 01:03:42,406] {logging_mixin.py:109} INFO - [2022-02-21 01:03:42,406] {dagbag.py:500} INFO - Filling up the DagBag from /home/airflow/.local/lib/python3.7/site-packages/airflow/example_dags/tutorial_etl_dag.py
[2022-02-21 01:03:42,430] {processor.py:654} INFO - DAG(s) dict_keys(['tutorial_etl_dag']) retrieved from /home/airflow/.local/lib/python3.7/site-packages/airflow/example_dags/tutorial_etl_dag.py
[2022-02-21 01:03:42,438] {logging_mixin.py:109} INFO - [2022-02-21 01:03:42,438] {dag.py:2396} INFO - Sync 1 DAGs
[2022-02-21 01:03:42,451] {logging_mixin.py:109} INFO - [2022-02-21 01:03:42,450] {dag.py:2935} INFO - Setting next_dagrun for tutorial_etl_dag to None
[2022-02-21 01:03:42,459] {processor.py:171} INFO - Processing /home/airflow/.local/lib/python3.7/site-packages/airflow/example_dags/tutorial_etl_dag.py took 0.057 seconds
[2022-02-21 01:04:12,668] {processor.py:163} INFO - Started process (PID=913) to work on /home/airflow/.local/lib/python3.7/site-packages/airflow/example_dags/tutorial_etl_dag.py
[2022-02-21 01:04:12,669] {processor.py:642} INFO - Processing file /home/airflow/.local/lib/python3.7/site-packages/airflow/example_dags/tutorial_etl_dag.py for tasks to queue
[2022-02-21 01:04:12,670] {logging_mixin.py:109} INFO - [2022-02-21 01:04:12,670] {dagbag.py:500} INFO - Filling up the DagBag from /home/airflow/.local/lib/python3.7/site-packages/airflow/example_dags/tutorial_etl_dag.py
[2022-02-21 01:04:12,702] {processor.py:654} INFO - DAG(s) dict_keys(['tutorial_etl_dag']) retrieved from /home/airflow/.local/lib/python3.7/site-packages/airflow/example_dags/tutorial_etl_dag.py
[2022-02-21 01:04:12,713] {logging_mixin.py:109} INFO - [2022-02-21 01:04:12,713] {dag.py:2396} INFO - Sync 1 DAGs
[2022-02-21 01:04:12,731] {logging_mixin.py:109} INFO - [2022-02-21 01:04:12,731] {dag.py:2935} INFO - Setting next_dagrun for tutorial_etl_dag to None
[2022-02-21 01:04:12,743] {processor.py:171} INFO - Processing /home/airflow/.local/lib/python3.7/site-packages/airflow/example_dags/tutorial_etl_dag.py took 0.079 seconds
[2022-02-21 01:04:43,081] {processor.py:163} INFO - Started process (PID=964) to work on /home/airflow/.local/lib/python3.7/site-packages/airflow/example_dags/tutorial_etl_dag.py
[2022-02-21 01:04:43,082] {processor.py:642} INFO - Processing file /home/airflow/.local/lib/python3.7/site-packages/airflow/example_dags/tutorial_etl_dag.py for tasks to queue
[2022-02-21 01:04:43,083] {logging_mixin.py:109} INFO - [2022-02-21 01:04:43,083] {dagbag.py:500} INFO - Filling up the DagBag from /home/airflow/.local/lib/python3.7/site-packages/airflow/example_dags/tutorial_etl_dag.py
[2022-02-21 01:04:43,117] {processor.py:654} INFO - DAG(s) dict_keys(['tutorial_etl_dag']) retrieved from /home/airflow/.local/lib/python3.7/site-packages/airflow/example_dags/tutorial_etl_dag.py
[2022-02-21 01:04:43,132] {logging_mixin.py:109} INFO - [2022-02-21 01:04:43,132] {dag.py:2396} INFO - Sync 1 DAGs
[2022-02-21 01:04:43,153] {logging_mixin.py:109} INFO - [2022-02-21 01:04:43,153] {dag.py:2935} INFO - Setting next_dagrun for tutorial_etl_dag to None
[2022-02-21 01:04:43,165] {processor.py:171} INFO - Processing /home/airflow/.local/lib/python3.7/site-packages/airflow/example_dags/tutorial_etl_dag.py took 0.089 seconds
[2022-02-21 01:05:13,529] {processor.py:163} INFO - Started process (PID=1015) to work on /home/airflow/.local/lib/python3.7/site-packages/airflow/example_dags/tutorial_etl_dag.py
[2022-02-21 01:05:13,531] {processor.py:642} INFO - Processing file /home/airflow/.local/lib/python3.7/site-packages/airflow/example_dags/tutorial_etl_dag.py for tasks to queue
[2022-02-21 01:05:13,532] {logging_mixin.py:109} INFO - [2022-02-21 01:05:13,532] {dagbag.py:500} INFO - Filling up the DagBag from /home/airflow/.local/lib/python3.7/site-packages/airflow/example_dags/tutorial_etl_dag.py
[2022-02-21 01:05:13,568] {processor.py:654} INFO - DAG(s) dict_keys(['tutorial_etl_dag']) retrieved from /home/airflow/.local/lib/python3.7/site-packages/airflow/example_dags/tutorial_etl_dag.py
[2022-02-21 01:05:13,581] {logging_mixin.py:109} INFO - [2022-02-21 01:05:13,581] {dag.py:2396} INFO - Sync 1 DAGs
[2022-02-21 01:05:13,601] {logging_mixin.py:109} INFO - [2022-02-21 01:05:13,601] {dag.py:2935} INFO - Setting next_dagrun for tutorial_etl_dag to None
[2022-02-21 01:05:13,613] {processor.py:171} INFO - Processing /home/airflow/.local/lib/python3.7/site-packages/airflow/example_dags/tutorial_etl_dag.py took 0.088 seconds
[2022-02-21 01:05:43,893] {processor.py:163} INFO - Started process (PID=1075) to work on /home/airflow/.local/lib/python3.7/site-packages/airflow/example_dags/tutorial_etl_dag.py
[2022-02-21 01:05:43,895] {processor.py:642} INFO - Processing file /home/airflow/.local/lib/python3.7/site-packages/airflow/example_dags/tutorial_etl_dag.py for tasks to queue
[2022-02-21 01:05:43,896] {logging_mixin.py:109} INFO - [2022-02-21 01:05:43,896] {dagbag.py:500} INFO - Filling up the DagBag from /home/airflow/.local/lib/python3.7/site-packages/airflow/example_dags/tutorial_etl_dag.py
[2022-02-21 01:05:43,938] {processor.py:654} INFO - DAG(s) dict_keys(['tutorial_etl_dag']) retrieved from /home/airflow/.local/lib/python3.7/site-packages/airflow/example_dags/tutorial_etl_dag.py
[2022-02-21 01:05:43,954] {logging_mixin.py:109} INFO - [2022-02-21 01:05:43,954] {dag.py:2396} INFO - Sync 1 DAGs
[2022-02-21 01:05:43,977] {logging_mixin.py:109} INFO - [2022-02-21 01:05:43,977] {dag.py:2935} INFO - Setting next_dagrun for tutorial_etl_dag to None
[2022-02-21 01:05:43,992] {processor.py:171} INFO - Processing /home/airflow/.local/lib/python3.7/site-packages/airflow/example_dags/tutorial_etl_dag.py took 0.104 seconds
[2022-02-21 01:06:14,274] {processor.py:163} INFO - Started process (PID=1125) to work on /home/airflow/.local/lib/python3.7/site-packages/airflow/example_dags/tutorial_etl_dag.py
[2022-02-21 01:06:14,276] {processor.py:642} INFO - Processing file /home/airflow/.local/lib/python3.7/site-packages/airflow/example_dags/tutorial_etl_dag.py for tasks to queue
[2022-02-21 01:06:14,276] {logging_mixin.py:109} INFO - [2022-02-21 01:06:14,276] {dagbag.py:500} INFO - Filling up the DagBag from /home/airflow/.local/lib/python3.7/site-packages/airflow/example_dags/tutorial_etl_dag.py
[2022-02-21 01:06:14,308] {processor.py:654} INFO - DAG(s) dict_keys(['tutorial_etl_dag']) retrieved from /home/airflow/.local/lib/python3.7/site-packages/airflow/example_dags/tutorial_etl_dag.py
[2022-02-21 01:06:14,320] {logging_mixin.py:109} INFO - [2022-02-21 01:06:14,320] {dag.py:2396} INFO - Sync 1 DAGs
[2022-02-21 01:06:14,339] {logging_mixin.py:109} INFO - [2022-02-21 01:06:14,339] {dag.py:2935} INFO - Setting next_dagrun for tutorial_etl_dag to None
[2022-02-21 01:06:14,351] {processor.py:171} INFO - Processing /home/airflow/.local/lib/python3.7/site-packages/airflow/example_dags/tutorial_etl_dag.py took 0.081 seconds
[2022-02-21 01:06:44,824] {processor.py:163} INFO - Started process (PID=1176) to work on /home/airflow/.local/lib/python3.7/site-packages/airflow/example_dags/tutorial_etl_dag.py
[2022-02-21 01:06:44,825] {processor.py:642} INFO - Processing file /home/airflow/.local/lib/python3.7/site-packages/airflow/example_dags/tutorial_etl_dag.py for tasks to queue
[2022-02-21 01:06:44,826] {logging_mixin.py:109} INFO - [2022-02-21 01:06:44,826] {dagbag.py:500} INFO - Filling up the DagBag from /home/airflow/.local/lib/python3.7/site-packages/airflow/example_dags/tutorial_etl_dag.py
[2022-02-21 01:06:44,853] {processor.py:654} INFO - DAG(s) dict_keys(['tutorial_etl_dag']) retrieved from /home/airflow/.local/lib/python3.7/site-packages/airflow/example_dags/tutorial_etl_dag.py
[2022-02-21 01:06:44,863] {logging_mixin.py:109} INFO - [2022-02-21 01:06:44,863] {dag.py:2396} INFO - Sync 1 DAGs
[2022-02-21 01:06:44,879] {logging_mixin.py:109} INFO - [2022-02-21 01:06:44,879] {dag.py:2935} INFO - Setting next_dagrun for tutorial_etl_dag to None
[2022-02-21 01:06:44,890] {processor.py:171} INFO - Processing /home/airflow/.local/lib/python3.7/site-packages/airflow/example_dags/tutorial_etl_dag.py took 0.070 seconds
[2022-02-21 01:07:14,992] {processor.py:163} INFO - Started process (PID=1227) to work on /home/airflow/.local/lib/python3.7/site-packages/airflow/example_dags/tutorial_etl_dag.py
[2022-02-21 01:07:14,993] {processor.py:642} INFO - Processing file /home/airflow/.local/lib/python3.7/site-packages/airflow/example_dags/tutorial_etl_dag.py for tasks to queue
[2022-02-21 01:07:14,994] {logging_mixin.py:109} INFO - [2022-02-21 01:07:14,994] {dagbag.py:500} INFO - Filling up the DagBag from /home/airflow/.local/lib/python3.7/site-packages/airflow/example_dags/tutorial_etl_dag.py
[2022-02-21 01:07:15,034] {processor.py:654} INFO - DAG(s) dict_keys(['tutorial_etl_dag']) retrieved from /home/airflow/.local/lib/python3.7/site-packages/airflow/example_dags/tutorial_etl_dag.py
[2022-02-21 01:07:15,053] {logging_mixin.py:109} INFO - [2022-02-21 01:07:15,053] {dag.py:2396} INFO - Sync 1 DAGs
[2022-02-21 01:07:15,073] {logging_mixin.py:109} INFO - [2022-02-21 01:07:15,073] {dag.py:2935} INFO - Setting next_dagrun for tutorial_etl_dag to None
[2022-02-21 01:07:15,086] {processor.py:171} INFO - Processing /home/airflow/.local/lib/python3.7/site-packages/airflow/example_dags/tutorial_etl_dag.py took 0.099 seconds
[2022-02-21 01:07:45,505] {processor.py:163} INFO - Started process (PID=1277) to work on /home/airflow/.local/lib/python3.7/site-packages/airflow/example_dags/tutorial_etl_dag.py
[2022-02-21 01:07:45,507] {processor.py:642} INFO - Processing file /home/airflow/.local/lib/python3.7/site-packages/airflow/example_dags/tutorial_etl_dag.py for tasks to queue
[2022-02-21 01:07:45,508] {logging_mixin.py:109} INFO - [2022-02-21 01:07:45,508] {dagbag.py:500} INFO - Filling up the DagBag from /home/airflow/.local/lib/python3.7/site-packages/airflow/example_dags/tutorial_etl_dag.py
[2022-02-21 01:07:45,551] {processor.py:654} INFO - DAG(s) dict_keys(['tutorial_etl_dag']) retrieved from /home/airflow/.local/lib/python3.7/site-packages/airflow/example_dags/tutorial_etl_dag.py
[2022-02-21 01:07:45,564] {logging_mixin.py:109} INFO - [2022-02-21 01:07:45,564] {dag.py:2396} INFO - Sync 1 DAGs
[2022-02-21 01:07:45,586] {logging_mixin.py:109} INFO - [2022-02-21 01:07:45,586] {dag.py:2935} INFO - Setting next_dagrun for tutorial_etl_dag to None
[2022-02-21 01:07:45,599] {processor.py:171} INFO - Processing /home/airflow/.local/lib/python3.7/site-packages/airflow/example_dags/tutorial_etl_dag.py took 0.099 seconds
[2022-02-21 01:08:15,719] {processor.py:163} INFO - Started process (PID=1338) to work on /home/airflow/.local/lib/python3.7/site-packages/airflow/example_dags/tutorial_etl_dag.py
[2022-02-21 01:08:15,720] {processor.py:642} INFO - Processing file /home/airflow/.local/lib/python3.7/site-packages/airflow/example_dags/tutorial_etl_dag.py for tasks to queue
[2022-02-21 01:08:15,721] {logging_mixin.py:109} INFO - [2022-02-21 01:08:15,721] {dagbag.py:500} INFO - Filling up the DagBag from /home/airflow/.local/lib/python3.7/site-packages/airflow/example_dags/tutorial_etl_dag.py
[2022-02-21 01:08:15,757] {processor.py:654} INFO - DAG(s) dict_keys(['tutorial_etl_dag']) retrieved from /home/airflow/.local/lib/python3.7/site-packages/airflow/example_dags/tutorial_etl_dag.py
[2022-02-21 01:08:15,770] {logging_mixin.py:109} INFO - [2022-02-21 01:08:15,770] {dag.py:2396} INFO - Sync 1 DAGs
[2022-02-21 01:08:15,791] {logging_mixin.py:109} INFO - [2022-02-21 01:08:15,791] {dag.py:2935} INFO - Setting next_dagrun for tutorial_etl_dag to None
[2022-02-21 01:08:15,803] {processor.py:171} INFO - Processing /home/airflow/.local/lib/python3.7/site-packages/airflow/example_dags/tutorial_etl_dag.py took 0.088 seconds
[2022-02-21 01:08:45,894] {processor.py:163} INFO - Started process (PID=1389) to work on /home/airflow/.local/lib/python3.7/site-packages/airflow/example_dags/tutorial_etl_dag.py
[2022-02-21 01:08:45,895] {processor.py:642} INFO - Processing file /home/airflow/.local/lib/python3.7/site-packages/airflow/example_dags/tutorial_etl_dag.py for tasks to queue
[2022-02-21 01:08:45,896] {logging_mixin.py:109} INFO - [2022-02-21 01:08:45,896] {dagbag.py:500} INFO - Filling up the DagBag from /home/airflow/.local/lib/python3.7/site-packages/airflow/example_dags/tutorial_etl_dag.py
[2022-02-21 01:08:45,932] {processor.py:654} INFO - DAG(s) dict_keys(['tutorial_etl_dag']) retrieved from /home/airflow/.local/lib/python3.7/site-packages/airflow/example_dags/tutorial_etl_dag.py
[2022-02-21 01:08:45,948] {logging_mixin.py:109} INFO - [2022-02-21 01:08:45,948] {dag.py:2396} INFO - Sync 1 DAGs
[2022-02-21 01:08:45,973] {logging_mixin.py:109} INFO - [2022-02-21 01:08:45,973] {dag.py:2935} INFO - Setting next_dagrun for tutorial_etl_dag to None
[2022-02-21 01:08:45,989] {processor.py:171} INFO - Processing /home/airflow/.local/lib/python3.7/site-packages/airflow/example_dags/tutorial_etl_dag.py took 0.100 seconds
[2022-02-21 01:09:16,134] {processor.py:163} INFO - Started process (PID=1438) to work on /home/airflow/.local/lib/python3.7/site-packages/airflow/example_dags/tutorial_etl_dag.py
[2022-02-21 01:09:16,135] {processor.py:642} INFO - Processing file /home/airflow/.local/lib/python3.7/site-packages/airflow/example_dags/tutorial_etl_dag.py for tasks to queue
[2022-02-21 01:09:16,136] {logging_mixin.py:109} INFO - [2022-02-21 01:09:16,136] {dagbag.py:500} INFO - Filling up the DagBag from /home/airflow/.local/lib/python3.7/site-packages/airflow/example_dags/tutorial_etl_dag.py
[2022-02-21 01:09:16,166] {processor.py:654} INFO - DAG(s) dict_keys(['tutorial_etl_dag']) retrieved from /home/airflow/.local/lib/python3.7/site-packages/airflow/example_dags/tutorial_etl_dag.py
[2022-02-21 01:09:16,177] {logging_mixin.py:109} INFO - [2022-02-21 01:09:16,177] {dag.py:2396} INFO - Sync 1 DAGs
[2022-02-21 01:09:16,196] {logging_mixin.py:109} INFO - [2022-02-21 01:09:16,195] {dag.py:2935} INFO - Setting next_dagrun for tutorial_etl_dag to None
[2022-02-21 01:09:16,207] {processor.py:171} INFO - Processing /home/airflow/.local/lib/python3.7/site-packages/airflow/example_dags/tutorial_etl_dag.py took 0.076 seconds
[2022-02-21 01:09:46,357] {processor.py:163} INFO - Started process (PID=1490) to work on /home/airflow/.local/lib/python3.7/site-packages/airflow/example_dags/tutorial_etl_dag.py
[2022-02-21 01:09:46,358] {processor.py:642} INFO - Processing file /home/airflow/.local/lib/python3.7/site-packages/airflow/example_dags/tutorial_etl_dag.py for tasks to queue
[2022-02-21 01:09:46,359] {logging_mixin.py:109} INFO - [2022-02-21 01:09:46,359] {dagbag.py:500} INFO - Filling up the DagBag from /home/airflow/.local/lib/python3.7/site-packages/airflow/example_dags/tutorial_etl_dag.py
[2022-02-21 01:09:46,398] {processor.py:654} INFO - DAG(s) dict_keys(['tutorial_etl_dag']) retrieved from /home/airflow/.local/lib/python3.7/site-packages/airflow/example_dags/tutorial_etl_dag.py
[2022-02-21 01:09:46,413] {logging_mixin.py:109} INFO - [2022-02-21 01:09:46,413] {dag.py:2396} INFO - Sync 1 DAGs
[2022-02-21 01:09:46,436] {logging_mixin.py:109} INFO - [2022-02-21 01:09:46,436] {dag.py:2935} INFO - Setting next_dagrun for tutorial_etl_dag to None
[2022-02-21 01:09:46,449] {processor.py:171} INFO - Processing /home/airflow/.local/lib/python3.7/site-packages/airflow/example_dags/tutorial_etl_dag.py took 0.096 seconds
[2022-02-21 01:10:17,334] {processor.py:163} INFO - Started process (PID=1550) to work on /home/airflow/.local/lib/python3.7/site-packages/airflow/example_dags/tutorial_etl_dag.py
[2022-02-21 01:10:17,336] {processor.py:642} INFO - Processing file /home/airflow/.local/lib/python3.7/site-packages/airflow/example_dags/tutorial_etl_dag.py for tasks to queue
[2022-02-21 01:10:17,337] {logging_mixin.py:109} INFO - [2022-02-21 01:10:17,337] {dagbag.py:500} INFO - Filling up the DagBag from /home/airflow/.local/lib/python3.7/site-packages/airflow/example_dags/tutorial_etl_dag.py
[2022-02-21 01:10:17,383] {processor.py:654} INFO - DAG(s) dict_keys(['tutorial_etl_dag']) retrieved from /home/airflow/.local/lib/python3.7/site-packages/airflow/example_dags/tutorial_etl_dag.py
[2022-02-21 01:10:17,397] {logging_mixin.py:109} INFO - [2022-02-21 01:10:17,397] {dag.py:2396} INFO - Sync 1 DAGs
[2022-02-21 01:10:17,425] {logging_mixin.py:109} INFO - [2022-02-21 01:10:17,425] {dag.py:2935} INFO - Setting next_dagrun for tutorial_etl_dag to None
[2022-02-21 01:10:17,580] {processor.py:171} INFO - Processing /home/airflow/.local/lib/python3.7/site-packages/airflow/example_dags/tutorial_etl_dag.py took 0.251 seconds
[2022-02-21 01:10:47,851] {processor.py:163} INFO - Started process (PID=1600) to work on /home/airflow/.local/lib/python3.7/site-packages/airflow/example_dags/tutorial_etl_dag.py
[2022-02-21 01:10:47,853] {processor.py:642} INFO - Processing file /home/airflow/.local/lib/python3.7/site-packages/airflow/example_dags/tutorial_etl_dag.py for tasks to queue
[2022-02-21 01:10:47,854] {logging_mixin.py:109} INFO - [2022-02-21 01:10:47,854] {dagbag.py:500} INFO - Filling up the DagBag from /home/airflow/.local/lib/python3.7/site-packages/airflow/example_dags/tutorial_etl_dag.py
[2022-02-21 01:10:47,901] {processor.py:654} INFO - DAG(s) dict_keys(['tutorial_etl_dag']) retrieved from /home/airflow/.local/lib/python3.7/site-packages/airflow/example_dags/tutorial_etl_dag.py
[2022-02-21 01:10:47,915] {logging_mixin.py:109} INFO - [2022-02-21 01:10:47,915] {dag.py:2396} INFO - Sync 1 DAGs
[2022-02-21 01:10:47,939] {logging_mixin.py:109} INFO - [2022-02-21 01:10:47,939] {dag.py:2935} INFO - Setting next_dagrun for tutorial_etl_dag to None
[2022-02-21 01:10:48,073] {processor.py:171} INFO - Processing /home/airflow/.local/lib/python3.7/site-packages/airflow/example_dags/tutorial_etl_dag.py took 0.227 seconds
[2022-02-21 01:11:18,180] {processor.py:163} INFO - Started process (PID=1650) to work on /home/airflow/.local/lib/python3.7/site-packages/airflow/example_dags/tutorial_etl_dag.py
[2022-02-21 01:11:18,182] {processor.py:642} INFO - Processing file /home/airflow/.local/lib/python3.7/site-packages/airflow/example_dags/tutorial_etl_dag.py for tasks to queue
[2022-02-21 01:11:18,182] {logging_mixin.py:109} INFO - [2022-02-21 01:11:18,182] {dagbag.py:500} INFO - Filling up the DagBag from /home/airflow/.local/lib/python3.7/site-packages/airflow/example_dags/tutorial_etl_dag.py
[2022-02-21 01:11:18,213] {processor.py:654} INFO - DAG(s) dict_keys(['tutorial_etl_dag']) retrieved from /home/airflow/.local/lib/python3.7/site-packages/airflow/example_dags/tutorial_etl_dag.py
[2022-02-21 01:11:18,225] {logging_mixin.py:109} INFO - [2022-02-21 01:11:18,225] {dag.py:2396} INFO - Sync 1 DAGs
[2022-02-21 01:11:18,337] {logging_mixin.py:109} INFO - [2022-02-21 01:11:18,337] {dag.py:2935} INFO - Setting next_dagrun for tutorial_etl_dag to None
[2022-02-21 01:11:18,353] {processor.py:171} INFO - Processing /home/airflow/.local/lib/python3.7/site-packages/airflow/example_dags/tutorial_etl_dag.py took 0.177 seconds
[2022-02-21 01:11:48,756] {processor.py:163} INFO - Started process (PID=1700) to work on /home/airflow/.local/lib/python3.7/site-packages/airflow/example_dags/tutorial_etl_dag.py
[2022-02-21 01:11:48,783] {processor.py:642} INFO - Processing file /home/airflow/.local/lib/python3.7/site-packages/airflow/example_dags/tutorial_etl_dag.py for tasks to queue
[2022-02-21 01:11:48,784] {logging_mixin.py:109} INFO - [2022-02-21 01:11:48,784] {dagbag.py:500} INFO - Filling up the DagBag from /home/airflow/.local/lib/python3.7/site-packages/airflow/example_dags/tutorial_etl_dag.py
[2022-02-21 01:11:48,828] {processor.py:654} INFO - DAG(s) dict_keys(['tutorial_etl_dag']) retrieved from /home/airflow/.local/lib/python3.7/site-packages/airflow/example_dags/tutorial_etl_dag.py
[2022-02-21 01:11:48,842] {logging_mixin.py:109} INFO - [2022-02-21 01:11:48,842] {dag.py:2396} INFO - Sync 1 DAGs
[2022-02-21 01:11:48,995] {logging_mixin.py:109} INFO - [2022-02-21 01:11:48,995] {dag.py:2935} INFO - Setting next_dagrun for tutorial_etl_dag to None
[2022-02-21 01:11:49,038] {processor.py:171} INFO - Processing /home/airflow/.local/lib/python3.7/site-packages/airflow/example_dags/tutorial_etl_dag.py took 0.287 seconds
[2022-02-21 01:12:19,301] {processor.py:163} INFO - Started process (PID=1752) to work on /home/airflow/.local/lib/python3.7/site-packages/airflow/example_dags/tutorial_etl_dag.py
[2022-02-21 01:12:19,302] {processor.py:642} INFO - Processing file /home/airflow/.local/lib/python3.7/site-packages/airflow/example_dags/tutorial_etl_dag.py for tasks to queue
[2022-02-21 01:12:19,303] {logging_mixin.py:109} INFO - [2022-02-21 01:12:19,302] {dagbag.py:500} INFO - Filling up the DagBag from /home/airflow/.local/lib/python3.7/site-packages/airflow/example_dags/tutorial_etl_dag.py
[2022-02-21 01:12:19,335] {processor.py:654} INFO - DAG(s) dict_keys(['tutorial_etl_dag']) retrieved from /home/airflow/.local/lib/python3.7/site-packages/airflow/example_dags/tutorial_etl_dag.py
[2022-02-21 01:12:19,345] {logging_mixin.py:109} INFO - [2022-02-21 01:12:19,345] {dag.py:2396} INFO - Sync 1 DAGs
[2022-02-21 01:12:19,442] {logging_mixin.py:109} INFO - [2022-02-21 01:12:19,442] {dag.py:2935} INFO - Setting next_dagrun for tutorial_etl_dag to None
[2022-02-21 01:12:19,453] {processor.py:171} INFO - Processing /home/airflow/.local/lib/python3.7/site-packages/airflow/example_dags/tutorial_etl_dag.py took 0.155 seconds
[2022-02-21 01:12:49,754] {processor.py:163} INFO - Started process (PID=1803) to work on /home/airflow/.local/lib/python3.7/site-packages/airflow/example_dags/tutorial_etl_dag.py
[2022-02-21 01:12:49,757] {processor.py:642} INFO - Processing file /home/airflow/.local/lib/python3.7/site-packages/airflow/example_dags/tutorial_etl_dag.py for tasks to queue
[2022-02-21 01:12:49,758] {logging_mixin.py:109} INFO - [2022-02-21 01:12:49,758] {dagbag.py:500} INFO - Filling up the DagBag from /home/airflow/.local/lib/python3.7/site-packages/airflow/example_dags/tutorial_etl_dag.py
[2022-02-21 01:12:49,919] {processor.py:654} INFO - DAG(s) dict_keys(['tutorial_etl_dag']) retrieved from /home/airflow/.local/lib/python3.7/site-packages/airflow/example_dags/tutorial_etl_dag.py
[2022-02-21 01:12:49,932] {logging_mixin.py:109} INFO - [2022-02-21 01:12:49,932] {dag.py:2396} INFO - Sync 1 DAGs
[2022-02-21 01:12:49,956] {logging_mixin.py:109} INFO - [2022-02-21 01:12:49,956] {dag.py:2935} INFO - Setting next_dagrun for tutorial_etl_dag to None
[2022-02-21 01:12:49,970] {processor.py:171} INFO - Processing /home/airflow/.local/lib/python3.7/site-packages/airflow/example_dags/tutorial_etl_dag.py took 0.220 seconds
[2022-02-21 01:13:20,393] {processor.py:163} INFO - Started process (PID=1864) to work on /home/airflow/.local/lib/python3.7/site-packages/airflow/example_dags/tutorial_etl_dag.py
[2022-02-21 01:13:20,394] {processor.py:642} INFO - Processing file /home/airflow/.local/lib/python3.7/site-packages/airflow/example_dags/tutorial_etl_dag.py for tasks to queue
[2022-02-21 01:13:20,395] {logging_mixin.py:109} INFO - [2022-02-21 01:13:20,395] {dagbag.py:500} INFO - Filling up the DagBag from /home/airflow/.local/lib/python3.7/site-packages/airflow/example_dags/tutorial_etl_dag.py
[2022-02-21 01:13:20,545] {processor.py:654} INFO - DAG(s) dict_keys(['tutorial_etl_dag']) retrieved from /home/airflow/.local/lib/python3.7/site-packages/airflow/example_dags/tutorial_etl_dag.py
[2022-02-21 01:13:20,559] {logging_mixin.py:109} INFO - [2022-02-21 01:13:20,559] {dag.py:2396} INFO - Sync 1 DAGs
[2022-02-21 01:13:20,594] {logging_mixin.py:109} INFO - [2022-02-21 01:13:20,593] {dag.py:2935} INFO - Setting next_dagrun for tutorial_etl_dag to None
[2022-02-21 01:13:20,615] {processor.py:171} INFO - Processing /home/airflow/.local/lib/python3.7/site-packages/airflow/example_dags/tutorial_etl_dag.py took 0.226 seconds
[2022-02-21 01:13:50,995] {processor.py:163} INFO - Started process (PID=1915) to work on /home/airflow/.local/lib/python3.7/site-packages/airflow/example_dags/tutorial_etl_dag.py
[2022-02-21 01:13:50,997] {processor.py:642} INFO - Processing file /home/airflow/.local/lib/python3.7/site-packages/airflow/example_dags/tutorial_etl_dag.py for tasks to queue
[2022-02-21 01:13:50,999] {logging_mixin.py:109} INFO - [2022-02-21 01:13:50,999] {dagbag.py:500} INFO - Filling up the DagBag from /home/airflow/.local/lib/python3.7/site-packages/airflow/example_dags/tutorial_etl_dag.py
[2022-02-21 01:13:51,144] {processor.py:654} INFO - DAG(s) dict_keys(['tutorial_etl_dag']) retrieved from /home/airflow/.local/lib/python3.7/site-packages/airflow/example_dags/tutorial_etl_dag.py
[2022-02-21 01:13:51,158] {logging_mixin.py:109} INFO - [2022-02-21 01:13:51,158] {dag.py:2396} INFO - Sync 1 DAGs
[2022-02-21 01:13:51,179] {logging_mixin.py:109} INFO - [2022-02-21 01:13:51,179] {dag.py:2935} INFO - Setting next_dagrun for tutorial_etl_dag to None
[2022-02-21 01:13:51,195] {processor.py:171} INFO - Processing /home/airflow/.local/lib/python3.7/site-packages/airflow/example_dags/tutorial_etl_dag.py took 0.204 seconds
[2022-02-21 01:14:21,464] {processor.py:163} INFO - Started process (PID=1966) to work on /home/airflow/.local/lib/python3.7/site-packages/airflow/example_dags/tutorial_etl_dag.py
[2022-02-21 01:14:21,466] {processor.py:642} INFO - Processing file /home/airflow/.local/lib/python3.7/site-packages/airflow/example_dags/tutorial_etl_dag.py for tasks to queue
[2022-02-21 01:14:21,467] {logging_mixin.py:109} INFO - [2022-02-21 01:14:21,466] {dagbag.py:500} INFO - Filling up the DagBag from /home/airflow/.local/lib/python3.7/site-packages/airflow/example_dags/tutorial_etl_dag.py
[2022-02-21 01:14:21,617] {processor.py:654} INFO - DAG(s) dict_keys(['tutorial_etl_dag']) retrieved from /home/airflow/.local/lib/python3.7/site-packages/airflow/example_dags/tutorial_etl_dag.py
[2022-02-21 01:14:21,632] {logging_mixin.py:109} INFO - [2022-02-21 01:14:21,632] {dag.py:2396} INFO - Sync 1 DAGs
[2022-02-21 01:14:21,665] {logging_mixin.py:109} INFO - [2022-02-21 01:14:21,665] {dag.py:2935} INFO - Setting next_dagrun for tutorial_etl_dag to None
[2022-02-21 01:14:21,687] {processor.py:171} INFO - Processing /home/airflow/.local/lib/python3.7/site-packages/airflow/example_dags/tutorial_etl_dag.py took 0.227 seconds
[2022-02-21 01:14:51,782] {processor.py:163} INFO - Started process (PID=2016) to work on /home/airflow/.local/lib/python3.7/site-packages/airflow/example_dags/tutorial_etl_dag.py
[2022-02-21 01:14:51,784] {processor.py:642} INFO - Processing file /home/airflow/.local/lib/python3.7/site-packages/airflow/example_dags/tutorial_etl_dag.py for tasks to queue
[2022-02-21 01:14:51,784] {logging_mixin.py:109} INFO - [2022-02-21 01:14:51,784] {dagbag.py:500} INFO - Filling up the DagBag from /home/airflow/.local/lib/python3.7/site-packages/airflow/example_dags/tutorial_etl_dag.py
[2022-02-21 01:14:51,823] {processor.py:654} INFO - DAG(s) dict_keys(['tutorial_etl_dag']) retrieved from /home/airflow/.local/lib/python3.7/site-packages/airflow/example_dags/tutorial_etl_dag.py
[2022-02-21 01:14:51,838] {logging_mixin.py:109} INFO - [2022-02-21 01:14:51,837] {dag.py:2396} INFO - Sync 1 DAGs
[2022-02-21 01:14:51,864] {logging_mixin.py:109} INFO - [2022-02-21 01:14:51,863] {dag.py:2935} INFO - Setting next_dagrun for tutorial_etl_dag to None
[2022-02-21 01:14:51,878] {processor.py:171} INFO - Processing /home/airflow/.local/lib/python3.7/site-packages/airflow/example_dags/tutorial_etl_dag.py took 0.101 seconds
[2022-02-21 01:15:22,198] {processor.py:163} INFO - Started process (PID=2066) to work on /home/airflow/.local/lib/python3.7/site-packages/airflow/example_dags/tutorial_etl_dag.py
[2022-02-21 01:15:22,201] {processor.py:642} INFO - Processing file /home/airflow/.local/lib/python3.7/site-packages/airflow/example_dags/tutorial_etl_dag.py for tasks to queue
[2022-02-21 01:15:22,203] {logging_mixin.py:109} INFO - [2022-02-21 01:15:22,203] {dagbag.py:500} INFO - Filling up the DagBag from /home/airflow/.local/lib/python3.7/site-packages/airflow/example_dags/tutorial_etl_dag.py
[2022-02-21 01:15:22,308] {processor.py:654} INFO - DAG(s) dict_keys(['tutorial_etl_dag']) retrieved from /home/airflow/.local/lib/python3.7/site-packages/airflow/example_dags/tutorial_etl_dag.py
[2022-02-21 01:15:22,338] {logging_mixin.py:109} INFO - [2022-02-21 01:15:22,338] {dag.py:2396} INFO - Sync 1 DAGs
[2022-02-21 01:15:22,391] {logging_mixin.py:109} INFO - [2022-02-21 01:15:22,391] {dag.py:2935} INFO - Setting next_dagrun for tutorial_etl_dag to None
[2022-02-21 01:15:22,427] {processor.py:171} INFO - Processing /home/airflow/.local/lib/python3.7/site-packages/airflow/example_dags/tutorial_etl_dag.py took 0.238 seconds
[2022-02-21 01:15:52,482] {processor.py:163} INFO - Started process (PID=2116) to work on /home/airflow/.local/lib/python3.7/site-packages/airflow/example_dags/tutorial_etl_dag.py
[2022-02-21 01:15:52,488] {processor.py:642} INFO - Processing file /home/airflow/.local/lib/python3.7/site-packages/airflow/example_dags/tutorial_etl_dag.py for tasks to queue
[2022-02-21 01:15:52,490] {logging_mixin.py:109} INFO - [2022-02-21 01:15:52,489] {dagbag.py:500} INFO - Filling up the DagBag from /home/airflow/.local/lib/python3.7/site-packages/airflow/example_dags/tutorial_etl_dag.py
[2022-02-21 01:15:52,551] {processor.py:654} INFO - DAG(s) dict_keys(['tutorial_etl_dag']) retrieved from /home/airflow/.local/lib/python3.7/site-packages/airflow/example_dags/tutorial_etl_dag.py
[2022-02-21 01:15:52,569] {logging_mixin.py:109} INFO - [2022-02-21 01:15:52,568] {dag.py:2396} INFO - Sync 1 DAGs
[2022-02-21 01:15:52,611] {logging_mixin.py:109} INFO - [2022-02-21 01:15:52,610] {dag.py:2935} INFO - Setting next_dagrun for tutorial_etl_dag to None
[2022-02-21 01:15:52,636] {processor.py:171} INFO - Processing /home/airflow/.local/lib/python3.7/site-packages/airflow/example_dags/tutorial_etl_dag.py took 0.164 seconds
[2022-02-21 01:16:23,071] {processor.py:163} INFO - Started process (PID=2169) to work on /home/airflow/.local/lib/python3.7/site-packages/airflow/example_dags/tutorial_etl_dag.py
[2022-02-21 01:16:23,076] {processor.py:642} INFO - Processing file /home/airflow/.local/lib/python3.7/site-packages/airflow/example_dags/tutorial_etl_dag.py for tasks to queue
[2022-02-21 01:16:23,081] {logging_mixin.py:109} INFO - [2022-02-21 01:16:23,080] {dagbag.py:500} INFO - Filling up the DagBag from /home/airflow/.local/lib/python3.7/site-packages/airflow/example_dags/tutorial_etl_dag.py
[2022-02-21 01:16:23,229] {processor.py:654} INFO - DAG(s) dict_keys(['tutorial_etl_dag']) retrieved from /home/airflow/.local/lib/python3.7/site-packages/airflow/example_dags/tutorial_etl_dag.py
[2022-02-21 01:16:23,271] {logging_mixin.py:109} INFO - [2022-02-21 01:16:23,271] {dag.py:2396} INFO - Sync 1 DAGs
[2022-02-21 01:16:23,353] {logging_mixin.py:109} INFO - [2022-02-21 01:16:23,353] {dag.py:2935} INFO - Setting next_dagrun for tutorial_etl_dag to None
[2022-02-21 01:16:23,384] {processor.py:171} INFO - Processing /home/airflow/.local/lib/python3.7/site-packages/airflow/example_dags/tutorial_etl_dag.py took 0.334 seconds
[2022-02-21 01:16:54,131] {processor.py:163} INFO - Started process (PID=2220) to work on /home/airflow/.local/lib/python3.7/site-packages/airflow/example_dags/tutorial_etl_dag.py
[2022-02-21 01:16:54,134] {processor.py:642} INFO - Processing file /home/airflow/.local/lib/python3.7/site-packages/airflow/example_dags/tutorial_etl_dag.py for tasks to queue
[2022-02-21 01:16:54,135] {logging_mixin.py:109} INFO - [2022-02-21 01:16:54,135] {dagbag.py:500} INFO - Filling up the DagBag from /home/airflow/.local/lib/python3.7/site-packages/airflow/example_dags/tutorial_etl_dag.py
[2022-02-21 01:16:54,190] {processor.py:654} INFO - DAG(s) dict_keys(['tutorial_etl_dag']) retrieved from /home/airflow/.local/lib/python3.7/site-packages/airflow/example_dags/tutorial_etl_dag.py
[2022-02-21 01:16:54,208] {logging_mixin.py:109} INFO - [2022-02-21 01:16:54,208] {dag.py:2396} INFO - Sync 1 DAGs
[2022-02-21 01:16:54,239] {logging_mixin.py:109} INFO - [2022-02-21 01:16:54,239] {dag.py:2935} INFO - Setting next_dagrun for tutorial_etl_dag to None
[2022-02-21 01:16:54,263] {processor.py:171} INFO - Processing /home/airflow/.local/lib/python3.7/site-packages/airflow/example_dags/tutorial_etl_dag.py took 0.138 seconds
[2022-02-21 01:17:24,435] {processor.py:163} INFO - Started process (PID=2271) to work on /home/airflow/.local/lib/python3.7/site-packages/airflow/example_dags/tutorial_etl_dag.py
[2022-02-21 01:17:24,436] {processor.py:642} INFO - Processing file /home/airflow/.local/lib/python3.7/site-packages/airflow/example_dags/tutorial_etl_dag.py for tasks to queue
[2022-02-21 01:17:24,437] {logging_mixin.py:109} INFO - [2022-02-21 01:17:24,437] {dagbag.py:500} INFO - Filling up the DagBag from /home/airflow/.local/lib/python3.7/site-packages/airflow/example_dags/tutorial_etl_dag.py
[2022-02-21 01:17:24,471] {processor.py:654} INFO - DAG(s) dict_keys(['tutorial_etl_dag']) retrieved from /home/airflow/.local/lib/python3.7/site-packages/airflow/example_dags/tutorial_etl_dag.py
[2022-02-21 01:17:24,483] {logging_mixin.py:109} INFO - [2022-02-21 01:17:24,483] {dag.py:2396} INFO - Sync 1 DAGs
[2022-02-21 01:17:24,503] {logging_mixin.py:109} INFO - [2022-02-21 01:17:24,503] {dag.py:2935} INFO - Setting next_dagrun for tutorial_etl_dag to None
[2022-02-21 01:17:24,515] {processor.py:171} INFO - Processing /home/airflow/.local/lib/python3.7/site-packages/airflow/example_dags/tutorial_etl_dag.py took 0.085 seconds
[2022-02-21 01:17:54,622] {processor.py:163} INFO - Started process (PID=2321) to work on /home/airflow/.local/lib/python3.7/site-packages/airflow/example_dags/tutorial_etl_dag.py
[2022-02-21 01:17:54,623] {processor.py:642} INFO - Processing file /home/airflow/.local/lib/python3.7/site-packages/airflow/example_dags/tutorial_etl_dag.py for tasks to queue
[2022-02-21 01:17:54,623] {logging_mixin.py:109} INFO - [2022-02-21 01:17:54,623] {dagbag.py:500} INFO - Filling up the DagBag from /home/airflow/.local/lib/python3.7/site-packages/airflow/example_dags/tutorial_etl_dag.py
[2022-02-21 01:17:54,677] {processor.py:654} INFO - DAG(s) dict_keys(['tutorial_etl_dag']) retrieved from /home/airflow/.local/lib/python3.7/site-packages/airflow/example_dags/tutorial_etl_dag.py
[2022-02-21 01:17:54,693] {logging_mixin.py:109} INFO - [2022-02-21 01:17:54,692] {dag.py:2396} INFO - Sync 1 DAGs
[2022-02-21 01:17:54,716] {logging_mixin.py:109} INFO - [2022-02-21 01:17:54,716] {dag.py:2935} INFO - Setting next_dagrun for tutorial_etl_dag to None
[2022-02-21 01:17:54,730] {processor.py:171} INFO - Processing /home/airflow/.local/lib/python3.7/site-packages/airflow/example_dags/tutorial_etl_dag.py took 0.114 seconds
[2022-02-21 01:18:25,183] {processor.py:163} INFO - Started process (PID=2381) to work on /home/airflow/.local/lib/python3.7/site-packages/airflow/example_dags/tutorial_etl_dag.py
[2022-02-21 01:18:25,185] {processor.py:642} INFO - Processing file /home/airflow/.local/lib/python3.7/site-packages/airflow/example_dags/tutorial_etl_dag.py for tasks to queue
[2022-02-21 01:18:25,185] {logging_mixin.py:109} INFO - [2022-02-21 01:18:25,185] {dagbag.py:500} INFO - Filling up the DagBag from /home/airflow/.local/lib/python3.7/site-packages/airflow/example_dags/tutorial_etl_dag.py
[2022-02-21 01:18:25,226] {processor.py:654} INFO - DAG(s) dict_keys(['tutorial_etl_dag']) retrieved from /home/airflow/.local/lib/python3.7/site-packages/airflow/example_dags/tutorial_etl_dag.py
[2022-02-21 01:18:25,242] {logging_mixin.py:109} INFO - [2022-02-21 01:18:25,242] {dag.py:2396} INFO - Sync 1 DAGs
[2022-02-21 01:18:25,267] {logging_mixin.py:109} INFO - [2022-02-21 01:18:25,267] {dag.py:2935} INFO - Setting next_dagrun for tutorial_etl_dag to None
[2022-02-21 01:18:25,281] {processor.py:171} INFO - Processing /home/airflow/.local/lib/python3.7/site-packages/airflow/example_dags/tutorial_etl_dag.py took 0.102 seconds
[2022-02-21 01:18:55,325] {processor.py:163} INFO - Started process (PID=2431) to work on /home/airflow/.local/lib/python3.7/site-packages/airflow/example_dags/tutorial_etl_dag.py
[2022-02-21 01:18:55,326] {processor.py:642} INFO - Processing file /home/airflow/.local/lib/python3.7/site-packages/airflow/example_dags/tutorial_etl_dag.py for tasks to queue
[2022-02-21 01:18:55,326] {logging_mixin.py:109} INFO - [2022-02-21 01:18:55,326] {dagbag.py:500} INFO - Filling up the DagBag from /home/airflow/.local/lib/python3.7/site-packages/airflow/example_dags/tutorial_etl_dag.py
[2022-02-21 01:18:55,358] {processor.py:654} INFO - DAG(s) dict_keys(['tutorial_etl_dag']) retrieved from /home/airflow/.local/lib/python3.7/site-packages/airflow/example_dags/tutorial_etl_dag.py
[2022-02-21 01:18:55,368] {logging_mixin.py:109} INFO - [2022-02-21 01:18:55,368] {dag.py:2396} INFO - Sync 1 DAGs
[2022-02-21 01:18:55,384] {logging_mixin.py:109} INFO - [2022-02-21 01:18:55,384] {dag.py:2935} INFO - Setting next_dagrun for tutorial_etl_dag to None
[2022-02-21 01:18:55,393] {processor.py:171} INFO - Processing /home/airflow/.local/lib/python3.7/site-packages/airflow/example_dags/tutorial_etl_dag.py took 0.071 seconds
[2022-02-21 01:19:25,490] {processor.py:163} INFO - Started process (PID=2482) to work on /home/airflow/.local/lib/python3.7/site-packages/airflow/example_dags/tutorial_etl_dag.py
[2022-02-21 01:19:25,491] {processor.py:642} INFO - Processing file /home/airflow/.local/lib/python3.7/site-packages/airflow/example_dags/tutorial_etl_dag.py for tasks to queue
[2022-02-21 01:19:25,492] {logging_mixin.py:109} INFO - [2022-02-21 01:19:25,492] {dagbag.py:500} INFO - Filling up the DagBag from /home/airflow/.local/lib/python3.7/site-packages/airflow/example_dags/tutorial_etl_dag.py
[2022-02-21 01:19:25,525] {processor.py:654} INFO - DAG(s) dict_keys(['tutorial_etl_dag']) retrieved from /home/airflow/.local/lib/python3.7/site-packages/airflow/example_dags/tutorial_etl_dag.py
[2022-02-21 01:19:25,537] {logging_mixin.py:109} INFO - [2022-02-21 01:19:25,537] {dag.py:2396} INFO - Sync 1 DAGs
[2022-02-21 01:19:25,559] {logging_mixin.py:109} INFO - [2022-02-21 01:19:25,559] {dag.py:2935} INFO - Setting next_dagrun for tutorial_etl_dag to None
[2022-02-21 01:19:25,571] {processor.py:171} INFO - Processing /home/airflow/.local/lib/python3.7/site-packages/airflow/example_dags/tutorial_etl_dag.py took 0.085 seconds
[2022-02-21 01:19:55,703] {processor.py:163} INFO - Started process (PID=2541) to work on /home/airflow/.local/lib/python3.7/site-packages/airflow/example_dags/tutorial_etl_dag.py
[2022-02-21 01:19:55,704] {processor.py:642} INFO - Processing file /home/airflow/.local/lib/python3.7/site-packages/airflow/example_dags/tutorial_etl_dag.py for tasks to queue
[2022-02-21 01:19:55,705] {logging_mixin.py:109} INFO - [2022-02-21 01:19:55,705] {dagbag.py:500} INFO - Filling up the DagBag from /home/airflow/.local/lib/python3.7/site-packages/airflow/example_dags/tutorial_etl_dag.py
[2022-02-21 01:19:55,751] {processor.py:654} INFO - DAG(s) dict_keys(['tutorial_etl_dag']) retrieved from /home/airflow/.local/lib/python3.7/site-packages/airflow/example_dags/tutorial_etl_dag.py
[2022-02-21 01:19:55,767] {logging_mixin.py:109} INFO - [2022-02-21 01:19:55,767] {dag.py:2396} INFO - Sync 1 DAGs
[2022-02-21 01:19:55,791] {logging_mixin.py:109} INFO - [2022-02-21 01:19:55,791] {dag.py:2935} INFO - Setting next_dagrun for tutorial_etl_dag to None
[2022-02-21 01:19:55,805] {processor.py:171} INFO - Processing /home/airflow/.local/lib/python3.7/site-packages/airflow/example_dags/tutorial_etl_dag.py took 0.106 seconds
[2022-02-21 01:20:26,719] {processor.py:163} INFO - Started process (PID=2592) to work on /home/airflow/.local/lib/python3.7/site-packages/airflow/example_dags/tutorial_etl_dag.py
[2022-02-21 01:20:26,722] {processor.py:642} INFO - Processing file /home/airflow/.local/lib/python3.7/site-packages/airflow/example_dags/tutorial_etl_dag.py for tasks to queue
[2022-02-21 01:20:26,724] {logging_mixin.py:109} INFO - [2022-02-21 01:20:26,723] {dagbag.py:500} INFO - Filling up the DagBag from /home/airflow/.local/lib/python3.7/site-packages/airflow/example_dags/tutorial_etl_dag.py
[2022-02-21 01:20:26,801] {processor.py:654} INFO - DAG(s) dict_keys(['tutorial_etl_dag']) retrieved from /home/airflow/.local/lib/python3.7/site-packages/airflow/example_dags/tutorial_etl_dag.py
[2022-02-21 01:20:26,823] {logging_mixin.py:109} INFO - [2022-02-21 01:20:26,823] {dag.py:2396} INFO - Sync 1 DAGs
[2022-02-21 01:20:26,862] {logging_mixin.py:109} INFO - [2022-02-21 01:20:26,861] {dag.py:2935} INFO - Setting next_dagrun for tutorial_etl_dag to None
[2022-02-21 01:20:26,883] {processor.py:171} INFO - Processing /home/airflow/.local/lib/python3.7/site-packages/airflow/example_dags/tutorial_etl_dag.py took 0.171 seconds
[2022-02-21 01:20:56,955] {processor.py:163} INFO - Started process (PID=2642) to work on /home/airflow/.local/lib/python3.7/site-packages/airflow/example_dags/tutorial_etl_dag.py
[2022-02-21 01:20:56,957] {processor.py:642} INFO - Processing file /home/airflow/.local/lib/python3.7/site-packages/airflow/example_dags/tutorial_etl_dag.py for tasks to queue
[2022-02-21 01:20:56,957] {logging_mixin.py:109} INFO - [2022-02-21 01:20:56,957] {dagbag.py:500} INFO - Filling up the DagBag from /home/airflow/.local/lib/python3.7/site-packages/airflow/example_dags/tutorial_etl_dag.py
[2022-02-21 01:20:56,989] {processor.py:654} INFO - DAG(s) dict_keys(['tutorial_etl_dag']) retrieved from /home/airflow/.local/lib/python3.7/site-packages/airflow/example_dags/tutorial_etl_dag.py
[2022-02-21 01:20:57,001] {logging_mixin.py:109} INFO - [2022-02-21 01:20:57,001] {dag.py:2396} INFO - Sync 1 DAGs
[2022-02-21 01:20:57,019] {logging_mixin.py:109} INFO - [2022-02-21 01:20:57,019] {dag.py:2935} INFO - Setting next_dagrun for tutorial_etl_dag to None
[2022-02-21 01:20:57,031] {processor.py:171} INFO - Processing /home/airflow/.local/lib/python3.7/site-packages/airflow/example_dags/tutorial_etl_dag.py took 0.081 seconds
[2022-02-21 01:21:27,180] {processor.py:163} INFO - Started process (PID=2692) to work on /home/airflow/.local/lib/python3.7/site-packages/airflow/example_dags/tutorial_etl_dag.py
[2022-02-21 01:21:27,182] {processor.py:642} INFO - Processing file /home/airflow/.local/lib/python3.7/site-packages/airflow/example_dags/tutorial_etl_dag.py for tasks to queue
[2022-02-21 01:21:27,182] {logging_mixin.py:109} INFO - [2022-02-21 01:21:27,182] {dagbag.py:500} INFO - Filling up the DagBag from /home/airflow/.local/lib/python3.7/site-packages/airflow/example_dags/tutorial_etl_dag.py
[2022-02-21 01:21:27,222] {processor.py:654} INFO - DAG(s) dict_keys(['tutorial_etl_dag']) retrieved from /home/airflow/.local/lib/python3.7/site-packages/airflow/example_dags/tutorial_etl_dag.py
[2022-02-21 01:21:27,236] {logging_mixin.py:109} INFO - [2022-02-21 01:21:27,236] {dag.py:2396} INFO - Sync 1 DAGs
[2022-02-21 01:21:27,258] {logging_mixin.py:109} INFO - [2022-02-21 01:21:27,258] {dag.py:2935} INFO - Setting next_dagrun for tutorial_etl_dag to None
[2022-02-21 01:21:27,273] {processor.py:171} INFO - Processing /home/airflow/.local/lib/python3.7/site-packages/airflow/example_dags/tutorial_etl_dag.py took 0.096 seconds
