[2022-02-21 00:58:23,970] {processor.py:163} INFO - Started process (PID=168) to work on /home/airflow/.local/lib/python3.7/site-packages/airflow/example_dags/tutorial_taskflow_api_etl.py
[2022-02-21 00:58:23,972] {processor.py:642} INFO - Processing file /home/airflow/.local/lib/python3.7/site-packages/airflow/example_dags/tutorial_taskflow_api_etl.py for tasks to queue
[2022-02-21 00:58:23,974] {logging_mixin.py:109} INFO - [2022-02-21 00:58:23,974] {dagbag.py:500} INFO - Filling up the DagBag from /home/airflow/.local/lib/python3.7/site-packages/airflow/example_dags/tutorial_taskflow_api_etl.py
[2022-02-21 00:58:24,116] {processor.py:654} INFO - DAG(s) dict_keys(['tutorial_taskflow_api_etl']) retrieved from /home/airflow/.local/lib/python3.7/site-packages/airflow/example_dags/tutorial_taskflow_api_etl.py
[2022-02-21 00:58:28,488] {logging_mixin.py:109} INFO - [2022-02-21 00:58:28,488] {manager.py:496} INFO - Created Permission View: can edit on DAG:tutorial_taskflow_api_etl
[2022-02-21 00:58:28,505] {logging_mixin.py:109} INFO - [2022-02-21 00:58:28,505] {manager.py:496} INFO - Created Permission View: can read on DAG:tutorial_taskflow_api_etl
[2022-02-21 00:58:28,507] {logging_mixin.py:109} INFO - [2022-02-21 00:58:28,505] {dag.py:2396} INFO - Sync 1 DAGs
[2022-02-21 00:58:28,525] {logging_mixin.py:109} INFO - [2022-02-21 00:58:28,523] {dag.py:2415} INFO - Creating ORM DAG for tutorial_taskflow_api_etl
[2022-02-21 00:58:28,540] {logging_mixin.py:109} INFO - [2022-02-21 00:58:28,540] {dag.py:2935} INFO - Setting next_dagrun for tutorial_taskflow_api_etl to None
[2022-02-21 00:58:28,570] {processor.py:171} INFO - Processing /home/airflow/.local/lib/python3.7/site-packages/airflow/example_dags/tutorial_taskflow_api_etl.py took 4.634 seconds
[2022-02-21 00:59:06,699] {processor.py:163} INFO - Started process (PID=379) to work on /home/airflow/.local/lib/python3.7/site-packages/airflow/example_dags/tutorial_taskflow_api_etl.py
[2022-02-21 00:59:06,700] {processor.py:642} INFO - Processing file /home/airflow/.local/lib/python3.7/site-packages/airflow/example_dags/tutorial_taskflow_api_etl.py for tasks to queue
[2022-02-21 00:59:06,701] {logging_mixin.py:109} INFO - [2022-02-21 00:59:06,701] {dagbag.py:500} INFO - Filling up the DagBag from /home/airflow/.local/lib/python3.7/site-packages/airflow/example_dags/tutorial_taskflow_api_etl.py
[2022-02-21 00:59:06,751] {processor.py:654} INFO - DAG(s) dict_keys(['tutorial_taskflow_api_etl']) retrieved from /home/airflow/.local/lib/python3.7/site-packages/airflow/example_dags/tutorial_taskflow_api_etl.py
[2022-02-21 00:59:07,101] {logging_mixin.py:109} INFO - [2022-02-21 00:59:07,101] {dag.py:2396} INFO - Sync 1 DAGs
[2022-02-21 00:59:07,117] {logging_mixin.py:109} INFO - [2022-02-21 00:59:07,117] {dag.py:2935} INFO - Setting next_dagrun for tutorial_taskflow_api_etl to None
[2022-02-21 00:59:07,131] {processor.py:171} INFO - Processing /home/airflow/.local/lib/python3.7/site-packages/airflow/example_dags/tutorial_taskflow_api_etl.py took 0.437 seconds
[2022-02-21 00:59:40,144] {processor.py:163} INFO - Started process (PID=441) to work on /home/airflow/.local/lib/python3.7/site-packages/airflow/example_dags/tutorial_taskflow_api_etl.py
[2022-02-21 00:59:40,149] {processor.py:642} INFO - Processing file /home/airflow/.local/lib/python3.7/site-packages/airflow/example_dags/tutorial_taskflow_api_etl.py for tasks to queue
[2022-02-21 00:59:40,152] {logging_mixin.py:109} INFO - [2022-02-21 00:59:40,152] {dagbag.py:500} INFO - Filling up the DagBag from /home/airflow/.local/lib/python3.7/site-packages/airflow/example_dags/tutorial_taskflow_api_etl.py
[2022-02-21 00:59:40,275] {processor.py:654} INFO - DAG(s) dict_keys(['tutorial_taskflow_api_etl']) retrieved from /home/airflow/.local/lib/python3.7/site-packages/airflow/example_dags/tutorial_taskflow_api_etl.py
[2022-02-21 00:59:41,261] {logging_mixin.py:109} INFO - [2022-02-21 00:59:41,260] {dag.py:2396} INFO - Sync 1 DAGs
[2022-02-21 00:59:41,306] {logging_mixin.py:109} INFO - [2022-02-21 00:59:41,305] {dag.py:2935} INFO - Setting next_dagrun for tutorial_taskflow_api_etl to None
[2022-02-21 00:59:41,355] {processor.py:171} INFO - Processing /home/airflow/.local/lib/python3.7/site-packages/airflow/example_dags/tutorial_taskflow_api_etl.py took 1.225 seconds
[2022-02-21 01:00:11,508] {processor.py:163} INFO - Started process (PID=495) to work on /home/airflow/.local/lib/python3.7/site-packages/airflow/example_dags/tutorial_taskflow_api_etl.py
[2022-02-21 01:00:11,510] {processor.py:642} INFO - Processing file /home/airflow/.local/lib/python3.7/site-packages/airflow/example_dags/tutorial_taskflow_api_etl.py for tasks to queue
[2022-02-21 01:00:11,511] {logging_mixin.py:109} INFO - [2022-02-21 01:00:11,511] {dagbag.py:500} INFO - Filling up the DagBag from /home/airflow/.local/lib/python3.7/site-packages/airflow/example_dags/tutorial_taskflow_api_etl.py
[2022-02-21 01:00:11,568] {processor.py:654} INFO - DAG(s) dict_keys(['tutorial_taskflow_api_etl']) retrieved from /home/airflow/.local/lib/python3.7/site-packages/airflow/example_dags/tutorial_taskflow_api_etl.py
[2022-02-21 01:00:12,027] {logging_mixin.py:109} INFO - [2022-02-21 01:00:12,027] {dag.py:2396} INFO - Sync 1 DAGs
[2022-02-21 01:00:12,048] {logging_mixin.py:109} INFO - [2022-02-21 01:00:12,048] {dag.py:2935} INFO - Setting next_dagrun for tutorial_taskflow_api_etl to None
[2022-02-21 01:00:12,064] {processor.py:171} INFO - Processing /home/airflow/.local/lib/python3.7/site-packages/airflow/example_dags/tutorial_taskflow_api_etl.py took 0.562 seconds
[2022-02-21 01:00:42,844] {processor.py:163} INFO - Started process (PID=546) to work on /home/airflow/.local/lib/python3.7/site-packages/airflow/example_dags/tutorial_taskflow_api_etl.py
[2022-02-21 01:00:42,846] {processor.py:642} INFO - Processing file /home/airflow/.local/lib/python3.7/site-packages/airflow/example_dags/tutorial_taskflow_api_etl.py for tasks to queue
[2022-02-21 01:00:42,846] {logging_mixin.py:109} INFO - [2022-02-21 01:00:42,846] {dagbag.py:500} INFO - Filling up the DagBag from /home/airflow/.local/lib/python3.7/site-packages/airflow/example_dags/tutorial_taskflow_api_etl.py
[2022-02-21 01:00:42,874] {processor.py:654} INFO - DAG(s) dict_keys(['tutorial_taskflow_api_etl']) retrieved from /home/airflow/.local/lib/python3.7/site-packages/airflow/example_dags/tutorial_taskflow_api_etl.py
[2022-02-21 01:00:43,126] {logging_mixin.py:109} INFO - [2022-02-21 01:00:43,126] {dag.py:2396} INFO - Sync 1 DAGs
[2022-02-21 01:00:43,144] {logging_mixin.py:109} INFO - [2022-02-21 01:00:43,144] {dag.py:2935} INFO - Setting next_dagrun for tutorial_taskflow_api_etl to None
[2022-02-21 01:00:43,159] {processor.py:171} INFO - Processing /home/airflow/.local/lib/python3.7/site-packages/airflow/example_dags/tutorial_taskflow_api_etl.py took 0.317 seconds
[2022-02-21 01:01:13,666] {processor.py:163} INFO - Started process (PID=596) to work on /home/airflow/.local/lib/python3.7/site-packages/airflow/example_dags/tutorial_taskflow_api_etl.py
[2022-02-21 01:01:13,667] {processor.py:642} INFO - Processing file /home/airflow/.local/lib/python3.7/site-packages/airflow/example_dags/tutorial_taskflow_api_etl.py for tasks to queue
[2022-02-21 01:01:13,668] {logging_mixin.py:109} INFO - [2022-02-21 01:01:13,668] {dagbag.py:500} INFO - Filling up the DagBag from /home/airflow/.local/lib/python3.7/site-packages/airflow/example_dags/tutorial_taskflow_api_etl.py
[2022-02-21 01:01:13,708] {processor.py:654} INFO - DAG(s) dict_keys(['tutorial_taskflow_api_etl']) retrieved from /home/airflow/.local/lib/python3.7/site-packages/airflow/example_dags/tutorial_taskflow_api_etl.py
[2022-02-21 01:01:14,072] {logging_mixin.py:109} INFO - [2022-02-21 01:01:14,072] {dag.py:2396} INFO - Sync 1 DAGs
[2022-02-21 01:01:14,092] {logging_mixin.py:109} INFO - [2022-02-21 01:01:14,092] {dag.py:2935} INFO - Setting next_dagrun for tutorial_taskflow_api_etl to None
[2022-02-21 01:01:14,108] {processor.py:171} INFO - Processing /home/airflow/.local/lib/python3.7/site-packages/airflow/example_dags/tutorial_taskflow_api_etl.py took 0.446 seconds
[2022-02-21 01:01:45,049] {processor.py:163} INFO - Started process (PID=659) to work on /home/airflow/.local/lib/python3.7/site-packages/airflow/example_dags/tutorial_taskflow_api_etl.py
[2022-02-21 01:01:45,050] {processor.py:642} INFO - Processing file /home/airflow/.local/lib/python3.7/site-packages/airflow/example_dags/tutorial_taskflow_api_etl.py for tasks to queue
[2022-02-21 01:01:45,051] {logging_mixin.py:109} INFO - [2022-02-21 01:01:45,051] {dagbag.py:500} INFO - Filling up the DagBag from /home/airflow/.local/lib/python3.7/site-packages/airflow/example_dags/tutorial_taskflow_api_etl.py
[2022-02-21 01:01:45,080] {processor.py:654} INFO - DAG(s) dict_keys(['tutorial_taskflow_api_etl']) retrieved from /home/airflow/.local/lib/python3.7/site-packages/airflow/example_dags/tutorial_taskflow_api_etl.py
[2022-02-21 01:01:45,365] {logging_mixin.py:109} INFO - [2022-02-21 01:01:45,365] {dag.py:2396} INFO - Sync 1 DAGs
[2022-02-21 01:01:45,380] {logging_mixin.py:109} INFO - [2022-02-21 01:01:45,380] {dag.py:2935} INFO - Setting next_dagrun for tutorial_taskflow_api_etl to None
[2022-02-21 01:01:45,398] {processor.py:171} INFO - Processing /home/airflow/.local/lib/python3.7/site-packages/airflow/example_dags/tutorial_taskflow_api_etl.py took 0.352 seconds
[2022-02-21 01:02:16,024] {processor.py:163} INFO - Started process (PID=709) to work on /home/airflow/.local/lib/python3.7/site-packages/airflow/example_dags/tutorial_taskflow_api_etl.py
[2022-02-21 01:02:16,026] {processor.py:642} INFO - Processing file /home/airflow/.local/lib/python3.7/site-packages/airflow/example_dags/tutorial_taskflow_api_etl.py for tasks to queue
[2022-02-21 01:02:16,027] {logging_mixin.py:109} INFO - [2022-02-21 01:02:16,027] {dagbag.py:500} INFO - Filling up the DagBag from /home/airflow/.local/lib/python3.7/site-packages/airflow/example_dags/tutorial_taskflow_api_etl.py
[2022-02-21 01:02:16,071] {processor.py:654} INFO - DAG(s) dict_keys(['tutorial_taskflow_api_etl']) retrieved from /home/airflow/.local/lib/python3.7/site-packages/airflow/example_dags/tutorial_taskflow_api_etl.py
[2022-02-21 01:02:16,458] {logging_mixin.py:109} INFO - [2022-02-21 01:02:16,458] {dag.py:2396} INFO - Sync 1 DAGs
[2022-02-21 01:02:16,476] {logging_mixin.py:109} INFO - [2022-02-21 01:02:16,476] {dag.py:2935} INFO - Setting next_dagrun for tutorial_taskflow_api_etl to None
[2022-02-21 01:02:16,491] {processor.py:171} INFO - Processing /home/airflow/.local/lib/python3.7/site-packages/airflow/example_dags/tutorial_taskflow_api_etl.py took 0.470 seconds
[2022-02-21 01:02:46,567] {processor.py:163} INFO - Started process (PID=767) to work on /home/airflow/.local/lib/python3.7/site-packages/airflow/example_dags/tutorial_taskflow_api_etl.py
[2022-02-21 01:02:46,568] {processor.py:642} INFO - Processing file /home/airflow/.local/lib/python3.7/site-packages/airflow/example_dags/tutorial_taskflow_api_etl.py for tasks to queue
[2022-02-21 01:02:46,569] {logging_mixin.py:109} INFO - [2022-02-21 01:02:46,569] {dagbag.py:500} INFO - Filling up the DagBag from /home/airflow/.local/lib/python3.7/site-packages/airflow/example_dags/tutorial_taskflow_api_etl.py
[2022-02-21 01:02:46,608] {processor.py:654} INFO - DAG(s) dict_keys(['tutorial_taskflow_api_etl']) retrieved from /home/airflow/.local/lib/python3.7/site-packages/airflow/example_dags/tutorial_taskflow_api_etl.py
[2022-02-21 01:02:46,940] {logging_mixin.py:109} INFO - [2022-02-21 01:02:46,940] {dag.py:2396} INFO - Sync 1 DAGs
[2022-02-21 01:02:46,960] {logging_mixin.py:109} INFO - [2022-02-21 01:02:46,960] {dag.py:2935} INFO - Setting next_dagrun for tutorial_taskflow_api_etl to None
[2022-02-21 01:02:46,973] {processor.py:171} INFO - Processing /home/airflow/.local/lib/python3.7/site-packages/airflow/example_dags/tutorial_taskflow_api_etl.py took 0.410 seconds
[2022-02-21 01:03:17,754] {processor.py:163} INFO - Started process (PID=821) to work on /home/airflow/.local/lib/python3.7/site-packages/airflow/example_dags/tutorial_taskflow_api_etl.py
[2022-02-21 01:03:17,759] {processor.py:642} INFO - Processing file /home/airflow/.local/lib/python3.7/site-packages/airflow/example_dags/tutorial_taskflow_api_etl.py for tasks to queue
[2022-02-21 01:03:17,760] {logging_mixin.py:109} INFO - [2022-02-21 01:03:17,760] {dagbag.py:500} INFO - Filling up the DagBag from /home/airflow/.local/lib/python3.7/site-packages/airflow/example_dags/tutorial_taskflow_api_etl.py
[2022-02-21 01:03:17,788] {processor.py:654} INFO - DAG(s) dict_keys(['tutorial_taskflow_api_etl']) retrieved from /home/airflow/.local/lib/python3.7/site-packages/airflow/example_dags/tutorial_taskflow_api_etl.py
[2022-02-21 01:03:18,013] {logging_mixin.py:109} INFO - [2022-02-21 01:03:18,013] {dag.py:2396} INFO - Sync 1 DAGs
[2022-02-21 01:03:18,025] {logging_mixin.py:109} INFO - [2022-02-21 01:03:18,025] {dag.py:2935} INFO - Setting next_dagrun for tutorial_taskflow_api_etl to None
[2022-02-21 01:03:18,038] {processor.py:171} INFO - Processing /home/airflow/.local/lib/python3.7/site-packages/airflow/example_dags/tutorial_taskflow_api_etl.py took 0.287 seconds
[2022-02-21 01:03:48,328] {processor.py:163} INFO - Started process (PID=872) to work on /home/airflow/.local/lib/python3.7/site-packages/airflow/example_dags/tutorial_taskflow_api_etl.py
[2022-02-21 01:03:48,330] {processor.py:642} INFO - Processing file /home/airflow/.local/lib/python3.7/site-packages/airflow/example_dags/tutorial_taskflow_api_etl.py for tasks to queue
[2022-02-21 01:03:48,331] {logging_mixin.py:109} INFO - [2022-02-21 01:03:48,331] {dagbag.py:500} INFO - Filling up the DagBag from /home/airflow/.local/lib/python3.7/site-packages/airflow/example_dags/tutorial_taskflow_api_etl.py
[2022-02-21 01:03:48,403] {processor.py:654} INFO - DAG(s) dict_keys(['tutorial_taskflow_api_etl']) retrieved from /home/airflow/.local/lib/python3.7/site-packages/airflow/example_dags/tutorial_taskflow_api_etl.py
[2022-02-21 01:03:49,123] {logging_mixin.py:109} INFO - [2022-02-21 01:03:49,122] {dag.py:2396} INFO - Sync 1 DAGs
[2022-02-21 01:03:49,159] {logging_mixin.py:109} INFO - [2022-02-21 01:03:49,158] {dag.py:2935} INFO - Setting next_dagrun for tutorial_taskflow_api_etl to None
[2022-02-21 01:03:49,182] {processor.py:171} INFO - Processing /home/airflow/.local/lib/python3.7/site-packages/airflow/example_dags/tutorial_taskflow_api_etl.py took 0.861 seconds
[2022-02-21 01:04:19,315] {processor.py:163} INFO - Started process (PID=932) to work on /home/airflow/.local/lib/python3.7/site-packages/airflow/example_dags/tutorial_taskflow_api_etl.py
[2022-02-21 01:04:19,317] {processor.py:642} INFO - Processing file /home/airflow/.local/lib/python3.7/site-packages/airflow/example_dags/tutorial_taskflow_api_etl.py for tasks to queue
[2022-02-21 01:04:19,320] {logging_mixin.py:109} INFO - [2022-02-21 01:04:19,319] {dagbag.py:500} INFO - Filling up the DagBag from /home/airflow/.local/lib/python3.7/site-packages/airflow/example_dags/tutorial_taskflow_api_etl.py
[2022-02-21 01:04:19,439] {processor.py:654} INFO - DAG(s) dict_keys(['tutorial_taskflow_api_etl']) retrieved from /home/airflow/.local/lib/python3.7/site-packages/airflow/example_dags/tutorial_taskflow_api_etl.py
[2022-02-21 01:04:21,517] {logging_mixin.py:109} INFO - [2022-02-21 01:04:21,517] {dag.py:2396} INFO - Sync 1 DAGs
[2022-02-21 01:04:21,617] {logging_mixin.py:109} INFO - [2022-02-21 01:04:21,616] {dag.py:2935} INFO - Setting next_dagrun for tutorial_taskflow_api_etl to None
[2022-02-21 01:04:21,682] {processor.py:171} INFO - Processing /home/airflow/.local/lib/python3.7/site-packages/airflow/example_dags/tutorial_taskflow_api_etl.py took 2.381 seconds
[2022-02-21 01:04:51,755] {processor.py:163} INFO - Started process (PID=983) to work on /home/airflow/.local/lib/python3.7/site-packages/airflow/example_dags/tutorial_taskflow_api_etl.py
[2022-02-21 01:04:51,757] {processor.py:642} INFO - Processing file /home/airflow/.local/lib/python3.7/site-packages/airflow/example_dags/tutorial_taskflow_api_etl.py for tasks to queue
[2022-02-21 01:04:51,758] {logging_mixin.py:109} INFO - [2022-02-21 01:04:51,758] {dagbag.py:500} INFO - Filling up the DagBag from /home/airflow/.local/lib/python3.7/site-packages/airflow/example_dags/tutorial_taskflow_api_etl.py
[2022-02-21 01:04:51,796] {processor.py:654} INFO - DAG(s) dict_keys(['tutorial_taskflow_api_etl']) retrieved from /home/airflow/.local/lib/python3.7/site-packages/airflow/example_dags/tutorial_taskflow_api_etl.py
[2022-02-21 01:04:52,171] {logging_mixin.py:109} INFO - [2022-02-21 01:04:52,171] {dag.py:2396} INFO - Sync 1 DAGs
[2022-02-21 01:04:52,191] {logging_mixin.py:109} INFO - [2022-02-21 01:04:52,190] {dag.py:2935} INFO - Setting next_dagrun for tutorial_taskflow_api_etl to None
[2022-02-21 01:04:52,210] {processor.py:171} INFO - Processing /home/airflow/.local/lib/python3.7/site-packages/airflow/example_dags/tutorial_taskflow_api_etl.py took 0.459 seconds
[2022-02-21 01:05:22,300] {processor.py:163} INFO - Started process (PID=1035) to work on /home/airflow/.local/lib/python3.7/site-packages/airflow/example_dags/tutorial_taskflow_api_etl.py
[2022-02-21 01:05:22,301] {processor.py:642} INFO - Processing file /home/airflow/.local/lib/python3.7/site-packages/airflow/example_dags/tutorial_taskflow_api_etl.py for tasks to queue
[2022-02-21 01:05:22,302] {logging_mixin.py:109} INFO - [2022-02-21 01:05:22,302] {dagbag.py:500} INFO - Filling up the DagBag from /home/airflow/.local/lib/python3.7/site-packages/airflow/example_dags/tutorial_taskflow_api_etl.py
[2022-02-21 01:05:22,344] {processor.py:654} INFO - DAG(s) dict_keys(['tutorial_taskflow_api_etl']) retrieved from /home/airflow/.local/lib/python3.7/site-packages/airflow/example_dags/tutorial_taskflow_api_etl.py
[2022-02-21 01:05:22,736] {logging_mixin.py:109} INFO - [2022-02-21 01:05:22,736] {dag.py:2396} INFO - Sync 1 DAGs
[2022-02-21 01:05:22,756] {logging_mixin.py:109} INFO - [2022-02-21 01:05:22,756] {dag.py:2935} INFO - Setting next_dagrun for tutorial_taskflow_api_etl to None
[2022-02-21 01:05:22,772] {processor.py:171} INFO - Processing /home/airflow/.local/lib/python3.7/site-packages/airflow/example_dags/tutorial_taskflow_api_etl.py took 0.476 seconds
[2022-02-21 01:05:53,359] {processor.py:163} INFO - Started process (PID=1085) to work on /home/airflow/.local/lib/python3.7/site-packages/airflow/example_dags/tutorial_taskflow_api_etl.py
[2022-02-21 01:05:53,361] {processor.py:642} INFO - Processing file /home/airflow/.local/lib/python3.7/site-packages/airflow/example_dags/tutorial_taskflow_api_etl.py for tasks to queue
[2022-02-21 01:05:53,362] {logging_mixin.py:109} INFO - [2022-02-21 01:05:53,362] {dagbag.py:500} INFO - Filling up the DagBag from /home/airflow/.local/lib/python3.7/site-packages/airflow/example_dags/tutorial_taskflow_api_etl.py
[2022-02-21 01:05:53,425] {processor.py:654} INFO - DAG(s) dict_keys(['tutorial_taskflow_api_etl']) retrieved from /home/airflow/.local/lib/python3.7/site-packages/airflow/example_dags/tutorial_taskflow_api_etl.py
[2022-02-21 01:05:54,420] {logging_mixin.py:109} INFO - [2022-02-21 01:05:54,419] {dag.py:2396} INFO - Sync 1 DAGs
[2022-02-21 01:05:54,462] {logging_mixin.py:109} INFO - [2022-02-21 01:05:54,462] {dag.py:2935} INFO - Setting next_dagrun for tutorial_taskflow_api_etl to None
[2022-02-21 01:05:54,496] {processor.py:171} INFO - Processing /home/airflow/.local/lib/python3.7/site-packages/airflow/example_dags/tutorial_taskflow_api_etl.py took 1.143 seconds
[2022-02-21 01:06:24,863] {processor.py:163} INFO - Started process (PID=1147) to work on /home/airflow/.local/lib/python3.7/site-packages/airflow/example_dags/tutorial_taskflow_api_etl.py
[2022-02-21 01:06:24,865] {processor.py:642} INFO - Processing file /home/airflow/.local/lib/python3.7/site-packages/airflow/example_dags/tutorial_taskflow_api_etl.py for tasks to queue
[2022-02-21 01:06:24,867] {logging_mixin.py:109} INFO - [2022-02-21 01:06:24,867] {dagbag.py:500} INFO - Filling up the DagBag from /home/airflow/.local/lib/python3.7/site-packages/airflow/example_dags/tutorial_taskflow_api_etl.py
[2022-02-21 01:06:24,930] {processor.py:654} INFO - DAG(s) dict_keys(['tutorial_taskflow_api_etl']) retrieved from /home/airflow/.local/lib/python3.7/site-packages/airflow/example_dags/tutorial_taskflow_api_etl.py
[2022-02-21 01:06:25,479] {logging_mixin.py:109} INFO - [2022-02-21 01:06:25,479] {dag.py:2396} INFO - Sync 1 DAGs
[2022-02-21 01:06:25,504] {logging_mixin.py:109} INFO - [2022-02-21 01:06:25,503] {dag.py:2935} INFO - Setting next_dagrun for tutorial_taskflow_api_etl to None
[2022-02-21 01:06:25,522] {processor.py:171} INFO - Processing /home/airflow/.local/lib/python3.7/site-packages/airflow/example_dags/tutorial_taskflow_api_etl.py took 0.666 seconds
[2022-02-21 01:06:55,647] {processor.py:163} INFO - Started process (PID=1199) to work on /home/airflow/.local/lib/python3.7/site-packages/airflow/example_dags/tutorial_taskflow_api_etl.py
[2022-02-21 01:06:55,649] {processor.py:642} INFO - Processing file /home/airflow/.local/lib/python3.7/site-packages/airflow/example_dags/tutorial_taskflow_api_etl.py for tasks to queue
[2022-02-21 01:06:55,650] {logging_mixin.py:109} INFO - [2022-02-21 01:06:55,649] {dagbag.py:500} INFO - Filling up the DagBag from /home/airflow/.local/lib/python3.7/site-packages/airflow/example_dags/tutorial_taskflow_api_etl.py
[2022-02-21 01:06:55,698] {processor.py:654} INFO - DAG(s) dict_keys(['tutorial_taskflow_api_etl']) retrieved from /home/airflow/.local/lib/python3.7/site-packages/airflow/example_dags/tutorial_taskflow_api_etl.py
[2022-02-21 01:06:56,088] {logging_mixin.py:109} INFO - [2022-02-21 01:06:56,088] {dag.py:2396} INFO - Sync 1 DAGs
[2022-02-21 01:06:56,116] {logging_mixin.py:109} INFO - [2022-02-21 01:06:56,116] {dag.py:2935} INFO - Setting next_dagrun for tutorial_taskflow_api_etl to None
[2022-02-21 01:06:56,142] {processor.py:171} INFO - Processing /home/airflow/.local/lib/python3.7/site-packages/airflow/example_dags/tutorial_taskflow_api_etl.py took 0.499 seconds
[2022-02-21 01:07:27,004] {processor.py:163} INFO - Started process (PID=1250) to work on /home/airflow/.local/lib/python3.7/site-packages/airflow/example_dags/tutorial_taskflow_api_etl.py
[2022-02-21 01:07:27,010] {processor.py:642} INFO - Processing file /home/airflow/.local/lib/python3.7/site-packages/airflow/example_dags/tutorial_taskflow_api_etl.py for tasks to queue
[2022-02-21 01:07:27,011] {logging_mixin.py:109} INFO - [2022-02-21 01:07:27,011] {dagbag.py:500} INFO - Filling up the DagBag from /home/airflow/.local/lib/python3.7/site-packages/airflow/example_dags/tutorial_taskflow_api_etl.py
[2022-02-21 01:07:27,067] {processor.py:654} INFO - DAG(s) dict_keys(['tutorial_taskflow_api_etl']) retrieved from /home/airflow/.local/lib/python3.7/site-packages/airflow/example_dags/tutorial_taskflow_api_etl.py
[2022-02-21 01:07:27,581] {logging_mixin.py:109} INFO - [2022-02-21 01:07:27,581] {dag.py:2396} INFO - Sync 1 DAGs
[2022-02-21 01:07:27,605] {logging_mixin.py:109} INFO - [2022-02-21 01:07:27,605] {dag.py:2935} INFO - Setting next_dagrun for tutorial_taskflow_api_etl to None
[2022-02-21 01:07:27,632] {processor.py:171} INFO - Processing /home/airflow/.local/lib/python3.7/site-packages/airflow/example_dags/tutorial_taskflow_api_etl.py took 0.633 seconds
[2022-02-21 01:07:57,807] {processor.py:163} INFO - Started process (PID=1301) to work on /home/airflow/.local/lib/python3.7/site-packages/airflow/example_dags/tutorial_taskflow_api_etl.py
[2022-02-21 01:07:57,808] {processor.py:642} INFO - Processing file /home/airflow/.local/lib/python3.7/site-packages/airflow/example_dags/tutorial_taskflow_api_etl.py for tasks to queue
[2022-02-21 01:07:57,808] {logging_mixin.py:109} INFO - [2022-02-21 01:07:57,808] {dagbag.py:500} INFO - Filling up the DagBag from /home/airflow/.local/lib/python3.7/site-packages/airflow/example_dags/tutorial_taskflow_api_etl.py
[2022-02-21 01:07:57,850] {processor.py:654} INFO - DAG(s) dict_keys(['tutorial_taskflow_api_etl']) retrieved from /home/airflow/.local/lib/python3.7/site-packages/airflow/example_dags/tutorial_taskflow_api_etl.py
[2022-02-21 01:07:57,863] {logging_mixin.py:109} INFO - [2022-02-21 01:07:57,863] {dag.py:2396} INFO - Sync 1 DAGs
[2022-02-21 01:07:57,883] {logging_mixin.py:109} INFO - [2022-02-21 01:07:57,883] {dag.py:2935} INFO - Setting next_dagrun for tutorial_taskflow_api_etl to None
[2022-02-21 01:07:57,897] {processor.py:171} INFO - Processing /home/airflow/.local/lib/python3.7/site-packages/airflow/example_dags/tutorial_taskflow_api_etl.py took 0.095 seconds
[2022-02-21 01:08:28,040] {processor.py:163} INFO - Started process (PID=1362) to work on /home/airflow/.local/lib/python3.7/site-packages/airflow/example_dags/tutorial_taskflow_api_etl.py
[2022-02-21 01:08:28,042] {processor.py:642} INFO - Processing file /home/airflow/.local/lib/python3.7/site-packages/airflow/example_dags/tutorial_taskflow_api_etl.py for tasks to queue
[2022-02-21 01:08:28,043] {logging_mixin.py:109} INFO - [2022-02-21 01:08:28,043] {dagbag.py:500} INFO - Filling up the DagBag from /home/airflow/.local/lib/python3.7/site-packages/airflow/example_dags/tutorial_taskflow_api_etl.py
[2022-02-21 01:08:28,089] {processor.py:654} INFO - DAG(s) dict_keys(['tutorial_taskflow_api_etl']) retrieved from /home/airflow/.local/lib/python3.7/site-packages/airflow/example_dags/tutorial_taskflow_api_etl.py
[2022-02-21 01:08:28,465] {logging_mixin.py:109} INFO - [2022-02-21 01:08:28,464] {dag.py:2396} INFO - Sync 1 DAGs
[2022-02-21 01:08:28,483] {logging_mixin.py:109} INFO - [2022-02-21 01:08:28,483] {dag.py:2935} INFO - Setting next_dagrun for tutorial_taskflow_api_etl to None
[2022-02-21 01:08:28,501] {processor.py:171} INFO - Processing /home/airflow/.local/lib/python3.7/site-packages/airflow/example_dags/tutorial_taskflow_api_etl.py took 0.466 seconds
[2022-02-21 01:08:58,805] {processor.py:163} INFO - Started process (PID=1412) to work on /home/airflow/.local/lib/python3.7/site-packages/airflow/example_dags/tutorial_taskflow_api_etl.py
[2022-02-21 01:08:58,806] {processor.py:642} INFO - Processing file /home/airflow/.local/lib/python3.7/site-packages/airflow/example_dags/tutorial_taskflow_api_etl.py for tasks to queue
[2022-02-21 01:08:58,806] {logging_mixin.py:109} INFO - [2022-02-21 01:08:58,806] {dagbag.py:500} INFO - Filling up the DagBag from /home/airflow/.local/lib/python3.7/site-packages/airflow/example_dags/tutorial_taskflow_api_etl.py
[2022-02-21 01:08:58,834] {processor.py:654} INFO - DAG(s) dict_keys(['tutorial_taskflow_api_etl']) retrieved from /home/airflow/.local/lib/python3.7/site-packages/airflow/example_dags/tutorial_taskflow_api_etl.py
[2022-02-21 01:08:59,087] {logging_mixin.py:109} INFO - [2022-02-21 01:08:59,087] {dag.py:2396} INFO - Sync 1 DAGs
[2022-02-21 01:08:59,102] {logging_mixin.py:109} INFO - [2022-02-21 01:08:59,102] {dag.py:2935} INFO - Setting next_dagrun for tutorial_taskflow_api_etl to None
[2022-02-21 01:08:59,114] {processor.py:171} INFO - Processing /home/airflow/.local/lib/python3.7/site-packages/airflow/example_dags/tutorial_taskflow_api_etl.py took 0.313 seconds
[2022-02-21 01:09:29,318] {processor.py:163} INFO - Started process (PID=1463) to work on /home/airflow/.local/lib/python3.7/site-packages/airflow/example_dags/tutorial_taskflow_api_etl.py
[2022-02-21 01:09:29,320] {processor.py:642} INFO - Processing file /home/airflow/.local/lib/python3.7/site-packages/airflow/example_dags/tutorial_taskflow_api_etl.py for tasks to queue
[2022-02-21 01:09:29,321] {logging_mixin.py:109} INFO - [2022-02-21 01:09:29,320] {dagbag.py:500} INFO - Filling up the DagBag from /home/airflow/.local/lib/python3.7/site-packages/airflow/example_dags/tutorial_taskflow_api_etl.py
[2022-02-21 01:09:29,362] {processor.py:654} INFO - DAG(s) dict_keys(['tutorial_taskflow_api_etl']) retrieved from /home/airflow/.local/lib/python3.7/site-packages/airflow/example_dags/tutorial_taskflow_api_etl.py
[2022-02-21 01:09:29,721] {logging_mixin.py:109} INFO - [2022-02-21 01:09:29,721] {dag.py:2396} INFO - Sync 1 DAGs
[2022-02-21 01:09:29,739] {logging_mixin.py:109} INFO - [2022-02-21 01:09:29,739] {dag.py:2935} INFO - Setting next_dagrun for tutorial_taskflow_api_etl to None
[2022-02-21 01:09:29,754] {processor.py:171} INFO - Processing /home/airflow/.local/lib/python3.7/site-packages/airflow/example_dags/tutorial_taskflow_api_etl.py took 0.440 seconds
[2022-02-21 01:10:00,041] {processor.py:163} INFO - Started process (PID=1514) to work on /home/airflow/.local/lib/python3.7/site-packages/airflow/example_dags/tutorial_taskflow_api_etl.py
[2022-02-21 01:10:00,043] {processor.py:642} INFO - Processing file /home/airflow/.local/lib/python3.7/site-packages/airflow/example_dags/tutorial_taskflow_api_etl.py for tasks to queue
[2022-02-21 01:10:00,044] {logging_mixin.py:109} INFO - [2022-02-21 01:10:00,044] {dagbag.py:500} INFO - Filling up the DagBag from /home/airflow/.local/lib/python3.7/site-packages/airflow/example_dags/tutorial_taskflow_api_etl.py
[2022-02-21 01:10:00,089] {processor.py:654} INFO - DAG(s) dict_keys(['tutorial_taskflow_api_etl']) retrieved from /home/airflow/.local/lib/python3.7/site-packages/airflow/example_dags/tutorial_taskflow_api_etl.py
[2022-02-21 01:10:00,603] {logging_mixin.py:109} INFO - [2022-02-21 01:10:00,602] {dag.py:2396} INFO - Sync 1 DAGs
[2022-02-21 01:10:00,717] {logging_mixin.py:109} INFO - [2022-02-21 01:10:00,717] {dag.py:2935} INFO - Setting next_dagrun for tutorial_taskflow_api_etl to None
[2022-02-21 01:10:00,764] {processor.py:171} INFO - Processing /home/airflow/.local/lib/python3.7/site-packages/airflow/example_dags/tutorial_taskflow_api_etl.py took 0.728 seconds
[2022-02-21 01:10:31,269] {processor.py:163} INFO - Started process (PID=1572) to work on /home/airflow/.local/lib/python3.7/site-packages/airflow/example_dags/tutorial_taskflow_api_etl.py
[2022-02-21 01:10:31,271] {processor.py:642} INFO - Processing file /home/airflow/.local/lib/python3.7/site-packages/airflow/example_dags/tutorial_taskflow_api_etl.py for tasks to queue
[2022-02-21 01:10:31,272] {logging_mixin.py:109} INFO - [2022-02-21 01:10:31,272] {dagbag.py:500} INFO - Filling up the DagBag from /home/airflow/.local/lib/python3.7/site-packages/airflow/example_dags/tutorial_taskflow_api_etl.py
[2022-02-21 01:10:31,343] {processor.py:654} INFO - DAG(s) dict_keys(['tutorial_taskflow_api_etl']) retrieved from /home/airflow/.local/lib/python3.7/site-packages/airflow/example_dags/tutorial_taskflow_api_etl.py
[2022-02-21 01:10:31,974] {logging_mixin.py:109} INFO - [2022-02-21 01:10:31,974] {dag.py:2396} INFO - Sync 1 DAGs
[2022-02-21 01:10:32,009] {logging_mixin.py:109} INFO - [2022-02-21 01:10:32,008] {dag.py:2935} INFO - Setting next_dagrun for tutorial_taskflow_api_etl to None
[2022-02-21 01:10:32,034] {processor.py:171} INFO - Processing /home/airflow/.local/lib/python3.7/site-packages/airflow/example_dags/tutorial_taskflow_api_etl.py took 0.769 seconds
[2022-02-21 01:11:02,256] {processor.py:163} INFO - Started process (PID=1624) to work on /home/airflow/.local/lib/python3.7/site-packages/airflow/example_dags/tutorial_taskflow_api_etl.py
[2022-02-21 01:11:02,258] {processor.py:642} INFO - Processing file /home/airflow/.local/lib/python3.7/site-packages/airflow/example_dags/tutorial_taskflow_api_etl.py for tasks to queue
[2022-02-21 01:11:02,259] {logging_mixin.py:109} INFO - [2022-02-21 01:11:02,259] {dagbag.py:500} INFO - Filling up the DagBag from /home/airflow/.local/lib/python3.7/site-packages/airflow/example_dags/tutorial_taskflow_api_etl.py
[2022-02-21 01:11:02,318] {processor.py:654} INFO - DAG(s) dict_keys(['tutorial_taskflow_api_etl']) retrieved from /home/airflow/.local/lib/python3.7/site-packages/airflow/example_dags/tutorial_taskflow_api_etl.py
[2022-02-21 01:11:02,840] {logging_mixin.py:109} INFO - [2022-02-21 01:11:02,840] {dag.py:2396} INFO - Sync 1 DAGs
[2022-02-21 01:11:02,872] {logging_mixin.py:109} INFO - [2022-02-21 01:11:02,872] {dag.py:2935} INFO - Setting next_dagrun for tutorial_taskflow_api_etl to None
[2022-02-21 01:11:02,894] {processor.py:171} INFO - Processing /home/airflow/.local/lib/python3.7/site-packages/airflow/example_dags/tutorial_taskflow_api_etl.py took 0.644 seconds
[2022-02-21 01:11:33,534] {processor.py:163} INFO - Started process (PID=1674) to work on /home/airflow/.local/lib/python3.7/site-packages/airflow/example_dags/tutorial_taskflow_api_etl.py
[2022-02-21 01:11:33,535] {processor.py:642} INFO - Processing file /home/airflow/.local/lib/python3.7/site-packages/airflow/example_dags/tutorial_taskflow_api_etl.py for tasks to queue
[2022-02-21 01:11:33,536] {logging_mixin.py:109} INFO - [2022-02-21 01:11:33,535] {dagbag.py:500} INFO - Filling up the DagBag from /home/airflow/.local/lib/python3.7/site-packages/airflow/example_dags/tutorial_taskflow_api_etl.py
[2022-02-21 01:11:33,564] {processor.py:654} INFO - DAG(s) dict_keys(['tutorial_taskflow_api_etl']) retrieved from /home/airflow/.local/lib/python3.7/site-packages/airflow/example_dags/tutorial_taskflow_api_etl.py
[2022-02-21 01:11:33,947] {logging_mixin.py:109} INFO - [2022-02-21 01:11:33,947] {dag.py:2396} INFO - Sync 1 DAGs
[2022-02-21 01:11:33,972] {logging_mixin.py:109} INFO - [2022-02-21 01:11:33,972] {dag.py:2935} INFO - Setting next_dagrun for tutorial_taskflow_api_etl to None
[2022-02-21 01:11:33,987] {processor.py:171} INFO - Processing /home/airflow/.local/lib/python3.7/site-packages/airflow/example_dags/tutorial_taskflow_api_etl.py took 0.456 seconds
[2022-02-21 01:12:04,186] {processor.py:163} INFO - Started process (PID=1725) to work on /home/airflow/.local/lib/python3.7/site-packages/airflow/example_dags/tutorial_taskflow_api_etl.py
[2022-02-21 01:12:04,187] {processor.py:642} INFO - Processing file /home/airflow/.local/lib/python3.7/site-packages/airflow/example_dags/tutorial_taskflow_api_etl.py for tasks to queue
[2022-02-21 01:12:04,188] {logging_mixin.py:109} INFO - [2022-02-21 01:12:04,187] {dagbag.py:500} INFO - Filling up the DagBag from /home/airflow/.local/lib/python3.7/site-packages/airflow/example_dags/tutorial_taskflow_api_etl.py
[2022-02-21 01:12:04,227] {processor.py:654} INFO - DAG(s) dict_keys(['tutorial_taskflow_api_etl']) retrieved from /home/airflow/.local/lib/python3.7/site-packages/airflow/example_dags/tutorial_taskflow_api_etl.py
[2022-02-21 01:12:04,558] {logging_mixin.py:109} INFO - [2022-02-21 01:12:04,558] {dag.py:2396} INFO - Sync 1 DAGs
[2022-02-21 01:12:04,577] {logging_mixin.py:109} INFO - [2022-02-21 01:12:04,577] {dag.py:2935} INFO - Setting next_dagrun for tutorial_taskflow_api_etl to None
[2022-02-21 01:12:04,605] {processor.py:171} INFO - Processing /home/airflow/.local/lib/python3.7/site-packages/airflow/example_dags/tutorial_taskflow_api_etl.py took 0.423 seconds
[2022-02-21 01:12:35,481] {processor.py:163} INFO - Started process (PID=1776) to work on /home/airflow/.local/lib/python3.7/site-packages/airflow/example_dags/tutorial_taskflow_api_etl.py
[2022-02-21 01:12:35,482] {processor.py:642} INFO - Processing file /home/airflow/.local/lib/python3.7/site-packages/airflow/example_dags/tutorial_taskflow_api_etl.py for tasks to queue
[2022-02-21 01:12:35,483] {logging_mixin.py:109} INFO - [2022-02-21 01:12:35,483] {dagbag.py:500} INFO - Filling up the DagBag from /home/airflow/.local/lib/python3.7/site-packages/airflow/example_dags/tutorial_taskflow_api_etl.py
[2022-02-21 01:12:35,632] {processor.py:654} INFO - DAG(s) dict_keys(['tutorial_taskflow_api_etl']) retrieved from /home/airflow/.local/lib/python3.7/site-packages/airflow/example_dags/tutorial_taskflow_api_etl.py
[2022-02-21 01:12:35,931] {logging_mixin.py:109} INFO - [2022-02-21 01:12:35,931] {dag.py:2396} INFO - Sync 1 DAGs
[2022-02-21 01:12:35,963] {logging_mixin.py:109} INFO - [2022-02-21 01:12:35,962] {dag.py:2935} INFO - Setting next_dagrun for tutorial_taskflow_api_etl to None
[2022-02-21 01:12:35,987] {processor.py:171} INFO - Processing /home/airflow/.local/lib/python3.7/site-packages/airflow/example_dags/tutorial_taskflow_api_etl.py took 0.512 seconds
[2022-02-21 01:13:06,190] {processor.py:163} INFO - Started process (PID=1838) to work on /home/airflow/.local/lib/python3.7/site-packages/airflow/example_dags/tutorial_taskflow_api_etl.py
[2022-02-21 01:13:06,192] {processor.py:642} INFO - Processing file /home/airflow/.local/lib/python3.7/site-packages/airflow/example_dags/tutorial_taskflow_api_etl.py for tasks to queue
[2022-02-21 01:13:06,193] {logging_mixin.py:109} INFO - [2022-02-21 01:13:06,192] {dagbag.py:500} INFO - Filling up the DagBag from /home/airflow/.local/lib/python3.7/site-packages/airflow/example_dags/tutorial_taskflow_api_etl.py
[2022-02-21 01:13:06,326] {processor.py:654} INFO - DAG(s) dict_keys(['tutorial_taskflow_api_etl']) retrieved from /home/airflow/.local/lib/python3.7/site-packages/airflow/example_dags/tutorial_taskflow_api_etl.py
[2022-02-21 01:13:06,604] {logging_mixin.py:109} INFO - [2022-02-21 01:13:06,604] {dag.py:2396} INFO - Sync 1 DAGs
[2022-02-21 01:13:06,625] {logging_mixin.py:109} INFO - [2022-02-21 01:13:06,625] {dag.py:2935} INFO - Setting next_dagrun for tutorial_taskflow_api_etl to None
[2022-02-21 01:13:06,645] {processor.py:171} INFO - Processing /home/airflow/.local/lib/python3.7/site-packages/airflow/example_dags/tutorial_taskflow_api_etl.py took 0.458 seconds
[2022-02-21 01:13:37,037] {processor.py:163} INFO - Started process (PID=1889) to work on /home/airflow/.local/lib/python3.7/site-packages/airflow/example_dags/tutorial_taskflow_api_etl.py
[2022-02-21 01:13:37,038] {processor.py:642} INFO - Processing file /home/airflow/.local/lib/python3.7/site-packages/airflow/example_dags/tutorial_taskflow_api_etl.py for tasks to queue
[2022-02-21 01:13:37,039] {logging_mixin.py:109} INFO - [2022-02-21 01:13:37,039] {dagbag.py:500} INFO - Filling up the DagBag from /home/airflow/.local/lib/python3.7/site-packages/airflow/example_dags/tutorial_taskflow_api_etl.py
[2022-02-21 01:13:37,151] {processor.py:654} INFO - DAG(s) dict_keys(['tutorial_taskflow_api_etl']) retrieved from /home/airflow/.local/lib/python3.7/site-packages/airflow/example_dags/tutorial_taskflow_api_etl.py
[2022-02-21 01:13:37,304] {logging_mixin.py:109} INFO - [2022-02-21 01:13:37,304] {dag.py:2396} INFO - Sync 1 DAGs
[2022-02-21 01:13:37,315] {logging_mixin.py:109} INFO - [2022-02-21 01:13:37,315] {dag.py:2935} INFO - Setting next_dagrun for tutorial_taskflow_api_etl to None
[2022-02-21 01:13:37,330] {processor.py:171} INFO - Processing /home/airflow/.local/lib/python3.7/site-packages/airflow/example_dags/tutorial_taskflow_api_etl.py took 0.297 seconds
[2022-02-21 01:14:07,586] {processor.py:163} INFO - Started process (PID=1939) to work on /home/airflow/.local/lib/python3.7/site-packages/airflow/example_dags/tutorial_taskflow_api_etl.py
[2022-02-21 01:14:07,588] {processor.py:642} INFO - Processing file /home/airflow/.local/lib/python3.7/site-packages/airflow/example_dags/tutorial_taskflow_api_etl.py for tasks to queue
[2022-02-21 01:14:07,589] {logging_mixin.py:109} INFO - [2022-02-21 01:14:07,589] {dagbag.py:500} INFO - Filling up the DagBag from /home/airflow/.local/lib/python3.7/site-packages/airflow/example_dags/tutorial_taskflow_api_etl.py
[2022-02-21 01:14:07,740] {processor.py:654} INFO - DAG(s) dict_keys(['tutorial_taskflow_api_etl']) retrieved from /home/airflow/.local/lib/python3.7/site-packages/airflow/example_dags/tutorial_taskflow_api_etl.py
[2022-02-21 01:14:08,062] {logging_mixin.py:109} INFO - [2022-02-21 01:14:08,062] {dag.py:2396} INFO - Sync 1 DAGs
[2022-02-21 01:14:08,100] {logging_mixin.py:109} INFO - [2022-02-21 01:14:08,099] {dag.py:2935} INFO - Setting next_dagrun for tutorial_taskflow_api_etl to None
[2022-02-21 01:14:08,129] {processor.py:171} INFO - Processing /home/airflow/.local/lib/python3.7/site-packages/airflow/example_dags/tutorial_taskflow_api_etl.py took 0.547 seconds
[2022-02-21 01:14:38,756] {processor.py:163} INFO - Started process (PID=1990) to work on /home/airflow/.local/lib/python3.7/site-packages/airflow/example_dags/tutorial_taskflow_api_etl.py
[2022-02-21 01:14:38,758] {processor.py:642} INFO - Processing file /home/airflow/.local/lib/python3.7/site-packages/airflow/example_dags/tutorial_taskflow_api_etl.py for tasks to queue
[2022-02-21 01:14:38,759] {logging_mixin.py:109} INFO - [2022-02-21 01:14:38,759] {dagbag.py:500} INFO - Filling up the DagBag from /home/airflow/.local/lib/python3.7/site-packages/airflow/example_dags/tutorial_taskflow_api_etl.py
[2022-02-21 01:14:38,935] {processor.py:654} INFO - DAG(s) dict_keys(['tutorial_taskflow_api_etl']) retrieved from /home/airflow/.local/lib/python3.7/site-packages/airflow/example_dags/tutorial_taskflow_api_etl.py
[2022-02-21 01:14:39,340] {logging_mixin.py:109} INFO - [2022-02-21 01:14:39,340] {dag.py:2396} INFO - Sync 1 DAGs
[2022-02-21 01:14:39,368] {logging_mixin.py:109} INFO - [2022-02-21 01:14:39,368] {dag.py:2935} INFO - Setting next_dagrun for tutorial_taskflow_api_etl to None
[2022-02-21 01:14:39,391] {processor.py:171} INFO - Processing /home/airflow/.local/lib/python3.7/site-packages/airflow/example_dags/tutorial_taskflow_api_etl.py took 0.640 seconds
[2022-02-21 01:15:10,184] {processor.py:163} INFO - Started process (PID=2050) to work on /home/airflow/.local/lib/python3.7/site-packages/airflow/example_dags/tutorial_taskflow_api_etl.py
[2022-02-21 01:15:10,187] {processor.py:642} INFO - Processing file /home/airflow/.local/lib/python3.7/site-packages/airflow/example_dags/tutorial_taskflow_api_etl.py for tasks to queue
[2022-02-21 01:15:10,188] {logging_mixin.py:109} INFO - [2022-02-21 01:15:10,187] {dagbag.py:500} INFO - Filling up the DagBag from /home/airflow/.local/lib/python3.7/site-packages/airflow/example_dags/tutorial_taskflow_api_etl.py
[2022-02-21 01:15:10,240] {processor.py:654} INFO - DAG(s) dict_keys(['tutorial_taskflow_api_etl']) retrieved from /home/airflow/.local/lib/python3.7/site-packages/airflow/example_dags/tutorial_taskflow_api_etl.py
[2022-02-21 01:15:10,618] {logging_mixin.py:109} INFO - [2022-02-21 01:15:10,618] {dag.py:2396} INFO - Sync 1 DAGs
[2022-02-21 01:15:10,645] {logging_mixin.py:109} INFO - [2022-02-21 01:15:10,645] {dag.py:2935} INFO - Setting next_dagrun for tutorial_taskflow_api_etl to None
[2022-02-21 01:15:10,664] {processor.py:171} INFO - Processing /home/airflow/.local/lib/python3.7/site-packages/airflow/example_dags/tutorial_taskflow_api_etl.py took 0.485 seconds
[2022-02-21 01:15:41,591] {processor.py:163} INFO - Started process (PID=2099) to work on /home/airflow/.local/lib/python3.7/site-packages/airflow/example_dags/tutorial_taskflow_api_etl.py
[2022-02-21 01:15:41,593] {processor.py:642} INFO - Processing file /home/airflow/.local/lib/python3.7/site-packages/airflow/example_dags/tutorial_taskflow_api_etl.py for tasks to queue
[2022-02-21 01:15:41,595] {logging_mixin.py:109} INFO - [2022-02-21 01:15:41,595] {dagbag.py:500} INFO - Filling up the DagBag from /home/airflow/.local/lib/python3.7/site-packages/airflow/example_dags/tutorial_taskflow_api_etl.py
[2022-02-21 01:15:41,692] {processor.py:654} INFO - DAG(s) dict_keys(['tutorial_taskflow_api_etl']) retrieved from /home/airflow/.local/lib/python3.7/site-packages/airflow/example_dags/tutorial_taskflow_api_etl.py
[2022-02-21 01:15:42,794] {logging_mixin.py:109} INFO - [2022-02-21 01:15:42,793] {dag.py:2396} INFO - Sync 1 DAGs
[2022-02-21 01:15:42,900] {logging_mixin.py:109} INFO - [2022-02-21 01:15:42,899] {dag.py:2935} INFO - Setting next_dagrun for tutorial_taskflow_api_etl to None
[2022-02-21 01:15:42,954] {processor.py:171} INFO - Processing /home/airflow/.local/lib/python3.7/site-packages/airflow/example_dags/tutorial_taskflow_api_etl.py took 1.372 seconds
[2022-02-21 01:16:13,083] {processor.py:163} INFO - Started process (PID=2143) to work on /home/airflow/.local/lib/python3.7/site-packages/airflow/example_dags/tutorial_taskflow_api_etl.py
[2022-02-21 01:16:13,089] {processor.py:642} INFO - Processing file /home/airflow/.local/lib/python3.7/site-packages/airflow/example_dags/tutorial_taskflow_api_etl.py for tasks to queue
[2022-02-21 01:16:13,091] {logging_mixin.py:109} INFO - [2022-02-21 01:16:13,091] {dagbag.py:500} INFO - Filling up the DagBag from /home/airflow/.local/lib/python3.7/site-packages/airflow/example_dags/tutorial_taskflow_api_etl.py
[2022-02-21 01:16:13,156] {processor.py:654} INFO - DAG(s) dict_keys(['tutorial_taskflow_api_etl']) retrieved from /home/airflow/.local/lib/python3.7/site-packages/airflow/example_dags/tutorial_taskflow_api_etl.py
[2022-02-21 01:16:13,874] {logging_mixin.py:109} INFO - [2022-02-21 01:16:13,873] {dag.py:2396} INFO - Sync 1 DAGs
[2022-02-21 01:16:13,940] {logging_mixin.py:109} INFO - [2022-02-21 01:16:13,939] {dag.py:2935} INFO - Setting next_dagrun for tutorial_taskflow_api_etl to None
[2022-02-21 01:16:14,030] {processor.py:171} INFO - Processing /home/airflow/.local/lib/python3.7/site-packages/airflow/example_dags/tutorial_taskflow_api_etl.py took 0.954 seconds
[2022-02-21 01:16:44,707] {processor.py:163} INFO - Started process (PID=2195) to work on /home/airflow/.local/lib/python3.7/site-packages/airflow/example_dags/tutorial_taskflow_api_etl.py
[2022-02-21 01:16:44,708] {processor.py:642} INFO - Processing file /home/airflow/.local/lib/python3.7/site-packages/airflow/example_dags/tutorial_taskflow_api_etl.py for tasks to queue
[2022-02-21 01:16:44,709] {logging_mixin.py:109} INFO - [2022-02-21 01:16:44,709] {dagbag.py:500} INFO - Filling up the DagBag from /home/airflow/.local/lib/python3.7/site-packages/airflow/example_dags/tutorial_taskflow_api_etl.py
[2022-02-21 01:16:44,749] {processor.py:654} INFO - DAG(s) dict_keys(['tutorial_taskflow_api_etl']) retrieved from /home/airflow/.local/lib/python3.7/site-packages/airflow/example_dags/tutorial_taskflow_api_etl.py
[2022-02-21 01:16:44,974] {logging_mixin.py:109} INFO - [2022-02-21 01:16:44,974] {dag.py:2396} INFO - Sync 1 DAGs
[2022-02-21 01:16:44,993] {logging_mixin.py:109} INFO - [2022-02-21 01:16:44,993] {dag.py:2935} INFO - Setting next_dagrun for tutorial_taskflow_api_etl to None
[2022-02-21 01:16:45,010] {processor.py:171} INFO - Processing /home/airflow/.local/lib/python3.7/site-packages/airflow/example_dags/tutorial_taskflow_api_etl.py took 0.306 seconds
[2022-02-21 01:17:15,060] {processor.py:163} INFO - Started process (PID=2246) to work on /home/airflow/.local/lib/python3.7/site-packages/airflow/example_dags/tutorial_taskflow_api_etl.py
[2022-02-21 01:17:15,062] {processor.py:642} INFO - Processing file /home/airflow/.local/lib/python3.7/site-packages/airflow/example_dags/tutorial_taskflow_api_etl.py for tasks to queue
[2022-02-21 01:17:15,063] {logging_mixin.py:109} INFO - [2022-02-21 01:17:15,063] {dagbag.py:500} INFO - Filling up the DagBag from /home/airflow/.local/lib/python3.7/site-packages/airflow/example_dags/tutorial_taskflow_api_etl.py
[2022-02-21 01:17:15,105] {processor.py:654} INFO - DAG(s) dict_keys(['tutorial_taskflow_api_etl']) retrieved from /home/airflow/.local/lib/python3.7/site-packages/airflow/example_dags/tutorial_taskflow_api_etl.py
[2022-02-21 01:17:15,385] {logging_mixin.py:109} INFO - [2022-02-21 01:17:15,385] {dag.py:2396} INFO - Sync 1 DAGs
[2022-02-21 01:17:15,407] {logging_mixin.py:109} INFO - [2022-02-21 01:17:15,407] {dag.py:2935} INFO - Setting next_dagrun for tutorial_taskflow_api_etl to None
[2022-02-21 01:17:15,423] {processor.py:171} INFO - Processing /home/airflow/.local/lib/python3.7/site-packages/airflow/example_dags/tutorial_taskflow_api_etl.py took 0.367 seconds
[2022-02-21 01:17:45,570] {processor.py:163} INFO - Started process (PID=2305) to work on /home/airflow/.local/lib/python3.7/site-packages/airflow/example_dags/tutorial_taskflow_api_etl.py
[2022-02-21 01:17:45,571] {processor.py:642} INFO - Processing file /home/airflow/.local/lib/python3.7/site-packages/airflow/example_dags/tutorial_taskflow_api_etl.py for tasks to queue
[2022-02-21 01:17:45,572] {logging_mixin.py:109} INFO - [2022-02-21 01:17:45,572] {dagbag.py:500} INFO - Filling up the DagBag from /home/airflow/.local/lib/python3.7/site-packages/airflow/example_dags/tutorial_taskflow_api_etl.py
[2022-02-21 01:17:45,611] {processor.py:654} INFO - DAG(s) dict_keys(['tutorial_taskflow_api_etl']) retrieved from /home/airflow/.local/lib/python3.7/site-packages/airflow/example_dags/tutorial_taskflow_api_etl.py
[2022-02-21 01:17:45,899] {logging_mixin.py:109} INFO - [2022-02-21 01:17:45,898] {dag.py:2396} INFO - Sync 1 DAGs
[2022-02-21 01:17:45,925] {logging_mixin.py:109} INFO - [2022-02-21 01:17:45,925] {dag.py:2935} INFO - Setting next_dagrun for tutorial_taskflow_api_etl to None
[2022-02-21 01:17:45,940] {processor.py:171} INFO - Processing /home/airflow/.local/lib/python3.7/site-packages/airflow/example_dags/tutorial_taskflow_api_etl.py took 0.375 seconds
[2022-02-21 01:18:16,058] {processor.py:163} INFO - Started process (PID=2355) to work on /home/airflow/.local/lib/python3.7/site-packages/airflow/example_dags/tutorial_taskflow_api_etl.py
[2022-02-21 01:18:16,059] {processor.py:642} INFO - Processing file /home/airflow/.local/lib/python3.7/site-packages/airflow/example_dags/tutorial_taskflow_api_etl.py for tasks to queue
[2022-02-21 01:18:16,059] {logging_mixin.py:109} INFO - [2022-02-21 01:18:16,059] {dagbag.py:500} INFO - Filling up the DagBag from /home/airflow/.local/lib/python3.7/site-packages/airflow/example_dags/tutorial_taskflow_api_etl.py
[2022-02-21 01:18:16,088] {processor.py:654} INFO - DAG(s) dict_keys(['tutorial_taskflow_api_etl']) retrieved from /home/airflow/.local/lib/python3.7/site-packages/airflow/example_dags/tutorial_taskflow_api_etl.py
[2022-02-21 01:18:16,291] {logging_mixin.py:109} INFO - [2022-02-21 01:18:16,291] {dag.py:2396} INFO - Sync 1 DAGs
[2022-02-21 01:18:16,306] {logging_mixin.py:109} INFO - [2022-02-21 01:18:16,306] {dag.py:2935} INFO - Setting next_dagrun for tutorial_taskflow_api_etl to None
[2022-02-21 01:18:16,323] {processor.py:171} INFO - Processing /home/airflow/.local/lib/python3.7/site-packages/airflow/example_dags/tutorial_taskflow_api_etl.py took 0.268 seconds
[2022-02-21 01:18:46,442] {processor.py:163} INFO - Started process (PID=2406) to work on /home/airflow/.local/lib/python3.7/site-packages/airflow/example_dags/tutorial_taskflow_api_etl.py
[2022-02-21 01:18:46,444] {processor.py:642} INFO - Processing file /home/airflow/.local/lib/python3.7/site-packages/airflow/example_dags/tutorial_taskflow_api_etl.py for tasks to queue
[2022-02-21 01:18:46,445] {logging_mixin.py:109} INFO - [2022-02-21 01:18:46,445] {dagbag.py:500} INFO - Filling up the DagBag from /home/airflow/.local/lib/python3.7/site-packages/airflow/example_dags/tutorial_taskflow_api_etl.py
[2022-02-21 01:18:46,483] {processor.py:654} INFO - DAG(s) dict_keys(['tutorial_taskflow_api_etl']) retrieved from /home/airflow/.local/lib/python3.7/site-packages/airflow/example_dags/tutorial_taskflow_api_etl.py
[2022-02-21 01:18:46,757] {logging_mixin.py:109} INFO - [2022-02-21 01:18:46,757] {dag.py:2396} INFO - Sync 1 DAGs
[2022-02-21 01:18:46,777] {logging_mixin.py:109} INFO - [2022-02-21 01:18:46,777] {dag.py:2935} INFO - Setting next_dagrun for tutorial_taskflow_api_etl to None
[2022-02-21 01:18:46,799] {processor.py:171} INFO - Processing /home/airflow/.local/lib/python3.7/site-packages/airflow/example_dags/tutorial_taskflow_api_etl.py took 0.361 seconds
[2022-02-21 01:19:17,219] {processor.py:163} INFO - Started process (PID=2466) to work on /home/airflow/.local/lib/python3.7/site-packages/airflow/example_dags/tutorial_taskflow_api_etl.py
[2022-02-21 01:19:17,221] {processor.py:642} INFO - Processing file /home/airflow/.local/lib/python3.7/site-packages/airflow/example_dags/tutorial_taskflow_api_etl.py for tasks to queue
[2022-02-21 01:19:17,221] {logging_mixin.py:109} INFO - [2022-02-21 01:19:17,221] {dagbag.py:500} INFO - Filling up the DagBag from /home/airflow/.local/lib/python3.7/site-packages/airflow/example_dags/tutorial_taskflow_api_etl.py
[2022-02-21 01:19:17,265] {processor.py:654} INFO - DAG(s) dict_keys(['tutorial_taskflow_api_etl']) retrieved from /home/airflow/.local/lib/python3.7/site-packages/airflow/example_dags/tutorial_taskflow_api_etl.py
[2022-02-21 01:19:17,276] {logging_mixin.py:109} INFO - [2022-02-21 01:19:17,276] {dag.py:2396} INFO - Sync 1 DAGs
[2022-02-21 01:19:17,298] {logging_mixin.py:109} INFO - [2022-02-21 01:19:17,298] {dag.py:2935} INFO - Setting next_dagrun for tutorial_taskflow_api_etl to None
[2022-02-21 01:19:17,311] {processor.py:171} INFO - Processing /home/airflow/.local/lib/python3.7/site-packages/airflow/example_dags/tutorial_taskflow_api_etl.py took 0.096 seconds
[2022-02-21 01:19:47,440] {processor.py:163} INFO - Started process (PID=2515) to work on /home/airflow/.local/lib/python3.7/site-packages/airflow/example_dags/tutorial_taskflow_api_etl.py
[2022-02-21 01:19:47,443] {processor.py:642} INFO - Processing file /home/airflow/.local/lib/python3.7/site-packages/airflow/example_dags/tutorial_taskflow_api_etl.py for tasks to queue
[2022-02-21 01:19:47,444] {logging_mixin.py:109} INFO - [2022-02-21 01:19:47,444] {dagbag.py:500} INFO - Filling up the DagBag from /home/airflow/.local/lib/python3.7/site-packages/airflow/example_dags/tutorial_taskflow_api_etl.py
[2022-02-21 01:19:47,469] {processor.py:654} INFO - DAG(s) dict_keys(['tutorial_taskflow_api_etl']) retrieved from /home/airflow/.local/lib/python3.7/site-packages/airflow/example_dags/tutorial_taskflow_api_etl.py
[2022-02-21 01:19:47,635] {logging_mixin.py:109} INFO - [2022-02-21 01:19:47,635] {dag.py:2396} INFO - Sync 1 DAGs
[2022-02-21 01:19:47,647] {logging_mixin.py:109} INFO - [2022-02-21 01:19:47,646] {dag.py:2935} INFO - Setting next_dagrun for tutorial_taskflow_api_etl to None
[2022-02-21 01:19:47,661] {processor.py:171} INFO - Processing /home/airflow/.local/lib/python3.7/site-packages/airflow/example_dags/tutorial_taskflow_api_etl.py took 0.225 seconds
[2022-02-21 01:20:17,835] {processor.py:163} INFO - Started process (PID=2565) to work on /home/airflow/.local/lib/python3.7/site-packages/airflow/example_dags/tutorial_taskflow_api_etl.py
[2022-02-21 01:20:17,840] {processor.py:642} INFO - Processing file /home/airflow/.local/lib/python3.7/site-packages/airflow/example_dags/tutorial_taskflow_api_etl.py for tasks to queue
[2022-02-21 01:20:17,843] {logging_mixin.py:109} INFO - [2022-02-21 01:20:17,842] {dagbag.py:500} INFO - Filling up the DagBag from /home/airflow/.local/lib/python3.7/site-packages/airflow/example_dags/tutorial_taskflow_api_etl.py
[2022-02-21 01:20:17,954] {processor.py:654} INFO - DAG(s) dict_keys(['tutorial_taskflow_api_etl']) retrieved from /home/airflow/.local/lib/python3.7/site-packages/airflow/example_dags/tutorial_taskflow_api_etl.py
[2022-02-21 01:20:18,566] {logging_mixin.py:109} INFO - [2022-02-21 01:20:18,565] {dag.py:2396} INFO - Sync 1 DAGs
[2022-02-21 01:20:18,608] {logging_mixin.py:109} INFO - [2022-02-21 01:20:18,608] {dag.py:2935} INFO - Setting next_dagrun for tutorial_taskflow_api_etl to None
[2022-02-21 01:20:18,639] {processor.py:171} INFO - Processing /home/airflow/.local/lib/python3.7/site-packages/airflow/example_dags/tutorial_taskflow_api_etl.py took 0.818 seconds
[2022-02-21 01:20:49,128] {processor.py:163} INFO - Started process (PID=2616) to work on /home/airflow/.local/lib/python3.7/site-packages/airflow/example_dags/tutorial_taskflow_api_etl.py
[2022-02-21 01:20:49,133] {processor.py:642} INFO - Processing file /home/airflow/.local/lib/python3.7/site-packages/airflow/example_dags/tutorial_taskflow_api_etl.py for tasks to queue
[2022-02-21 01:20:49,133] {logging_mixin.py:109} INFO - [2022-02-21 01:20:49,133] {dagbag.py:500} INFO - Filling up the DagBag from /home/airflow/.local/lib/python3.7/site-packages/airflow/example_dags/tutorial_taskflow_api_etl.py
[2022-02-21 01:20:49,166] {processor.py:654} INFO - DAG(s) dict_keys(['tutorial_taskflow_api_etl']) retrieved from /home/airflow/.local/lib/python3.7/site-packages/airflow/example_dags/tutorial_taskflow_api_etl.py
[2022-02-21 01:20:49,397] {logging_mixin.py:109} INFO - [2022-02-21 01:20:49,397] {dag.py:2396} INFO - Sync 1 DAGs
[2022-02-21 01:20:49,414] {logging_mixin.py:109} INFO - [2022-02-21 01:20:49,413] {dag.py:2935} INFO - Setting next_dagrun for tutorial_taskflow_api_etl to None
[2022-02-21 01:20:49,427] {processor.py:171} INFO - Processing /home/airflow/.local/lib/python3.7/site-packages/airflow/example_dags/tutorial_taskflow_api_etl.py took 0.302 seconds
[2022-02-21 01:21:19,614] {processor.py:163} INFO - Started process (PID=2666) to work on /home/airflow/.local/lib/python3.7/site-packages/airflow/example_dags/tutorial_taskflow_api_etl.py
[2022-02-21 01:21:19,616] {processor.py:642} INFO - Processing file /home/airflow/.local/lib/python3.7/site-packages/airflow/example_dags/tutorial_taskflow_api_etl.py for tasks to queue
[2022-02-21 01:21:19,616] {logging_mixin.py:109} INFO - [2022-02-21 01:21:19,616] {dagbag.py:500} INFO - Filling up the DagBag from /home/airflow/.local/lib/python3.7/site-packages/airflow/example_dags/tutorial_taskflow_api_etl.py
[2022-02-21 01:21:19,650] {processor.py:654} INFO - DAG(s) dict_keys(['tutorial_taskflow_api_etl']) retrieved from /home/airflow/.local/lib/python3.7/site-packages/airflow/example_dags/tutorial_taskflow_api_etl.py
[2022-02-21 01:21:19,926] {logging_mixin.py:109} INFO - [2022-02-21 01:21:19,926] {dag.py:2396} INFO - Sync 1 DAGs
[2022-02-21 01:21:19,949] {logging_mixin.py:109} INFO - [2022-02-21 01:21:19,948] {dag.py:2935} INFO - Setting next_dagrun for tutorial_taskflow_api_etl to None
[2022-02-21 01:21:19,965] {processor.py:171} INFO - Processing /home/airflow/.local/lib/python3.7/site-packages/airflow/example_dags/tutorial_taskflow_api_etl.py took 0.356 seconds
